<?xml version="1.0" encoding="UTF-8"?>
<!-- Generated by org.testng.reporters.JUnitXMLReporter -->
<testsuite ignored="0" hostname="HUSEYINTURKSOY" failures="0" tests="10" name="Surefire test" time="468.739" errors="0" timestamp="2025-09-29T23:37:23 TRT">
  <testcase classname="com.broadridge.Tests" name="FormTester" time="46.307"/>
  <testcase classname="com.broadridge.Tests" name="FormTester" time="38.499"/>
  <testcase classname="com.broadridge.Tests" name="FormTester" time="35.835"/>
  <testcase classname="com.broadridge.Tests" name="FormTester" time="51.281"/>
  <testcase classname="com.broadridge.Tests" name="FormTester" time="50.068"/>
  <testcase classname="com.broadridge.Tests" name="FormTester" time="47.901"/>
  <testcase classname="com.broadridge.Tests" name="FormTester" time="47.826"/>
  <testcase classname="com.broadridge.Tests" name="FormTester" time="48.887"/>
  <testcase classname="com.broadridge.Tests" name="FormTester" time="55.94"/>
  <testcase classname="com.broadridge.Tests" name="FormTester" time="45.27"/>
</testsuite> <!-- Surefire test -->
