<?xml version="1.0" encoding="UTF-8"?>
<testsuite xmlns:xsi="http://www.w3.org/2001/XMLSchema-instance" xsi:noNamespaceSchemaLocation="https://maven.apache.org/surefire/maven-surefire-plugin/xsd/surefire-test-report-3.0.xsd" version="3.0" name="TestSuite" time="207.627" tests="1" errors="0" skipped="0" failures="0">
  <properties>
[...]
</properties>
  <testcase name="formTest" classname="com.broadridge.Tests" time="207.037">
    <system-out><![CDATA[-------------------------------TEST STARTED--------------------------------
2025-12-15T05:49:31.755978717Z main ERROR Log4j API could not find a logging provider.
lastRow = 9
header ContactUs button found = true
emailTimeStamp = automated_TESTTEST_2025-12-15_05_49_53@broadridge.com
📤 Form payload = {"formSubmissionId":"","elqFormName":"","elqSiteID":"","datalayerheader":"","contact":"","formgtm":"","elqCustomerGUID":"","elqCookieWrite":"","segment":"capital-markets","name_first":"First_1_TESTTEST","name_last":"Last_1_TESTTEST","email_work":"automated_TESTTEST_2025-12-15_05_49_53@broadridge.com","phone_business":"999-999-9999","job_title":"Job_1_TESTTEST","Company":"Company_1_TESTTEST","country":"United States","comment":"This is an automated test submission. Please ignore.","id":"","so":"","di":"","ct":"","ep":"","ot":"","mt":"","yr":"","rg":"","on":"","sub-source":"","campaignMostRecentID":"","content-id":"","orig-channel":"","campaign-name":"","campaignMostRecentName":"","campaignMostRecentSource":"","campaignMostRecentMedium":"","campaignMostRecentContent":"","campaignMostRecentTerm":"","campaignMostRecentContentID":"","campaignMostRecentSubSource":"","Persistent_utm_medium":"","Persistent_utm_source":"","Persistent_utm_term":"","Persistent_utm_campaign":"","Persistent_Sub_Source":"","Persistent_Content_ID":"","Persistent_Campaign_ID":"","Persistent_utm_content":"","Session_utm_medium":"","Session_utm_source":"","Session_utm_term":"","Session_utm_campaign":"","Session_Sub_Source":"","Session_Content_ID":"","Session_Campaign_ID":"701RN00000RbnVLYAZ","Session_utm_content":"","inquiry":"","fullURL":"https://www-dev.broadridge.com/white-paper/the-service-value-chain-how-data-management-powers-performance","page_id":"14926","page_campaign_id":"0","ecid":"","elqCampaignId":"","Formmodel":"flyout","Pagetype":"","g-recaptcha-response":"0cAFcWeA5GxOXNRSorgSESrJA24W1laSTrVtxQUTTTcCtA5UnscHx-vsgdqHll80x7iklYLGa_ofuwhlxUZvyUMzKzeI1UdSqc5qHl_KvqPcVnEbTU8EDq5RNcuMaq9ZL84D76hZXdiBEzBhQQF9n6zcY_xHS-OsidffMRd4HZXFsuNbNMMmYDuIzC3UUZzgxfNUj1iUApsXWgcK6jgYWTOiaPqXSiwfetV9KpoOx8OFxMvCcomHrJUSVHWbaIcToxI8XdAnn_SW-BtWOWHPQHJnBiGzy0kqT6AvS0ODcsnQkxmv108l0kk_GN9pgft5BTO7sYTnbEgO_tQq0wKpMBg05jfuZjO7YcoSyYEI8WiJyXpN5AcGTo8HOyYklZ1I669p_Qsn2P78NnGo-w5RmjDS2dxz_t5MDgty7PIt5MdZN-ycXemr4TQ7EDIOfnZegjPal9xFfJsmnguRD49vaw-R0wujirGezLDshRzAE3OlXgeiwnYsVAenDrbeRVqBwLjrJvMIyb-Y0-LGpT6InLpQH8FDY-UHBYPvseG1FDToK3GvsmkvkLxgZWY3gn4gDvawEi9IX_ZpU8U1kb1zlnoduseUPEHsfxFbuOE5f9GO78U0g7ocIzHhx5xsjXNozGYOQSpRzqZKX75S3W9nBrVEMBKdbUPges6uXxTAVT7c1v9lMjUmUeBFu178e4-rfIWBu2aw8byDofW19iRVqNsMum-9OkaR3AuBS4nTtBTUwNr_V58b28MZYSo7PNCl56XeJAlnRtDC58lMN6OWda6Dq7wpt8ONBxLmsNqWGX3Cj2BgeDv5l8TsUgORqsFoLTCxWJo7OYt7HvIUa53Vudk5Ii_1FsY-YdQq1cMJSZu8ppdLuqnPFBQD6gFS5lD7vwJSz1e86gTSPMF9ZVnvw054iPAHf3HDjLkgom07dWa-1_ziswZzkjb4UpD_ar07_u-sCJzb6XN_LMOQ5N-2VdnSTXA2weKhlmtGXew3vOjegcejGAaIZYMJ6ZK76gxo6sC1EwtSs4EaOCDg4DQXTq3fh6HopN1LoEzFjrJJZ8zsL8_0J_eIs0DTXUWavRwZeeYHozEq7-uWhc2QJYTP2yl_OJSqb7BbuKXGCM2zSrDLFK71zRm3yeHuoxusItCVoIdhRlgHoR4AZwqG8d5B1X6-6HJfmbYSE3iT-SnBwmghSw1_cOykdeTPZVoF4JAC8Z6P1Nrnyd9un_gC1on5-nhBRT-9a9o-bGrKtgqD68RaKQwLI8rNJGWIfIqoo_b8rfo9Bfrf0JQ73UuF5sAcQuPlUQVlF-_evvwPJoMe0KisPgPWyNKQ_oMqOJVpEfVA0GfOiCCNgXlKrE60rFtq95iI7cC64MI3SaPqGjFaUdy4Z34uEFrtp_YTaKKhJyHBF0T8Zm64_rZEG04IPamCG_G1jSEK7sa8Rn3yV7Rv_r8ZVntRIs9vwbDrQQNmC38uQOfdGMwvkebkEe5I9qApOYII-81c2o2sTaw4pExNsBXFtTq0Vbp_DN-tF75cZbN7L-ynbfMFdgt0iPpAGPt68xIw-TlFsiMIv-1icYjryIXq9q13go7xr7DhQxBKQeo33xysBPJmqzuwfupnVWxHAet2W2v50dqXBAnQ"}
form message = Something went wrong with our form submission. Please try again.
formpayload for validation = {"formSubmissionId":"","elqFormName":"","elqSiteID":"","datalayerheader":"","contact":"","formgtm":"","elqCustomerGUID":"","elqCookieWrite":"","segment":"capital-markets","name_first":"First_1_TESTTEST","name_last":"Last_1_TESTTEST","email_work":"automated_TESTTEST_2025-12-15_05_49_53@broadridge.com","phone_business":"999-999-9999","job_title":"Job_1_TESTTEST","Company":"Company_1_TESTTEST","country":"United States","comment":"This is an automated test submission. Please ignore.","id":"","so":"","di":"","ct":"","ep":"","ot":"","mt":"","yr":"","rg":"","on":"","sub-source":"","campaignMostRecentID":"","content-id":"","orig-channel":"","campaign-name":"","campaignMostRecentName":"","campaignMostRecentSource":"","campaignMostRecentMedium":"","campaignMostRecentContent":"","campaignMostRecentTerm":"","campaignMostRecentContentID":"","campaignMostRecentSubSource":"","Persistent_utm_medium":"","Persistent_utm_source":"","Persistent_utm_term":"","Persistent_utm_campaign":"","Persistent_Sub_Source":"","Persistent_Content_ID":"","Persistent_Campaign_ID":"","Persistent_utm_content":"","Session_utm_medium":"","Session_utm_source":"","Session_utm_term":"","Session_utm_campaign":"","Session_Sub_Source":"","Session_Content_ID":"","Session_Campaign_ID":"701RN00000RbnVLYAZ","Session_utm_content":"","inquiry":"","fullURL":"https://www-dev.broadridge.com/white-paper/the-service-value-chain-how-data-management-powers-performance","page_id":"14926","page_campaign_id":"0","ecid":"","elqCampaignId":"","Formmodel":"flyout","Pagetype":"","g-recaptcha-response":"0cAFcWeA5GxOXNRSorgSESrJA24W1laSTrVtxQUTTTcCtA5UnscHx-vsgdqHll80x7iklYLGa_ofuwhlxUZvyUMzKzeI1UdSqc5qHl_KvqPcVnEbTU8EDq5RNcuMaq9ZL84D76hZXdiBEzBhQQF9n6zcY_xHS-OsidffMRd4HZXFsuNbNMMmYDuIzC3UUZzgxfNUj1iUApsXWgcK6jgYWTOiaPqXSiwfetV9KpoOx8OFxMvCcomHrJUSVHWbaIcToxI8XdAnn_SW-BtWOWHPQHJnBiGzy0kqT6AvS0ODcsnQkxmv108l0kk_GN9pgft5BTO7sYTnbEgO_tQq0wKpMBg05jfuZjO7YcoSyYEI8WiJyXpN5AcGTo8HOyYklZ1I669p_Qsn2P78NnGo-w5RmjDS2dxz_t5MDgty7PIt5MdZN-ycXemr4TQ7EDIOfnZegjPal9xFfJsmnguRD49vaw-R0wujirGezLDshRzAE3OlXgeiwnYsVAenDrbeRVqBwLjrJvMIyb-Y0-LGpT6InLpQH8FDY-UHBYPvseG1FDToK3GvsmkvkLxgZWY3gn4gDvawEi9IX_ZpU8U1kb1zlnoduseUPEHsfxFbuOE5f9GO78U0g7ocIzHhx5xsjXNozGYOQSpRzqZKX75S3W9nBrVEMBKdbUPges6uXxTAVT7c1v9lMjUmUeBFu178e4-rfIWBu2aw8byDofW19iRVqNsMum-9OkaR3AuBS4nTtBTUwNr_V58b28MZYSo7PNCl56XeJAlnRtDC58lMN6OWda6Dq7wpt8ONBxLmsNqWGX3Cj2BgeDv5l8TsUgORqsFoLTCxWJo7OYt7HvIUa53Vudk5Ii_1FsY-YdQq1cMJSZu8ppdLuqnPFBQD6gFS5lD7vwJSz1e86gTSPMF9ZVnvw054iPAHf3HDjLkgom07dWa-1_ziswZzkjb4UpD_ar07_u-sCJzb6XN_LMOQ5N-2VdnSTXA2weKhlmtGXew3vOjegcejGAaIZYMJ6ZK76gxo6sC1EwtSs4EaOCDg4DQXTq3fh6HopN1LoEzFjrJJZ8zsL8_0J_eIs0DTXUWavRwZeeYHozEq7-uWhc2QJYTP2yl_OJSqb7BbuKXGCM2zSrDLFK71zRm3yeHuoxusItCVoIdhRlgHoR4AZwqG8d5B1X6-6HJfmbYSE3iT-SnBwmghSw1_cOykdeTPZVoF4JAC8Z6P1Nrnyd9un_gC1on5-nhBRT-9a9o-bGrKtgqD68RaKQwLI8rNJGWIfIqoo_b8rfo9Bfrf0JQ73UuF5sAcQuPlUQVlF-_evvwPJoMe0KisPgPWyNKQ_oMqOJVpEfVA0GfOiCCNgXlKrE60rFtq95iI7cC64MI3SaPqGjFaUdy4Z34uEFrtp_YTaKKhJyHBF0T8Zm64_rZEG04IPamCG_G1jSEK7sa8Rn3yV7Rv_r8ZVntRIs9vwbDrQQNmC38uQOfdGMwvkebkEe5I9qApOYII-81c2o2sTaw4pExNsBXFtTq0Vbp_DN-tF75cZbN7L-ynbfMFdgt0iPpAGPt68xIw-TlFsiMIv-1icYjryIXq9q13go7xr7DhQxBKQeo33xysBPJmqzuwfupnVWxHAet2W2v50dqXBAnQ"}
formSubmissionId = 
fullURL = https://www-dev.broadridge.com/white-paper/the-service-value-chain-how-data-management-powers-performance
page comparison URL = https://www-dev.broadridge.com/white-paper/the-service-value-chain-how-data-management-powers-performance
..........!!!...Filling the form failed...!!!........
................Header Contact Us Form Filled...................
no cookie button
header ContactUs button found = true
emailTimeStamp = automated_TESTTEST_2025-12-15_05_50_14@broadridge.com
📤 Form payload = {"formSubmissionId":"BRDI5ZA3V-1765777817931","elqFormName":"","elqSiteID":"","datalayerheader":"","contact":"","formgtm":"","elqCustomerGUID":"","elqCookieWrite":"","segment":"","name_first":"First_2_TESTTEST","name_last":"Last_2_TESTTEST","email_work":"automated_TESTTEST_2025-12-15_05_50_14@broadridge.com","phone_business":"999-999-9999","job_title":"Job_2_TESTTEST","Company":"Company_2_TESTTEST","country":"United States","comment":"This is an automated test submission.  Please ignore.","id":"","so":"","di":"","ct":"","ep":"","ot":"","mt":"","yr":"","rg":"","on":"","sub-source":"","campaignMostRecentID":"","content-id":"","orig-channel":"","campaign-name":"","campaignMostRecentName":"","campaignMostRecentSource":"","campaignMostRecentMedium":"","campaignMostRecentContent":"","campaignMostRecentTerm":"","campaignMostRecentContentID":"","campaignMostRecentSubSource":"","Persistent_utm_medium":"","Persistent_utm_source":"","Persistent_utm_term":"","Persistent_utm_campaign":"","Persistent_Sub_Source":"","Persistent_Content_ID":"","Persistent_Campaign_ID":"","Persistent_utm_content":"","Session_utm_medium":"","Session_utm_source":"","Session_utm_term":"","Session_utm_campaign":"","Session_Sub_Source":"","Session_Content_ID":"","Session_Campaign_ID":"701RN00000RbnVLYAZ","Session_utm_content":"","inquiry":"Gen Enq","fullURL":"https://www-dev.broadridge.com/capability/governance-and-regulatory-compliance/proxy-services/issuer-proxy","page_id":"180041","page_campaign_id":"0","ecid":"","elqCampaignId":"","Formmodel":"flyout","Pagetype":"Products","g-recaptcha-response":"0cAFcWeA4P8rOBc1lHo3go8l2brLmO1H7MGSkAwgK1g2C29ygxeMqC7EnoeGmmXRDVIkG9eqFLMABK9KVsMEKQ9Q2jhAI8JVx6cmqQ0fAuOm8-cUggJrPM0qbJ3ZPH4DrG7qHUImG2ez1FAfq927NpQlBOBmKAB1oaYLJuupQowgdjTo5V3PawttbN-ipphu4A2CCOa2bV_qaVqetIu-xseYk6Z2k7jB-SQ4gg3ierzdS90UcPW15FDh_40L1GhY8w71Oa5FP4U33ykUwKEtUdg0wGqIuXnQKm5Cgz_NcnB5uL4I3brr8jcF9ugT4cJoRvkovwED0yhTgU5ipbWZ2KFk8MQ-qC8Uq8FP7QWsaC4duf8KZ40zW9Ru58t2IqzWK6ra2NnetDJa62gd1BgHI7Yx8SLIL5TD93Wv1R4GWI0_e_dRPwF_HOe6rgf9yGE70Se-iZw12kdhIuS-bHl0xppkVQuisKyBcpGFDwU6Zx9HaNYLPrsB5NFPcEqFfBWLEjjY0FwJ3pxTosuqYOk2IZejsTo43qkk4eEcote5C69t0nG1195POIaVrVODM99FsnwoGAeYnuieMmDwHLi__s3B9hOIhT-bwgY9kRoyZ2115PSiI4D6Kzlzec6O8Pfjm89DOtMoWtfYEI1acsgxPDFDEVV-lub-xA2NjCZVSaF3Ei8sQ9BmYBNXG3ZgFRlDHwMIrAyeF96ALFBog6FAeDqBAMhjZ1_qzvFIxwrQh271MIKR5t7SvAs0OAYb4tK9kl6C6agPUxRGabb8vW0lvcJk_rU2yhCTBdgfGAz96Fzubny3fzNCDfxpEE5PJkxdyKFckC9cz5hcl2HmS8obnONgY_iMk8UnmZyvTcrWkSYvnzw3Wfvsgf5rTKXhozbi5tBNUPzSISFabsa6h1Hf_H7uWHBG-A8ZJdA3Kxlm45XVfpL8Dt09l5qt_XwbbJME0g4vxhvyL0YBfpFO7FHhF6yc2F4PZovx0dOZ4bfJWbxa6ekEtUA-4JxKtwF4h3TG50IBfF_p1XlqJbAS6cLqmpfuvOcd9tSX0Xh8DpZKALCpnNqdR5_yGwvGkLPh-bhxg7E3aSH3CgtL-986Vp0rFk6vPgHFmGFO-kFmhRauTutZdR5uP8y7QlpB7gn_HC2MG0UZBxvuWRrSWjblnfiC8xsYKWgfG2l00fk6jCdIksM3l9y4NYWzxNrkOalWL4Ry_-LeASb7GSHpS0JBcsRCKPcp8BuQ_NNYgIPlHFhOLGKHOUeN2DNfEv8a36xd3MN8IuNS97k9TlsNqVJQVzspSwBTXG5MA1ZqXZ82J08PkOWIEPvFCR9gGZfA9dBs0JO8ZNgMi0dHH40upLfTM8Rh7oRzqfbensfXlr6w6R8sFJVUAQbVKp08OoHRqGJyLrEfplADJixrRqGaagJMSWXlBXVCt44V8rg1U_P7xTacPfA79NB1zGqbYuLzPiv-mPKjTP7X0zWixmbJ78dv4-ryvjAOdBM3aIxtJKIf7NChKhPyCMxNSzf5gc4apFxZVra5Xa4qbSRSdYOcbDHdftPwKXzzXg0yKek7wMBrPDKkgIfLjO2sszHhv6I62gGBor5IU6GJFsifrf3uu_jig2Gq8rLhozuvhdTDg97g"}
form message = Something went wrong with our form submission. Please try again.
formpayload for validation = {"formSubmissionId":"BRDI5ZA3V-1765777817931","elqFormName":"","elqSiteID":"","datalayerheader":"","contact":"","formgtm":"","elqCustomerGUID":"","elqCookieWrite":"","segment":"","name_first":"First_2_TESTTEST","name_last":"Last_2_TESTTEST","email_work":"automated_TESTTEST_2025-12-15_05_50_14@broadridge.com","phone_business":"999-999-9999","job_title":"Job_2_TESTTEST","Company":"Company_2_TESTTEST","country":"United States","comment":"This is an automated test submission.  Please ignore.","id":"","so":"","di":"","ct":"","ep":"","ot":"","mt":"","yr":"","rg":"","on":"","sub-source":"","campaignMostRecentID":"","content-id":"","orig-channel":"","campaign-name":"","campaignMostRecentName":"","campaignMostRecentSource":"","campaignMostRecentMedium":"","campaignMostRecentContent":"","campaignMostRecentTerm":"","campaignMostRecentContentID":"","campaignMostRecentSubSource":"","Persistent_utm_medium":"","Persistent_utm_source":"","Persistent_utm_term":"","Persistent_utm_campaign":"","Persistent_Sub_Source":"","Persistent_Content_ID":"","Persistent_Campaign_ID":"","Persistent_utm_content":"","Session_utm_medium":"","Session_utm_source":"","Session_utm_term":"","Session_utm_campaign":"","Session_Sub_Source":"","Session_Content_ID":"","Session_Campaign_ID":"701RN00000RbnVLYAZ","Session_utm_content":"","inquiry":"Gen Enq","fullURL":"https://www-dev.broadridge.com/capability/governance-and-regulatory-compliance/proxy-services/issuer-proxy","page_id":"180041","page_campaign_id":"0","ecid":"","elqCampaignId":"","Formmodel":"flyout","Pagetype":"Products","g-recaptcha-response":"0cAFcWeA4P8rOBc1lHo3go8l2brLmO1H7MGSkAwgK1g2C29ygxeMqC7EnoeGmmXRDVIkG9eqFLMABK9KVsMEKQ9Q2jhAI8JVx6cmqQ0fAuOm8-cUggJrPM0qbJ3ZPH4DrG7qHUImG2ez1FAfq927NpQlBOBmKAB1oaYLJuupQowgdjTo5V3PawttbN-ipphu4A2CCOa2bV_qaVqetIu-xseYk6Z2k7jB-SQ4gg3ierzdS90UcPW15FDh_40L1GhY8w71Oa5FP4U33ykUwKEtUdg0wGqIuXnQKm5Cgz_NcnB5uL4I3brr8jcF9ugT4cJoRvkovwED0yhTgU5ipbWZ2KFk8MQ-qC8Uq8FP7QWsaC4duf8KZ40zW9Ru58t2IqzWK6ra2NnetDJa62gd1BgHI7Yx8SLIL5TD93Wv1R4GWI0_e_dRPwF_HOe6rgf9yGE70Se-iZw12kdhIuS-bHl0xppkVQuisKyBcpGFDwU6Zx9HaNYLPrsB5NFPcEqFfBWLEjjY0FwJ3pxTosuqYOk2IZejsTo43qkk4eEcote5C69t0nG1195POIaVrVODM99FsnwoGAeYnuieMmDwHLi__s3B9hOIhT-bwgY9kRoyZ2115PSiI4D6Kzlzec6O8Pfjm89DOtMoWtfYEI1acsgxPDFDEVV-lub-xA2NjCZVSaF3Ei8sQ9BmYBNXG3ZgFRlDHwMIrAyeF96ALFBog6FAeDqBAMhjZ1_qzvFIxwrQh271MIKR5t7SvAs0OAYb4tK9kl6C6agPUxRGabb8vW0lvcJk_rU2yhCTBdgfGAz96Fzubny3fzNCDfxpEE5PJkxdyKFckC9cz5hcl2HmS8obnONgY_iMk8UnmZyvTcrWkSYvnzw3Wfvsgf5rTKXhozbi5tBNUPzSISFabsa6h1Hf_H7uWHBG-A8ZJdA3Kxlm45XVfpL8Dt09l5qt_XwbbJME0g4vxhvyL0YBfpFO7FHhF6yc2F4PZovx0dOZ4bfJWbxa6ekEtUA-4JxKtwF4h3TG50IBfF_p1XlqJbAS6cLqmpfuvOcd9tSX0Xh8DpZKALCpnNqdR5_yGwvGkLPh-bhxg7E3aSH3CgtL-986Vp0rFk6vPgHFmGFO-kFmhRauTutZdR5uP8y7QlpB7gn_HC2MG0UZBxvuWRrSWjblnfiC8xsYKWgfG2l00fk6jCdIksM3l9y4NYWzxNrkOalWL4Ry_-LeASb7GSHpS0JBcsRCKPcp8BuQ_NNYgIPlHFhOLGKHOUeN2DNfEv8a36xd3MN8IuNS97k9TlsNqVJQVzspSwBTXG5MA1ZqXZ82J08PkOWIEPvFCR9gGZfA9dBs0JO8ZNgMi0dHH40upLfTM8Rh7oRzqfbensfXlr6w6R8sFJVUAQbVKp08OoHRqGJyLrEfplADJixrRqGaagJMSWXlBXVCt44V8rg1U_P7xTacPfA79NB1zGqbYuLzPiv-mPKjTP7X0zWixmbJ78dv4-ryvjAOdBM3aIxtJKIf7NChKhPyCMxNSzf5gc4apFxZVra5Xa4qbSRSdYOcbDHdftPwKXzzXg0yKek7wMBrPDKkgIfLjO2sszHhv6I62gGBor5IU6GJFsifrf3uu_jig2Gq8rLhozuvhdTDg97g"}
formSubmissionId = BRDI5ZA3V-1765777817931
fullURL = https://www-dev.broadridge.com/capability/governance-and-regulatory-compliance/proxy-services/issuer-proxy
page comparison URL = https://www-dev.broadridge.com/financial-services/corporate-issuer/issuer/simplify-the-annual-meeting-process/interactive-online-document-management
..........!!!...Filling the form failed...!!!........
................Header Contact Us Form Filled...................
no cookie button
header ContactUs button found = true
emailTimeStamp = automated_TESTTEST_2025-12-15_05_50_35@broadridge.com
📤 Form payload = {"formSubmissionId":"BRLZE0QOA-1765777838229","elqFormName":"","elqSiteID":"","datalayerheader":"","contact":"","formgtm":"","elqCustomerGUID":"","elqCookieWrite":"","segment":"","name_first":"First_3_TESTTEST","name_last":"Last_3_TESTTEST","email_work":"automated_TESTTEST_2025-12-15_05_50_35@broadridge.com","phone_business":"999-999-9999","job_title":"Job_3_TESTTEST","Company":"Company_3_TESTTEST","country":"United States","comment":"This is an automated test submission.  Please ignore.","id":"","so":"","di":"","ct":"","ep":"","ot":"","mt":"","yr":"","rg":"","on":"","sub-source":"","campaignMostRecentID":"","content-id":"","orig-channel":"","campaign-name":"","campaignMostRecentName":"","campaignMostRecentSource":"","campaignMostRecentMedium":"","campaignMostRecentContent":"","campaignMostRecentTerm":"","campaignMostRecentContentID":"","campaignMostRecentSubSource":"","Persistent_utm_medium":"","Persistent_utm_source":"","Persistent_utm_term":"","Persistent_utm_campaign":"","Persistent_Sub_Source":"","Persistent_Content_ID":"","Persistent_Campaign_ID":"","Persistent_utm_content":"","Session_utm_medium":"","Session_utm_source":"","Session_utm_term":"","Session_utm_campaign":"","Session_Sub_Source":"","Session_Content_ID":"","Session_Campaign_ID":"701RN00000RbnVLYAZ","Session_utm_content":"","inquiry":"Gen Enq","fullURL":"https://www-dev.broadridge.com/capability/governance-and-regulatory-compliance/proxy-services/issuer-proxy","page_id":"180041","page_campaign_id":"0","ecid":"","elqCampaignId":"","Formmodel":"flyout","Pagetype":"Products","g-recaptcha-response":"0cAFcWeA6CJIZ9dPfxmElgPdknqHiszQUD1kd-WrP3ew3SxbLh85sBUYMLJhooCO7XN9AFrqhnBZ36IcR3kJqYZgCOo0weXREJbLW1IB6p1g8v5bmZaOs-ojnCkjsCP0x3tgvZ4MSeTzPNav9ErKYCNtoqVSx5ssNq7C9WXpWsXKZ1xZHzSbIqbJ0uTi15gVG3jsVs4Wp02bak9wWfhQmmsHTOhlcb84vK1CVcXmHO5IQJF15FXAXFrtw6ZVn6jnIs24cQ0vGcbbi1m_qFmnyLfbmxr6y5p8ZNjMBKBecaiSo1qfhxYrDPUbVgGmaCbt5SV7gLoUWF5iC-yvtckzt1MFccTQVkxSqzU_h7lrr5eW6Vj0k2y6LuUC7yc7YZmQDr0C65WrZIUHxsYtky5FvUb7-jGIODrLKjQ2cQDmSYwXcIgh1S1E315sdV33Pe0S67OVTuCl5n2F2TEMFmOl6EKEgZ4wTQXpQLABQeZkF0bDFcWDNf7IP0K9pybn20LKeF28KrFHaYArXBxTSsleG4y4iKYzm-DTHErAWeJw9p-G8-LQPg2n_0teHnLZ30fGkcHzqy1IId5_lvdrfar7Ma9U0hLbjpVARNpISDf5cQeiRPqSd2fHuR0_fjxdhWPboYl7Eu7UROslUvKs-aIkT_CdH9jArvM3gS5HFyqAUUsvVALaQ9uTxukom1us0-1rdaA3MbYVUxoQilh0gSfciyi8eYt9x2m2tIqZhL69COyQ8v7UcP3beIBUkvbIiSRrqxVE03n7E6SOBdSdV3XNaZ3oa8bUVLP6U7AqmaqkQ_iCXJDlhih6CEhPrQ1GEA2iq-JPahgvELJ4uB5TscCjk9o9OPNYJH9tq6z-97jNJPeA-LrEjck5gnNhnJRiomy2OdE-CJHoWGJL98JTNJFgTm7yahII5OsN2WdWHI8jkdYfyfI6LdyGs9ura7vQkaNmLhylxwSFc_PTW5TF2xTOaHGIPsqN4tgEUF11PVKpN0rpCa_KRuzxxMvYXFAKugnerdcvM8OP-OqxTMhTOwrfFGQhFjMwMpNUTMb_GXLL6d2ugeypNBJUG6lZAzuCn0v5OWPRfyVCSEPMk9R2McB2GpPKy7ERJA608sBEwnwsCTd9o1ooRlhjZjiI4cnwPMDqq0jQtboh4SHucvj5Xr-Vw4teAGbn__9BH5ZADLK-OIbI07KM9-wnF6trluLDa0kHeLGSNHXzmbdkwjBgdOmLCqrmKSW-3yj-TRayYu3wc9cX_f32YxEG8C50K3Py0u5cJJF_ewjG4HOsNOxmJ8SQLgb7apsVrQww1bHPaOePgit8Mcand4qgpbnOMWaiXM8JfUBxx8P1tl03p8uD2D_kWGWmqyJsdhlO5-Pd9S9R71g_XysyBPZEN36MWJB_vBM0eP_QpBcmHCu2x99gDpyc9ZG-xIokltqmKmtzr3oiunlHWbgeFfUi_zf-QZz1Lp3dDGe_0w9mUuZ43t13jaFvp5T_gVvjyXSmH-Ia4t8fq1Ilf6u1hHeFbU9QRlRkDvlfr8oMzLNjSp2R6lC4cmj9VhzjvtUah4BbgGcx-TYPkG_UwAwndZjH4qntueFf-PZ_b7UeH2atscmoad"}
form message = Something went wrong with our form submission. Please try again.
formpayload for validation = {"formSubmissionId":"BRLZE0QOA-1765777838229","elqFormName":"","elqSiteID":"","datalayerheader":"","contact":"","formgtm":"","elqCustomerGUID":"","elqCookieWrite":"","segment":"","name_first":"First_3_TESTTEST","name_last":"Last_3_TESTTEST","email_work":"automated_TESTTEST_2025-12-15_05_50_35@broadridge.com","phone_business":"999-999-9999","job_title":"Job_3_TESTTEST","Company":"Company_3_TESTTEST","country":"United States","comment":"This is an automated test submission.  Please ignore.","id":"","so":"","di":"","ct":"","ep":"","ot":"","mt":"","yr":"","rg":"","on":"","sub-source":"","campaignMostRecentID":"","content-id":"","orig-channel":"","campaign-name":"","campaignMostRecentName":"","campaignMostRecentSource":"","campaignMostRecentMedium":"","campaignMostRecentContent":"","campaignMostRecentTerm":"","campaignMostRecentContentID":"","campaignMostRecentSubSource":"","Persistent_utm_medium":"","Persistent_utm_source":"","Persistent_utm_term":"","Persistent_utm_campaign":"","Persistent_Sub_Source":"","Persistent_Content_ID":"","Persistent_Campaign_ID":"","Persistent_utm_content":"","Session_utm_medium":"","Session_utm_source":"","Session_utm_term":"","Session_utm_campaign":"","Session_Sub_Source":"","Session_Content_ID":"","Session_Campaign_ID":"701RN00000RbnVLYAZ","Session_utm_content":"","inquiry":"Gen Enq","fullURL":"https://www-dev.broadridge.com/capability/governance-and-regulatory-compliance/proxy-services/issuer-proxy","page_id":"180041","page_campaign_id":"0","ecid":"","elqCampaignId":"","Formmodel":"flyout","Pagetype":"Products","g-recaptcha-response":"0cAFcWeA6CJIZ9dPfxmElgPdknqHiszQUD1kd-WrP3ew3SxbLh85sBUYMLJhooCO7XN9AFrqhnBZ36IcR3kJqYZgCOo0weXREJbLW1IB6p1g8v5bmZaOs-ojnCkjsCP0x3tgvZ4MSeTzPNav9ErKYCNtoqVSx5ssNq7C9WXpWsXKZ1xZHzSbIqbJ0uTi15gVG3jsVs4Wp02bak9wWfhQmmsHTOhlcb84vK1CVcXmHO5IQJF15FXAXFrtw6ZVn6jnIs24cQ0vGcbbi1m_qFmnyLfbmxr6y5p8ZNjMBKBecaiSo1qfhxYrDPUbVgGmaCbt5SV7gLoUWF5iC-yvtckzt1MFccTQVkxSqzU_h7lrr5eW6Vj0k2y6LuUC7yc7YZmQDr0C65WrZIUHxsYtky5FvUb7-jGIODrLKjQ2cQDmSYwXcIgh1S1E315sdV33Pe0S67OVTuCl5n2F2TEMFmOl6EKEgZ4wTQXpQLABQeZkF0bDFcWDNf7IP0K9pybn20LKeF28KrFHaYArXBxTSsleG4y4iKYzm-DTHErAWeJw9p-G8-LQPg2n_0teHnLZ30fGkcHzqy1IId5_lvdrfar7Ma9U0hLbjpVARNpISDf5cQeiRPqSd2fHuR0_fjxdhWPboYl7Eu7UROslUvKs-aIkT_CdH9jArvM3gS5HFyqAUUsvVALaQ9uTxukom1us0-1rdaA3MbYVUxoQilh0gSfciyi8eYt9x2m2tIqZhL69COyQ8v7UcP3beIBUkvbIiSRrqxVE03n7E6SOBdSdV3XNaZ3oa8bUVLP6U7AqmaqkQ_iCXJDlhih6CEhPrQ1GEA2iq-JPahgvELJ4uB5TscCjk9o9OPNYJH9tq6z-97jNJPeA-LrEjck5gnNhnJRiomy2OdE-CJHoWGJL98JTNJFgTm7yahII5OsN2WdWHI8jkdYfyfI6LdyGs9ura7vQkaNmLhylxwSFc_PTW5TF2xTOaHGIPsqN4tgEUF11PVKpN0rpCa_KRuzxxMvYXFAKugnerdcvM8OP-OqxTMhTOwrfFGQhFjMwMpNUTMb_GXLL6d2ugeypNBJUG6lZAzuCn0v5OWPRfyVCSEPMk9R2McB2GpPKy7ERJA608sBEwnwsCTd9o1ooRlhjZjiI4cnwPMDqq0jQtboh4SHucvj5Xr-Vw4teAGbn__9BH5ZADLK-OIbI07KM9-wnF6trluLDa0kHeLGSNHXzmbdkwjBgdOmLCqrmKSW-3yj-TRayYu3wc9cX_f32YxEG8C50K3Py0u5cJJF_ewjG4HOsNOxmJ8SQLgb7apsVrQww1bHPaOePgit8Mcand4qgpbnOMWaiXM8JfUBxx8P1tl03p8uD2D_kWGWmqyJsdhlO5-Pd9S9R71g_XysyBPZEN36MWJB_vBM0eP_QpBcmHCu2x99gDpyc9ZG-xIokltqmKmtzr3oiunlHWbgeFfUi_zf-QZz1Lp3dDGe_0w9mUuZ43t13jaFvp5T_gVvjyXSmH-Ia4t8fq1Ilf6u1hHeFbU9QRlRkDvlfr8oMzLNjSp2R6lC4cmj9VhzjvtUah4BbgGcx-TYPkG_UwAwndZjH4qntueFf-PZ_b7UeH2atscmoad"}
formSubmissionId = BRLZE0QOA-1765777838229
fullURL = https://www-dev.broadridge.com/capability/governance-and-regulatory-compliance/proxy-services/issuer-proxy
page comparison URL = https://www-dev.broadridge.com/financial-services/corporate-issuer/issuer/simplify-the-annual-meeting-process/shareholder-meeting-registration
..........!!!...Filling the form failed...!!!........
................Header Contact Us Form Filled...................
no cookie button
header ContactUs button found = true
emailTimeStamp = automated_TESTTEST_2025-12-15_05_50_55@broadridge.com
📤 Form payload = {"formSubmissionId":"BR0M3R6FG-1765777858103","elqFormName":"","elqSiteID":"","datalayerheader":"","contact":"","formgtm":"","elqCustomerGUID":"","elqCookieWrite":"","segment":"","name_first":"First_4_TESTTEST","name_last":"Last_4_TESTTEST","email_work":"automated_TESTTEST_2025-12-15_05_50_55@broadridge.com","phone_business":"999-999-9999","job_title":"Job_4_TESTTEST","Company":"Company_4_TESTTEST","country":"United States","comment":"This is an automated test submission.  Please ignore.","id":"","so":"","di":"","ct":"","ep":"","ot":"","mt":"","yr":"","rg":"","on":"","sub-source":"","campaignMostRecentID":"","content-id":"","orig-channel":"","campaign-name":"","campaignMostRecentName":"","campaignMostRecentSource":"","campaignMostRecentMedium":"","campaignMostRecentContent":"","campaignMostRecentTerm":"","campaignMostRecentContentID":"","campaignMostRecentSubSource":"","Persistent_utm_medium":"","Persistent_utm_source":"","Persistent_utm_term":"","Persistent_utm_campaign":"","Persistent_Sub_Source":"","Persistent_Content_ID":"","Persistent_Campaign_ID":"","Persistent_utm_content":"","Session_utm_medium":"","Session_utm_source":"","Session_utm_term":"","Session_utm_campaign":"","Session_Sub_Source":"","Session_Content_ID":"","Session_Campaign_ID":"701RN00000RbnVLYAZ","Session_utm_content":"","inquiry":"Gen Enq","fullURL":"https://www-dev.broadridge.com/press-release/2012/broadridge-trade-confirmation-matching-solution","page_id":"177489","page_campaign_id":"","ecid":"","elqCampaignId":"","Formmodel":"flyout","Pagetype":"Press Release","g-recaptcha-response":"0cAFcWeA7aLKCm7kwjSYkUL3FwCjs4eUGowBq-ztdgSFzljkNzduDJ7dsy4fdqqCMJYIh0yRE59H5uijLu0EKmgZSu3Cls9LM1drAlSmGLCpbeiSlEBDEK0psF3SxrW6e5Muioi96Iim-DwY6_XvFrMNBEuxlKgccL0t8RumNy_K0gRKeNF8JJhOU5dSWlU6peKuobKIxQZWNrWQscvbKhDXW5g8Y4n7zZa41BSasdlF6nOaSx982Ma5NNyvaJTFOY7tl1b2cTKrPX0-or-YpoekuRXq7nLTiuTfd6SzFlkPB-CsU2aEQWrn1fpio5xQjGvkk6k0XAHRFjBcvD1MBOhJpQJKX2OeNQ7F3SzSFZIHIbrAtAVEAV-4ZnlzPwGG6E-TKHrx8SM3x87iIsvZuYDvwXce7Flw6Wv8oMWvdONvWsfMgPt1P8YU-bGcl9nqIlFG9DFO-8qehl0vPcl6I8olQ5rW3yRIzExn-cuVt0WGczFHcGDh9k1uK9_KunM1oIBiIiFyiyM3a6n1aaVTBE3N7kNf-ojjdvHny9nD44pXJm_BYEmzUFqQK42QbcR5j9ZB4y735PpTrm5LCIgRNwvXwvLhcXXhZtD0ym_Pu5uU6jVMXxnDjck6nHlTkC0tNqdZRpURfJu0q2mKmpiGR0-NLry_vpusDnL-a1g1qL1OvWxBeUny6PQpSQQTPfGT5PuLqyWEz63ljybZsOykDBUOA2E-IchxH6LuXwepNxbX-DoIw-0Ww5Zm1pxigyLE3EI5Sa947B3Nw3l9Y-v-OU8Or5_bQ0itNDPsClkRmhlsPw4fUv3RpmdDO99kGAWheGHaz9OrzJvmgzIIH3tPfi9KoG7sEciPOpngOCu04aResEr-mdB5KGPtbzEHDYzkQxLOGgBSIx4xMfwibQRRSP4FeD67CdRiZ8MCFtkI4CvRHOiKSn3yWigsF4qdNi0N3ydnT9PrtJ-HP-K-kvq0stgdkDlx2OeUWgWFlrUziR2NUJzGrjZgUIgAtiCYJQ0T4bW1DUlsK40mCHy_6GyVUL56ohKvvWsx85pHEaw5OrOrIidfG3C-1xs1dVN4h0UOcy0FrwN5HipE1zXRGSDbMAMV2808VzvUjvi3sk9ZnVXIFmajsVLe8Hag64D2cpS6vgNIajI8-0UD6jODweJKm7GOR1Z1lYd1ZmLur_gIFaHS9wWI__GrtHkLoKmJxcldfhchbv2m_OttFLk6YOSweZZWf9EkOQDwkcwxQYDLAW7faWFk-ohtL9Fuhs9jqrd0RKRjO5W-NoclVtwaHpSM1I0g82JpSY6TwviPPymzSu70ntM2zfeLanpvo4VZaNUoaQgGSA2-u864jtJ1QAIn1TjI2GiSVmUBZ4W_J8YUt6OCfadcOyC7zMaNASW9s_bQyWNMaVKbMN5Kj22Mr3gFUljGwALyzZ9lmV47W6jT5cRh52-vbfLQPq0dith0nDPWN0RtqG1znbKJoVZoUjrg6W1emE9HioT3oJ4urRmyYXTWDomplrCgJYBgwvSDUEUVu4YK8IzmrNMr7-ZOuL4OqvVwOWdnVzRd92ny64xFCCJzJ1AxvBnglBenPKdAeSg7pVEzJGEI94zAEB5Hm8G1DuIKfdORrleFdT6Q"}
form message = Something went wrong with our form submission. Please try again.
formpayload for validation = {"formSubmissionId":"BR0M3R6FG-1765777858103","elqFormName":"","elqSiteID":"","datalayerheader":"","contact":"","formgtm":"","elqCustomerGUID":"","elqCookieWrite":"","segment":"","name_first":"First_4_TESTTEST","name_last":"Last_4_TESTTEST","email_work":"automated_TESTTEST_2025-12-15_05_50_55@broadridge.com","phone_business":"999-999-9999","job_title":"Job_4_TESTTEST","Company":"Company_4_TESTTEST","country":"United States","comment":"This is an automated test submission.  Please ignore.","id":"","so":"","di":"","ct":"","ep":"","ot":"","mt":"","yr":"","rg":"","on":"","sub-source":"","campaignMostRecentID":"","content-id":"","orig-channel":"","campaign-name":"","campaignMostRecentName":"","campaignMostRecentSource":"","campaignMostRecentMedium":"","campaignMostRecentContent":"","campaignMostRecentTerm":"","campaignMostRecentContentID":"","campaignMostRecentSubSource":"","Persistent_utm_medium":"","Persistent_utm_source":"","Persistent_utm_term":"","Persistent_utm_campaign":"","Persistent_Sub_Source":"","Persistent_Content_ID":"","Persistent_Campaign_ID":"","Persistent_utm_content":"","Session_utm_medium":"","Session_utm_source":"","Session_utm_term":"","Session_utm_campaign":"","Session_Sub_Source":"","Session_Content_ID":"","Session_Campaign_ID":"701RN00000RbnVLYAZ","Session_utm_content":"","inquiry":"Gen Enq","fullURL":"https://www-dev.broadridge.com/press-release/2012/broadridge-trade-confirmation-matching-solution","page_id":"177489","page_campaign_id":"","ecid":"","elqCampaignId":"","Formmodel":"flyout","Pagetype":"Press Release","g-recaptcha-response":"0cAFcWeA7aLKCm7kwjSYkUL3FwCjs4eUGowBq-ztdgSFzljkNzduDJ7dsy4fdqqCMJYIh0yRE59H5uijLu0EKmgZSu3Cls9LM1drAlSmGLCpbeiSlEBDEK0psF3SxrW6e5Muioi96Iim-DwY6_XvFrMNBEuxlKgccL0t8RumNy_K0gRKeNF8JJhOU5dSWlU6peKuobKIxQZWNrWQscvbKhDXW5g8Y4n7zZa41BSasdlF6nOaSx982Ma5NNyvaJTFOY7tl1b2cTKrPX0-or-YpoekuRXq7nLTiuTfd6SzFlkPB-CsU2aEQWrn1fpio5xQjGvkk6k0XAHRFjBcvD1MBOhJpQJKX2OeNQ7F3SzSFZIHIbrAtAVEAV-4ZnlzPwGG6E-TKHrx8SM3x87iIsvZuYDvwXce7Flw6Wv8oMWvdONvWsfMgPt1P8YU-bGcl9nqIlFG9DFO-8qehl0vPcl6I8olQ5rW3yRIzExn-cuVt0WGczFHcGDh9k1uK9_KunM1oIBiIiFyiyM3a6n1aaVTBE3N7kNf-ojjdvHny9nD44pXJm_BYEmzUFqQK42QbcR5j9ZB4y735PpTrm5LCIgRNwvXwvLhcXXhZtD0ym_Pu5uU6jVMXxnDjck6nHlTkC0tNqdZRpURfJu0q2mKmpiGR0-NLry_vpusDnL-a1g1qL1OvWxBeUny6PQpSQQTPfGT5PuLqyWEz63ljybZsOykDBUOA2E-IchxH6LuXwepNxbX-DoIw-0Ww5Zm1pxigyLE3EI5Sa947B3Nw3l9Y-v-OU8Or5_bQ0itNDPsClkRmhlsPw4fUv3RpmdDO99kGAWheGHaz9OrzJvmgzIIH3tPfi9KoG7sEciPOpngOCu04aResEr-mdB5KGPtbzEHDYzkQxLOGgBSIx4xMfwibQRRSP4FeD67CdRiZ8MCFtkI4CvRHOiKSn3yWigsF4qdNi0N3ydnT9PrtJ-HP-K-kvq0stgdkDlx2OeUWgWFlrUziR2NUJzGrjZgUIgAtiCYJQ0T4bW1DUlsK40mCHy_6GyVUL56ohKvvWsx85pHEaw5OrOrIidfG3C-1xs1dVN4h0UOcy0FrwN5HipE1zXRGSDbMAMV2808VzvUjvi3sk9ZnVXIFmajsVLe8Hag64D2cpS6vgNIajI8-0UD6jODweJKm7GOR1Z1lYd1ZmLur_gIFaHS9wWI__GrtHkLoKmJxcldfhchbv2m_OttFLk6YOSweZZWf9EkOQDwkcwxQYDLAW7faWFk-ohtL9Fuhs9jqrd0RKRjO5W-NoclVtwaHpSM1I0g82JpSY6TwviPPymzSu70ntM2zfeLanpvo4VZaNUoaQgGSA2-u864jtJ1QAIn1TjI2GiSVmUBZ4W_J8YUt6OCfadcOyC7zMaNASW9s_bQyWNMaVKbMN5Kj22Mr3gFUljGwALyzZ9lmV47W6jT5cRh52-vbfLQPq0dith0nDPWN0RtqG1znbKJoVZoUjrg6W1emE9HioT3oJ4urRmyYXTWDomplrCgJYBgwvSDUEUVu4YK8IzmrNMr7-ZOuL4OqvVwOWdnVzRd92ny64xFCCJzJ1AxvBnglBenPKdAeSg7pVEzJGEI94zAEB5Hm8G1DuIKfdORrleFdT6Q"}
formSubmissionId = BR0M3R6FG-1765777858103
fullURL = https://www-dev.broadridge.com/press-release/2012/broadridge-trade-confirmation-matching-solution
page comparison URL = https://www-dev.broadridge.com/press-release/2012/broadridge-trade-confirmation-matching-solution
................Header Contact Us Form Filled...................
no cookie button
header ContactUs button found = true
emailTimeStamp = automated_TESTTEST_2025-12-15_05_51_15@broadridge.com
📤 Form payload = {"formSubmissionId":"BREL8TW1N-1765777878094","elqFormName":"","elqSiteID":"","datalayerheader":"","contact":"","formgtm":"","elqCustomerGUID":"","elqCookieWrite":"","segment":"","name_first":"First_5_TESTTEST","name_last":"Last_5_TESTTEST","email_work":"automated_TESTTEST_2025-12-15_05_51_15@broadridge.com","phone_business":"999-999-9999","job_title":"Job_5_TESTTEST","Company":"Company_5_TESTTEST","country":"United States","comment":"This is an automated test submission.  Please ignore.","id":"","so":"","di":"","ct":"","ep":"","ot":"","mt":"","yr":"","rg":"","on":"","sub-source":"","campaignMostRecentID":"","content-id":"","orig-channel":"","campaign-name":"","campaignMostRecentName":"","campaignMostRecentSource":"","campaignMostRecentMedium":"","campaignMostRecentContent":"","campaignMostRecentTerm":"","campaignMostRecentContentID":"","campaignMostRecentSubSource":"","Persistent_utm_medium":"","Persistent_utm_source":"","Persistent_utm_term":"","Persistent_utm_campaign":"","Persistent_Sub_Source":"","Persistent_Content_ID":"","Persistent_Campaign_ID":"","Persistent_utm_content":"","Session_utm_medium":"","Session_utm_source":"","Session_utm_term":"","Session_utm_campaign":"","Session_Sub_Source":"","Session_Content_ID":"","Session_Campaign_ID":"701RN00000RbnVLYAZ","Session_utm_content":"","inquiry":"Gen Enq","fullURL":"https://www-dev.broadridge.com/press-release/2012/matrix-expands-trueopen-architecture-platform","page_id":"177726","page_campaign_id":"","ecid":"","elqCampaignId":"","Formmodel":"flyout","Pagetype":"Press Release","g-recaptcha-response":"0cAFcWeA5KeJPnwWxx0a6IiGT5ls_JJRC6FNa5V-oZCcNjfp_r3-hxptajmV2BX5DhpEeHFkxLo5x1GTe-4wao4Wv0BruxdF0TUnzmhZZeYKxhW9f-j7vmiyKrgmNC6X_i-sOZtXhx6nGZvTXzFeOwIvWTyK9lXP0fTvNUGNarhCGCM926q5IUHbGwoUhqAGWz_ewKrolEKxKAn6NHOqVZx0uk_RPLO-Pl62VtcOj40Zv6-rCQlt5Ie7KQFbeoR8gIYI1DrodMSixnnn6w8ELWjGDskrOYiGby_Q7WailZfyXceqgwMfyetZFjARUrJmFolBJhzm3ZINC-NHChCeBIoAkLzc5shnTjIxR2i974UJsffaT6Ciqb__Swl5kYKzneye1SpQXphEv3LH9BSSjVyTm8F1GPYrDiOMNtJATOy-wWp7JuEyxONoiVnaSmAFzn1jkek4-VWOP9AWY5_iJjeEQpVb10e1TTqEFjEYz4z_L4W5svQ_Ghe6s_Vjt2K6wXOZTJl7PSxLcNqCtXRgwHsYLrTFFIMnu_3VjgWvK7AyzZjS_yfpUxhioKW6Wn6dqyZfB_0fhOSSWLOT4QrDK6Fl2IpfSeph1EQansm9ZMC2kBprrdy4ea1TcMO_ONo9nmVRtwT9RE4KO7Fq758K3aGSOnkEC0BD53GY2ek2AHQSQBKvg8zaz6L5bwJlk0XynbJq7R1whfORYQlGlSSVlFGGhdKO1ieGdIpXXR6qIYduEPu_v1Leb0ZGYeQliozJ1iGSeWR0ifASBsAo7l5ekLJ39vw9PVE0oAI3sVKTVjZdcm5iCT7MJtwBPcxZa9cDRmVuYjqBhAvYHLY88MYXplyG5Am3bRxjNGeUHRq80LUeO0t0cmxrurOf2yPE5PKZcrjLSeSZs0HcdfE-tUwne6fdx9mcv_npLkpA0Me8rvuvNJCltSD8icukTZCD6_1NnT95ZMupqJ2osEbEAOIKsMzpU0EVOkUID7HW8gEOnxSdaAlkrI8mOO8R7mC5et6wJ4yA5ugoUs5Uzprsf9oidmnuJYDeHDXw4o-w63V1HKKxTPT5XOf_Ixu0WuDNAleylGpLXI4QaURFjqpNKySAiyrOB3-DifSEyP570SCXkD4uBkdEtpDPJnataisw0Jbk_G3yXVG9jxb36R_C5JsZrsJ4N-ye4EdJ1O6nB2Fs2VCybPwdn25Kyh1YzKbG2WWMZ_Mi1gcWQ6GKvbrLOL1IalWeAYhyKcUP7R8e74Nc2esF76nXRuuukFolqO0B853ZVIH_UQlBDir4gvkaf9IhUIonlI-L0_ULi2In9FsGWrNs5ZNA7-jcejZqMUP8LiAi_QK95MsMWiwLjIoSJzApXwABc_dEXkhL9ie6cZDIVXwzM23XZWXKAai6oGSDeWz73o3gz_x14RJxcatBC03RZrKdS8hi56YsV7y6GcazM3Q3IrayP617Avq6BrXnBJXSTl0OMoap0D78orNv3oZCU55wLXoSO7jFeExcWeBJdM-lQ1roo4Alu97wxOnuhlS6Qfv60Pe0EAaOfHxrQZZWlclPGLkHQzItsSiy3CJOjwzBRp8myI4tnnvNJUtyOJM145yt902mcbP9-EgamqskyqJT2tIMquB_ixkA"}
form message = Something went wrong with our form submission. Please try again.
formpayload for validation = {"formSubmissionId":"BREL8TW1N-1765777878094","elqFormName":"","elqSiteID":"","datalayerheader":"","contact":"","formgtm":"","elqCustomerGUID":"","elqCookieWrite":"","segment":"","name_first":"First_5_TESTTEST","name_last":"Last_5_TESTTEST","email_work":"automated_TESTTEST_2025-12-15_05_51_15@broadridge.com","phone_business":"999-999-9999","job_title":"Job_5_TESTTEST","Company":"Company_5_TESTTEST","country":"United States","comment":"This is an automated test submission.  Please ignore.","id":"","so":"","di":"","ct":"","ep":"","ot":"","mt":"","yr":"","rg":"","on":"","sub-source":"","campaignMostRecentID":"","content-id":"","orig-channel":"","campaign-name":"","campaignMostRecentName":"","campaignMostRecentSource":"","campaignMostRecentMedium":"","campaignMostRecentContent":"","campaignMostRecentTerm":"","campaignMostRecentContentID":"","campaignMostRecentSubSource":"","Persistent_utm_medium":"","Persistent_utm_source":"","Persistent_utm_term":"","Persistent_utm_campaign":"","Persistent_Sub_Source":"","Persistent_Content_ID":"","Persistent_Campaign_ID":"","Persistent_utm_content":"","Session_utm_medium":"","Session_utm_source":"","Session_utm_term":"","Session_utm_campaign":"","Session_Sub_Source":"","Session_Content_ID":"","Session_Campaign_ID":"701RN00000RbnVLYAZ","Session_utm_content":"","inquiry":"Gen Enq","fullURL":"https://www-dev.broadridge.com/press-release/2012/matrix-expands-trueopen-architecture-platform","page_id":"177726","page_campaign_id":"","ecid":"","elqCampaignId":"","Formmodel":"flyout","Pagetype":"Press Release","g-recaptcha-response":"0cAFcWeA5KeJPnwWxx0a6IiGT5ls_JJRC6FNa5V-oZCcNjfp_r3-hxptajmV2BX5DhpEeHFkxLo5x1GTe-4wao4Wv0BruxdF0TUnzmhZZeYKxhW9f-j7vmiyKrgmNC6X_i-sOZtXhx6nGZvTXzFeOwIvWTyK9lXP0fTvNUGNarhCGCM926q5IUHbGwoUhqAGWz_ewKrolEKxKAn6NHOqVZx0uk_RPLO-Pl62VtcOj40Zv6-rCQlt5Ie7KQFbeoR8gIYI1DrodMSixnnn6w8ELWjGDskrOYiGby_Q7WailZfyXceqgwMfyetZFjARUrJmFolBJhzm3ZINC-NHChCeBIoAkLzc5shnTjIxR2i974UJsffaT6Ciqb__Swl5kYKzneye1SpQXphEv3LH9BSSjVyTm8F1GPYrDiOMNtJATOy-wWp7JuEyxONoiVnaSmAFzn1jkek4-VWOP9AWY5_iJjeEQpVb10e1TTqEFjEYz4z_L4W5svQ_Ghe6s_Vjt2K6wXOZTJl7PSxLcNqCtXRgwHsYLrTFFIMnu_3VjgWvK7AyzZjS_yfpUxhioKW6Wn6dqyZfB_0fhOSSWLOT4QrDK6Fl2IpfSeph1EQansm9ZMC2kBprrdy4ea1TcMO_ONo9nmVRtwT9RE4KO7Fq758K3aGSOnkEC0BD53GY2ek2AHQSQBKvg8zaz6L5bwJlk0XynbJq7R1whfORYQlGlSSVlFGGhdKO1ieGdIpXXR6qIYduEPu_v1Leb0ZGYeQliozJ1iGSeWR0ifASBsAo7l5ekLJ39vw9PVE0oAI3sVKTVjZdcm5iCT7MJtwBPcxZa9cDRmVuYjqBhAvYHLY88MYXplyG5Am3bRxjNGeUHRq80LUeO0t0cmxrurOf2yPE5PKZcrjLSeSZs0HcdfE-tUwne6fdx9mcv_npLkpA0Me8rvuvNJCltSD8icukTZCD6_1NnT95ZMupqJ2osEbEAOIKsMzpU0EVOkUID7HW8gEOnxSdaAlkrI8mOO8R7mC5et6wJ4yA5ugoUs5Uzprsf9oidmnuJYDeHDXw4o-w63V1HKKxTPT5XOf_Ixu0WuDNAleylGpLXI4QaURFjqpNKySAiyrOB3-DifSEyP570SCXkD4uBkdEtpDPJnataisw0Jbk_G3yXVG9jxb36R_C5JsZrsJ4N-ye4EdJ1O6nB2Fs2VCybPwdn25Kyh1YzKbG2WWMZ_Mi1gcWQ6GKvbrLOL1IalWeAYhyKcUP7R8e74Nc2esF76nXRuuukFolqO0B853ZVIH_UQlBDir4gvkaf9IhUIonlI-L0_ULi2In9FsGWrNs5ZNA7-jcejZqMUP8LiAi_QK95MsMWiwLjIoSJzApXwABc_dEXkhL9ie6cZDIVXwzM23XZWXKAai6oGSDeWz73o3gz_x14RJxcatBC03RZrKdS8hi56YsV7y6GcazM3Q3IrayP617Avq6BrXnBJXSTl0OMoap0D78orNv3oZCU55wLXoSO7jFeExcWeBJdM-lQ1roo4Alu97wxOnuhlS6Qfv60Pe0EAaOfHxrQZZWlclPGLkHQzItsSiy3CJOjwzBRp8myI4tnnvNJUtyOJM145yt902mcbP9-EgamqskyqJT2tIMquB_ixkA"}
formSubmissionId = BREL8TW1N-1765777878094
fullURL = https://www-dev.broadridge.com/press-release/2012/matrix-expands-trueopen-architecture-platform
page comparison URL = https://www-dev.broadridge.com/press-release/2012/matrix-expands-trueopen-architecture-platform
................Header Contact Us Form Filled...................
no cookie button
header ContactUs button found = true
emailTimeStamp = automated_TESTTEST_2025-12-15_05_51_35@broadridge.com
📤 Form payload = {"formSubmissionId":"BRJ45ESMI-1765777897742","elqFormName":"","elqSiteID":"","datalayerheader":"","contact":"","formgtm":"","elqCustomerGUID":"","elqCookieWrite":"","segment":"","name_first":"First_6_TESTTEST","name_last":"Last_6_TESTTEST","email_work":"automated_TESTTEST_2025-12-15_05_51_35@broadridge.com","phone_business":"999-999-9999","job_title":"Job_6_TESTTEST","Company":"Company_6_TESTTEST","country":"United States","comment":"This is an automated test submission.  Please ignore.","id":"","so":"","di":"","ct":"","ep":"","ot":"","mt":"","yr":"","rg":"","on":"","sub-source":"","campaignMostRecentID":"","content-id":"","orig-channel":"","campaign-name":"","campaignMostRecentName":"","campaignMostRecentSource":"","campaignMostRecentMedium":"","campaignMostRecentContent":"","campaignMostRecentTerm":"","campaignMostRecentContentID":"","campaignMostRecentSubSource":"","Persistent_utm_medium":"","Persistent_utm_source":"","Persistent_utm_term":"","Persistent_utm_campaign":"","Persistent_Sub_Source":"","Persistent_Content_ID":"","Persistent_Campaign_ID":"","Persistent_utm_content":"","Session_utm_medium":"","Session_utm_source":"","Session_utm_term":"","Session_utm_campaign":"","Session_Sub_Source":"","Session_Content_ID":"","Session_Campaign_ID":"701RN00000RbnVLYAZ","Session_utm_content":"","inquiry":"Gen Enq","fullURL":"https://www-dev.broadridge.com/press-release/2012/jose-contin-to-lead-broadridge-city-networks-expansion-in-emea","page_id":"177499","page_campaign_id":"","ecid":"","elqCampaignId":"","Formmodel":"flyout","Pagetype":"Press Release","g-recaptcha-response":"0cAFcWeA4bJUwUX7UJseW2AsyhmzdLWTuDrGV7s1wSRSNj4l-a_r_XIG9qujCGhEh5BU8iCn8xqFYtHf4fdQDmazzoq2Npl0zi6WaIfbXyCF0O3TLGx8XKn5CTXK_d9qJODhWtFoJ-HlLdeNwIqtGykv45uA2g1Z6fYvQVGYtCBK0v3gZfYAbC2i6eKCSJyBGWYjnOdCczt1EYAyWptSskVptBiDEfRZxWhwOZTV1Cp6HobuzgV2-0sNxFKFNqCr7D25XNU9LfLx0MtkYgC8DziEI5mSRkaI0NYro7WcY78mFRDh1ySpddZM1l47v10hiee6N7q-EGMowk85r8LWEt2e-uZASrDwS9dJ_6hXvXtTbycGVSjRq7ZtGJQJZJ7Ul9UPyhzKK9QX4aezlLNDil0iXdZTgQXKpROTk0qp2_Zxu1ndKY-F-IOWMvnT6bPP3GMyJxUGN7_XGSp5hlEshtMa1Wt7E61cP21RQW0Cg9JbALsooRNObyhm_fxy2h6njR3xGUFCTc9RGjjwNDzgI0UULG1onFdScDDFKkQz4I6bEV9j4fj2QFXiGedU2wBAC8cC0yjVZsS5TW-_A_dAxli0dAEk_vWqjYowY_99Nv3DBI85VOCf-A7cHB5kGNZcPigXULWBdxTF9f0Wmu49EKAbBc4ZJ5BEOIqO5v1Qa66FhTaoxgekEHrmyCXQOra5CXuSCqh43nhzsVVquSsBH918H4f9yWLqvCTyyfWqels_j18UnXFuKisZuMR2Wm86U4QCIxKvWSeZ3EFAk7QFP2pQNMO_dBRtd5I38bcdvtT2L1r-zuCWS_bToNGr61V2jxntbk_QR2timl-qD3t-uwiQAgKyJO-b13Y9mrunSUJPYiaPC2H2LAWQnV18fgqiWNTUVbEdHGH_scqBuwMCYc0O-sTwL3iGuty-gGI9hlSaslbSDOTUv1hS88Jr5xK2EASdhltYbBwx3VpoOs5-ny5taFlNBzz7K2ER8KOJFmJVYkej80Zv5mLVWVa0FQTwSAmAxAkc2_ISpTJKh9yA-eNGIs-G-8umj_yHPLIxr7Q1DINrtwUAMKvUdXbWy5I8lbZlD9hxw6Hr4vjLHZPUTYKMlH3222UJo6x80N9dM8Sv_iYsvgLZ1l06N0YEvru-JT1xWG3fzkH8pC7AdHKac8Kd9uQ_2V0YSmINp6GPgaV18_RnXYp5uoYQNzPR8CA7KOi-slkTTsrd95qoBRXLIkMMlobEKcN8uqZwVe_h32ibJtXTKzRc99ReMvK3XZBjoYxFX0kgX2kV9CvRTs5J7A8jEYny9s25D6O_nH024UK7iKpyghGfeTI1h5PrRBtieI9B-lTFacwt6io5dZ2L3gNfiGDdOhUCF-rPB_TuoGDUM_kYNRwFcsaeNAzOX8T5TwWxCd3yBpt9jlbxm1QkFrHUsCLk3cDi6jLJ0JW02XYfLyF34SsqpXdfLlOSbu2F_KsLWKINa1eEVv0vAQHelZR2_AYY1dMnRG2Ze7bqsnJIsnIyGAJJPW5vb3CEBVc2BH92s88baCJu8E1GUTtoQr6vh-Wur0qP2tFAQsUusYswAgLPvwIwR9ZmFuGko1efJDsvdTVIqAPYA2CXQwp3At3-u3ei0lNkdCAOOk4alYikPy47lox8m_Ewo"}
form message = Something went wrong with our form submission. Please try again.
formpayload for validation = {"formSubmissionId":"BRJ45ESMI-1765777897742","elqFormName":"","elqSiteID":"","datalayerheader":"","contact":"","formgtm":"","elqCustomerGUID":"","elqCookieWrite":"","segment":"","name_first":"First_6_TESTTEST","name_last":"Last_6_TESTTEST","email_work":"automated_TESTTEST_2025-12-15_05_51_35@broadridge.com","phone_business":"999-999-9999","job_title":"Job_6_TESTTEST","Company":"Company_6_TESTTEST","country":"United States","comment":"This is an automated test submission.  Please ignore.","id":"","so":"","di":"","ct":"","ep":"","ot":"","mt":"","yr":"","rg":"","on":"","sub-source":"","campaignMostRecentID":"","content-id":"","orig-channel":"","campaign-name":"","campaignMostRecentName":"","campaignMostRecentSource":"","campaignMostRecentMedium":"","campaignMostRecentContent":"","campaignMostRecentTerm":"","campaignMostRecentContentID":"","campaignMostRecentSubSource":"","Persistent_utm_medium":"","Persistent_utm_source":"","Persistent_utm_term":"","Persistent_utm_campaign":"","Persistent_Sub_Source":"","Persistent_Content_ID":"","Persistent_Campaign_ID":"","Persistent_utm_content":"","Session_utm_medium":"","Session_utm_source":"","Session_utm_term":"","Session_utm_campaign":"","Session_Sub_Source":"","Session_Content_ID":"","Session_Campaign_ID":"701RN00000RbnVLYAZ","Session_utm_content":"","inquiry":"Gen Enq","fullURL":"https://www-dev.broadridge.com/press-release/2012/jose-contin-to-lead-broadridge-city-networks-expansion-in-emea","page_id":"177499","page_campaign_id":"","ecid":"","elqCampaignId":"","Formmodel":"flyout","Pagetype":"Press Release","g-recaptcha-response":"0cAFcWeA4bJUwUX7UJseW2AsyhmzdLWTuDrGV7s1wSRSNj4l-a_r_XIG9qujCGhEh5BU8iCn8xqFYtHf4fdQDmazzoq2Npl0zi6WaIfbXyCF0O3TLGx8XKn5CTXK_d9qJODhWtFoJ-HlLdeNwIqtGykv45uA2g1Z6fYvQVGYtCBK0v3gZfYAbC2i6eKCSJyBGWYjnOdCczt1EYAyWptSskVptBiDEfRZxWhwOZTV1Cp6HobuzgV2-0sNxFKFNqCr7D25XNU9LfLx0MtkYgC8DziEI5mSRkaI0NYro7WcY78mFRDh1ySpddZM1l47v10hiee6N7q-EGMowk85r8LWEt2e-uZASrDwS9dJ_6hXvXtTbycGVSjRq7ZtGJQJZJ7Ul9UPyhzKK9QX4aezlLNDil0iXdZTgQXKpROTk0qp2_Zxu1ndKY-F-IOWMvnT6bPP3GMyJxUGN7_XGSp5hlEshtMa1Wt7E61cP21RQW0Cg9JbALsooRNObyhm_fxy2h6njR3xGUFCTc9RGjjwNDzgI0UULG1onFdScDDFKkQz4I6bEV9j4fj2QFXiGedU2wBAC8cC0yjVZsS5TW-_A_dAxli0dAEk_vWqjYowY_99Nv3DBI85VOCf-A7cHB5kGNZcPigXULWBdxTF9f0Wmu49EKAbBc4ZJ5BEOIqO5v1Qa66FhTaoxgekEHrmyCXQOra5CXuSCqh43nhzsVVquSsBH918H4f9yWLqvCTyyfWqels_j18UnXFuKisZuMR2Wm86U4QCIxKvWSeZ3EFAk7QFP2pQNMO_dBRtd5I38bcdvtT2L1r-zuCWS_bToNGr61V2jxntbk_QR2timl-qD3t-uwiQAgKyJO-b13Y9mrunSUJPYiaPC2H2LAWQnV18fgqiWNTUVbEdHGH_scqBuwMCYc0O-sTwL3iGuty-gGI9hlSaslbSDOTUv1hS88Jr5xK2EASdhltYbBwx3VpoOs5-ny5taFlNBzz7K2ER8KOJFmJVYkej80Zv5mLVWVa0FQTwSAmAxAkc2_ISpTJKh9yA-eNGIs-G-8umj_yHPLIxr7Q1DINrtwUAMKvUdXbWy5I8lbZlD9hxw6Hr4vjLHZPUTYKMlH3222UJo6x80N9dM8Sv_iYsvgLZ1l06N0YEvru-JT1xWG3fzkH8pC7AdHKac8Kd9uQ_2V0YSmINp6GPgaV18_RnXYp5uoYQNzPR8CA7KOi-slkTTsrd95qoBRXLIkMMlobEKcN8uqZwVe_h32ibJtXTKzRc99ReMvK3XZBjoYxFX0kgX2kV9CvRTs5J7A8jEYny9s25D6O_nH024UK7iKpyghGfeTI1h5PrRBtieI9B-lTFacwt6io5dZ2L3gNfiGDdOhUCF-rPB_TuoGDUM_kYNRwFcsaeNAzOX8T5TwWxCd3yBpt9jlbxm1QkFrHUsCLk3cDi6jLJ0JW02XYfLyF34SsqpXdfLlOSbu2F_KsLWKINa1eEVv0vAQHelZR2_AYY1dMnRG2Ze7bqsnJIsnIyGAJJPW5vb3CEBVc2BH92s88baCJu8E1GUTtoQr6vh-Wur0qP2tFAQsUusYswAgLPvwIwR9ZmFuGko1efJDsvdTVIqAPYA2CXQwp3At3-u3ei0lNkdCAOOk4alYikPy47lox8m_Ewo"}
formSubmissionId = BRJ45ESMI-1765777897742
fullURL = https://www-dev.broadridge.com/press-release/2012/jose-contin-to-lead-broadridge-city-networks-expansion-in-emea
page comparison URL = https://www-dev.broadridge.com/press-release/2012/jose-contin-to-lead-broadridge-city-networks-expansion-in-emea
................Header Contact Us Form Filled...................
no cookie button
header ContactUs button found = true
emailTimeStamp = automated_TESTTEST_2025-12-15_05_51_54@broadridge.com
📤 Form payload = {"formSubmissionId":"BRO8TY2XN-1765777917540","elqFormName":"","elqSiteID":"","datalayerheader":"","contact":"","formgtm":"","elqCustomerGUID":"","elqCookieWrite":"","segment":"","name_first":"First_7_TESTTEST","name_last":"Last_7_TESTTEST","email_work":"automated_TESTTEST_2025-12-15_05_51_54@broadridge.com","phone_business":"999-999-9999","job_title":"Job_7_TESTTEST","Company":"Company_7_TESTTEST","country":"United States","comment":"This is an automated test submission.  Please ignore.","id":"","so":"","di":"","ct":"","ep":"","ot":"","mt":"","yr":"","rg":"","on":"","sub-source":"","campaignMostRecentID":"","content-id":"","orig-channel":"","campaign-name":"","campaignMostRecentName":"","campaignMostRecentSource":"","campaignMostRecentMedium":"","campaignMostRecentContent":"","campaignMostRecentTerm":"","campaignMostRecentContentID":"","campaignMostRecentSubSource":"","Persistent_utm_medium":"","Persistent_utm_source":"","Persistent_utm_term":"","Persistent_utm_campaign":"","Persistent_Sub_Source":"","Persistent_Content_ID":"","Persistent_Campaign_ID":"","Persistent_utm_content":"","Session_utm_medium":"","Session_utm_source":"","Session_utm_term":"","Session_utm_campaign":"","Session_Sub_Source":"","Session_Content_ID":"","Session_Campaign_ID":"701RN00000RbnVLYAZ","Session_utm_content":"","inquiry":"Gen Enq","fullURL":"https://www-dev.broadridge.com/press-release/2012/broadridge-reports-fourth-quarter-and-fiscal-year-2012-results","page_id":"177479","page_campaign_id":"","ecid":"","elqCampaignId":"","Formmodel":"flyout","Pagetype":"Press Release","g-recaptcha-response":"0cAFcWeA6jJILSydFJTXmh_k-Mi4HtR6YHa12ROM5f6y4CSpZ3r-t9WLCUrQFhyivCrQvPVe3OFSBSBNWwZHk6kyN7YyUi8Jq37ZUGkCFlcUcRnyDY79ZHUSsv6zB_6b6mYxfmnqNNsfSSAmtbsaCYHQMori-zD1Xw7QpzJwViOkXpMDaDuHZLhYVdOLipCalg9B_fe8MGM2HvSCzajOgsy7H5b1MFMV2Yw3ZwfC317DVZqE5_3Ny1eiHl19A5HP15KY6sAO607SH54z0afA-Sg3V3jMk9Bf1pVQKgUcDeMQfASnjdAzmjYYxIkhgFl6upYgDLEEZx-AJssDc0_LIgAKF3pB2tJA4qrXT0lZ1Jw6tgqw7cRw2QvoWe-MhvwKDYwVLx0IGFFEQpmWFFC4Tuy3XAvylzNeaj7AZJcWWAxYb1SG8fZbDx5HpMXtdKoxwUzpjvFSLUAUEqCJDFXrjyvb_9CgFo265XnWPanm6V40UeiwkXRp-WfWKIOVEDnt2zrRuAxdQkVMs4y6lkY7qphZ7-_6x9ymiU-e5WPKvkIr10kWuBAr_bQw4l1nV8vKERB_y8cnxVA8rlZjkOAjZ-RSzTw3dIQHPARmNOOEudM2flNHABs00owCfPW-BSOAHDAi0xex5EqtvnY6wvgMPY24f3146CzqR1jxB8lvXmUx-QCnEl-DdNipPvE8PBtEMoluT6RFbcEBkQoNzuxujvyQpugkw73bCohdX6OcbK1QlESEWJtwfz9BPahu7t0VJUfVFIIbw7PHRcc5E9Wxx3o_6FEi2xw0WTuQZjk1GMz0gV0t9hVtaq0ad21juqmhohpSK2rdP3wTmt8YgJGir-Wn_zYhtDRFr3hwcnMaqQDDnym6f9QFS4nW2FTau8pTg424rOURiTlwnccSj3hcrPyR8B8IRd4FJhLBsGU1UzgPM-JxwZ72od1sDxL3XeKenMXIQkRlkHTuZR-chtLegZynrq28No2DsTiLlC2SKjvAzJRetN8zCHumS8uEGbQSrlhaAj26ZX-MhZqlSIANudcBEuhXG0WrGCUElEcbpTixlx0--d1QYVwD2LOeAzzyWeATVdL8HpNrkReJOTWYBvYcuIb76X7LMDiYIhig3Rp5Zx0E6W6SIEJRaT2bkwPs0PwQOyM9mdZ-iiwKcyixq1pgZZ1BIcaYbB-zCDWIm5vI9uGG6Xxe17b9NBVHmjnVBgjfC5u2CLMvOXdycZXlCYVwXU3Q-Fvkt8R058uvB6kAJTcB-TldT8s2tDk9hGM-dcl8AvwKnoZOjmIzD4IkvLqtlkI8teL6boh8JvqmXHjNhS9CQNBnIqLM1H4sGEV5onWTycNBIWvymglLXGK_FOQdfiUl4Py-IYAUo5OEsDgfzObgr9Bm0wv-WuBCiPF0in2kK0QxaavbllFDSzZs4Ru0oq1hqoCGNneheGTXXEMrrTBmvAB_NQlL-pPxwsiIdFn8494p4Koz1mqKIBqUceVN37B8ELFYXyP7ztPBLSclzFCKb2HPlXyVfSNOh_SbdUWFQGVrELM_tyyfOKU9Y881xcPkSAP-sRFr1eiRxPTCI_OafXkpvHswIpddRo-oyNkEd9TRZ1oRLD7bufdfQ3yjVCNY4lVXsFfw"}
form message = Something went wrong with our form submission. Please try again.
formpayload for validation = {"formSubmissionId":"BRO8TY2XN-1765777917540","elqFormName":"","elqSiteID":"","datalayerheader":"","contact":"","formgtm":"","elqCustomerGUID":"","elqCookieWrite":"","segment":"","name_first":"First_7_TESTTEST","name_last":"Last_7_TESTTEST","email_work":"automated_TESTTEST_2025-12-15_05_51_54@broadridge.com","phone_business":"999-999-9999","job_title":"Job_7_TESTTEST","Company":"Company_7_TESTTEST","country":"United States","comment":"This is an automated test submission.  Please ignore.","id":"","so":"","di":"","ct":"","ep":"","ot":"","mt":"","yr":"","rg":"","on":"","sub-source":"","campaignMostRecentID":"","content-id":"","orig-channel":"","campaign-name":"","campaignMostRecentName":"","campaignMostRecentSource":"","campaignMostRecentMedium":"","campaignMostRecentContent":"","campaignMostRecentTerm":"","campaignMostRecentContentID":"","campaignMostRecentSubSource":"","Persistent_utm_medium":"","Persistent_utm_source":"","Persistent_utm_term":"","Persistent_utm_campaign":"","Persistent_Sub_Source":"","Persistent_Content_ID":"","Persistent_Campaign_ID":"","Persistent_utm_content":"","Session_utm_medium":"","Session_utm_source":"","Session_utm_term":"","Session_utm_campaign":"","Session_Sub_Source":"","Session_Content_ID":"","Session_Campaign_ID":"701RN00000RbnVLYAZ","Session_utm_content":"","inquiry":"Gen Enq","fullURL":"https://www-dev.broadridge.com/press-release/2012/broadridge-reports-fourth-quarter-and-fiscal-year-2012-results","page_id":"177479","page_campaign_id":"","ecid":"","elqCampaignId":"","Formmodel":"flyout","Pagetype":"Press Release","g-recaptcha-response":"0cAFcWeA6jJILSydFJTXmh_k-Mi4HtR6YHa12ROM5f6y4CSpZ3r-t9WLCUrQFhyivCrQvPVe3OFSBSBNWwZHk6kyN7YyUi8Jq37ZUGkCFlcUcRnyDY79ZHUSsv6zB_6b6mYxfmnqNNsfSSAmtbsaCYHQMori-zD1Xw7QpzJwViOkXpMDaDuHZLhYVdOLipCalg9B_fe8MGM2HvSCzajOgsy7H5b1MFMV2Yw3ZwfC317DVZqE5_3Ny1eiHl19A5HP15KY6sAO607SH54z0afA-Sg3V3jMk9Bf1pVQKgUcDeMQfASnjdAzmjYYxIkhgFl6upYgDLEEZx-AJssDc0_LIgAKF3pB2tJA4qrXT0lZ1Jw6tgqw7cRw2QvoWe-MhvwKDYwVLx0IGFFEQpmWFFC4Tuy3XAvylzNeaj7AZJcWWAxYb1SG8fZbDx5HpMXtdKoxwUzpjvFSLUAUEqCJDFXrjyvb_9CgFo265XnWPanm6V40UeiwkXRp-WfWKIOVEDnt2zrRuAxdQkVMs4y6lkY7qphZ7-_6x9ymiU-e5WPKvkIr10kWuBAr_bQw4l1nV8vKERB_y8cnxVA8rlZjkOAjZ-RSzTw3dIQHPARmNOOEudM2flNHABs00owCfPW-BSOAHDAi0xex5EqtvnY6wvgMPY24f3146CzqR1jxB8lvXmUx-QCnEl-DdNipPvE8PBtEMoluT6RFbcEBkQoNzuxujvyQpugkw73bCohdX6OcbK1QlESEWJtwfz9BPahu7t0VJUfVFIIbw7PHRcc5E9Wxx3o_6FEi2xw0WTuQZjk1GMz0gV0t9hVtaq0ad21juqmhohpSK2rdP3wTmt8YgJGir-Wn_zYhtDRFr3hwcnMaqQDDnym6f9QFS4nW2FTau8pTg424rOURiTlwnccSj3hcrPyR8B8IRd4FJhLBsGU1UzgPM-JxwZ72od1sDxL3XeKenMXIQkRlkHTuZR-chtLegZynrq28No2DsTiLlC2SKjvAzJRetN8zCHumS8uEGbQSrlhaAj26ZX-MhZqlSIANudcBEuhXG0WrGCUElEcbpTixlx0--d1QYVwD2LOeAzzyWeATVdL8HpNrkReJOTWYBvYcuIb76X7LMDiYIhig3Rp5Zx0E6W6SIEJRaT2bkwPs0PwQOyM9mdZ-iiwKcyixq1pgZZ1BIcaYbB-zCDWIm5vI9uGG6Xxe17b9NBVHmjnVBgjfC5u2CLMvOXdycZXlCYVwXU3Q-Fvkt8R058uvB6kAJTcB-TldT8s2tDk9hGM-dcl8AvwKnoZOjmIzD4IkvLqtlkI8teL6boh8JvqmXHjNhS9CQNBnIqLM1H4sGEV5onWTycNBIWvymglLXGK_FOQdfiUl4Py-IYAUo5OEsDgfzObgr9Bm0wv-WuBCiPF0in2kK0QxaavbllFDSzZs4Ru0oq1hqoCGNneheGTXXEMrrTBmvAB_NQlL-pPxwsiIdFn8494p4Koz1mqKIBqUceVN37B8ELFYXyP7ztPBLSclzFCKb2HPlXyVfSNOh_SbdUWFQGVrELM_tyyfOKU9Y881xcPkSAP-sRFr1eiRxPTCI_OafXkpvHswIpddRo-oyNkEd9TRZ1oRLD7bufdfQ3yjVCNY4lVXsFfw"}
formSubmissionId = BRO8TY2XN-1765777917540
fullURL = https://www-dev.broadridge.com/press-release/2012/broadridge-reports-fourth-quarter-and-fiscal-year-2012-results
page comparison URL = https://www-dev.broadridge.com/press-release/2012/broadridge-reports-fourth-quarter-and-fiscal-year-2012-results
................Header Contact Us Form Filled...................
no cookie button
header ContactUs button found = true
emailTimeStamp = automated_TESTTEST_2025-12-15_05_52_14@broadridge.com
📤 Form payload = {"formSubmissionId":"BRUO4YP90-1765777937146","elqFormName":"","elqSiteID":"","datalayerheader":"","contact":"","formgtm":"","elqCustomerGUID":"","elqCookieWrite":"","segment":"","name_first":"First_8_TESTTEST","name_last":"Last_8_TESTTEST","email_work":"automated_TESTTEST_2025-12-15_05_52_14@broadridge.com","phone_business":"999-999-9999","job_title":"Job_8_TESTTEST","Company":"Company_8_TESTTEST","country":"United States","comment":"This is an automated test submission.  Please ignore.","id":"","so":"","di":"","ct":"","ep":"","ot":"","mt":"","yr":"","rg":"","on":"","sub-source":"","campaignMostRecentID":"","content-id":"","orig-channel":"","campaign-name":"","campaignMostRecentName":"","campaignMostRecentSource":"","campaignMostRecentMedium":"","campaignMostRecentContent":"","campaignMostRecentTerm":"","campaignMostRecentContentID":"","campaignMostRecentSubSource":"","Persistent_utm_medium":"","Persistent_utm_source":"","Persistent_utm_term":"","Persistent_utm_campaign":"","Persistent_Sub_Source":"","Persistent_Content_ID":"","Persistent_Campaign_ID":"","Persistent_utm_content":"","Session_utm_medium":"","Session_utm_source":"","Session_utm_term":"","Session_utm_campaign":"","Session_Sub_Source":"","Session_Content_ID":"","Session_Campaign_ID":"701RN00000RbnVLYAZ","Session_utm_content":"","inquiry":"Gen Enq","fullURL":"https://www-dev.broadridge.com/press-release/2012/renowned-keynote-speakers-to-take-stage","page_id":"177730","page_campaign_id":"","ecid":"","elqCampaignId":"","Formmodel":"flyout","Pagetype":"Press Release","g-recaptcha-response":"0cAFcWeA6KyRrIIGTeI-6Ks2tYqJl_vcBF8wXJo0ao_w1DaOl1Ug0chXUv7VRrP0Zt2AZKkyOeAZ1liQeGYmaLaAoOuodrYhQR638GxgdxnmakIcUahs9fYpcX1EJPv4sIMoKbEWMgkCUOYAuUUHNmiFp1Ut7XnsJlVJMkrsT89T3a27_gxyBsTWMO7WFCW1JP7bxPzAJVv4VYejjPQMkoUkwCOeBi2jF0huZlAowCwp0SrsiUBfy5xYaJNyT2HxumarZJ5EbtFfr1RTwdyXzfdpWcIP3Yh1Y_Zn-xWS1n1KwFHn28L_AF4k-XLW9NUTTT3-ETTII_wyK7PxcznzeRtPyLt5xcmKbRGIWrgmT18zH1FarnhmHwn2odg_Es_nNVeg6cMk8K7AoBP2mUhlu8nnMnHKBIipEKu2wMet2V1lCComdrz9hyOSvhtLqxFz01hKsRQFFQzWnHEcRiefXHma3prCdHsOnm_kV52l9DvzO7x4ocfO3EH7Q5Z78jmpEJ8FpOUhVxJGhtJebDlDZp7036IyfnB2F1RNhcQ-bLIXATe9HoNGTaUdENJSbMtxP0wSpLSuiApe9Q5VgQlyvsFeS1AJPpmt-G0henlVpfhpkMdy5r8Baxp3bExF4Idt0ZQu3qGS-RYckna7qyaIxESUzTZ5gYlwlWxJTsBOVFeJkhV-GdGO2HtBPHOzQGRS_gkrAu2Aj_FMlPxvsfupj2_u0A1Zlf6q2cFHmbDrkGIlaJsZoXPAbHtbMkiUpYDNXo1jPSzHVjXP5W17iCkrTvpgniNrfxdfHY_Md92sOpiM0uULpfFLmMsQ_xPrmXvbX0BQor138RgLQeuDNgfyPzMAN1FsveNuxOGRj2Sgg0N9oEH6vn_ITJ9lSFBIW1ncUMWtvpi9HytfO0JzUAImJAHP6STfY94ERy2QzXjsMR74ImwOJFiDM_HvEqRLBvkRHVFK3E4PXL2-z7yddK3ugXeSSeXWkWyz_0QoOjDdhrOOh0d0-oriY4yZAXFwkpfV15NqFyqLqoaeibbTunMKor4XCfYe-YjSwXfniSX20tyzBfSHUXEL6mtdy4vtDRUebxGTBlvxg-FvcVMQJZpow6gcTAGK_Wovq1JAn66ntwDZUpizTv50_eD_yQl6_m5i-H1HIkAicRoI2L2_NqR-6hrQ-3T7RbRfN11GUqxeH6jW1bhKzmVyqwlVgfkVpI77atzgCeFckcfZpL6SncgHAkuPsATNxMz_Tsyhv3oOpzKrhb4_C7F8HJoFOsvriO2bwWM8Ouh-lFSb9AohEaj4Mquga09PV5MK9Fh62qkunJvu8c7oPBeiq6-_Mx16S0ptds6tLu8ObvsDdCOchUSjkYlhAlg5mqi0-2qLZCSUIW9qveFnXNRd4px6y8vINnF9WeW7anwr55zpwf3JS5iGE-xYkpXX9umrKdPvst9LJ2bMIYrsIKyomnv_EvFep9_EyXtmAMmtChCdeRgzg8QeEOfrcKXkDrlARGhLKcF1P05YZFBdgfMXaCRBLXM6oL_7wExlsCF0c6V3encUPisOea7scVsb3QOLLO7FoBBmvbXeXRmUkXeqJHdfcpMKFCONxXUT5IRNqDekUyxK3PyrMWaX1p9980NtxOuA"}
form message = Something went wrong with our form submission. Please try again.
formpayload for validation = {"formSubmissionId":"BRUO4YP90-1765777937146","elqFormName":"","elqSiteID":"","datalayerheader":"","contact":"","formgtm":"","elqCustomerGUID":"","elqCookieWrite":"","segment":"","name_first":"First_8_TESTTEST","name_last":"Last_8_TESTTEST","email_work":"automated_TESTTEST_2025-12-15_05_52_14@broadridge.com","phone_business":"999-999-9999","job_title":"Job_8_TESTTEST","Company":"Company_8_TESTTEST","country":"United States","comment":"This is an automated test submission.  Please ignore.","id":"","so":"","di":"","ct":"","ep":"","ot":"","mt":"","yr":"","rg":"","on":"","sub-source":"","campaignMostRecentID":"","content-id":"","orig-channel":"","campaign-name":"","campaignMostRecentName":"","campaignMostRecentSource":"","campaignMostRecentMedium":"","campaignMostRecentContent":"","campaignMostRecentTerm":"","campaignMostRecentContentID":"","campaignMostRecentSubSource":"","Persistent_utm_medium":"","Persistent_utm_source":"","Persistent_utm_term":"","Persistent_utm_campaign":"","Persistent_Sub_Source":"","Persistent_Content_ID":"","Persistent_Campaign_ID":"","Persistent_utm_content":"","Session_utm_medium":"","Session_utm_source":"","Session_utm_term":"","Session_utm_campaign":"","Session_Sub_Source":"","Session_Content_ID":"","Session_Campaign_ID":"701RN00000RbnVLYAZ","Session_utm_content":"","inquiry":"Gen Enq","fullURL":"https://www-dev.broadridge.com/press-release/2012/renowned-keynote-speakers-to-take-stage","page_id":"177730","page_campaign_id":"","ecid":"","elqCampaignId":"","Formmodel":"flyout","Pagetype":"Press Release","g-recaptcha-response":"0cAFcWeA6KyRrIIGTeI-6Ks2tYqJl_vcBF8wXJo0ao_w1DaOl1Ug0chXUv7VRrP0Zt2AZKkyOeAZ1liQeGYmaLaAoOuodrYhQR638GxgdxnmakIcUahs9fYpcX1EJPv4sIMoKbEWMgkCUOYAuUUHNmiFp1Ut7XnsJlVJMkrsT89T3a27_gxyBsTWMO7WFCW1JP7bxPzAJVv4VYejjPQMkoUkwCOeBi2jF0huZlAowCwp0SrsiUBfy5xYaJNyT2HxumarZJ5EbtFfr1RTwdyXzfdpWcIP3Yh1Y_Zn-xWS1n1KwFHn28L_AF4k-XLW9NUTTT3-ETTII_wyK7PxcznzeRtPyLt5xcmKbRGIWrgmT18zH1FarnhmHwn2odg_Es_nNVeg6cMk8K7AoBP2mUhlu8nnMnHKBIipEKu2wMet2V1lCComdrz9hyOSvhtLqxFz01hKsRQFFQzWnHEcRiefXHma3prCdHsOnm_kV52l9DvzO7x4ocfO3EH7Q5Z78jmpEJ8FpOUhVxJGhtJebDlDZp7036IyfnB2F1RNhcQ-bLIXATe9HoNGTaUdENJSbMtxP0wSpLSuiApe9Q5VgQlyvsFeS1AJPpmt-G0henlVpfhpkMdy5r8Baxp3bExF4Idt0ZQu3qGS-RYckna7qyaIxESUzTZ5gYlwlWxJTsBOVFeJkhV-GdGO2HtBPHOzQGRS_gkrAu2Aj_FMlPxvsfupj2_u0A1Zlf6q2cFHmbDrkGIlaJsZoXPAbHtbMkiUpYDNXo1jPSzHVjXP5W17iCkrTvpgniNrfxdfHY_Md92sOpiM0uULpfFLmMsQ_xPrmXvbX0BQor138RgLQeuDNgfyPzMAN1FsveNuxOGRj2Sgg0N9oEH6vn_ITJ9lSFBIW1ncUMWtvpi9HytfO0JzUAImJAHP6STfY94ERy2QzXjsMR74ImwOJFiDM_HvEqRLBvkRHVFK3E4PXL2-z7yddK3ugXeSSeXWkWyz_0QoOjDdhrOOh0d0-oriY4yZAXFwkpfV15NqFyqLqoaeibbTunMKor4XCfYe-YjSwXfniSX20tyzBfSHUXEL6mtdy4vtDRUebxGTBlvxg-FvcVMQJZpow6gcTAGK_Wovq1JAn66ntwDZUpizTv50_eD_yQl6_m5i-H1HIkAicRoI2L2_NqR-6hrQ-3T7RbRfN11GUqxeH6jW1bhKzmVyqwlVgfkVpI77atzgCeFckcfZpL6SncgHAkuPsATNxMz_Tsyhv3oOpzKrhb4_C7F8HJoFOsvriO2bwWM8Ouh-lFSb9AohEaj4Mquga09PV5MK9Fh62qkunJvu8c7oPBeiq6-_Mx16S0ptds6tLu8ObvsDdCOchUSjkYlhAlg5mqi0-2qLZCSUIW9qveFnXNRd4px6y8vINnF9WeW7anwr55zpwf3JS5iGE-xYkpXX9umrKdPvst9LJ2bMIYrsIKyomnv_EvFep9_EyXtmAMmtChCdeRgzg8QeEOfrcKXkDrlARGhLKcF1P05YZFBdgfMXaCRBLXM6oL_7wExlsCF0c6V3encUPisOea7scVsb3QOLLO7FoBBmvbXeXRmUkXeqJHdfcpMKFCONxXUT5IRNqDekUyxK3PyrMWaX1p9980NtxOuA"}
formSubmissionId = BRUO4YP90-1765777937146
fullURL = https://www-dev.broadridge.com/press-release/2012/renowned-keynote-speakers-to-take-stage
page comparison URL = https://www-dev.broadridge.com/press-release/2012/renowned-keynote-speakers-to-take-stage
................Header Contact Us Form Filled...................
no cookie button
header ContactUs button found = true
emailTimeStamp = automated_TESTTEST_2025-12-15_05_52_34@broadridge.com
📤 Form payload = {"formSubmissionId":"BRZERQRLY-1765777956994","elqFormName":"","elqSiteID":"","datalayerheader":"","contact":"","formgtm":"","elqCustomerGUID":"","elqCookieWrite":"","segment":"","name_first":"First_9_TESTTEST","name_last":"Last_9_TESTTEST","email_work":"automated_TESTTEST_2025-12-15_05_52_34@broadridge.com","phone_business":"999-999-9999","job_title":"Job_9_TESTTEST","Company":"Company_9_TESTTEST","country":"United States","comment":"This is an automated test submission.  Please ignore.","id":"","so":"","di":"","ct":"","ep":"","ot":"","mt":"","yr":"","rg":"","on":"","sub-source":"","campaignMostRecentID":"","content-id":"","orig-channel":"","campaign-name":"","campaignMostRecentName":"","campaignMostRecentSource":"","campaignMostRecentMedium":"","campaignMostRecentContent":"","campaignMostRecentTerm":"","campaignMostRecentContentID":"","campaignMostRecentSubSource":"","Persistent_utm_medium":"","Persistent_utm_source":"","Persistent_utm_term":"","Persistent_utm_campaign":"","Persistent_Sub_Source":"","Persistent_Content_ID":"","Persistent_Campaign_ID":"","Persistent_utm_content":"","Session_utm_medium":"","Session_utm_source":"","Session_utm_term":"","Session_utm_campaign":"","Session_Sub_Source":"","Session_Content_ID":"","Session_Campaign_ID":"701RN00000RbnVLYAZ","Session_utm_content":"","inquiry":"Gen Enq","fullURL":"https://www-dev.broadridge.com/press-release/2012/united-planners-adds-broadridges-matrix-to-qualified-plan-platform","page_id":"177733","page_campaign_id":"","ecid":"","elqCampaignId":"","Formmodel":"flyout","Pagetype":"Press Release","g-recaptcha-response":"0cAFcWeA6LBH9k2ZDKHiLBs0yqXna5w4HftI0_nm-wSSX1FX4BtmlHxkmToUkxWED3m9RI4Wo6TnjJHTSEfRkRtzIXYyrwzf98W-INRjOq4yPVHDwiE9Bhm1uQHJQOndEdgrBzgDvyb3W_kAPTxp3o4lIn4btYwI5N5ypxct0Fmm1UDaS-Uvx6Gz0BpWTsC-vh10D1UwaNFLuibVtENgtWTCGTpzK3Bx02_kwfckwTZzZxVDT20TtWrQBP9NLzceUxGBMMz5obEbc9aCpXrzG7sblW1-67YFs3SInnvi64gK7rkG3I4RlmFHW583ejBGYSPOttWvTGTWZ3ZGKhBzdTYDbz9bt4_ypICMCwFoBSKi0_Q1c6OWHm7FamOVOc6t9mDh--HshLhjwu0xpDB2xloAzAycXRWAOxFnQqdpn2jOpk3hS4aa4ALd4SQf9AKxtw6HsH5drgV6YHEotLjjVKonaiopSeJ6T7c9bGzNcZnskh-e8X3Es5bpN1cyX5YSXv78NsEtUxrfydT1pbN3sWinaT88Fm2bm12qAoOPOmFeHxzHgDyV3KIyoYBwyWIUU-T5c4xNJmMe6CiBrTxsJBu6qKoRSZDRfOBOTQIOAcFHTLg7u1b_Ai3ROTPKKdYl9xZGpnDY4wghgEP65u4SVIkO7Gu5lYNnc5IwU9ngb2dx387aDtqNCamLPlFq51Ei_n_231lAgy7Ek7OjZf8DMKZ3CreuIs27Cwb8GggSWlVKpe4j4kUPfowsJy_FAE_48b_FkHJ7K1kyIqvK0dygkf5wIrNJMCGU8E_u0Q-0RGw5kXBWrXuS2vV3VZG6AZ2PAdyFd2XFvGiuyUNwUN9I1oE0gCu_sTzDuZZHI2ODK5rsix-FG3LkDsl1I-2SpluJAVFs_bGOIWGVh9jJLrh2lBpBzhK8pp2SZP8SvIPuwVROg8BVOn2dV4E1Hv2WTP3_FUdxs39PjAWMZZW7yf_o1uP3AKlTMU7wWGETn_E9KjpADTTzhtagZ_ZzTfLiBGIsGb4bNQ9donCTUKdZIhPe8ObbuEKib8pNKkZ8kEk0oixKQ1iGl1aEPoYHlm_1m7Q0juvAQ2EX8EJRdOLry4QRaTuGdmh7YcAy7tr0QXgAu7hogrx0UoRKbFw7xyvOtFtVS1fQYTEGrK00U8dV7M27ICKKoF9Q1GR0yT_OmmBudhA0_1rzbasjyS08xlk2P-JtJq0x5G3hUPWkq6ynGcZS6Nt0WgRnQ6oZ0aaMx2kYxkghUBAKSBLaAgTLl1FPc36fSxxxiE59OZAqwj3htY2G93tWO1TQVttY8mXfUsEw6GpIbXOkBECupfwisRQf6KVezIh2fZaXF2XQTHrtdsX6cjcV2rsUfuMCcKumoBJ9alNLnOvEeeXWPzzyWe_OR-SMYKbdkLaOwT5fReK70au9k5D8wxucen0pcQLCuNLdfK-ZDyrRn4fFjQDe7h3urc1_mqSpv-uGaA-waxdDSFi4LhnHGje4-evkAwGhlc_2odOVtjQqc_ZXKAkwuMO2AG9A1CjDUvU5eczmJ6SAW9GLb_8uSLLMepoWKflvP435lWtqpsrg5MPNSX2Fo3wXdbIsp00dh2OE47sAUEuZiXMd5SXbaqjztpHPoJjA"}
form message = Something went wrong with our form submission. Please try again.
formpayload for validation = {"formSubmissionId":"BRZERQRLY-1765777956994","elqFormName":"","elqSiteID":"","datalayerheader":"","contact":"","formgtm":"","elqCustomerGUID":"","elqCookieWrite":"","segment":"","name_first":"First_9_TESTTEST","name_last":"Last_9_TESTTEST","email_work":"automated_TESTTEST_2025-12-15_05_52_34@broadridge.com","phone_business":"999-999-9999","job_title":"Job_9_TESTTEST","Company":"Company_9_TESTTEST","country":"United States","comment":"This is an automated test submission.  Please ignore.","id":"","so":"","di":"","ct":"","ep":"","ot":"","mt":"","yr":"","rg":"","on":"","sub-source":"","campaignMostRecentID":"","content-id":"","orig-channel":"","campaign-name":"","campaignMostRecentName":"","campaignMostRecentSource":"","campaignMostRecentMedium":"","campaignMostRecentContent":"","campaignMostRecentTerm":"","campaignMostRecentContentID":"","campaignMostRecentSubSource":"","Persistent_utm_medium":"","Persistent_utm_source":"","Persistent_utm_term":"","Persistent_utm_campaign":"","Persistent_Sub_Source":"","Persistent_Content_ID":"","Persistent_Campaign_ID":"","Persistent_utm_content":"","Session_utm_medium":"","Session_utm_source":"","Session_utm_term":"","Session_utm_campaign":"","Session_Sub_Source":"","Session_Content_ID":"","Session_Campaign_ID":"701RN00000RbnVLYAZ","Session_utm_content":"","inquiry":"Gen Enq","fullURL":"https://www-dev.broadridge.com/press-release/2012/united-planners-adds-broadridges-matrix-to-qualified-plan-platform","page_id":"177733","page_campaign_id":"","ecid":"","elqCampaignId":"","Formmodel":"flyout","Pagetype":"Press Release","g-recaptcha-response":"0cAFcWeA6LBH9k2ZDKHiLBs0yqXna5w4HftI0_nm-wSSX1FX4BtmlHxkmToUkxWED3m9RI4Wo6TnjJHTSEfRkRtzIXYyrwzf98W-INRjOq4yPVHDwiE9Bhm1uQHJQOndEdgrBzgDvyb3W_kAPTxp3o4lIn4btYwI5N5ypxct0Fmm1UDaS-Uvx6Gz0BpWTsC-vh10D1UwaNFLuibVtENgtWTCGTpzK3Bx02_kwfckwTZzZxVDT20TtWrQBP9NLzceUxGBMMz5obEbc9aCpXrzG7sblW1-67YFs3SInnvi64gK7rkG3I4RlmFHW583ejBGYSPOttWvTGTWZ3ZGKhBzdTYDbz9bt4_ypICMCwFoBSKi0_Q1c6OWHm7FamOVOc6t9mDh--HshLhjwu0xpDB2xloAzAycXRWAOxFnQqdpn2jOpk3hS4aa4ALd4SQf9AKxtw6HsH5drgV6YHEotLjjVKonaiopSeJ6T7c9bGzNcZnskh-e8X3Es5bpN1cyX5YSXv78NsEtUxrfydT1pbN3sWinaT88Fm2bm12qAoOPOmFeHxzHgDyV3KIyoYBwyWIUU-T5c4xNJmMe6CiBrTxsJBu6qKoRSZDRfOBOTQIOAcFHTLg7u1b_Ai3ROTPKKdYl9xZGpnDY4wghgEP65u4SVIkO7Gu5lYNnc5IwU9ngb2dx387aDtqNCamLPlFq51Ei_n_231lAgy7Ek7OjZf8DMKZ3CreuIs27Cwb8GggSWlVKpe4j4kUPfowsJy_FAE_48b_FkHJ7K1kyIqvK0dygkf5wIrNJMCGU8E_u0Q-0RGw5kXBWrXuS2vV3VZG6AZ2PAdyFd2XFvGiuyUNwUN9I1oE0gCu_sTzDuZZHI2ODK5rsix-FG3LkDsl1I-2SpluJAVFs_bGOIWGVh9jJLrh2lBpBzhK8pp2SZP8SvIPuwVROg8BVOn2dV4E1Hv2WTP3_FUdxs39PjAWMZZW7yf_o1uP3AKlTMU7wWGETn_E9KjpADTTzhtagZ_ZzTfLiBGIsGb4bNQ9donCTUKdZIhPe8ObbuEKib8pNKkZ8kEk0oixKQ1iGl1aEPoYHlm_1m7Q0juvAQ2EX8EJRdOLry4QRaTuGdmh7YcAy7tr0QXgAu7hogrx0UoRKbFw7xyvOtFtVS1fQYTEGrK00U8dV7M27ICKKoF9Q1GR0yT_OmmBudhA0_1rzbasjyS08xlk2P-JtJq0x5G3hUPWkq6ynGcZS6Nt0WgRnQ6oZ0aaMx2kYxkghUBAKSBLaAgTLl1FPc36fSxxxiE59OZAqwj3htY2G93tWO1TQVttY8mXfUsEw6GpIbXOkBECupfwisRQf6KVezIh2fZaXF2XQTHrtdsX6cjcV2rsUfuMCcKumoBJ9alNLnOvEeeXWPzzyWe_OR-SMYKbdkLaOwT5fReK70au9k5D8wxucen0pcQLCuNLdfK-ZDyrRn4fFjQDe7h3urc1_mqSpv-uGaA-waxdDSFi4LhnHGje4-evkAwGhlc_2odOVtjQqc_ZXKAkwuMO2AG9A1CjDUvU5eczmJ6SAW9GLb_8uSLLMepoWKflvP435lWtqpsrg5MPNSX2Fo3wXdbIsp00dh2OE47sAUEuZiXMd5SXbaqjztpHPoJjA"}
formSubmissionId = BRZERQRLY-1765777956994
fullURL = https://www-dev.broadridge.com/press-release/2012/united-planners-adds-broadridges-matrix-to-qualified-plan-platform
page comparison URL = https://www-dev.broadridge.com/press-release/2012/united-planners-adds-broadridges-matrix-to-qualified-plan-platform
................Header Contact Us Form Filled...................
no cookie button
header ContactUs button found = true
emailTimeStamp = automated_TESTTEST_2025-12-15_05_52_54@broadridge.com
📤 Form payload = {"formSubmissionId":"BRM2EXX2N-1765777977071","elqFormName":"","elqSiteID":"","datalayerheader":"","contact":"","formgtm":"","elqCustomerGUID":"","elqCookieWrite":"","segment":"","name_first":"First_10_TESTTEST","name_last":"Last_10_TESTTEST","email_work":"automated_TESTTEST_2025-12-15_05_52_54@broadridge.com","phone_business":"999-999-9999","job_title":"Job_10_TESTTEST","Company":"Company_10_TESTTEST","country":"United States","comment":"This is an automated test submission.  Please ignore.","id":"","so":"","di":"","ct":"","ep":"","ot":"","mt":"","yr":"","rg":"","on":"","sub-source":"","campaignMostRecentID":"","content-id":"","orig-channel":"","campaign-name":"","campaignMostRecentName":"","campaignMostRecentSource":"","campaignMostRecentMedium":"","campaignMostRecentContent":"","campaignMostRecentTerm":"","campaignMostRecentContentID":"","campaignMostRecentSubSource":"","Persistent_utm_medium":"","Persistent_utm_source":"","Persistent_utm_term":"","Persistent_utm_campaign":"","Persistent_Sub_Source":"","Persistent_Content_ID":"","Persistent_Campaign_ID":"","Persistent_utm_content":"","Session_utm_medium":"","Session_utm_source":"","Session_utm_term":"","Session_utm_campaign":"","Session_Sub_Source":"","Session_Content_ID":"","Session_Campaign_ID":"701RN00000RbnVLYAZ","Session_utm_content":"","inquiry":"Gen Enq","fullURL":"https://www-dev.broadridge.com/press-release/2012/matrix-enhances-retiretoolkit-offering","page_id":"177725","page_campaign_id":"","ecid":"","elqCampaignId":"","Formmodel":"flyout","Pagetype":"Press Release","g-recaptcha-response":"0cAFcWeA6op71z1bcbAbFwWguBvdz6EeN622TOGClInLEihjcKz8he2dSQTcpJVDt0-az13Ke7wyHjmWIC2GTjLNMO_yN8nXuxWff8KU70gj3yZHXNBQ-m2gT_yaTLXer1_Cbleb_BAk3nGOOoOGKZx-_rIZhfwF45OineS8HhH8lZOP2vewc_-MreGWuWqAiLtg1piv7tXxIHalMp3KmBtS1uBx_e9EaXH5d5sDsxf3DO41RFjfs4p_9aZqL-i_bmt86R8IeRW0xfpp-XxwX9VSv-UEq3wk3BZhpuSDxKkFJF21c555yPpfjwrDZ2WWNDqhpuBqDa1EPezxaDSuXZWf2TuPvNWv-uD9e0GwVoiyo4Gq-8XFm_qfZE8kn013CWiuc9Dr-vpSUUcwOF50jb8DPw322VQiMTl8WW-Cf0CD2nEf0NhyndiXxu1cGRt18po8BiN8r5X0xtPrC6fSZZEMgp6-djj-B_I5N3mYJW3a9MJP3oISHv6WeKaY1FIibi4rAdVKX-6RJQm_SbAHx1gKjSmYquz8rudzNKUrpZNxvwokKOIDYfpGR2RgMS8BukqBL-YUr1zuQv8p4tyeTiqxkzkXkkSBqpsnJZUAZKEe50j5WmJk5OIv7Y6qLhiS2-lpDTcHh1WMHUvatQmE_9RfmGvsJiA0RWLLzBIw3yM7sApTY_GRznPzhftv33ydH-PlEAXH3vqfYqqY-cnoA1w-VA7Wap-jMtPH1KS8zfN2ieoBvbfLReYDJQqPWTeivbRXh0B9Q_aX_p63fOW53csrOrlTSWrpifZE8DEBnMDZzTOX6iXjIcQEBjdJxWTS-JKPLeFSlJpza8uICJgCb7uAT26O-_1dpXWJwR1K5AhwpBoJyXGJDotnNjyg6KQe3Jhiv7uSYCb3jlObeaucuIS4Jf5v0Sv2T-z_ye80gs7I22WQGUCsZp4FKOcpdQes64lFnkCGefc9mwDrYfp5YjT-H0I1HCX8e5XclhAfEHpyPfGvgR7gO4JX_qBTw7Vlc3xLCudcx3J6dQxIsf_WZLPg-3exHLHwRIXH3KLCTAJMI3a07t1Zm8-1l0fPPoZIW-OkP2iqYL9KLfklMm4fwHi4Y8ZZNS5ypAq7iuPPc_8Pe21lYNYDEiEiNiHxNXfzwIO7RYo4jGLMlRQIiaimXaB229gEcmY9be79vVz3vvKMwc_BVh-vVv7Cwn7IapAEBBtKOyTcWxazKMG12yeCSRiFqBe_T5I6pz462yIaMk3CFmkPkMjLWfo06ljsQbIWOcFGrNAM2ekO15E6G-HAX_EkVbPWE5SsXL5G5Wte9rtMuk0kk1GDXV-35hk0tdA_997D2MuQjkXlC0hqvhZD5JnrkZCz1rEs4pyBbVF7ecwMFAo3aIwN5ZvGiPdS51msB66N3PPeNn_7CEybFVk4sI-4TAl6NLRa8wOREAkYyu9GipVjocYE7QJU-BGcUhWYS10iyi1vmV_tFb1X2vRKBaRIr1DO760dR_1YCtZQzRq_dDH_H7luSS4HZ49_NzJVQOyCJQkow_OZCEg1pKVMo03uBcaJ9ELgz3galNWrOzwIHic2-tF13RSW2CmdD-qbP0mDmWCe6r64x0ytG1umLH7qsWGA5Aji3rgg"}
form message = Something went wrong with our form submission. Please try again.
formpayload for validation = {"formSubmissionId":"BRM2EXX2N-1765777977071","elqFormName":"","elqSiteID":"","datalayerheader":"","contact":"","formgtm":"","elqCustomerGUID":"","elqCookieWrite":"","segment":"","name_first":"First_10_TESTTEST","name_last":"Last_10_TESTTEST","email_work":"automated_TESTTEST_2025-12-15_05_52_54@broadridge.com","phone_business":"999-999-9999","job_title":"Job_10_TESTTEST","Company":"Company_10_TESTTEST","country":"United States","comment":"This is an automated test submission.  Please ignore.","id":"","so":"","di":"","ct":"","ep":"","ot":"","mt":"","yr":"","rg":"","on":"","sub-source":"","campaignMostRecentID":"","content-id":"","orig-channel":"","campaign-name":"","campaignMostRecentName":"","campaignMostRecentSource":"","campaignMostRecentMedium":"","campaignMostRecentContent":"","campaignMostRecentTerm":"","campaignMostRecentContentID":"","campaignMostRecentSubSource":"","Persistent_utm_medium":"","Persistent_utm_source":"","Persistent_utm_term":"","Persistent_utm_campaign":"","Persistent_Sub_Source":"","Persistent_Content_ID":"","Persistent_Campaign_ID":"","Persistent_utm_content":"","Session_utm_medium":"","Session_utm_source":"","Session_utm_term":"","Session_utm_campaign":"","Session_Sub_Source":"","Session_Content_ID":"","Session_Campaign_ID":"701RN00000RbnVLYAZ","Session_utm_content":"","inquiry":"Gen Enq","fullURL":"https://www-dev.broadridge.com/press-release/2012/matrix-enhances-retiretoolkit-offering","page_id":"177725","page_campaign_id":"","ecid":"","elqCampaignId":"","Formmodel":"flyout","Pagetype":"Press Release","g-recaptcha-response":"0cAFcWeA6op71z1bcbAbFwWguBvdz6EeN622TOGClInLEihjcKz8he2dSQTcpJVDt0-az13Ke7wyHjmWIC2GTjLNMO_yN8nXuxWff8KU70gj3yZHXNBQ-m2gT_yaTLXer1_Cbleb_BAk3nGOOoOGKZx-_rIZhfwF45OineS8HhH8lZOP2vewc_-MreGWuWqAiLtg1piv7tXxIHalMp3KmBtS1uBx_e9EaXH5d5sDsxf3DO41RFjfs4p_9aZqL-i_bmt86R8IeRW0xfpp-XxwX9VSv-UEq3wk3BZhpuSDxKkFJF21c555yPpfjwrDZ2WWNDqhpuBqDa1EPezxaDSuXZWf2TuPvNWv-uD9e0GwVoiyo4Gq-8XFm_qfZE8kn013CWiuc9Dr-vpSUUcwOF50jb8DPw322VQiMTl8WW-Cf0CD2nEf0NhyndiXxu1cGRt18po8BiN8r5X0xtPrC6fSZZEMgp6-djj-B_I5N3mYJW3a9MJP3oISHv6WeKaY1FIibi4rAdVKX-6RJQm_SbAHx1gKjSmYquz8rudzNKUrpZNxvwokKOIDYfpGR2RgMS8BukqBL-YUr1zuQv8p4tyeTiqxkzkXkkSBqpsnJZUAZKEe50j5WmJk5OIv7Y6qLhiS2-lpDTcHh1WMHUvatQmE_9RfmGvsJiA0RWLLzBIw3yM7sApTY_GRznPzhftv33ydH-PlEAXH3vqfYqqY-cnoA1w-VA7Wap-jMtPH1KS8zfN2ieoBvbfLReYDJQqPWTeivbRXh0B9Q_aX_p63fOW53csrOrlTSWrpifZE8DEBnMDZzTOX6iXjIcQEBjdJxWTS-JKPLeFSlJpza8uICJgCb7uAT26O-_1dpXWJwR1K5AhwpBoJyXGJDotnNjyg6KQe3Jhiv7uSYCb3jlObeaucuIS4Jf5v0Sv2T-z_ye80gs7I22WQGUCsZp4FKOcpdQes64lFnkCGefc9mwDrYfp5YjT-H0I1HCX8e5XclhAfEHpyPfGvgR7gO4JX_qBTw7Vlc3xLCudcx3J6dQxIsf_WZLPg-3exHLHwRIXH3KLCTAJMI3a07t1Zm8-1l0fPPoZIW-OkP2iqYL9KLfklMm4fwHi4Y8ZZNS5ypAq7iuPPc_8Pe21lYNYDEiEiNiHxNXfzwIO7RYo4jGLMlRQIiaimXaB229gEcmY9be79vVz3vvKMwc_BVh-vVv7Cwn7IapAEBBtKOyTcWxazKMG12yeCSRiFqBe_T5I6pz462yIaMk3CFmkPkMjLWfo06ljsQbIWOcFGrNAM2ekO15E6G-HAX_EkVbPWE5SsXL5G5Wte9rtMuk0kk1GDXV-35hk0tdA_997D2MuQjkXlC0hqvhZD5JnrkZCz1rEs4pyBbVF7ecwMFAo3aIwN5ZvGiPdS51msB66N3PPeNn_7CEybFVk4sI-4TAl6NLRa8wOREAkYyu9GipVjocYE7QJU-BGcUhWYS10iyi1vmV_tFb1X2vRKBaRIr1DO760dR_1YCtZQzRq_dDH_H7luSS4HZ49_NzJVQOyCJQkow_OZCEg1pKVMo03uBcaJ9ELgz3galNWrOzwIHic2-tF13RSW2CmdD-qbP0mDmWCe6r64x0ytG1umLH7qsWGA5Aji3rgg"}
formSubmissionId = BRM2EXX2N-1765777977071
fullURL = https://www-dev.broadridge.com/press-release/2012/matrix-enhances-retiretoolkit-offering
page comparison URL = https://www-dev.broadridge.com/press-release/2012/matrix-enhances-retiretoolkit-offering
................Header Contact Us Form Filled...................
]]></system-out>
    <system-err><![CDATA[SLF4J(W): No SLF4J providers were found.
SLF4J(W): Defaulting to no-operation (NOP) logger implementation
SLF4J(W): See https://www.slf4j.org/codes.html#noProviders for further details.
Dec 15, 2025 5:49:44 AM org.openqa.selenium.devtools.CdpVersionFinder findNearestMatch
WARNING: Unable to find an exact match for CDP version 143, returning the closest version; found: 140; Please update to a Selenium version that supports CDP version 143
]]></system-err>
  </testcase>
</testsuite>