<?xml version="1.0" encoding="UTF-8"?>
<testsuite xmlns:xsi="http://www.w3.org/2001/XMLSchema-instance" xsi:noNamespaceSchemaLocation="https://maven.apache.org/surefire/maven-surefire-plugin/xsd/surefire-test-report-3.0.xsd" version="3.0" name="TestSuite" time="849.848" tests="1" errors="0" skipped="0" failures="0">
  <properties>
[...]
</properties>
  <testcase name="formTest" classname="com.broadridge.Tests" time="849.117">
    <system-out><![CDATA[-------------------------------TEST STARTED--------------------------------
2025-12-22T05:48:02.203083526Z main ERROR Log4j API could not find a logging provider.
lastRow = 19
83028
header ContactUs button found = true
emailTimeStamp = automated_TESTTEST_2025-12-22_05_48_29@broadridge.com
📤 Form payload = {"formSubmissionId":"","elqFormName":"","elqSiteID":"","datalayerheader":"","contact":"","formgtm":"","elqCustomerGUID":"","elqCookieWrite":"","segment":"capital-markets","name_first":"First_83028_TESTTEST","name_last":"Last_83028_TESTTEST","email_work":"automated_TESTTEST_2025-12-22_05_48_29@broadridge.com","phone_business":"999-999-9999","job_title":"Job_83028_TESTTEST","Company":"Company_83028_TESTTEST","country":"United States","comment":"This is an automated test submission. Please ignore.","id":"","so":"","di":"","ct":"","ep":"","ot":"","mt":"","yr":"","rg":"","on":"","sub-source":"","campaignMostRecentID":"","content-id":"","orig-channel":"","campaign-name":"","campaignMostRecentName":"","campaignMostRecentSource":"","campaignMostRecentMedium":"","campaignMostRecentContent":"","campaignMostRecentTerm":"","campaignMostRecentContentID":"","campaignMostRecentSubSource":"","Persistent_utm_medium":"","Persistent_utm_source":"","Persistent_utm_term":"","Persistent_utm_campaign":"","Persistent_Sub_Source":"","Persistent_Content_ID":"","Persistent_Campaign_ID":"","Persistent_utm_content":"","Session_utm_medium":"","Session_utm_source":"","Session_utm_term":"","Session_utm_campaign":"","Session_Sub_Source":"","Session_Content_ID":"","Session_Campaign_ID":"701RN00000RbnVLYAZ","Session_utm_content":"","inquiry":"","fullURL":"https://www-dev.broadridge.com/white-paper/the-service-value-chain-how-data-management-powers-performance","page_id":"14926","page_campaign_id":"0","ecid":"","elqCampaignId":"","Formmodel":"flyout","Pagetype":"","g-recaptcha-response":"0cAFcWeA4JKAmqaYS_E8286t8wtlDQoaZ-f2lqajV2b8zynv-wiQQQKSq8v4JkAgbOaTr47m2Yo7ygyWXNx6eAEbTjymUts3zUSWLzhwUw3G3qdt8VScRP9Yy7SdAtPRd9DmtGSc05tI0ilj18jkdPlzgNgxZ6vSdqGq-9MtAmHkw6fT01_SGddOugtWEveDwtFZO6q0Db9aykGtBBthVZDc3QE_McnfVBO_wF5T94YfXvZpg6-lFb4Il9haAn6eaBnfSqMm39GZ87JJpPvIRzZCys_llscB31_DjAiy4I2Ui2SKOHAP6W-L9jNT2ChnZJUJZhfQgaKQvAkT6v0_FeEf6_m9ZSNoVOZWwZcz6N_NreR4VmEsKdIg7gkYAEoLckDgnMRCTQRncHaEDWbvMjii6iNiteb_mFx4-IbqnFNdxXsLKdFmeSjMOOCJiVB8SaAQKiWfeqAnel10p99ZgK2wd7O9N1MGxRrJbXZLr-X8g71SP9oL8xrnppJZwAg4WvZN9dXRMxfmr1GeMOixrPdtiSwsEcFzFkUDvmPxECiKF6zqByIccoO1qxbf-P5q1uqUO9bywPbi3nUDKt-d_sliq3Ftcm9lJGtPpgafg4HZLpfdMLp3XAE4Wl35wgHAgKeLrFVfX6xxjQrI6Z9eFfIkdDstMb-DdnbRII4Ur7Wz97cwuKT99DtXtGTmceXRR31oCL55BLH21IpldSNhRSXI9y8fz2Ojgcd6YGGpB35lBYSy_Z3q2InSpjsyJQrSH36gzVIlIXkM1NeniqP7JU8_05N_byykbTu1Vrqf4HVbxlOWanDyjfs2Z43PXb6Ayz4I6YS6lvYknfPDBB0oFg06Fr5bCCLOJ5sXKsvBTbfF_A6bX8pedSyCBHkvSg2k7fZWVZW4xRAnwMlElGc5TcmI6oPnFJEFsak45HJPlrNFiZ3vC39zuu4U-KClcUI0xUxIRMQFOI7guXfrar1DRz9iCN_rIPeEbXpHZN5s-wNsYzrgBMlZurRzm169FjMmJqhS7WktbIDVReGVd5udtdWTazXgAusdpS5pikJI4w49PvSZ_s4HEx8oQ47h7kiZxbQQhQEX6okbrrdh3PlrMz6bx9ytkTFycJwqOVudsFinz-FXcbQcNMcsU9GsibALNO3o0bMZ-gRszM4v5olZXCl2u6Yi0p6_FZfCDx_awN1AtQP3njmtVfJDMWowKPHV3XurGT3ZL4xAjEKSlW40XayzbEs-Ry7GUmPKGjCvT_4LZSw2D37P1yMG6zz4aMG489wXxLEa9_5pN1F-cM-2PJoaSocvvSETTpoOFmxwewwnviB0OWQlFW1WVmdlGA702TmMs0FPa2QVgJqUsScb40m4cJyvQ0ILL42618hO2xKISriJxxQL7Q540zIZum9KLnZ5rebac3FmkcAAcIODoBhxxCWNQe84vg1VDZBW2MslfLWmDKNXShTE3DXOyFfJ4E4zCh-qnNtaRMBAWKT8ZoILYzGWRLPDP2zLbniATrOlGP64gHjwGl8KlHlbfEsZtGoFTdOyVJknVi9TRjGEcBB3E4l7RPKQ-I_zX0a-8rIZpYvR79W_WKqeMOpzd8fMLpJ-EBhP0xvpZ-f8FnkQjaWtfaylFOKfGyDQ"}
form message = Something went wrong with our form submission. Please try again.
formpayload for validation = {"formSubmissionId":"","elqFormName":"","elqSiteID":"","datalayerheader":"","contact":"","formgtm":"","elqCustomerGUID":"","elqCookieWrite":"","segment":"capital-markets","name_first":"First_83028_TESTTEST","name_last":"Last_83028_TESTTEST","email_work":"automated_TESTTEST_2025-12-22_05_48_29@broadridge.com","phone_business":"999-999-9999","job_title":"Job_83028_TESTTEST","Company":"Company_83028_TESTTEST","country":"United States","comment":"This is an automated test submission. Please ignore.","id":"","so":"","di":"","ct":"","ep":"","ot":"","mt":"","yr":"","rg":"","on":"","sub-source":"","campaignMostRecentID":"","content-id":"","orig-channel":"","campaign-name":"","campaignMostRecentName":"","campaignMostRecentSource":"","campaignMostRecentMedium":"","campaignMostRecentContent":"","campaignMostRecentTerm":"","campaignMostRecentContentID":"","campaignMostRecentSubSource":"","Persistent_utm_medium":"","Persistent_utm_source":"","Persistent_utm_term":"","Persistent_utm_campaign":"","Persistent_Sub_Source":"","Persistent_Content_ID":"","Persistent_Campaign_ID":"","Persistent_utm_content":"","Session_utm_medium":"","Session_utm_source":"","Session_utm_term":"","Session_utm_campaign":"","Session_Sub_Source":"","Session_Content_ID":"","Session_Campaign_ID":"701RN00000RbnVLYAZ","Session_utm_content":"","inquiry":"","fullURL":"https://www-dev.broadridge.com/white-paper/the-service-value-chain-how-data-management-powers-performance","page_id":"14926","page_campaign_id":"0","ecid":"","elqCampaignId":"","Formmodel":"flyout","Pagetype":"","g-recaptcha-response":"0cAFcWeA4JKAmqaYS_E8286t8wtlDQoaZ-f2lqajV2b8zynv-wiQQQKSq8v4JkAgbOaTr47m2Yo7ygyWXNx6eAEbTjymUts3zUSWLzhwUw3G3qdt8VScRP9Yy7SdAtPRd9DmtGSc05tI0ilj18jkdPlzgNgxZ6vSdqGq-9MtAmHkw6fT01_SGddOugtWEveDwtFZO6q0Db9aykGtBBthVZDc3QE_McnfVBO_wF5T94YfXvZpg6-lFb4Il9haAn6eaBnfSqMm39GZ87JJpPvIRzZCys_llscB31_DjAiy4I2Ui2SKOHAP6W-L9jNT2ChnZJUJZhfQgaKQvAkT6v0_FeEf6_m9ZSNoVOZWwZcz6N_NreR4VmEsKdIg7gkYAEoLckDgnMRCTQRncHaEDWbvMjii6iNiteb_mFx4-IbqnFNdxXsLKdFmeSjMOOCJiVB8SaAQKiWfeqAnel10p99ZgK2wd7O9N1MGxRrJbXZLr-X8g71SP9oL8xrnppJZwAg4WvZN9dXRMxfmr1GeMOixrPdtiSwsEcFzFkUDvmPxECiKF6zqByIccoO1qxbf-P5q1uqUO9bywPbi3nUDKt-d_sliq3Ftcm9lJGtPpgafg4HZLpfdMLp3XAE4Wl35wgHAgKeLrFVfX6xxjQrI6Z9eFfIkdDstMb-DdnbRII4Ur7Wz97cwuKT99DtXtGTmceXRR31oCL55BLH21IpldSNhRSXI9y8fz2Ojgcd6YGGpB35lBYSy_Z3q2InSpjsyJQrSH36gzVIlIXkM1NeniqP7JU8_05N_byykbTu1Vrqf4HVbxlOWanDyjfs2Z43PXb6Ayz4I6YS6lvYknfPDBB0oFg06Fr5bCCLOJ5sXKsvBTbfF_A6bX8pedSyCBHkvSg2k7fZWVZW4xRAnwMlElGc5TcmI6oPnFJEFsak45HJPlrNFiZ3vC39zuu4U-KClcUI0xUxIRMQFOI7guXfrar1DRz9iCN_rIPeEbXpHZN5s-wNsYzrgBMlZurRzm169FjMmJqhS7WktbIDVReGVd5udtdWTazXgAusdpS5pikJI4w49PvSZ_s4HEx8oQ47h7kiZxbQQhQEX6okbrrdh3PlrMz6bx9ytkTFycJwqOVudsFinz-FXcbQcNMcsU9GsibALNO3o0bMZ-gRszM4v5olZXCl2u6Yi0p6_FZfCDx_awN1AtQP3njmtVfJDMWowKPHV3XurGT3ZL4xAjEKSlW40XayzbEs-Ry7GUmPKGjCvT_4LZSw2D37P1yMG6zz4aMG489wXxLEa9_5pN1F-cM-2PJoaSocvvSETTpoOFmxwewwnviB0OWQlFW1WVmdlGA702TmMs0FPa2QVgJqUsScb40m4cJyvQ0ILL42618hO2xKISriJxxQL7Q540zIZum9KLnZ5rebac3FmkcAAcIODoBhxxCWNQe84vg1VDZBW2MslfLWmDKNXShTE3DXOyFfJ4E4zCh-qnNtaRMBAWKT8ZoILYzGWRLPDP2zLbniATrOlGP64gHjwGl8KlHlbfEsZtGoFTdOyVJknVi9TRjGEcBB3E4l7RPKQ-I_zX0a-8rIZpYvR79W_WKqeMOpzd8fMLpJ-EBhP0xvpZ-f8FnkQjaWtfaylFOKfGyDQ"}
formSubmissionId = 
fullURL = https://www-dev.broadridge.com/white-paper/the-service-value-chain-how-data-management-powers-performance
page comparison URL = https://www-dev.broadridge.com/white-paper/the-service-value-chain-how-data-management-powers-performance
..........!!!...Filling the form failed...!!!........
................Header Contact Us Form Filled...................
V2 ContactUs form NOT found on the bottom
V2 Download form NOT found on the bottom
no cookie button
header ContactUs button found = true
emailTimeStamp = automated_TESTTEST_2025-12-22_05_49_11@broadridge.com
📤 Form payload = {"formSubmissionId":"BRB0I9V5J-1766382554391","elqFormName":"","elqSiteID":"","datalayerheader":"","contact":"","formgtm":"","elqCustomerGUID":"","elqCookieWrite":"","segment":"","name_first":"First_83028_TESTTEST","name_last":"Last_83028_TESTTEST","email_work":"automated_TESTTEST_2025-12-22_05_49_11@broadridge.com","phone_business":"999-999-9999","job_title":"Job_83028_TESTTEST","Company":"Company_83028_TESTTEST","country":"United States","comment":"This is an automated test submission.  Please ignore.","id":"","so":"","di":"","ct":"","ep":"","ot":"","mt":"","yr":"","rg":"","on":"","sub-source":"","campaignMostRecentID":"","content-id":"","orig-channel":"","campaign-name":"","campaignMostRecentName":"","campaignMostRecentSource":"","campaignMostRecentMedium":"","campaignMostRecentContent":"","campaignMostRecentTerm":"","campaignMostRecentContentID":"","campaignMostRecentSubSource":"","Persistent_utm_medium":"","Persistent_utm_source":"","Persistent_utm_term":"","Persistent_utm_campaign":"","Persistent_Sub_Source":"","Persistent_Content_ID":"","Persistent_Campaign_ID":"","Persistent_utm_content":"","Session_utm_medium":"","Session_utm_source":"","Session_utm_term":"","Session_utm_campaign":"","Session_Sub_Source":"","Session_Content_ID":"","Session_Campaign_ID":"701RN00000RbnVLYAZ","Session_utm_content":"","inquiry":"Gen Enq","fullURL":"https://www-dev.broadridge.com/capability/governance-and-regulatory-compliance/proxy-services/issuer-proxy","page_id":"180041","page_campaign_id":"0","ecid":"","elqCampaignId":"","Formmodel":"flyout","Pagetype":"Products","g-recaptcha-response":"0cAFcWeA6FGhs1epbNxCcSZyMyrsCdffjebTJ9mDFVoqFN5VgcxTvAZA3Gijf3obyytHSXMVKMRo_1qY9e6dA8D7VREKyhj8gqhK_7WWafv6kbo_00BMfDIgnLLNGMElaw51IzGZ3TxxfN2K0u7N-ufopnS_c5Todu6k1wCb05qo1w6kpY1VQ5QXQiEkm3IRfjtcFwNQtkEnJ19ylFCMkc95bI-G-8LOdGmgkndATbi7CWwMx6wNtcpvxW4M3S-TrWGinBq5-VqTakuvbgPfqMZKaNbEPwlC8kaiZDpIp5YFRcyxI3bjuBfnYwLQkGdMCUBYOs0EfgPlOFsD2xmLV8-Xm8n896QgOvt5Jg0xlCs1-pPxNCyAGGpHoVyuTzhwBopDb7zfWYZMU9Eri1P7ff8fGqOu09fzfNek17yvRpfF5c1FanD__a2Uv23jv2qHrCW1UBpxfqazRbaDPi78vmkHjgM4_p6dh-cbgfKMg0izbSo-5A_dbb6Yu1khij_o_Do7ufFasemwVb6lYX5SCxFRTlw5HYNOU1p0mVX16rp-w9KHgWoErJxarsXH77ty5wSqJXTlPpJz1UfP-xNIwviLnSwrqMORyRy-bgL0HMuXJBXNKxbYG5kGxfQId5qcDO5fUobNtyCRLNcb75V-WbPRssb-OVCxZngMykjG1pfa-KQRSJvBIlPMIq27QGlJtznX2ry8KYy7h5bfiDtTzuAD_-juAq6HCfzOfULxhzRWuofY0j8ircuu_OXf5tE5DcLRHaQEwp_pAo7FSK3PuVnhw75HZfl9-LyeMNcwtUZ2kdYMRbFIZndKHDif1ckJpCvMxIFw02q4f9Vn6RB9c5kcZr8A_2evhHOnwE8yHr7KZDQBH3yAoaex9KYR3dU5ae42HzC5Zy17GjBFv87bMiJs3DdXJVSyn9Z2_3AGgks16YwwW5WuSHf64vpd7cPCtjAHkxHmKAJlUvc7JGP3HiTRR1qX8DSD44OnQmpD3mCDTU9Vj1TaWyuEJ5mgATPxw7-WVXwEALEmvR5xyFVwu_Bd5uYTCunLVG6qPwUmX21m334EYeYlPuKsTZXtn7D6GbZFucOUsmv4evzpE93Tsk2w_WKCOfEwwxJZyH3BK_59dyWMYHXm1OtZxSLpfZMXLwNy_O-GXJ_2ixY-HF-QT1sv4VlSgq_LevRDjMuV0welyv-8W4D0_QNFsqUD1EJC8wnSFdylN98ugffyzlxx5pnCpQIvxJ_PdA_kUP_B_iIJksOgxO9dyYVsa_8SkYtcWnYhOrvfYTYzeB7MXTS6-jr36FmTbIqKfW6u0L5A28ppXfzmRq1ow3ejoHcsReB5wrJ1oiGWSBA9O5uKY53K7Bwahe5FDR-4vzvQyDTTL3pWzdR215oe-VBP6ZuFPvcj3oSqE9Z28KyZ1SrM3s3Qsj7Eld-RV9V7mnvm7kG8-xzpjriLhF94Q6eF8rtiVu-z_hehH8q_X_zo7CtaCW3ZYFAukoD24LsvZolK-5aMDkzDb7o5Bzoap6rpqXvawf76NADcXpuNQMTpHXPtDUF1zWBbv6FON9E3lZDQocrKUrUYGmhr3Nta5vInLmEMVb2YC5w0DVbxr0md6Z"}
form message = Thank you for your interest in Broadridge.
A representative will contact you within 24 business hours.
formpayload for validation = {"formSubmissionId":"BRB0I9V5J-1766382554391","elqFormName":"","elqSiteID":"","datalayerheader":"","contact":"","formgtm":"","elqCustomerGUID":"","elqCookieWrite":"","segment":"","name_first":"First_83028_TESTTEST","name_last":"Last_83028_TESTTEST","email_work":"automated_TESTTEST_2025-12-22_05_49_11@broadridge.com","phone_business":"999-999-9999","job_title":"Job_83028_TESTTEST","Company":"Company_83028_TESTTEST","country":"United States","comment":"This is an automated test submission.  Please ignore.","id":"","so":"","di":"","ct":"","ep":"","ot":"","mt":"","yr":"","rg":"","on":"","sub-source":"","campaignMostRecentID":"","content-id":"","orig-channel":"","campaign-name":"","campaignMostRecentName":"","campaignMostRecentSource":"","campaignMostRecentMedium":"","campaignMostRecentContent":"","campaignMostRecentTerm":"","campaignMostRecentContentID":"","campaignMostRecentSubSource":"","Persistent_utm_medium":"","Persistent_utm_source":"","Persistent_utm_term":"","Persistent_utm_campaign":"","Persistent_Sub_Source":"","Persistent_Content_ID":"","Persistent_Campaign_ID":"","Persistent_utm_content":"","Session_utm_medium":"","Session_utm_source":"","Session_utm_term":"","Session_utm_campaign":"","Session_Sub_Source":"","Session_Content_ID":"","Session_Campaign_ID":"701RN00000RbnVLYAZ","Session_utm_content":"","inquiry":"Gen Enq","fullURL":"https://www-dev.broadridge.com/capability/governance-and-regulatory-compliance/proxy-services/issuer-proxy","page_id":"180041","page_campaign_id":"0","ecid":"","elqCampaignId":"","Formmodel":"flyout","Pagetype":"Products","g-recaptcha-response":"0cAFcWeA6FGhs1epbNxCcSZyMyrsCdffjebTJ9mDFVoqFN5VgcxTvAZA3Gijf3obyytHSXMVKMRo_1qY9e6dA8D7VREKyhj8gqhK_7WWafv6kbo_00BMfDIgnLLNGMElaw51IzGZ3TxxfN2K0u7N-ufopnS_c5Todu6k1wCb05qo1w6kpY1VQ5QXQiEkm3IRfjtcFwNQtkEnJ19ylFCMkc95bI-G-8LOdGmgkndATbi7CWwMx6wNtcpvxW4M3S-TrWGinBq5-VqTakuvbgPfqMZKaNbEPwlC8kaiZDpIp5YFRcyxI3bjuBfnYwLQkGdMCUBYOs0EfgPlOFsD2xmLV8-Xm8n896QgOvt5Jg0xlCs1-pPxNCyAGGpHoVyuTzhwBopDb7zfWYZMU9Eri1P7ff8fGqOu09fzfNek17yvRpfF5c1FanD__a2Uv23jv2qHrCW1UBpxfqazRbaDPi78vmkHjgM4_p6dh-cbgfKMg0izbSo-5A_dbb6Yu1khij_o_Do7ufFasemwVb6lYX5SCxFRTlw5HYNOU1p0mVX16rp-w9KHgWoErJxarsXH77ty5wSqJXTlPpJz1UfP-xNIwviLnSwrqMORyRy-bgL0HMuXJBXNKxbYG5kGxfQId5qcDO5fUobNtyCRLNcb75V-WbPRssb-OVCxZngMykjG1pfa-KQRSJvBIlPMIq27QGlJtznX2ry8KYy7h5bfiDtTzuAD_-juAq6HCfzOfULxhzRWuofY0j8ircuu_OXf5tE5DcLRHaQEwp_pAo7FSK3PuVnhw75HZfl9-LyeMNcwtUZ2kdYMRbFIZndKHDif1ckJpCvMxIFw02q4f9Vn6RB9c5kcZr8A_2evhHOnwE8yHr7KZDQBH3yAoaex9KYR3dU5ae42HzC5Zy17GjBFv87bMiJs3DdXJVSyn9Z2_3AGgks16YwwW5WuSHf64vpd7cPCtjAHkxHmKAJlUvc7JGP3HiTRR1qX8DSD44OnQmpD3mCDTU9Vj1TaWyuEJ5mgATPxw7-WVXwEALEmvR5xyFVwu_Bd5uYTCunLVG6qPwUmX21m334EYeYlPuKsTZXtn7D6GbZFucOUsmv4evzpE93Tsk2w_WKCOfEwwxJZyH3BK_59dyWMYHXm1OtZxSLpfZMXLwNy_O-GXJ_2ixY-HF-QT1sv4VlSgq_LevRDjMuV0welyv-8W4D0_QNFsqUD1EJC8wnSFdylN98ugffyzlxx5pnCpQIvxJ_PdA_kUP_B_iIJksOgxO9dyYVsa_8SkYtcWnYhOrvfYTYzeB7MXTS6-jr36FmTbIqKfW6u0L5A28ppXfzmRq1ow3ejoHcsReB5wrJ1oiGWSBA9O5uKY53K7Bwahe5FDR-4vzvQyDTTL3pWzdR215oe-VBP6ZuFPvcj3oSqE9Z28KyZ1SrM3s3Qsj7Eld-RV9V7mnvm7kG8-xzpjriLhF94Q6eF8rtiVu-z_hehH8q_X_zo7CtaCW3ZYFAukoD24LsvZolK-5aMDkzDb7o5Bzoap6rpqXvawf76NADcXpuNQMTpHXPtDUF1zWBbv6FON9E3lZDQocrKUrUYGmhr3Nta5vInLmEMVb2YC5w0DVbxr0md6Z"}
formSubmissionId = BRB0I9V5J-1766382554391
fullURL = https://www-dev.broadridge.com/capability/governance-and-regulatory-compliance/proxy-services/issuer-proxy
page comparison URL = https://www-dev.broadridge.com/financial-services/corporate-issuer/issuer/simplify-the-annual-meeting-process/interactive-online-document-management
..........!!!...Filling the form failed...!!!........
................Header Contact Us Form Filled...................
v2 ContactUs form found on the bottom = false
V2 ContactUs form NOT found on the bottom
V2 Download form NOT found on the bottom
no cookie button
header ContactUs button found = true
emailTimeStamp = automated_TESTTEST_2025-12-22_05_49_54@broadridge.com
📤 Form payload = {"formSubmissionId":"BRN82JISZ-1766382597422","elqFormName":"","elqSiteID":"","datalayerheader":"","contact":"","formgtm":"","elqCustomerGUID":"","elqCookieWrite":"","segment":"","name_first":"First_83028_TESTTEST","name_last":"Last_83028_TESTTEST","email_work":"automated_TESTTEST_2025-12-22_05_49_54@broadridge.com","phone_business":"999-999-9999","job_title":"Job_83028_TESTTEST","Company":"Company_83028_TESTTEST","country":"United States","comment":"This is an automated test submission.  Please ignore.","id":"","so":"","di":"","ct":"","ep":"","ot":"","mt":"","yr":"","rg":"","on":"","sub-source":"","campaignMostRecentID":"","content-id":"","orig-channel":"","campaign-name":"","campaignMostRecentName":"","campaignMostRecentSource":"","campaignMostRecentMedium":"","campaignMostRecentContent":"","campaignMostRecentTerm":"","campaignMostRecentContentID":"","campaignMostRecentSubSource":"","Persistent_utm_medium":"","Persistent_utm_source":"","Persistent_utm_term":"","Persistent_utm_campaign":"","Persistent_Sub_Source":"","Persistent_Content_ID":"","Persistent_Campaign_ID":"","Persistent_utm_content":"","Session_utm_medium":"","Session_utm_source":"","Session_utm_term":"","Session_utm_campaign":"","Session_Sub_Source":"","Session_Content_ID":"","Session_Campaign_ID":"701RN00000RbnVLYAZ","Session_utm_content":"","inquiry":"Gen Enq","fullURL":"https://www-dev.broadridge.com/capability/governance-and-regulatory-compliance/proxy-services/issuer-proxy","page_id":"180041","page_campaign_id":"0","ecid":"","elqCampaignId":"","Formmodel":"flyout","Pagetype":"Products","g-recaptcha-response":"0cAFcWeA6NYgWPraJ01kpqW5DgNQtO3O6XelOcP1lIF9OrTjI-fVlgnZVKc6EddFWxOchkV9HfefHM_WqJ5JInARwXqFNjYQjp5G6Oc16VHMwY7sEytuNAH8WJ1W8mTfeqxOpOSxBAB1LSSGfPPGVCXwdRP6F0ERB3A1jcHI94Q-9Ul0RsSoDx3YDH-Ji4A1dh_xo56rykWU7wOFKE-M4WJdaK45tPI39SOdHjaHIgMIhkQF276FQTZKqgM15L8ypbRWPn-4WcyPDyn8d3ZRFlZKYnuJi3XHDUNoI2zN0pPa4NbEULp9azplz2sb06cW5pfyCNCY7VsAw5kI87K5XynGcHH_18MAHSlbe5e-bZUxsDac6qDI0I5blQhMfDtZnI_mhUiW_zPCYTupR5tY2KK2Hbo_-5faogN4P_scNfPmFVsMYgtVC5v7iDWo4ewdSNIGTz1Q_p4XTnslvFpjsP7XcrTPuyX4nAv0lVOdKqoRNz0Bcs338kegPDGH78Tjvjz3go597K2MicGcu8sx_bmjP9Uo24RoDOTooyuTzgSXuBr8hm6L0OK1l-5e8Am22dY_hDXgBo33kmXBCwM9Yw7inCvdTQQ0cTUv4VoVOuMRJQt7mdjHga2S_lk7xPXlC4w5Lq7cL-fv1PPAGN9rhI-UnR7aVZ7eYc7RmGHzC5nu45aYlsC2BajcxRfMBVP1h2WFxwP3B_wZoap2L5cxeVDhUf3mIcfftWdQiffCX-3iLR0gbjc-AvAwXwVW9V1GUlJb4Pc18EkL6Wy_DF7FYnT0nYmk9Oulhf96NBNT33RBbUy5GVtaEhJmPWDIy7c7vJaaXZjfu66_9hyBbwXFqwDnUyeoOL6l1IFz_zkMb_Z0j_xrtrkNLpUiCjvv9vGFm1nCK09uaShm5VLi0Y31z8A_5-0NAx32q6CMwtBE8H6YJT8impKP6ZAH3QGQdTLSLw1jAR0qsK4smNMX5N3vjJp2hP2BSG2ey1d9OjO8eRUFgGleZ8JDAxCIHA1baLljJc2qRuEePgyVzYOJTkoOb-fAN7ecQDNfc1NafF6OXhD-CG6KodMOgoMZGvaAoWq6KuKebx7pLhg_5qbuVJvKnxhbvjQo0sdfAejKYbAEGAVtccEuUI7OLxFNPfcd9xaB9h__kpZpJSUygXJaqItEehk9_M1y3vRMju2-Ct2rN59_G6M5BZfyVfS9CeM9qOaydxGhTgfDMlayNhsb_pUpWs5zGppBVnycwvg2TOjEAbqFC0j71iSbJSfhKh0XSLnXGRqzgyAPGWYiY9FaXOZixFjvdymKA3dze-p849Muj6zhTUDe2Ewp6Xl64RqfyIRF2PvuRi42-I_trHzLeC_rAKWNXOil53UEpSIqQkoZdBxKLeaYAxjcmdru-L78QQn9vh6raiEmgywN0rWKBpD6qJvtVGOwgxNhzF6oXynnvbQMA4Z5cdZeq79rhWcXPzctfdPkR4PwNA-kDQwV_8ZQNioiR5m2CVorBeVFwOQdJLjOtydgJNZurGI5gox_7tSWoAmb19NP8KSpxUBnEwdZP3it_z4IF3aCIoVWVtkqfksiqizc_w8A61fA3YWWjo4vYjZUEck5x9OITBVEgg9EI26_-G1F9NcI3ehg"}
form message = Thank you for your interest in Broadridge.
A representative will contact you within 24 business hours.
formpayload for validation = {"formSubmissionId":"BRN82JISZ-1766382597422","elqFormName":"","elqSiteID":"","datalayerheader":"","contact":"","formgtm":"","elqCustomerGUID":"","elqCookieWrite":"","segment":"","name_first":"First_83028_TESTTEST","name_last":"Last_83028_TESTTEST","email_work":"automated_TESTTEST_2025-12-22_05_49_54@broadridge.com","phone_business":"999-999-9999","job_title":"Job_83028_TESTTEST","Company":"Company_83028_TESTTEST","country":"United States","comment":"This is an automated test submission.  Please ignore.","id":"","so":"","di":"","ct":"","ep":"","ot":"","mt":"","yr":"","rg":"","on":"","sub-source":"","campaignMostRecentID":"","content-id":"","orig-channel":"","campaign-name":"","campaignMostRecentName":"","campaignMostRecentSource":"","campaignMostRecentMedium":"","campaignMostRecentContent":"","campaignMostRecentTerm":"","campaignMostRecentContentID":"","campaignMostRecentSubSource":"","Persistent_utm_medium":"","Persistent_utm_source":"","Persistent_utm_term":"","Persistent_utm_campaign":"","Persistent_Sub_Source":"","Persistent_Content_ID":"","Persistent_Campaign_ID":"","Persistent_utm_content":"","Session_utm_medium":"","Session_utm_source":"","Session_utm_term":"","Session_utm_campaign":"","Session_Sub_Source":"","Session_Content_ID":"","Session_Campaign_ID":"701RN00000RbnVLYAZ","Session_utm_content":"","inquiry":"Gen Enq","fullURL":"https://www-dev.broadridge.com/capability/governance-and-regulatory-compliance/proxy-services/issuer-proxy","page_id":"180041","page_campaign_id":"0","ecid":"","elqCampaignId":"","Formmodel":"flyout","Pagetype":"Products","g-recaptcha-response":"0cAFcWeA6NYgWPraJ01kpqW5DgNQtO3O6XelOcP1lIF9OrTjI-fVlgnZVKc6EddFWxOchkV9HfefHM_WqJ5JInARwXqFNjYQjp5G6Oc16VHMwY7sEytuNAH8WJ1W8mTfeqxOpOSxBAB1LSSGfPPGVCXwdRP6F0ERB3A1jcHI94Q-9Ul0RsSoDx3YDH-Ji4A1dh_xo56rykWU7wOFKE-M4WJdaK45tPI39SOdHjaHIgMIhkQF276FQTZKqgM15L8ypbRWPn-4WcyPDyn8d3ZRFlZKYnuJi3XHDUNoI2zN0pPa4NbEULp9azplz2sb06cW5pfyCNCY7VsAw5kI87K5XynGcHH_18MAHSlbe5e-bZUxsDac6qDI0I5blQhMfDtZnI_mhUiW_zPCYTupR5tY2KK2Hbo_-5faogN4P_scNfPmFVsMYgtVC5v7iDWo4ewdSNIGTz1Q_p4XTnslvFpjsP7XcrTPuyX4nAv0lVOdKqoRNz0Bcs338kegPDGH78Tjvjz3go597K2MicGcu8sx_bmjP9Uo24RoDOTooyuTzgSXuBr8hm6L0OK1l-5e8Am22dY_hDXgBo33kmXBCwM9Yw7inCvdTQQ0cTUv4VoVOuMRJQt7mdjHga2S_lk7xPXlC4w5Lq7cL-fv1PPAGN9rhI-UnR7aVZ7eYc7RmGHzC5nu45aYlsC2BajcxRfMBVP1h2WFxwP3B_wZoap2L5cxeVDhUf3mIcfftWdQiffCX-3iLR0gbjc-AvAwXwVW9V1GUlJb4Pc18EkL6Wy_DF7FYnT0nYmk9Oulhf96NBNT33RBbUy5GVtaEhJmPWDIy7c7vJaaXZjfu66_9hyBbwXFqwDnUyeoOL6l1IFz_zkMb_Z0j_xrtrkNLpUiCjvv9vGFm1nCK09uaShm5VLi0Y31z8A_5-0NAx32q6CMwtBE8H6YJT8impKP6ZAH3QGQdTLSLw1jAR0qsK4smNMX5N3vjJp2hP2BSG2ey1d9OjO8eRUFgGleZ8JDAxCIHA1baLljJc2qRuEePgyVzYOJTkoOb-fAN7ecQDNfc1NafF6OXhD-CG6KodMOgoMZGvaAoWq6KuKebx7pLhg_5qbuVJvKnxhbvjQo0sdfAejKYbAEGAVtccEuUI7OLxFNPfcd9xaB9h__kpZpJSUygXJaqItEehk9_M1y3vRMju2-Ct2rN59_G6M5BZfyVfS9CeM9qOaydxGhTgfDMlayNhsb_pUpWs5zGppBVnycwvg2TOjEAbqFC0j71iSbJSfhKh0XSLnXGRqzgyAPGWYiY9FaXOZixFjvdymKA3dze-p849Muj6zhTUDe2Ewp6Xl64RqfyIRF2PvuRi42-I_trHzLeC_rAKWNXOil53UEpSIqQkoZdBxKLeaYAxjcmdru-L78QQn9vh6raiEmgywN0rWKBpD6qJvtVGOwgxNhzF6oXynnvbQMA4Z5cdZeq79rhWcXPzctfdPkR4PwNA-kDQwV_8ZQNioiR5m2CVorBeVFwOQdJLjOtydgJNZurGI5gox_7tSWoAmb19NP8KSpxUBnEwdZP3it_z4IF3aCIoVWVtkqfksiqizc_w8A61fA3YWWjo4vYjZUEck5x9OITBVEgg9EI26_-G1F9NcI3ehg"}
formSubmissionId = BRN82JISZ-1766382597422
fullURL = https://www-dev.broadridge.com/capability/governance-and-regulatory-compliance/proxy-services/issuer-proxy
page comparison URL = https://www-dev.broadridge.com/financial-services/corporate-issuer/issuer/simplify-the-annual-meeting-process/shareholder-meeting-registration
..........!!!...Filling the form failed...!!!........
................Header Contact Us Form Filled...................
v2 ContactUs form found on the bottom = false
V2 ContactUs form NOT found on the bottom
V2 Download form NOT found on the bottom
no cookie button
header ContactUs button found = true
emailTimeStamp = automated_TESTTEST_2025-12-22_05_50_37@broadridge.com
📤 Form payload = {"formSubmissionId":"BR61L70WP-1766382639946","elqFormName":"","elqSiteID":"","datalayerheader":"","contact":"","formgtm":"","elqCustomerGUID":"","elqCookieWrite":"","segment":"","name_first":"First_83028_TESTTEST","name_last":"Last_83028_TESTTEST","email_work":"automated_TESTTEST_2025-12-22_05_50_37@broadridge.com","phone_business":"999-999-9999","job_title":"Job_83028_TESTTEST","Company":"Company_83028_TESTTEST","country":"United States","comment":"This is an automated test submission.  Please ignore.","id":"","so":"","di":"","ct":"","ep":"","ot":"","mt":"","yr":"","rg":"","on":"","sub-source":"","campaignMostRecentID":"","content-id":"","orig-channel":"","campaign-name":"","campaignMostRecentName":"","campaignMostRecentSource":"","campaignMostRecentMedium":"","campaignMostRecentContent":"","campaignMostRecentTerm":"","campaignMostRecentContentID":"","campaignMostRecentSubSource":"","Persistent_utm_medium":"","Persistent_utm_source":"","Persistent_utm_term":"","Persistent_utm_campaign":"","Persistent_Sub_Source":"","Persistent_Content_ID":"","Persistent_Campaign_ID":"","Persistent_utm_content":"","Session_utm_medium":"","Session_utm_source":"","Session_utm_term":"","Session_utm_campaign":"","Session_Sub_Source":"","Session_Content_ID":"","Session_Campaign_ID":"701RN00000RbnVLYAZ","Session_utm_content":"","inquiry":"Gen Enq","fullURL":"https://www-dev.broadridge.com/press-release/2012/broadridge-trade-confirmation-matching-solution","page_id":"177489","page_campaign_id":"","ecid":"","elqCampaignId":"","Formmodel":"flyout","Pagetype":"Press Release","g-recaptcha-response":"0cAFcWeA5o_H1_WLWmxQa98Nl36pT_J0LDrrAtUQdR6gpvHb7by84PX1wC4nS_-QkS7zikr0wLeMrCjp1pfKgwdRO63Xc1JWeSnCW1K7Y2DnW9hGpCDQSSIEnkbAulPK7K9Ncn_YGRnN45GjcVbGxxul6Li5079DPKllPjY74xXrQcsmDyyCmAQibtSprgSsQJGbv-rUkrrMIivJHJzA8b9rGmjrcNBhc3l9zD3NTI4uzIZKcj6lr2LeRfUpZvmZ3BolWJ0C2HISY70tOkdAU9oKkaoyw_WMLjiDiu-lcZiWru4rMpMyeXVglCqdXTq3lskBLZSiQU32mhJnO0Rg3hYeZBXrN83DF_AhMgIDCgwLBN2KSX_XO5pRprtWgAAkA6qhKFKJgLv_FLRkB5wXpdlOsm-GXrowJWUOsttumKszLbvTl7nrYytlx3-mmjuey9qiZ-Vj68j2i4VtzBH_9Kwart1p7q7sBfe6hh9RPJsjFpqdWj87iScCMuJ7Ak4ogHiuo2ICcUNlYqMsRNW-VijjSkedVsMNfBK51l2RqYSNLaejGtrMKhakBNZD38fqVtQFYPl4OiH-yjADTa-nGyL4MDrGztWoXtx4kjNJVXzXckZlIrlag1UNq--a1IsHPYiajRzZXvhQqGgpFj1hvKKl-foNBGJTRhV6r9-BSSuQIhoADjrgUQ4-v5ds9ua_ZAy0Gia7PiNUJZByqz19Sd4DSavK2m1ZH6zhqZQNNnjEXhw5mDd72Ps24nCkmgtQ56CWh4e4L4DcZ79LV52hI-f44x-v2hCwbnM2kGgjLXTafKtSgIQrDETrfI322-SvT29njm6gWVY505mOQIKt3quOCZwHvu04OMyY8LMSo-Ds5HG7sEYVxOu6vURRAan7O1KCIa2yzUOzhU594kLLSIe9wzZ8MG0lgRZ2mPfyziGtCu9o3RZ33hSkMTS1UGVOx7kr-ThEspvmPyBeqoUatDs59XYLSLJi_HOIhwDvNzxLlBT_EnEaF9oP1XCU2CFPztBLsihWfpdF8O2OC2bXuaAj0nMKMLpUqnlZUtQMs5kSwlxEZQ7EvPE_FR5Fki1bw1XPYcdfVKxTpHkYwUnxBgkCd-Y5sM2UjsFB5jAQuGmL224vhXWimScQ9Uo2IhhT3RxrPwS3B3F9UjtqVGVZBNWS1K_qk57NJCAJDyXghK2HNwSRECjEVCqCCkiUpds8KUmqrCIUIpds-L2Cw52eTlKbnUMyH6l6YRLsnpCLyYYJPbV9k4m4tkv5teQJBoilw7egfXJqWaNvCl1uVgS-Y9symuvRMpUU3CbT2IVumcVMFooQfqCfzWVqJJCjBBWcRlhCeUn3nTXk_z36UU-zN8PuIzMxkFfoM6HjWRrXT9tW-CWN-v3FW855E51hFMZDtP-TrXtXl6KFZQy1aZ4iN9k3ZxBaSIOgzSaWirmWUWzR-y3TCXZcnTndZEPcfl3RKuAJBidAo61FYEJPoAiei7W6KzMp7YQ_J3CnRnqrOb_kCdTFHQyuw-zVXzpyCWWpZYz4TEwYEZRyRhDNhVVkrAUqeLQy0cBF8idWN95csFOpQ4Je_067DHRc3wGNLETaQNCPBlZBaIh2RlbF1fLdnw8X4KcYB2_GJ0pQ"}
form message = Thank you for your interest in Broadridge.
A representative will contact you within 24 business hours.
formpayload for validation = {"formSubmissionId":"BR61L70WP-1766382639946","elqFormName":"","elqSiteID":"","datalayerheader":"","contact":"","formgtm":"","elqCustomerGUID":"","elqCookieWrite":"","segment":"","name_first":"First_83028_TESTTEST","name_last":"Last_83028_TESTTEST","email_work":"automated_TESTTEST_2025-12-22_05_50_37@broadridge.com","phone_business":"999-999-9999","job_title":"Job_83028_TESTTEST","Company":"Company_83028_TESTTEST","country":"United States","comment":"This is an automated test submission.  Please ignore.","id":"","so":"","di":"","ct":"","ep":"","ot":"","mt":"","yr":"","rg":"","on":"","sub-source":"","campaignMostRecentID":"","content-id":"","orig-channel":"","campaign-name":"","campaignMostRecentName":"","campaignMostRecentSource":"","campaignMostRecentMedium":"","campaignMostRecentContent":"","campaignMostRecentTerm":"","campaignMostRecentContentID":"","campaignMostRecentSubSource":"","Persistent_utm_medium":"","Persistent_utm_source":"","Persistent_utm_term":"","Persistent_utm_campaign":"","Persistent_Sub_Source":"","Persistent_Content_ID":"","Persistent_Campaign_ID":"","Persistent_utm_content":"","Session_utm_medium":"","Session_utm_source":"","Session_utm_term":"","Session_utm_campaign":"","Session_Sub_Source":"","Session_Content_ID":"","Session_Campaign_ID":"701RN00000RbnVLYAZ","Session_utm_content":"","inquiry":"Gen Enq","fullURL":"https://www-dev.broadridge.com/press-release/2012/broadridge-trade-confirmation-matching-solution","page_id":"177489","page_campaign_id":"","ecid":"","elqCampaignId":"","Formmodel":"flyout","Pagetype":"Press Release","g-recaptcha-response":"0cAFcWeA5o_H1_WLWmxQa98Nl36pT_J0LDrrAtUQdR6gpvHb7by84PX1wC4nS_-QkS7zikr0wLeMrCjp1pfKgwdRO63Xc1JWeSnCW1K7Y2DnW9hGpCDQSSIEnkbAulPK7K9Ncn_YGRnN45GjcVbGxxul6Li5079DPKllPjY74xXrQcsmDyyCmAQibtSprgSsQJGbv-rUkrrMIivJHJzA8b9rGmjrcNBhc3l9zD3NTI4uzIZKcj6lr2LeRfUpZvmZ3BolWJ0C2HISY70tOkdAU9oKkaoyw_WMLjiDiu-lcZiWru4rMpMyeXVglCqdXTq3lskBLZSiQU32mhJnO0Rg3hYeZBXrN83DF_AhMgIDCgwLBN2KSX_XO5pRprtWgAAkA6qhKFKJgLv_FLRkB5wXpdlOsm-GXrowJWUOsttumKszLbvTl7nrYytlx3-mmjuey9qiZ-Vj68j2i4VtzBH_9Kwart1p7q7sBfe6hh9RPJsjFpqdWj87iScCMuJ7Ak4ogHiuo2ICcUNlYqMsRNW-VijjSkedVsMNfBK51l2RqYSNLaejGtrMKhakBNZD38fqVtQFYPl4OiH-yjADTa-nGyL4MDrGztWoXtx4kjNJVXzXckZlIrlag1UNq--a1IsHPYiajRzZXvhQqGgpFj1hvKKl-foNBGJTRhV6r9-BSSuQIhoADjrgUQ4-v5ds9ua_ZAy0Gia7PiNUJZByqz19Sd4DSavK2m1ZH6zhqZQNNnjEXhw5mDd72Ps24nCkmgtQ56CWh4e4L4DcZ79LV52hI-f44x-v2hCwbnM2kGgjLXTafKtSgIQrDETrfI322-SvT29njm6gWVY505mOQIKt3quOCZwHvu04OMyY8LMSo-Ds5HG7sEYVxOu6vURRAan7O1KCIa2yzUOzhU594kLLSIe9wzZ8MG0lgRZ2mPfyziGtCu9o3RZ33hSkMTS1UGVOx7kr-ThEspvmPyBeqoUatDs59XYLSLJi_HOIhwDvNzxLlBT_EnEaF9oP1XCU2CFPztBLsihWfpdF8O2OC2bXuaAj0nMKMLpUqnlZUtQMs5kSwlxEZQ7EvPE_FR5Fki1bw1XPYcdfVKxTpHkYwUnxBgkCd-Y5sM2UjsFB5jAQuGmL224vhXWimScQ9Uo2IhhT3RxrPwS3B3F9UjtqVGVZBNWS1K_qk57NJCAJDyXghK2HNwSRECjEVCqCCkiUpds8KUmqrCIUIpds-L2Cw52eTlKbnUMyH6l6YRLsnpCLyYYJPbV9k4m4tkv5teQJBoilw7egfXJqWaNvCl1uVgS-Y9symuvRMpUU3CbT2IVumcVMFooQfqCfzWVqJJCjBBWcRlhCeUn3nTXk_z36UU-zN8PuIzMxkFfoM6HjWRrXT9tW-CWN-v3FW855E51hFMZDtP-TrXtXl6KFZQy1aZ4iN9k3ZxBaSIOgzSaWirmWUWzR-y3TCXZcnTndZEPcfl3RKuAJBidAo61FYEJPoAiei7W6KzMp7YQ_J3CnRnqrOb_kCdTFHQyuw-zVXzpyCWWpZYz4TEwYEZRyRhDNhVVkrAUqeLQy0cBF8idWN95csFOpQ4Je_067DHRc3wGNLETaQNCPBlZBaIh2RlbF1fLdnw8X4KcYB2_GJ0pQ"}
formSubmissionId = BR61L70WP-1766382639946
fullURL = https://www-dev.broadridge.com/press-release/2012/broadridge-trade-confirmation-matching-solution
page comparison URL = https://www-dev.broadridge.com/press-release/2012/broadridge-trade-confirmation-matching-solution
................Header Contact Us Form Filled...................
V2 ContactUs form NOT found on the bottom
V2 Download form NOT found on the bottom
no cookie button
header ContactUs button found = true
emailTimeStamp = automated_TESTTEST_2025-12-22_05_51_17@broadridge.com
📤 Form payload = {"formSubmissionId":"BRJ5Q809J-1766382679994","elqFormName":"","elqSiteID":"","datalayerheader":"","contact":"","formgtm":"","elqCustomerGUID":"","elqCookieWrite":"","segment":"","name_first":"First_83028_TESTTEST","name_last":"Last_83028_TESTTEST","email_work":"automated_TESTTEST_2025-12-22_05_51_17@broadridge.com","phone_business":"999-999-9999","job_title":"Job_83028_TESTTEST","Company":"Company_83028_TESTTEST","country":"United States","comment":"This is an automated test submission.  Please ignore.","id":"","so":"","di":"","ct":"","ep":"","ot":"","mt":"","yr":"","rg":"","on":"","sub-source":"","campaignMostRecentID":"","content-id":"","orig-channel":"","campaign-name":"","campaignMostRecentName":"","campaignMostRecentSource":"","campaignMostRecentMedium":"","campaignMostRecentContent":"","campaignMostRecentTerm":"","campaignMostRecentContentID":"","campaignMostRecentSubSource":"","Persistent_utm_medium":"","Persistent_utm_source":"","Persistent_utm_term":"","Persistent_utm_campaign":"","Persistent_Sub_Source":"","Persistent_Content_ID":"","Persistent_Campaign_ID":"","Persistent_utm_content":"","Session_utm_medium":"","Session_utm_source":"","Session_utm_term":"","Session_utm_campaign":"","Session_Sub_Source":"","Session_Content_ID":"","Session_Campaign_ID":"701RN00000RbnVLYAZ","Session_utm_content":"","inquiry":"Gen Enq","fullURL":"https://www-dev.broadridge.com/press-release/2012/matrix-expands-trueopen-architecture-platform","page_id":"177726","page_campaign_id":"","ecid":"","elqCampaignId":"","Formmodel":"flyout","Pagetype":"Press Release","g-recaptcha-response":"0cAFcWeA5XwhiqtM5H2o_K4rhrXNyDS08F_gTZ3ByRowHV5gMG6gQci5YvjTrMPi-5N-8fNl8jFx8wQTdRlO4VVjP43bIHv5t8KEHGY3OkUh7Vrdh7T6ZGnySX0qrP_L-MzzjM6ZJ-C0RWPjv4lZ622YnxvZ0fd-C5paTmlhlvfxdV-w9t1KmWh77nLOxxQjAlYZ8AbzRKjFcoQzkZ4B2zhdK3alAjBxjHFHp4Iz0OGnsz2k8pf2Y4NVx_Q27TgoCWYmh-0OvO79WvHY5k_9iFsWhjo7oY9JZe25SpMs3v7nfxcHJ0s55ez5HWxTNyGv-nQt65XVQJ9vDE-W0uO8mqdg99n4eV7j5PVewmCQBdOWgv-ppCgOLnekupB8H9N0oNNcLMn4QHhoETWdP4U0pwp6WtMOW3w7Zro9RKGik2o55pfvDry4qeXnLDxFAre1nf_w4o_a8av_MXMvX7-4XU9VoM7Ef-BmcCElup107mGfphb2Sgcu53D_6JUSN4Tio3KisIt_fzU5JfyHXWFTPk2xPtizomW4zZgSewOxyLAzmcHIjXQ3Ao7UE_DXbhCFYRePCKFILCY7_F3wyDBdflPvl222K1vE_wuENoBexmHPaXeGVf66_c5yFtlG4BssKtdmAxDN1QZnSAPrDq1DdxYkSee6ZR25uaKox53GzYCKZ_vUfJLhdKvoNLVZHiMlqcHEzonrWTXsqmA2rylnG4A_p1gvd0rddH99iRBBeDTEb8Dn_sMoIggwMyP6ZRKHOsBSyfN8KfU8HKZjNrBnHq5qcLJYP36Qnew8ya5Dhb5w1FCpNzJ89hUDnqUezoyyq59e46pw7-OXZNxQiCAfmAI7okEXsx6gJlNASuz4K8kdbf67P2B097C3mk1o1eSFqRUXg9Zcr-BABn8A_pT3uiVzsE2mKkq0CU7k1fysEX_c_xhM7Ki1syn25fkngURCKybw4xlMiIp9Vj3fFl2s5I50dw9qCGvUT4AxHYYMfQ7ypVN0gug7SPP0GJ3BIgri3PJP3MaAAcAkmUvCEAXFD1Ba6AwEXXv4U4X4pRGJHHZiTt739pJ68qe8pXDp3GVz-Mb3ZyA_Ihv0ZuWxPisHLVaMDs-uSIKfjaJZMkegasy3pXPJ-VhrP2_vfEWlWncCNySDiYcdvjFOzGnsBzgRHuV4lDCeCkKglBIeyz_7WBodZD6OqTBEcpkvoVf5OYwCmQvzdcuBBzW1SOnk3o97Db2RPhb-m4jzF5nuTSaBhTPAmIEHX6varp7b0MZj_XAqZgpd230fiQNrbsvPd_PcSq9H9j8iA82oNvJlWEyVPhr14wXx5pLnB69WNLFR0RPnihlU9fJCzXgL4njfjyLyVues8tusmwDCSRcBOL-5zP1nH1dQCeXIX8GUxHsmW9Uz5UJZCBwZ6n_cn61FH7sh3L9UUxEwGz_R317GPWGsi6ZUXBtrS4mw57524OVLmvuV8wtPyd0pYb9A3BTwIC3BnW7tXyfxqNSIsOB_ul9HTP-ANfyiPHWHL2r9hurzxJ8ty1G5v3mJ5-CFdzj3WZrJkueqwnXGQGMqDMYpYMoNpNX0ZAm1IEv_IeTQFGFTcUr-fASAM7PEcjukbs"}
form message = Thank you for your interest in Broadridge.
A representative will contact you within 24 business hours.
formpayload for validation = {"formSubmissionId":"BRJ5Q809J-1766382679994","elqFormName":"","elqSiteID":"","datalayerheader":"","contact":"","formgtm":"","elqCustomerGUID":"","elqCookieWrite":"","segment":"","name_first":"First_83028_TESTTEST","name_last":"Last_83028_TESTTEST","email_work":"automated_TESTTEST_2025-12-22_05_51_17@broadridge.com","phone_business":"999-999-9999","job_title":"Job_83028_TESTTEST","Company":"Company_83028_TESTTEST","country":"United States","comment":"This is an automated test submission.  Please ignore.","id":"","so":"","di":"","ct":"","ep":"","ot":"","mt":"","yr":"","rg":"","on":"","sub-source":"","campaignMostRecentID":"","content-id":"","orig-channel":"","campaign-name":"","campaignMostRecentName":"","campaignMostRecentSource":"","campaignMostRecentMedium":"","campaignMostRecentContent":"","campaignMostRecentTerm":"","campaignMostRecentContentID":"","campaignMostRecentSubSource":"","Persistent_utm_medium":"","Persistent_utm_source":"","Persistent_utm_term":"","Persistent_utm_campaign":"","Persistent_Sub_Source":"","Persistent_Content_ID":"","Persistent_Campaign_ID":"","Persistent_utm_content":"","Session_utm_medium":"","Session_utm_source":"","Session_utm_term":"","Session_utm_campaign":"","Session_Sub_Source":"","Session_Content_ID":"","Session_Campaign_ID":"701RN00000RbnVLYAZ","Session_utm_content":"","inquiry":"Gen Enq","fullURL":"https://www-dev.broadridge.com/press-release/2012/matrix-expands-trueopen-architecture-platform","page_id":"177726","page_campaign_id":"","ecid":"","elqCampaignId":"","Formmodel":"flyout","Pagetype":"Press Release","g-recaptcha-response":"0cAFcWeA5XwhiqtM5H2o_K4rhrXNyDS08F_gTZ3ByRowHV5gMG6gQci5YvjTrMPi-5N-8fNl8jFx8wQTdRlO4VVjP43bIHv5t8KEHGY3OkUh7Vrdh7T6ZGnySX0qrP_L-MzzjM6ZJ-C0RWPjv4lZ622YnxvZ0fd-C5paTmlhlvfxdV-w9t1KmWh77nLOxxQjAlYZ8AbzRKjFcoQzkZ4B2zhdK3alAjBxjHFHp4Iz0OGnsz2k8pf2Y4NVx_Q27TgoCWYmh-0OvO79WvHY5k_9iFsWhjo7oY9JZe25SpMs3v7nfxcHJ0s55ez5HWxTNyGv-nQt65XVQJ9vDE-W0uO8mqdg99n4eV7j5PVewmCQBdOWgv-ppCgOLnekupB8H9N0oNNcLMn4QHhoETWdP4U0pwp6WtMOW3w7Zro9RKGik2o55pfvDry4qeXnLDxFAre1nf_w4o_a8av_MXMvX7-4XU9VoM7Ef-BmcCElup107mGfphb2Sgcu53D_6JUSN4Tio3KisIt_fzU5JfyHXWFTPk2xPtizomW4zZgSewOxyLAzmcHIjXQ3Ao7UE_DXbhCFYRePCKFILCY7_F3wyDBdflPvl222K1vE_wuENoBexmHPaXeGVf66_c5yFtlG4BssKtdmAxDN1QZnSAPrDq1DdxYkSee6ZR25uaKox53GzYCKZ_vUfJLhdKvoNLVZHiMlqcHEzonrWTXsqmA2rylnG4A_p1gvd0rddH99iRBBeDTEb8Dn_sMoIggwMyP6ZRKHOsBSyfN8KfU8HKZjNrBnHq5qcLJYP36Qnew8ya5Dhb5w1FCpNzJ89hUDnqUezoyyq59e46pw7-OXZNxQiCAfmAI7okEXsx6gJlNASuz4K8kdbf67P2B097C3mk1o1eSFqRUXg9Zcr-BABn8A_pT3uiVzsE2mKkq0CU7k1fysEX_c_xhM7Ki1syn25fkngURCKybw4xlMiIp9Vj3fFl2s5I50dw9qCGvUT4AxHYYMfQ7ypVN0gug7SPP0GJ3BIgri3PJP3MaAAcAkmUvCEAXFD1Ba6AwEXXv4U4X4pRGJHHZiTt739pJ68qe8pXDp3GVz-Mb3ZyA_Ihv0ZuWxPisHLVaMDs-uSIKfjaJZMkegasy3pXPJ-VhrP2_vfEWlWncCNySDiYcdvjFOzGnsBzgRHuV4lDCeCkKglBIeyz_7WBodZD6OqTBEcpkvoVf5OYwCmQvzdcuBBzW1SOnk3o97Db2RPhb-m4jzF5nuTSaBhTPAmIEHX6varp7b0MZj_XAqZgpd230fiQNrbsvPd_PcSq9H9j8iA82oNvJlWEyVPhr14wXx5pLnB69WNLFR0RPnihlU9fJCzXgL4njfjyLyVues8tusmwDCSRcBOL-5zP1nH1dQCeXIX8GUxHsmW9Uz5UJZCBwZ6n_cn61FH7sh3L9UUxEwGz_R317GPWGsi6ZUXBtrS4mw57524OVLmvuV8wtPyd0pYb9A3BTwIC3BnW7tXyfxqNSIsOB_ul9HTP-ANfyiPHWHL2r9hurzxJ8ty1G5v3mJ5-CFdzj3WZrJkueqwnXGQGMqDMYpYMoNpNX0ZAm1IEv_IeTQFGFTcUr-fASAM7PEcjukbs"}
formSubmissionId = BRJ5Q809J-1766382679994
fullURL = https://www-dev.broadridge.com/press-release/2012/matrix-expands-trueopen-architecture-platform
page comparison URL = https://www-dev.broadridge.com/press-release/2012/matrix-expands-trueopen-architecture-platform
................Header Contact Us Form Filled...................
V2 ContactUs form NOT found on the bottom
V2 Download form NOT found on the bottom
no cookie button
header ContactUs button found = true
emailTimeStamp = automated_TESTTEST_2025-12-22_05_51_57@broadridge.com
📤 Form payload = {"formSubmissionId":"BRIPSQ6FK-1766382720100","elqFormName":"","elqSiteID":"","datalayerheader":"","contact":"","formgtm":"","elqCustomerGUID":"","elqCookieWrite":"","segment":"","name_first":"First_83028_TESTTEST","name_last":"Last_83028_TESTTEST","email_work":"automated_TESTTEST_2025-12-22_05_51_57@broadridge.com","phone_business":"999-999-9999","job_title":"Job_83028_TESTTEST","Company":"Company_83028_TESTTEST","country":"United States","comment":"This is an automated test submission.  Please ignore.","id":"","so":"","di":"","ct":"","ep":"","ot":"","mt":"","yr":"","rg":"","on":"","sub-source":"","campaignMostRecentID":"","content-id":"","orig-channel":"","campaign-name":"","campaignMostRecentName":"","campaignMostRecentSource":"","campaignMostRecentMedium":"","campaignMostRecentContent":"","campaignMostRecentTerm":"","campaignMostRecentContentID":"","campaignMostRecentSubSource":"","Persistent_utm_medium":"","Persistent_utm_source":"","Persistent_utm_term":"","Persistent_utm_campaign":"","Persistent_Sub_Source":"","Persistent_Content_ID":"","Persistent_Campaign_ID":"","Persistent_utm_content":"","Session_utm_medium":"","Session_utm_source":"","Session_utm_term":"","Session_utm_campaign":"","Session_Sub_Source":"","Session_Content_ID":"","Session_Campaign_ID":"701RN00000RbnVLYAZ","Session_utm_content":"","inquiry":"Gen Enq","fullURL":"https://www-dev.broadridge.com/press-release/2012/jose-contin-to-lead-broadridge-city-networks-expansion-in-emea","page_id":"177499","page_campaign_id":"","ecid":"","elqCampaignId":"","Formmodel":"flyout","Pagetype":"Press Release","g-recaptcha-response":"0cAFcWeA4zBpHO1J2koM9r2qJHowv9UzZxJemkh-f7KsAwr3MMJ4-cQDEwqaFH9jipY2JunX_BTlkwXPr6GXIKiLqMgJk9xH_UMteVi7qo8HTa1NWgQrFGW5sElPCkq1AAfuLIyszc01_yg_cS88CqwJg6MW55m7fi6k0JAPbiSmoO_wlCKr9LdoeVeP6gSJ01iLLhIJwrXQwGa7xACeDMqbL5hKMaZ35rOC09TOk8IM3TbGrNJqn4tf3p_sJe-05rVaCDIJOMUVnHPcZQ0pvYqvbNlpDQcQefJXB4XXrQ5YA9L3HITWCBpFiaZWET10DOAlxthg6sjmTxsivSRPz2VxWKiBN4Ybxzhc7qgLCIIGSwZ0Xj-k8kHI9DoOae_k5kqiJT2Mzzyxbe-jYDtIFX35-4sv76AcFbR2zmKlc8OoNA7sXg7iAZSN_g8FxowW2rNzPWvrzMZN7qzklQjtlB839pmcKtLMzBxRHgKzPHFPE7Kq-mcbh0dSr5-7afoR-j8F0uL9UTqh_npxsPI3R4y8NhaFyqTxCAvs4lEoHDsBHU7ZjmexuINuUKhckz71u4LrRMxb5JVIhab5eHEHjBxrUjvR6k86_mbTMg0ezGvUFO2h81EaX6I_zXmPiB0cb3XCmIF8JtsaACZhnCvNSj9w0i4V2MRkiljIO0Aota4vDCpOW58MXxCJd-LE_PJgtdt97cmTXzU1V4B2MAt23GjypE9WLOpXOy_tdmGMQfRCMcgajQN_wvRF6wHMnNhCPhXLdBxelr8rpjamGMMb3hcZ5j4DlUDvWoU_V8s6_salI1xqOMdTEDuWzArDkTKafY-jgsIKySoDmnWA-zK9AUfhp428nJJkab2h6zWn-WzjShO8a4gZ8uV3SplbBx3lxFgDgucQMeY0XOBVVddfj8va2nmIMWVVxBNMifoMS5r6xc_Y_MgqLYgAesKUQVRIraOfUYWjohs80aUgp6hB-BcogxkriuWNTOHsr-lJJv7YUmRCIisCMhugUpbNPh-QWiB7VKwBOJyVw2xvV_pPbi_GeaQTsKhhLMiU3TzsZv9mkf8d_NsnYrSpdahlVNpzn4o8qSSruRBG2G-NBPQJOyF5BtPRjIWPnyh0_VS-8_TYceV-QtAV71ctCTawnvXcpQCpU_tcNajzxZY_AxhAEermMYtGIupjjfbnBtMmjbB-R8T54zRxAGD4ZwXN7JKaEZgdjyUpwxmYSpyafmXkOHaqllZRLUWxylBkrdBKuaVOTU8Fo-0xKWAI8-rMYvQYe2JL28ue-bn-llUiaQr1t9qH3uk26BzoH-aiXkMhClo4yZSivRJ7iGqbylS8wxn9pByJ2XZfomop7CS5Tzp7AJIzw52AWXrbuA3Fz0r9HqvprBpspIZD6WaxJrz63IsKMXendDfUu1j9dT6QpQN1VlEyFMKWNqtC9CsQCKCfdQz2RpbSlenE_hh4xFrSHQNQLMNUW-jJPyTYyGQ3wiz4I-yJs3oLU3Tvldllt-ZvtifvsyXJTMtvopb9B0fLFDc8UfdtSIw2e6b4m5GoMztCcpSy_p17K-3NqbkqrzhYZpZ8jSkL27JypNNQ2LALz1gPgudJ3qnkxIF2ziM-QuXhoZrpuRt3uWCqYlAT1G3LImDqHhnltaBuPYZgo"}
form message = Thank you for your interest in Broadridge.
A representative will contact you within 24 business hours.
formpayload for validation = {"formSubmissionId":"BRIPSQ6FK-1766382720100","elqFormName":"","elqSiteID":"","datalayerheader":"","contact":"","formgtm":"","elqCustomerGUID":"","elqCookieWrite":"","segment":"","name_first":"First_83028_TESTTEST","name_last":"Last_83028_TESTTEST","email_work":"automated_TESTTEST_2025-12-22_05_51_57@broadridge.com","phone_business":"999-999-9999","job_title":"Job_83028_TESTTEST","Company":"Company_83028_TESTTEST","country":"United States","comment":"This is an automated test submission.  Please ignore.","id":"","so":"","di":"","ct":"","ep":"","ot":"","mt":"","yr":"","rg":"","on":"","sub-source":"","campaignMostRecentID":"","content-id":"","orig-channel":"","campaign-name":"","campaignMostRecentName":"","campaignMostRecentSource":"","campaignMostRecentMedium":"","campaignMostRecentContent":"","campaignMostRecentTerm":"","campaignMostRecentContentID":"","campaignMostRecentSubSource":"","Persistent_utm_medium":"","Persistent_utm_source":"","Persistent_utm_term":"","Persistent_utm_campaign":"","Persistent_Sub_Source":"","Persistent_Content_ID":"","Persistent_Campaign_ID":"","Persistent_utm_content":"","Session_utm_medium":"","Session_utm_source":"","Session_utm_term":"","Session_utm_campaign":"","Session_Sub_Source":"","Session_Content_ID":"","Session_Campaign_ID":"701RN00000RbnVLYAZ","Session_utm_content":"","inquiry":"Gen Enq","fullURL":"https://www-dev.broadridge.com/press-release/2012/jose-contin-to-lead-broadridge-city-networks-expansion-in-emea","page_id":"177499","page_campaign_id":"","ecid":"","elqCampaignId":"","Formmodel":"flyout","Pagetype":"Press Release","g-recaptcha-response":"0cAFcWeA4zBpHO1J2koM9r2qJHowv9UzZxJemkh-f7KsAwr3MMJ4-cQDEwqaFH9jipY2JunX_BTlkwXPr6GXIKiLqMgJk9xH_UMteVi7qo8HTa1NWgQrFGW5sElPCkq1AAfuLIyszc01_yg_cS88CqwJg6MW55m7fi6k0JAPbiSmoO_wlCKr9LdoeVeP6gSJ01iLLhIJwrXQwGa7xACeDMqbL5hKMaZ35rOC09TOk8IM3TbGrNJqn4tf3p_sJe-05rVaCDIJOMUVnHPcZQ0pvYqvbNlpDQcQefJXB4XXrQ5YA9L3HITWCBpFiaZWET10DOAlxthg6sjmTxsivSRPz2VxWKiBN4Ybxzhc7qgLCIIGSwZ0Xj-k8kHI9DoOae_k5kqiJT2Mzzyxbe-jYDtIFX35-4sv76AcFbR2zmKlc8OoNA7sXg7iAZSN_g8FxowW2rNzPWvrzMZN7qzklQjtlB839pmcKtLMzBxRHgKzPHFPE7Kq-mcbh0dSr5-7afoR-j8F0uL9UTqh_npxsPI3R4y8NhaFyqTxCAvs4lEoHDsBHU7ZjmexuINuUKhckz71u4LrRMxb5JVIhab5eHEHjBxrUjvR6k86_mbTMg0ezGvUFO2h81EaX6I_zXmPiB0cb3XCmIF8JtsaACZhnCvNSj9w0i4V2MRkiljIO0Aota4vDCpOW58MXxCJd-LE_PJgtdt97cmTXzU1V4B2MAt23GjypE9WLOpXOy_tdmGMQfRCMcgajQN_wvRF6wHMnNhCPhXLdBxelr8rpjamGMMb3hcZ5j4DlUDvWoU_V8s6_salI1xqOMdTEDuWzArDkTKafY-jgsIKySoDmnWA-zK9AUfhp428nJJkab2h6zWn-WzjShO8a4gZ8uV3SplbBx3lxFgDgucQMeY0XOBVVddfj8va2nmIMWVVxBNMifoMS5r6xc_Y_MgqLYgAesKUQVRIraOfUYWjohs80aUgp6hB-BcogxkriuWNTOHsr-lJJv7YUmRCIisCMhugUpbNPh-QWiB7VKwBOJyVw2xvV_pPbi_GeaQTsKhhLMiU3TzsZv9mkf8d_NsnYrSpdahlVNpzn4o8qSSruRBG2G-NBPQJOyF5BtPRjIWPnyh0_VS-8_TYceV-QtAV71ctCTawnvXcpQCpU_tcNajzxZY_AxhAEermMYtGIupjjfbnBtMmjbB-R8T54zRxAGD4ZwXN7JKaEZgdjyUpwxmYSpyafmXkOHaqllZRLUWxylBkrdBKuaVOTU8Fo-0xKWAI8-rMYvQYe2JL28ue-bn-llUiaQr1t9qH3uk26BzoH-aiXkMhClo4yZSivRJ7iGqbylS8wxn9pByJ2XZfomop7CS5Tzp7AJIzw52AWXrbuA3Fz0r9HqvprBpspIZD6WaxJrz63IsKMXendDfUu1j9dT6QpQN1VlEyFMKWNqtC9CsQCKCfdQz2RpbSlenE_hh4xFrSHQNQLMNUW-jJPyTYyGQ3wiz4I-yJs3oLU3Tvldllt-ZvtifvsyXJTMtvopb9B0fLFDc8UfdtSIw2e6b4m5GoMztCcpSy_p17K-3NqbkqrzhYZpZ8jSkL27JypNNQ2LALz1gPgudJ3qnkxIF2ziM-QuXhoZrpuRt3uWCqYlAT1G3LImDqHhnltaBuPYZgo"}
formSubmissionId = BRIPSQ6FK-1766382720100
fullURL = https://www-dev.broadridge.com/press-release/2012/jose-contin-to-lead-broadridge-city-networks-expansion-in-emea
page comparison URL = https://www-dev.broadridge.com/press-release/2012/jose-contin-to-lead-broadridge-city-networks-expansion-in-emea
................Header Contact Us Form Filled...................
V2 ContactUs form NOT found on the bottom
V2 Download form NOT found on the bottom
no cookie button
header ContactUs button found = true
emailTimeStamp = automated_TESTTEST_2025-12-22_05_52_37@broadridge.com
📤 Form payload = {"formSubmissionId":"BR266RAEY-1766382760270","elqFormName":"","elqSiteID":"","datalayerheader":"","contact":"","formgtm":"","elqCustomerGUID":"","elqCookieWrite":"","segment":"","name_first":"First_83028_TESTTEST","name_last":"Last_83028_TESTTEST","email_work":"automated_TESTTEST_2025-12-22_05_52_37@broadridge.com","phone_business":"999-999-9999","job_title":"Job_83028_TESTTEST","Company":"Company_83028_TESTTEST","country":"United States","comment":"This is an automated test submission.  Please ignore.","id":"","so":"","di":"","ct":"","ep":"","ot":"","mt":"","yr":"","rg":"","on":"","sub-source":"","campaignMostRecentID":"","content-id":"","orig-channel":"","campaign-name":"","campaignMostRecentName":"","campaignMostRecentSource":"","campaignMostRecentMedium":"","campaignMostRecentContent":"","campaignMostRecentTerm":"","campaignMostRecentContentID":"","campaignMostRecentSubSource":"","Persistent_utm_medium":"","Persistent_utm_source":"","Persistent_utm_term":"","Persistent_utm_campaign":"","Persistent_Sub_Source":"","Persistent_Content_ID":"","Persistent_Campaign_ID":"","Persistent_utm_content":"","Session_utm_medium":"","Session_utm_source":"","Session_utm_term":"","Session_utm_campaign":"","Session_Sub_Source":"","Session_Content_ID":"","Session_Campaign_ID":"701RN00000RbnVLYAZ","Session_utm_content":"","inquiry":"Gen Enq","fullURL":"https://www-dev.broadridge.com/press-release/2012/broadridge-reports-fourth-quarter-and-fiscal-year-2012-results","page_id":"177479","page_campaign_id":"","ecid":"","elqCampaignId":"","Formmodel":"flyout","Pagetype":"Press Release","g-recaptcha-response":"0cAFcWeA65yPFZkJwOMQ0EzsvcJj4LgEJdN6Jni8SszFDRYzz_iAd7CXO20RtqARCC1NOpjpQi41FakEmcFOcanBDnCdt6VLCZa4lCgfp9Un2Nj-OkVe2P-oNrlPH7yqCqpDY8IgTzguynbUPelvcnwygdzhEqcdvF9TeE3xDpfVP3K0BXX7vP-AyDunMvlpf3WztbFQ3cjic3CDd2WknAfTkWBfi2zsNpXw8jerUfbqkHmrZzzGJz53orW9EdPv6NVub617gy5KXvW-NZh-HG2Ct8-AnLFt4rQg7so9NDTt6DzvmtSqx33l13ITxvB472LkNXGtIj14i37tG4qYUx41vJbfUwr1xPeC7EtFiP5RxauZ1udq9eQKBCJZEwvBHmpxQ79d2DezvqFGFCqm1ZVSJPOAzOEKfu4GS-f48i4T3bST8xaAw93nZiPViappBtCzTuJEvuJ_36gS0lgFbX5yvGG7FCHHP9NX_Iw_ccuShiKuFbMbmdv0VK5CK1Ab9oJk2eD1BFpOFnYjv0AvtMMcBLmBYmFFKwtiBE8Zc7FOUA4iz9lwM7H1WrQygZqtD2eV1qEynaEstFnih7BgVhYyYrUBfmNymXF06lnBNjSwgThA5rXLBOchv61dK-JzPFanF7E54In6sHSiKJLdlaKdGDWn27iDBU1UqnNXrumqG5j5pyC_ModXKZCavpBC9x3UYES9b9KxnlL_dEolw5a7QfZvwZ0CtJ564VmHJ4eWkDs33uYwtxhbzxltxQr1OucRvIFS49DMxMLradTqzOiB9VF1K9fzdAOHghwlrulb0e1rNWfxxZV_n6ZfG5KazvH1N2pJkCJVvsnPlSP1cofyMBeRrWZrPyrAdqZ1FCjCl7aYeIAHdYNvhlXNzt66ol-xvzUxXmqITxp2zvNT1ZySZ_U3puhhsYWg-TqXhUOFxIeSYRqXMhgNtueLBA6YnpKYyc7iS6Efyihnfhljdyt-S7SC1yUxSie6SbWFvKT_waJ5-P6zOKSnWjoUxn0h8U1EfZwBe3OB06sCW_9RU5wA7t2d6_UTZwB-n4NOd99oE_g93jQhNjot095-LNlCw5x3LekQXjfUmVGFRNdc870D07HYSN9dvkNmBVtWdiRrB2CejBKv2hQvFDJNoWC8YZX_8YL4gy7CiulU57fOikbpVG8XWZ1TIXyITybwb1HvI0spN08AwZzo80manSggkaueWuauCoWNPNJcLe6PVlIFeq7lL04sXEud3azZNVlFgp7ObfKpECiGN0szW7hn7GEQANgWxbkkV91SE6G52zcEjQmWPfPW36pdt7qdDwie5Q86jLlUoO9QcfOqGtgnHKlQftsrT641DweO_vxTXa8w_VatlQ6iZDbx-xb-m7-5PujeZLQe60DsOzPs7z94gY_4N23t-wKDejKKKaYZMTEv6FHLf15V7o7OGx2sv-uP0rCXG8bHTGex44xwb_w9Ex3g9aPFQ7m0e5WUM49DmVkyyaNY6KFx5sAIAhjh5yYG30f7aPCd57fOYjIWJ8kLWafhmAiX02nK3_S2IvHGliG4-Nx_dp6tF66AB-i2RzaN9wrIO4ZZFrvjonwXKekNMd3b-r_dDv5cD6"}
form message = Thank you for your interest in Broadridge.
A representative will contact you within 24 business hours.
formpayload for validation = {"formSubmissionId":"BR266RAEY-1766382760270","elqFormName":"","elqSiteID":"","datalayerheader":"","contact":"","formgtm":"","elqCustomerGUID":"","elqCookieWrite":"","segment":"","name_first":"First_83028_TESTTEST","name_last":"Last_83028_TESTTEST","email_work":"automated_TESTTEST_2025-12-22_05_52_37@broadridge.com","phone_business":"999-999-9999","job_title":"Job_83028_TESTTEST","Company":"Company_83028_TESTTEST","country":"United States","comment":"This is an automated test submission.  Please ignore.","id":"","so":"","di":"","ct":"","ep":"","ot":"","mt":"","yr":"","rg":"","on":"","sub-source":"","campaignMostRecentID":"","content-id":"","orig-channel":"","campaign-name":"","campaignMostRecentName":"","campaignMostRecentSource":"","campaignMostRecentMedium":"","campaignMostRecentContent":"","campaignMostRecentTerm":"","campaignMostRecentContentID":"","campaignMostRecentSubSource":"","Persistent_utm_medium":"","Persistent_utm_source":"","Persistent_utm_term":"","Persistent_utm_campaign":"","Persistent_Sub_Source":"","Persistent_Content_ID":"","Persistent_Campaign_ID":"","Persistent_utm_content":"","Session_utm_medium":"","Session_utm_source":"","Session_utm_term":"","Session_utm_campaign":"","Session_Sub_Source":"","Session_Content_ID":"","Session_Campaign_ID":"701RN00000RbnVLYAZ","Session_utm_content":"","inquiry":"Gen Enq","fullURL":"https://www-dev.broadridge.com/press-release/2012/broadridge-reports-fourth-quarter-and-fiscal-year-2012-results","page_id":"177479","page_campaign_id":"","ecid":"","elqCampaignId":"","Formmodel":"flyout","Pagetype":"Press Release","g-recaptcha-response":"0cAFcWeA65yPFZkJwOMQ0EzsvcJj4LgEJdN6Jni8SszFDRYzz_iAd7CXO20RtqARCC1NOpjpQi41FakEmcFOcanBDnCdt6VLCZa4lCgfp9Un2Nj-OkVe2P-oNrlPH7yqCqpDY8IgTzguynbUPelvcnwygdzhEqcdvF9TeE3xDpfVP3K0BXX7vP-AyDunMvlpf3WztbFQ3cjic3CDd2WknAfTkWBfi2zsNpXw8jerUfbqkHmrZzzGJz53orW9EdPv6NVub617gy5KXvW-NZh-HG2Ct8-AnLFt4rQg7so9NDTt6DzvmtSqx33l13ITxvB472LkNXGtIj14i37tG4qYUx41vJbfUwr1xPeC7EtFiP5RxauZ1udq9eQKBCJZEwvBHmpxQ79d2DezvqFGFCqm1ZVSJPOAzOEKfu4GS-f48i4T3bST8xaAw93nZiPViappBtCzTuJEvuJ_36gS0lgFbX5yvGG7FCHHP9NX_Iw_ccuShiKuFbMbmdv0VK5CK1Ab9oJk2eD1BFpOFnYjv0AvtMMcBLmBYmFFKwtiBE8Zc7FOUA4iz9lwM7H1WrQygZqtD2eV1qEynaEstFnih7BgVhYyYrUBfmNymXF06lnBNjSwgThA5rXLBOchv61dK-JzPFanF7E54In6sHSiKJLdlaKdGDWn27iDBU1UqnNXrumqG5j5pyC_ModXKZCavpBC9x3UYES9b9KxnlL_dEolw5a7QfZvwZ0CtJ564VmHJ4eWkDs33uYwtxhbzxltxQr1OucRvIFS49DMxMLradTqzOiB9VF1K9fzdAOHghwlrulb0e1rNWfxxZV_n6ZfG5KazvH1N2pJkCJVvsnPlSP1cofyMBeRrWZrPyrAdqZ1FCjCl7aYeIAHdYNvhlXNzt66ol-xvzUxXmqITxp2zvNT1ZySZ_U3puhhsYWg-TqXhUOFxIeSYRqXMhgNtueLBA6YnpKYyc7iS6Efyihnfhljdyt-S7SC1yUxSie6SbWFvKT_waJ5-P6zOKSnWjoUxn0h8U1EfZwBe3OB06sCW_9RU5wA7t2d6_UTZwB-n4NOd99oE_g93jQhNjot095-LNlCw5x3LekQXjfUmVGFRNdc870D07HYSN9dvkNmBVtWdiRrB2CejBKv2hQvFDJNoWC8YZX_8YL4gy7CiulU57fOikbpVG8XWZ1TIXyITybwb1HvI0spN08AwZzo80manSggkaueWuauCoWNPNJcLe6PVlIFeq7lL04sXEud3azZNVlFgp7ObfKpECiGN0szW7hn7GEQANgWxbkkV91SE6G52zcEjQmWPfPW36pdt7qdDwie5Q86jLlUoO9QcfOqGtgnHKlQftsrT641DweO_vxTXa8w_VatlQ6iZDbx-xb-m7-5PujeZLQe60DsOzPs7z94gY_4N23t-wKDejKKKaYZMTEv6FHLf15V7o7OGx2sv-uP0rCXG8bHTGex44xwb_w9Ex3g9aPFQ7m0e5WUM49DmVkyyaNY6KFx5sAIAhjh5yYG30f7aPCd57fOYjIWJ8kLWafhmAiX02nK3_S2IvHGliG4-Nx_dp6tF66AB-i2RzaN9wrIO4ZZFrvjonwXKekNMd3b-r_dDv5cD6"}
formSubmissionId = BR266RAEY-1766382760270
fullURL = https://www-dev.broadridge.com/press-release/2012/broadridge-reports-fourth-quarter-and-fiscal-year-2012-results
page comparison URL = https://www-dev.broadridge.com/press-release/2012/broadridge-reports-fourth-quarter-and-fiscal-year-2012-results
................Header Contact Us Form Filled...................
V2 ContactUs form NOT found on the bottom
V2 Download form NOT found on the bottom
no cookie button
header ContactUs button found = true
emailTimeStamp = automated_TESTTEST_2025-12-22_05_53_17@broadridge.com
📤 Form payload = {"formSubmissionId":"BRZGGQDRX-1766382800107","elqFormName":"","elqSiteID":"","datalayerheader":"","contact":"","formgtm":"","elqCustomerGUID":"","elqCookieWrite":"","segment":"","name_first":"First_83028_TESTTEST","name_last":"Last_83028_TESTTEST","email_work":"automated_TESTTEST_2025-12-22_05_53_17@broadridge.com","phone_business":"999-999-9999","job_title":"Job_83028_TESTTEST","Company":"Company_83028_TESTTEST","country":"United States","comment":"This is an automated test submission.  Please ignore.","id":"","so":"","di":"","ct":"","ep":"","ot":"","mt":"","yr":"","rg":"","on":"","sub-source":"","campaignMostRecentID":"","content-id":"","orig-channel":"","campaign-name":"","campaignMostRecentName":"","campaignMostRecentSource":"","campaignMostRecentMedium":"","campaignMostRecentContent":"","campaignMostRecentTerm":"","campaignMostRecentContentID":"","campaignMostRecentSubSource":"","Persistent_utm_medium":"","Persistent_utm_source":"","Persistent_utm_term":"","Persistent_utm_campaign":"","Persistent_Sub_Source":"","Persistent_Content_ID":"","Persistent_Campaign_ID":"","Persistent_utm_content":"","Session_utm_medium":"","Session_utm_source":"","Session_utm_term":"","Session_utm_campaign":"","Session_Sub_Source":"","Session_Content_ID":"","Session_Campaign_ID":"701RN00000RbnVLYAZ","Session_utm_content":"","inquiry":"Gen Enq","fullURL":"https://www-dev.broadridge.com/press-release/2012/renowned-keynote-speakers-to-take-stage","page_id":"177730","page_campaign_id":"","ecid":"","elqCampaignId":"","Formmodel":"flyout","Pagetype":"Press Release","g-recaptcha-response":"0cAFcWeA5I2y5Cio3U4i7sorFqWc-jKy3PSWoaLaYGxgx6MdWr29Q_AnvgIEQQoqMpJxdLQk0FwRkgZs0kSHdELE_QqvWnctHaZkQcjhfLXaZx0KrH2s78o31FRUxt-fS5t3DPFQUA281yC2rZZKuXQu1AErYnK_zMZaun6GTeJyvey_vQj5UzXqRStsvsSgOZOVkd3nnxEILY7KzQjlNrvZDhFEaIf0crUB4p2ckI-NxBd3Q64CvBWa5SzMGn8_Tu65JUEbBde9-RsGFIVFxz4s0EDuzyfo1DK-xpM5bI4_giPZcbDNKaVaBmJKHXmKU2qEkAve3IZ7jbgyXVQctCNdEdLCnu6gwlg1Dmck-swdNploFJ1ofbtwj33GLy9freQ7TcFLKZHwXfLssL_n2fx-Opz99bmuYVc4EgahvXr-dizyslpZLp7KAbk4exdrom1jL3cptPkOpF6D_4JJ658UHCyBYWQ_qH9JYjOfzuFBZmiHwX_ZS2pliC--reXeo3Xpp7sOdatpvaB80QsW_V9lyDGlSmpFP5tWl--Ch-2LalXQWf_rApUSHilohdIdXDBp9DyVyT1CxP0S-Yye8D0K7IS9sLK9xRybxKbMk2FipEi5nCHSBMkl_WyCvuXSQrGWCq88V2UEB93I1Y19USd0eO6byrgx0-kjcpeBWpbx0z9qCKO0rBfv9cd9U5wxN4M4SR5YqBBHrOX0prRgliMvCsq-3QlhUjDU8wTBSFiGWuo5GXvTEN-EMDTlldNEw4uzH6dwYrTJRFg9-w0cGPGGP1PHfHyvhEvnl8OyEAi4FKQFQtNB90Qz6VNnefboxswPSilGMfT9RMPSdyklSPOhio87SSxSwnjXBfiKSAuuApQPRLhCHS9lNlitd69CNeiZ6Hy22kIlHUVwNhqbcOsWb0YRtmK-u5zq3cfE_9RfutCxsgtBfKZwuM4UFyNB8i7Lc3Z1wNiVliptongO50qpXMk8KKL8ItWniglaw9LcUmhdydculZFMpjQ66c7HE71jOiFVHQPKebzsU2tfQRfEGvvVcSv1mfe6Xawn3Bhx_TCEZEdRlC5iNJEzElL3nrL9JXSH0dIcE5vJgScYD5q9qgXAXYxC9t6Uc4GkG5e0dv39c6KyW7-pF1Gb_El9zNONmfZatrZernObXaUQSpql2AjNoPsU5DP2xigSNRKsUqevfhaWD_8MJwGQzBq1bTnOHEY8wOLf3ELV2rHmTUfpkk0JAwlxIZ0j1-F82bynUar8OH5ux9zWpOyww9W73pmPSRjaPoMQdHsccb1niNBWwGg4xvB0tjnHp3tDSOsHJ8H_8tYK82xQE4D-P8QMjyqSg_Dded-dRqR1QEXm8F84pCp3d3OyNTr8qwarHZrlyCq7lyIsQ-NNzY_qXlh6Mu5uokrxLJmC0Ll_M_v__Cl-SbqcIfdUKGFv1ayLS2pcA0WlbDQ-K00JktOHHBVZJwzpOpPyXZsndpLxOp7GLMQNAxCM68FFkJmuvtBVpElExCOGbuLIbdSbumBJ1eCMw7yrnGIKM8rx4EaKuZDLHkUGQPWycQ4ffIGV3eba6eeUo8xnb48pBWtV0Hvi3sTJCk9EP9T9ILmdGS"}
form message = Thank you for your interest in Broadridge.
A representative will contact you within 24 business hours.
formpayload for validation = {"formSubmissionId":"BRZGGQDRX-1766382800107","elqFormName":"","elqSiteID":"","datalayerheader":"","contact":"","formgtm":"","elqCustomerGUID":"","elqCookieWrite":"","segment":"","name_first":"First_83028_TESTTEST","name_last":"Last_83028_TESTTEST","email_work":"automated_TESTTEST_2025-12-22_05_53_17@broadridge.com","phone_business":"999-999-9999","job_title":"Job_83028_TESTTEST","Company":"Company_83028_TESTTEST","country":"United States","comment":"This is an automated test submission.  Please ignore.","id":"","so":"","di":"","ct":"","ep":"","ot":"","mt":"","yr":"","rg":"","on":"","sub-source":"","campaignMostRecentID":"","content-id":"","orig-channel":"","campaign-name":"","campaignMostRecentName":"","campaignMostRecentSource":"","campaignMostRecentMedium":"","campaignMostRecentContent":"","campaignMostRecentTerm":"","campaignMostRecentContentID":"","campaignMostRecentSubSource":"","Persistent_utm_medium":"","Persistent_utm_source":"","Persistent_utm_term":"","Persistent_utm_campaign":"","Persistent_Sub_Source":"","Persistent_Content_ID":"","Persistent_Campaign_ID":"","Persistent_utm_content":"","Session_utm_medium":"","Session_utm_source":"","Session_utm_term":"","Session_utm_campaign":"","Session_Sub_Source":"","Session_Content_ID":"","Session_Campaign_ID":"701RN00000RbnVLYAZ","Session_utm_content":"","inquiry":"Gen Enq","fullURL":"https://www-dev.broadridge.com/press-release/2012/renowned-keynote-speakers-to-take-stage","page_id":"177730","page_campaign_id":"","ecid":"","elqCampaignId":"","Formmodel":"flyout","Pagetype":"Press Release","g-recaptcha-response":"0cAFcWeA5I2y5Cio3U4i7sorFqWc-jKy3PSWoaLaYGxgx6MdWr29Q_AnvgIEQQoqMpJxdLQk0FwRkgZs0kSHdELE_QqvWnctHaZkQcjhfLXaZx0KrH2s78o31FRUxt-fS5t3DPFQUA281yC2rZZKuXQu1AErYnK_zMZaun6GTeJyvey_vQj5UzXqRStsvsSgOZOVkd3nnxEILY7KzQjlNrvZDhFEaIf0crUB4p2ckI-NxBd3Q64CvBWa5SzMGn8_Tu65JUEbBde9-RsGFIVFxz4s0EDuzyfo1DK-xpM5bI4_giPZcbDNKaVaBmJKHXmKU2qEkAve3IZ7jbgyXVQctCNdEdLCnu6gwlg1Dmck-swdNploFJ1ofbtwj33GLy9freQ7TcFLKZHwXfLssL_n2fx-Opz99bmuYVc4EgahvXr-dizyslpZLp7KAbk4exdrom1jL3cptPkOpF6D_4JJ658UHCyBYWQ_qH9JYjOfzuFBZmiHwX_ZS2pliC--reXeo3Xpp7sOdatpvaB80QsW_V9lyDGlSmpFP5tWl--Ch-2LalXQWf_rApUSHilohdIdXDBp9DyVyT1CxP0S-Yye8D0K7IS9sLK9xRybxKbMk2FipEi5nCHSBMkl_WyCvuXSQrGWCq88V2UEB93I1Y19USd0eO6byrgx0-kjcpeBWpbx0z9qCKO0rBfv9cd9U5wxN4M4SR5YqBBHrOX0prRgliMvCsq-3QlhUjDU8wTBSFiGWuo5GXvTEN-EMDTlldNEw4uzH6dwYrTJRFg9-w0cGPGGP1PHfHyvhEvnl8OyEAi4FKQFQtNB90Qz6VNnefboxswPSilGMfT9RMPSdyklSPOhio87SSxSwnjXBfiKSAuuApQPRLhCHS9lNlitd69CNeiZ6Hy22kIlHUVwNhqbcOsWb0YRtmK-u5zq3cfE_9RfutCxsgtBfKZwuM4UFyNB8i7Lc3Z1wNiVliptongO50qpXMk8KKL8ItWniglaw9LcUmhdydculZFMpjQ66c7HE71jOiFVHQPKebzsU2tfQRfEGvvVcSv1mfe6Xawn3Bhx_TCEZEdRlC5iNJEzElL3nrL9JXSH0dIcE5vJgScYD5q9qgXAXYxC9t6Uc4GkG5e0dv39c6KyW7-pF1Gb_El9zNONmfZatrZernObXaUQSpql2AjNoPsU5DP2xigSNRKsUqevfhaWD_8MJwGQzBq1bTnOHEY8wOLf3ELV2rHmTUfpkk0JAwlxIZ0j1-F82bynUar8OH5ux9zWpOyww9W73pmPSRjaPoMQdHsccb1niNBWwGg4xvB0tjnHp3tDSOsHJ8H_8tYK82xQE4D-P8QMjyqSg_Dded-dRqR1QEXm8F84pCp3d3OyNTr8qwarHZrlyCq7lyIsQ-NNzY_qXlh6Mu5uokrxLJmC0Ll_M_v__Cl-SbqcIfdUKGFv1ayLS2pcA0WlbDQ-K00JktOHHBVZJwzpOpPyXZsndpLxOp7GLMQNAxCM68FFkJmuvtBVpElExCOGbuLIbdSbumBJ1eCMw7yrnGIKM8rx4EaKuZDLHkUGQPWycQ4ffIGV3eba6eeUo8xnb48pBWtV0Hvi3sTJCk9EP9T9ILmdGS"}
formSubmissionId = BRZGGQDRX-1766382800107
fullURL = https://www-dev.broadridge.com/press-release/2012/renowned-keynote-speakers-to-take-stage
page comparison URL = https://www-dev.broadridge.com/press-release/2012/renowned-keynote-speakers-to-take-stage
................Header Contact Us Form Filled...................
V2 ContactUs form NOT found on the bottom
V2 Download form NOT found on the bottom
no cookie button
header ContactUs button found = true
emailTimeStamp = automated_TESTTEST_2025-12-22_05_53_57@broadridge.com
📤 Form payload = {"formSubmissionId":"BRZO8NCKA-1766382840258","elqFormName":"","elqSiteID":"","datalayerheader":"","contact":"","formgtm":"","elqCustomerGUID":"","elqCookieWrite":"","segment":"","name_first":"First_83028_TESTTEST","name_last":"Last_83028_TESTTEST","email_work":"automated_TESTTEST_2025-12-22_05_53_57@broadridge.com","phone_business":"999-999-9999","job_title":"Job_83028_TESTTEST","Company":"Company_83028_TESTTEST","country":"United States","comment":"This is an automated test submission.  Please ignore.","id":"","so":"","di":"","ct":"","ep":"","ot":"","mt":"","yr":"","rg":"","on":"","sub-source":"","campaignMostRecentID":"","content-id":"","orig-channel":"","campaign-name":"","campaignMostRecentName":"","campaignMostRecentSource":"","campaignMostRecentMedium":"","campaignMostRecentContent":"","campaignMostRecentTerm":"","campaignMostRecentContentID":"","campaignMostRecentSubSource":"","Persistent_utm_medium":"","Persistent_utm_source":"","Persistent_utm_term":"","Persistent_utm_campaign":"","Persistent_Sub_Source":"","Persistent_Content_ID":"","Persistent_Campaign_ID":"","Persistent_utm_content":"","Session_utm_medium":"","Session_utm_source":"","Session_utm_term":"","Session_utm_campaign":"","Session_Sub_Source":"","Session_Content_ID":"","Session_Campaign_ID":"701RN00000RbnVLYAZ","Session_utm_content":"","inquiry":"Gen Enq","fullURL":"https://www-dev.broadridge.com/press-release/2012/united-planners-adds-broadridges-matrix-to-qualified-plan-platform","page_id":"177733","page_campaign_id":"","ecid":"","elqCampaignId":"","Formmodel":"flyout","Pagetype":"Press Release","g-recaptcha-response":"0cAFcWeA4IeRR43cxMPmxEncr82TgSTbN0qH729LjGc9XZYfoTY_Lg3eurGRE6uLS3wKWTV-iGDEPW3LK8KgMHuiVtgNmZXukEbsFh3cokmJvHs0DOOiQL5ri7zKvN6fhwnPXnjluXcEhfGzScdulTWzg4yT2I2uwqgkxJ8a_TpDhIgMpmh_JUDpT3QZlQXvkcnwMFB5BtjPcheRrCZihiVuG0xjyLq3m5VA0QMr3v-npKKhbOWI1M0jzs8KdcMdkCotyXgrLLobYMdO6WcuTlIbLorsLBYw9rJ01nY-oHw_ZX09iPGS-LhZ7fwHr-_6aoqJl7tgMbjURTEc_v3pf3dJI4g9DPIlfnAGEQxIzv6XXBa8MxXuOfQlNBbWmMN7ZmJAmeOn2Y3AtxmDbn9bovLba8Qud8UeAyMxBg17lSS8fZ0i8vkgUy6OWVc_zVxF2YBGNUrRxbekwGxbJSiEwSImMRdM-zOaKb7RHw3PywANxLR_2rEnyC3gEHjInKygVJth91NoFYiO5VVLL3s3jTehv3M0HVsqpTKI6NZKbKy8VEz__edUBCeatm-hae3cXot1CK1gCzO1X9Dbt_Yvq38OEKsx5umCN8R9FCTLcpm6xNd6XIpjzxBfDN5APJq_9PwSGcuDdXlkDuGNgXCCEeeO_YexJWGNcEcr5qJSAPXRqwuT-QLUA-FbMzY0p7ApO4qjcOBgkB02QH0GCF3Gxo3qckirMpa4cB1Lfq5s6z6DAjTDCqLkisHyDZVG-bbaVHmUxdMPgtF0avfyE2d6UMhr-3b1a7N_lz2t2SL8K_5fYdPoqNxv6QirPZPEe-wb5PG6CgVrXSXw7WVEGtaoRSK-p3PpSFG258O-Zp_RAwuPbuRNWphZQ2vP-mATjujLBA51HmDlh05prknjoUAcdYSa770x_qk33rvxzXgrLj067qG9f9MqMGiEXrFkJDceVsLKA16_g4pa9zmgFNt0Nhl9tA93IuSJwA1MepdN3di_ZFSdURDW2pFAakw-6yt3vwX5lQP025izlKI2gYVyjmrm9aAO2MM5UxM7zmN10mR6VHJAdF9wfsmhYsdxd6W7rA2B4YFGiKzNa6ODoJFfgGHFur82obFS_Ssmy9meZ8YKYKJb4okniK3bUm9HPittPH8oZxNlqP-pgvESk2i6DpI5H9buByi7D9LGEgqC17kkfpKBUuuuk2HGrxdc9u4UvIf8xdUpBHd8lNpeA4X3g9n2F0vYtqShF950Uid36hN6pFqLcKgZTBTciZrMO4ONrGWvTIXWWevLf5_AxWvNQW_YZJY9_CA84hX_ENjeuuyCE5qEZhexN1JFYYL0A_FvPauTn473EmUm7-sl8szilqTG0BmLPysyZzpXowvxqtKaNRiL_Psr6lcDmt77CNWX4z1Y-OILmov7DxU-Y82ahelUTnaHYQC8m5GGdl2UNSvd_jYnbFmQ3c95ABjg15TDb0xsxFCBK8BzdiWCVvmwwqgAZ0IMohWg90Pw_9_EKmZW_RvWaepKKMa-qAnBWU8LC_CLqFoBkSrokz51kDJ4ikb_3eNrwMUFxMSkOCc1ujMH40BJHfq5nSeylMkqZW0yQjfv5mVov7eYWk"}
form message = Thank you for your interest in Broadridge.
A representative will contact you within 24 business hours.
formpayload for validation = {"formSubmissionId":"BRZO8NCKA-1766382840258","elqFormName":"","elqSiteID":"","datalayerheader":"","contact":"","formgtm":"","elqCustomerGUID":"","elqCookieWrite":"","segment":"","name_first":"First_83028_TESTTEST","name_last":"Last_83028_TESTTEST","email_work":"automated_TESTTEST_2025-12-22_05_53_57@broadridge.com","phone_business":"999-999-9999","job_title":"Job_83028_TESTTEST","Company":"Company_83028_TESTTEST","country":"United States","comment":"This is an automated test submission.  Please ignore.","id":"","so":"","di":"","ct":"","ep":"","ot":"","mt":"","yr":"","rg":"","on":"","sub-source":"","campaignMostRecentID":"","content-id":"","orig-channel":"","campaign-name":"","campaignMostRecentName":"","campaignMostRecentSource":"","campaignMostRecentMedium":"","campaignMostRecentContent":"","campaignMostRecentTerm":"","campaignMostRecentContentID":"","campaignMostRecentSubSource":"","Persistent_utm_medium":"","Persistent_utm_source":"","Persistent_utm_term":"","Persistent_utm_campaign":"","Persistent_Sub_Source":"","Persistent_Content_ID":"","Persistent_Campaign_ID":"","Persistent_utm_content":"","Session_utm_medium":"","Session_utm_source":"","Session_utm_term":"","Session_utm_campaign":"","Session_Sub_Source":"","Session_Content_ID":"","Session_Campaign_ID":"701RN00000RbnVLYAZ","Session_utm_content":"","inquiry":"Gen Enq","fullURL":"https://www-dev.broadridge.com/press-release/2012/united-planners-adds-broadridges-matrix-to-qualified-plan-platform","page_id":"177733","page_campaign_id":"","ecid":"","elqCampaignId":"","Formmodel":"flyout","Pagetype":"Press Release","g-recaptcha-response":"0cAFcWeA4IeRR43cxMPmxEncr82TgSTbN0qH729LjGc9XZYfoTY_Lg3eurGRE6uLS3wKWTV-iGDEPW3LK8KgMHuiVtgNmZXukEbsFh3cokmJvHs0DOOiQL5ri7zKvN6fhwnPXnjluXcEhfGzScdulTWzg4yT2I2uwqgkxJ8a_TpDhIgMpmh_JUDpT3QZlQXvkcnwMFB5BtjPcheRrCZihiVuG0xjyLq3m5VA0QMr3v-npKKhbOWI1M0jzs8KdcMdkCotyXgrLLobYMdO6WcuTlIbLorsLBYw9rJ01nY-oHw_ZX09iPGS-LhZ7fwHr-_6aoqJl7tgMbjURTEc_v3pf3dJI4g9DPIlfnAGEQxIzv6XXBa8MxXuOfQlNBbWmMN7ZmJAmeOn2Y3AtxmDbn9bovLba8Qud8UeAyMxBg17lSS8fZ0i8vkgUy6OWVc_zVxF2YBGNUrRxbekwGxbJSiEwSImMRdM-zOaKb7RHw3PywANxLR_2rEnyC3gEHjInKygVJth91NoFYiO5VVLL3s3jTehv3M0HVsqpTKI6NZKbKy8VEz__edUBCeatm-hae3cXot1CK1gCzO1X9Dbt_Yvq38OEKsx5umCN8R9FCTLcpm6xNd6XIpjzxBfDN5APJq_9PwSGcuDdXlkDuGNgXCCEeeO_YexJWGNcEcr5qJSAPXRqwuT-QLUA-FbMzY0p7ApO4qjcOBgkB02QH0GCF3Gxo3qckirMpa4cB1Lfq5s6z6DAjTDCqLkisHyDZVG-bbaVHmUxdMPgtF0avfyE2d6UMhr-3b1a7N_lz2t2SL8K_5fYdPoqNxv6QirPZPEe-wb5PG6CgVrXSXw7WVEGtaoRSK-p3PpSFG258O-Zp_RAwuPbuRNWphZQ2vP-mATjujLBA51HmDlh05prknjoUAcdYSa770x_qk33rvxzXgrLj067qG9f9MqMGiEXrFkJDceVsLKA16_g4pa9zmgFNt0Nhl9tA93IuSJwA1MepdN3di_ZFSdURDW2pFAakw-6yt3vwX5lQP025izlKI2gYVyjmrm9aAO2MM5UxM7zmN10mR6VHJAdF9wfsmhYsdxd6W7rA2B4YFGiKzNa6ODoJFfgGHFur82obFS_Ssmy9meZ8YKYKJb4okniK3bUm9HPittPH8oZxNlqP-pgvESk2i6DpI5H9buByi7D9LGEgqC17kkfpKBUuuuk2HGrxdc9u4UvIf8xdUpBHd8lNpeA4X3g9n2F0vYtqShF950Uid36hN6pFqLcKgZTBTciZrMO4ONrGWvTIXWWevLf5_AxWvNQW_YZJY9_CA84hX_ENjeuuyCE5qEZhexN1JFYYL0A_FvPauTn473EmUm7-sl8szilqTG0BmLPysyZzpXowvxqtKaNRiL_Psr6lcDmt77CNWX4z1Y-OILmov7DxU-Y82ahelUTnaHYQC8m5GGdl2UNSvd_jYnbFmQ3c95ABjg15TDb0xsxFCBK8BzdiWCVvmwwqgAZ0IMohWg90Pw_9_EKmZW_RvWaepKKMa-qAnBWU8LC_CLqFoBkSrokz51kDJ4ikb_3eNrwMUFxMSkOCc1ujMH40BJHfq5nSeylMkqZW0yQjfv5mVov7eYWk"}
formSubmissionId = BRZO8NCKA-1766382840258
fullURL = https://www-dev.broadridge.com/press-release/2012/united-planners-adds-broadridges-matrix-to-qualified-plan-platform
page comparison URL = https://www-dev.broadridge.com/press-release/2012/united-planners-adds-broadridges-matrix-to-qualified-plan-platform
................Header Contact Us Form Filled...................
V2 ContactUs form NOT found on the bottom
V2 Download form NOT found on the bottom
no cookie button
header ContactUs button found = true
emailTimeStamp = automated_TESTTEST_2025-12-22_05_54_37@broadridge.com
📤 Form payload = {"formSubmissionId":"BRSEO851J-1766382880333","elqFormName":"","elqSiteID":"","datalayerheader":"","contact":"","formgtm":"","elqCustomerGUID":"","elqCookieWrite":"","segment":"","name_first":"First_83028_TESTTEST","name_last":"Last_83028_TESTTEST","email_work":"automated_TESTTEST_2025-12-22_05_54_37@broadridge.com","phone_business":"999-999-9999","job_title":"Job_83028_TESTTEST","Company":"Company_83028_TESTTEST","country":"United States","comment":"This is an automated test submission.  Please ignore.","id":"","so":"","di":"","ct":"","ep":"","ot":"","mt":"","yr":"","rg":"","on":"","sub-source":"","campaignMostRecentID":"","content-id":"","orig-channel":"","campaign-name":"","campaignMostRecentName":"","campaignMostRecentSource":"","campaignMostRecentMedium":"","campaignMostRecentContent":"","campaignMostRecentTerm":"","campaignMostRecentContentID":"","campaignMostRecentSubSource":"","Persistent_utm_medium":"","Persistent_utm_source":"","Persistent_utm_term":"","Persistent_utm_campaign":"","Persistent_Sub_Source":"","Persistent_Content_ID":"","Persistent_Campaign_ID":"","Persistent_utm_content":"","Session_utm_medium":"","Session_utm_source":"","Session_utm_term":"","Session_utm_campaign":"","Session_Sub_Source":"","Session_Content_ID":"","Session_Campaign_ID":"701RN00000RbnVLYAZ","Session_utm_content":"","inquiry":"Gen Enq","fullURL":"https://www-dev.broadridge.com/press-release/2012/matrix-enhances-retiretoolkit-offering","page_id":"177725","page_campaign_id":"","ecid":"","elqCampaignId":"","Formmodel":"flyout","Pagetype":"Press Release","g-recaptcha-response":"0cAFcWeA6IwRFcI_ZQ678Gmo2k-xOrUg7odF_7AFCxUXOqO0oX4W88ca3x86MlUpMCLlBTv0DXz7Xp34O4ZMKfcPipZI7SX7sHswMeeyMGXFztS1MJhOBkSGFvHiXqge1YfPfgpUS7569ehNleEIipkQnjCNS2b0luVTJyiAEurpUS5-tS1v7XthnefO0AvW-KOOE0xfVQPunsZjCFQt8GioH3mrl3DSYb-O-rN-pU5yA-FFaEcSODh_NC4j_CmS_Pl6NfKiMUyJFtqviC0tGeQE4JjDBMR2AnB0lGR_hMJaN-d_pD-zlfSF8A2dRGqOg2Z8wusEY0OO1gKbT3l4VXZ720HXrCRKII1FcBFtfxeExlb2M4oakXK4WUrJQ2ycIrWjNVnM4KnQrE9Q536lyVD5meAJarE3OFtDJ2-TEf5WK7MQ0XMUOUAXC6-ZC-Ox8NXnJRBnUH9C5mKH3VePv4buTxKaVE9AVOicMeLiTl2scE65GIsKkYyBY7R8EpgrS7y5uskvO8EzGZBRi4grSFOBK07axzeVwNVZ94kV7sUVQMgljhK5MgW5ZJPkcfyF9tDoD7B0MKZ0e5xHwycXlS9_kKMpHFIowuWYPmowYR_9lI7LPNnM3ArnDf1coRZwMBeaxilJmkHu5xVjOPD4RjBAScBfCnmdlNU1b6J7u6YMksKidEX9lxguzSkPixR2dCVRhvuk1hsM2YVewhFCNUndjd9lL9xZevOddlI3Ksg1PBI5OQURsYTqrzydKmOIsoAJxp4NL8JaIDam2Jo2CoOvslUq-0eZVuveVOgWkndBiwxmW_L7YhApEcAF0uzwLEb8M9qI18dyrfPP7mvRpdH0_u2RXhfuiheEI3pTCxPfgOeUrxui0O2bA0dwvI-WaQyN1DFo3mWC6AU206cK2u9vcyJi7IIdTLlNaKdlvU1tA3bCWI7k8Tf0-Um6XXpU_SytA5Qc1IHTrkdTQNXFf_vSCGVjjdhFA4rK7SFdQr4W6cfxUG-UHxViJrfDFnBSHOl-7hgYVoUyc5Bbfm6_EXFwYPlKA0Agm-P3md-44wHvqseYW2h48ySrAoykxV-o2oxecTJf3-qjj86Y6x5BknBGQ5g72wAf3vY31WSw1LHK94lLNJKXaRneIt8My6dfsD8IAxTP9Zlc5_fWQbuyvmfgYXkViUbdIyZ732UwFMTpiJMHTEIeMrkeGYA2JpKUcWz6VQ2yDVgREkdGBiFPYr8aOk3oIjXZfcZhv-Pz7KroASJOcyx6ywBLizaaBnKdKkGm3JojnkVHYy9LDcd0oxHy9zF84lwnw7aIn4s9OI6eI6jQZZ2-ywGyviUvskWR8OF8b2I5MKv-tz4nbV2Cn-M_9uPMPOy0GJySifQ2o_dr_c-SxcgSV6uTF98LsIa0VfhtXcVl9KdRogjKEsfYUAtgnGmDqAXd12CtPdT7uTVjag8S5DgxVR2DKTU-HHJodHW8esPCJQsjuB-_zhy7A3iNlqUT92bacCXgmWMhvdKwIiysSUpCvfXtByJ61FbG6nueeFyRypK0re_l8v5yOPDD8QoM9efiwQrf6bi_NvgHS8_hm9DCvP7TgUBxWAWErHL-vztr-GyVxCy96YloG-xgiK3AU6r8VLVQ"}
form message = Thank you for your interest in Broadridge.
A representative will contact you within 24 business hours.
formpayload for validation = {"formSubmissionId":"BRSEO851J-1766382880333","elqFormName":"","elqSiteID":"","datalayerheader":"","contact":"","formgtm":"","elqCustomerGUID":"","elqCookieWrite":"","segment":"","name_first":"First_83028_TESTTEST","name_last":"Last_83028_TESTTEST","email_work":"automated_TESTTEST_2025-12-22_05_54_37@broadridge.com","phone_business":"999-999-9999","job_title":"Job_83028_TESTTEST","Company":"Company_83028_TESTTEST","country":"United States","comment":"This is an automated test submission.  Please ignore.","id":"","so":"","di":"","ct":"","ep":"","ot":"","mt":"","yr":"","rg":"","on":"","sub-source":"","campaignMostRecentID":"","content-id":"","orig-channel":"","campaign-name":"","campaignMostRecentName":"","campaignMostRecentSource":"","campaignMostRecentMedium":"","campaignMostRecentContent":"","campaignMostRecentTerm":"","campaignMostRecentContentID":"","campaignMostRecentSubSource":"","Persistent_utm_medium":"","Persistent_utm_source":"","Persistent_utm_term":"","Persistent_utm_campaign":"","Persistent_Sub_Source":"","Persistent_Content_ID":"","Persistent_Campaign_ID":"","Persistent_utm_content":"","Session_utm_medium":"","Session_utm_source":"","Session_utm_term":"","Session_utm_campaign":"","Session_Sub_Source":"","Session_Content_ID":"","Session_Campaign_ID":"701RN00000RbnVLYAZ","Session_utm_content":"","inquiry":"Gen Enq","fullURL":"https://www-dev.broadridge.com/press-release/2012/matrix-enhances-retiretoolkit-offering","page_id":"177725","page_campaign_id":"","ecid":"","elqCampaignId":"","Formmodel":"flyout","Pagetype":"Press Release","g-recaptcha-response":"0cAFcWeA6IwRFcI_ZQ678Gmo2k-xOrUg7odF_7AFCxUXOqO0oX4W88ca3x86MlUpMCLlBTv0DXz7Xp34O4ZMKfcPipZI7SX7sHswMeeyMGXFztS1MJhOBkSGFvHiXqge1YfPfgpUS7569ehNleEIipkQnjCNS2b0luVTJyiAEurpUS5-tS1v7XthnefO0AvW-KOOE0xfVQPunsZjCFQt8GioH3mrl3DSYb-O-rN-pU5yA-FFaEcSODh_NC4j_CmS_Pl6NfKiMUyJFtqviC0tGeQE4JjDBMR2AnB0lGR_hMJaN-d_pD-zlfSF8A2dRGqOg2Z8wusEY0OO1gKbT3l4VXZ720HXrCRKII1FcBFtfxeExlb2M4oakXK4WUrJQ2ycIrWjNVnM4KnQrE9Q536lyVD5meAJarE3OFtDJ2-TEf5WK7MQ0XMUOUAXC6-ZC-Ox8NXnJRBnUH9C5mKH3VePv4buTxKaVE9AVOicMeLiTl2scE65GIsKkYyBY7R8EpgrS7y5uskvO8EzGZBRi4grSFOBK07axzeVwNVZ94kV7sUVQMgljhK5MgW5ZJPkcfyF9tDoD7B0MKZ0e5xHwycXlS9_kKMpHFIowuWYPmowYR_9lI7LPNnM3ArnDf1coRZwMBeaxilJmkHu5xVjOPD4RjBAScBfCnmdlNU1b6J7u6YMksKidEX9lxguzSkPixR2dCVRhvuk1hsM2YVewhFCNUndjd9lL9xZevOddlI3Ksg1PBI5OQURsYTqrzydKmOIsoAJxp4NL8JaIDam2Jo2CoOvslUq-0eZVuveVOgWkndBiwxmW_L7YhApEcAF0uzwLEb8M9qI18dyrfPP7mvRpdH0_u2RXhfuiheEI3pTCxPfgOeUrxui0O2bA0dwvI-WaQyN1DFo3mWC6AU206cK2u9vcyJi7IIdTLlNaKdlvU1tA3bCWI7k8Tf0-Um6XXpU_SytA5Qc1IHTrkdTQNXFf_vSCGVjjdhFA4rK7SFdQr4W6cfxUG-UHxViJrfDFnBSHOl-7hgYVoUyc5Bbfm6_EXFwYPlKA0Agm-P3md-44wHvqseYW2h48ySrAoykxV-o2oxecTJf3-qjj86Y6x5BknBGQ5g72wAf3vY31WSw1LHK94lLNJKXaRneIt8My6dfsD8IAxTP9Zlc5_fWQbuyvmfgYXkViUbdIyZ732UwFMTpiJMHTEIeMrkeGYA2JpKUcWz6VQ2yDVgREkdGBiFPYr8aOk3oIjXZfcZhv-Pz7KroASJOcyx6ywBLizaaBnKdKkGm3JojnkVHYy9LDcd0oxHy9zF84lwnw7aIn4s9OI6eI6jQZZ2-ywGyviUvskWR8OF8b2I5MKv-tz4nbV2Cn-M_9uPMPOy0GJySifQ2o_dr_c-SxcgSV6uTF98LsIa0VfhtXcVl9KdRogjKEsfYUAtgnGmDqAXd12CtPdT7uTVjag8S5DgxVR2DKTU-HHJodHW8esPCJQsjuB-_zhy7A3iNlqUT92bacCXgmWMhvdKwIiysSUpCvfXtByJ61FbG6nueeFyRypK0re_l8v5yOPDD8QoM9efiwQrf6bi_NvgHS8_hm9DCvP7TgUBxWAWErHL-vztr-GyVxCy96YloG-xgiK3AU6r8VLVQ"}
formSubmissionId = BRSEO851J-1766382880333
fullURL = https://www-dev.broadridge.com/press-release/2012/matrix-enhances-retiretoolkit-offering
page comparison URL = https://www-dev.broadridge.com/press-release/2012/matrix-enhances-retiretoolkit-offering
................Header Contact Us Form Filled...................
V2 ContactUs form NOT found on the bottom
V2 Download form NOT found on the bottom
no cookie button
header ContactUs button found = true
emailTimeStamp = automated_TESTTEST_2025-12-22_05_55_18@broadridge.com
📤 Form payload = {"formSubmissionId":"","elqFormName":"","elqSiteID":"","datalayerheader":"","contact":"","formgtm":"","elqCustomerGUID":"","elqCookieWrite":"","segment":"consumer-finance","name_first":"First_83028_TESTTEST","name_last":"Last_83028_TESTTEST","email_work":"automated_TESTTEST_2025-12-22_05_55_18@broadridge.com","phone_business":"999-999-9999","job_title":"Job_83028_TESTTEST","Company":"Company_83028_TESTTEST","country":"United States","comment":"This is an automated test submission. Please ignore.","id":"","so":"","di":"","ct":"","ep":"","ot":"","mt":"","yr":"","rg":"","on":"","sub-source":"","campaignMostRecentID":"","content-id":"","orig-channel":"","campaign-name":"","campaignMostRecentName":"","campaignMostRecentSource":"","campaignMostRecentMedium":"","campaignMostRecentContent":"","campaignMostRecentTerm":"","campaignMostRecentContentID":"","campaignMostRecentSubSource":"","Persistent_utm_medium":"","Persistent_utm_source":"","Persistent_utm_term":"","Persistent_utm_campaign":"","Persistent_Sub_Source":"","Persistent_Content_ID":"","Persistent_Campaign_ID":"","Persistent_utm_content":"","Session_utm_medium":"","Session_utm_source":"","Session_utm_term":"","Session_utm_campaign":"","Session_Sub_Source":"","Session_Content_ID":"","Session_Campaign_ID":"701RN00000RbnVLYAZ","Session_utm_content":"","inquiry":"","fullURL":"https://www-dev.broadridge.com/podcast/reimagining-communications-with-matt-swain","page_id":"62905","page_campaign_id":"0","ecid":"","elqCampaignId":"","Formmodel":"flyout","Pagetype":"","g-recaptcha-response":"0cAFcWeA4Qt2xryDnvXna0EZsy4ZlvVVQL0QEGD6FXZH0wwrhNQ71USNs_1X3W2pqhYox_zDXhs7HNs4-emnmALBsytJrwWE8aXHhyWml0fPwGbtBaMCu8HuEESVS8bTxMJdvOzAtIzaELCd8mrVkkkx4SDmVmat33_f7YhXxH5jlK3Xt_zvTG--gGUnPGjzq4suAoCOh5fdk9rucBml_sb0wpT3v3kQ8fApQPEuaprRPQS1CsevJFL6IxUE1FzbexnaO4XKCN7UZ-mKNbQh69K-FoWZOLcfNOpo1GJ60EA7Vlf1auU55ngFxPvt6qNGNWxxirwZ3bMeAg6xVjiaQlGR34-VNk6Ki3xiG-sv6GmLrFWYYBuPEI46n38v6uvYXN7Gc_x-B41wyTM5rlVFaJWjDdfqp_BESncf4bR__FUnj9tb1vYSDNHgOFCtGgrH0fWsdApG61TctDI6zP-SAIRKa6lxeCb3_1Eb9Y_Q8sdsWs9BZtHht_l8OUUH-Jhoq4DsikkjbQWQooUvYx483ILHZzKAKdllQqwvD8_e_vIbI1LYIA0KYQOncSe_FONfdCzJI7iHtvilocVtx5rzm4W2aVfvMcjXIkfEdr5dZyUhpLAYQk9U4O46mxCBE6PWqdEvUvo6IuVDj1ZQYdOLu0R_yxZEKcglEa6DrQgOgFzrQjxXeAH5CpiCqFfNK95CqRLtxTFQRnCJW7f6D9E2AfYf4aGPHiFWx4UkJ-cw_J37WAPT6nDpR-_q9BHkQQIGHSiLGE7snbiCpKfJ9DYcIBjS67_0a63g0tkqPNw9U2I0lIuOQjIefaFprxCK6S8SYCo_S2JdOjvLFuUTrUT67hctczu3LCJPRhelPXIKtS7BeM_NIMIvpCt2RoVjs6pfCtjYyv8f3qF_nJ5FjBIyt4Lt3WNRJApzHI58mlqB-myXTnZMfB0LBkzp34Ni8C7JrKrZZu126V9CNXGx22tsSCmm5S4Wz1glIikR0e0W-Mx-V0FUvNSW2CXl-q6bFl-Bu6mzz-s1TOk9bIAoewlDr0JSQVM7klUsJVCeYjf8tiFJiODhmeY5ey2olfyjH62ssPdR9OgzQcfmq2B7le4hyznyIyZSrthH9XNH4GFYB5EWEH-HNYSlj5mG6-ipsiNsW32d-1WXJge3gKSl24m1haoFBgQ2SAZdOCqt4gG_RZkyLJSjDotxq8LBoyWZQ2-GL3iqqgf9OoPN8crKe9rM2q8iYSF6fQ5izWl1lqSj6qtz7yoNm6ovR5xFRhu-RrGmOcfmFBqfCt5twAXC2vR_3t75U9TgPNTDSy0CTPRPZNApjSs7DHWrN7iwCpler5k_aEUjQ2jvC3PLY0iyfLdRZJ5YTLWKCbldZYe3DrZhPe9iUfC06ETA_4qre3njvH7rOY4f4NG-Vw5f4CEuEIbFRzSWtR06aOarr1qGkr1qVo6jLyGWjOj5MEWXRdwifSUyV0a0VGUXxBD4c6d9xjUsJU62IH5vsukj3HgrXatIoPAWDVkPU2gYnPlVPzfZOEc-Njxt31GPn9QR-A4V344z4Vep1OJ-gr1nKR0FCc_f6-Lx9l3cXIShx61rGpKj2WQAU2xvV0LgGvT4wYPoqGH5F-jwRl30s_l2BfQw"}
form message = Something went wrong with our form submission. Please try again.
formpayload for validation = {"formSubmissionId":"","elqFormName":"","elqSiteID":"","datalayerheader":"","contact":"","formgtm":"","elqCustomerGUID":"","elqCookieWrite":"","segment":"consumer-finance","name_first":"First_83028_TESTTEST","name_last":"Last_83028_TESTTEST","email_work":"automated_TESTTEST_2025-12-22_05_55_18@broadridge.com","phone_business":"999-999-9999","job_title":"Job_83028_TESTTEST","Company":"Company_83028_TESTTEST","country":"United States","comment":"This is an automated test submission. Please ignore.","id":"","so":"","di":"","ct":"","ep":"","ot":"","mt":"","yr":"","rg":"","on":"","sub-source":"","campaignMostRecentID":"","content-id":"","orig-channel":"","campaign-name":"","campaignMostRecentName":"","campaignMostRecentSource":"","campaignMostRecentMedium":"","campaignMostRecentContent":"","campaignMostRecentTerm":"","campaignMostRecentContentID":"","campaignMostRecentSubSource":"","Persistent_utm_medium":"","Persistent_utm_source":"","Persistent_utm_term":"","Persistent_utm_campaign":"","Persistent_Sub_Source":"","Persistent_Content_ID":"","Persistent_Campaign_ID":"","Persistent_utm_content":"","Session_utm_medium":"","Session_utm_source":"","Session_utm_term":"","Session_utm_campaign":"","Session_Sub_Source":"","Session_Content_ID":"","Session_Campaign_ID":"701RN00000RbnVLYAZ","Session_utm_content":"","inquiry":"","fullURL":"https://www-dev.broadridge.com/podcast/reimagining-communications-with-matt-swain","page_id":"62905","page_campaign_id":"0","ecid":"","elqCampaignId":"","Formmodel":"flyout","Pagetype":"","g-recaptcha-response":"0cAFcWeA4Qt2xryDnvXna0EZsy4ZlvVVQL0QEGD6FXZH0wwrhNQ71USNs_1X3W2pqhYox_zDXhs7HNs4-emnmALBsytJrwWE8aXHhyWml0fPwGbtBaMCu8HuEESVS8bTxMJdvOzAtIzaELCd8mrVkkkx4SDmVmat33_f7YhXxH5jlK3Xt_zvTG--gGUnPGjzq4suAoCOh5fdk9rucBml_sb0wpT3v3kQ8fApQPEuaprRPQS1CsevJFL6IxUE1FzbexnaO4XKCN7UZ-mKNbQh69K-FoWZOLcfNOpo1GJ60EA7Vlf1auU55ngFxPvt6qNGNWxxirwZ3bMeAg6xVjiaQlGR34-VNk6Ki3xiG-sv6GmLrFWYYBuPEI46n38v6uvYXN7Gc_x-B41wyTM5rlVFaJWjDdfqp_BESncf4bR__FUnj9tb1vYSDNHgOFCtGgrH0fWsdApG61TctDI6zP-SAIRKa6lxeCb3_1Eb9Y_Q8sdsWs9BZtHht_l8OUUH-Jhoq4DsikkjbQWQooUvYx483ILHZzKAKdllQqwvD8_e_vIbI1LYIA0KYQOncSe_FONfdCzJI7iHtvilocVtx5rzm4W2aVfvMcjXIkfEdr5dZyUhpLAYQk9U4O46mxCBE6PWqdEvUvo6IuVDj1ZQYdOLu0R_yxZEKcglEa6DrQgOgFzrQjxXeAH5CpiCqFfNK95CqRLtxTFQRnCJW7f6D9E2AfYf4aGPHiFWx4UkJ-cw_J37WAPT6nDpR-_q9BHkQQIGHSiLGE7snbiCpKfJ9DYcIBjS67_0a63g0tkqPNw9U2I0lIuOQjIefaFprxCK6S8SYCo_S2JdOjvLFuUTrUT67hctczu3LCJPRhelPXIKtS7BeM_NIMIvpCt2RoVjs6pfCtjYyv8f3qF_nJ5FjBIyt4Lt3WNRJApzHI58mlqB-myXTnZMfB0LBkzp34Ni8C7JrKrZZu126V9CNXGx22tsSCmm5S4Wz1glIikR0e0W-Mx-V0FUvNSW2CXl-q6bFl-Bu6mzz-s1TOk9bIAoewlDr0JSQVM7klUsJVCeYjf8tiFJiODhmeY5ey2olfyjH62ssPdR9OgzQcfmq2B7le4hyznyIyZSrthH9XNH4GFYB5EWEH-HNYSlj5mG6-ipsiNsW32d-1WXJge3gKSl24m1haoFBgQ2SAZdOCqt4gG_RZkyLJSjDotxq8LBoyWZQ2-GL3iqqgf9OoPN8crKe9rM2q8iYSF6fQ5izWl1lqSj6qtz7yoNm6ovR5xFRhu-RrGmOcfmFBqfCt5twAXC2vR_3t75U9TgPNTDSy0CTPRPZNApjSs7DHWrN7iwCpler5k_aEUjQ2jvC3PLY0iyfLdRZJ5YTLWKCbldZYe3DrZhPe9iUfC06ETA_4qre3njvH7rOY4f4NG-Vw5f4CEuEIbFRzSWtR06aOarr1qGkr1qVo6jLyGWjOj5MEWXRdwifSUyV0a0VGUXxBD4c6d9xjUsJU62IH5vsukj3HgrXatIoPAWDVkPU2gYnPlVPzfZOEc-Njxt31GPn9QR-A4V344z4Vep1OJ-gr1nKR0FCc_f6-Lx9l3cXIShx61rGpKj2WQAU2xvV0LgGvT4wYPoqGH5F-jwRl30s_l2BfQw"}
formSubmissionId = 
fullURL = https://www-dev.broadridge.com/podcast/reimagining-communications-with-matt-swain
page comparison URL = https://www-dev.broadridge.com/podcast/reimagining-communications-with-matt-swain
..........!!!...Filling the form failed...!!!........
................Header Contact Us Form Filled...................
V2 ContactUs form NOT found on the bottom
V2 Download form NOT found on the bottom
no cookie button
header contact us form can not be filled
V2 ContactUs form NOT found on the bottom
V2 Download form NOT found on the bottom
no cookie button
header ContactUs button found = true
[...]
form message = Thank you for your interest in Broadridge.
A representative will contact you within 24 business hours.
formpayload for validation = {"formSubmissionId":"BR8MBO56R-1766383225530","elqFormName":"","elqSiteID":"","datalayerheader":"","contact":"","formgtm":"","elqCustomerGUID":"","elqCookieWrite":"","segment":"","name_first":"First_83028_TESTTEST","name_last":"Last_83028_TESTTEST","email_work":"automated_TESTTEST_2025-12-22_06_00_22@broadridge.com","phone_business":"999-999-9999","job_title":"Job_83028_TESTTEST","Company":"Company_83028_TESTTEST","country":"United States","comment":"This is an automated test submission.  Please ignore.","id":"","so":"","di":"","ct":"","ep":"","ot":"","mt":"","yr":"","rg":"","on":"","sub-source":"","campaignMostRecentID":"","content-id":"","orig-channel":"","campaign-name":"","campaignMostRecentName":"","campaignMostRecentSource":"","campaignMostRecentMedium":"","campaignMostRecentContent":"","campaignMostRecentTerm":"","campaignMostRecentContentID":"","campaignMostRecentSubSource":"","Persistent_utm_medium":"","Persistent_utm_source":"","Persistent_utm_term":"","Persistent_utm_campaign":"","Persistent_Sub_Source":"","Persistent_Content_ID":"","Persistent_Campaign_ID":"","Persistent_utm_content":"","Session_utm_medium":"","Session_utm_source":"","Session_utm_term":"","Session_utm_campaign":"","Session_Sub_Source":"","Session_Content_ID":"","Session_Campaign_ID":"701RN00000RbnVLYAZ","Session_utm_content":"","inquiry":"Gen Enq","fullURL":"https://www-dev.broadridge.com/legal/broadridge-uk-tax-strategy","page_id":"180366","page_campaign_id":"","ecid":"","elqCampaignId":"","Formmodel":"flyout","Pagetype":"Insights Article","g-recaptcha-response":"0cAFcWeA6ZMjd-FULvzh1vwcN-O3AmE9FYV5AZ1Q-KShru6RjXNFh0LpFoZ6OgHyJECDyxjK1kmOmfevf7IYpmLTFiUNUTKd22fsCZabZ2bOXQzj8YgbsjdX1E0bGd8LBkk3Qk8kXJS-GilEaTH-Ob_O1K_EYR6__eK3DqUsi5ETzeCs9j-6L4MtGLqu6Q_8honuVavm5FKIKA9H0-alLNEpO23r9Ok6DXmY5hVbVgS-rH7PAi2LvIZP5EDF_FnHdYggHQu4PSopAiZ7isW-VJvN5WWXB3oUaMY_wdLE2GpEDeiBYma2MMAxvc71z3reEhclv0XcGew3q6Xj45UnF3O-IbNGqD_vLJV_zg1LQBlfyAXh8R4CaGSRd5uvXICep5XL1K_KbPt5q9oiC27aEOWxxBkb9kwBttORZM9y_KnWW-A34IyfpFeAneFABjFQZkBTezg8tA0QG5XH7pQIaerMGNH7qZrotjhfv6Pql6YmKWEaoj3lrG4_mscFV2lmyLzRvnlFSOJMu9IcxXkOTAiK9NAofNKl_skppylw6vEH1eJXaYFJ89z1Mf-vDwHzlfgnlE1amYOjxMYnNAv3Q3Jam7GVAWi6exKnY58Moq_3VLOftIBkarHTXvN_yJ8YI_EUSqxtfREPw9v5Z_KddafbhoQC4b2ryaOzZd8Fax-XNnQpHsKTJcwX9hGg8X8GNoYrcWeDeknUgvvDz1dTA5sef8YwTH2-er_g8qOgGC1u7umhZIcpiQCM6iuw9YPthzqJittVM6NytLcHeLXo3eN93_aOzJ3__IrOw5YjWaDSRC-d-dkPqLMXnCoL2QyJRNKMJdD24MtnSeG9eCRvuAxw2auIVHWOv6zlWh5M1HdNXUatd--eeIsv8Ilr1FrggICXLVN_0dPVPWObnSqFC5JG57Qbd26zL6Vl6HJmcjdi4wF2YI5pSQJDzwG-Ily9e6nDPikcUkvce3QyFrM2NFTPj_Yr2zikDo1qM7CnQQf-rjYm_Aias9HmLzWsIMpy1Jv8m7u4WiTYmtW0pQDOHvcVW2JJmNOm0LzhL8kJEsznJhHkKcCXR3snDAsUh-QyN42KtNeUFQhXLzEZjdHBMIJMGZnpjtQsfvDUwnD5wpovXKht9NBO-Ec_s6Q1GVORurr-7qw5AYt0VXPxekrw-eNHHE7zch_wmxC-qYC2-qfe2UuGkAN8QE3V7n2zn5_4K2W8afJbabMIy6WzcVMT9Uy7-LDUGvbR-fFNBmI1VXCYiVea7iKBGj4REaikrSsNXvmqUcHFoDgaus4t_2HPSTTsmCCVUoeXU-0m_Z8Ua4SjCQsNIyfgeJGydUEFqDMEuPvZlRr6lBhJ8SMHAAS0GA-QCnhFEFLQ55ahLS5CZ33_Pqd08sTUi841GCLyRjOm8GAUPsGL8X7zGDX6GPRjGsiZ8NiUvNB20flY6bTIQbGOCzv9zXSjWuojOAujs_67E3FJtscLdfuB4kAPJ-ORQfGbhu7R-zSTxtLafAL2OIAM-0LLjdIuRqY71owoIVTpYOn1l1R63ZRURelZ2DRrIC6mDRg7oVKaszv8dr8u_RZVQYOHSAw3jlZIqRHXm2epp9yERLjJbYlp1VLbmf0HZY-MbLk_tbHo7Xe2D5160v_OG0fR3Rt_GKJGSTLARo7GTY8SVrd7kvXioXIbctqOccLkKMlhDvsOOKdg"}
formSubmissionId = BR8MBO56R-1766383225530
fullURL = https://www-dev.broadridge.com/legal/broadridge-uk-tax-strategy
page comparison URL = https://www-dev.broadridge.com/legal/broadridge-uk-tax-strategy
................Header Contact Us Form Filled...................
V2 ContactUs form NOT found on the bottom
V2 Download form NOT found on the bottom
no cookie button
header ContactUs button found = true
emailTimeStamp = automated_TESTTEST_2025-12-22_06_01_02@broadridge.com
📤 Form payload = {"formSubmissionId":"BRRTZWNXA-1766383266099","elqFormName":"","elqSiteID":"","datalayerheader":"","contact":"","formgtm":"","elqCustomerGUID":"","elqCookieWrite":"","segment":"","name_first":"First_83028_TESTTEST","name_last":"Last_83028_TESTTEST","email_work":"automated_TESTTEST_2025-12-22_06_01_02@broadridge.com","phone_business":"999-999-9999","job_title":"Job_83028_TESTTEST","Company":"Company_83028_TESTTEST","country":"United States","comment":"This is an automated test submission.  Please ignore.","id":"","so":"","di":"","ct":"","ep":"","ot":"","mt":"","yr":"","rg":"","on":"","sub-source":"","campaignMostRecentID":"","content-id":"","orig-channel":"","campaign-name":"","campaignMostRecentName":"","campaignMostRecentSource":"","campaignMostRecentMedium":"","campaignMostRecentContent":"","campaignMostRecentTerm":"","campaignMostRecentContentID":"","campaignMostRecentSubSource":"","Persistent_utm_medium":"","Persistent_utm_source":"","Persistent_utm_term":"","Persistent_utm_campaign":"","Persistent_Sub_Source":"","Persistent_Content_ID":"","Persistent_Campaign_ID":"","Persistent_utm_content":"","Session_utm_medium":"","Session_utm_source":"","Session_utm_term":"","Session_utm_campaign":"","Session_Sub_Source":"","Session_Content_ID":"","Session_Campaign_ID":"701RN00000RbnVLYAZ","Session_utm_content":"","inquiry":"Gen Enq","fullURL":"https://www-dev.broadridge.com/insight-pages/broadridge-insights","page_id":"182713","page_campaign_id":"","ecid":"","elqCampaignId":"","Formmodel":"flyout","Pagetype":"Insights Front","g-recaptcha-response":"0cAFcWeA5OZXNtrvSm-tbslJYokB04HdTopC8NSmYrfpEkYFdiycZd327oOGUqq8XmS6EHp2KUaeEQ2mR_dQQmB9nl2XIHxrOYhYzzVPB6soJrHsakgnrwOnaem96KFI5z-786BYEFPIjO_XQ5q5vU1C5txkoiRuKisgDa5vu3mFXRCVcuQH_BRFlBOTQR2Ed9AVFRk7gP_IlPejXsQ3XG5iDjh5yEXPw9ZAZ1nK8fZPXkvE9_vK5dLGKts9D8eiDrkVHVaAOPW1xMpbavw-6mIBN96Ckw3NZC7FMhV8j7IYndwnNyT5oK4Njl03HftoUX8L9JJW7mXF58UovRfu0FdWqQurEUztczYPA-iwPoCZDk-Pm5NW2yM2fbkNAXiunujVmaqrlvYsFQ-pzFOxqoyqfadrWl8BdAzqqLQBsPxPm3sAYE-AJT4GISAKKYgo6tpcONYZo1d6_FxYTMJgY8GJ_AaIxhNJGZ6ljkIShAvv4HXlkKvE1x0L_PdTNW7U5frHweGWe2TTVQzGOEHN75_8H4BhDORuEjIJWxukg827dN7HX4IJVe3V75Rk4JVbDnHGXb_UqK_1pOHHXXlXDZSTaKzlqX3N7hykQGcf_GANYWqlHDl_xJRW8VbqyddGR4oL88fJnH7icZvhzEpQw3inkcuOt2ZP0fE4Ff6t1ptpvbWWx5KdFT1PgEWI6oGVirj-YFp4Vv5rsMv5j7twLQrh5llMrvK5TQGH3MVAtv37TAxYcfoRCrduWgqg1aOy0ED0Pl4dZAyQhNN03lk6d6n5vdI-j94BF0ehCc2LDq6a07XrfbTMwiOvvd73Wc91yAnhDg4sqAF_dqad3nAREWGjHDCzTPZxFyDeKK3IIY_GOlXIdg5rtz8A077bGFJhVifwLY-JCOUG-6e3_4cHu10Q3LvYhb5PaHAI_2cKa9OdaFPxmxA0xZ4m0W5nI84-uZJP9cU4CyKZnhzHnUgDUlW2A647xJJ8itPy2Hmj6H9vJJWLBCevJa7bMS7QiK_Vfu2gCB0pei0ggxBNd1LR0Pvng80mqzzVv1e1X5TeLZP8bZjlDvYL5ONeyWnAUr6gFue1VkcnJpiUfQJmjArARSfyFVp9pWgGqHFd_5vGaSnkAiSzj6OcrZL2StiADTidJufEWT7tVugIwyyHbbswQgR14vVJ-0BBv0sklbzmwv49JGxUZytNxMyhqTVMW0n2gcHUysY793R7c-QTLC74cT6R7-zlJllNPLWxpCxKaBOv6-OHSiOsWvpeoXpxf_OOa7vY6uHI_cCBf5eYBwCdql5jTD8ElAHZr9dzABCfEbjCNWNABbS25aekjLNum7yGE_PaCrKLVlvy2FIYvqiMUFP1vcb2GQ426O0nm4XxMVOE4r1loJ3QfogD7Ok6he4Zp3wj6sob3O8kffnfEm5o47-BEgp9zvwr7VilJzLBJ2qzRhn0_0azhbbLtoipHwCzFfGyinHg0xRNreli9C0WHS3WJ2pgYf_vuwPFw-iu7mHYUwgjTaGygMUWrMEalczAqImo9h3xn9s7nQWkxpgaggfexTUyYprSK7P730pJDw9SFCvya-4eWf9soE-g3NzHUHLZ9o7gZ_5ECIBfu2bSr4ggIsUyh3-Wl7yg"}
form message = Thank you for your interest in Broadridge.
A representative will contact you within 24 business hours.
formpayload for validation = {"formSubmissionId":"BRRTZWNXA-1766383266099","elqFormName":"","elqSiteID":"","datalayerheader":"","contact":"","formgtm":"","elqCustomerGUID":"","elqCookieWrite":"","segment":"","name_first":"First_83028_TESTTEST","name_last":"Last_83028_TESTTEST","email_work":"automated_TESTTEST_2025-12-22_06_01_02@broadridge.com","phone_business":"999-999-9999","job_title":"Job_83028_TESTTEST","Company":"Company_83028_TESTTEST","country":"United States","comment":"This is an automated test submission.  Please ignore.","id":"","so":"","di":"","ct":"","ep":"","ot":"","mt":"","yr":"","rg":"","on":"","sub-source":"","campaignMostRecentID":"","content-id":"","orig-channel":"","campaign-name":"","campaignMostRecentName":"","campaignMostRecentSource":"","campaignMostRecentMedium":"","campaignMostRecentContent":"","campaignMostRecentTerm":"","campaignMostRecentContentID":"","campaignMostRecentSubSource":"","Persistent_utm_medium":"","Persistent_utm_source":"","Persistent_utm_term":"","Persistent_utm_campaign":"","Persistent_Sub_Source":"","Persistent_Content_ID":"","Persistent_Campaign_ID":"","Persistent_utm_content":"","Session_utm_medium":"","Session_utm_source":"","Session_utm_term":"","Session_utm_campaign":"","Session_Sub_Source":"","Session_Content_ID":"","Session_Campaign_ID":"701RN00000RbnVLYAZ","Session_utm_content":"","inquiry":"Gen Enq","fullURL":"https://www-dev.broadridge.com/insight-pages/broadridge-insights","page_id":"182713","page_campaign_id":"","ecid":"","elqCampaignId":"","Formmodel":"flyout","Pagetype":"Insights Front","g-recaptcha-response":"0cAFcWeA5OZXNtrvSm-tbslJYokB04HdTopC8NSmYrfpEkYFdiycZd327oOGUqq8XmS6EHp2KUaeEQ2mR_dQQmB9nl2XIHxrOYhYzzVPB6soJrHsakgnrwOnaem96KFI5z-786BYEFPIjO_XQ5q5vU1C5txkoiRuKisgDa5vu3mFXRCVcuQH_BRFlBOTQR2Ed9AVFRk7gP_IlPejXsQ3XG5iDjh5yEXPw9ZAZ1nK8fZPXkvE9_vK5dLGKts9D8eiDrkVHVaAOPW1xMpbavw-6mIBN96Ckw3NZC7FMhV8j7IYndwnNyT5oK4Njl03HftoUX8L9JJW7mXF58UovRfu0FdWqQurEUztczYPA-iwPoCZDk-Pm5NW2yM2fbkNAXiunujVmaqrlvYsFQ-pzFOxqoyqfadrWl8BdAzqqLQBsPxPm3sAYE-AJT4GISAKKYgo6tpcONYZo1d6_FxYTMJgY8GJ_AaIxhNJGZ6ljkIShAvv4HXlkKvE1x0L_PdTNW7U5frHweGWe2TTVQzGOEHN75_8H4BhDORuEjIJWxukg827dN7HX4IJVe3V75Rk4JVbDnHGXb_UqK_1pOHHXXlXDZSTaKzlqX3N7hykQGcf_GANYWqlHDl_xJRW8VbqyddGR4oL88fJnH7icZvhzEpQw3inkcuOt2ZP0fE4Ff6t1ptpvbWWx5KdFT1PgEWI6oGVirj-YFp4Vv5rsMv5j7twLQrh5llMrvK5TQGH3MVAtv37TAxYcfoRCrduWgqg1aOy0ED0Pl4dZAyQhNN03lk6d6n5vdI-j94BF0ehCc2LDq6a07XrfbTMwiOvvd73Wc91yAnhDg4sqAF_dqad3nAREWGjHDCzTPZxFyDeKK3IIY_GOlXIdg5rtz8A077bGFJhVifwLY-JCOUG-6e3_4cHu10Q3LvYhb5PaHAI_2cKa9OdaFPxmxA0xZ4m0W5nI84-uZJP9cU4CyKZnhzHnUgDUlW2A647xJJ8itPy2Hmj6H9vJJWLBCevJa7bMS7QiK_Vfu2gCB0pei0ggxBNd1LR0Pvng80mqzzVv1e1X5TeLZP8bZjlDvYL5ONeyWnAUr6gFue1VkcnJpiUfQJmjArARSfyFVp9pWgGqHFd_5vGaSnkAiSzj6OcrZL2StiADTidJufEWT7tVugIwyyHbbswQgR14vVJ-0BBv0sklbzmwv49JGxUZytNxMyhqTVMW0n2gcHUysY793R7c-QTLC74cT6R7-zlJllNPLWxpCxKaBOv6-OHSiOsWvpeoXpxf_OOa7vY6uHI_cCBf5eYBwCdql5jTD8ElAHZr9dzABCfEbjCNWNABbS25aekjLNum7yGE_PaCrKLVlvy2FIYvqiMUFP1vcb2GQ426O0nm4XxMVOE4r1loJ3QfogD7Ok6he4Zp3wj6sob3O8kffnfEm5o47-BEgp9zvwr7VilJzLBJ2qzRhn0_0azhbbLtoipHwCzFfGyinHg0xRNreli9C0WHS3WJ2pgYf_vuwPFw-iu7mHYUwgjTaGygMUWrMEalczAqImo9h3xn9s7nQWkxpgaggfexTUyYprSK7P730pJDw9SFCvya-4eWf9soE-g3NzHUHLZ9o7gZ_5ECIBfu2bSr4ggIsUyh3-Wl7yg"}
formSubmissionId = BRRTZWNXA-1766383266099
fullURL = https://www-dev.broadridge.com/insight-pages/broadridge-insights
page comparison URL = https://www-dev.broadridge.com/webinar/webinar-program
..........!!!...Filling the form failed...!!!........
................Header Contact Us Form Filled...................
v2 ContactUs form found on the bottom = false
V2 ContactUs form NOT found on the bottom
V2 Download form NOT found on the bottom
no cookie button
header ContactUs button found = true
emailTimeStamp = automated_TESTTEST_2025-12-22_06_01_45@broadridge.com
📤 Form payload = {"formSubmissionId":"","elqFormName":"","elqSiteID":"","datalayerheader":"","contact":"","formgtm":"","elqCustomerGUID":"","elqCookieWrite":"","segment":"asset-management","name_first":"First_83028_TESTTEST","name_last":"Last_83028_TESTTEST","email_work":"automated_TESTTEST_2025-12-22_06_01_45@broadridge.com","phone_business":"999-999-9999","job_title":"Job_83028_TESTTEST","Company":"Company_83028_TESTTEST","country":"United States","comment":"This is an automated test submission. Please ignore.","id":"","so":"","di":"","ct":"","ep":"","ot":"","mt":"","yr":"","rg":"","on":"","sub-source":"","campaignMostRecentID":"","content-id":"","orig-channel":"","campaign-name":"","campaignMostRecentName":"","campaignMostRecentSource":"","campaignMostRecentMedium":"","campaignMostRecentContent":"","campaignMostRecentTerm":"","campaignMostRecentContentID":"","campaignMostRecentSubSource":"","Persistent_utm_medium":"","Persistent_utm_source":"","Persistent_utm_term":"","Persistent_utm_campaign":"","Persistent_Sub_Source":"","Persistent_Content_ID":"","Persistent_Campaign_ID":"","Persistent_utm_content":"","Session_utm_medium":"","Session_utm_source":"","Session_utm_term":"","Session_utm_campaign":"","Session_Sub_Source":"","Session_Content_ID":"","Session_Campaign_ID":"701RN00000RbnVLYAZ","Session_utm_content":"","inquiry":"","fullURL":"https://www-dev.broadridge.com/report/asset-management/tailored-shareholder-reports","page_id":"130411","page_campaign_id":"639ca36f01b0d5c80e77c6108137c4c5","ecid":"","elqCampaignId":"","Formmodel":"flyout","Pagetype":"","g-recaptcha-response":"0cAFcWeA4fLb3XHtoH3hYjrwmxApzbdQqjFOiJbuRqmv-8pjbC1bpvWyx7h86k-2IGg3F1gFdCzlnPPVCTOwix4TPWl5zh_jdeTaPBSrJjnf02dBoeoinakwfn1scC4_PWdv_anKLQEkstxTZK9oVIkzUuz59PnOTs_eLZarv_yKTvVV8M86yVwZmqEZLxinyxPMHCbKrWiupdw4JjK4ZHDMuc6Y6d3mR42H809UTAz_AELQaynJ9OZNObOdp6Z4SqcWAXQmIqCJmrvY5PzrMjYn4rGddcdsEeQQqaUiK0062-BW_P4F-YogUVelvzSW0fTtjojnbKy1GQFnSDnU-5UqlV1i8v_Kzsl6oGhGgcv_9vu_t3lX3SjqsxePb6IzGrKUq6JkyW3rakPA2_iLO89vK80ox2QWJsR0sNwaGCquqhKpHCHszM3cHJwFw_NWvulxaGoxNtPGePRjRAmSs1V5Qe-hq9nlul9L4bzCaLhFkeOsY4e8Q7F5-DLNroI74wZ11XUsrwDoc7y6vOEp6Tbk6DLw68SRlQC3m2rf2c54FE5arcqg7sL1z0ni58KYfSNyBsdavZuE98f3L9P-WD4wv2KxVzq8_CGITUQZfjMQ_YFURxO3DXhKq1vehY5_L7zAiQ4HAEgezOANX5miBRTfxaTKF_AezHT5DNeY7XF1lU2T9xJTVlL3OKrS_yBsLcFRGUI1b0I17iUqC7cCqJDnt4Dk28CifygsXhp8Hz2w5qOlQ8u_loJqrS1OFT9eMM2It3buJT-cdSAPQibF7mMFMJO_HorQzO_WpfB_OE7K6KPbcgZTtpsUemOAmlQ5nafjMq8qhe3RrY4Unw0xyhnsNFOGTlYSCSS2DA4kYjjNqh0wHMyQf5wn1E18QzxSyVmxFejX55LVcq-8qpYrqEg8CDfAvW96o09VQob3atch5l_1NeU5wmSWV80JmoeWUs7a7mXwHe2O9DT1ixgTXgI5_h4elP6pdSWo9IQ3hkMJrnrdJF4zfvOkBQRt5Tgo14S0J4aerYDNNcNnFRZzryPU3EdP4LA0dG2TU_KVZhqpILSUGJ3Y74BCQR2XBbaEAfje3P_3eMcJWr6UzDwabsv4wiqg8VAqX6MnW4c4MD0Xic2-hIzKk7cvgaI1OLlC87lJfAbOam5bPgJKXTwGPnqT5UR41HTq4PXy_PWLvfTEe1W_m8DUKiHn50je8vJYsUgNKSNHGIsEJVPUiKRpshGFqsdB8-CAQkv5OxCU9VVP00brw1lHS5NygVlRqWYQOSsX_T25Sobzi1kB_e9Q9YILxzVjHEtRMhLlExNRLIz3yLgzvcch-hvfsjrHDKR27PbljBE1qO_trdNusQtcS_HU7suriEivv5ZSMdh2oCpCmJjj8jeJYKDb9QUg1NMRqSUVT5ocAXZgiSz6SMQEFG6aTLanLDgDBDXC1p5KiaK9ceVBT5cbRQQinlXKg6TBD7AEam5j5qPXRpoyyga6wsX84KEdZnQsD-Q6lfT43FHE39NfIklzs2zSaSih-Q-CU-EWnXDslWt-b48BnlZJZuKi_UiIjB_DLzVX1h8h1Oq8x-I-_h7W1ZXfxQJd5H1pYD2-EZJaauW454E9ScRYLot0AklKagkyu5Ig"}
form message = Something went wrong with our form submission. Please try again.
formpayload for validation = {"formSubmissionId":"","elqFormName":"","elqSiteID":"","datalayerheader":"","contact":"","formgtm":"","elqCustomerGUID":"","elqCookieWrite":"","segment":"asset-management","name_first":"First_83028_TESTTEST","name_last":"Last_83028_TESTTEST","email_work":"automated_TESTTEST_2025-12-22_06_01_45@broadridge.com","phone_business":"999-999-9999","job_title":"Job_83028_TESTTEST","Company":"Company_83028_TESTTEST","country":"United States","comment":"This is an automated test submission. Please ignore.","id":"","so":"","di":"","ct":"","ep":"","ot":"","mt":"","yr":"","rg":"","on":"","sub-source":"","campaignMostRecentID":"","content-id":"","orig-channel":"","campaign-name":"","campaignMostRecentName":"","campaignMostRecentSource":"","campaignMostRecentMedium":"","campaignMostRecentContent":"","campaignMostRecentTerm":"","campaignMostRecentContentID":"","campaignMostRecentSubSource":"","Persistent_utm_medium":"","Persistent_utm_source":"","Persistent_utm_term":"","Persistent_utm_campaign":"","Persistent_Sub_Source":"","Persistent_Content_ID":"","Persistent_Campaign_ID":"","Persistent_utm_content":"","Session_utm_medium":"","Session_utm_source":"","Session_utm_term":"","Session_utm_campaign":"","Session_Sub_Source":"","Session_Content_ID":"","Session_Campaign_ID":"701RN00000RbnVLYAZ","Session_utm_content":"","inquiry":"","fullURL":"https://www-dev.broadridge.com/report/asset-management/tailored-shareholder-reports","page_id":"130411","page_campaign_id":"639ca36f01b0d5c80e77c6108137c4c5","ecid":"","elqCampaignId":"","Formmodel":"flyout","Pagetype":"","g-recaptcha-response":"0cAFcWeA4fLb3XHtoH3hYjrwmxApzbdQqjFOiJbuRqmv-8pjbC1bpvWyx7h86k-2IGg3F1gFdCzlnPPVCTOwix4TPWl5zh_jdeTaPBSrJjnf02dBoeoinakwfn1scC4_PWdv_anKLQEkstxTZK9oVIkzUuz59PnOTs_eLZarv_yKTvVV8M86yVwZmqEZLxinyxPMHCbKrWiupdw4JjK4ZHDMuc6Y6d3mR42H809UTAz_AELQaynJ9OZNObOdp6Z4SqcWAXQmIqCJmrvY5PzrMjYn4rGddcdsEeQQqaUiK0062-BW_P4F-YogUVelvzSW0fTtjojnbKy1GQFnSDnU-5UqlV1i8v_Kzsl6oGhGgcv_9vu_t3lX3SjqsxePb6IzGrKUq6JkyW3rakPA2_iLO89vK80ox2QWJsR0sNwaGCquqhKpHCHszM3cHJwFw_NWvulxaGoxNtPGePRjRAmSs1V5Qe-hq9nlul9L4bzCaLhFkeOsY4e8Q7F5-DLNroI74wZ11XUsrwDoc7y6vOEp6Tbk6DLw68SRlQC3m2rf2c54FE5arcqg7sL1z0ni58KYfSNyBsdavZuE98f3L9P-WD4wv2KxVzq8_CGITUQZfjMQ_YFURxO3DXhKq1vehY5_L7zAiQ4HAEgezOANX5miBRTfxaTKF_AezHT5DNeY7XF1lU2T9xJTVlL3OKrS_yBsLcFRGUI1b0I17iUqC7cCqJDnt4Dk28CifygsXhp8Hz2w5qOlQ8u_loJqrS1OFT9eMM2It3buJT-cdSAPQibF7mMFMJO_HorQzO_WpfB_OE7K6KPbcgZTtpsUemOAmlQ5nafjMq8qhe3RrY4Unw0xyhnsNFOGTlYSCSS2DA4kYjjNqh0wHMyQf5wn1E18QzxSyVmxFejX55LVcq-8qpYrqEg8CDfAvW96o09VQob3atch5l_1NeU5wmSWV80JmoeWUs7a7mXwHe2O9DT1ixgTXgI5_h4elP6pdSWo9IQ3hkMJrnrdJF4zfvOkBQRt5Tgo14S0J4aerYDNNcNnFRZzryPU3EdP4LA0dG2TU_KVZhqpILSUGJ3Y74BCQR2XBbaEAfje3P_3eMcJWr6UzDwabsv4wiqg8VAqX6MnW4c4MD0Xic2-hIzKk7cvgaI1OLlC87lJfAbOam5bPgJKXTwGPnqT5UR41HTq4PXy_PWLvfTEe1W_m8DUKiHn50je8vJYsUgNKSNHGIsEJVPUiKRpshGFqsdB8-CAQkv5OxCU9VVP00brw1lHS5NygVlRqWYQOSsX_T25Sobzi1kB_e9Q9YILxzVjHEtRMhLlExNRLIz3yLgzvcch-hvfsjrHDKR27PbljBE1qO_trdNusQtcS_HU7suriEivv5ZSMdh2oCpCmJjj8jeJYKDb9QUg1NMRqSUVT5ocAXZgiSz6SMQEFG6aTLanLDgDBDXC1p5KiaK9ceVBT5cbRQQinlXKg6TBD7AEam5j5qPXRpoyyga6wsX84KEdZnQsD-Q6lfT43FHE39NfIklzs2zSaSih-Q-CU-EWnXDslWt-b48BnlZJZuKi_UiIjB_DLzVX1h8h1Oq8x-I-_h7W1ZXfxQJd5H1pYD2-EZJaauW454E9ScRYLot0AklKagkyu5Ig"}
formSubmissionId = 
fullURL = https://www-dev.broadridge.com/report/asset-management/tailored-shareholder-reports
page comparison URL = https://www-dev.broadridge.com/report/asset-management/tailored-shareholder-reports
..........!!!...Filling the form failed...!!!........
................Header Contact Us Form Filled...................
V2 ContactUs form NOT found on the bottom
V2 Download form NOT found on the bottom
]]></system-out>
    <system-err><![CDATA[SLF4J(W): No SLF4J providers were found.
SLF4J(W): Defaulting to no-operation (NOP) logger implementation
SLF4J(W): See https://www.slf4j.org/codes.html#noProviders for further details.
Dec 22, 2025 5:48:20 AM org.openqa.selenium.devtools.CdpVersionFinder findNearestMatch
WARNING: Unable to find an exact match for CDP version 143, returning the closest version; found: 140; Please update to a Selenium version that supports CDP version 143
]]></system-err>
  </testcase>
</testsuite>