<?xml version="1.0" encoding="UTF-8"?>
<testsuite xmlns:xsi="http://www.w3.org/2001/XMLSchema-instance" xsi:noNamespaceSchemaLocation="https://maven.apache.org/surefire/maven-surefire-plugin/xsd/surefire-test-report-3.0.xsd" version="3.0" name="TestSuite" time="842.554" tests="1" errors="0" skipped="0" failures="0">
  <properties>
[...]
</properties>
  <testcase name="formTest" classname="com.broadridge.Tests" time="841.881">
    <system-out><![CDATA[-------------------------------TEST STARTED--------------------------------
2026-01-05T05:58:06.719437296Z main ERROR Log4j API could not find a logging provider.
lastRow = 19
87528
no cookie button
header ContactUs button found = true
emailTimeStamp = automated_TESTTEST_2026-01-05_05_58_36@broadridge.com
📤 Form payload = {"formSubmissionId":"","elqFormName":"","elqSiteID":"","datalayerheader":"","contact":"","formgtm":"","elqCustomerGUID":"","elqCookieWrite":"","segment":"capital-markets","name_first":"First_87528_TESTTEST","name_last":"Last_87528_TESTTEST","email_work":"automated_TESTTEST_2026-01-05_05_58_36@broadridge.com","phone_business":"999-999-9999","job_title":"Job_87528_TESTTEST","Company":"Company_87528_TESTTEST","country":"United States","comment":"This is an automated test submission. Please ignore.","id":"","so":"","di":"","ct":"","ep":"","ot":"","mt":"","yr":"","rg":"","on":"","sub-source":"","campaignMostRecentID":"","content-id":"","orig-channel":"","campaign-name":"","campaignMostRecentName":"","campaignMostRecentSource":"","campaignMostRecentMedium":"","campaignMostRecentContent":"","campaignMostRecentTerm":"","campaignMostRecentContentID":"","campaignMostRecentSubSource":"","Persistent_utm_medium":"","Persistent_utm_source":"","Persistent_utm_term":"","Persistent_utm_campaign":"","Persistent_Sub_Source":"","Persistent_Content_ID":"","Persistent_Campaign_ID":"","Persistent_utm_content":"","Session_utm_medium":"","Session_utm_source":"","Session_utm_term":"","Session_utm_campaign":"","Session_Sub_Source":"","Session_Content_ID":"","Session_Campaign_ID":"701RN00000RbnVLYAZ","Session_utm_content":"","inquiry":"","fullURL":"https://www-dev.broadridge.com/white-paper/the-service-value-chain-how-data-management-powers-performance","page_id":"14926","page_campaign_id":"0","ecid":"","elqCampaignId":"","Formmodel":"flyout","Pagetype":"","g-recaptcha-response":"0cAFcWeA5rezK4HX96AbINROfcLhGOqfzXfmue6U7vVB4bbF5_TR8O76pxceD9z4emqn_YOdQqctjngxftwrw6eUD817ZPOUnt5KoanqcHs3vr8uHD8cy6JH-PpAxq0fK2D2ya8btpoxOuamrtdFhs_OghyxiK27IzFwxKYeyBl5ORPl_RcywNAqrt6S89H-I5tgimBmdaLN49V0q68xTIuJ8ms6HTDYxHJryeJ9mVJ8NgHjx-cEAOAeEM40TJjUErAcm9ag-C_tSiJAwPK5zBlnWngQOjkFO7_KidExKusbTylbGqkssn5plmuOb5DQMJbBMY70gYwO-QqAKa5YCWO4BqLqZPkD3iA_7hedh-3taOOG2g7Fn2213uGE4M4RaS5wwdJbaZlpMkr05sbedueUCRmyUt8ldX6szSMevTC8cnb3g3q4OIorD_oz2A2XUwTDTAem1W-Sp4y3tFVWTymmPlTxgOOCBHBzwV7NDq4RDPFzveG6otmstGACArwTL9cAr0iccXxy_phcZj5kDbBZNlea0S80FB8znt-4mzLYkVK63iALGk-N97_z-rQetsU0c3IFpiJWBp-JG-YXhB2VJzW-K3Uf2ZXisy6_wbWkaMS_k1y5sjqIuwGk7YiWq_SThvlB2qLFJnQ-Q-DXEZxoZYFDiz1eE3xuzotcKM-EwNOPlP-7dJT4QoCy6Y8Ds0OQ6IgtCnPzfLQSlUlwe1pmppy0kMJ_o7LuqRJTehS0O-9xMZa4hqua0u2-54p61TrZOPHURdMa2rvnAsiv1e9izmUaY5H3sQFiY089QmnvsG9RvjEQWwE9-aF07TqHN2EOosSYn8j3r6NqinVoTqcXK07YrWURNSV6nqgtpVeTlWbVrGK6PfGZAvYNL8NVFpc7qOVImhFVnj-FSnVwh5v3Avzm1Azl_GoV2SsLz8zCVW6knZrfWu9Rf7zQZyPEStYf1ZyY3n0R_zoIsyD-s3Ji5Ki8zEmkDW1mcUVGF3zT4WcnFx8QPUB6tzBctsXg_OYIgh_Ko1t8TNTJh27swb7EUoXlkS2uji1Xea1swQntbqeVmjL883Ck_VRpbUWSLTWrKJXvgiPT4WL7OjOeSh0YAbluO9zk4gtofTrMu0cVdwoQ2GICgrJZMOfUAQTHDi2_XZsoXE0sGfV5o0EG0_riN-1hwpJhMAFQsJdBAOElBfmAJTvnA0z3-I02K_vtVMucohLwdfInK6ORWgBwQHhmnCl5KfwWpeLWd5u4J_WKxX9nxGzUrEGj4CZWfvaXaRdI-Ue-NEgxdOMk_8VOUMgQ-fTvX2qLC8s4QK_VBQ-iB4zDcJeONU5d3mozhBNSTA3Gjb2DnFNcRAEGuiAwmAZgX4X2DFLxWFIKJwh2oPgOMfYJC9oSmOGozTQwQauHtbaZF9ch4SmCeBdDVdddvQj-1jkZhMvSxYrSd-IseGTQdze6lteGX1Xmw5Va5ZiFQopaZ8oAon1BBoBvRuqabVgxKTK6M4X2RQP0JtZKVIG_x490WL71QX5iyDfL9igUvZGIKbXVnywp1Luwj3qIx99d1o0w_2xdhTfDymHwLhIlBfmZk9SsfbiLbcgjfa30QZTLmI5hT2rEjThM_K2JotfHqkbl-c1BpEKK6iFxg7rR7QxF5ck4fy-_Y"}
form message = Something went wrong with our form submission. Please try again.
formpayload for validation = {"formSubmissionId":"","elqFormName":"","elqSiteID":"","datalayerheader":"","contact":"","formgtm":"","elqCustomerGUID":"","elqCookieWrite":"","segment":"capital-markets","name_first":"First_87528_TESTTEST","name_last":"Last_87528_TESTTEST","email_work":"automated_TESTTEST_2026-01-05_05_58_36@broadridge.com","phone_business":"999-999-9999","job_title":"Job_87528_TESTTEST","Company":"Company_87528_TESTTEST","country":"United States","comment":"This is an automated test submission. Please ignore.","id":"","so":"","di":"","ct":"","ep":"","ot":"","mt":"","yr":"","rg":"","on":"","sub-source":"","campaignMostRecentID":"","content-id":"","orig-channel":"","campaign-name":"","campaignMostRecentName":"","campaignMostRecentSource":"","campaignMostRecentMedium":"","campaignMostRecentContent":"","campaignMostRecentTerm":"","campaignMostRecentContentID":"","campaignMostRecentSubSource":"","Persistent_utm_medium":"","Persistent_utm_source":"","Persistent_utm_term":"","Persistent_utm_campaign":"","Persistent_Sub_Source":"","Persistent_Content_ID":"","Persistent_Campaign_ID":"","Persistent_utm_content":"","Session_utm_medium":"","Session_utm_source":"","Session_utm_term":"","Session_utm_campaign":"","Session_Sub_Source":"","Session_Content_ID":"","Session_Campaign_ID":"701RN00000RbnVLYAZ","Session_utm_content":"","inquiry":"","fullURL":"https://www-dev.broadridge.com/white-paper/the-service-value-chain-how-data-management-powers-performance","page_id":"14926","page_campaign_id":"0","ecid":"","elqCampaignId":"","Formmodel":"flyout","Pagetype":"","g-recaptcha-response":"0cAFcWeA5rezK4HX96AbINROfcLhGOqfzXfmue6U7vVB4bbF5_TR8O76pxceD9z4emqn_YOdQqctjngxftwrw6eUD817ZPOUnt5KoanqcHs3vr8uHD8cy6JH-PpAxq0fK2D2ya8btpoxOuamrtdFhs_OghyxiK27IzFwxKYeyBl5ORPl_RcywNAqrt6S89H-I5tgimBmdaLN49V0q68xTIuJ8ms6HTDYxHJryeJ9mVJ8NgHjx-cEAOAeEM40TJjUErAcm9ag-C_tSiJAwPK5zBlnWngQOjkFO7_KidExKusbTylbGqkssn5plmuOb5DQMJbBMY70gYwO-QqAKa5YCWO4BqLqZPkD3iA_7hedh-3taOOG2g7Fn2213uGE4M4RaS5wwdJbaZlpMkr05sbedueUCRmyUt8ldX6szSMevTC8cnb3g3q4OIorD_oz2A2XUwTDTAem1W-Sp4y3tFVWTymmPlTxgOOCBHBzwV7NDq4RDPFzveG6otmstGACArwTL9cAr0iccXxy_phcZj5kDbBZNlea0S80FB8znt-4mzLYkVK63iALGk-N97_z-rQetsU0c3IFpiJWBp-JG-YXhB2VJzW-K3Uf2ZXisy6_wbWkaMS_k1y5sjqIuwGk7YiWq_SThvlB2qLFJnQ-Q-DXEZxoZYFDiz1eE3xuzotcKM-EwNOPlP-7dJT4QoCy6Y8Ds0OQ6IgtCnPzfLQSlUlwe1pmppy0kMJ_o7LuqRJTehS0O-9xMZa4hqua0u2-54p61TrZOPHURdMa2rvnAsiv1e9izmUaY5H3sQFiY089QmnvsG9RvjEQWwE9-aF07TqHN2EOosSYn8j3r6NqinVoTqcXK07YrWURNSV6nqgtpVeTlWbVrGK6PfGZAvYNL8NVFpc7qOVImhFVnj-FSnVwh5v3Avzm1Azl_GoV2SsLz8zCVW6knZrfWu9Rf7zQZyPEStYf1ZyY3n0R_zoIsyD-s3Ji5Ki8zEmkDW1mcUVGF3zT4WcnFx8QPUB6tzBctsXg_OYIgh_Ko1t8TNTJh27swb7EUoXlkS2uji1Xea1swQntbqeVmjL883Ck_VRpbUWSLTWrKJXvgiPT4WL7OjOeSh0YAbluO9zk4gtofTrMu0cVdwoQ2GICgrJZMOfUAQTHDi2_XZsoXE0sGfV5o0EG0_riN-1hwpJhMAFQsJdBAOElBfmAJTvnA0z3-I02K_vtVMucohLwdfInK6ORWgBwQHhmnCl5KfwWpeLWd5u4J_WKxX9nxGzUrEGj4CZWfvaXaRdI-Ue-NEgxdOMk_8VOUMgQ-fTvX2qLC8s4QK_VBQ-iB4zDcJeONU5d3mozhBNSTA3Gjb2DnFNcRAEGuiAwmAZgX4X2DFLxWFIKJwh2oPgOMfYJC9oSmOGozTQwQauHtbaZF9ch4SmCeBdDVdddvQj-1jkZhMvSxYrSd-IseGTQdze6lteGX1Xmw5Va5ZiFQopaZ8oAon1BBoBvRuqabVgxKTK6M4X2RQP0JtZKVIG_x490WL71QX5iyDfL9igUvZGIKbXVnywp1Luwj3qIx99d1o0w_2xdhTfDymHwLhIlBfmZk9SsfbiLbcgjfa30QZTLmI5hT2rEjThM_K2JotfHqkbl-c1BpEKK6iFxg7rR7QxF5ck4fy-_Y"}
formSubmissionId = 
fullURL = https://www-dev.broadridge.com/white-paper/the-service-value-chain-how-data-management-powers-performance
page comparison URL = https://www-dev.broadridge.com/white-paper/the-service-value-chain-how-data-management-powers-performance
..........!!!...Filling the form failed...!!!........
................Header Contact Us Form Filled...................
V2 ContactUs form NOT found on the bottom
V2 Download form NOT found on the bottom
no cookie button
header ContactUs button found = true
emailTimeStamp = automated_TESTTEST_2026-01-05_05_59_16@broadridge.com
📤 Form payload = {"formSubmissionId":"BREZJ7TKS-1767592758328","elqFormName":"","elqSiteID":"","datalayerheader":"","contact":"","formgtm":"","elqCustomerGUID":"","elqCookieWrite":"","segment":"","name_first":"First_87528_TESTTEST","name_last":"Last_87528_TESTTEST","email_work":"automated_TESTTEST_2026-01-05_05_59_16@broadridge.com","phone_business":"999-999-9999","job_title":"Job_87528_TESTTEST","Company":"Company_87528_TESTTEST","country":"United States","comment":"This is an automated test submission.  Please ignore.","id":"","so":"","di":"","ct":"","ep":"","ot":"","mt":"","yr":"","rg":"","on":"","sub-source":"","campaignMostRecentID":"","content-id":"","orig-channel":"","campaign-name":"","campaignMostRecentName":"","campaignMostRecentSource":"","campaignMostRecentMedium":"","campaignMostRecentContent":"","campaignMostRecentTerm":"","campaignMostRecentContentID":"","campaignMostRecentSubSource":"","Persistent_utm_medium":"","Persistent_utm_source":"","Persistent_utm_term":"","Persistent_utm_campaign":"","Persistent_Sub_Source":"","Persistent_Content_ID":"","Persistent_Campaign_ID":"","Persistent_utm_content":"","Session_utm_medium":"","Session_utm_source":"","Session_utm_term":"","Session_utm_campaign":"","Session_Sub_Source":"","Session_Content_ID":"","Session_Campaign_ID":"701RN00000RbnVLYAZ","Session_utm_content":"","inquiry":"Gen Enq","fullURL":"https://www-dev.broadridge.com/capability/governance-and-regulatory-compliance/proxy-services/issuer-proxy","page_id":"182853","page_campaign_id":"0","ecid":"","elqCampaignId":"","Formmodel":"flyout","Pagetype":"Products","g-recaptcha-response":"0cAFcWeA45ZBuKOL23ouxCGiXpbkUvxh9lAqbnLz4Wjt_uG1lhm2OwzM4jJx0EErR9PQL8gtk9GUKgmgq5z-nnbY08AtBwGyAlDckyWDAxeeX5YejVCIpwYgvcgqVKEpit-XiqkP47QhPrAHDZn71oHLjJ853TG3viGvtJhtjTXv6zXOODOqFuZLzw2PuaRpL6MZlHrP_k9tVGXbFRIwiDNTOmPRnt4UEWLHhTmyarqiqCzS1Qw5Z65JdXsiuEitNNML_DTGHSj0qEleEf0qE-iAQfTEfmhw6jrfxpbgfIxqIJwTul2Jmp_fTbs8zNX0-_4bloJm-di654qOvKN5ZXgCx5JNCTekzgPD8ZgVrS1Y266U1Z-4vI9MBf48ABBlKbQfportFOs3Jn8k_Sg765s85WlW8ip4oQ_P8Wehcpglc1rvuQlo10jqOJhM83R_ny89UWwgiYCO38LBvh6-IOPOSgTX-_0AlFrq2-S0u1BqjOpFFc8aRvB7apyGINx4dpO4eGNYh300aKzkHFfQA3jh8T7GsCans7EyUTaTRaLQHjkWxzbCzyXLRr1mWMHh24eDgMpuksOFPXNSlWFM_ppUn8bpO2JLS9y4LrC4ia8AqF6VzGpgtWafVXRmgdHQ-5Z5FRBqgJkNRTrLPwimzzWSLsdaE35XWj8wGA17fZCIYCafp4BFCJBnwCae2BdTMevZw0djh85VnPeSC4aCZQ9q8P7Iu50exoz7Q91CXJ3opUAe97xxzAyJralMtptIaCB4Unh0B-wEM5Peme6owgtzp_O_gOWmL4bvRSSSYyBQU42KrW4-QInh9HXRKBvLr8DQig2BWYR4vY_zp7fP1beFjFuei1LRS3CY7dZ2qyL4k-7kVbJrQZgDdGhD-l8CZSXcYzOQOIbqWHKNHxP10H44Vbj-EgFGxuZHoZ92idbth7g4lIkEYJy8OW7teB0UP-scPoS6IbcSf5kDLoBXzgKTFx5ZZKHRIZJOygnSWhk_buwDgWwZuyhzuJMfbr7fcM8U1OrMYeWR0ogtaAYvM82RINEy-gZyqFKm-oZdSOym65B3PeBCmQOOxbxFUu6ZrRvIrY1r_WdCLA17qFh5mwQ0SNlq5Z6Eq9fYwijsZ6Ogb0VNcfz7KsaYEvFXkJG9q1ND2Elt2CWKnS2k_ePHjWHvfDBYkxvyqpytKUWX1ubfr-w5GojSStv3mjTziWDpxdCowXniDuQNVPVeH2QZTyk03_1P2g207N7FPelm85DN3mQV5yBLhzz9kd-DQqfo4ddxKu7xBXVz9ueBmqRKpjlwcCOeg8C1IlCbRvmdXALtbQRj0JUwpoXSogMiEWwfWkPDVV0cmYIKIHPSMr0uSCoXl_0yjvRQ5zYA3cY3D_I8m56D8KoYFqcxJXZ49_NNhboZ8FtGYSd1uAlRKEEnuh1PSTrQltt5jIxsDKXbbYHqgu7HaEzRChN0_dI-mbdTAySnsRq4A3gTCkEW-GThWHPPf_ax8AbJ1LOv_Pe-Kj5nLNze9oFiQyRs1kata4G3X5s2sRrlClcLVcHTP2ImYzXgXS1gGGDfnF0GE-LbDF3EuN-qYaVhwTjUb3BIDag8w49TNc8zI9e4xmlHOq8JqIuuwctwN_lU5XJIgU4QE3UFAPNYpP4B4lqzs"}
form message = Thank you for your interest in Broadridge.
A representative will contact you within 24 business hours.
formpayload for validation = {"formSubmissionId":"BREZJ7TKS-1767592758328","elqFormName":"","elqSiteID":"","datalayerheader":"","contact":"","formgtm":"","elqCustomerGUID":"","elqCookieWrite":"","segment":"","name_first":"First_87528_TESTTEST","name_last":"Last_87528_TESTTEST","email_work":"automated_TESTTEST_2026-01-05_05_59_16@broadridge.com","phone_business":"999-999-9999","job_title":"Job_87528_TESTTEST","Company":"Company_87528_TESTTEST","country":"United States","comment":"This is an automated test submission.  Please ignore.","id":"","so":"","di":"","ct":"","ep":"","ot":"","mt":"","yr":"","rg":"","on":"","sub-source":"","campaignMostRecentID":"","content-id":"","orig-channel":"","campaign-name":"","campaignMostRecentName":"","campaignMostRecentSource":"","campaignMostRecentMedium":"","campaignMostRecentContent":"","campaignMostRecentTerm":"","campaignMostRecentContentID":"","campaignMostRecentSubSource":"","Persistent_utm_medium":"","Persistent_utm_source":"","Persistent_utm_term":"","Persistent_utm_campaign":"","Persistent_Sub_Source":"","Persistent_Content_ID":"","Persistent_Campaign_ID":"","Persistent_utm_content":"","Session_utm_medium":"","Session_utm_source":"","Session_utm_term":"","Session_utm_campaign":"","Session_Sub_Source":"","Session_Content_ID":"","Session_Campaign_ID":"701RN00000RbnVLYAZ","Session_utm_content":"","inquiry":"Gen Enq","fullURL":"https://www-dev.broadridge.com/capability/governance-and-regulatory-compliance/proxy-services/issuer-proxy","page_id":"182853","page_campaign_id":"0","ecid":"","elqCampaignId":"","Formmodel":"flyout","Pagetype":"Products","g-recaptcha-response":"0cAFcWeA45ZBuKOL23ouxCGiXpbkUvxh9lAqbnLz4Wjt_uG1lhm2OwzM4jJx0EErR9PQL8gtk9GUKgmgq5z-nnbY08AtBwGyAlDckyWDAxeeX5YejVCIpwYgvcgqVKEpit-XiqkP47QhPrAHDZn71oHLjJ853TG3viGvtJhtjTXv6zXOODOqFuZLzw2PuaRpL6MZlHrP_k9tVGXbFRIwiDNTOmPRnt4UEWLHhTmyarqiqCzS1Qw5Z65JdXsiuEitNNML_DTGHSj0qEleEf0qE-iAQfTEfmhw6jrfxpbgfIxqIJwTul2Jmp_fTbs8zNX0-_4bloJm-di654qOvKN5ZXgCx5JNCTekzgPD8ZgVrS1Y266U1Z-4vI9MBf48ABBlKbQfportFOs3Jn8k_Sg765s85WlW8ip4oQ_P8Wehcpglc1rvuQlo10jqOJhM83R_ny89UWwgiYCO38LBvh6-IOPOSgTX-_0AlFrq2-S0u1BqjOpFFc8aRvB7apyGINx4dpO4eGNYh300aKzkHFfQA3jh8T7GsCans7EyUTaTRaLQHjkWxzbCzyXLRr1mWMHh24eDgMpuksOFPXNSlWFM_ppUn8bpO2JLS9y4LrC4ia8AqF6VzGpgtWafVXRmgdHQ-5Z5FRBqgJkNRTrLPwimzzWSLsdaE35XWj8wGA17fZCIYCafp4BFCJBnwCae2BdTMevZw0djh85VnPeSC4aCZQ9q8P7Iu50exoz7Q91CXJ3opUAe97xxzAyJralMtptIaCB4Unh0B-wEM5Peme6owgtzp_O_gOWmL4bvRSSSYyBQU42KrW4-QInh9HXRKBvLr8DQig2BWYR4vY_zp7fP1beFjFuei1LRS3CY7dZ2qyL4k-7kVbJrQZgDdGhD-l8CZSXcYzOQOIbqWHKNHxP10H44Vbj-EgFGxuZHoZ92idbth7g4lIkEYJy8OW7teB0UP-scPoS6IbcSf5kDLoBXzgKTFx5ZZKHRIZJOygnSWhk_buwDgWwZuyhzuJMfbr7fcM8U1OrMYeWR0ogtaAYvM82RINEy-gZyqFKm-oZdSOym65B3PeBCmQOOxbxFUu6ZrRvIrY1r_WdCLA17qFh5mwQ0SNlq5Z6Eq9fYwijsZ6Ogb0VNcfz7KsaYEvFXkJG9q1ND2Elt2CWKnS2k_ePHjWHvfDBYkxvyqpytKUWX1ubfr-w5GojSStv3mjTziWDpxdCowXniDuQNVPVeH2QZTyk03_1P2g207N7FPelm85DN3mQV5yBLhzz9kd-DQqfo4ddxKu7xBXVz9ueBmqRKpjlwcCOeg8C1IlCbRvmdXALtbQRj0JUwpoXSogMiEWwfWkPDVV0cmYIKIHPSMr0uSCoXl_0yjvRQ5zYA3cY3D_I8m56D8KoYFqcxJXZ49_NNhboZ8FtGYSd1uAlRKEEnuh1PSTrQltt5jIxsDKXbbYHqgu7HaEzRChN0_dI-mbdTAySnsRq4A3gTCkEW-GThWHPPf_ax8AbJ1LOv_Pe-Kj5nLNze9oFiQyRs1kata4G3X5s2sRrlClcLVcHTP2ImYzXgXS1gGGDfnF0GE-LbDF3EuN-qYaVhwTjUb3BIDag8w49TNc8zI9e4xmlHOq8JqIuuwctwN_lU5XJIgU4QE3UFAPNYpP4B4lqzs"}
formSubmissionId = BREZJ7TKS-1767592758328
fullURL = https://www-dev.broadridge.com/capability/governance-and-regulatory-compliance/proxy-services/issuer-proxy
page comparison URL = https://www-dev.broadridge.com/financial-services/corporate-issuer/issuer/simplify-the-annual-meeting-process/interactive-online-document-management
..........!!!...Filling the form failed...!!!........
................Header Contact Us Form Filled...................
v2 ContactUs form found on the bottom = false
V2 ContactUs form NOT found on the bottom
V2 Download form NOT found on the bottom
no cookie button
header ContactUs button found = true
emailTimeStamp = automated_TESTTEST_2026-01-05_05_59_57@broadridge.com
📤 Form payload = {"formSubmissionId":"BR8T968QO-1767592799276","elqFormName":"","elqSiteID":"","datalayerheader":"","contact":"","formgtm":"","elqCustomerGUID":"","elqCookieWrite":"","segment":"","name_first":"First_87528_TESTTEST","name_last":"Last_87528_TESTTEST","email_work":"automated_TESTTEST_2026-01-05_05_59_57@broadridge.com","phone_business":"999-999-9999","job_title":"Job_87528_TESTTEST","Company":"Company_87528_TESTTEST","country":"United States","comment":"This is an automated test submission.  Please ignore.","id":"","so":"","di":"","ct":"","ep":"","ot":"","mt":"","yr":"","rg":"","on":"","sub-source":"","campaignMostRecentID":"","content-id":"","orig-channel":"","campaign-name":"","campaignMostRecentName":"","campaignMostRecentSource":"","campaignMostRecentMedium":"","campaignMostRecentContent":"","campaignMostRecentTerm":"","campaignMostRecentContentID":"","campaignMostRecentSubSource":"","Persistent_utm_medium":"","Persistent_utm_source":"","Persistent_utm_term":"","Persistent_utm_campaign":"","Persistent_Sub_Source":"","Persistent_Content_ID":"","Persistent_Campaign_ID":"","Persistent_utm_content":"","Session_utm_medium":"","Session_utm_source":"","Session_utm_term":"","Session_utm_campaign":"","Session_Sub_Source":"","Session_Content_ID":"","Session_Campaign_ID":"701RN00000RbnVLYAZ","Session_utm_content":"","inquiry":"Gen Enq","fullURL":"https://www-dev.broadridge.com/capability/governance-and-regulatory-compliance/proxy-services/issuer-proxy","page_id":"182853","page_campaign_id":"0","ecid":"","elqCampaignId":"","Formmodel":"flyout","Pagetype":"Products","g-recaptcha-response":"0cAFcWeA6OZ21FgEK6Og8XMGgSIgyoJRqI82fb3qTYakSut3r18_JHSH_csHR02Ip0hyurt4TmzgNTGWMdLjek3J8OQf9YMt_wM6cycuswFwjC2LQ9hjzmqfqORUvJbWKRJkV7vIuv3kwN5IZhqrq_zvQLWGylwNksAoFwZJh6yLzWQ7S_SLAv8yQuR2-kJDX8y7Nmg97lJnxAQPSUc7ICDNTD3VshntZPq1GuuQnoQonl8vWEz9HCUljPcoBnT4JgpX11osFCMGtz1MJEllGzpUY33mi6WRYJ0J64Ruf93ESYKr87frJAVdKzLExugdJqz9HgL8ugxUXBN3owEWBWDxHlRpBZWc19Gst61MqYvUNzGG9lGvIdPRpkfAggt7UPgYof3fJ3OVglEPaAWhjbUiRvWZgVtB4pRh2lFFXl0ktkiWaVGw0lp5hE_rB4CVkZq85kX6eebEBlHd1ZIdRkbuHpAY_HtWRF0HTHaRUreQ1wy1K8AD3X2xq1KXHO-tKTVlcyqbk4c0SuyXKdby0QpputpS8OREazVhAgcdx3YQ7jytSTjII7bRuU8kCQLOVq1D6HNbWHuqA4dE2Wd_6x_RqxtB_E-VGr5yAGrXkPEduwVRc35038lQ1NyFk5oG7_mLifvv_cydR-RzFKI_31-bgtCVWyal97eRpUmxPlU4Tx6aPAeI43u8ucbrSFWb7yDzKGGUpsABQ2VQLVdX6U0NwDNgXZLiRg--o_O6U3FWM2GbDgOww7x8_H_XcpCo8V_diCSHyVUtoZTbvtG5drcCXZ9A7ohXcNOYuBhpjhSrD1zEz8aNU04DKGf_IZ-mYOXNdjufON3R-f-e95mpsbfBUdNhJxGAfYCqp2Dw-aaMBmZkksOHPz5OZ-PwBwzjFAgcoCew8xawNk5YgaxOztKHC58eBHOAmtenS1VGJU9-SzYUAkOw7iUjVuakpdz-JEcU9R-wpZMs_Zny6Fx1ed5wVTr-hrwjd4n9snyh8qp8YVw20keYO3pP1mzqOq-38K4KQCCcVNTeL9lYQQ75evXafdewZcrvDek1qUT_9rF7VjqYw53-qXJ-qVY9ayKOvF2kxvbLg2ZVFtHPte1A3NZgOZGUxtUCFYBVwpQyfyGpyMB8xNbBcR2Q7uNI5LNhS4Cy5iUIZnNTGyD22vFf7W6xlvmEtGI60LMWnwxSCwXvfixVBV_DHlkbKPWe6RL7F8CtHCScAJl1FRmUPKdtjRfXlaKX0xj86o4vTWdG3ygPrxhAOt0ZnLljVRXiPpZuT8SZbX0GF1mfZ3mv5Q_54SqG6Ip7W6Pnz8G19cwKAf_jrSSeDwdif-wrRjO16KUrbkMEo3N6w2iWhZf-Vm4vqvRLxtFQZO-8R1j3dxC_TL2XQtVPfS80Xdu5CLSCcvVRttSowlRLD-Iese41BxUpiqocoeX8LlxxX6FnpnKTGLiO24AmORyPo38ehUEd3XZRxK8nBH0ymjGgVDxFoPXldjyAz4YBogb1j9uFdaubmsrRLcCuAdGX9Djv5cVaRsTMwlABM6dqm2VDGLpl6Kps7CnP8Ygg-KpassfCkJTCLvspCkiLRLAfc8qlJXHU2rP1_Zmf16YuGFdlGdhltPcNqHiBx_grtZ08vSpIdngNQ0T8I-6pNvDZ-rGYE"}
form message = Thank you for your interest in Broadridge.
A representative will contact you within 24 business hours.
formpayload for validation = {"formSubmissionId":"BR8T968QO-1767592799276","elqFormName":"","elqSiteID":"","datalayerheader":"","contact":"","formgtm":"","elqCustomerGUID":"","elqCookieWrite":"","segment":"","name_first":"First_87528_TESTTEST","name_last":"Last_87528_TESTTEST","email_work":"automated_TESTTEST_2026-01-05_05_59_57@broadridge.com","phone_business":"999-999-9999","job_title":"Job_87528_TESTTEST","Company":"Company_87528_TESTTEST","country":"United States","comment":"This is an automated test submission.  Please ignore.","id":"","so":"","di":"","ct":"","ep":"","ot":"","mt":"","yr":"","rg":"","on":"","sub-source":"","campaignMostRecentID":"","content-id":"","orig-channel":"","campaign-name":"","campaignMostRecentName":"","campaignMostRecentSource":"","campaignMostRecentMedium":"","campaignMostRecentContent":"","campaignMostRecentTerm":"","campaignMostRecentContentID":"","campaignMostRecentSubSource":"","Persistent_utm_medium":"","Persistent_utm_source":"","Persistent_utm_term":"","Persistent_utm_campaign":"","Persistent_Sub_Source":"","Persistent_Content_ID":"","Persistent_Campaign_ID":"","Persistent_utm_content":"","Session_utm_medium":"","Session_utm_source":"","Session_utm_term":"","Session_utm_campaign":"","Session_Sub_Source":"","Session_Content_ID":"","Session_Campaign_ID":"701RN00000RbnVLYAZ","Session_utm_content":"","inquiry":"Gen Enq","fullURL":"https://www-dev.broadridge.com/capability/governance-and-regulatory-compliance/proxy-services/issuer-proxy","page_id":"182853","page_campaign_id":"0","ecid":"","elqCampaignId":"","Formmodel":"flyout","Pagetype":"Products","g-recaptcha-response":"0cAFcWeA6OZ21FgEK6Og8XMGgSIgyoJRqI82fb3qTYakSut3r18_JHSH_csHR02Ip0hyurt4TmzgNTGWMdLjek3J8OQf9YMt_wM6cycuswFwjC2LQ9hjzmqfqORUvJbWKRJkV7vIuv3kwN5IZhqrq_zvQLWGylwNksAoFwZJh6yLzWQ7S_SLAv8yQuR2-kJDX8y7Nmg97lJnxAQPSUc7ICDNTD3VshntZPq1GuuQnoQonl8vWEz9HCUljPcoBnT4JgpX11osFCMGtz1MJEllGzpUY33mi6WRYJ0J64Ruf93ESYKr87frJAVdKzLExugdJqz9HgL8ugxUXBN3owEWBWDxHlRpBZWc19Gst61MqYvUNzGG9lGvIdPRpkfAggt7UPgYof3fJ3OVglEPaAWhjbUiRvWZgVtB4pRh2lFFXl0ktkiWaVGw0lp5hE_rB4CVkZq85kX6eebEBlHd1ZIdRkbuHpAY_HtWRF0HTHaRUreQ1wy1K8AD3X2xq1KXHO-tKTVlcyqbk4c0SuyXKdby0QpputpS8OREazVhAgcdx3YQ7jytSTjII7bRuU8kCQLOVq1D6HNbWHuqA4dE2Wd_6x_RqxtB_E-VGr5yAGrXkPEduwVRc35038lQ1NyFk5oG7_mLifvv_cydR-RzFKI_31-bgtCVWyal97eRpUmxPlU4Tx6aPAeI43u8ucbrSFWb7yDzKGGUpsABQ2VQLVdX6U0NwDNgXZLiRg--o_O6U3FWM2GbDgOww7x8_H_XcpCo8V_diCSHyVUtoZTbvtG5drcCXZ9A7ohXcNOYuBhpjhSrD1zEz8aNU04DKGf_IZ-mYOXNdjufON3R-f-e95mpsbfBUdNhJxGAfYCqp2Dw-aaMBmZkksOHPz5OZ-PwBwzjFAgcoCew8xawNk5YgaxOztKHC58eBHOAmtenS1VGJU9-SzYUAkOw7iUjVuakpdz-JEcU9R-wpZMs_Zny6Fx1ed5wVTr-hrwjd4n9snyh8qp8YVw20keYO3pP1mzqOq-38K4KQCCcVNTeL9lYQQ75evXafdewZcrvDek1qUT_9rF7VjqYw53-qXJ-qVY9ayKOvF2kxvbLg2ZVFtHPte1A3NZgOZGUxtUCFYBVwpQyfyGpyMB8xNbBcR2Q7uNI5LNhS4Cy5iUIZnNTGyD22vFf7W6xlvmEtGI60LMWnwxSCwXvfixVBV_DHlkbKPWe6RL7F8CtHCScAJl1FRmUPKdtjRfXlaKX0xj86o4vTWdG3ygPrxhAOt0ZnLljVRXiPpZuT8SZbX0GF1mfZ3mv5Q_54SqG6Ip7W6Pnz8G19cwKAf_jrSSeDwdif-wrRjO16KUrbkMEo3N6w2iWhZf-Vm4vqvRLxtFQZO-8R1j3dxC_TL2XQtVPfS80Xdu5CLSCcvVRttSowlRLD-Iese41BxUpiqocoeX8LlxxX6FnpnKTGLiO24AmORyPo38ehUEd3XZRxK8nBH0ymjGgVDxFoPXldjyAz4YBogb1j9uFdaubmsrRLcCuAdGX9Djv5cVaRsTMwlABM6dqm2VDGLpl6Kps7CnP8Ygg-KpassfCkJTCLvspCkiLRLAfc8qlJXHU2rP1_Zmf16YuGFdlGdhltPcNqHiBx_grtZ08vSpIdngNQ0T8I-6pNvDZ-rGYE"}
formSubmissionId = BR8T968QO-1767592799276
fullURL = https://www-dev.broadridge.com/capability/governance-and-regulatory-compliance/proxy-services/issuer-proxy
page comparison URL = https://www-dev.broadridge.com/financial-services/corporate-issuer/issuer/simplify-the-annual-meeting-process/shareholder-meeting-registration
..........!!!...Filling the form failed...!!!........
................Header Contact Us Form Filled...................
v2 ContactUs form found on the bottom = false
V2 ContactUs form NOT found on the bottom
V2 Download form NOT found on the bottom
header ContactUs button found = true
emailTimeStamp = automated_TESTTEST_2026-01-05_06_00_30@broadridge.com
📤 Form payload = {"formSubmissionId":"BR4WER4TJ-1767592833053","elqFormName":"","elqSiteID":"","datalayerheader":"","contact":"","formgtm":"","elqCustomerGUID":"","elqCookieWrite":"","segment":"","name_first":"First_87528_TESTTEST","name_last":"Last_87528_TESTTEST","email_work":"automated_TESTTEST_2026-01-05_06_00_30@broadridge.com","phone_business":"999-999-9999","job_title":"Job_87528_TESTTEST","Company":"Company_87528_TESTTEST","country":"United States","comment":"This is an automated test submission.  Please ignore.","id":"","so":"","di":"","ct":"","ep":"","ot":"","mt":"","yr":"","rg":"","on":"","sub-source":"","campaignMostRecentID":"","content-id":"","orig-channel":"","campaign-name":"","campaignMostRecentName":"","campaignMostRecentSource":"","campaignMostRecentMedium":"","campaignMostRecentContent":"","campaignMostRecentTerm":"","campaignMostRecentContentID":"","campaignMostRecentSubSource":"","Persistent_utm_medium":"","Persistent_utm_source":"","Persistent_utm_term":"","Persistent_utm_campaign":"","Persistent_Sub_Source":"","Persistent_Content_ID":"","Persistent_Campaign_ID":"","Persistent_utm_content":"","Session_utm_medium":"","Session_utm_source":"","Session_utm_term":"","Session_utm_campaign":"","Session_Sub_Source":"","Session_Content_ID":"","Session_Campaign_ID":"701RN00000RbnVLYAZ","Session_utm_content":"","inquiry":"Gen Enq","fullURL":"https://www-dev.broadridge.com/press-release/2012/broadridge-trade-confirmation-matching-solution","page_id":"177489","page_campaign_id":"","ecid":"","elqCampaignId":"","Formmodel":"flyout","Pagetype":"Press Release","g-recaptcha-response":"0cAFcWeA4d0ObDkvbFNrQI8o0r9WNZBrQ29ssFg333_NRQfxB0TeVtcAaMLu96gH-GXHEfprRotOd7OZrmJqwMF9uQEYt9EEESUJ_O3XBHoRCr4ypcuFFb8ScCw5mRmqshJE2P7dAQmX3MkKNS3Uuk8il8P2TyfrscxHzJQxYjf4VQGpJsEJSM36d-AL6D31Dp1kVNfvC9UpV4Y1ePlfQh7LVpWHw7pfYi_9gh00qmA0RTxYwfcNUk8GC3ItYjoFCM8JUE8SWkGwNRZfqnasm16L-fR0n-jTTAhb4g6jWeI2awKpSEoAYf3lhv0thtw_IGyEZ11Su6qtUURLmMU4bbAuLhhgluoCQDcMY1MwWZVDou9IDcRBZ4yB1zjENCZ8tPGHREpScFei9DwqALubochvc9cR_YBCoJOhV18BV6CGeV9h1VztSJvIdS9khS4ZVqqW8hFy4lFUO6etueSkCfAuHiDjapx5rinloyMpF9KzQ7ojobiBWpta1wfNjt6qoZZPg1seBMIMWrHNIDT3i0wuE4_n8A9_G-i9NvF4WUK_ZIZ5NngN7bcKFfG9dpc7InxyKW3jBOqgfRRrDuWky42kbjP5UXmmheo9Fa36O9rGNRBg9yYhTRzY2RC596mKhzm-pxGor9jymAJkoCBtPm-dQRjEw1DQ4Njl_AAfZE5PaWwpdiUpyKm90ghvZ_WLsm53wcO1VmoEMqE2NGG_alRmYdVxlfTgcU5zH2UkCVlPJJneLPUnDqmUhoBkjKJSG6Gk9vN674yv9i5POYa3JU4MRyN4Idbmf875_5r6XcR3Vcr-UleZRLmU--cbiFyDw4WXAXEaw9VbAWzhaDY8dZAw7DqhkV-U6RF52rl8lDon-fwAPusSbGWudyadPQFJ4ze1nBx-syBD1z4v_vA6Z_RyCSCMKYNGjIW7NH6yn3qpgKxcgfea4TSMVxb_kFBvsflOnHT8KEgDcaqkkSgN-11nb-LH4U9FxDwWVJ6yLHWaMWVNk88iS7AvsotcTWWSrs4jG2ccnFBX4Brk2h4Yph2QCpNjYFzHo_XCaDrXH6BDR36kRkrB0gWQRB7_ROkos-4zOFgjBymNoMD6ABiSgUzkMZFS6BdAySRdiO2gL3BYYjfShy7qnF5CG7Tdq1n8NV15i2YM3VM9127dQSSXHyltD5Cui2KDPUN-2CzeB--X6Apy_XqgNGjYbXTBR5djYmazKOO2GbRPstZdePuzgSmkbtVfFJHqlK--_i6nLVaFJFCBd8JxK9CNnwPd28p3cGV9bSsMiNngIiQ_kn7AEngY741e8NW2sZkEkV8cb6JWHbRywbR1nuv2_iLTLtDTTM9zZtz5QkjYRk3ip66_tRi3r5fP_1TAewNczeQ_vgFhHKP62pTKo2QXyspJwSHALbCBb0lraH6W2YiZPRM7IJPXhc-oONPAWFv7s1b7pdxjp7q2DC-aFVom9jZFJkIMGKoBlx4uYIGoOq7kPT7qqBqWnfdUfgTNr_XAsA-ELrR35mW9P3PBpd53whfdux4l3ESunDtB_HSCCQtWMy01KUfI2tIt4NpbBnl7owhJIVBoOV4EkV7KqxB0RwFljSeQK2nLClRD1HkkpfcVlBohR76NM_craRk8Zze1l--JiPg5A7Tn_0YJcA-I3ZdrL7ndEqitpX4KaTKv2P"}
form message = Thank you for your interest in Broadridge.
A representative will contact you within 24 business hours.
formpayload for validation = {"formSubmissionId":"BR4WER4TJ-1767592833053","elqFormName":"","elqSiteID":"","datalayerheader":"","contact":"","formgtm":"","elqCustomerGUID":"","elqCookieWrite":"","segment":"","name_first":"First_87528_TESTTEST","name_last":"Last_87528_TESTTEST","email_work":"automated_TESTTEST_2026-01-05_06_00_30@broadridge.com","phone_business":"999-999-9999","job_title":"Job_87528_TESTTEST","Company":"Company_87528_TESTTEST","country":"United States","comment":"This is an automated test submission.  Please ignore.","id":"","so":"","di":"","ct":"","ep":"","ot":"","mt":"","yr":"","rg":"","on":"","sub-source":"","campaignMostRecentID":"","content-id":"","orig-channel":"","campaign-name":"","campaignMostRecentName":"","campaignMostRecentSource":"","campaignMostRecentMedium":"","campaignMostRecentContent":"","campaignMostRecentTerm":"","campaignMostRecentContentID":"","campaignMostRecentSubSource":"","Persistent_utm_medium":"","Persistent_utm_source":"","Persistent_utm_term":"","Persistent_utm_campaign":"","Persistent_Sub_Source":"","Persistent_Content_ID":"","Persistent_Campaign_ID":"","Persistent_utm_content":"","Session_utm_medium":"","Session_utm_source":"","Session_utm_term":"","Session_utm_campaign":"","Session_Sub_Source":"","Session_Content_ID":"","Session_Campaign_ID":"701RN00000RbnVLYAZ","Session_utm_content":"","inquiry":"Gen Enq","fullURL":"https://www-dev.broadridge.com/press-release/2012/broadridge-trade-confirmation-matching-solution","page_id":"177489","page_campaign_id":"","ecid":"","elqCampaignId":"","Formmodel":"flyout","Pagetype":"Press Release","g-recaptcha-response":"0cAFcWeA4d0ObDkvbFNrQI8o0r9WNZBrQ29ssFg333_NRQfxB0TeVtcAaMLu96gH-GXHEfprRotOd7OZrmJqwMF9uQEYt9EEESUJ_O3XBHoRCr4ypcuFFb8ScCw5mRmqshJE2P7dAQmX3MkKNS3Uuk8il8P2TyfrscxHzJQxYjf4VQGpJsEJSM36d-AL6D31Dp1kVNfvC9UpV4Y1ePlfQh7LVpWHw7pfYi_9gh00qmA0RTxYwfcNUk8GC3ItYjoFCM8JUE8SWkGwNRZfqnasm16L-fR0n-jTTAhb4g6jWeI2awKpSEoAYf3lhv0thtw_IGyEZ11Su6qtUURLmMU4bbAuLhhgluoCQDcMY1MwWZVDou9IDcRBZ4yB1zjENCZ8tPGHREpScFei9DwqALubochvc9cR_YBCoJOhV18BV6CGeV9h1VztSJvIdS9khS4ZVqqW8hFy4lFUO6etueSkCfAuHiDjapx5rinloyMpF9KzQ7ojobiBWpta1wfNjt6qoZZPg1seBMIMWrHNIDT3i0wuE4_n8A9_G-i9NvF4WUK_ZIZ5NngN7bcKFfG9dpc7InxyKW3jBOqgfRRrDuWky42kbjP5UXmmheo9Fa36O9rGNRBg9yYhTRzY2RC596mKhzm-pxGor9jymAJkoCBtPm-dQRjEw1DQ4Njl_AAfZE5PaWwpdiUpyKm90ghvZ_WLsm53wcO1VmoEMqE2NGG_alRmYdVxlfTgcU5zH2UkCVlPJJneLPUnDqmUhoBkjKJSG6Gk9vN674yv9i5POYa3JU4MRyN4Idbmf875_5r6XcR3Vcr-UleZRLmU--cbiFyDw4WXAXEaw9VbAWzhaDY8dZAw7DqhkV-U6RF52rl8lDon-fwAPusSbGWudyadPQFJ4ze1nBx-syBD1z4v_vA6Z_RyCSCMKYNGjIW7NH6yn3qpgKxcgfea4TSMVxb_kFBvsflOnHT8KEgDcaqkkSgN-11nb-LH4U9FxDwWVJ6yLHWaMWVNk88iS7AvsotcTWWSrs4jG2ccnFBX4Brk2h4Yph2QCpNjYFzHo_XCaDrXH6BDR36kRkrB0gWQRB7_ROkos-4zOFgjBymNoMD6ABiSgUzkMZFS6BdAySRdiO2gL3BYYjfShy7qnF5CG7Tdq1n8NV15i2YM3VM9127dQSSXHyltD5Cui2KDPUN-2CzeB--X6Apy_XqgNGjYbXTBR5djYmazKOO2GbRPstZdePuzgSmkbtVfFJHqlK--_i6nLVaFJFCBd8JxK9CNnwPd28p3cGV9bSsMiNngIiQ_kn7AEngY741e8NW2sZkEkV8cb6JWHbRywbR1nuv2_iLTLtDTTM9zZtz5QkjYRk3ip66_tRi3r5fP_1TAewNczeQ_vgFhHKP62pTKo2QXyspJwSHALbCBb0lraH6W2YiZPRM7IJPXhc-oONPAWFv7s1b7pdxjp7q2DC-aFVom9jZFJkIMGKoBlx4uYIGoOq7kPT7qqBqWnfdUfgTNr_XAsA-ELrR35mW9P3PBpd53whfdux4l3ESunDtB_HSCCQtWMy01KUfI2tIt4NpbBnl7owhJIVBoOV4EkV7KqxB0RwFljSeQK2nLClRD1HkkpfcVlBohR76NM_craRk8Zze1l--JiPg5A7Tn_0YJcA-I3ZdrL7ndEqitpX4KaTKv2P"}
formSubmissionId = BR4WER4TJ-1767592833053
fullURL = https://www-dev.broadridge.com/press-release/2012/broadridge-trade-confirmation-matching-solution
page comparison URL = https://www-dev.broadridge.com/press-release/2012/broadridge-trade-confirmation-matching-solution
................Header Contact Us Form Filled...................
V2 ContactUs form NOT found on the bottom
V2 Download form NOT found on the bottom
no cookie button
header ContactUs button found = true
emailTimeStamp = automated_TESTTEST_2026-01-05_06_01_10@broadridge.com
📤 Form payload = {"formSubmissionId":"BRQK3QIV2-1767592873380","elqFormName":"","elqSiteID":"","datalayerheader":"","contact":"","formgtm":"","elqCustomerGUID":"","elqCookieWrite":"","segment":"","name_first":"First_87528_TESTTEST","name_last":"Last_87528_TESTTEST","email_work":"automated_TESTTEST_2026-01-05_06_01_10@broadridge.com","phone_business":"999-999-9999","job_title":"Job_87528_TESTTEST","Company":"Company_87528_TESTTEST","country":"United States","comment":"This is an automated test submission.  Please ignore.","id":"","so":"","di":"","ct":"","ep":"","ot":"","mt":"","yr":"","rg":"","on":"","sub-source":"","campaignMostRecentID":"","content-id":"","orig-channel":"","campaign-name":"","campaignMostRecentName":"","campaignMostRecentSource":"","campaignMostRecentMedium":"","campaignMostRecentContent":"","campaignMostRecentTerm":"","campaignMostRecentContentID":"","campaignMostRecentSubSource":"","Persistent_utm_medium":"","Persistent_utm_source":"","Persistent_utm_term":"","Persistent_utm_campaign":"","Persistent_Sub_Source":"","Persistent_Content_ID":"","Persistent_Campaign_ID":"","Persistent_utm_content":"","Session_utm_medium":"","Session_utm_source":"","Session_utm_term":"","Session_utm_campaign":"","Session_Sub_Source":"","Session_Content_ID":"","Session_Campaign_ID":"701RN00000RbnVLYAZ","Session_utm_content":"","inquiry":"Gen Enq","fullURL":"https://www-dev.broadridge.com/press-release/2012/matrix-expands-trueopen-architecture-platform","page_id":"177726","page_campaign_id":"","ecid":"","elqCampaignId":"","Formmodel":"flyout","Pagetype":"Press Release","g-recaptcha-response":"0cAFcWeA7LStcx4mSrN1b7AEvU63lJT0N8dchbwlaLmtW73MpJBIkSf3WvWzdPEtuGE-P6zu3VfllbHNjVRkqxxTmALlbWXQit5f8CimqL-ZlebkR8mgS20fAMLyjDCOIZTKImCZ2xZqM00qYjp1bo79Z4T8Y1z8Qt-7xRzMoH_8yzmJiA12IwN1_QbHFjl5S660bHBU8ZjoEvege1Yl1xf2lD3Kb1wdjBlsPyPFnHZXVO62Rdai_mBnmjRJeLEIetYspLaWtA3PNxP0AiEAAa00v4td1JizRKr4-xvkPK2qcbe2lEXG1gP9pCepVToxreyshvYfivpNK1X8hHaRsjO6CjOw1o4J8b4cv_JOJm-_pKreCIqs55r2ltSs9IdJKDGp_lgkjottnwLFhMBfU8rDrIXXMJXShJxSewecc6nS6pHr1IOKBYE0o_cR4_uKwCTe0OghJZ9pfP40LZn40E5H1ugTQ6qGHqFx5K-zSnB9h5GRDz7GPoTkLkc6DIEv3qFtmbrIuZzMq05v2nVtiaIdUG3C7Y0m5xKi528vw5d9gLb27s8HGyr0NZInuzw1QF3xJDRmU9O_ylDME9ip_q0gigsSqFwgRuqONXpsCE_Wj3Wq9tY0t51FiM_jzDmAvrtN4mciZ-u-XEUQaH3NfTKNB4aafWOgfYCRKMVIwvX1SsWuVvt9YQAprQUOw7rg8UjSU9vNu_K7zn5rOvrshWQc3OqDtlyoVCpT2sNfaAfVfHTov-IIz1ffi2WIY4VFUF-d0OGniav9XE8ZZ5QwTKcHduTdLkh0NCD8eMGaL0i-AVoGn8l4LIdJQp12SN9OsWHNk-xPqPa-SnSn327eiWHG14s6aydQoAnlyODGumnXl_xRHgbn0COFC98Wqtz2STKh9uWMrwIsbcOGvOKHknCeVi-ESHexjrg2gn1QinxjbQHVyCyYi-KvqAhtjzHd7qt8WDPyaHafRpAIddHbq6HspUNrj9LNyUOnjOARI-4csjD-5tpKmVEChUxFVmP2WNTrJPcvs5Xtai8VYEHTbPyVaR8aY1Gkw5vCEGbrGlKhzB4ocxer5VNMqyv2EPCdOiOqaieB5TalhyUZUJq36_RbKsyMXPDmo0BdqVGO-Tse2RQJV2QkvzyZC_3msp-TWswEjEDOrI53AWJ93rtT4KRxNT0DH49ZKWR4w8tIjHqKhwk_c9fz0qaD1Vd6CSUWg2oAq9R6n6a3RezPrlU6Ov1bAiKjQFi0zd_uCdBG-Dg3sVe7QOW7pYmYCdHNhjK1zhDPnBsF1Y2O6eqZ8ApDH-3tDBfIkzRrFFIVPpRflnXxZkKFKoTEwinWpVGP0_mhrEuniJrSycnaZlNTkG-VnHOoUDCcQOZe8mYXgTjMAw3kAvTsoSlyv_jYGOOwLrAIA36WNyQgBLmmmJtDFvh1hXeieLCS2gl_5OjKD1iWkcsEajN-1psdYXcpIQbgsrBNBkhJdRGLjgFeGsloaZlCsV4Rl-zrhXzr9hPcPB42HDW-N0JAOY7LjF-uULERnFQwIVvXatYgrJGy3I1Hxl5xsfzLmj-d-LDbGNGWebdRedB2EyTUUOk0SVrCXwB1dFsiilBK4QMc7s015A"}
form message = Thank you for your interest in Broadridge.
A representative will contact you within 24 business hours.
formpayload for validation = {"formSubmissionId":"BRQK3QIV2-1767592873380","elqFormName":"","elqSiteID":"","datalayerheader":"","contact":"","formgtm":"","elqCustomerGUID":"","elqCookieWrite":"","segment":"","name_first":"First_87528_TESTTEST","name_last":"Last_87528_TESTTEST","email_work":"automated_TESTTEST_2026-01-05_06_01_10@broadridge.com","phone_business":"999-999-9999","job_title":"Job_87528_TESTTEST","Company":"Company_87528_TESTTEST","country":"United States","comment":"This is an automated test submission.  Please ignore.","id":"","so":"","di":"","ct":"","ep":"","ot":"","mt":"","yr":"","rg":"","on":"","sub-source":"","campaignMostRecentID":"","content-id":"","orig-channel":"","campaign-name":"","campaignMostRecentName":"","campaignMostRecentSource":"","campaignMostRecentMedium":"","campaignMostRecentContent":"","campaignMostRecentTerm":"","campaignMostRecentContentID":"","campaignMostRecentSubSource":"","Persistent_utm_medium":"","Persistent_utm_source":"","Persistent_utm_term":"","Persistent_utm_campaign":"","Persistent_Sub_Source":"","Persistent_Content_ID":"","Persistent_Campaign_ID":"","Persistent_utm_content":"","Session_utm_medium":"","Session_utm_source":"","Session_utm_term":"","Session_utm_campaign":"","Session_Sub_Source":"","Session_Content_ID":"","Session_Campaign_ID":"701RN00000RbnVLYAZ","Session_utm_content":"","inquiry":"Gen Enq","fullURL":"https://www-dev.broadridge.com/press-release/2012/matrix-expands-trueopen-architecture-platform","page_id":"177726","page_campaign_id":"","ecid":"","elqCampaignId":"","Formmodel":"flyout","Pagetype":"Press Release","g-recaptcha-response":"0cAFcWeA7LStcx4mSrN1b7AEvU63lJT0N8dchbwlaLmtW73MpJBIkSf3WvWzdPEtuGE-P6zu3VfllbHNjVRkqxxTmALlbWXQit5f8CimqL-ZlebkR8mgS20fAMLyjDCOIZTKImCZ2xZqM00qYjp1bo79Z4T8Y1z8Qt-7xRzMoH_8yzmJiA12IwN1_QbHFjl5S660bHBU8ZjoEvege1Yl1xf2lD3Kb1wdjBlsPyPFnHZXVO62Rdai_mBnmjRJeLEIetYspLaWtA3PNxP0AiEAAa00v4td1JizRKr4-xvkPK2qcbe2lEXG1gP9pCepVToxreyshvYfivpNK1X8hHaRsjO6CjOw1o4J8b4cv_JOJm-_pKreCIqs55r2ltSs9IdJKDGp_lgkjottnwLFhMBfU8rDrIXXMJXShJxSewecc6nS6pHr1IOKBYE0o_cR4_uKwCTe0OghJZ9pfP40LZn40E5H1ugTQ6qGHqFx5K-zSnB9h5GRDz7GPoTkLkc6DIEv3qFtmbrIuZzMq05v2nVtiaIdUG3C7Y0m5xKi528vw5d9gLb27s8HGyr0NZInuzw1QF3xJDRmU9O_ylDME9ip_q0gigsSqFwgRuqONXpsCE_Wj3Wq9tY0t51FiM_jzDmAvrtN4mciZ-u-XEUQaH3NfTKNB4aafWOgfYCRKMVIwvX1SsWuVvt9YQAprQUOw7rg8UjSU9vNu_K7zn5rOvrshWQc3OqDtlyoVCpT2sNfaAfVfHTov-IIz1ffi2WIY4VFUF-d0OGniav9XE8ZZ5QwTKcHduTdLkh0NCD8eMGaL0i-AVoGn8l4LIdJQp12SN9OsWHNk-xPqPa-SnSn327eiWHG14s6aydQoAnlyODGumnXl_xRHgbn0COFC98Wqtz2STKh9uWMrwIsbcOGvOKHknCeVi-ESHexjrg2gn1QinxjbQHVyCyYi-KvqAhtjzHd7qt8WDPyaHafRpAIddHbq6HspUNrj9LNyUOnjOARI-4csjD-5tpKmVEChUxFVmP2WNTrJPcvs5Xtai8VYEHTbPyVaR8aY1Gkw5vCEGbrGlKhzB4ocxer5VNMqyv2EPCdOiOqaieB5TalhyUZUJq36_RbKsyMXPDmo0BdqVGO-Tse2RQJV2QkvzyZC_3msp-TWswEjEDOrI53AWJ93rtT4KRxNT0DH49ZKWR4w8tIjHqKhwk_c9fz0qaD1Vd6CSUWg2oAq9R6n6a3RezPrlU6Ov1bAiKjQFi0zd_uCdBG-Dg3sVe7QOW7pYmYCdHNhjK1zhDPnBsF1Y2O6eqZ8ApDH-3tDBfIkzRrFFIVPpRflnXxZkKFKoTEwinWpVGP0_mhrEuniJrSycnaZlNTkG-VnHOoUDCcQOZe8mYXgTjMAw3kAvTsoSlyv_jYGOOwLrAIA36WNyQgBLmmmJtDFvh1hXeieLCS2gl_5OjKD1iWkcsEajN-1psdYXcpIQbgsrBNBkhJdRGLjgFeGsloaZlCsV4Rl-zrhXzr9hPcPB42HDW-N0JAOY7LjF-uULERnFQwIVvXatYgrJGy3I1Hxl5xsfzLmj-d-LDbGNGWebdRedB2EyTUUOk0SVrCXwB1dFsiilBK4QMc7s015A"}
formSubmissionId = BRQK3QIV2-1767592873380
fullURL = https://www-dev.broadridge.com/press-release/2012/matrix-expands-trueopen-architecture-platform
page comparison URL = https://www-dev.broadridge.com/press-release/2012/matrix-expands-trueopen-architecture-platform
................Header Contact Us Form Filled...................
V2 ContactUs form NOT found on the bottom
V2 Download form NOT found on the bottom
no cookie button
header ContactUs button found = true
emailTimeStamp = automated_TESTTEST_2026-01-05_06_01_50@broadridge.com
📤 Form payload = {"formSubmissionId":"BR5MXDLMJ-1767592913471","elqFormName":"","elqSiteID":"","datalayerheader":"","contact":"","formgtm":"","elqCustomerGUID":"","elqCookieWrite":"","segment":"","name_first":"First_87528_TESTTEST","name_last":"Last_87528_TESTTEST","email_work":"automated_TESTTEST_2026-01-05_06_01_50@broadridge.com","phone_business":"999-999-9999","job_title":"Job_87528_TESTTEST","Company":"Company_87528_TESTTEST","country":"United States","comment":"This is an automated test submission.  Please ignore.","id":"","so":"","di":"","ct":"","ep":"","ot":"","mt":"","yr":"","rg":"","on":"","sub-source":"","campaignMostRecentID":"","content-id":"","orig-channel":"","campaign-name":"","campaignMostRecentName":"","campaignMostRecentSource":"","campaignMostRecentMedium":"","campaignMostRecentContent":"","campaignMostRecentTerm":"","campaignMostRecentContentID":"","campaignMostRecentSubSource":"","Persistent_utm_medium":"","Persistent_utm_source":"","Persistent_utm_term":"","Persistent_utm_campaign":"","Persistent_Sub_Source":"","Persistent_Content_ID":"","Persistent_Campaign_ID":"","Persistent_utm_content":"","Session_utm_medium":"","Session_utm_source":"","Session_utm_term":"","Session_utm_campaign":"","Session_Sub_Source":"","Session_Content_ID":"","Session_Campaign_ID":"701RN00000RbnVLYAZ","Session_utm_content":"","inquiry":"Gen Enq","fullURL":"https://www-dev.broadridge.com/press-release/2012/jose-contin-to-lead-broadridge-city-networks-expansion-in-emea","page_id":"177499","page_campaign_id":"","ecid":"","elqCampaignId":"","Formmodel":"flyout","Pagetype":"Press Release","g-recaptcha-response":"0cAFcWeA5V9pz-yDtLz-Q5V5b77rnvWNMcsxEyvnYCjzNGIY6_G8-QiOIaiD_205DgsG1sQxQPDMzW-rFjFKZNCXQ0MSkmfKKJ-tC8RwXuhASK3E_t4zvsiwYtpv1naROrheh_Ayagl8ZBj445lSO4AMq3_hRu17Gm9vXmta2yesCTna71zcVSKfizR3tjUMlWvyWpMAljMickc1zXDhF77ESXJhC-R2JfUS4wwNocChIz5pYijX6VMRrndKN4xOlXV8601Sk0-I5-UBxiqzfHDPggtpZGap5r5CxqpI4oikWHoWbR_dgjYnFFuKrNiN1XO8JDZB78MOay2N2mcFEbmhQaunF9EF63Q2SyYHQfjBzOA7K_bxSFSdKztBmy7CS8BjSAp2inzmFrn0D9PS1El49HGa0J8tjCw1BFalo7mmVrTCarZbbeIgK_WnydDzuyMH4ZKGGHTUVK_bP7DHJNAg58vvclkXxQaafoF1fgLxM2xkpoBXH9DKCMlERLPMR5O5FA2mnIAQ7ZuifZJzqBnwKRRTCS1lHXeKtRHpv1vIkc8Tq7DbSZKtSyQCV26cgYAH-KTWPaAGDW1rRCdcthea0rkuWfzEeVJtfBRal57uX0bjxFR2lZDWlmEsndVcwWxQFzo921UoZYGCxWaSMM5PCLOLdF5uHVKkfLLvLFfofzL81lYQmMEVtP5OU9bJaHcNAX2RJJhUVMMwVALs66fKaIHhCgIEbLuOsT8xOsjdj4SG_9jaO5tZGLkH5a2SJqFtw7UFvbc_XD6kcUHBcxbsgdt-8Zp995cDNR8dABBZawfKwyBpnnBhoxYnMudZEtAcHPngsc-TXJvsu6qQwmykSJ1uuq8Bax7UuN-j8q5WlIXhiM_4AJqVToZ_MwJN-A84lmGPXlIBPwEiGC2w5Q_jRta4uZ5vYTC3dDhtxDYu1DgNQEL9upemVqTIl18nJ97wieYs2LQq2SGXr0q7fqd4qmQn19y1Oc7P4sA3NNVkzSQlW4lgqDL4aIXyN8AbZxOzo07XBk1lz2Rgp5xSYd6XRV9xhHz6WoaB1OIx11j1eIGbnBZyU5XSCoUriYWusJIy_ICDZayKic5dWh0vI6-lmUBghYb4AhyToJPF-iNc7LllQ4Lqg0e-M0hlGmwMNxmhA5LkcJUAPCThbgXd0pcCuWTtNRyk_wWDBI8xRfPdChuRXGl-tAw01UZG6sZVx9ZHwMM_YFjDkyMSel7siq4K4SIJAZms94ndrCNG5eSCPGjSvStysmiuthfjmfaL1B2apSimq6igs3g7a1YCbxYGv2FlZ9poa6Vvoe5MPwaYrhG2TF8vu24gRZ73Rx6N8g-qE5pUh-d7X-gA1O8Dl3w-vSqPYOGNfeJKoVbxJVGSYhoa13fxBpWDPBYkp5xLV0uYSmBTEl6iQRc1bIoYB1oaIPiYN-Ghx6Tpe0xZbrvzTh9L9NP1sJuLRqScI7SCfcmaCUv_001JKg7JWj1ox1sk4jpPl61mjpA1ZadlzzsJiKf7-UcwR1xQRgsghMMtL0ez3a-CGLtfJlFgoNGc_Sx0Qt3NOeruHDExfCOYPGFsV25wF2xUC06V6h_9RN1jmsIGT4uc2LITgzr8DCa5XzJ7CzOv7hWWNSRx0e77gMnwcqpmA_UM4PAzI"}
form message = Thank you for your interest in Broadridge.
A representative will contact you within 24 business hours.
formpayload for validation = {"formSubmissionId":"BR5MXDLMJ-1767592913471","elqFormName":"","elqSiteID":"","datalayerheader":"","contact":"","formgtm":"","elqCustomerGUID":"","elqCookieWrite":"","segment":"","name_first":"First_87528_TESTTEST","name_last":"Last_87528_TESTTEST","email_work":"automated_TESTTEST_2026-01-05_06_01_50@broadridge.com","phone_business":"999-999-9999","job_title":"Job_87528_TESTTEST","Company":"Company_87528_TESTTEST","country":"United States","comment":"This is an automated test submission.  Please ignore.","id":"","so":"","di":"","ct":"","ep":"","ot":"","mt":"","yr":"","rg":"","on":"","sub-source":"","campaignMostRecentID":"","content-id":"","orig-channel":"","campaign-name":"","campaignMostRecentName":"","campaignMostRecentSource":"","campaignMostRecentMedium":"","campaignMostRecentContent":"","campaignMostRecentTerm":"","campaignMostRecentContentID":"","campaignMostRecentSubSource":"","Persistent_utm_medium":"","Persistent_utm_source":"","Persistent_utm_term":"","Persistent_utm_campaign":"","Persistent_Sub_Source":"","Persistent_Content_ID":"","Persistent_Campaign_ID":"","Persistent_utm_content":"","Session_utm_medium":"","Session_utm_source":"","Session_utm_term":"","Session_utm_campaign":"","Session_Sub_Source":"","Session_Content_ID":"","Session_Campaign_ID":"701RN00000RbnVLYAZ","Session_utm_content":"","inquiry":"Gen Enq","fullURL":"https://www-dev.broadridge.com/press-release/2012/jose-contin-to-lead-broadridge-city-networks-expansion-in-emea","page_id":"177499","page_campaign_id":"","ecid":"","elqCampaignId":"","Formmodel":"flyout","Pagetype":"Press Release","g-recaptcha-response":"0cAFcWeA5V9pz-yDtLz-Q5V5b77rnvWNMcsxEyvnYCjzNGIY6_G8-QiOIaiD_205DgsG1sQxQPDMzW-rFjFKZNCXQ0MSkmfKKJ-tC8RwXuhASK3E_t4zvsiwYtpv1naROrheh_Ayagl8ZBj445lSO4AMq3_hRu17Gm9vXmta2yesCTna71zcVSKfizR3tjUMlWvyWpMAljMickc1zXDhF77ESXJhC-R2JfUS4wwNocChIz5pYijX6VMRrndKN4xOlXV8601Sk0-I5-UBxiqzfHDPggtpZGap5r5CxqpI4oikWHoWbR_dgjYnFFuKrNiN1XO8JDZB78MOay2N2mcFEbmhQaunF9EF63Q2SyYHQfjBzOA7K_bxSFSdKztBmy7CS8BjSAp2inzmFrn0D9PS1El49HGa0J8tjCw1BFalo7mmVrTCarZbbeIgK_WnydDzuyMH4ZKGGHTUVK_bP7DHJNAg58vvclkXxQaafoF1fgLxM2xkpoBXH9DKCMlERLPMR5O5FA2mnIAQ7ZuifZJzqBnwKRRTCS1lHXeKtRHpv1vIkc8Tq7DbSZKtSyQCV26cgYAH-KTWPaAGDW1rRCdcthea0rkuWfzEeVJtfBRal57uX0bjxFR2lZDWlmEsndVcwWxQFzo921UoZYGCxWaSMM5PCLOLdF5uHVKkfLLvLFfofzL81lYQmMEVtP5OU9bJaHcNAX2RJJhUVMMwVALs66fKaIHhCgIEbLuOsT8xOsjdj4SG_9jaO5tZGLkH5a2SJqFtw7UFvbc_XD6kcUHBcxbsgdt-8Zp995cDNR8dABBZawfKwyBpnnBhoxYnMudZEtAcHPngsc-TXJvsu6qQwmykSJ1uuq8Bax7UuN-j8q5WlIXhiM_4AJqVToZ_MwJN-A84lmGPXlIBPwEiGC2w5Q_jRta4uZ5vYTC3dDhtxDYu1DgNQEL9upemVqTIl18nJ97wieYs2LQq2SGXr0q7fqd4qmQn19y1Oc7P4sA3NNVkzSQlW4lgqDL4aIXyN8AbZxOzo07XBk1lz2Rgp5xSYd6XRV9xhHz6WoaB1OIx11j1eIGbnBZyU5XSCoUriYWusJIy_ICDZayKic5dWh0vI6-lmUBghYb4AhyToJPF-iNc7LllQ4Lqg0e-M0hlGmwMNxmhA5LkcJUAPCThbgXd0pcCuWTtNRyk_wWDBI8xRfPdChuRXGl-tAw01UZG6sZVx9ZHwMM_YFjDkyMSel7siq4K4SIJAZms94ndrCNG5eSCPGjSvStysmiuthfjmfaL1B2apSimq6igs3g7a1YCbxYGv2FlZ9poa6Vvoe5MPwaYrhG2TF8vu24gRZ73Rx6N8g-qE5pUh-d7X-gA1O8Dl3w-vSqPYOGNfeJKoVbxJVGSYhoa13fxBpWDPBYkp5xLV0uYSmBTEl6iQRc1bIoYB1oaIPiYN-Ghx6Tpe0xZbrvzTh9L9NP1sJuLRqScI7SCfcmaCUv_001JKg7JWj1ox1sk4jpPl61mjpA1ZadlzzsJiKf7-UcwR1xQRgsghMMtL0ez3a-CGLtfJlFgoNGc_Sx0Qt3NOeruHDExfCOYPGFsV25wF2xUC06V6h_9RN1jmsIGT4uc2LITgzr8DCa5XzJ7CzOv7hWWNSRx0e77gMnwcqpmA_UM4PAzI"}
formSubmissionId = BR5MXDLMJ-1767592913471
fullURL = https://www-dev.broadridge.com/press-release/2012/jose-contin-to-lead-broadridge-city-networks-expansion-in-emea
page comparison URL = https://www-dev.broadridge.com/press-release/2012/jose-contin-to-lead-broadridge-city-networks-expansion-in-emea
................Header Contact Us Form Filled...................
V2 ContactUs form NOT found on the bottom
V2 Download form NOT found on the bottom
no cookie button
header ContactUs button found = true
emailTimeStamp = automated_TESTTEST_2026-01-05_06_02_31@broadridge.com
📤 Form payload = {"formSubmissionId":"BR7WRBUGD-1767592953753","elqFormName":"","elqSiteID":"","datalayerheader":"","contact":"","formgtm":"","elqCustomerGUID":"","elqCookieWrite":"","segment":"","name_first":"First_87528_TESTTEST","name_last":"Last_87528_TESTTEST","email_work":"automated_TESTTEST_2026-01-05_06_02_31@broadridge.com","phone_business":"999-999-9999","job_title":"Job_87528_TESTTEST","Company":"Company_87528_TESTTEST","country":"United States","comment":"This is an automated test submission.  Please ignore.","id":"","so":"","di":"","ct":"","ep":"","ot":"","mt":"","yr":"","rg":"","on":"","sub-source":"","campaignMostRecentID":"","content-id":"","orig-channel":"","campaign-name":"","campaignMostRecentName":"","campaignMostRecentSource":"","campaignMostRecentMedium":"","campaignMostRecentContent":"","campaignMostRecentTerm":"","campaignMostRecentContentID":"","campaignMostRecentSubSource":"","Persistent_utm_medium":"","Persistent_utm_source":"","Persistent_utm_term":"","Persistent_utm_campaign":"","Persistent_Sub_Source":"","Persistent_Content_ID":"","Persistent_Campaign_ID":"","Persistent_utm_content":"","Session_utm_medium":"","Session_utm_source":"","Session_utm_term":"","Session_utm_campaign":"","Session_Sub_Source":"","Session_Content_ID":"","Session_Campaign_ID":"701RN00000RbnVLYAZ","Session_utm_content":"","inquiry":"Gen Enq","fullURL":"https://www-dev.broadridge.com/press-release/2012/broadridge-reports-fourth-quarter-and-fiscal-year-2012-results","page_id":"177479","page_campaign_id":"","ecid":"","elqCampaignId":"","Formmodel":"flyout","Pagetype":"Press Release","g-recaptcha-response":"0cAFcWeA6C0J9tPTgM8pRsUDsw4eNkAjG_ZfD5MUrKSnw4U9tYR23qiO7AXWkBLh5xpDrbkO3Bi8HpHK8NcewlG9LVnLh7KWjm1Etr-k7g9PyJgiXx-Gvzl8NUUG-qGRVgmjOi7egHJJwz-1wD7QM0jVluxNjqmNGNQIlilFGWyyWaiuCKKJqTQSKk45Cx5AL2YT_VACgozpatgAN6Sa0k8FWp57F7H6GfpnNZxGoweIEyj_88is8stP_bSygyVlBTunLUQKm8UR7hwvjkaOAQOyecAx6r8FAf7Mij2P-H-ueyUAvsRinYJewFEkO5bFXmjbkJJJWDupaEfgTnkD0gu0ISh3spCdwmn6MCDMErQNtE9aj_PgO9q5CpU6vo_5zWJ0UpRj5yAGVqWbqvzsssA3iJPCkgmlF53t67zEjnirVS0HP8KP-Wy1dSg6dQWsOIq0sgz7Y26v7f84EG7l3IUoce2SwSGx84-S3jiNO9gQLRR622yzTzhzeYheh38bDn83Osrz3xlD19h5n0cwfRw0XFMV-AG8o7lSaHnpjDwj2Oe_IfHXR_cPlKDgE9fX1k38JwT84YZdI1_qDu7LU5maFJlCWSN-9Ig7LE2iibQrfGBzFW-JZpqrPtc9_fgcwSoHz7thXIFS9d0qMaip3vy_U-ZEtT98d8lJiMj_HiYaNJupxdv030xYPQe7PmOvxvfxo9pBpDHhJierVzeohahZil4cEX_jrphT23FmzIW9mk_E4m2w0m0m0ZbJlxwUw7REecsNefDmrVC30hvHw5c0lTv84iWiJaJtgMkI67PxIPVQhGae-nGPj61_t-hcRs5henTYNc3cLn09I3l_8EVmCCU6Z4Zp4OX77ee3NRu2sIfxrYf1KDgtUlY6roMQl7z38scJHPnH6jqgpCkkfsgVQw-wCOUMOg1YL6FxAkJxa7IPqnqgtuNrNi4lr3_JkVDNn13axBBGFxaGXFmnQysR3WYFNHsMHNaVsRM8Yu8dGTyFvVQgMUq4YR41juPvq8AvsJGRMFwrmrdy-I9lMc67LtcDI3SdIv5g6N5MoBIKRJZH8B9MJCrn-dCqWumFb70E3bB7Zk63THC7ImFyOKlf42_biIzhHaLPYxV9AMP0EsjXP7TzhTMqotIhnvF7qfSq7OSijbnK-DbaKfUhC65f2gYM8veSm4GJf2D2hnYboe5oYjW_74P-9JtMmTuFJN2TRW2UUjXGNn-Z1Yy5UDiRwEmvWu7XHAUh5_JSQ9F-TDe1kOaGYKkglpPRkrlBszD3ZPm3x4GvljZqak2U0F7-OnC628It_VCUARUTaVJ0bbZzPtNSiQ-hupbEveXMsbl8HFiaY8ZxnCp2VACHaGDkfQtrrMrn_W19ISZ0Hd0Je3whjOk1b1qfahfe5Xf5Am0tM_2s48i8-m1bL77ndm-aXC3hzDKsd_TjNyfm1jY3RHVR9MSq2pbCjVYgis5OJVUNVHEp1hYPatV2Q8OckjV-PYoHIOEYNnJjYwoo6hoAjOQXiLhpuEyLRwP1MGXJCg54JewMPcdUb9h30dFzgd-OGvSIun7CzoGGU3PZrPwRg1eDuBx9zD5lmE0svq6TyWLrqOayTXuITN"}
form message = Thank you for your interest in Broadridge.
A representative will contact you within 24 business hours.
formpayload for validation = {"formSubmissionId":"BR7WRBUGD-1767592953753","elqFormName":"","elqSiteID":"","datalayerheader":"","contact":"","formgtm":"","elqCustomerGUID":"","elqCookieWrite":"","segment":"","name_first":"First_87528_TESTTEST","name_last":"Last_87528_TESTTEST","email_work":"automated_TESTTEST_2026-01-05_06_02_31@broadridge.com","phone_business":"999-999-9999","job_title":"Job_87528_TESTTEST","Company":"Company_87528_TESTTEST","country":"United States","comment":"This is an automated test submission.  Please ignore.","id":"","so":"","di":"","ct":"","ep":"","ot":"","mt":"","yr":"","rg":"","on":"","sub-source":"","campaignMostRecentID":"","content-id":"","orig-channel":"","campaign-name":"","campaignMostRecentName":"","campaignMostRecentSource":"","campaignMostRecentMedium":"","campaignMostRecentContent":"","campaignMostRecentTerm":"","campaignMostRecentContentID":"","campaignMostRecentSubSource":"","Persistent_utm_medium":"","Persistent_utm_source":"","Persistent_utm_term":"","Persistent_utm_campaign":"","Persistent_Sub_Source":"","Persistent_Content_ID":"","Persistent_Campaign_ID":"","Persistent_utm_content":"","Session_utm_medium":"","Session_utm_source":"","Session_utm_term":"","Session_utm_campaign":"","Session_Sub_Source":"","Session_Content_ID":"","Session_Campaign_ID":"701RN00000RbnVLYAZ","Session_utm_content":"","inquiry":"Gen Enq","fullURL":"https://www-dev.broadridge.com/press-release/2012/broadridge-reports-fourth-quarter-and-fiscal-year-2012-results","page_id":"177479","page_campaign_id":"","ecid":"","elqCampaignId":"","Formmodel":"flyout","Pagetype":"Press Release","g-recaptcha-response":"0cAFcWeA6C0J9tPTgM8pRsUDsw4eNkAjG_ZfD5MUrKSnw4U9tYR23qiO7AXWkBLh5xpDrbkO3Bi8HpHK8NcewlG9LVnLh7KWjm1Etr-k7g9PyJgiXx-Gvzl8NUUG-qGRVgmjOi7egHJJwz-1wD7QM0jVluxNjqmNGNQIlilFGWyyWaiuCKKJqTQSKk45Cx5AL2YT_VACgozpatgAN6Sa0k8FWp57F7H6GfpnNZxGoweIEyj_88is8stP_bSygyVlBTunLUQKm8UR7hwvjkaOAQOyecAx6r8FAf7Mij2P-H-ueyUAvsRinYJewFEkO5bFXmjbkJJJWDupaEfgTnkD0gu0ISh3spCdwmn6MCDMErQNtE9aj_PgO9q5CpU6vo_5zWJ0UpRj5yAGVqWbqvzsssA3iJPCkgmlF53t67zEjnirVS0HP8KP-Wy1dSg6dQWsOIq0sgz7Y26v7f84EG7l3IUoce2SwSGx84-S3jiNO9gQLRR622yzTzhzeYheh38bDn83Osrz3xlD19h5n0cwfRw0XFMV-AG8o7lSaHnpjDwj2Oe_IfHXR_cPlKDgE9fX1k38JwT84YZdI1_qDu7LU5maFJlCWSN-9Ig7LE2iibQrfGBzFW-JZpqrPtc9_fgcwSoHz7thXIFS9d0qMaip3vy_U-ZEtT98d8lJiMj_HiYaNJupxdv030xYPQe7PmOvxvfxo9pBpDHhJierVzeohahZil4cEX_jrphT23FmzIW9mk_E4m2w0m0m0ZbJlxwUw7REecsNefDmrVC30hvHw5c0lTv84iWiJaJtgMkI67PxIPVQhGae-nGPj61_t-hcRs5henTYNc3cLn09I3l_8EVmCCU6Z4Zp4OX77ee3NRu2sIfxrYf1KDgtUlY6roMQl7z38scJHPnH6jqgpCkkfsgVQw-wCOUMOg1YL6FxAkJxa7IPqnqgtuNrNi4lr3_JkVDNn13axBBGFxaGXFmnQysR3WYFNHsMHNaVsRM8Yu8dGTyFvVQgMUq4YR41juPvq8AvsJGRMFwrmrdy-I9lMc67LtcDI3SdIv5g6N5MoBIKRJZH8B9MJCrn-dCqWumFb70E3bB7Zk63THC7ImFyOKlf42_biIzhHaLPYxV9AMP0EsjXP7TzhTMqotIhnvF7qfSq7OSijbnK-DbaKfUhC65f2gYM8veSm4GJf2D2hnYboe5oYjW_74P-9JtMmTuFJN2TRW2UUjXGNn-Z1Yy5UDiRwEmvWu7XHAUh5_JSQ9F-TDe1kOaGYKkglpPRkrlBszD3ZPm3x4GvljZqak2U0F7-OnC628It_VCUARUTaVJ0bbZzPtNSiQ-hupbEveXMsbl8HFiaY8ZxnCp2VACHaGDkfQtrrMrn_W19ISZ0Hd0Je3whjOk1b1qfahfe5Xf5Am0tM_2s48i8-m1bL77ndm-aXC3hzDKsd_TjNyfm1jY3RHVR9MSq2pbCjVYgis5OJVUNVHEp1hYPatV2Q8OckjV-PYoHIOEYNnJjYwoo6hoAjOQXiLhpuEyLRwP1MGXJCg54JewMPcdUb9h30dFzgd-OGvSIun7CzoGGU3PZrPwRg1eDuBx9zD5lmE0svq6TyWLrqOayTXuITN"}
formSubmissionId = BR7WRBUGD-1767592953753
fullURL = https://www-dev.broadridge.com/press-release/2012/broadridge-reports-fourth-quarter-and-fiscal-year-2012-results
page comparison URL = https://www-dev.broadridge.com/press-release/2012/broadridge-reports-fourth-quarter-and-fiscal-year-2012-results
................Header Contact Us Form Filled...................
V2 ContactUs form NOT found on the bottom
V2 Download form NOT found on the bottom
no cookie button
header ContactUs button found = true
emailTimeStamp = automated_TESTTEST_2026-01-05_06_03_11@broadridge.com
📤 Form payload = {"formSubmissionId":"BRORNVXP3-1767592994130","elqFormName":"","elqSiteID":"","datalayerheader":"","contact":"","formgtm":"","elqCustomerGUID":"","elqCookieWrite":"","segment":"","name_first":"First_87528_TESTTEST","name_last":"Last_87528_TESTTEST","email_work":"automated_TESTTEST_2026-01-05_06_03_11@broadridge.com","phone_business":"999-999-9999","job_title":"Job_87528_TESTTEST","Company":"Company_87528_TESTTEST","country":"United States","comment":"This is an automated test submission.  Please ignore.","id":"","so":"","di":"","ct":"","ep":"","ot":"","mt":"","yr":"","rg":"","on":"","sub-source":"","campaignMostRecentID":"","content-id":"","orig-channel":"","campaign-name":"","campaignMostRecentName":"","campaignMostRecentSource":"","campaignMostRecentMedium":"","campaignMostRecentContent":"","campaignMostRecentTerm":"","campaignMostRecentContentID":"","campaignMostRecentSubSource":"","Persistent_utm_medium":"","Persistent_utm_source":"","Persistent_utm_term":"","Persistent_utm_campaign":"","Persistent_Sub_Source":"","Persistent_Content_ID":"","Persistent_Campaign_ID":"","Persistent_utm_content":"","Session_utm_medium":"","Session_utm_source":"","Session_utm_term":"","Session_utm_campaign":"","Session_Sub_Source":"","Session_Content_ID":"","Session_Campaign_ID":"701RN00000RbnVLYAZ","Session_utm_content":"","inquiry":"Gen Enq","fullURL":"https://www-dev.broadridge.com/press-release/2012/renowned-keynote-speakers-to-take-stage","page_id":"177730","page_campaign_id":"","ecid":"","elqCampaignId":"","Formmodel":"flyout","Pagetype":"Press Release","g-recaptcha-response":"0cAFcWeA6XwnVcNdS__ERIULLitP_r_qH6_Bo8Ei4sUDzF0gUbY3lZVpSjBFGTIEwhyeKrniBCdDc3_VQEzmMoSLKB-Pcn6TNaTaAvhJLssZtjeD_ujmwQWTODJyLeww3ucuwde8SRL4NUSF3hQKfuY3v3EYdv0d_q2-x-OF_u7rKd_AJUADaLjY5wO6YO5fhDwy4Ig1k6oxKaUPfeJ4fgEw78uAA2_tDJnqoYY0ULeMwNHTJWE1gjrmI54iDjYng_4REH0dA2myOhylpJKPz8b4JBDhs0yPGmVa2yivGuQYnxvleLW77cWk8kg0B_RjK3-oUebMS4sgUBylRXPcju_6ISA1n6ZXFWcVRR9sEk8lcqB-ZLZ50rhmw7YBvoulSsFwMaTOjIZfGDNhPP_ZhdiOT2KNyukODNIKIAVPd6BbDFwjO3N6psZhgcnoG5Vh6ycG9dXuK84ytLVigA-973WFDVSHtAOhQyBOdTL7lywkUIKJEuDVMG9dmDJ3vJaERqHz7XWGgS1lkGvZsmLgVfMZbCCywKFNDxHpnZPj-QrU9czVct8EpeCONrAzdwwqrHabVLBjzg4kZiKQyNL4Q5BQgi78DzQw38C7BU84XyphskrXT0xHaQNBjQ3u_lTxozDKeNFeOmbKIHn4ZzWwsYxEF0sWU3jIv9tB4m72c8djG3R7M6O4PF4prqxWIFWPzlGoq0eAVGMJ7U0HVunsIQ6yNOFqow0o5wmdmO3otzqYXDEgBeAnhnyPfyEVf_O59EHvNRE7530gUysH8GU1myh5yk3nJptWsDdfkbavTttNEayjRwrjs13g5wPz5rKhM0sch4h6PNumAnvjyEjxgH8GeFP59wZnntmfEwejAwGpOqQ52MMNbMQ1GQeF0gvqYl4vrej5eNODLERzxBt64P957MO6emQJl5t7XEsj-0g49n98yDvybdcSF_mVlIzc5SkpHURhnywj0NCrO7fCVJwuD2Dh_OeQsuEhh8UlqgZlvqPmrFGX-fUcBI11RcQdUoaHVYIcmFih5acKmTNy2fRmtiWEDF4mPzBjr6nDE_-V21vwq8UJAn8CtQF2_6yWukRvH70flYYJfTqG6YbyA_uTBqSZQ8XA8dX41FmUrLoe9Q-S-DwV2zvP3oJHh70HrJJ1OPwM4kFkLlJhr1FIEdMnWrvmNKBMZIjlSCk5IRZmS7lZN7BV_P0-XH-8GZo4MNEH9AVIYkC7NwMRM53nhv-hN6TPwdM8eoOUNzhXjqrtTJqDtkDNcG2zL-Fej5egG8ZdbIHRI0sXEHwfVAZE8wMpoQx1woLFbtMjrmKmr238OEIOKbbRND7WRicsUkcIWQrYVY0V9FK0Tz6GKnA5jp9hWXdAed7frBKao-wzzVkIxpWA1yiosgXfEPEaUctE_buLCi7T7pMNVMc94HC2GSzMFto1ndCaP_bAXGj-hRuPPHCGk5-iv4Pi7QYFJkPQfI9_IhuCMrq23AQqWMXhDOdzFvuiBk7CK0TqftCfKM_8FjiMMvUzKlaCjvqXhlxf4a04SDjsbbnIqpD7nGZL9qhe7N7nclz7_L-lhBQvlvdLkPn-PpjWENDCtZQpVjHt-InWGbmA7i1dVU"}
form message = Thank you for your interest in Broadridge.
A representative will contact you within 24 business hours.
formpayload for validation = {"formSubmissionId":"BRORNVXP3-1767592994130","elqFormName":"","elqSiteID":"","datalayerheader":"","contact":"","formgtm":"","elqCustomerGUID":"","elqCookieWrite":"","segment":"","name_first":"First_87528_TESTTEST","name_last":"Last_87528_TESTTEST","email_work":"automated_TESTTEST_2026-01-05_06_03_11@broadridge.com","phone_business":"999-999-9999","job_title":"Job_87528_TESTTEST","Company":"Company_87528_TESTTEST","country":"United States","comment":"This is an automated test submission.  Please ignore.","id":"","so":"","di":"","ct":"","ep":"","ot":"","mt":"","yr":"","rg":"","on":"","sub-source":"","campaignMostRecentID":"","content-id":"","orig-channel":"","campaign-name":"","campaignMostRecentName":"","campaignMostRecentSource":"","campaignMostRecentMedium":"","campaignMostRecentContent":"","campaignMostRecentTerm":"","campaignMostRecentContentID":"","campaignMostRecentSubSource":"","Persistent_utm_medium":"","Persistent_utm_source":"","Persistent_utm_term":"","Persistent_utm_campaign":"","Persistent_Sub_Source":"","Persistent_Content_ID":"","Persistent_Campaign_ID":"","Persistent_utm_content":"","Session_utm_medium":"","Session_utm_source":"","Session_utm_term":"","Session_utm_campaign":"","Session_Sub_Source":"","Session_Content_ID":"","Session_Campaign_ID":"701RN00000RbnVLYAZ","Session_utm_content":"","inquiry":"Gen Enq","fullURL":"https://www-dev.broadridge.com/press-release/2012/renowned-keynote-speakers-to-take-stage","page_id":"177730","page_campaign_id":"","ecid":"","elqCampaignId":"","Formmodel":"flyout","Pagetype":"Press Release","g-recaptcha-response":"0cAFcWeA6XwnVcNdS__ERIULLitP_r_qH6_Bo8Ei4sUDzF0gUbY3lZVpSjBFGTIEwhyeKrniBCdDc3_VQEzmMoSLKB-Pcn6TNaTaAvhJLssZtjeD_ujmwQWTODJyLeww3ucuwde8SRL4NUSF3hQKfuY3v3EYdv0d_q2-x-OF_u7rKd_AJUADaLjY5wO6YO5fhDwy4Ig1k6oxKaUPfeJ4fgEw78uAA2_tDJnqoYY0ULeMwNHTJWE1gjrmI54iDjYng_4REH0dA2myOhylpJKPz8b4JBDhs0yPGmVa2yivGuQYnxvleLW77cWk8kg0B_RjK3-oUebMS4sgUBylRXPcju_6ISA1n6ZXFWcVRR9sEk8lcqB-ZLZ50rhmw7YBvoulSsFwMaTOjIZfGDNhPP_ZhdiOT2KNyukODNIKIAVPd6BbDFwjO3N6psZhgcnoG5Vh6ycG9dXuK84ytLVigA-973WFDVSHtAOhQyBOdTL7lywkUIKJEuDVMG9dmDJ3vJaERqHz7XWGgS1lkGvZsmLgVfMZbCCywKFNDxHpnZPj-QrU9czVct8EpeCONrAzdwwqrHabVLBjzg4kZiKQyNL4Q5BQgi78DzQw38C7BU84XyphskrXT0xHaQNBjQ3u_lTxozDKeNFeOmbKIHn4ZzWwsYxEF0sWU3jIv9tB4m72c8djG3R7M6O4PF4prqxWIFWPzlGoq0eAVGMJ7U0HVunsIQ6yNOFqow0o5wmdmO3otzqYXDEgBeAnhnyPfyEVf_O59EHvNRE7530gUysH8GU1myh5yk3nJptWsDdfkbavTttNEayjRwrjs13g5wPz5rKhM0sch4h6PNumAnvjyEjxgH8GeFP59wZnntmfEwejAwGpOqQ52MMNbMQ1GQeF0gvqYl4vrej5eNODLERzxBt64P957MO6emQJl5t7XEsj-0g49n98yDvybdcSF_mVlIzc5SkpHURhnywj0NCrO7fCVJwuD2Dh_OeQsuEhh8UlqgZlvqPmrFGX-fUcBI11RcQdUoaHVYIcmFih5acKmTNy2fRmtiWEDF4mPzBjr6nDE_-V21vwq8UJAn8CtQF2_6yWukRvH70flYYJfTqG6YbyA_uTBqSZQ8XA8dX41FmUrLoe9Q-S-DwV2zvP3oJHh70HrJJ1OPwM4kFkLlJhr1FIEdMnWrvmNKBMZIjlSCk5IRZmS7lZN7BV_P0-XH-8GZo4MNEH9AVIYkC7NwMRM53nhv-hN6TPwdM8eoOUNzhXjqrtTJqDtkDNcG2zL-Fej5egG8ZdbIHRI0sXEHwfVAZE8wMpoQx1woLFbtMjrmKmr238OEIOKbbRND7WRicsUkcIWQrYVY0V9FK0Tz6GKnA5jp9hWXdAed7frBKao-wzzVkIxpWA1yiosgXfEPEaUctE_buLCi7T7pMNVMc94HC2GSzMFto1ndCaP_bAXGj-hRuPPHCGk5-iv4Pi7QYFJkPQfI9_IhuCMrq23AQqWMXhDOdzFvuiBk7CK0TqftCfKM_8FjiMMvUzKlaCjvqXhlxf4a04SDjsbbnIqpD7nGZL9qhe7N7nclz7_L-lhBQvlvdLkPn-PpjWENDCtZQpVjHt-InWGbmA7i1dVU"}
formSubmissionId = BRORNVXP3-1767592994130
fullURL = https://www-dev.broadridge.com/press-release/2012/renowned-keynote-speakers-to-take-stage
page comparison URL = https://www-dev.broadridge.com/press-release/2012/renowned-keynote-speakers-to-take-stage
................Header Contact Us Form Filled...................
V2 ContactUs form NOT found on the bottom
V2 Download form NOT found on the bottom
no cookie button
header ContactUs button found = true
emailTimeStamp = automated_TESTTEST_2026-01-05_06_03_51@broadridge.com
📤 Form payload = {"formSubmissionId":"BRVXID2LS-1767593034185","elqFormName":"","elqSiteID":"","datalayerheader":"","contact":"","formgtm":"","elqCustomerGUID":"","elqCookieWrite":"","segment":"","name_first":"First_87528_TESTTEST","name_last":"Last_87528_TESTTEST","email_work":"automated_TESTTEST_2026-01-05_06_03_51@broadridge.com","phone_business":"999-999-9999","job_title":"Job_87528_TESTTEST","Company":"Company_87528_TESTTEST","country":"United States","comment":"This is an automated test submission.  Please ignore.","id":"","so":"","di":"","ct":"","ep":"","ot":"","mt":"","yr":"","rg":"","on":"","sub-source":"","campaignMostRecentID":"","content-id":"","orig-channel":"","campaign-name":"","campaignMostRecentName":"","campaignMostRecentSource":"","campaignMostRecentMedium":"","campaignMostRecentContent":"","campaignMostRecentTerm":"","campaignMostRecentContentID":"","campaignMostRecentSubSource":"","Persistent_utm_medium":"","Persistent_utm_source":"","Persistent_utm_term":"","Persistent_utm_campaign":"","Persistent_Sub_Source":"","Persistent_Content_ID":"","Persistent_Campaign_ID":"","Persistent_utm_content":"","Session_utm_medium":"","Session_utm_source":"","Session_utm_term":"","Session_utm_campaign":"","Session_Sub_Source":"","Session_Content_ID":"","Session_Campaign_ID":"701RN00000RbnVLYAZ","Session_utm_content":"","inquiry":"Gen Enq","fullURL":"https://www-dev.broadridge.com/press-release/2012/united-planners-adds-broadridges-matrix-to-qualified-plan-platform","page_id":"177733","page_campaign_id":"","ecid":"","elqCampaignId":"","Formmodel":"flyout","Pagetype":"Press Release","g-recaptcha-response":"0cAFcWeA6Nm3OFaimcae7foz-AVFQeexg7hoh_Dp3Lcqw0UQsPKC_H7DsGxm-FTsqY1W7ZCuVhm9ZX5jKXNG9T3ag5soMtqFiyVRib0Z6lQ6vf7MLhjEu_0MbihFvRHr9UF550i7ArlWfTHFhW5m3DcDfVM-M2R6zU9emYzMg9OfXZohaW_-GFkJrMJQ1aPxb3uk8gn3Q1iTq-Bya0KUqlRjF8m1GbhwDZAtc53brJ2-6KX5D4nPsIlh5zP32ZFUceRRVKbzLWAJajaSGn9A93hbU2cqyIMk0OtQkBwvouSsjAg0AMj7gYVAqcMiiNFjFbkRPINRZhNZtBWhuTQF-cv_rqULU1ERVxb0608K404KU4NW89lRCivHpT8qXuMo8aQ1ibghhTr3dGFsRZVmJT9RLJwesuapeXon5IiCpmGxNFDZ91Qq59WOGsdp_vPgj2IzmRMAYlQwlSI818BGBpwKyiqYFk2xzgKqe6qyfHL4SsGlJXjhVOlhIHal2myfASqrgMvoxKXMSOHmZGHLcpEZ0-eOwW8altaqxRVQGbRvvKXJhLEeWKry-1Y9gwc14oGu63bNlskVL5S3VPsGmsnvhE0uBrBWgRHCBtPwFEBGsArf7dCIDL-zFKBvLtxmdYWk09sIlOcC0oy5gelimIx_A_sIvZI783mB1MJSeW3UH5_Ljd0pr8wFZXo6GGMI2069FTyFfINouUSNQjEIlRE70CQJL2jCjamuIIhchzUfr-gpVZCX9tjhT14W65jJtqCgY-KqR0dpV3gh9ghfsDfvMItX29m6EC3z950LzuNusveGvWEic3yIXTGTQw7akpWYbJ1MTbhGWf15RhsfWJkF9ySYKw_MTbfVQwevG4jXmBE3it7PrLJ53Qt0ESD9WxKSmZTaWz1DiPw5-DChp2tneOBD-sC8DNK6Y43nhayVY_5CSX_pa0iFg9ybXkpUnCsfRtyYPFiuR-7SnXu_brwVfTgWD9un7AHGVfrDU2ew3u9Lj3N0LxhuEy8kX7ANAI7_dSDlSJDXmZi-Czjqj0hh5GcJLyNRCOs1l1zuUbpqpcLCoZ7f_qCr0ol0Ar-QUlUjEzglAG8aQ85obFONFpIYxvmwLqb4FHYZbc4BlEHFPYWb69TXkxFiEPUW9RBM7_kXvSdrvaA2Hml65CVa7IazryxjJgKj3RuDOF1sRsHPKhKo9Kcyg0i3GsHasjLD33h_oZMDyzhT9bpJ55DiJtlKI-Ai6gZogHiwRu2B-MKy38b_Wya08iEIs4v6g_hFk0HPbp2b-0rvgJoniSGmRX4mfwh1dTGAKMFIObI3aAMqBRLJCBD9bZfEMR9Njo6zQU-a2FVJPgNrWOmHp0kZj5g8PQeq_OUtQAsT99aBooQj-3M17M-c-miqneSrNvepRZkUEG39sVADyxjyvVuJXgA5TK25i_c2USqR1e1a_BR1E-W_a67UGc8chUtXGY5C5Ukiz3H2-eslOttSQWvUdkr9YHCc1tn8eIcMF0F2358wAz1_gkGgF4GtnuAJ4KdeOZsv_wMsTfFilM0ihtWDm118UT0Unk0yQKVyyxBMwYzAGg89hbAtb17gRUp54Gf4v9hH1ndvZCDN_gGwFyptMMQDaPSRq_jfMyiwDPBkVXF3RyOQ58yKsTH2DxuXpD-F6cCAHHeJrKPkKd"}
form message = Thank you for your interest in Broadridge.
A representative will contact you within 24 business hours.
formpayload for validation = {"formSubmissionId":"BRVXID2LS-1767593034185","elqFormName":"","elqSiteID":"","datalayerheader":"","contact":"","formgtm":"","elqCustomerGUID":"","elqCookieWrite":"","segment":"","name_first":"First_87528_TESTTEST","name_last":"Last_87528_TESTTEST","email_work":"automated_TESTTEST_2026-01-05_06_03_51@broadridge.com","phone_business":"999-999-9999","job_title":"Job_87528_TESTTEST","Company":"Company_87528_TESTTEST","country":"United States","comment":"This is an automated test submission.  Please ignore.","id":"","so":"","di":"","ct":"","ep":"","ot":"","mt":"","yr":"","rg":"","on":"","sub-source":"","campaignMostRecentID":"","content-id":"","orig-channel":"","campaign-name":"","campaignMostRecentName":"","campaignMostRecentSource":"","campaignMostRecentMedium":"","campaignMostRecentContent":"","campaignMostRecentTerm":"","campaignMostRecentContentID":"","campaignMostRecentSubSource":"","Persistent_utm_medium":"","Persistent_utm_source":"","Persistent_utm_term":"","Persistent_utm_campaign":"","Persistent_Sub_Source":"","Persistent_Content_ID":"","Persistent_Campaign_ID":"","Persistent_utm_content":"","Session_utm_medium":"","Session_utm_source":"","Session_utm_term":"","Session_utm_campaign":"","Session_Sub_Source":"","Session_Content_ID":"","Session_Campaign_ID":"701RN00000RbnVLYAZ","Session_utm_content":"","inquiry":"Gen Enq","fullURL":"https://www-dev.broadridge.com/press-release/2012/united-planners-adds-broadridges-matrix-to-qualified-plan-platform","page_id":"177733","page_campaign_id":"","ecid":"","elqCampaignId":"","Formmodel":"flyout","Pagetype":"Press Release","g-recaptcha-response":"0cAFcWeA6Nm3OFaimcae7foz-AVFQeexg7hoh_Dp3Lcqw0UQsPKC_H7DsGxm-FTsqY1W7ZCuVhm9ZX5jKXNG9T3ag5soMtqFiyVRib0Z6lQ6vf7MLhjEu_0MbihFvRHr9UF550i7ArlWfTHFhW5m3DcDfVM-M2R6zU9emYzMg9OfXZohaW_-GFkJrMJQ1aPxb3uk8gn3Q1iTq-Bya0KUqlRjF8m1GbhwDZAtc53brJ2-6KX5D4nPsIlh5zP32ZFUceRRVKbzLWAJajaSGn9A93hbU2cqyIMk0OtQkBwvouSsjAg0AMj7gYVAqcMiiNFjFbkRPINRZhNZtBWhuTQF-cv_rqULU1ERVxb0608K404KU4NW89lRCivHpT8qXuMo8aQ1ibghhTr3dGFsRZVmJT9RLJwesuapeXon5IiCpmGxNFDZ91Qq59WOGsdp_vPgj2IzmRMAYlQwlSI818BGBpwKyiqYFk2xzgKqe6qyfHL4SsGlJXjhVOlhIHal2myfASqrgMvoxKXMSOHmZGHLcpEZ0-eOwW8altaqxRVQGbRvvKXJhLEeWKry-1Y9gwc14oGu63bNlskVL5S3VPsGmsnvhE0uBrBWgRHCBtPwFEBGsArf7dCIDL-zFKBvLtxmdYWk09sIlOcC0oy5gelimIx_A_sIvZI783mB1MJSeW3UH5_Ljd0pr8wFZXo6GGMI2069FTyFfINouUSNQjEIlRE70CQJL2jCjamuIIhchzUfr-gpVZCX9tjhT14W65jJtqCgY-KqR0dpV3gh9ghfsDfvMItX29m6EC3z950LzuNusveGvWEic3yIXTGTQw7akpWYbJ1MTbhGWf15RhsfWJkF9ySYKw_MTbfVQwevG4jXmBE3it7PrLJ53Qt0ESD9WxKSmZTaWz1DiPw5-DChp2tneOBD-sC8DNK6Y43nhayVY_5CSX_pa0iFg9ybXkpUnCsfRtyYPFiuR-7SnXu_brwVfTgWD9un7AHGVfrDU2ew3u9Lj3N0LxhuEy8kX7ANAI7_dSDlSJDXmZi-Czjqj0hh5GcJLyNRCOs1l1zuUbpqpcLCoZ7f_qCr0ol0Ar-QUlUjEzglAG8aQ85obFONFpIYxvmwLqb4FHYZbc4BlEHFPYWb69TXkxFiEPUW9RBM7_kXvSdrvaA2Hml65CVa7IazryxjJgKj3RuDOF1sRsHPKhKo9Kcyg0i3GsHasjLD33h_oZMDyzhT9bpJ55DiJtlKI-Ai6gZogHiwRu2B-MKy38b_Wya08iEIs4v6g_hFk0HPbp2b-0rvgJoniSGmRX4mfwh1dTGAKMFIObI3aAMqBRLJCBD9bZfEMR9Njo6zQU-a2FVJPgNrWOmHp0kZj5g8PQeq_OUtQAsT99aBooQj-3M17M-c-miqneSrNvepRZkUEG39sVADyxjyvVuJXgA5TK25i_c2USqR1e1a_BR1E-W_a67UGc8chUtXGY5C5Ukiz3H2-eslOttSQWvUdkr9YHCc1tn8eIcMF0F2358wAz1_gkGgF4GtnuAJ4KdeOZsv_wMsTfFilM0ihtWDm118UT0Unk0yQKVyyxBMwYzAGg89hbAtb17gRUp54Gf4v9hH1ndvZCDN_gGwFyptMMQDaPSRq_jfMyiwDPBkVXF3RyOQ58yKsTH2DxuXpD-F6cCAHHeJrKPkKd"}
formSubmissionId = BRVXID2LS-1767593034185
fullURL = https://www-dev.broadridge.com/press-release/2012/united-planners-adds-broadridges-matrix-to-qualified-plan-platform
page comparison URL = https://www-dev.broadridge.com/press-release/2012/united-planners-adds-broadridges-matrix-to-qualified-plan-platform
................Header Contact Us Form Filled...................
V2 ContactUs form NOT found on the bottom
V2 Download form NOT found on the bottom
no cookie button
header ContactUs button found = true
emailTimeStamp = automated_TESTTEST_2026-01-05_06_04_31@broadridge.com
📤 Form payload = {"formSubmissionId":"BRGV7DL8P-1767593074497","elqFormName":"","elqSiteID":"","datalayerheader":"","contact":"","formgtm":"","elqCustomerGUID":"","elqCookieWrite":"","segment":"","name_first":"First_87528_TESTTEST","name_last":"Last_87528_TESTTEST","email_work":"automated_TESTTEST_2026-01-05_06_04_31@broadridge.com","phone_business":"999-999-9999","job_title":"Job_87528_TESTTEST","Company":"Company_87528_TESTTEST","country":"United States","comment":"This is an automated test submission.  Please ignore.","id":"","so":"","di":"","ct":"","ep":"","ot":"","mt":"","yr":"","rg":"","on":"","sub-source":"","campaignMostRecentID":"","content-id":"","orig-channel":"","campaign-name":"","campaignMostRecentName":"","campaignMostRecentSource":"","campaignMostRecentMedium":"","campaignMostRecentContent":"","campaignMostRecentTerm":"","campaignMostRecentContentID":"","campaignMostRecentSubSource":"","Persistent_utm_medium":"","Persistent_utm_source":"","Persistent_utm_term":"","Persistent_utm_campaign":"","Persistent_Sub_Source":"","Persistent_Content_ID":"","Persistent_Campaign_ID":"","Persistent_utm_content":"","Session_utm_medium":"","Session_utm_source":"","Session_utm_term":"","Session_utm_campaign":"","Session_Sub_Source":"","Session_Content_ID":"","Session_Campaign_ID":"701RN00000RbnVLYAZ","Session_utm_content":"","inquiry":"Gen Enq","fullURL":"https://www-dev.broadridge.com/press-release/2012/matrix-enhances-retiretoolkit-offering","page_id":"177725","page_campaign_id":"","ecid":"","elqCampaignId":"","Formmodel":"flyout","Pagetype":"Press Release","g-recaptcha-response":"0cAFcWeA6KyHEAZ8aCm4n-cb54iMXJ03VzeZeI5ut1OT3GlVWVO3VDz_cMeahik3hqDvfCV22TiaqlV0s0p-kkINeZphRveLPJOXVMRFYyDf7LPwbtLss_DPhV3LMrjZ86uCOezMMmvOLW_HQlyo8NMZZZHmmqLcVi8HNvxRq2ABT_wceHiURPpTNkj76zAIVDf-T8YgsgKfXFJf40Qlp_jIdPJzjgoxk4zPT2Drg9JctDzPwPSEE2WyZk5zDoWLk8g3emIdKc3gbBPqKM0LRHWcgdXsD_609ZLkBI-MIZmGB1otyIpr6Nzh37K3EkHao6ZMhmQLEXPwEHvpI0_uR-t2fGyJojf-0EzJkydy3Q5aF42BqMYiDGjUsaNe1GMUceUXhAfq9n7SMdqIil4WT8OVHV1AK6IGSOURIUR_oPCQNUYZBozFGUfg-EFEpm9ZXY3MPGkyHvf-W-S-pSyLkB-mUZXVSpn6SQycaneg-m6nX5FdTZBePdLwV5A3K7KA21mNzdBOg48tEKiq_39Fg0AV9fyKlo7Dj135mCEY0ppIYln2SdF8awgvb-xRXyPAcA3jYl3DdH15tEc6QoF_jf6g-N_ybkXUaB6srYP8yp_597Wl_J6RMbXzdX45nrCmZ2GGAMWGttZtb9yozydyE8J--be9sSmk1H9MrvIMUemSDKWMfZOx8hBLQe9nW7EH_JahrLQmL2v2qzxMLmTgi5Ua64NhoBORmdF_KB7vq2yuFNiBt0kJpEEp-jYMd9xk4a1lflwEsVt8o5W1a5jLOCzwZJKZC52hl5wRgEisa8rApaJGfwIFg0GybDUmF7OagcGKKGSo6Ppwy2kgoi2_b9ZwRbCpZdXppInERH-YJXPFvurNlX-BIs4RyOtNa6MLw-unhnta2lBhWcW9-KVNri6QAuKCnD9Nc61dTmw0mWRPDRHEoa6bFIb1h7q98WIh5gG6DzRUWW44T4MoHs_abVn0OvcrDgxO5Q3MOsync9YSI2EQjbGzFS5UG7Y8ALGpCowhty6nALemSIyF91YrkSIHdWxF_0kUuU7ODwZmQDxedaJ9U1qc1PO_OdXP3N3oOjNzP5u5kAbk9tCCf6jLojNdfpwRKxp5KdVw-kFVFfFwOpUT6Evq7VwY7GJfDWgeVo7qQkwsIBpj2xPvbrlB8R5Uwmbt_H567xn_x9VDBT7u3SRcdwaD-atl0s6jPeksrbBiuf3G4Uzea61r8F85yE8BDBk8hJQFNsHaJcq1sGn2s-5rB6d2TjHjruRrWR8GxInzd09Jc4OMXD2lxz9tJCHpPm5M-_WucxRGEKSfJHeaxmrYjPTgpHLEvam3Wl2xFqKCrM5EbtbzNa8_7gHuc675yvC0syn_u0aZcx-1duzZ9XsWWy_8ZgKrn8Y4ofuhaW0ppNvwGe2mArBvy41lSYeqvj8E25n6Ui00THdZ0-ywKKpqh4peYrTAEFdMdkKhGMCfGXCB72WHNxYb7AypdRD9UjlbB1IgL5khU-qCG6GioOBmuPzjeJhRnQqC_S1zJqPU0KarCGyD_5pQDGpMgH66uG7jBrWxgFKZvkbkVmuPvEB5mrXKgVOxcFyjx-_id4Ol7LeK6P2ffWrTHAYVow0IgDbEBQbl-52wVnTcM6ZCrBWceAGxmcy9XN_eG3_jVQVTe6U7n49l6u"}
form message = Thank you for your interest in Broadridge.
A representative will contact you within 24 business hours.
formpayload for validation = {"formSubmissionId":"BRGV7DL8P-1767593074497","elqFormName":"","elqSiteID":"","datalayerheader":"","contact":"","formgtm":"","elqCustomerGUID":"","elqCookieWrite":"","segment":"","name_first":"First_87528_TESTTEST","name_last":"Last_87528_TESTTEST","email_work":"automated_TESTTEST_2026-01-05_06_04_31@broadridge.com","phone_business":"999-999-9999","job_title":"Job_87528_TESTTEST","Company":"Company_87528_TESTTEST","country":"United States","comment":"This is an automated test submission.  Please ignore.","id":"","so":"","di":"","ct":"","ep":"","ot":"","mt":"","yr":"","rg":"","on":"","sub-source":"","campaignMostRecentID":"","content-id":"","orig-channel":"","campaign-name":"","campaignMostRecentName":"","campaignMostRecentSource":"","campaignMostRecentMedium":"","campaignMostRecentContent":"","campaignMostRecentTerm":"","campaignMostRecentContentID":"","campaignMostRecentSubSource":"","Persistent_utm_medium":"","Persistent_utm_source":"","Persistent_utm_term":"","Persistent_utm_campaign":"","Persistent_Sub_Source":"","Persistent_Content_ID":"","Persistent_Campaign_ID":"","Persistent_utm_content":"","Session_utm_medium":"","Session_utm_source":"","Session_utm_term":"","Session_utm_campaign":"","Session_Sub_Source":"","Session_Content_ID":"","Session_Campaign_ID":"701RN00000RbnVLYAZ","Session_utm_content":"","inquiry":"Gen Enq","fullURL":"https://www-dev.broadridge.com/press-release/2012/matrix-enhances-retiretoolkit-offering","page_id":"177725","page_campaign_id":"","ecid":"","elqCampaignId":"","Formmodel":"flyout","Pagetype":"Press Release","g-recaptcha-response":"0cAFcWeA6KyHEAZ8aCm4n-cb54iMXJ03VzeZeI5ut1OT3GlVWVO3VDz_cMeahik3hqDvfCV22TiaqlV0s0p-kkINeZphRveLPJOXVMRFYyDf7LPwbtLss_DPhV3LMrjZ86uCOezMMmvOLW_HQlyo8NMZZZHmmqLcVi8HNvxRq2ABT_wceHiURPpTNkj76zAIVDf-T8YgsgKfXFJf40Qlp_jIdPJzjgoxk4zPT2Drg9JctDzPwPSEE2WyZk5zDoWLk8g3emIdKc3gbBPqKM0LRHWcgdXsD_609ZLkBI-MIZmGB1otyIpr6Nzh37K3EkHao6ZMhmQLEXPwEHvpI0_uR-t2fGyJojf-0EzJkydy3Q5aF42BqMYiDGjUsaNe1GMUceUXhAfq9n7SMdqIil4WT8OVHV1AK6IGSOURIUR_oPCQNUYZBozFGUfg-EFEpm9ZXY3MPGkyHvf-W-S-pSyLkB-mUZXVSpn6SQycaneg-m6nX5FdTZBePdLwV5A3K7KA21mNzdBOg48tEKiq_39Fg0AV9fyKlo7Dj135mCEY0ppIYln2SdF8awgvb-xRXyPAcA3jYl3DdH15tEc6QoF_jf6g-N_ybkXUaB6srYP8yp_597Wl_J6RMbXzdX45nrCmZ2GGAMWGttZtb9yozydyE8J--be9sSmk1H9MrvIMUemSDKWMfZOx8hBLQe9nW7EH_JahrLQmL2v2qzxMLmTgi5Ua64NhoBORmdF_KB7vq2yuFNiBt0kJpEEp-jYMd9xk4a1lflwEsVt8o5W1a5jLOCzwZJKZC52hl5wRgEisa8rApaJGfwIFg0GybDUmF7OagcGKKGSo6Ppwy2kgoi2_b9ZwRbCpZdXppInERH-YJXPFvurNlX-BIs4RyOtNa6MLw-unhnta2lBhWcW9-KVNri6QAuKCnD9Nc61dTmw0mWRPDRHEoa6bFIb1h7q98WIh5gG6DzRUWW44T4MoHs_abVn0OvcrDgxO5Q3MOsync9YSI2EQjbGzFS5UG7Y8ALGpCowhty6nALemSIyF91YrkSIHdWxF_0kUuU7ODwZmQDxedaJ9U1qc1PO_OdXP3N3oOjNzP5u5kAbk9tCCf6jLojNdfpwRKxp5KdVw-kFVFfFwOpUT6Evq7VwY7GJfDWgeVo7qQkwsIBpj2xPvbrlB8R5Uwmbt_H567xn_x9VDBT7u3SRcdwaD-atl0s6jPeksrbBiuf3G4Uzea61r8F85yE8BDBk8hJQFNsHaJcq1sGn2s-5rB6d2TjHjruRrWR8GxInzd09Jc4OMXD2lxz9tJCHpPm5M-_WucxRGEKSfJHeaxmrYjPTgpHLEvam3Wl2xFqKCrM5EbtbzNa8_7gHuc675yvC0syn_u0aZcx-1duzZ9XsWWy_8ZgKrn8Y4ofuhaW0ppNvwGe2mArBvy41lSYeqvj8E25n6Ui00THdZ0-ywKKpqh4peYrTAEFdMdkKhGMCfGXCB72WHNxYb7AypdRD9UjlbB1IgL5khU-qCG6GioOBmuPzjeJhRnQqC_S1zJqPU0KarCGyD_5pQDGpMgH66uG7jBrWxgFKZvkbkVmuPvEB5mrXKgVOxcFyjx-_id4Ol7LeK6P2ffWrTHAYVow0IgDbEBQbl-52wVnTcM6ZCrBWceAGxmcy9XN_eG3_jVQVTe6U7n49l6u"}
formSubmissionId = BRGV7DL8P-1767593074497
fullURL = https://www-dev.broadridge.com/press-release/2012/matrix-enhances-retiretoolkit-offering
page comparison URL = https://www-dev.broadridge.com/press-release/2012/matrix-enhances-retiretoolkit-offering
................Header Contact Us Form Filled...................
V2 ContactUs form NOT found on the bottom
V2 Download form NOT found on the bottom
no cookie button
header ContactUs button found = true
emailTimeStamp = automated_TESTTEST_2026-01-05_06_05_12@broadridge.com
📤 Form payload = {"formSubmissionId":"","elqFormName":"","elqSiteID":"","datalayerheader":"","contact":"","formgtm":"","elqCustomerGUID":"","elqCookieWrite":"","segment":"consumer-finance","name_first":"First_87528_TESTTEST","name_last":"Last_87528_TESTTEST","email_work":"automated_TESTTEST_2026-01-05_06_05_12@broadridge.com","phone_business":"999-999-9999","job_title":"Job_87528_TESTTEST","Company":"Company_87528_TESTTEST","country":"United States","comment":"This is an automated test submission. Please ignore.","id":"","so":"","di":"","ct":"","ep":"","ot":"","mt":"","yr":"","rg":"","on":"","sub-source":"","campaignMostRecentID":"","content-id":"","orig-channel":"","campaign-name":"","campaignMostRecentName":"","campaignMostRecentSource":"","campaignMostRecentMedium":"","campaignMostRecentContent":"","campaignMostRecentTerm":"","campaignMostRecentContentID":"","campaignMostRecentSubSource":"","Persistent_utm_medium":"","Persistent_utm_source":"","Persistent_utm_term":"","Persistent_utm_campaign":"","Persistent_Sub_Source":"","Persistent_Content_ID":"","Persistent_Campaign_ID":"","Persistent_utm_content":"","Session_utm_medium":"","Session_utm_source":"","Session_utm_term":"","Session_utm_campaign":"","Session_Sub_Source":"","Session_Content_ID":"","Session_Campaign_ID":"701RN00000RbnVLYAZ","Session_utm_content":"","inquiry":"","fullURL":"https://www-dev.broadridge.com/podcast/reimagining-communications-with-matt-swain","page_id":"62905","page_campaign_id":"0","ecid":"","elqCampaignId":"","Formmodel":"flyout","Pagetype":"","g-recaptcha-response":"0cAFcWeA5Gg343BLYMSrpwLOiBUA924J13UoLBuv_YJ8nKGgrIjWgAFBxMMGDAy9vy2C_I5SYiEAsr0OhhSNgBN-0lrtq1EeBRRT874fExnpWP0ghFxjQhaBqbYCSTM7JVei5WodDeWcL_1VhQke7b4zcT1LJSuEd54w7y-gPmwCsMsH7ZzxXCZwH15MuRke3n6xU4Ca9EiAWJc0JHyDCZLC7BzptUqYA6JUTP-FnPXewIOfvP0HNnlnv1CbZ_7T0ptYAecNkyqB-v91aHgSLAKDG_JXldhFzVxcKoMl4EiWd3yWJ-VryhyDhCQ3fHKfuMXvd2NdQGbhYImBtxIMGHdVGe72jgOya48q2s9nCGTrdK5s1S4j-mp52rc8EbQMllsaEJsFrUivXNSDxhNx-RsSFLguoIV4DPCp6GjWPm3CtUXvp18Q7MdIfTuCacD7O1GygyUA_8Pz7VMkiEeslFqjU8ZQPcMZqN_BDg7jdag-Hbgi2In8Kuyw9hU8XhYYu0VRfl_CZrem_BW4EYB2r5ZudAZguzzd_z5fDuWJJVITsJoJEXrz0xB-jpV5ImSJKpFbzbYfVxUuhRx_jUlJppXL9I-rkRKvHkXOXRyhBcBfQlIPrngS-0f7f_J2tmNISXAn9mwquhiCkn_hRDlXTtWWjizzp5aPOxHsQqvAR3hUcOpRQqRCFYqngSWBPuHk7GbrCCS1_ZbFHstS1KV_j6tsjAqDBH82s7wfwUmSxrhokV5nLpSslIqPefjZaJs3FEMylpSF-RJF9VIas3JAZZ6PUEUeF-DpKvGGVy1tfpDKl47hkaQkh4pE5oxeMyyr7RZQ4BA8Xr34cnY5R-MAwc55eA6tJtX7CIT--MqbGZ_TkGMIrLPWm2FkEdnbYtD0ij0KBmSEJz5tMdsrT9R45ismfDdCW1W_9f2Xi-F5a08JMbaBak-D14BZaPNSi-Ypv2UIpNg-pB9Qk8Dcct-zFc9epPrOx0rgt2te61Ob_ksd9xSCNtvQ2p83yz9FLCPJECpx_6aVg2ybKN1wt5Kw83HXW8JZoLBNmQPx18SxTdkCQUTT0c8R5z_WqM8mpMWhwvW9F4Km1NSKOgpZOy2KYA9bSZGeGh2DFRokNrLO9KeDLlHszbIAcBQZcuerXXgtEeaDmM1yGhCAbmq94mswMbjwi8qeXr4PB7_Ce2uUBA3XlZcDxrMsXGqNoy1IvUYn0oap5XTyxtoSUzOhKcsSURawbIsBzIcaewzm0n1_EiguGD-ZByvse1Zh9irLmn7r94Nih1PUlcEyZbeAP7NEqI8r4rvqBSsB39Sv9OMjQiG7DbWoNblhqt7zccCwISMs35yqF12D4Fd6683pX1VAIzZbXQ8JLMHDU6_OnwNDgrmbWs1ii5Hx0bQqtyM54lNOV_5mNKdsdi8mgW5b0elviAakiB2IJoQ8fR5x1i498PgRWroTQlo9phKElhrs9lRjGxTymveKqmRiWKYxjmEO4nGjvqA3NhpdvBwuB3Exi_gDOvYwy7jPHg4sDl9zp7ut9PqruNQqGiVAv4-tXuDeiNxUlXHiyD1fyVxyBrKwF2e6gcdiUCsvMPWQgyyM3VptHjdi1hCXWuimzrJ8l0Nhnk-AUj0HwoWX2L6uXYXUb35iNKHff5MCyM7Ao"}
form message = Something went wrong with our form submission. Please try again.
formpayload for validation = {"formSubmissionId":"","elqFormName":"","elqSiteID":"","datalayerheader":"","contact":"","formgtm":"","elqCustomerGUID":"","elqCookieWrite":"","segment":"consumer-finance","name_first":"First_87528_TESTTEST","name_last":"Last_87528_TESTTEST","email_work":"automated_TESTTEST_2026-01-05_06_05_12@broadridge.com","phone_business":"999-999-9999","job_title":"Job_87528_TESTTEST","Company":"Company_87528_TESTTEST","country":"United States","comment":"This is an automated test submission. Please ignore.","id":"","so":"","di":"","ct":"","ep":"","ot":"","mt":"","yr":"","rg":"","on":"","sub-source":"","campaignMostRecentID":"","content-id":"","orig-channel":"","campaign-name":"","campaignMostRecentName":"","campaignMostRecentSource":"","campaignMostRecentMedium":"","campaignMostRecentContent":"","campaignMostRecentTerm":"","campaignMostRecentContentID":"","campaignMostRecentSubSource":"","Persistent_utm_medium":"","Persistent_utm_source":"","Persistent_utm_term":"","Persistent_utm_campaign":"","Persistent_Sub_Source":"","Persistent_Content_ID":"","Persistent_Campaign_ID":"","Persistent_utm_content":"","Session_utm_medium":"","Session_utm_source":"","Session_utm_term":"","Session_utm_campaign":"","Session_Sub_Source":"","Session_Content_ID":"","Session_Campaign_ID":"701RN00000RbnVLYAZ","Session_utm_content":"","inquiry":"","fullURL":"https://www-dev.broadridge.com/podcast/reimagining-communications-with-matt-swain","page_id":"62905","page_campaign_id":"0","ecid":"","elqCampaignId":"","Formmodel":"flyout","Pagetype":"","g-recaptcha-response":"0cAFcWeA5Gg343BLYMSrpwLOiBUA924J13UoLBuv_YJ8nKGgrIjWgAFBxMMGDAy9vy2C_I5SYiEAsr0OhhSNgBN-0lrtq1EeBRRT874fExnpWP0ghFxjQhaBqbYCSTM7JVei5WodDeWcL_1VhQke7b4zcT1LJSuEd54w7y-gPmwCsMsH7ZzxXCZwH15MuRke3n6xU4Ca9EiAWJc0JHyDCZLC7BzptUqYA6JUTP-FnPXewIOfvP0HNnlnv1CbZ_7T0ptYAecNkyqB-v91aHgSLAKDG_JXldhFzVxcKoMl4EiWd3yWJ-VryhyDhCQ3fHKfuMXvd2NdQGbhYImBtxIMGHdVGe72jgOya48q2s9nCGTrdK5s1S4j-mp52rc8EbQMllsaEJsFrUivXNSDxhNx-RsSFLguoIV4DPCp6GjWPm3CtUXvp18Q7MdIfTuCacD7O1GygyUA_8Pz7VMkiEeslFqjU8ZQPcMZqN_BDg7jdag-Hbgi2In8Kuyw9hU8XhYYu0VRfl_CZrem_BW4EYB2r5ZudAZguzzd_z5fDuWJJVITsJoJEXrz0xB-jpV5ImSJKpFbzbYfVxUuhRx_jUlJppXL9I-rkRKvHkXOXRyhBcBfQlIPrngS-0f7f_J2tmNISXAn9mwquhiCkn_hRDlXTtWWjizzp5aPOxHsQqvAR3hUcOpRQqRCFYqngSWBPuHk7GbrCCS1_ZbFHstS1KV_j6tsjAqDBH82s7wfwUmSxrhokV5nLpSslIqPefjZaJs3FEMylpSF-RJF9VIas3JAZZ6PUEUeF-DpKvGGVy1tfpDKl47hkaQkh4pE5oxeMyyr7RZQ4BA8Xr34cnY5R-MAwc55eA6tJtX7CIT--MqbGZ_TkGMIrLPWm2FkEdnbYtD0ij0KBmSEJz5tMdsrT9R45ismfDdCW1W_9f2Xi-F5a08JMbaBak-D14BZaPNSi-Ypv2UIpNg-pB9Qk8Dcct-zFc9epPrOx0rgt2te61Ob_ksd9xSCNtvQ2p83yz9FLCPJECpx_6aVg2ybKN1wt5Kw83HXW8JZoLBNmQPx18SxTdkCQUTT0c8R5z_WqM8mpMWhwvW9F4Km1NSKOgpZOy2KYA9bSZGeGh2DFRokNrLO9KeDLlHszbIAcBQZcuerXXgtEeaDmM1yGhCAbmq94mswMbjwi8qeXr4PB7_Ce2uUBA3XlZcDxrMsXGqNoy1IvUYn0oap5XTyxtoSUzOhKcsSURawbIsBzIcaewzm0n1_EiguGD-ZByvse1Zh9irLmn7r94Nih1PUlcEyZbeAP7NEqI8r4rvqBSsB39Sv9OMjQiG7DbWoNblhqt7zccCwISMs35yqF12D4Fd6683pX1VAIzZbXQ8JLMHDU6_OnwNDgrmbWs1ii5Hx0bQqtyM54lNOV_5mNKdsdi8mgW5b0elviAakiB2IJoQ8fR5x1i498PgRWroTQlo9phKElhrs9lRjGxTymveKqmRiWKYxjmEO4nGjvqA3NhpdvBwuB3Exi_gDOvYwy7jPHg4sDl9zp7ut9PqruNQqGiVAv4-tXuDeiNxUlXHiyD1fyVxyBrKwF2e6gcdiUCsvMPWQgyyM3VptHjdi1hCXWuimzrJ8l0Nhnk-AUj0HwoWX2L6uXYXUb35iNKHff5MCyM7Ao"}
formSubmissionId = 
fullURL = https://www-dev.broadridge.com/podcast/reimagining-communications-with-matt-swain
[...]
form message = Thank you for your interest in Broadridge.
A representative will contact you within 24 business hours.
formpayload for validation = {"formSubmissionId":"BR9MXS0T8-1767593421578","elqFormName":"","elqSiteID":"","datalayerheader":"","contact":"","formgtm":"","elqCustomerGUID":"","elqCookieWrite":"","segment":"","name_first":"First_87528_TESTTEST","name_last":"Last_87528_TESTTEST","email_work":"automated_TESTTEST_2026-01-05_06_10_18@broadridge.com","phone_business":"999-999-9999","job_title":"Job_87528_TESTTEST","Company":"Company_87528_TESTTEST","country":"United States","comment":"This is an automated test submission.  Please ignore.","id":"","so":"","di":"","ct":"","ep":"","ot":"","mt":"","yr":"","rg":"","on":"","sub-source":"","campaignMostRecentID":"","content-id":"","orig-channel":"","campaign-name":"","campaignMostRecentName":"","campaignMostRecentSource":"","campaignMostRecentMedium":"","campaignMostRecentContent":"","campaignMostRecentTerm":"","campaignMostRecentContentID":"","campaignMostRecentSubSource":"","Persistent_utm_medium":"","Persistent_utm_source":"","Persistent_utm_term":"","Persistent_utm_campaign":"","Persistent_Sub_Source":"","Persistent_Content_ID":"","Persistent_Campaign_ID":"","Persistent_utm_content":"","Session_utm_medium":"","Session_utm_source":"","Session_utm_term":"","Session_utm_campaign":"","Session_Sub_Source":"","Session_Content_ID":"","Session_Campaign_ID":"701RN00000RbnVLYAZ","Session_utm_content":"","inquiry":"Gen Enq","fullURL":"https://www-dev.broadridge.com/legal/broadridge-uk-tax-strategy","page_id":"180366","page_campaign_id":"","ecid":"","elqCampaignId":"","Formmodel":"flyout","Pagetype":"Insights Article","g-recaptcha-response":"0cAFcWeA5mK7BoM_Eek7kKJ-jGhG9XGmPtK_Ns0v7mxHmVKKPEyu3_PjAJ4EBF9omXyCdP_-9K9PQwm849rWBsFJeJQsMcwDYxt-SWzHm44laKwLUtRZt-Fy9T4EHP8uidLxR9Vebj9PqemEYQhsXW2KhrFF3ogZAdgkJBnoT64qwC0-sXwR59GCDg0N9Lt006QGj6CLl5IjoAZxxsZJL7BPcAeaQYa-jQ8FkHFGJYZOMzUUtOFeg_b4yNuj9-AJQxa7ZfUkKWRM33gtmZcQAD2bLwJoJ-LM1wX8blC3N0Zqf8vlQ4sDQm-UZVDWgt-asDpD3k9VJysqRArrsyfV27bxmZInGTSvVcOjStaPSamwIbVoB5NRjxw0ZtMN-doAXJQyF2_AXDz6GNICXscfRs7k9JlCkcGNNUPDalYJ-wxF4nIkZ0uYGXn5uAuXwqVaLUIwlVPTZux5bgwA-3knwfzjSTZ14wwcdfoyItnv3vpcqzl4SHmTR-0wWnz44kk_LCTIxyGQO_2IGwJyjGeDlhwsOyhPoxEKhs6afgN0LvVSWfK0-W2Mpap5q37i7VC40gSYoF0HgUIGp2JE-twhMttGlMINn9csXbo0APvEtegi8KUtQ_8VsKAy-6V9i__dgAYA5VkxxgaTLPkRU6VpV85YEPKXF_3yfMapzSckmhA0nHJajBNuw2W08lWp3Rkv6FDIhY_QoQY6-ELqFsZRPeZqTl7Q6RIiZ9Izplr3_jy0uct6O671d2tFYK722JBs-A7pL9YHUJ0xBPc2pNeV30NPo6kb2Nv7Ua1Bcr3F6b4kZmOjSPI_HqUOjS7fc3nXLOyh8kx9eHMVOWXtUMmVozCd5qD0mllfbmhJrQmRQgCPeTZ1mbwYJ3lxOFCHRDq4rzrTSBEb2E291-ZT7HIOeYWeiVVtkYlS8Z2_bSjwWRdaT72HZUm477QPrzI1Hb0H2Jx8ZpV16UjjN98mnqAEVO7vZLXGw3JApmzq3HXy1IaTT3MXZKSDlcrb0PjEwjsitt3CpQVNgQxVr7WFuNEjEMzRryNh1Qgkm2sUeqctnaIyyxzfSjKVPu9ys3dZ-zydFmxd3CuNWkrbsOIgS3xR78cnrLSht-BR3YXmdLQTLCBeNKJqIOl5J0ECxsDQ_gIFEkWYPrdsiNSdJx2kgkmaN5DKFxWNp-LKPWgvpw3nW-JdhDEakMQACnxT_WBpndWl8Uk6RA-jj1dXrT3nTw0yocQJ8G91lsLvnjPsdf1l44hFz4J4ioIo6WA7urwNA32flCDF445ugOfLxc5UVGFyEVXA0gPKzTrtep8ZKluTEzPF92DfQq3aapC3OJLCQgW2UTTl4UNoG3PGlclkkX6mR_4iKy6g0N7s5HeLts2pe2gH02wwMTo0VX0mm1GTPyC0OiYHwewd6u1POUdf5ERs4U2QqmOMAJsuf3oxkGpSfTaLDdU81bcUiPk9WtXJoTPbR87XA3ZH6ezoQa06dxYrr1qadSpy-oG4eoPlOfMFm4RiT_amxgWN_Yas-TkyMxYB5j5NfqpiHEaPd60p0VcDqkKzeCqU5oYOCWv3QuqgjNKXUIFJ42GKD5fNEdNybEf37yc9xZyzLgbchpYFXwTQN4ZoN7711olj6ulUMesYTmUNX88S1vwKUDWvV90zjm-1P-uIwJNRFqXQ1t"}
formSubmissionId = BR9MXS0T8-1767593421578
fullURL = https://www-dev.broadridge.com/legal/broadridge-uk-tax-strategy
page comparison URL = https://www-dev.broadridge.com/legal/broadridge-uk-tax-strategy
................Header Contact Us Form Filled...................
V2 ContactUs form NOT found on the bottom
V2 Download form NOT found on the bottom
no cookie button
header ContactUs button found = true
emailTimeStamp = automated_TESTTEST_2026-01-05_06_10_59@broadridge.com
📤 Form payload = {"formSubmissionId":"BRT4CXJ1P-1767593462904","elqFormName":"","elqSiteID":"","datalayerheader":"","contact":"","formgtm":"","elqCustomerGUID":"","elqCookieWrite":"","segment":"","name_first":"First_87528_TESTTEST","name_last":"Last_87528_TESTTEST","email_work":"automated_TESTTEST_2026-01-05_06_10_59@broadridge.com","phone_business":"999-999-9999","job_title":"Job_87528_TESTTEST","Company":"Company_87528_TESTTEST","country":"United States","comment":"This is an automated test submission.  Please ignore.","id":"","so":"","di":"","ct":"","ep":"","ot":"","mt":"","yr":"","rg":"","on":"","sub-source":"","campaignMostRecentID":"","content-id":"","orig-channel":"","campaign-name":"","campaignMostRecentName":"","campaignMostRecentSource":"","campaignMostRecentMedium":"","campaignMostRecentContent":"","campaignMostRecentTerm":"","campaignMostRecentContentID":"","campaignMostRecentSubSource":"","Persistent_utm_medium":"","Persistent_utm_source":"","Persistent_utm_term":"","Persistent_utm_campaign":"","Persistent_Sub_Source":"","Persistent_Content_ID":"","Persistent_Campaign_ID":"","Persistent_utm_content":"","Session_utm_medium":"","Session_utm_source":"","Session_utm_term":"","Session_utm_campaign":"","Session_Sub_Source":"","Session_Content_ID":"","Session_Campaign_ID":"701RN00000RbnVLYAZ","Session_utm_content":"","inquiry":"Gen Enq","fullURL":"https://www-dev.broadridge.com/insight-pages/broadridge-insights","page_id":"182848","page_campaign_id":"","ecid":"","elqCampaignId":"","Formmodel":"flyout","Pagetype":"Insights Front","g-recaptcha-response":"0cAFcWeA4G1FZdG0dZ4-775eJ8qURO9VvUy2lJERcy8ufiqoUyl7Cn7TIUJid0H-vukdRCyxrviFHDfbYkJLClnF7FiR-jh21gwWugU4zX22R-DZeyEBNe6ABR2lMH0AuTlixDo-FrdTQ0WykJlg4HF35ziTk8YVa_xDudDoSsTwG0TW5mxykZCqokie6jnxZSuXd5oLMlhfsgQr79i_Uv6arvNdGv1dG3x66eMaKASU-dWt719OsCPo1iVAULSRzK-7lA-FexuEkt-kfgXtArxzbAjhw-g6Bn8MluKeCOXOPiPHfdeVNODIl3xZMdSY6urrKqbOYA6yxlFmzO7Vpgrh19G2YXkhffLdge1sTsL27PhaZzgI_12yuLL-QEFQcfaA6oCt4BJNyz-6GWtJa0Z6RaTv4IIlI1hNCl1M6oH1Gyj0nmtxqXJ1UVn2FYxRyvcbwUwVMxu0TwdNPGtGVETg3m5_Kv3qNrLg-fWCTRyR7ffW7dssjgx8gPsMFDPxZhezRfnkdbVaZBuqLPeLpa98r-sur5M9Jsxqaew6XCrgnR5_SBKIU4HBwwDLrCZ2Rkte_wb2hdeDz_mQQoHqbzkQb3tLv1bYkgxU5Wy5uHGmzPl6wdKOAlCOr5SWLa6hT8LS85RWmiwwGcY5plu0ZNNll0phJ_7VBZ3-KYSis9is-CIoiZKfSl0x4XVrdu8KojZaSlDyYPTGqT2kLFeJGewKSqT45Q4IgflKxt7hpM7g9UZ3eJNLPumg36Jd-PHFnqh2sKOeGbnyfH7_-hTZWeoRCVrYzm9MTvomdxQxQeLxiQQUAA_Tq3z_QhbXZOVH4pm0yA8xEpy4z6w9yhDMx1KXeLFfPkiZFEswn09JkjF-DNRW3Ykuc8uk9DGNrrNA6KFYZI2_-bEF3vV3F8QfFKEcl1VLvo9kP-fXfzWFwtI-TTRSWjCc2v3O-poEn-rzQk0j23f7jrjBHAZ1QwcrIoJ_tsFCtRd11i-j7658OAdmQRnx-4O0osHVowuF3JIKfhpHeseAPwXLS37CIq6FeO2GHdH8cnas8fEh4vjRRUl9-LVp65BbnuIFZqfTEPQAguQwTjQPfdl_VJzTrYfPTHgheKWxtjjt_yJvzYsphKWxeUZjA5EYXIE7BidveUxULetpjKcb-jzbh0A3SVunkFnQikXXhxLe3wRqtN2jLJXhEaviI_VIy6_ETkKYvGgZG95XEtjWEUwWsW38zxiIiRtmja7qu02PVLwz0ShGgwDZSldep7KTDjqpx5J3tTINA9SWTxhzobJlybCxmcMLop4-pFLRIZOeK0tNcO5Bdztsr6EkcDZENM9PQojuzZB9bQ5FVp4AVsc8wJ_XI-YlO-AVqb3VjA2m-OoRgyBiAzzGImPwomyi9QYKRBJ8AzG4RlJq5IwPXyBfoy8-f8DR5s10Vm8aiTon3kjvyLxhEDr1EWtt69t2rbo87sVOEAMzV4XypMSEOXRkQaIy-04hEulWnEqYIo1MtHwIl2A0eP_DNu8UJvibVj1IE_7don0H2NCbxlAtWShF4P_Pcvr4bo9rmayMe8XH00kFkfr9VjNazTAs1GtyPkZxUkgfDhJFzRMQfyk4e9vIax4xM86INb0Ddqfkf-XcaeE5uluGLdlYRLsNNuGHQkUI_Zg-bcsXaPnPshIogEZAE74i3L0VKqm_EKeqj3YqL-pV8eDNmvb70UFTfOuqGGJzyNaoXD5NCkewTd_GNeIaDvdS_r9PPy7QdrlUC9ZaF8vA"}
form message = Thank you for your interest in Broadridge.
A representative will contact you within 24 business hours.
formpayload for validation = {"formSubmissionId":"BRT4CXJ1P-1767593462904","elqFormName":"","elqSiteID":"","datalayerheader":"","contact":"","formgtm":"","elqCustomerGUID":"","elqCookieWrite":"","segment":"","name_first":"First_87528_TESTTEST","name_last":"Last_87528_TESTTEST","email_work":"automated_TESTTEST_2026-01-05_06_10_59@broadridge.com","phone_business":"999-999-9999","job_title":"Job_87528_TESTTEST","Company":"Company_87528_TESTTEST","country":"United States","comment":"This is an automated test submission.  Please ignore.","id":"","so":"","di":"","ct":"","ep":"","ot":"","mt":"","yr":"","rg":"","on":"","sub-source":"","campaignMostRecentID":"","content-id":"","orig-channel":"","campaign-name":"","campaignMostRecentName":"","campaignMostRecentSource":"","campaignMostRecentMedium":"","campaignMostRecentContent":"","campaignMostRecentTerm":"","campaignMostRecentContentID":"","campaignMostRecentSubSource":"","Persistent_utm_medium":"","Persistent_utm_source":"","Persistent_utm_term":"","Persistent_utm_campaign":"","Persistent_Sub_Source":"","Persistent_Content_ID":"","Persistent_Campaign_ID":"","Persistent_utm_content":"","Session_utm_medium":"","Session_utm_source":"","Session_utm_term":"","Session_utm_campaign":"","Session_Sub_Source":"","Session_Content_ID":"","Session_Campaign_ID":"701RN00000RbnVLYAZ","Session_utm_content":"","inquiry":"Gen Enq","fullURL":"https://www-dev.broadridge.com/insight-pages/broadridge-insights","page_id":"182848","page_campaign_id":"","ecid":"","elqCampaignId":"","Formmodel":"flyout","Pagetype":"Insights Front","g-recaptcha-response":"0cAFcWeA4G1FZdG0dZ4-775eJ8qURO9VvUy2lJERcy8ufiqoUyl7Cn7TIUJid0H-vukdRCyxrviFHDfbYkJLClnF7FiR-jh21gwWugU4zX22R-DZeyEBNe6ABR2lMH0AuTlixDo-FrdTQ0WykJlg4HF35ziTk8YVa_xDudDoSsTwG0TW5mxykZCqokie6jnxZSuXd5oLMlhfsgQr79i_Uv6arvNdGv1dG3x66eMaKASU-dWt719OsCPo1iVAULSRzK-7lA-FexuEkt-kfgXtArxzbAjhw-g6Bn8MluKeCOXOPiPHfdeVNODIl3xZMdSY6urrKqbOYA6yxlFmzO7Vpgrh19G2YXkhffLdge1sTsL27PhaZzgI_12yuLL-QEFQcfaA6oCt4BJNyz-6GWtJa0Z6RaTv4IIlI1hNCl1M6oH1Gyj0nmtxqXJ1UVn2FYxRyvcbwUwVMxu0TwdNPGtGVETg3m5_Kv3qNrLg-fWCTRyR7ffW7dssjgx8gPsMFDPxZhezRfnkdbVaZBuqLPeLpa98r-sur5M9Jsxqaew6XCrgnR5_SBKIU4HBwwDLrCZ2Rkte_wb2hdeDz_mQQoHqbzkQb3tLv1bYkgxU5Wy5uHGmzPl6wdKOAlCOr5SWLa6hT8LS85RWmiwwGcY5plu0ZNNll0phJ_7VBZ3-KYSis9is-CIoiZKfSl0x4XVrdu8KojZaSlDyYPTGqT2kLFeJGewKSqT45Q4IgflKxt7hpM7g9UZ3eJNLPumg36Jd-PHFnqh2sKOeGbnyfH7_-hTZWeoRCVrYzm9MTvomdxQxQeLxiQQUAA_Tq3z_QhbXZOVH4pm0yA8xEpy4z6w9yhDMx1KXeLFfPkiZFEswn09JkjF-DNRW3Ykuc8uk9DGNrrNA6KFYZI2_-bEF3vV3F8QfFKEcl1VLvo9kP-fXfzWFwtI-TTRSWjCc2v3O-poEn-rzQk0j23f7jrjBHAZ1QwcrIoJ_tsFCtRd11i-j7658OAdmQRnx-4O0osHVowuF3JIKfhpHeseAPwXLS37CIq6FeO2GHdH8cnas8fEh4vjRRUl9-LVp65BbnuIFZqfTEPQAguQwTjQPfdl_VJzTrYfPTHgheKWxtjjt_yJvzYsphKWxeUZjA5EYXIE7BidveUxULetpjKcb-jzbh0A3SVunkFnQikXXhxLe3wRqtN2jLJXhEaviI_VIy6_ETkKYvGgZG95XEtjWEUwWsW38zxiIiRtmja7qu02PVLwz0ShGgwDZSldep7KTDjqpx5J3tTINA9SWTxhzobJlybCxmcMLop4-pFLRIZOeK0tNcO5Bdztsr6EkcDZENM9PQojuzZB9bQ5FVp4AVsc8wJ_XI-YlO-AVqb3VjA2m-OoRgyBiAzzGImPwomyi9QYKRBJ8AzG4RlJq5IwPXyBfoy8-f8DR5s10Vm8aiTon3kjvyLxhEDr1EWtt69t2rbo87sVOEAMzV4XypMSEOXRkQaIy-04hEulWnEqYIo1MtHwIl2A0eP_DNu8UJvibVj1IE_7don0H2NCbxlAtWShF4P_Pcvr4bo9rmayMe8XH00kFkfr9VjNazTAs1GtyPkZxUkgfDhJFzRMQfyk4e9vIax4xM86INb0Ddqfkf-XcaeE5uluGLdlYRLsNNuGHQkUI_Zg-bcsXaPnPshIogEZAE74i3L0VKqm_EKeqj3YqL-pV8eDNmvb70UFTfOuqGGJzyNaoXD5NCkewTd_GNeIaDvdS_r9PPy7QdrlUC9ZaF8vA"}
formSubmissionId = BRT4CXJ1P-1767593462904
fullURL = https://www-dev.broadridge.com/insight-pages/broadridge-insights
page comparison URL = https://www-dev.broadridge.com/webinar/webinar-program
..........!!!...Filling the form failed...!!!........
................Header Contact Us Form Filled...................
v2 ContactUs form found on the bottom = false
V2 ContactUs form NOT found on the bottom
V2 Download form NOT found on the bottom
no cookie button
header ContactUs button found = true
emailTimeStamp = automated_TESTTEST_2026-01-05_06_11_43@broadridge.com
📤 Form payload = {"formSubmissionId":"","elqFormName":"","elqSiteID":"","datalayerheader":"","contact":"","formgtm":"","elqCustomerGUID":"","elqCookieWrite":"","segment":"asset-management","name_first":"First_87528_TESTTEST","name_last":"Last_87528_TESTTEST","email_work":"automated_TESTTEST_2026-01-05_06_11_43@broadridge.com","phone_business":"999-999-9999","job_title":"Job_87528_TESTTEST","Company":"Company_87528_TESTTEST","country":"United States","comment":"This is an automated test submission. Please ignore.","id":"","so":"","di":"","ct":"","ep":"","ot":"","mt":"","yr":"","rg":"","on":"","sub-source":"","campaignMostRecentID":"","content-id":"","orig-channel":"","campaign-name":"","campaignMostRecentName":"","campaignMostRecentSource":"","campaignMostRecentMedium":"","campaignMostRecentContent":"","campaignMostRecentTerm":"","campaignMostRecentContentID":"","campaignMostRecentSubSource":"","Persistent_utm_medium":"","Persistent_utm_source":"","Persistent_utm_term":"","Persistent_utm_campaign":"","Persistent_Sub_Source":"","Persistent_Content_ID":"","Persistent_Campaign_ID":"","Persistent_utm_content":"","Session_utm_medium":"","Session_utm_source":"","Session_utm_term":"","Session_utm_campaign":"","Session_Sub_Source":"","Session_Content_ID":"","Session_Campaign_ID":"701RN00000RbnVLYAZ","Session_utm_content":"","inquiry":"","fullURL":"https://www-dev.broadridge.com/report/asset-management/tailored-shareholder-reports","page_id":"130411","page_campaign_id":"639ca36f01b0d5c80e77c6108137c4c5","ecid":"","elqCampaignId":"","Formmodel":"flyout","Pagetype":"","g-recaptcha-response":"0cAFcWeA4o-b7bWW71K5h8TA11M7BcsZifuFDOOk4k06QgxdmRm8j-l-Lak_wE6BbAwVACN_NMr9MOYHzKdkv8C1DlQCmb5so2FjAGafNa3BMpj9Tvs_M249CbIC5zgXs2vByItz4wVkcTqjKatGoXJRNMtqaBAyddxCajE9vOenaqJtpMJpDgnj8pxWh29pyFNR6_OwtMkSCgszrQmr9Yfk0__-9mqyL6-O2r3yl8meacsWdkPlayRtDVeTcCS5xMaQ8FAmr2NLsP_m8KqmnLEW4ugBYnV8aburrBu_NVn36VgtHv1FdkKUi3Q-Df38E6Z3qCX7G5QighXm3kMSxxROzRhIy3XZ_X7Xzk7CFHOOkyaAK1t_YBjRUCOKqY-N-h-EByAz86LBz_P6ZP9XK2mhvnMQV_ZiLhgytPcspnc7HR1UvzbqpBkA_ojkQUwji18v5qdz8CJIxMOyq_bq-kXoExQtbHosdnJ79sauEI783zHLcH8doHbQfIzPEsHtLeWiWdkvCYNiwlEi2ImKaYA-s15cqOoyELuKYH33k3vAfO7lVLL-hlyHHYMlRuHrIsTXaUfjO3hWrYDcrnvAt3zDFvPCaZG2GskWrRn3EXO83y75mP_RbWvdOGL62TEAZQSwwRIkk1WvCoMxd_jlnLngpYuHFrC_u-5I2H1nadnjVcTxxyD__G7qf-2AUOCwMADjzydTd44t-g43pD88-gtrpzKOpjFbomsKP0bxLN_jwocJAU-TGjODu64hpuUYinZpZV10Hhl6hXVeS3JcYHxbYGh6HwwkCxgYd4EeCpXg-LS84oFt7t7zDcfMTWEUzvbp2u378DPJGM6fUxSff6HtegsLfpxoUn17YNR99U4URFF7f14zgbaeA9GoEuBtg7IzGaYcK4yn47SLHnI88_hNAGut0P1r6gib5TC8_sDU-XYOiM18T1ehSOf6QVjMY3ydlFQ89R_xe5Qm8LsRxRP9phG765cvibaHy54lKWoybCvY3719poOKo3uJNBiaxgBCby03FIWrgSFXuAgN-kWyx8kupET6Os-0s5vnLnlqobTU8VhcVFfgyNr-Xy7ZTbkMBUD30tukunN8CQ1JcOUZTzegrAKr_QdCkSiPkiC7w3zvS2VpCGeAzT3ovrP4Bg0zmXx8bsGr0IiRRH4TwG6P5bjdKX_nGMro58NYXErHQrCl88fa1vOzbYhPoRS5fqnr32UNdivbtbNLF4laHzxvpAoJuQtwVexOYCIqVMvPZBphwOSEHxoa2RlWRLJkWhNuY7pMyChhdKenM25qz4B3xf5QvVi8EzJY-CkC2F57zHVwzpvY__hODEL43btpFrYrc_yE5baXgL7VQKAT3kFTacc6vTOIJKDduuDhQKQ2LsXb6Bl-nOhq1miipfjpcea-if25P5ubAHVLLLYufuyfJVh_xHS3vP8Cxytl18v0P8m6RANb14vJrdqQtpnFJvSvG0RkcjGVi2pUWCUy_WWEgFT5XBtdivW4gEE1USEQLDG-9CFutlMpg3HkQs12mabkQsqRRbtYKNMxXSLzl65Y0kZxqj0UY7RQ0fvsSIPZAu9hTxY0f6iHyBCZF5OmGqrutGXRYgbIGOa5py2I5k3GfWpFXAUhFppklfIbVh4u-KKoSY07Mq2oA"}
form message = Something went wrong with our form submission. Please try again.
formpayload for validation = {"formSubmissionId":"","elqFormName":"","elqSiteID":"","datalayerheader":"","contact":"","formgtm":"","elqCustomerGUID":"","elqCookieWrite":"","segment":"asset-management","name_first":"First_87528_TESTTEST","name_last":"Last_87528_TESTTEST","email_work":"automated_TESTTEST_2026-01-05_06_11_43@broadridge.com","phone_business":"999-999-9999","job_title":"Job_87528_TESTTEST","Company":"Company_87528_TESTTEST","country":"United States","comment":"This is an automated test submission. Please ignore.","id":"","so":"","di":"","ct":"","ep":"","ot":"","mt":"","yr":"","rg":"","on":"","sub-source":"","campaignMostRecentID":"","content-id":"","orig-channel":"","campaign-name":"","campaignMostRecentName":"","campaignMostRecentSource":"","campaignMostRecentMedium":"","campaignMostRecentContent":"","campaignMostRecentTerm":"","campaignMostRecentContentID":"","campaignMostRecentSubSource":"","Persistent_utm_medium":"","Persistent_utm_source":"","Persistent_utm_term":"","Persistent_utm_campaign":"","Persistent_Sub_Source":"","Persistent_Content_ID":"","Persistent_Campaign_ID":"","Persistent_utm_content":"","Session_utm_medium":"","Session_utm_source":"","Session_utm_term":"","Session_utm_campaign":"","Session_Sub_Source":"","Session_Content_ID":"","Session_Campaign_ID":"701RN00000RbnVLYAZ","Session_utm_content":"","inquiry":"","fullURL":"https://www-dev.broadridge.com/report/asset-management/tailored-shareholder-reports","page_id":"130411","page_campaign_id":"639ca36f01b0d5c80e77c6108137c4c5","ecid":"","elqCampaignId":"","Formmodel":"flyout","Pagetype":"","g-recaptcha-response":"0cAFcWeA4o-b7bWW71K5h8TA11M7BcsZifuFDOOk4k06QgxdmRm8j-l-Lak_wE6BbAwVACN_NMr9MOYHzKdkv8C1DlQCmb5so2FjAGafNa3BMpj9Tvs_M249CbIC5zgXs2vByItz4wVkcTqjKatGoXJRNMtqaBAyddxCajE9vOenaqJtpMJpDgnj8pxWh29pyFNR6_OwtMkSCgszrQmr9Yfk0__-9mqyL6-O2r3yl8meacsWdkPlayRtDVeTcCS5xMaQ8FAmr2NLsP_m8KqmnLEW4ugBYnV8aburrBu_NVn36VgtHv1FdkKUi3Q-Df38E6Z3qCX7G5QighXm3kMSxxROzRhIy3XZ_X7Xzk7CFHOOkyaAK1t_YBjRUCOKqY-N-h-EByAz86LBz_P6ZP9XK2mhvnMQV_ZiLhgytPcspnc7HR1UvzbqpBkA_ojkQUwji18v5qdz8CJIxMOyq_bq-kXoExQtbHosdnJ79sauEI783zHLcH8doHbQfIzPEsHtLeWiWdkvCYNiwlEi2ImKaYA-s15cqOoyELuKYH33k3vAfO7lVLL-hlyHHYMlRuHrIsTXaUfjO3hWrYDcrnvAt3zDFvPCaZG2GskWrRn3EXO83y75mP_RbWvdOGL62TEAZQSwwRIkk1WvCoMxd_jlnLngpYuHFrC_u-5I2H1nadnjVcTxxyD__G7qf-2AUOCwMADjzydTd44t-g43pD88-gtrpzKOpjFbomsKP0bxLN_jwocJAU-TGjODu64hpuUYinZpZV10Hhl6hXVeS3JcYHxbYGh6HwwkCxgYd4EeCpXg-LS84oFt7t7zDcfMTWEUzvbp2u378DPJGM6fUxSff6HtegsLfpxoUn17YNR99U4URFF7f14zgbaeA9GoEuBtg7IzGaYcK4yn47SLHnI88_hNAGut0P1r6gib5TC8_sDU-XYOiM18T1ehSOf6QVjMY3ydlFQ89R_xe5Qm8LsRxRP9phG765cvibaHy54lKWoybCvY3719poOKo3uJNBiaxgBCby03FIWrgSFXuAgN-kWyx8kupET6Os-0s5vnLnlqobTU8VhcVFfgyNr-Xy7ZTbkMBUD30tukunN8CQ1JcOUZTzegrAKr_QdCkSiPkiC7w3zvS2VpCGeAzT3ovrP4Bg0zmXx8bsGr0IiRRH4TwG6P5bjdKX_nGMro58NYXErHQrCl88fa1vOzbYhPoRS5fqnr32UNdivbtbNLF4laHzxvpAoJuQtwVexOYCIqVMvPZBphwOSEHxoa2RlWRLJkWhNuY7pMyChhdKenM25qz4B3xf5QvVi8EzJY-CkC2F57zHVwzpvY__hODEL43btpFrYrc_yE5baXgL7VQKAT3kFTacc6vTOIJKDduuDhQKQ2LsXb6Bl-nOhq1miipfjpcea-if25P5ubAHVLLLYufuyfJVh_xHS3vP8Cxytl18v0P8m6RANb14vJrdqQtpnFJvSvG0RkcjGVi2pUWCUy_WWEgFT5XBtdivW4gEE1USEQLDG-9CFutlMpg3HkQs12mabkQsqRRbtYKNMxXSLzl65Y0kZxqj0UY7RQ0fvsSIPZAu9hTxY0f6iHyBCZF5OmGqrutGXRYgbIGOa5py2I5k3GfWpFXAUhFppklfIbVh4u-KKoSY07Mq2oA"}
formSubmissionId = 
fullURL = https://www-dev.broadridge.com/report/asset-management/tailored-shareholder-reports
page comparison URL = https://www-dev.broadridge.com/report/asset-management/tailored-shareholder-reports
..........!!!...Filling the form failed...!!!........
................Header Contact Us Form Filled...................
V2 ContactUs form NOT found on the bottom
V2 Download form NOT found on the bottom
]]></system-out>
    <system-err><![CDATA[SLF4J(W): No SLF4J providers were found.
SLF4J(W): Defaulting to no-operation (NOP) logger implementation
SLF4J(W): See https://www.slf4j.org/codes.html#noProviders for further details.
Jan 05, 2026 5:58:18 AM org.openqa.selenium.devtools.CdpVersionFinder findNearestMatch
WARNING: Unable to find an exact match for CDP version 143, returning the closest version; found: 140; Please update to a Selenium version that supports CDP version 143
]]></system-err>
  </testcase>
</testsuite>