<?xml version="1.0" encoding="UTF-8"?>
<testsuite xmlns:xsi="http://www.w3.org/2001/XMLSchema-instance" xsi:noNamespaceSchemaLocation="https://maven.apache.org/surefire/maven-surefire-plugin/xsd/surefire-test-report-3.0.xsd" version="3.0" name="TestSuite" time="137.755" tests="10" errors="0" skipped="0" failures="9">
  <properties>
[...]
</properties>
  <testcase name="FormTester[https://broadridgedigital:broadridge1@www-dev.broadridge.com/2024-digital-transformation-study, https://www-dev.broadridge.com/2024-digital-transformation-study](1)" classname="com.broadridge.Tests" time="9.561">
    <failure message="You are using a no-op implementation of the CDP. The most likely reason for this is that Selenium was unable to find an implementation of the CDP protocol that matches your browser. Please be sure to include an implementation on the classpath, possibly by adding a new (maven) dependency of `org.seleniumhq.selenium:selenium-devtools-vNN:4.32.0` where `NN` matches the major version of the browser you&apos;re using.&#10;Build info: version: &apos;4.32.0&apos;, revision: &apos;d17c8aa950&apos;&#10;System info: os.name: &apos;Linux&apos;, os.arch: &apos;amd64&apos;, os.version: &apos;6.11.0-1018-azure&apos;, java.version: &apos;20.0.2&apos;&#10;Driver info: DevTools Connection" type="org.openqa.selenium.devtools.DevToolsException"><![CDATA[org.openqa.selenium.devtools.DevToolsException: 
You are using a no-op implementation of the CDP. The most likely reason for this is that Selenium was unable to find an implementation of the CDP protocol that matches your browser. Please be sure to include an implementation on the classpath, possibly by adding a new (maven) dependency of `org.seleniumhq.selenium:selenium-devtools-vNN:4.32.0` where `NN` matches the major version of the browser you're using.
Build info: version: '4.32.0', revision: 'd17c8aa950'
System info: os.name: 'Linux', os.arch: 'amd64', os.version: '6.11.0-1018-azure', java.version: '20.0.2'
Driver info: DevTools Connection
	at org.openqa.selenium.devtools.noop.NoOpDomains.target(NoOpDomains.java:60)
	at org.openqa.selenium.devtools.DevTools.findTarget(DevTools.java:199)
	at org.openqa.selenium.devtools.DevTools.createSession(DevTools.java:159)
	at org.openqa.selenium.devtools.DevTools.createSession(DevTools.java:145)
	at com.broadridge.utils.Driver.getDriver(Driver.java:67)
	at com.broadridge.Tests.FormTester(Tests.java:55)
	at java.base/jdk.internal.reflect.DirectMethodHandleAccessor.invoke(DirectMethodHandleAccessor.java:104)
	at java.base/java.lang.reflect.Method.invoke(Method.java:578)
	at org.testng.internal.invokers.MethodInvocationHelper.invokeMethod(MethodInvocationHelper.java:141)
	at org.testng.internal.invokers.TestInvoker.invokeMethod(TestInvoker.java:686)
	at org.testng.internal.invokers.TestInvoker.invokeTestMethod(TestInvoker.java:230)
	at org.testng.internal.invokers.MethodRunner.runInSequence(MethodRunner.java:63)
	at org.testng.internal.invokers.TestInvoker$MethodInvocationAgent.invoke(TestInvoker.java:992)
	at org.testng.internal.invokers.TestInvoker.invokeTestMethods(TestInvoker.java:203)
	at org.testng.internal.invokers.TestMethodWorker.invokeTestMethods(TestMethodWorker.java:154)
	at org.testng.internal.invokers.TestMethodWorker.run(TestMethodWorker.java:134)
	at java.base/java.util.ArrayList.forEach(ArrayList.java:1511)
	at org.testng.TestRunner.privateRun(TestRunner.java:739)
	at org.testng.TestRunner.run(TestRunner.java:614)
	at org.testng.SuiteRunner.runTest(SuiteRunner.java:421)
	at org.testng.SuiteRunner.runSequentially(SuiteRunner.java:413)
	at org.testng.SuiteRunner.privateRun(SuiteRunner.java:373)
	at org.testng.SuiteRunner.run(SuiteRunner.java:312)
	at org.testng.SuiteRunnerWorker.runSuite(SuiteRunnerWorker.java:52)
	at org.testng.SuiteRunnerWorker.run(SuiteRunnerWorker.java:95)
	at org.testng.TestNG.runSuitesSequentially(TestNG.java:1274)
	at org.testng.TestNG.runSuitesLocally(TestNG.java:1208)
	at org.testng.TestNG.runSuites(TestNG.java:1112)
	at org.testng.TestNG.run(TestNG.java:1079)
	at org.apache.maven.surefire.testng.TestNGExecutor.run(TestNGExecutor.java:155)
	at org.apache.maven.surefire.testng.TestNGDirectoryTestSuite.executeMulti(TestNGDirectoryTestSuite.java:169)
	at org.apache.maven.surefire.testng.TestNGDirectoryTestSuite.execute(TestNGDirectoryTestSuite.java:88)
	at org.apache.maven.surefire.testng.TestNGProvider.invoke(TestNGProvider.java:137)
	at org.apache.maven.surefire.booter.ForkedBooter.runSuitesInProcess(ForkedBooter.java:385)
	at org.apache.maven.surefire.booter.ForkedBooter.execute(ForkedBooter.java:162)
	at org.apache.maven.surefire.booter.ForkedBooter.run(ForkedBooter.java:507)
	at org.apache.maven.surefire.booter.ForkedBooter.main(ForkedBooter.java:495)
]]></failure>
    <system-out><![CDATA[-------------------------------TEST STARTED--------------------------------
page URL = https://broadridgedigital:broadridge1@www-dev.broadridge.com/2024-digital-transformation-study
]]></system-out>
    <system-err><![CDATA[SLF4J(W): No SLF4J providers were found.
SLF4J(W): Defaulting to no-operation (NOP) logger implementation
SLF4J(W): See https://www.slf4j.org/codes.html#noProviders for further details.
Dec 08, 2025 5:47:36 AM org.openqa.selenium.devtools.CdpVersionFinder findNearestMatch
WARNING: Unable to find CDP implementation matching 142
Dec 08, 2025 5:47:36 AM org.openqa.selenium.chromium.ChromiumDriver lambda$new$4
WARNING: Unable to find version of CDP to use for 142.0.7444.175. You may need to include a dependency on a specific version of the CDP using something similar to `org.seleniumhq.selenium:selenium-devtools-v86:4.32.0` where the version ("v86") matches the version of the chromium-based browser you're using and the version number of the artifact is the same as Selenium's.
]]></system-err>
  </testcase>
  <testcase name="FormTester[https://broadridgedigital:broadridge1@www-dev.broadridge.com/insight-pages/bpo-case-study, https://www-dev.broadridge.com/insight-pages/bpo-case-study](2)" classname="com.broadridge.Tests" time="16.798">
    <failure message="argument &quot;content&quot; is null" type="java.lang.IllegalArgumentException"><![CDATA[java.lang.IllegalArgumentException: argument "content" is null
	at com.fasterxml.jackson.databind.ObjectMapper._assertNotNull(ObjectMapper.java:5060)
	at com.fasterxml.jackson.databind.ObjectMapper.readTree(ObjectMapper.java:3278)
	at com.broadridge.utils.BrowserUtils.getJsonField(BrowserUtils.java:55)
	at com.broadridge.utils.BrowserUtils.headerContactUsFiller(BrowserUtils.java:116)
	at com.broadridge.Tests.FormTester(Tests.java:109)
	at java.base/jdk.internal.reflect.DirectMethodHandleAccessor.invoke(DirectMethodHandleAccessor.java:104)
	at java.base/java.lang.reflect.Method.invoke(Method.java:578)
	at org.testng.internal.invokers.MethodInvocationHelper.invokeMethod(MethodInvocationHelper.java:141)
	at org.testng.internal.invokers.TestInvoker.invokeMethod(TestInvoker.java:686)
	at org.testng.internal.invokers.TestInvoker.invokeTestMethod(TestInvoker.java:230)
	at org.testng.internal.invokers.MethodRunner.runInSequence(MethodRunner.java:63)
	at org.testng.internal.invokers.TestInvoker$MethodInvocationAgent.invoke(TestInvoker.java:992)
	at org.testng.internal.invokers.TestInvoker.invokeTestMethods(TestInvoker.java:203)
	at org.testng.internal.invokers.TestMethodWorker.invokeTestMethods(TestMethodWorker.java:154)
	at org.testng.internal.invokers.TestMethodWorker.run(TestMethodWorker.java:134)
	at java.base/java.util.ArrayList.forEach(ArrayList.java:1511)
	at org.testng.TestRunner.privateRun(TestRunner.java:739)
	at org.testng.TestRunner.run(TestRunner.java:614)
	at org.testng.SuiteRunner.runTest(SuiteRunner.java:421)
	at org.testng.SuiteRunner.runSequentially(SuiteRunner.java:413)
	at org.testng.SuiteRunner.privateRun(SuiteRunner.java:373)
	at org.testng.SuiteRunner.run(SuiteRunner.java:312)
	at org.testng.SuiteRunnerWorker.runSuite(SuiteRunnerWorker.java:52)
	at org.testng.SuiteRunnerWorker.run(SuiteRunnerWorker.java:95)
	at org.testng.TestNG.runSuitesSequentially(TestNG.java:1274)
	at org.testng.TestNG.runSuitesLocally(TestNG.java:1208)
	at org.testng.TestNG.runSuites(TestNG.java:1112)
	at org.testng.TestNG.run(TestNG.java:1079)
	at org.apache.maven.surefire.testng.TestNGExecutor.run(TestNGExecutor.java:155)
	at org.apache.maven.surefire.testng.TestNGDirectoryTestSuite.executeMulti(TestNGDirectoryTestSuite.java:169)
	at org.apache.maven.surefire.testng.TestNGDirectoryTestSuite.execute(TestNGDirectoryTestSuite.java:88)
	at org.apache.maven.surefire.testng.TestNGProvider.invoke(TestNGProvider.java:137)
	at org.apache.maven.surefire.booter.ForkedBooter.runSuitesInProcess(ForkedBooter.java:385)
	at org.apache.maven.surefire.booter.ForkedBooter.execute(ForkedBooter.java:162)
	at org.apache.maven.surefire.booter.ForkedBooter.run(ForkedBooter.java:507)
	at org.apache.maven.surefire.booter.ForkedBooter.main(ForkedBooter.java:495)
]]></failure>
    <system-out><![CDATA[page URL = https://broadridgedigital:broadridge1@www-dev.broadridge.com/insight-pages/bpo-case-study
current URL = https://broadridgedigital:broadridge1@www-dev.broadridge.com/insight-pages/bpo-case-study
header ContactUs button found = true
v1 ContactUs form found = true
v2 ContactUs form found = true
v2 download form not found
emailTimeStamp = automated_TESTTEST_2025-12-08_05_47_45@broadridge.com
................Header Contact Us Form Filled...................
form message = Something went wrong with our form submission. Please try again.
formpayload for validation = null
]]></system-out>
  </testcase>
  <testcase name="FormTester[https://broadridgedigital:broadridge1@www-dev.broadridge.com/article/asset-management/summary-of-latest-guidance-from-the-fca-on-consumer-duty-implementation, https://www-dev.broadridge.com/article/asset-management/summary-of-latest-guidance-from-the-fca-on-consumer-duty-implementation](3)" classname="com.broadridge.Tests" time="16.034">
    <failure message="argument &quot;content&quot; is null" type="java.lang.IllegalArgumentException"><![CDATA[java.lang.IllegalArgumentException: argument "content" is null
	at com.fasterxml.jackson.databind.ObjectMapper._assertNotNull(ObjectMapper.java:5060)
	at com.fasterxml.jackson.databind.ObjectMapper.readTree(ObjectMapper.java:3278)
	at com.broadridge.utils.BrowserUtils.getJsonField(BrowserUtils.java:55)
	at com.broadridge.utils.BrowserUtils.headerContactUsFiller(BrowserUtils.java:116)
	at com.broadridge.Tests.FormTester(Tests.java:112)
	at java.base/jdk.internal.reflect.DirectMethodHandleAccessor.invoke(DirectMethodHandleAccessor.java:104)
	at java.base/java.lang.reflect.Method.invoke(Method.java:578)
	at org.testng.internal.invokers.MethodInvocationHelper.invokeMethod(MethodInvocationHelper.java:141)
	at org.testng.internal.invokers.TestInvoker.invokeMethod(TestInvoker.java:686)
	at org.testng.internal.invokers.TestInvoker.invokeTestMethod(TestInvoker.java:230)
	at org.testng.internal.invokers.MethodRunner.runInSequence(MethodRunner.java:63)
	at org.testng.internal.invokers.TestInvoker$MethodInvocationAgent.invoke(TestInvoker.java:992)
	at org.testng.internal.invokers.TestInvoker.invokeTestMethods(TestInvoker.java:203)
	at org.testng.internal.invokers.TestMethodWorker.invokeTestMethods(TestMethodWorker.java:154)
	at org.testng.internal.invokers.TestMethodWorker.run(TestMethodWorker.java:134)
	at java.base/java.util.ArrayList.forEach(ArrayList.java:1511)
	at org.testng.TestRunner.privateRun(TestRunner.java:739)
	at org.testng.TestRunner.run(TestRunner.java:614)
	at org.testng.SuiteRunner.runTest(SuiteRunner.java:421)
	at org.testng.SuiteRunner.runSequentially(SuiteRunner.java:413)
	at org.testng.SuiteRunner.privateRun(SuiteRunner.java:373)
	at org.testng.SuiteRunner.run(SuiteRunner.java:312)
	at org.testng.SuiteRunnerWorker.runSuite(SuiteRunnerWorker.java:52)
	at org.testng.SuiteRunnerWorker.run(SuiteRunnerWorker.java:95)
	at org.testng.TestNG.runSuitesSequentially(TestNG.java:1274)
	at org.testng.TestNG.runSuitesLocally(TestNG.java:1208)
	at org.testng.TestNG.runSuites(TestNG.java:1112)
	at org.testng.TestNG.run(TestNG.java:1079)
	at org.apache.maven.surefire.testng.TestNGExecutor.run(TestNGExecutor.java:155)
	at org.apache.maven.surefire.testng.TestNGDirectoryTestSuite.executeMulti(TestNGDirectoryTestSuite.java:169)
	at org.apache.maven.surefire.testng.TestNGDirectoryTestSuite.execute(TestNGDirectoryTestSuite.java:88)
	at org.apache.maven.surefire.testng.TestNGProvider.invoke(TestNGProvider.java:137)
	at org.apache.maven.surefire.booter.ForkedBooter.runSuitesInProcess(ForkedBooter.java:385)
	at org.apache.maven.surefire.booter.ForkedBooter.execute(ForkedBooter.java:162)
	at org.apache.maven.surefire.booter.ForkedBooter.run(ForkedBooter.java:507)
	at org.apache.maven.surefire.booter.ForkedBooter.main(ForkedBooter.java:495)
]]></failure>
    <system-out><![CDATA[page URL = https://broadridgedigital:broadridge1@www-dev.broadridge.com/article/asset-management/summary-of-latest-guidance-from-the-fca-on-consumer-duty-implementation
current URL = https://broadridgedigital:broadridge1@www-dev.broadridge.com/article/asset-management/summary-of-latest-guidance-from-the-fca-on-consumer-duty-implementation
header ContactUs button found = true
v1 ContactUs form found = true
v2 ContactUs form not found
v2 download form not found
emailTimeStamp = automated_TESTTEST_2025-12-08_05_48_01@broadridge.com
................Header Contact Us Form Filled...................
form message = Something went wrong with our form submission. Please try again.
formpayload for validation = null
]]></system-out>
  </testcase>
  <testcase name="FormTester[https://broadridgedigital:broadridge1@www-dev.broadridge.com/insight-pages/governance-regulatory-change, https://www-dev.broadridge.com/insight-pages/governance-regulatory-change](4)" classname="com.broadridge.Tests" time="15.078">
    <failure message="argument &quot;content&quot; is null" type="java.lang.IllegalArgumentException"><![CDATA[java.lang.IllegalArgumentException: argument "content" is null
	at com.fasterxml.jackson.databind.ObjectMapper._assertNotNull(ObjectMapper.java:5060)
	at com.fasterxml.jackson.databind.ObjectMapper.readTree(ObjectMapper.java:3278)
	at com.broadridge.utils.BrowserUtils.getJsonField(BrowserUtils.java:55)
	at com.broadridge.utils.BrowserUtils.headerContactUsFiller(BrowserUtils.java:116)
	at com.broadridge.Tests.FormTester(Tests.java:109)
	at java.base/jdk.internal.reflect.DirectMethodHandleAccessor.invoke(DirectMethodHandleAccessor.java:104)
	at java.base/java.lang.reflect.Method.invoke(Method.java:578)
	at org.testng.internal.invokers.MethodInvocationHelper.invokeMethod(MethodInvocationHelper.java:141)
	at org.testng.internal.invokers.TestInvoker.invokeMethod(TestInvoker.java:686)
	at org.testng.internal.invokers.TestInvoker.invokeTestMethod(TestInvoker.java:230)
	at org.testng.internal.invokers.MethodRunner.runInSequence(MethodRunner.java:63)
	at org.testng.internal.invokers.TestInvoker$MethodInvocationAgent.invoke(TestInvoker.java:992)
	at org.testng.internal.invokers.TestInvoker.invokeTestMethods(TestInvoker.java:203)
	at org.testng.internal.invokers.TestMethodWorker.invokeTestMethods(TestMethodWorker.java:154)
	at org.testng.internal.invokers.TestMethodWorker.run(TestMethodWorker.java:134)
	at java.base/java.util.ArrayList.forEach(ArrayList.java:1511)
	at org.testng.TestRunner.privateRun(TestRunner.java:739)
	at org.testng.TestRunner.run(TestRunner.java:614)
	at org.testng.SuiteRunner.runTest(SuiteRunner.java:421)
	at org.testng.SuiteRunner.runSequentially(SuiteRunner.java:413)
	at org.testng.SuiteRunner.privateRun(SuiteRunner.java:373)
	at org.testng.SuiteRunner.run(SuiteRunner.java:312)
	at org.testng.SuiteRunnerWorker.runSuite(SuiteRunnerWorker.java:52)
	at org.testng.SuiteRunnerWorker.run(SuiteRunnerWorker.java:95)
	at org.testng.TestNG.runSuitesSequentially(TestNG.java:1274)
	at org.testng.TestNG.runSuitesLocally(TestNG.java:1208)
	at org.testng.TestNG.runSuites(TestNG.java:1112)
	at org.testng.TestNG.run(TestNG.java:1079)
	at org.apache.maven.surefire.testng.TestNGExecutor.run(TestNGExecutor.java:155)
	at org.apache.maven.surefire.testng.TestNGDirectoryTestSuite.executeMulti(TestNGDirectoryTestSuite.java:169)
	at org.apache.maven.surefire.testng.TestNGDirectoryTestSuite.execute(TestNGDirectoryTestSuite.java:88)
	at org.apache.maven.surefire.testng.TestNGProvider.invoke(TestNGProvider.java:137)
	at org.apache.maven.surefire.booter.ForkedBooter.runSuitesInProcess(ForkedBooter.java:385)
	at org.apache.maven.surefire.booter.ForkedBooter.execute(ForkedBooter.java:162)
	at org.apache.maven.surefire.booter.ForkedBooter.run(ForkedBooter.java:507)
	at org.apache.maven.surefire.booter.ForkedBooter.main(ForkedBooter.java:495)
]]></failure>
    <system-out><![CDATA[page URL = https://broadridgedigital:broadridge1@www-dev.broadridge.com/insight-pages/governance-regulatory-change
current URL = https://broadridgedigital:broadridge1@www-dev.broadridge.com/insight-pages/governance-regulatory-change
header ContactUs button found = true
v1 ContactUs form not found
v2 ContactUs form found = true
v2 download form not found
emailTimeStamp = automated_TESTTEST_2025-12-08_05_48_16@broadridge.com
................Header Contact Us Form Filled...................
form message = Something went wrong with our form submission. Please try again.
formpayload for validation = null
]]></system-out>
  </testcase>
  <testcase name="FormTester[https://broadridgedigital:broadridge1@www-dev.broadridge.com/campaign/all-in-the-family-active-etf, https://www-dev.broadridge.com/campaign/all-in-the-family-active-etf](5)" classname="com.broadridge.Tests" time="15.034">
    <failure message="argument &quot;content&quot; is null" type="java.lang.IllegalArgumentException"><![CDATA[java.lang.IllegalArgumentException: argument "content" is null
	at com.fasterxml.jackson.databind.ObjectMapper._assertNotNull(ObjectMapper.java:5060)
	at com.fasterxml.jackson.databind.ObjectMapper.readTree(ObjectMapper.java:3278)
	at com.broadridge.utils.BrowserUtils.getJsonField(BrowserUtils.java:55)
	at com.broadridge.utils.BrowserUtils.headerContactUsFiller(BrowserUtils.java:116)
	at com.broadridge.Tests.FormTester(Tests.java:115)
	at java.base/jdk.internal.reflect.DirectMethodHandleAccessor.invoke(DirectMethodHandleAccessor.java:104)
	at java.base/java.lang.reflect.Method.invoke(Method.java:578)
	at org.testng.internal.invokers.MethodInvocationHelper.invokeMethod(MethodInvocationHelper.java:141)
	at org.testng.internal.invokers.TestInvoker.invokeMethod(TestInvoker.java:686)
	at org.testng.internal.invokers.TestInvoker.invokeTestMethod(TestInvoker.java:230)
	at org.testng.internal.invokers.MethodRunner.runInSequence(MethodRunner.java:63)
	at org.testng.internal.invokers.TestInvoker$MethodInvocationAgent.invoke(TestInvoker.java:992)
	at org.testng.internal.invokers.TestInvoker.invokeTestMethods(TestInvoker.java:203)
	at org.testng.internal.invokers.TestMethodWorker.invokeTestMethods(TestMethodWorker.java:154)
	at org.testng.internal.invokers.TestMethodWorker.run(TestMethodWorker.java:134)
	at java.base/java.util.ArrayList.forEach(ArrayList.java:1511)
	at org.testng.TestRunner.privateRun(TestRunner.java:739)
	at org.testng.TestRunner.run(TestRunner.java:614)
	at org.testng.SuiteRunner.runTest(SuiteRunner.java:421)
	at org.testng.SuiteRunner.runSequentially(SuiteRunner.java:413)
	at org.testng.SuiteRunner.privateRun(SuiteRunner.java:373)
	at org.testng.SuiteRunner.run(SuiteRunner.java:312)
	at org.testng.SuiteRunnerWorker.runSuite(SuiteRunnerWorker.java:52)
	at org.testng.SuiteRunnerWorker.run(SuiteRunnerWorker.java:95)
	at org.testng.TestNG.runSuitesSequentially(TestNG.java:1274)
	at org.testng.TestNG.runSuitesLocally(TestNG.java:1208)
	at org.testng.TestNG.runSuites(TestNG.java:1112)
	at org.testng.TestNG.run(TestNG.java:1079)
	at org.apache.maven.surefire.testng.TestNGExecutor.run(TestNGExecutor.java:155)
	at org.apache.maven.surefire.testng.TestNGDirectoryTestSuite.executeMulti(TestNGDirectoryTestSuite.java:169)
	at org.apache.maven.surefire.testng.TestNGDirectoryTestSuite.execute(TestNGDirectoryTestSuite.java:88)
	at org.apache.maven.surefire.testng.TestNGProvider.invoke(TestNGProvider.java:137)
	at org.apache.maven.surefire.booter.ForkedBooter.runSuitesInProcess(ForkedBooter.java:385)
	at org.apache.maven.surefire.booter.ForkedBooter.execute(ForkedBooter.java:162)
	at org.apache.maven.surefire.booter.ForkedBooter.run(ForkedBooter.java:507)
	at org.apache.maven.surefire.booter.ForkedBooter.main(ForkedBooter.java:495)
]]></failure>
    <system-out><![CDATA[page URL = https://broadridgedigital:broadridge1@www-dev.broadridge.com/campaign/all-in-the-family-active-etf
current URL = https://broadridgedigital:broadridge1@www-dev.broadridge.com/campaign/all-in-the-family-active-etf
header ContactUs button found = true
v1 ContactUs form not found
v2 ContactUs form not found
v2 download form found = true
emailTimeStamp = automated_TESTTEST_2025-12-08_05_48_31@broadridge.com
................Header Contact Us Form Filled...................
form message = Something went wrong with our form submission. Please try again.
formpayload for validation = null
]]></system-out>
  </testcase>
  <testcase name="FormTester[https://broadridgedigital:broadridge1@www-dev.broadridge.com/who-we-serve/asset-management, https://www-dev.broadridge.com/who-we-serve/asset-management](6)" classname="com.broadridge.Tests" time="15.231">
    <failure message="argument &quot;content&quot; is null" type="java.lang.IllegalArgumentException"><![CDATA[java.lang.IllegalArgumentException: argument "content" is null
	at com.fasterxml.jackson.databind.ObjectMapper._assertNotNull(ObjectMapper.java:5060)
	at com.fasterxml.jackson.databind.ObjectMapper.readTree(ObjectMapper.java:3278)
	at com.broadridge.utils.BrowserUtils.getJsonField(BrowserUtils.java:55)
	at com.broadridge.utils.BrowserUtils.headerContactUsFiller(BrowserUtils.java:116)
	at com.broadridge.Tests.FormTester(Tests.java:109)
	at java.base/jdk.internal.reflect.DirectMethodHandleAccessor.invoke(DirectMethodHandleAccessor.java:104)
	at java.base/java.lang.reflect.Method.invoke(Method.java:578)
	at org.testng.internal.invokers.MethodInvocationHelper.invokeMethod(MethodInvocationHelper.java:141)
	at org.testng.internal.invokers.TestInvoker.invokeMethod(TestInvoker.java:686)
	at org.testng.internal.invokers.TestInvoker.invokeTestMethod(TestInvoker.java:230)
	at org.testng.internal.invokers.MethodRunner.runInSequence(MethodRunner.java:63)
	at org.testng.internal.invokers.TestInvoker$MethodInvocationAgent.invoke(TestInvoker.java:992)
	at org.testng.internal.invokers.TestInvoker.invokeTestMethods(TestInvoker.java:203)
	at org.testng.internal.invokers.TestMethodWorker.invokeTestMethods(TestMethodWorker.java:154)
	at org.testng.internal.invokers.TestMethodWorker.run(TestMethodWorker.java:134)
	at java.base/java.util.ArrayList.forEach(ArrayList.java:1511)
	at org.testng.TestRunner.privateRun(TestRunner.java:739)
	at org.testng.TestRunner.run(TestRunner.java:614)
	at org.testng.SuiteRunner.runTest(SuiteRunner.java:421)
	at org.testng.SuiteRunner.runSequentially(SuiteRunner.java:413)
	at org.testng.SuiteRunner.privateRun(SuiteRunner.java:373)
	at org.testng.SuiteRunner.run(SuiteRunner.java:312)
	at org.testng.SuiteRunnerWorker.runSuite(SuiteRunnerWorker.java:52)
	at org.testng.SuiteRunnerWorker.run(SuiteRunnerWorker.java:95)
	at org.testng.TestNG.runSuitesSequentially(TestNG.java:1274)
	at org.testng.TestNG.runSuitesLocally(TestNG.java:1208)
	at org.testng.TestNG.runSuites(TestNG.java:1112)
	at org.testng.TestNG.run(TestNG.java:1079)
	at org.apache.maven.surefire.testng.TestNGExecutor.run(TestNGExecutor.java:155)
	at org.apache.maven.surefire.testng.TestNGDirectoryTestSuite.executeMulti(TestNGDirectoryTestSuite.java:169)
	at org.apache.maven.surefire.testng.TestNGDirectoryTestSuite.execute(TestNGDirectoryTestSuite.java:88)
	at org.apache.maven.surefire.testng.TestNGProvider.invoke(TestNGProvider.java:137)
	at org.apache.maven.surefire.booter.ForkedBooter.runSuitesInProcess(ForkedBooter.java:385)
	at org.apache.maven.surefire.booter.ForkedBooter.execute(ForkedBooter.java:162)
	at org.apache.maven.surefire.booter.ForkedBooter.run(ForkedBooter.java:507)
	at org.apache.maven.surefire.booter.ForkedBooter.main(ForkedBooter.java:495)
]]></failure>
    <system-out><![CDATA[page URL = https://broadridgedigital:broadridge1@www-dev.broadridge.com/who-we-serve/asset-management
current URL = https://broadridgedigital:broadridge1@www-dev.broadridge.com/who-we-serve/asset-management
header ContactUs button found = true
v1 ContactUs form not found
v2 ContactUs form found = true
v2 download form not found
emailTimeStamp = automated_TESTTEST_2025-12-08_05_48_46@broadridge.com
................Header Contact Us Form Filled...................
form message = Something went wrong with our form submission. Please try again.
formpayload for validation = null
]]></system-out>
  </testcase>
  <testcase name="FormTester[https://broadridgedigital:broadridge1@www-dev.broadridge.com/who-we-serve/wealth-management, https://www-dev.broadridge.com/who-we-serve/wealth-management](7)" classname="com.broadridge.Tests" time="15.036">
    <failure message="argument &quot;content&quot; is null" type="java.lang.IllegalArgumentException"><![CDATA[java.lang.IllegalArgumentException: argument "content" is null
	at com.fasterxml.jackson.databind.ObjectMapper._assertNotNull(ObjectMapper.java:5060)
	at com.fasterxml.jackson.databind.ObjectMapper.readTree(ObjectMapper.java:3278)
	at com.broadridge.utils.BrowserUtils.getJsonField(BrowserUtils.java:55)
	at com.broadridge.utils.BrowserUtils.headerContactUsFiller(BrowserUtils.java:116)
	at com.broadridge.Tests.FormTester(Tests.java:109)
	at java.base/jdk.internal.reflect.DirectMethodHandleAccessor.invoke(DirectMethodHandleAccessor.java:104)
	at java.base/java.lang.reflect.Method.invoke(Method.java:578)
	at org.testng.internal.invokers.MethodInvocationHelper.invokeMethod(MethodInvocationHelper.java:141)
	at org.testng.internal.invokers.TestInvoker.invokeMethod(TestInvoker.java:686)
	at org.testng.internal.invokers.TestInvoker.invokeTestMethod(TestInvoker.java:230)
	at org.testng.internal.invokers.MethodRunner.runInSequence(MethodRunner.java:63)
	at org.testng.internal.invokers.TestInvoker$MethodInvocationAgent.invoke(TestInvoker.java:992)
	at org.testng.internal.invokers.TestInvoker.invokeTestMethods(TestInvoker.java:203)
	at org.testng.internal.invokers.TestMethodWorker.invokeTestMethods(TestMethodWorker.java:154)
	at org.testng.internal.invokers.TestMethodWorker.run(TestMethodWorker.java:134)
	at java.base/java.util.ArrayList.forEach(ArrayList.java:1511)
	at org.testng.TestRunner.privateRun(TestRunner.java:739)
	at org.testng.TestRunner.run(TestRunner.java:614)
	at org.testng.SuiteRunner.runTest(SuiteRunner.java:421)
	at org.testng.SuiteRunner.runSequentially(SuiteRunner.java:413)
	at org.testng.SuiteRunner.privateRun(SuiteRunner.java:373)
	at org.testng.SuiteRunner.run(SuiteRunner.java:312)
	at org.testng.SuiteRunnerWorker.runSuite(SuiteRunnerWorker.java:52)
	at org.testng.SuiteRunnerWorker.run(SuiteRunnerWorker.java:95)
	at org.testng.TestNG.runSuitesSequentially(TestNG.java:1274)
	at org.testng.TestNG.runSuitesLocally(TestNG.java:1208)
	at org.testng.TestNG.runSuites(TestNG.java:1112)
	at org.testng.TestNG.run(TestNG.java:1079)
	at org.apache.maven.surefire.testng.TestNGExecutor.run(TestNGExecutor.java:155)
	at org.apache.maven.surefire.testng.TestNGDirectoryTestSuite.executeMulti(TestNGDirectoryTestSuite.java:169)
	at org.apache.maven.surefire.testng.TestNGDirectoryTestSuite.execute(TestNGDirectoryTestSuite.java:88)
	at org.apache.maven.surefire.testng.TestNGProvider.invoke(TestNGProvider.java:137)
	at org.apache.maven.surefire.booter.ForkedBooter.runSuitesInProcess(ForkedBooter.java:385)
	at org.apache.maven.surefire.booter.ForkedBooter.execute(ForkedBooter.java:162)
	at org.apache.maven.surefire.booter.ForkedBooter.run(ForkedBooter.java:507)
	at org.apache.maven.surefire.booter.ForkedBooter.main(ForkedBooter.java:495)
]]></failure>
    <system-out><![CDATA[page URL = https://broadridgedigital:broadridge1@www-dev.broadridge.com/who-we-serve/wealth-management
current URL = https://broadridgedigital:broadridge1@www-dev.broadridge.com/who-we-serve/wealth-management
header ContactUs button found = true
v1 ContactUs form not found
v2 ContactUs form found = true
v2 download form not found
emailTimeStamp = automated_TESTTEST_2025-12-08_05_49_01@broadridge.com
................Header Contact Us Form Filled...................
form message = Something went wrong with our form submission. Please try again.
formpayload for validation = null
]]></system-out>
  </testcase>
  <testcase name="FormTester[https://broadridgedigital:broadridge1@www-dev.broadridge.com/who-we-serve/consumer-industries, https://www-dev.broadridge.com/who-we-serve/consumer-industries](8)" classname="com.broadridge.Tests" time="15.075">
    <failure message="argument &quot;content&quot; is null" type="java.lang.IllegalArgumentException"><![CDATA[java.lang.IllegalArgumentException: argument "content" is null
	at com.fasterxml.jackson.databind.ObjectMapper._assertNotNull(ObjectMapper.java:5060)
	at com.fasterxml.jackson.databind.ObjectMapper.readTree(ObjectMapper.java:3278)
	at com.broadridge.utils.BrowserUtils.getJsonField(BrowserUtils.java:55)
	at com.broadridge.utils.BrowserUtils.headerContactUsFiller(BrowserUtils.java:116)
	at com.broadridge.Tests.FormTester(Tests.java:109)
	at java.base/jdk.internal.reflect.DirectMethodHandleAccessor.invoke(DirectMethodHandleAccessor.java:104)
	at java.base/java.lang.reflect.Method.invoke(Method.java:578)
	at org.testng.internal.invokers.MethodInvocationHelper.invokeMethod(MethodInvocationHelper.java:141)
	at org.testng.internal.invokers.TestInvoker.invokeMethod(TestInvoker.java:686)
	at org.testng.internal.invokers.TestInvoker.invokeTestMethod(TestInvoker.java:230)
	at org.testng.internal.invokers.MethodRunner.runInSequence(MethodRunner.java:63)
	at org.testng.internal.invokers.TestInvoker$MethodInvocationAgent.invoke(TestInvoker.java:992)
	at org.testng.internal.invokers.TestInvoker.invokeTestMethods(TestInvoker.java:203)
	at org.testng.internal.invokers.TestMethodWorker.invokeTestMethods(TestMethodWorker.java:154)
	at org.testng.internal.invokers.TestMethodWorker.run(TestMethodWorker.java:134)
	at java.base/java.util.ArrayList.forEach(ArrayList.java:1511)
	at org.testng.TestRunner.privateRun(TestRunner.java:739)
	at org.testng.TestRunner.run(TestRunner.java:614)
	at org.testng.SuiteRunner.runTest(SuiteRunner.java:421)
	at org.testng.SuiteRunner.runSequentially(SuiteRunner.java:413)
	at org.testng.SuiteRunner.privateRun(SuiteRunner.java:373)
	at org.testng.SuiteRunner.run(SuiteRunner.java:312)
	at org.testng.SuiteRunnerWorker.runSuite(SuiteRunnerWorker.java:52)
	at org.testng.SuiteRunnerWorker.run(SuiteRunnerWorker.java:95)
	at org.testng.TestNG.runSuitesSequentially(TestNG.java:1274)
	at org.testng.TestNG.runSuitesLocally(TestNG.java:1208)
	at org.testng.TestNG.runSuites(TestNG.java:1112)
	at org.testng.TestNG.run(TestNG.java:1079)
	at org.apache.maven.surefire.testng.TestNGExecutor.run(TestNGExecutor.java:155)
	at org.apache.maven.surefire.testng.TestNGDirectoryTestSuite.executeMulti(TestNGDirectoryTestSuite.java:169)
	at org.apache.maven.surefire.testng.TestNGDirectoryTestSuite.execute(TestNGDirectoryTestSuite.java:88)
	at org.apache.maven.surefire.testng.TestNGProvider.invoke(TestNGProvider.java:137)
	at org.apache.maven.surefire.booter.ForkedBooter.runSuitesInProcess(ForkedBooter.java:385)
	at org.apache.maven.surefire.booter.ForkedBooter.execute(ForkedBooter.java:162)
	at org.apache.maven.surefire.booter.ForkedBooter.run(ForkedBooter.java:507)
	at org.apache.maven.surefire.booter.ForkedBooter.main(ForkedBooter.java:495)
]]></failure>
    <system-out><![CDATA[page URL = https://broadridgedigital:broadridge1@www-dev.broadridge.com/who-we-serve/consumer-industries
current URL = https://broadridgedigital:broadridge1@www-dev.broadridge.com/who-we-serve/consumer-industries
header ContactUs button found = true
v1 ContactUs form not found
v2 ContactUs form found = true
v2 download form not found
emailTimeStamp = automated_TESTTEST_2025-12-08_05_49_16@broadridge.com
................Header Contact Us Form Filled...................
form message = Something went wrong with our form submission. Please try again.
formpayload for validation = null
]]></system-out>
  </testcase>
  <testcase name="FormTester[https://broadridgedigital:broadridge1@www.broadridge.com/insight-pages/broadridge-insights, https://www.broadridge.com/insight-pages/broadridge-insights](9)" classname="com.broadridge.Tests" time="15.591">
    <failure message="argument &quot;content&quot; is null" type="java.lang.IllegalArgumentException"><![CDATA[java.lang.IllegalArgumentException: argument "content" is null
	at com.fasterxml.jackson.databind.ObjectMapper._assertNotNull(ObjectMapper.java:5060)
	at com.fasterxml.jackson.databind.ObjectMapper.readTree(ObjectMapper.java:3278)
	at com.broadridge.utils.BrowserUtils.getJsonField(BrowserUtils.java:55)
	at com.broadridge.utils.BrowserUtils.headerContactUsFiller(BrowserUtils.java:116)
	at com.broadridge.Tests.FormTester(Tests.java:109)
	at java.base/jdk.internal.reflect.DirectMethodHandleAccessor.invoke(DirectMethodHandleAccessor.java:104)
	at java.base/java.lang.reflect.Method.invoke(Method.java:578)
	at org.testng.internal.invokers.MethodInvocationHelper.invokeMethod(MethodInvocationHelper.java:141)
	at org.testng.internal.invokers.TestInvoker.invokeMethod(TestInvoker.java:686)
	at org.testng.internal.invokers.TestInvoker.invokeTestMethod(TestInvoker.java:230)
	at org.testng.internal.invokers.MethodRunner.runInSequence(MethodRunner.java:63)
	at org.testng.internal.invokers.TestInvoker$MethodInvocationAgent.invoke(TestInvoker.java:992)
	at org.testng.internal.invokers.TestInvoker.invokeTestMethods(TestInvoker.java:203)
	at org.testng.internal.invokers.TestMethodWorker.invokeTestMethods(TestMethodWorker.java:154)
	at org.testng.internal.invokers.TestMethodWorker.run(TestMethodWorker.java:134)
	at java.base/java.util.ArrayList.forEach(ArrayList.java:1511)
	at org.testng.TestRunner.privateRun(TestRunner.java:739)
	at org.testng.TestRunner.run(TestRunner.java:614)
	at org.testng.SuiteRunner.runTest(SuiteRunner.java:421)
	at org.testng.SuiteRunner.runSequentially(SuiteRunner.java:413)
	at org.testng.SuiteRunner.privateRun(SuiteRunner.java:373)
	at org.testng.SuiteRunner.run(SuiteRunner.java:312)
	at org.testng.SuiteRunnerWorker.runSuite(SuiteRunnerWorker.java:52)
	at org.testng.SuiteRunnerWorker.run(SuiteRunnerWorker.java:95)
	at org.testng.TestNG.runSuitesSequentially(TestNG.java:1274)
	at org.testng.TestNG.runSuitesLocally(TestNG.java:1208)
	at org.testng.TestNG.runSuites(TestNG.java:1112)
	at org.testng.TestNG.run(TestNG.java:1079)
	at org.apache.maven.surefire.testng.TestNGExecutor.run(TestNGExecutor.java:155)
	at org.apache.maven.surefire.testng.TestNGDirectoryTestSuite.executeMulti(TestNGDirectoryTestSuite.java:169)
	at org.apache.maven.surefire.testng.TestNGDirectoryTestSuite.execute(TestNGDirectoryTestSuite.java:88)
	at org.apache.maven.surefire.testng.TestNGProvider.invoke(TestNGProvider.java:137)
	at org.apache.maven.surefire.booter.ForkedBooter.runSuitesInProcess(ForkedBooter.java:385)
	at org.apache.maven.surefire.booter.ForkedBooter.execute(ForkedBooter.java:162)
	at org.apache.maven.surefire.booter.ForkedBooter.run(ForkedBooter.java:507)
	at org.apache.maven.surefire.booter.ForkedBooter.main(ForkedBooter.java:495)
]]></failure>
    <system-out><![CDATA[page URL = https://broadridgedigital:broadridge1@www.broadridge.com/insight-pages/broadridge-insights
current URL = https://broadridgedigital:broadridge1@www.broadridge.com/insight-pages/broadridge-insights?
header ContactUs button found = true
v1 ContactUs form not found
v2 ContactUs form found = true
v2 download form not found
emailTimeStamp = automated_TESTTEST_2025-12-08_05_49_32@broadridge.com
................Header Contact Us Form Filled...................
form message = Thank you for your interest in Broadridge.
A representative will contact you within 24 business hours.
formpayload for validation = null
]]></system-out>
  </testcase>
  <testcase name="FormTester[https://broadridgedigital:broadridge1@www-dev.broadridge.com/financial-services/asset-management/retirement-services/fiduciary-software-and-technology/fiduciary-focus-toolkit, https://www-dev.broadridge.com/financial-services/asset-management/retirement-services/fiduciary-software-and-technology/fiduciary-focus-toolkit](10)" classname="com.broadridge.Tests" time="3.623">
    <system-out><![CDATA[page URL = https://broadridgedigital:broadridge1@www-dev.broadridge.com/financial-services/asset-management/retirement-services/fiduciary-software-and-technology/fiduciary-focus-toolkit
current URL = https://broadridgedigital:broadridge1@www-dev.broadridge.com/financial-services/asset-management/retirement-services/fiduciary-software-and-technology/fiduciary-focus-toolkit
Header ContactUs button not found
v1 ContactUs form not found
v2 ContactUs form not found
v2 download form not found
--------!!! NO FORM IS FOUND ON THE PAGE !!!--------
]]></system-out>
  </testcase>
</testsuite>