<?xml version="1.0" encoding="UTF-8"?>
<testsuite xmlns:xsi="http://www.w3.org/2001/XMLSchema-instance" xsi:noNamespaceSchemaLocation="https://maven.apache.org/surefire/maven-surefire-plugin/xsd/surefire-test-report-3.0.xsd" version="3.0" name="TestSuite" time="823.017" tests="1" errors="0" skipped="0" failures="0">
  <properties>
[...]
</properties>
  <testcase name="formTest" classname="com.broadridge.Tests" time="822.429">
    <system-out><![CDATA[-------------------------------TEST STARTED--------------------------------
2026-02-23T06:41:48.687346244Z main ERROR Log4j API could not find a logging provider.
lastRow = 19
9363
header ContactUs button found = true
emailTimeStamp = automated_TESTTEST_2026-02-23_06_42_06@broadridge.com
📤 Form payload = {"formSubmissionId":"","elqFormName":"","elqSiteID":"","datalayerheader":"","contact":"","formgtm":"","elqCustomerGUID":"","elqCookieWrite":"","segment":"capital-markets","name_first":"First_9363_TESTTEST","name_last":"Last_9363_TESTTEST","email_work":"automated_TESTTEST_2026-02-23_06_42_06@broadridge.com","phone_business":"999-999-9999","job_title":"Job_9363_TESTTEST","Company":"Company_9363_TESTTEST","country":"United States","comment":"This is an automated test submission. Please ignore.","id":"","so":"","di":"","ct":"","ep":"","ot":"","mt":"","yr":"","rg":"","on":"","sub-source":"","campaignMostRecentID":"","content-id":"","orig-channel":"","campaign-name":"","campaignMostRecentName":"","campaignMostRecentSource":"","campaignMostRecentMedium":"","campaignMostRecentContent":"","campaignMostRecentTerm":"","campaignMostRecentContentID":"","campaignMostRecentSubSource":"","Persistent_utm_medium":"","Persistent_utm_source":"","Persistent_utm_term":"","Persistent_utm_campaign":"","Persistent_Sub_Source":"","Persistent_Content_ID":"","Persistent_Campaign_ID":"","Persistent_utm_content":"","Session_utm_medium":"","Session_utm_source":"","Session_utm_term":"","Session_utm_campaign":"","Session_Sub_Source":"","Session_Content_ID":"","Session_Campaign_ID":"701RN00000Rbgf7YAB","Session_utm_content":"","inquiry":"","fullURL":"https://www-dev.broadridge.com/white-paper/the-service-value-chain-how-data-management-powers-performance","page_id":"14926","page_campaign_id":"0","ecid":"","elqCampaignId":"","Formmodel":"flyout","Pagetype":"","g-recaptcha-response":"0cAFcWeA41rUTQkMiwBRh-eGDWYoQF_U0c9ALl_WfMGpH71X13UE--ORCnXvXZhXqtjpcYzG-RbREwH63mOm04fS1IvpDfx2OHqBtgvr80xAk51-Us4TAyxn63GAv7DzPG93vj35c25VUrcThPbMN9eqxl55chfhCek5nuTeFCS8mzsd219BxCproxZtLgCmGHhPeQGFF00BR76E7Jr48eEopkMWpGkqIN1cpRi0Foue48vwDp6zbddduBp4PDfdZ7DvWUxHl81IAtO2loOtddtsCjTlTFEw7mr4jiXndyjF6_0GWVT3D0CJJQhfDKjZLhHoGzfN6ZTOOJtkobBGrFgkYk7YQcskLPNYaPFhdoD9cBUTNXXF_TzRm4kxIP77oUbEnGk-NzW_BPB6lZdaDtRAy_4E8sR83zCSygpJ6NHDhalUdjAAzYbA-zBWRpoI9XfFrBMvE5qBUhKVQOfYtMvWNbtm1Sc8S1-1uNkaDk7mZNe7OZ36dWQDmO29bt2IpNAF0pZN41QOWE1x6cOxdCkVDRd2Gd0pBX_aunBPg9ksp7nV7ahp2gh2yzxrubtPSrchv1EbDxI1wRKHlY8BcNbNS8DH1VttX5OS69p2lB8BxOueIc8xjpBJQtXj3mO3PMvdQU2AUUQkKKmOtA3Qiuf9NclRdlLC4li7oBf9pNnZ8c9JFWw_Jnpl7uWU2vYOxnbFS33kud0FYM8JIcZwOxy2ho0eFeURpGle6q9Fzatzv6onyhjEU1KKpcj_SodpYkPklcegiOem7qNdV6jZg0Y7bHJBQuN9eqO9gCFuat9tiPVosBwuKfQ2ndG6lEgqpC_2I7UyHV85TJbdYG6OHdQBzk74k-J6Au_dXwOitSaOsUb1-C94pTsm6nk50b77jXse-ceWechb2dRZi8I_eUZhjXokOzS2FoZUCHewS6HQWmN4YO8XmXlu99mPGvJnBmzch7RhhW0z1t_ON3xsA6Cy5yBbZVR6rB6BGNhrbo56_L8rojA-ZeDvWtpx-F3R0L6FGrDEXW-QFuq23hA3YGvUH9oDSXaTssYRF6WjwHNFXeoSJ9ZpQcaPDjg9u552pBYnNPGXefH3SNTm5_wKNdrw1XND1aIc0DUgYbyQdoD4sUpzCnochMaV_Wg-NydaxZgzw8bP1Fblc5uepz5JoTWkQD18PURrhSxrmbY-9jzSQ_s5geZPb-46uMsFFFiCmt7MtCv8vEj_d78SjoXyjAPQ4JnQzXaMUJIUWW0_80I_UrR6M8SVw4x31_w8ZnEld9u3WRpVoMcNOB1lyJvinSkz0UZ7GY7lcuoYiPBoDTRvI9TOjwU6LvrHzPM96BHiGmcMK9WGAEEdCmHjETUqxNuNsDGyVQOeaW5bv2F_4oRm_t1bZAFY0jrH6XcryUtWXZY3rv7kxbPUwhcBxfqFWifuSR0avq-XradlH37pFQrKvYbYBYNkZerzEhAf0CvPJs4qciqXyU8BV_oyJRfjWHiQ1I53Wro58wQH26CrWfMZwM0CYKIlVJZeNfuO2LK5g23h0bMEhxut55-rwO_1QJUs4HzHTT1JF4SWAxQh-PtMsRC5VVITAqVUAToX8-Z3gETab_FSVCkIpI0XmfgAx36uh4R_WeyHBjS609qzHA0Cco1oaV5uMh0vjo5TaOoc3wuG75THP6oZsPJJOnHodAjD9UFksm8bo_NEisoxIsiRQH9krOFnp5cFDYGkUrAMCaynrEKDMy3DdPx-ROADi3hNhMdgFtJMcoxC0ubnVGBmAVXvvTPQCwAE9PVkJEEtzoGGlL8-0tsb-yHTNsyll0jV5V8Y0GgxvBlH4r3zEj4_KVhhP7SFvQ-vWh25EVDL5XpXXdp0I8TPu_geu93GmdhBf-e24fl3hurExbkUwKqmFR5HHbdIYLJ1LR3Rm79PsZfNEabfZZw8TGEkS87Ld0AKOR4eOxwlov4G-DvtKP2AZvbV3mn5uBn4YVPd2Azsttbc3Mdn5AJ2dacRo8KZbeOW4fiFEaOaUQlul8C6Pcv4wioyjfSRapOP1HDWUjfz76fFfMz_YYCVVX4jcY0bCVzgKt_4vU0Qg_gmFybSs-gqp9iEMzp9kI6oIc8r4Lh5JujnR84TZwtIDLBHfCcGl9FhBIQtv9wIwo7FB0sIuZsx-gsCV6UMb68cAIijqHVyAvsp886Vvi__aQzlTNFy8IVI5dmGGDXvLRgv_GdD63grrB-9MaIuTZH74KIWDm_pHTbjomZjOTy__8ZTV_H7-DlWSsbSniyLtBBFDvTH3Gzz_TB80OST1Kd06jrTcngtmUVul8mlDx7cmtLr_uqvaSN5Ydv3TlT9HQ0dTbRGIiFsKqB90LgeJl5ca5j9ZQ3MNruwsmoWVfhdWReMwoPv62i7uzdlvwDInH9csHz6dZopa2m2hOq4VVd14d2c0zKIYsOCpgIO0kwSII"}
form message = Something went wrong with our form submission. Please try again.
formpayload for validation = {"formSubmissionId":"","elqFormName":"","elqSiteID":"","datalayerheader":"","contact":"","formgtm":"","elqCustomerGUID":"","elqCookieWrite":"","segment":"capital-markets","name_first":"First_9363_TESTTEST","name_last":"Last_9363_TESTTEST","email_work":"automated_TESTTEST_2026-02-23_06_42_06@broadridge.com","phone_business":"999-999-9999","job_title":"Job_9363_TESTTEST","Company":"Company_9363_TESTTEST","country":"United States","comment":"This is an automated test submission. Please ignore.","id":"","so":"","di":"","ct":"","ep":"","ot":"","mt":"","yr":"","rg":"","on":"","sub-source":"","campaignMostRecentID":"","content-id":"","orig-channel":"","campaign-name":"","campaignMostRecentName":"","campaignMostRecentSource":"","campaignMostRecentMedium":"","campaignMostRecentContent":"","campaignMostRecentTerm":"","campaignMostRecentContentID":"","campaignMostRecentSubSource":"","Persistent_utm_medium":"","Persistent_utm_source":"","Persistent_utm_term":"","Persistent_utm_campaign":"","Persistent_Sub_Source":"","Persistent_Content_ID":"","Persistent_Campaign_ID":"","Persistent_utm_content":"","Session_utm_medium":"","Session_utm_source":"","Session_utm_term":"","Session_utm_campaign":"","Session_Sub_Source":"","Session_Content_ID":"","Session_Campaign_ID":"701RN00000Rbgf7YAB","Session_utm_content":"","inquiry":"","fullURL":"https://www-dev.broadridge.com/white-paper/the-service-value-chain-how-data-management-powers-performance","page_id":"14926","page_campaign_id":"0","ecid":"","elqCampaignId":"","Formmodel":"flyout","Pagetype":"","g-recaptcha-response":"0cAFcWeA41rUTQkMiwBRh-eGDWYoQF_U0c9ALl_WfMGpH71X13UE--ORCnXvXZhXqtjpcYzG-RbREwH63mOm04fS1IvpDfx2OHqBtgvr80xAk51-Us4TAyxn63GAv7DzPG93vj35c25VUrcThPbMN9eqxl55chfhCek5nuTeFCS8mzsd219BxCproxZtLgCmGHhPeQGFF00BR76E7Jr48eEopkMWpGkqIN1cpRi0Foue48vwDp6zbddduBp4PDfdZ7DvWUxHl81IAtO2loOtddtsCjTlTFEw7mr4jiXndyjF6_0GWVT3D0CJJQhfDKjZLhHoGzfN6ZTOOJtkobBGrFgkYk7YQcskLPNYaPFhdoD9cBUTNXXF_TzRm4kxIP77oUbEnGk-NzW_BPB6lZdaDtRAy_4E8sR83zCSygpJ6NHDhalUdjAAzYbA-zBWRpoI9XfFrBMvE5qBUhKVQOfYtMvWNbtm1Sc8S1-1uNkaDk7mZNe7OZ36dWQDmO29bt2IpNAF0pZN41QOWE1x6cOxdCkVDRd2Gd0pBX_aunBPg9ksp7nV7ahp2gh2yzxrubtPSrchv1EbDxI1wRKHlY8BcNbNS8DH1VttX5OS69p2lB8BxOueIc8xjpBJQtXj3mO3PMvdQU2AUUQkKKmOtA3Qiuf9NclRdlLC4li7oBf9pNnZ8c9JFWw_Jnpl7uWU2vYOxnbFS33kud0FYM8JIcZwOxy2ho0eFeURpGle6q9Fzatzv6onyhjEU1KKpcj_SodpYkPklcegiOem7qNdV6jZg0Y7bHJBQuN9eqO9gCFuat9tiPVosBwuKfQ2ndG6lEgqpC_2I7UyHV85TJbdYG6OHdQBzk74k-J6Au_dXwOitSaOsUb1-C94pTsm6nk50b77jXse-ceWechb2dRZi8I_eUZhjXokOzS2FoZUCHewS6HQWmN4YO8XmXlu99mPGvJnBmzch7RhhW0z1t_ON3xsA6Cy5yBbZVR6rB6BGNhrbo56_L8rojA-ZeDvWtpx-F3R0L6FGrDEXW-QFuq23hA3YGvUH9oDSXaTssYRF6WjwHNFXeoSJ9ZpQcaPDjg9u552pBYnNPGXefH3SNTm5_wKNdrw1XND1aIc0DUgYbyQdoD4sUpzCnochMaV_Wg-NydaxZgzw8bP1Fblc5uepz5JoTWkQD18PURrhSxrmbY-9jzSQ_s5geZPb-46uMsFFFiCmt7MtCv8vEj_d78SjoXyjAPQ4JnQzXaMUJIUWW0_80I_UrR6M8SVw4x31_w8ZnEld9u3WRpVoMcNOB1lyJvinSkz0UZ7GY7lcuoYiPBoDTRvI9TOjwU6LvrHzPM96BHiGmcMK9WGAEEdCmHjETUqxNuNsDGyVQOeaW5bv2F_4oRm_t1bZAFY0jrH6XcryUtWXZY3rv7kxbPUwhcBxfqFWifuSR0avq-XradlH37pFQrKvYbYBYNkZerzEhAf0CvPJs4qciqXyU8BV_oyJRfjWHiQ1I53Wro58wQH26CrWfMZwM0CYKIlVJZeNfuO2LK5g23h0bMEhxut55-rwO_1QJUs4HzHTT1JF4SWAxQh-PtMsRC5VVITAqVUAToX8-Z3gETab_FSVCkIpI0XmfgAx36uh4R_WeyHBjS609qzHA0Cco1oaV5uMh0vjo5TaOoc3wuG75THP6oZsPJJOnHodAjD9UFksm8bo_NEisoxIsiRQH9krOFnp5cFDYGkUrAMCaynrEKDMy3DdPx-ROADi3hNhMdgFtJMcoxC0ubnVGBmAVXvvTPQCwAE9PVkJEEtzoGGlL8-0tsb-yHTNsyll0jV5V8Y0GgxvBlH4r3zEj4_KVhhP7SFvQ-vWh25EVDL5XpXXdp0I8TPu_geu93GmdhBf-e24fl3hurExbkUwKqmFR5HHbdIYLJ1LR3Rm79PsZfNEabfZZw8TGEkS87Ld0AKOR4eOxwlov4G-DvtKP2AZvbV3mn5uBn4YVPd2Azsttbc3Mdn5AJ2dacRo8KZbeOW4fiFEaOaUQlul8C6Pcv4wioyjfSRapOP1HDWUjfz76fFfMz_YYCVVX4jcY0bCVzgKt_4vU0Qg_gmFybSs-gqp9iEMzp9kI6oIc8r4Lh5JujnR84TZwtIDLBHfCcGl9FhBIQtv9wIwo7FB0sIuZsx-gsCV6UMb68cAIijqHVyAvsp886Vvi__aQzlTNFy8IVI5dmGGDXvLRgv_GdD63grrB-9MaIuTZH74KIWDm_pHTbjomZjOTy__8ZTV_H7-DlWSsbSniyLtBBFDvTH3Gzz_TB80OST1Kd06jrTcngtmUVul8mlDx7cmtLr_uqvaSN5Ydv3TlT9HQ0dTbRGIiFsKqB90LgeJl5ca5j9ZQ3MNruwsmoWVfhdWReMwoPv62i7uzdlvwDInH9csHz6dZopa2m2hOq4VVd14d2c0zKIYsOCpgIO0kwSII"}
formSubmissionId = 
fullURL = https://www-dev.broadridge.com/white-paper/the-service-value-chain-how-data-management-powers-performance
page comparison URL = https://www-dev.broadridge.com/white-paper/the-service-value-chain-how-data-management-powers-performance
..........!!!...Filling the form failed...!!!........
................Header Contact Us Form Filled...................
V2 ContactUs form NOT found on the bottom
V2 Download form NOT found on the bottom
no cookie button
header ContactUs button found = true
emailTimeStamp = automated_TESTTEST_2026-02-23_06_42_46@broadridge.com
📤 Form payload = {"formSubmissionId":"BRJ2RWIYH-1771828968703","elqFormName":"","elqSiteID":"","datalayerheader":"","contact":"","formgtm":"","elqCustomerGUID":"","elqCookieWrite":"","segment":"","name_first":"First_9363_TESTTEST","name_last":"Last_9363_TESTTEST","email_work":"automated_TESTTEST_2026-02-23_06_42_46@broadridge.com","phone_business":"999-999-9999","job_title":"Job_9363_TESTTEST","Company":"Company_9363_TESTTEST","country":"United States","comment":"This is an automated test submission.  Please ignore.","id":"","so":"","di":"","ct":"","ep":"","ot":"","mt":"","yr":"","rg":"","on":"","sub-source":"","campaignMostRecentID":"","content-id":"","orig-channel":"","campaign-name":"","campaignMostRecentName":"","campaignMostRecentSource":"","campaignMostRecentMedium":"","campaignMostRecentContent":"","campaignMostRecentTerm":"","campaignMostRecentContentID":"","campaignMostRecentSubSource":"","Persistent_utm_medium":"","Persistent_utm_source":"","Persistent_utm_term":"","Persistent_utm_campaign":"","Persistent_Sub_Source":"","Persistent_Content_ID":"","Persistent_Campaign_ID":"","Persistent_utm_content":"","Session_utm_medium":"","Session_utm_source":"","Session_utm_term":"","Session_utm_campaign":"","Session_Sub_Source":"","Session_Content_ID":"","Session_Campaign_ID":"701RN00000Rbgf7YAB","Session_utm_content":"","inquiry":"Gen Enq","fullURL":"https://www-dev.broadridge.com/capability/governance-and-regulatory-compliance/proxy-services/issuer-proxy","page_id":"182853","page_campaign_id":"0","ecid":"","elqCampaignId":"","Formmodel":"flyout","Pagetype":"Products","g-recaptcha-response":"0cAFcWeA4UqNBlQIoeGIqt_VcLMc6z5Q948m7LcBd6moIdoWCmc4Px4IqIc0eONIhhCpyQhlXrux6E4pgwzMEjwEzumredgmAQV5zddgT9_TdZj9qvdNxhTLFV6UFtmxaoEwe9x2NpyhCMdnW_lY2CFnPgMufAgab43mRh--9avhOKWK4MQo5vMDFDIaBSZRb5Ve8a0QvouXkLqxSE6v8mH51iWRgbHGWy-CWxce2onp6JnZjAqELeEXJT6HBQ3OZ2bgONVwp9BAhmreCw760uVW16mo5FNd0Omu2fK5o4qGK7_eI6tqDFIRoMclxZHPPN6Vt9r4QD-sIxKmW9RoSdtUvUS7Z2Bvxc1PeOziNt1BmMR0RKEVHq2f6GYXhtRddwp1n_Daafc3UHD2om4k28F5y-S9S1pNAm7uYRcF4OTI0P-xiez8FEH9etIi87S3mKkiWvi7peGIX0cxxCcf3XBUpvoh8xKFO9hlizoNFu4W97aDfdeMXwgBkhcxm0ey2kB-62PcaED2T95xlH6OEb7c14iJZhX9UEqPvsSeKrewRnpvS7UjsSzlRKK5NFVjCWNVax32pEG94jg-6_yQQpQ8eYy2RP0NrMqdAhaTRpaPqh0EexRWZqVC3KX-hah4OPlflOlL1wxPvdsaSKp-g-gzj822uptCJhepoM4ZDLGVSmCkhVC5HuzrUrD_VRtXLOJjpwGUo41nEqz7uCaFoZCgsbfY3_0gcFHFYQj8tu6T3XTdQEMntuRiDVkgtMFP3khbfMMZDVE4x-PkRAUPsmUtx5Y0-L-Kd0OR4EqXLGeYZeLdoXwITwLg5CUoP1egm5NDU7W4UQrh-1ITk_h3_7cxaqbs5Rde5PqDQLSqqI3CScpV0jIs56hq0W6pFKMyj5QY6qzkB4hI7j-jKDBgjxRRgymOQ78I2uw5wfmiJU5RKdPzmlZzhraZ4Idp1TvBeQQuEKTsOLwXUxg66Vve88sLCPAp7UfTGHI1lGeR5J_aaffAblRuZvoMu1qOsWV-BvhR1hinzPLaDLKPvC6p2VGmEjEri8U8pGOmJ79Z20aeR8ZD-5MIzLj-5sR5Nos6yN2RAmuYoTkKyeKlEyv-Gs8erbS5MFvU0j8jkneCP9qdIWwL9d64ia62DuR1bAs1wLTiLYT1NdDkplgpiESp58goDvroMP3kiXyr4oPB7HQ_owmKWFqc7h14tvDFlf9E_Ww_3hiXo5f_nVmSsZvXgIPUEsTZcSHugTc3xvl0vvJ6lICGKZIR2yIWyXTPP6oJoJ605ziXYnadVnd4N7WMTMK-C-2BQMH9j-x2OZeX0puuALjgOdjWCbTJnZIg_kKwY7MqJ3PQoMRrw3NbPkdDp-87lHU3bi8vvjPQX-qDM_X2CESrVu_B0HEk4Qtn8fqC2bnhYiGxmwKAZDv6o3KlGd-yj9JeSzPbPWY7q7uDX2JSQeu_LLEL_YO6yamUW1BvcMcZiER1W8BCTqb-cKyEuPXwzZ-mPSArf9ORGMplDazurNzTdc4csJffdP4viCfh-VmtiJKnnvafgbUcTIcv5K6zHd70F9FnQoBWdDXZYEYcveLlQfX7kuv9iUI_kK2XQGHC6ic0hwnao2mbeTwHVQXFbW3yiaywL6JIDVXFn-5SxQbEsEY6ostMaNWmU8GFzZgSpmoPEdkg4n_WuIwUaEIikKD3-zJP_osSBrM7CTNyO-gQuESY4NXgoxn1mJ9J4GbscCXWmdkh4cQ4vieiL43fMwCTfdERHjAHlbVvjBnsLnOpJ6aiFyzbKCU0Toq21WuJE9f-NFff76pCHxMAWy4k0d75FeI2wITuZvlBhet8Q82V8NSRpTr3C5WEoAuvEcGejCt5N_oqZJVovqGTYb6_QpktRuwvXQeO4N9wSh_KrA-FDPNW3IIdGD3hiKMdoBBmkdVIYtP9AaLYJqOMRHC9EIgw36336Z3UmZEpDjyr01uNJnP6eMdJlskAaNMdGOte0QXXvm99DhAyeaw_OExkdnc6BMbXfPLX_VgnGPJjKzfke7UgVSIVpKdg2Hdo8LHTauWctb-0GUdSWLPQJMUf-l2jjIGxF7DY8MUIr1EU5FmuU0hU7plIpSq3k7KjMpdMuaQHznqAEugPhTmQBJT3qe3xyNxPzFosmCAGwtatsOG2axKWxLu_oCpxFET19VRS0CvMY9KtTnPa20-pTehrT6CFlmMa_sQxSfFIOR6BOrskumHCchkt6IB8_JJebTxQgYZ92YnhKXlmT5sOCzFvsTRA6mG5Lq9wPcWMPLM_mZwn08MeSw1PMPafwTHDeVaFbbon_aVtqxNXHDLJnnZSpHvurmf69kWbZUQ83McmftHGnXzQx5wac"}
📤 Form payload = {"formSubmissionId":"BRWJDE8B9-1771828968872","elqFormName":"","elqSiteID":"","datalayerheader":"","contact":"","formgtm":"","elqCustomerGUID":"","elqCookieWrite":"","segment":"","name_first":"First_9363_TESTTEST","name_last":"Last_9363_TESTTEST","email_work":"automated_TESTTEST_2026-02-23_06_42_46@broadridge.com","phone_business":"999-999-9999","job_title":"Job_9363_TESTTEST","Company":"Company_9363_TESTTEST","country":"United States","comment":"This is an automated test submission.  Please ignore.","id":"","so":"","di":"","ct":"","ep":"","ot":"","mt":"","yr":"","rg":"","on":"","sub-source":"","campaignMostRecentID":"","content-id":"","orig-channel":"","campaign-name":"","campaignMostRecentName":"","campaignMostRecentSource":"","campaignMostRecentMedium":"","campaignMostRecentContent":"","campaignMostRecentTerm":"","campaignMostRecentContentID":"","campaignMostRecentSubSource":"","Persistent_utm_medium":"","Persistent_utm_source":"","Persistent_utm_term":"","Persistent_utm_campaign":"","Persistent_Sub_Source":"","Persistent_Content_ID":"","Persistent_Campaign_ID":"","Persistent_utm_content":"","Session_utm_medium":"","Session_utm_source":"","Session_utm_term":"","Session_utm_campaign":"","Session_Sub_Source":"","Session_Content_ID":"","Session_Campaign_ID":"701RN00000Rbgf7YAB","Session_utm_content":"","inquiry":"Gen Enq","fullURL":"https://www-dev.broadridge.com/capability/governance-and-regulatory-compliance/proxy-services/issuer-proxy","page_id":"182853","page_campaign_id":"0","ecid":"","elqCampaignId":"","Formmodel":"flyout","Pagetype":"Products","g-recaptcha-response":"0cAFcWeA5OGea-hpUpETch3XIiv74Hui7SmbmG1JL18v_PjKO6Ueffjmx4cpJCJ4Vyxgdig842_Q0XL-2zijoFHLxNfM3aEM85mEat_-PicwATr4buQlFhCGOxXZL6KefaEPl7qOdpDbCfSMXIOa5F7Ga7_c7irLQ9vhVZgeSw4JhqaAKRMuBGhzQncjVb85Xo53cWTn-xQV2gqVE2TSf0mGsSDFGcyn1tLnPjoR6nfC9EieEqkt1z-Lo8P9-0mx72hiHU7RNqOMRw2u4HeodEsQSsqY-10DzLvojTFCUYwz8mNIUwSsezIi2vr1UTX4mTqm3zVLkw9ZJvs15FwP8Io3tg_oreVGdNL4q9mFeiKnKnB7iFcfQbyjA5UdnTgj38CuxpHiC-kQZQfaTF3RQabBpZ8Uk2gAds_XgRH94n3safQFySI-hId9WRqce7aH9ze_yJGckYIErPYpeEcxZvZm_GeCKE7mCAR834_IMus6SaIgrFY-0FGVDDvNuJK-fsOlo7jnwk4zRdYVwKeu9_SW8PdbMLbnOtp3_2bT40E46S866aqswbKTlsP75sYnTLa95U-um1qF7LSJcy3tHimRCCrxG8MTY6Xlwt3A1QFEQwql7f9MjuIr2ItI7FcWbyYAKMLsFjLvCLtME8Q6XmITHc4pzzfx3aR21ysQRwqgYmbe6H_umOWTQ4DKbxp6qB5li5lCir-rilmvrcUqzuIO4q4reWkeswhTFbohKwHGXu0-DmRfxifmQdv8e7LMjB0uL5FNKqsHATSIn-z89KbwwXU4Mhus_1ruTDsLwbPTjgA5JXwZb--2hBZusmBnHNzSjdIujVI694TAVqrlIAkW9O8uPAmFL0Oe6WpxOXUKEJmquPphYrVN37HG8gLS2N5eoyYfBC3uplKtaDd4KhBhWwiuNQD0fyn3JfzEnqtfM1B0F8OSnQosDIyTa0rvl9viFYRbPBQeX41YMJa6tuU7wGjAJMCqqpEJwRo3h59wtZJaDxQOjp6lsNAqZW6WYNIXv5Y-KYbx02hXPNAxAo8NzBI78pUaVnq-bCA_JS4UNi30xoLZX_nbT7vgq65iXl6xrEkFto0diQFEHovF_fT8Y6Bex5lOXNLEcu-f3oDpPlEtenLBhIQFt8rbObd_IEIDJhtR_E_A3v4yHUgeMg7ZW9mYKqaVhKIKOoX1ZG5_dcHe4plowXTomWNP1g4DJCqCXOQlotIdPh3jgBXBOBWaNeYob9wabPD2MWYawWZZsuTis9-LFlTS8SgF19HVUwzn5ElFULU9DOA8cTs8-6UNiPLtKh7YDml5JpZ0bxjqrIXmOGzfx_tOohtAngaC_2klePinqRxM7rzZeNATbex9BvSZH0nONOdPKVAAzDcXm4Q9YiCc-HMMz2D2aFCPvSK_huYXR49uHmFX5Xa71L1YaJeNK8b5X_oyc_hDXOyKnENrdYlcRM2h4zSmwh8h7z_s3Uc0Cyj--hkrpBInBgIThsJQYly7nA13DfNMZWtbNaimRfRqFYhTXr1eWZbxlf7MBibSFCfQT4S-oBUZhM7N5SH2RmCgn-BvEmo8T4mrz8DysaH8m50gjBNE7pIZOqnWOgcTsCKyU8MqZiCCErAMSoAD6jnP3XyqXW8tOEv_6GRpVNd4OLwbDFa2vuHfvatYYSxltzDQmv_TgszlFZYcuDcT8thy9DBiyIjyexKMN4bAh9bKr8-z0GByaOor5jQ9mIP0Dthn-mGxspzDbQi4Y95XMYUa4sL1bBs4glpynPc7qlkX5ghhnG68iBOwAkG59Vqk4VQdIrIz9ZT3CIqcnRcbCbBtY7F5EdFozI8I8t9tTTHp2upHm3HzAGwQ6VVj_vXR1FF2yT4QTTrUizBdMz8VRBG3JGlqWccIHOr4GM4Tg4gA8VnoRsj1dp9dCNKO9zJXPhPGIk9mS-PqfM8rQ7a0Loy_qa7KwpCmFVJzAQsHuwQXMqzoyFKorUEWMABNx-RInsWmhUswJVVc4aK3rB_qcwhwpmReMCq8ez6rBqZBvEfEFGK49yn0xxEGvODpPswOlLF3-2gjP2jEQcJ5zcqXNQxv2Jv9IEEDHJjhr3u97inyY-RVzvUrxjZXMEQv4O1cK3zLheXs_DjXjnQMlxVF7xfFzJMv1tnoaAwMJkbWX-Ji54_1YCOI2a-wfF65yp0ncC8LZJOOp3aDj3kOuMJm1qEtDjl_YjsuJ0pvQnaQqUuvIK1y8fd0p-v2P41YnuMVNAZL8z96Uo04CYZUXeBzlGOBhTQK0pYHWx_j_UmmMYvISTKW578fTarjxOPff3-k4bKFgWDvmmMbgGZRCWMRd-KGQ0Wg"}
form message = Thank you for your interest in Broadridge.
A representative will contact you within 24 business hours.
formpayload for validation = {"formSubmissionId":"BRWJDE8B9-1771828968872","elqFormName":"","elqSiteID":"","datalayerheader":"","contact":"","formgtm":"","elqCustomerGUID":"","elqCookieWrite":"","segment":"","name_first":"First_9363_TESTTEST","name_last":"Last_9363_TESTTEST","email_work":"automated_TESTTEST_2026-02-23_06_42_46@broadridge.com","phone_business":"999-999-9999","job_title":"Job_9363_TESTTEST","Company":"Company_9363_TESTTEST","country":"United States","comment":"This is an automated test submission.  Please ignore.","id":"","so":"","di":"","ct":"","ep":"","ot":"","mt":"","yr":"","rg":"","on":"","sub-source":"","campaignMostRecentID":"","content-id":"","orig-channel":"","campaign-name":"","campaignMostRecentName":"","campaignMostRecentSource":"","campaignMostRecentMedium":"","campaignMostRecentContent":"","campaignMostRecentTerm":"","campaignMostRecentContentID":"","campaignMostRecentSubSource":"","Persistent_utm_medium":"","Persistent_utm_source":"","Persistent_utm_term":"","Persistent_utm_campaign":"","Persistent_Sub_Source":"","Persistent_Content_ID":"","Persistent_Campaign_ID":"","Persistent_utm_content":"","Session_utm_medium":"","Session_utm_source":"","Session_utm_term":"","Session_utm_campaign":"","Session_Sub_Source":"","Session_Content_ID":"","Session_Campaign_ID":"701RN00000Rbgf7YAB","Session_utm_content":"","inquiry":"Gen Enq","fullURL":"https://www-dev.broadridge.com/capability/governance-and-regulatory-compliance/proxy-services/issuer-proxy","page_id":"182853","page_campaign_id":"0","ecid":"","elqCampaignId":"","Formmodel":"flyout","Pagetype":"Products","g-recaptcha-response":"0cAFcWeA5OGea-hpUpETch3XIiv74Hui7SmbmG1JL18v_PjKO6Ueffjmx4cpJCJ4Vyxgdig842_Q0XL-2zijoFHLxNfM3aEM85mEat_-PicwATr4buQlFhCGOxXZL6KefaEPl7qOdpDbCfSMXIOa5F7Ga7_c7irLQ9vhVZgeSw4JhqaAKRMuBGhzQncjVb85Xo53cWTn-xQV2gqVE2TSf0mGsSDFGcyn1tLnPjoR6nfC9EieEqkt1z-Lo8P9-0mx72hiHU7RNqOMRw2u4HeodEsQSsqY-10DzLvojTFCUYwz8mNIUwSsezIi2vr1UTX4mTqm3zVLkw9ZJvs15FwP8Io3tg_oreVGdNL4q9mFeiKnKnB7iFcfQbyjA5UdnTgj38CuxpHiC-kQZQfaTF3RQabBpZ8Uk2gAds_XgRH94n3safQFySI-hId9WRqce7aH9ze_yJGckYIErPYpeEcxZvZm_GeCKE7mCAR834_IMus6SaIgrFY-0FGVDDvNuJK-fsOlo7jnwk4zRdYVwKeu9_SW8PdbMLbnOtp3_2bT40E46S866aqswbKTlsP75sYnTLa95U-um1qF7LSJcy3tHimRCCrxG8MTY6Xlwt3A1QFEQwql7f9MjuIr2ItI7FcWbyYAKMLsFjLvCLtME8Q6XmITHc4pzzfx3aR21ysQRwqgYmbe6H_umOWTQ4DKbxp6qB5li5lCir-rilmvrcUqzuIO4q4reWkeswhTFbohKwHGXu0-DmRfxifmQdv8e7LMjB0uL5FNKqsHATSIn-z89KbwwXU4Mhus_1ruTDsLwbPTjgA5JXwZb--2hBZusmBnHNzSjdIujVI694TAVqrlIAkW9O8uPAmFL0Oe6WpxOXUKEJmquPphYrVN37HG8gLS2N5eoyYfBC3uplKtaDd4KhBhWwiuNQD0fyn3JfzEnqtfM1B0F8OSnQosDIyTa0rvl9viFYRbPBQeX41YMJa6tuU7wGjAJMCqqpEJwRo3h59wtZJaDxQOjp6lsNAqZW6WYNIXv5Y-KYbx02hXPNAxAo8NzBI78pUaVnq-bCA_JS4UNi30xoLZX_nbT7vgq65iXl6xrEkFto0diQFEHovF_fT8Y6Bex5lOXNLEcu-f3oDpPlEtenLBhIQFt8rbObd_IEIDJhtR_E_A3v4yHUgeMg7ZW9mYKqaVhKIKOoX1ZG5_dcHe4plowXTomWNP1g4DJCqCXOQlotIdPh3jgBXBOBWaNeYob9wabPD2MWYawWZZsuTis9-LFlTS8SgF19HVUwzn5ElFULU9DOA8cTs8-6UNiPLtKh7YDml5JpZ0bxjqrIXmOGzfx_tOohtAngaC_2klePinqRxM7rzZeNATbex9BvSZH0nONOdPKVAAzDcXm4Q9YiCc-HMMz2D2aFCPvSK_huYXR49uHmFX5Xa71L1YaJeNK8b5X_oyc_hDXOyKnENrdYlcRM2h4zSmwh8h7z_s3Uc0Cyj--hkrpBInBgIThsJQYly7nA13DfNMZWtbNaimRfRqFYhTXr1eWZbxlf7MBibSFCfQT4S-oBUZhM7N5SH2RmCgn-BvEmo8T4mrz8DysaH8m50gjBNE7pIZOqnWOgcTsCKyU8MqZiCCErAMSoAD6jnP3XyqXW8tOEv_6GRpVNd4OLwbDFa2vuHfvatYYSxltzDQmv_TgszlFZYcuDcT8thy9DBiyIjyexKMN4bAh9bKr8-z0GByaOor5jQ9mIP0Dthn-mGxspzDbQi4Y95XMYUa4sL1bBs4glpynPc7qlkX5ghhnG68iBOwAkG59Vqk4VQdIrIz9ZT3CIqcnRcbCbBtY7F5EdFozI8I8t9tTTHp2upHm3HzAGwQ6VVj_vXR1FF2yT4QTTrUizBdMz8VRBG3JGlqWccIHOr4GM4Tg4gA8VnoRsj1dp9dCNKO9zJXPhPGIk9mS-PqfM8rQ7a0Loy_qa7KwpCmFVJzAQsHuwQXMqzoyFKorUEWMABNx-RInsWmhUswJVVc4aK3rB_qcwhwpmReMCq8ez6rBqZBvEfEFGK49yn0xxEGvODpPswOlLF3-2gjP2jEQcJ5zcqXNQxv2Jv9IEEDHJjhr3u97inyY-RVzvUrxjZXMEQv4O1cK3zLheXs_DjXjnQMlxVF7xfFzJMv1tnoaAwMJkbWX-Ji54_1YCOI2a-wfF65yp0ncC8LZJOOp3aDj3kOuMJm1qEtDjl_YjsuJ0pvQnaQqUuvIK1y8fd0p-v2P41YnuMVNAZL8z96Uo04CYZUXeBzlGOBhTQK0pYHWx_j_UmmMYvISTKW578fTarjxOPff3-k4bKFgWDvmmMbgGZRCWMRd-KGQ0Wg"}
formSubmissionId = BRWJDE8B9-1771828968872
fullURL = https://www-dev.broadridge.com/capability/governance-and-regulatory-compliance/proxy-services/issuer-proxy
page comparison URL = https://www-dev.broadridge.com/financial-services/corporate-issuer/issuer/simplify-the-annual-meeting-process/interactive-online-document-management
..........!!!...Filling the form failed...!!!........
................Header Contact Us Form Filled...................
v2 ContactUs form found on the bottom = false
V2 ContactUs form NOT found on the bottom
V2 Download form NOT found on the bottom
no cookie button
header ContactUs button found = true
emailTimeStamp = automated_TESTTEST_2026-02-23_06_43_28@broadridge.com
📤 Form payload = {"formSubmissionId":"BR1L2AIER-1771829010366","elqFormName":"","elqSiteID":"","datalayerheader":"","contact":"","formgtm":"","elqCustomerGUID":"","elqCookieWrite":"","segment":"","name_first":"First_9363_TESTTEST","name_last":"Last_9363_TESTTEST","email_work":"automated_TESTTEST_2026-02-23_06_43_28@broadridge.com","phone_business":"999-999-9999","job_title":"Job_9363_TESTTEST","Company":"Company_9363_TESTTEST","country":"United States","comment":"This is an automated test submission.  Please ignore.","id":"","so":"","di":"","ct":"","ep":"","ot":"","mt":"","yr":"","rg":"","on":"","sub-source":"","campaignMostRecentID":"","content-id":"","orig-channel":"","campaign-name":"","campaignMostRecentName":"","campaignMostRecentSource":"","campaignMostRecentMedium":"","campaignMostRecentContent":"","campaignMostRecentTerm":"","campaignMostRecentContentID":"","campaignMostRecentSubSource":"","Persistent_utm_medium":"","Persistent_utm_source":"","Persistent_utm_term":"","Persistent_utm_campaign":"","Persistent_Sub_Source":"","Persistent_Content_ID":"","Persistent_Campaign_ID":"","Persistent_utm_content":"","Session_utm_medium":"","Session_utm_source":"","Session_utm_term":"","Session_utm_campaign":"","Session_Sub_Source":"","Session_Content_ID":"","Session_Campaign_ID":"701RN00000Rbgf7YAB","Session_utm_content":"","inquiry":"Gen Enq","fullURL":"https://www-dev.broadridge.com/capability/governance-and-regulatory-compliance/proxy-services/issuer-proxy","page_id":"182853","page_campaign_id":"0","ecid":"","elqCampaignId":"","Formmodel":"flyout","Pagetype":"Products","g-recaptcha-response":"0cAFcWeA51bUso0z5uDlYnffxykSsOECFJP6USA-caydS-pZA2MMps_NguDmYM73jkcymoQvnIVbnj3zvVBdv2rrwUAI13cp4oM-JozAk3nGVJ98HnPEF2Jaqs_49Mp8YSe6cutBDKhEx7OU6jOAvqAdj3wUvY8kJW6WQx--CpiCHJ2EMwwEwtIVGpS8QbSS4NBylzjpf3ff3iq76Q_rgRYwavGzmvyDDn28kUJdxtolOHpU2JBuwlFxArvJa2F9Y-z2KjYb0jZuWIxlebyfBdK6BDjZuhNjPYckdBRTdrkYeqnrMJiBucERG-zKz15Btm8hjWIDygpkt07QGC8qPnU0lwSCBDooSGgHbFzgz2pQ_JuWgCER9YtoYG0rIcJU6TX6WS-nKJIeDq5W90nbJ5F5MP17zOJlDHky6J4SSGAjBGGNSkDOGH7aoJshUvVEbmpOvnmycygP5Bfpw3rl4gwKEd842clrSR5mqbKrGWGmFVYboU5EI3bDJyPBoiRCG3ZQypffV1adoCJsmvHcgfs64MV8VBsAYcT_KIRxhodbNcx8rx3Ajvuo199E-awQbq-3KmSd0H5E1AelbAJXjihhecQQmgX9vX5SbbKYh-SmN80n_2cHYX3H5wb3UJvsNJPPrOxVvhgZHj46YxRwzfyE7t1r5OL-3SHfD5M7qiGCJav4btKe41gRGsGPZy3mk1HS53_CaMQFysWHugVXeAkWJM8JTvZ9AkqC7rr6Xva47-ghQBh97tg46G-R-Xg9GiCEtj5R5yHPnVaSIIJWvq10U_q32DnaOkym-TXBl-hsIXw8OSvdoxL3vYoqoosoLpdO6PLfMbb-hcWm02d34cVYDnfXhiYxJnIhn-zLBJ6JtDLVEUj3bnRtuOz0-zwFL4B1ofCGfDuPjmlgAXe0FDgGBrd54sq6I1VQNd34rm64wHFRh7kwWq6EUo7uSyXCBwxznklkgD0Nty98l2pIRCRvneudIiNUsr5x0xKuSqrCxFLEr_YgzssDwQvnfuW3zmDHFVAvPx4GCE_Nx2t5Zs8O4Qe84FIzOKgrdCJD4FFmUAYWXJkKAF1W_pjuaRdb26IPRcdcwvAg3jP63Kg4LFZnT3xWXlBWj8jF26VPo12R4fzRvIyJcgEFs_zBmWwAPtkm1HS8wQJn_5W81myyk7qr7qF8NF-6N8slFBqef_351a1U3809Y6YSb55E8ezOYoX8DASWrhTMhJwa3aKjqIoW8wU4Vv1lTmHtb1Ex_WzcbkYv4mW7LWQpsftT4zEFO6eTPIzlG7wt7_6xxYn8bCY3P17LqJFCOn_QqcGhiGNRBspfdxX4QaOsoqbrM8IRDBcNVkhQLSAFdW4OMNu-CNI2ySKmjERZh_vFoxjKxxpLrlUyD9WCL6VvO0LXFQokMVP2BKsf0Y1LpcBd8IdalSc1IlI-tyAOWcBmsO5uASEMbGdpxekOHNG09CcW8aXW0QQrpIPErtK177WjEi8_zbHV4-ovOfQnGA9LzP5j2JQLZFfMEyZRfnE-vYNGesrIH3eYE_2YVUrLCmY1B8bLwGpzLvHOAokyIYJUHgBz9hbj2ubkthwdJRdwip74-a2k2Qt03N3WHqsEJdaWIAZdq4sxss70Eqg-68as_yVcX7gAq_B7i8gBROIpnscSxo2qMQDWgVkg-VJd4Kb_S_Tq86MBGRutIv2w61w-dNa7MXe7W3BpvI5KuRX3d3WoAWN7hDUOVRAg4GCRR9KYnnApNZIe79WHs7uzc7ukzjggp-6P-bSegC2A7AsTC7fV207-MH35uBd0G_MEAbCEuusUr0oWiS_POwyUYpyMsyAokE_As0i_uCmGaKVRwYvXEvg27eSFWsbjDXDhfoZauD8j35GGQcqbruAevQKPG-Pkw087VBkoxiB7HNRToiNKhATLLL00WzCBVRuTXPr37gAKe4U6ECaPOe6CLBMinS-MRQMAmShwqvPItN8U3roMs5MRlG1e02imkpMdT4wyRm5BvDMeYnfBuod7Aa55mc-qs6yarIXbGBEhWIybiuZreV_9LPHmpvxLXcfn28N8U8_AYAW1aZgpMU5b2a6oRLIlXXC0NGmnnibSpTHaGJRS8ni04wC-_yyXvzsxZxGOGBa1GVKRxNRepz_Gy-5y925IJHagW6wJCqKTrl8O4Ih2cL56gv28-nlvWfS38Z8D8d5pbECmEVUV4CbcAdcYz_8ZHou1xAuM4I2roDnUFiU7WT7PgFGJ6t3JT6HhLmsn2U-pScwpS6RiowTqlxYCt_i6USLdUqLYCObIoarQ_kwn3dZboOG30YB_UbkhusXXeUPDxTUcLjDhsKkuwgObYc8qpHob48J2C5vg-7C0X9zFl-IJYbY7cTKFX12hkz300ybLRIMAwJLs3kozP-gQ"}
📤 Form payload = {"formSubmissionId":"BREMZ03UM-1771829010528","elqFormName":"","elqSiteID":"","datalayerheader":"","contact":"","formgtm":"","elqCustomerGUID":"","elqCookieWrite":"","segment":"","name_first":"First_9363_TESTTEST","name_last":"Last_9363_TESTTEST","email_work":"automated_TESTTEST_2026-02-23_06_43_28@broadridge.com","phone_business":"999-999-9999","job_title":"Job_9363_TESTTEST","Company":"Company_9363_TESTTEST","country":"United States","comment":"This is an automated test submission.  Please ignore.","id":"","so":"","di":"","ct":"","ep":"","ot":"","mt":"","yr":"","rg":"","on":"","sub-source":"","campaignMostRecentID":"","content-id":"","orig-channel":"","campaign-name":"","campaignMostRecentName":"","campaignMostRecentSource":"","campaignMostRecentMedium":"","campaignMostRecentContent":"","campaignMostRecentTerm":"","campaignMostRecentContentID":"","campaignMostRecentSubSource":"","Persistent_utm_medium":"","Persistent_utm_source":"","Persistent_utm_term":"","Persistent_utm_campaign":"","Persistent_Sub_Source":"","Persistent_Content_ID":"","Persistent_Campaign_ID":"","Persistent_utm_content":"","Session_utm_medium":"","Session_utm_source":"","Session_utm_term":"","Session_utm_campaign":"","Session_Sub_Source":"","Session_Content_ID":"","Session_Campaign_ID":"701RN00000Rbgf7YAB","Session_utm_content":"","inquiry":"Gen Enq","fullURL":"https://www-dev.broadridge.com/capability/governance-and-regulatory-compliance/proxy-services/issuer-proxy","page_id":"182853","page_campaign_id":"0","ecid":"","elqCampaignId":"","Formmodel":"flyout","Pagetype":"Products","g-recaptcha-response":"0cAFcWeA4Q0s_hr9aZv3Miaa28fKS93CCFRIQm_2PUCNaREPE_fEPONrDpyebN0O3VW8MD3uWKV1eOn2V_aCX_4xOjPGQdxXH7__8mRcuGOzDXeclZAovml7GX7MwdHLwmChQaWqKv3ZUP9NFTrGxBoYunSiEwJNucTTxV5pgd9yMr0cPP1x6EettJqineLzPCPiIsRuIfBASON5r6M4jnKnyuHZPl9R7fSs_L77COCQdaMXY8UzLamPLN4KTDGn-P9N71AmeiSAXJxhLKQsjt9Gx0XaveFPQL8EZ1D0mMdxo7pinr0xaGcmqBPiFIxymghnsfurrZ-6j_khLyFCnHplUlCuFEZAxegeFfxdGxTvAy9qu1DoCSUu4K7cm1pyZsNAhW94AOESIlyEzjZMG5HVIK_tVtvJCeQ8n8v3TGZRr6zzKN6gVBV4yliKIi6ifYTAQ6S-5NmtqwWIcAPh1okBU4HHtik0RVJkwUFY_G_2XGAz2hyJuAJccx7p1oHfz1-0I-j5TBvz2tX5KFqoBGm3QnVZH1_jIV4qoVsqILncST0VdZrBLD3l3DvDq8RRx4BHxCakRpWyvbWAGdK1ebbW0kweTwoLaO1_eH6AReq7vCnfGn3VrwpLwHMxFjyXXX8eDWXeV6-OEpyU_EfN-42amq24nFplddBqQGwojDHhQYY8loCTrh4z3nJI8_88LyzyPD23u5X-y5xfqL0jbr-A6LTcU_bqHoYU_2nj8w4HBpWJCYYnSkugDGweOZ2md_NcZ7y4KG3i80WVzrZA5gEZ9K0PrDcV799-TvIhnLGNv-EmHewDrXoVQ1lPWmuG7XtH_vCUpcQFdi9FbMIfA_giDqHByBabrsvjY2n5QcipIUtG48hhQ1ReMZ4zkUtvb2Wpg1L_Pa35eaQnwdTb1hYQZzaZPsxpok6Z2WKiiei-ky7exzjgKF1dMSham021uwiOUPict-9JfiJi6k-h1t8QkT2lRMxe16gE4vKfD2Ed9hOetHIUjRTokmspRSLRAcAyDvXbMGAeRpXVKZpdStx12ACQkyUTxPSjPxFcNUYDIc37v4MsuiiyKrvf_GZBeA-zPSV7HrkZMHtXnt90la-SWvqo10hhtQd4zTMXFK0NcbHzL_s3zDA38Dijgw8RjcL4fmRzK8mmQtKk9h2EElyANrij3tEWKG9rLa-yeZUi5l-QWlxtG7AgjDFuViogyEpfNjnhlIUiQD6fTKnNKh7OtRh2or2__NgY_ApQtY-krycnweNfnvHfgmQf06yYaUXb_oVR5LhxDVyOWB7bI7pKnBoausBblBsSoX_c-UvPwZju00vqOGOc1MTf9hbaVR5ffRabWCZ30rvbJb0V5fLIKyFbVEN79gHmn-HL72uMRzLUo__yJ6-D0c4DInlGBXZQF1Mp7nFwAYJ_voa9TNz53dE-_NzZINncDVUNLcUU6rxgnk5X9i76Gu2OQA-JCiMu_poP_mECgvEnuLNKO9SE7mQ_xLjbbZ-fM1hIDAWvrVQczXh95m018v93XkcgnHtccI__6W3vlqKBKsVQFk0YQ2YThBgpxEojGuNYGQsShERogOKQ3frcUw3fFSZ9bXXK_Xu5jXSQG3Yc1WwPMUWkddLjyjz6eiDpSStMdGgQefNBAvnjwLeJxORThOr6UcviVN7Z09RU5MMiz0-UTfxPFRVW62XBSR7MAFQwH0mGFrG6ZXMfSLjZheaWXFidTYY5jgKwoOADiwwryMIJd_nh3CPc1fBQwXxTWgTtb9sdboHxiybDxHPXTL95vf21VxPzP7QTjF5ppGJorxK6A--NXNpEr7SFv0-bP87ZrvdvUtelfY-hMHL9RCk-2QXUGUST-7faI3DKRvfDoh2g0bdwnOyFbeoEGYk27GNP3wq3GlzUBIzI3fxaHn5STCJAeTqNSKB_3quuyUQR3v5gkytjqkgYTZirpT6vMMv6GAQtAPIk7IOIlMhJUvoxmAJkCwbwPoNIzyPNIjLSAaLNGDehinnFuzu-iR65pYFV7SD7zRYa6bktGhCfqtmHHZXAYsiaFCH6kQ3YTArqMN8F0Qtb42iCDieY6z4hXXnejTitW8UrjCci3k-sDPXNyx886gaPqT_n8OVl184McpL4DsfE-EnblQdhJDD3-n_hMFns2OHrRDg1uwJi2krM581Rm4j0ihDsl-8NCGFiei6zd_tdOLaIIMmHnakn5OSkzoEq33-XmfeHdfnxB-l7sw2msVFAZCQdHgOUjM7uQUk83cchnwHl4cXYRzcKPpGK_D3bySaazjtOvhiIbclCLcoVAqs9KjBWC0MtJjAD7m1ay_wXxMvk6ojM9CYU7U8y3HZ4hRMubhRRFT8lQ"}
form message = Thank you for your interest in Broadridge.
A representative will contact you within 24 business hours.
formpayload for validation = {"formSubmissionId":"BREMZ03UM-1771829010528","elqFormName":"","elqSiteID":"","datalayerheader":"","contact":"","formgtm":"","elqCustomerGUID":"","elqCookieWrite":"","segment":"","name_first":"First_9363_TESTTEST","name_last":"Last_9363_TESTTEST","email_work":"automated_TESTTEST_2026-02-23_06_43_28@broadridge.com","phone_business":"999-999-9999","job_title":"Job_9363_TESTTEST","Company":"Company_9363_TESTTEST","country":"United States","comment":"This is an automated test submission.  Please ignore.","id":"","so":"","di":"","ct":"","ep":"","ot":"","mt":"","yr":"","rg":"","on":"","sub-source":"","campaignMostRecentID":"","content-id":"","orig-channel":"","campaign-name":"","campaignMostRecentName":"","campaignMostRecentSource":"","campaignMostRecentMedium":"","campaignMostRecentContent":"","campaignMostRecentTerm":"","campaignMostRecentContentID":"","campaignMostRecentSubSource":"","Persistent_utm_medium":"","Persistent_utm_source":"","Persistent_utm_term":"","Persistent_utm_campaign":"","Persistent_Sub_Source":"","Persistent_Content_ID":"","Persistent_Campaign_ID":"","Persistent_utm_content":"","Session_utm_medium":"","Session_utm_source":"","Session_utm_term":"","Session_utm_campaign":"","Session_Sub_Source":"","Session_Content_ID":"","Session_Campaign_ID":"701RN00000Rbgf7YAB","Session_utm_content":"","inquiry":"Gen Enq","fullURL":"https://www-dev.broadridge.com/capability/governance-and-regulatory-compliance/proxy-services/issuer-proxy","page_id":"182853","page_campaign_id":"0","ecid":"","elqCampaignId":"","Formmodel":"flyout","Pagetype":"Products","g-recaptcha-response":"0cAFcWeA4Q0s_hr9aZv3Miaa28fKS93CCFRIQm_2PUCNaREPE_fEPONrDpyebN0O3VW8MD3uWKV1eOn2V_aCX_4xOjPGQdxXH7__8mRcuGOzDXeclZAovml7GX7MwdHLwmChQaWqKv3ZUP9NFTrGxBoYunSiEwJNucTTxV5pgd9yMr0cPP1x6EettJqineLzPCPiIsRuIfBASON5r6M4jnKnyuHZPl9R7fSs_L77COCQdaMXY8UzLamPLN4KTDGn-P9N71AmeiSAXJxhLKQsjt9Gx0XaveFPQL8EZ1D0mMdxo7pinr0xaGcmqBPiFIxymghnsfurrZ-6j_khLyFCnHplUlCuFEZAxegeFfxdGxTvAy9qu1DoCSUu4K7cm1pyZsNAhW94AOESIlyEzjZMG5HVIK_tVtvJCeQ8n8v3TGZRr6zzKN6gVBV4yliKIi6ifYTAQ6S-5NmtqwWIcAPh1okBU4HHtik0RVJkwUFY_G_2XGAz2hyJuAJccx7p1oHfz1-0I-j5TBvz2tX5KFqoBGm3QnVZH1_jIV4qoVsqILncST0VdZrBLD3l3DvDq8RRx4BHxCakRpWyvbWAGdK1ebbW0kweTwoLaO1_eH6AReq7vCnfGn3VrwpLwHMxFjyXXX8eDWXeV6-OEpyU_EfN-42amq24nFplddBqQGwojDHhQYY8loCTrh4z3nJI8_88LyzyPD23u5X-y5xfqL0jbr-A6LTcU_bqHoYU_2nj8w4HBpWJCYYnSkugDGweOZ2md_NcZ7y4KG3i80WVzrZA5gEZ9K0PrDcV799-TvIhnLGNv-EmHewDrXoVQ1lPWmuG7XtH_vCUpcQFdi9FbMIfA_giDqHByBabrsvjY2n5QcipIUtG48hhQ1ReMZ4zkUtvb2Wpg1L_Pa35eaQnwdTb1hYQZzaZPsxpok6Z2WKiiei-ky7exzjgKF1dMSham021uwiOUPict-9JfiJi6k-h1t8QkT2lRMxe16gE4vKfD2Ed9hOetHIUjRTokmspRSLRAcAyDvXbMGAeRpXVKZpdStx12ACQkyUTxPSjPxFcNUYDIc37v4MsuiiyKrvf_GZBeA-zPSV7HrkZMHtXnt90la-SWvqo10hhtQd4zTMXFK0NcbHzL_s3zDA38Dijgw8RjcL4fmRzK8mmQtKk9h2EElyANrij3tEWKG9rLa-yeZUi5l-QWlxtG7AgjDFuViogyEpfNjnhlIUiQD6fTKnNKh7OtRh2or2__NgY_ApQtY-krycnweNfnvHfgmQf06yYaUXb_oVR5LhxDVyOWB7bI7pKnBoausBblBsSoX_c-UvPwZju00vqOGOc1MTf9hbaVR5ffRabWCZ30rvbJb0V5fLIKyFbVEN79gHmn-HL72uMRzLUo__yJ6-D0c4DInlGBXZQF1Mp7nFwAYJ_voa9TNz53dE-_NzZINncDVUNLcUU6rxgnk5X9i76Gu2OQA-JCiMu_poP_mECgvEnuLNKO9SE7mQ_xLjbbZ-fM1hIDAWvrVQczXh95m018v93XkcgnHtccI__6W3vlqKBKsVQFk0YQ2YThBgpxEojGuNYGQsShERogOKQ3frcUw3fFSZ9bXXK_Xu5jXSQG3Yc1WwPMUWkddLjyjz6eiDpSStMdGgQefNBAvnjwLeJxORThOr6UcviVN7Z09RU5MMiz0-UTfxPFRVW62XBSR7MAFQwH0mGFrG6ZXMfSLjZheaWXFidTYY5jgKwoOADiwwryMIJd_nh3CPc1fBQwXxTWgTtb9sdboHxiybDxHPXTL95vf21VxPzP7QTjF5ppGJorxK6A--NXNpEr7SFv0-bP87ZrvdvUtelfY-hMHL9RCk-2QXUGUST-7faI3DKRvfDoh2g0bdwnOyFbeoEGYk27GNP3wq3GlzUBIzI3fxaHn5STCJAeTqNSKB_3quuyUQR3v5gkytjqkgYTZirpT6vMMv6GAQtAPIk7IOIlMhJUvoxmAJkCwbwPoNIzyPNIjLSAaLNGDehinnFuzu-iR65pYFV7SD7zRYa6bktGhCfqtmHHZXAYsiaFCH6kQ3YTArqMN8F0Qtb42iCDieY6z4hXXnejTitW8UrjCci3k-sDPXNyx886gaPqT_n8OVl184McpL4DsfE-EnblQdhJDD3-n_hMFns2OHrRDg1uwJi2krM581Rm4j0ihDsl-8NCGFiei6zd_tdOLaIIMmHnakn5OSkzoEq33-XmfeHdfnxB-l7sw2msVFAZCQdHgOUjM7uQUk83cchnwHl4cXYRzcKPpGK_D3bySaazjtOvhiIbclCLcoVAqs9KjBWC0MtJjAD7m1ay_wXxMvk6ojM9CYU7U8y3HZ4hRMubhRRFT8lQ"}
formSubmissionId = BREMZ03UM-1771829010528
fullURL = https://www-dev.broadridge.com/capability/governance-and-regulatory-compliance/proxy-services/issuer-proxy
page comparison URL = https://www-dev.broadridge.com/financial-services/corporate-issuer/issuer/simplify-the-annual-meeting-process/shareholder-meeting-registration
..........!!!...Filling the form failed...!!!........
................Header Contact Us Form Filled...................
v2 ContactUs form found on the bottom = false
V2 ContactUs form NOT found on the bottom
V2 Download form NOT found on the bottom
no cookie button
header ContactUs button found = true
emailTimeStamp = automated_TESTTEST_2026-02-23_06_44_10@broadridge.com
📤 Form payload = {"formSubmissionId":"BRA02RTUO-1771829052067","elqFormName":"","elqSiteID":"","datalayerheader":"","contact":"","formgtm":"","elqCustomerGUID":"","elqCookieWrite":"","segment":"","name_first":"First_9363_TESTTEST","name_last":"Last_9363_TESTTEST","email_work":"automated_TESTTEST_2026-02-23_06_44_10@broadridge.com","phone_business":"999-999-9999","job_title":"Job_9363_TESTTEST","Company":"Company_9363_TESTTEST","country":"United States","comment":"This is an automated test submission.  Please ignore.","id":"","so":"","di":"","ct":"","ep":"","ot":"","mt":"","yr":"","rg":"","on":"","sub-source":"","campaignMostRecentID":"","content-id":"","orig-channel":"","campaign-name":"","campaignMostRecentName":"","campaignMostRecentSource":"","campaignMostRecentMedium":"","campaignMostRecentContent":"","campaignMostRecentTerm":"","campaignMostRecentContentID":"","campaignMostRecentSubSource":"","Persistent_utm_medium":"","Persistent_utm_source":"","Persistent_utm_term":"","Persistent_utm_campaign":"","Persistent_Sub_Source":"","Persistent_Content_ID":"","Persistent_Campaign_ID":"","Persistent_utm_content":"","Session_utm_medium":"","Session_utm_source":"","Session_utm_term":"","Session_utm_campaign":"","Session_Sub_Source":"","Session_Content_ID":"","Session_Campaign_ID":"701RN00000Rbgf7YAB","Session_utm_content":"","inquiry":"Gen Enq","fullURL":"https://www-dev.broadridge.com/press-release/2012/broadridge-trade-confirmation-matching-solution","page_id":"177489","page_campaign_id":"","ecid":"","elqCampaignId":"","Formmodel":"flyout","Pagetype":"Press Release","g-recaptcha-response":"0cAFcWeA4IJ6vZg7HZh33J6KoblH7sHtw6q0ekUJXEd_br0cAMStJPnVVer3BRhn7Dzkguq6VuOps8Ep5ggQ1H1BNFVwl4sJagRsSltoWqPdtsTKASw5eUz-R10mNjiFNfj2MfLDyfnMjl1PUyLpiMKx2c3reDoDgKqZrRkd6LaBkKxBezaSIjsNb_YtRslPsAjP8bLNvJBWk0fcM05UdpmDDETHvBJunzAus6-5PK1hv_yRW3dsGn0A_7O1-n9fOa22uaAGtajUOQedZ3A-iPeVoLUpP7wtqijKyZd9QwmN0_syg29gZ4lM8FfabSz4mJRJMYVJsD3mq7aBpEy2_xzp-V9l1REsg-u_PA-wIYy5-Idvu8YICYIXrqKiPWQIzwj8CrXjil_412cVOmoVM16h6QURkYBLKyKzZWkQzxkIfxyuAY7vgNo5RSx90EjOhUk2yhlwm8dUSZOQxnUAIU890qBXDeDCEQdkdqBKP2KbS8HBQV9ZdMW4hqZVM7yZs6tdcJ7YJ9-ydtbbmcsqpUP3dyyGUF7BzPb1Sjg7yno6xmE8cJwAJKFNO9W85-6lUw0r0vkGMw6pvKLfCY6pt_foGt89IGo1jbdjFIsIfTZvDLKFwyAYR0GSEm5nFz00F8jfwJfKOA7aocrm1bT5QkHzF0MpqpDruXgerFvxNeAodCHMFLdfP0xfARjBoE3Ytt3ptIaiBtdI8LZ9NWnpRwfdvuXal6PHhGCSO4YcJecKxFjMxpfZxVBMBx4XKFFMcm2O4rR5Fubl10JA1R0kikK_egtSGGxnShB3EILRtknoAKB7Syk6BCbfjKnLODB9bkO11qnnIwTwhaLQ-wTYnX4ZM6cHb1w-FfQ8YqEsNH_UUXM8o-ADTwoynBT_emBoHo0Zdg2PK9AuC_cDfm4nN0TMywGjxTHRSuRkHXMHWkJah_ZdIfxzrPlpFwMYX7XAbdoff3d-prjQFmxYPvvRqFtsHHHuK8BowSyyPOWfNi0FB4JN0Xcbx_HIROXJmMy06JygJwMYCkW7VWhH3H1AvpT50yZcuzdHjy6Muix78CsktCLhmEyIysmrZKkCUXZHL8EEEwNULdAPGnB4sEZEIIO5Ed0te-VY9y01vcf2B-dupSNcl0oiXRBr8i9qiUUWmW17EIorZfomDp1Ugs_hnrOL994w2ZuS4a3btGBX4jMjofTj_vLPg6-iooD9stVhjsFCUJDCKRPL3d8OmYukVZrEk1Lzn79Vd5knk47u2TjdnlaH2SqVTv-Dcz3bkw6LhRElTmwc8AT-cENR06XZcBDIvEuhFavolDwC-au4N2SBJzSI3Yt6gsoSp83NRqvLFG55TkTlIiNVaZY2PSq9uxEi3VXIQ6ySF2BvY9e0Joz3lKoBxX7zBy-NjasQyJ3q7kOEeoOIDb5uKDBPnuQg3EplzD1Lu4BWIT9Gw1INStotBlAulJfJd8erYjJMO0Uhafg9Ez3u7dUEBCFv3VUDCKNDQxicDN3HSXgwfZWRJH8sLkmbXDZZY9yCqB0yWCmi7qPn-rbioSZ67zdYxNJPM7AToSU-E9oOsZcoNJNDAg1sSF0nOGj6vSXlX1VoLOlMEi0yJh7Im_hI2TOkGFUy4XftqxhchFQ487Z3cC1N4rZ07iXGucEbqAFOzI7Hf2LLSC4fSbPtn-ASzyrf4XHb4uBWR9yQ8RrgNlbU_cxueOlXv6kcKZLuUDuTOyS0NeLyFrI6qdwSKoQKZJawA38dGIIPM-P1X2nVyx6b3qFW3do2BkIQIBc772i3tufMQmBvj1aS68ImlGM7wDcUi2egxc47wmMiozsExYCILivJkP6DLeJoM88F0FG9slnYHPyjP-FfQhFJEqoAPb7NPDvE4yNUxLkXq01BhrcZy_zBXzFuplEuZUPb-qDTPrLbddIm9hpPzt6Re9SiIzIdPiiKC74Yl1FyUnAxa1Xa1U403c5PSBL_2bJypTprRWGMG0TbMmqeIO5Nra8RjLQg5ssKNfo5eKubGEhYYYu2GYE4No38knDkjaAjEcpekCnhoImU_Vv8MlNCJbEM5ryRNpHKljFNbkSy07VAZjSInhwFXUv3BjzFT9EHE35DYAWlWKs0iWXI9FXJ5R1Y4mxmvAs7an7IEgrGtexN_kEQYOOQo6w0z_SUmb7lNt5oXKTg0pZgE3YMYxWm0dsxH2VdvlDlODHKuN0OK1f7M52KxwBEOvlGbO6yWmmt89fTy_eDwzVv9b1L0gDTpj39jllZOANI99MbKhaSgTwtjqI3WPWTOoo_t3hKVjd4Pkhp7tWsbQWLuNI8sGdkyUJKmWWUFL93WTRCs0Q1d6O5hLyGSvZvOkIdtLAaqQntFvdriXLVK3bHb0bGn8w8aiIEVnCTFUcC3lzofBnm6uE5pOCsmy034FPTnuYOjJ-ma2cySfrwsZ_fCro_yidq92me_65q9uOJlVZ9ot2X_vjyRxPg"}
📤 Form payload = {"formSubmissionId":"BRZVGNUX1-1771829052237","elqFormName":"","elqSiteID":"","datalayerheader":"","contact":"","formgtm":"","elqCustomerGUID":"","elqCookieWrite":"","segment":"","name_first":"First_9363_TESTTEST","name_last":"Last_9363_TESTTEST","email_work":"automated_TESTTEST_2026-02-23_06_44_10@broadridge.com","phone_business":"999-999-9999","job_title":"Job_9363_TESTTEST","Company":"Company_9363_TESTTEST","country":"United States","comment":"This is an automated test submission.  Please ignore.","id":"","so":"","di":"","ct":"","ep":"","ot":"","mt":"","yr":"","rg":"","on":"","sub-source":"","campaignMostRecentID":"","content-id":"","orig-channel":"","campaign-name":"","campaignMostRecentName":"","campaignMostRecentSource":"","campaignMostRecentMedium":"","campaignMostRecentContent":"","campaignMostRecentTerm":"","campaignMostRecentContentID":"","campaignMostRecentSubSource":"","Persistent_utm_medium":"","Persistent_utm_source":"","Persistent_utm_term":"","Persistent_utm_campaign":"","Persistent_Sub_Source":"","Persistent_Content_ID":"","Persistent_Campaign_ID":"","Persistent_utm_content":"","Session_utm_medium":"","Session_utm_source":"","Session_utm_term":"","Session_utm_campaign":"","Session_Sub_Source":"","Session_Content_ID":"","Session_Campaign_ID":"701RN00000Rbgf7YAB","Session_utm_content":"","inquiry":"Gen Enq","fullURL":"https://www-dev.broadridge.com/press-release/2012/broadridge-trade-confirmation-matching-solution","page_id":"177489","page_campaign_id":"","ecid":"","elqCampaignId":"","Formmodel":"flyout","Pagetype":"Press Release","g-recaptcha-response":"0cAFcWeA6P55UgyTfjoSS73Q-JFQMbm9XrYtJmAIvCCa9Ga1ho-Hr8WWVdE8q57nLQX8F_i6kMFNRJ_mjdr-dZYKh5v9cYeNOIqALzMmXY-kPzIINn6rHAgfkoKmg1BN8-invhGcsJIBSryRoYylrztEv3YHqZyPTM8-5u2U6AThGVbtyNGkCKVcRIkV51oIQd1CwQLhiM7RtRL3Kn20T-TuOJp_FlvJ-XZWwIVjs3NJAe0QI2ID-xinVG-SGd-ywX5awiQj_VZaPEdKhIgmwpY8mieMSnutSb6h5f1U3v0riuzjeDvZMhyht0_WPbaChlfFqq68IcWeJWyMoELEC74jMjiuK86kKWjeEEGOQu-HbfqDLUGM5St8hrAmJgzcVWmihMNAQ2dbpynU8tA1BQ9C70wj_zGpmr2iRpEelKIzynjQRhv-0-vnJ_izKhvdLi96O3jF5BoRKgD_ThG2ZyiLldqdFpZXLpXRiH-EAEjoxWnoWiNoUPP0ntbhp-tze65jJj2EwRhNsZ3_Hu9_zBZXHYO3fWLnUcQt3RNH0126WTw82F-5T6OsQi1oHNgSfwWrNi5rSTck36-IST2-OgtWBHT9E5OqIUcNmBYGfJS7BCVC8qJ_2yVBhEbYhmKrxGTtC8ZlYpJ0-_iFIqstRlheFr3oKk1Zg5JBboLRFVjzP3amqn7HigZYlSchlYL_2PamknfZPEtGjg16I2ukDSViUz57gw1_SoRcnLTOvA7su62mH-yHTBitocAi8jxZ9H4YE2zs0bqGFRXcPB9z6utrihVhfpJbJKQA64WJpIiSiC4z9T4OXaAxra9SWzFZZQuT_CfTlPdJ-mlYx7mE3zIUs22AYMpWFoGLdJ-RXhsmBjuEopFaHpAK7vS8hRyp6ta7nXJsXE05tvGIr5M48hMRGe-2NrzOtGDp3Zi8_kb-wW5-l8TMysMJZFUtzmSeIRoezdLBPaAfpy62gB4kdGvs0av7yWDn2nmX2BPN3bPKVOyfZaN2-zUAENUS4KrrgFtzDMikFAV89TbR68rLw0iZXc3gZ7ANsKla10CFtrXAJ68qy1QpUiCn9V522EsAvukWlVeK_QkEFOJS8gIPX5z9toMS_sspZ7svhQMgd9noE8yV4ZQArkSVlocUrI_cHJmchXOOP5D5ytSbaBkc5fGsXKQwwHmiJsqPaSv2Z97lrtAouRjzrjmfuzwWYCveq-6CpoOnUn_FI_VUlJ4HPBM5kAxA64D6obRBPkzBxvsccFuLRxJ-l5gKeSibCTqI6_9_W3IhDiWVc9Ce6tFtATY8IAUjHvoH8TTAKdSh0q6UL6_L6ljvghrfQz0vjQEBDdii17T6wyfJX4N6BCsLTP5aUEe1d-r6igBnoDenjb-r9wNBEDJdS4X1SLGo03iOpuuYD-SvJIidIWtTtEYTaoO8w2E9H0ktx0DIc2HU-wqE6fM2pu7Vbf_PzH9dPVpN9YaNcdzAlX5vaEokn7HHAeUOPXEIDlqrmY4nTXBkV6rQaALACc9iSwXwxUOmkXV7_NJFbB9qSmFhRte0abuc-pbSry9hYkI6MorH1xp34QZso8vxSvF52jJ1nv1oh4mc0lLqu-U1RcStNVFE98UBxw4LQ3vrEAIu4XBPK869XZpHKRHdBl6V05NHpZypwEsp1Vt9te4YmkTPO7dg9HwfPeoL9T-yTeWMTmUQy2ak590U1DwsRnDURauxf7XitwUf2uD9rOeNr1EzAFiuPJ9-iS-Xkh7N8r_mJKQWZwO90m7h0sSypNgAo0dp3hJEK_WhzjRyTXRuyb0eZmagGHMKgP1b16bQQGPZ7kOAqV8OOstYSJgcSvghnZP-ER79KYVOrS-gjXqmMD5rp069kaWW3s_lL9UL-5RDz63-AJltXU4RlW9evzMRldiJMb5T7j_Mo3amTMtu1W6bNaqWUZaEqfw4TYxoRmsVq85vsjDJAwyXKhin2VnqES85eMEAwr-_NvpLo485sTxGpRuliSPPDJGS4rUC7PYMN4PQs9ZF4tvPv82-irZtztoXdRaN4ewbJtLMt2y5clHJxnPddY3fhSu5yJupI5QfvKzGjUC4sivCoW-L4TLt3dzHFRkG59H2LwoNp9fT-Ap24FtEzw3b7m9yDXe7CEEv5evfp7t9o5gdaGg6ivY7yaMd_MkSbm6GxIwu1iDigcgG82ON5Hv6HIxc19G1Bn13Rp9Rv5JGsMtTp3xlgaX6b_Szw9j2diNpylYx8qjn0aDW4OWh5SxzHMI9BDoAvsh8ZiZ3drmV83ETHd_4kCHF6qSy82x7pfK9rhCQ4i_Anop8_Ng86HCrwDx6VZ6uFRjKR4j-St2C02faTQtbElaD9vXpH5Vhn4fOwCKOOKg4FeCeVi"}
form message = Thank you for your interest in Broadridge.
A representative will contact you within 24 business hours.
formpayload for validation = {"formSubmissionId":"BRZVGNUX1-1771829052237","elqFormName":"","elqSiteID":"","datalayerheader":"","contact":"","formgtm":"","elqCustomerGUID":"","elqCookieWrite":"","segment":"","name_first":"First_9363_TESTTEST","name_last":"Last_9363_TESTTEST","email_work":"automated_TESTTEST_2026-02-23_06_44_10@broadridge.com","phone_business":"999-999-9999","job_title":"Job_9363_TESTTEST","Company":"Company_9363_TESTTEST","country":"United States","comment":"This is an automated test submission.  Please ignore.","id":"","so":"","di":"","ct":"","ep":"","ot":"","mt":"","yr":"","rg":"","on":"","sub-source":"","campaignMostRecentID":"","content-id":"","orig-channel":"","campaign-name":"","campaignMostRecentName":"","campaignMostRecentSource":"","campaignMostRecentMedium":"","campaignMostRecentContent":"","campaignMostRecentTerm":"","campaignMostRecentContentID":"","campaignMostRecentSubSource":"","Persistent_utm_medium":"","Persistent_utm_source":"","Persistent_utm_term":"","Persistent_utm_campaign":"","Persistent_Sub_Source":"","Persistent_Content_ID":"","Persistent_Campaign_ID":"","Persistent_utm_content":"","Session_utm_medium":"","Session_utm_source":"","Session_utm_term":"","Session_utm_campaign":"","Session_Sub_Source":"","Session_Content_ID":"","Session_Campaign_ID":"701RN00000Rbgf7YAB","Session_utm_content":"","inquiry":"Gen Enq","fullURL":"https://www-dev.broadridge.com/press-release/2012/broadridge-trade-confirmation-matching-solution","page_id":"177489","page_campaign_id":"","ecid":"","elqCampaignId":"","Formmodel":"flyout","Pagetype":"Press Release","g-recaptcha-response":"0cAFcWeA6P55UgyTfjoSS73Q-JFQMbm9XrYtJmAIvCCa9Ga1ho-Hr8WWVdE8q57nLQX8F_i6kMFNRJ_mjdr-dZYKh5v9cYeNOIqALzMmXY-kPzIINn6rHAgfkoKmg1BN8-invhGcsJIBSryRoYylrztEv3YHqZyPTM8-5u2U6AThGVbtyNGkCKVcRIkV51oIQd1CwQLhiM7RtRL3Kn20T-TuOJp_FlvJ-XZWwIVjs3NJAe0QI2ID-xinVG-SGd-ywX5awiQj_VZaPEdKhIgmwpY8mieMSnutSb6h5f1U3v0riuzjeDvZMhyht0_WPbaChlfFqq68IcWeJWyMoELEC74jMjiuK86kKWjeEEGOQu-HbfqDLUGM5St8hrAmJgzcVWmihMNAQ2dbpynU8tA1BQ9C70wj_zGpmr2iRpEelKIzynjQRhv-0-vnJ_izKhvdLi96O3jF5BoRKgD_ThG2ZyiLldqdFpZXLpXRiH-EAEjoxWnoWiNoUPP0ntbhp-tze65jJj2EwRhNsZ3_Hu9_zBZXHYO3fWLnUcQt3RNH0126WTw82F-5T6OsQi1oHNgSfwWrNi5rSTck36-IST2-OgtWBHT9E5OqIUcNmBYGfJS7BCVC8qJ_2yVBhEbYhmKrxGTtC8ZlYpJ0-_iFIqstRlheFr3oKk1Zg5JBboLRFVjzP3amqn7HigZYlSchlYL_2PamknfZPEtGjg16I2ukDSViUz57gw1_SoRcnLTOvA7su62mH-yHTBitocAi8jxZ9H4YE2zs0bqGFRXcPB9z6utrihVhfpJbJKQA64WJpIiSiC4z9T4OXaAxra9SWzFZZQuT_CfTlPdJ-mlYx7mE3zIUs22AYMpWFoGLdJ-RXhsmBjuEopFaHpAK7vS8hRyp6ta7nXJsXE05tvGIr5M48hMRGe-2NrzOtGDp3Zi8_kb-wW5-l8TMysMJZFUtzmSeIRoezdLBPaAfpy62gB4kdGvs0av7yWDn2nmX2BPN3bPKVOyfZaN2-zUAENUS4KrrgFtzDMikFAV89TbR68rLw0iZXc3gZ7ANsKla10CFtrXAJ68qy1QpUiCn9V522EsAvukWlVeK_QkEFOJS8gIPX5z9toMS_sspZ7svhQMgd9noE8yV4ZQArkSVlocUrI_cHJmchXOOP5D5ytSbaBkc5fGsXKQwwHmiJsqPaSv2Z97lrtAouRjzrjmfuzwWYCveq-6CpoOnUn_FI_VUlJ4HPBM5kAxA64D6obRBPkzBxvsccFuLRxJ-l5gKeSibCTqI6_9_W3IhDiWVc9Ce6tFtATY8IAUjHvoH8TTAKdSh0q6UL6_L6ljvghrfQz0vjQEBDdii17T6wyfJX4N6BCsLTP5aUEe1d-r6igBnoDenjb-r9wNBEDJdS4X1SLGo03iOpuuYD-SvJIidIWtTtEYTaoO8w2E9H0ktx0DIc2HU-wqE6fM2pu7Vbf_PzH9dPVpN9YaNcdzAlX5vaEokn7HHAeUOPXEIDlqrmY4nTXBkV6rQaALACc9iSwXwxUOmkXV7_NJFbB9qSmFhRte0abuc-pbSry9hYkI6MorH1xp34QZso8vxSvF52jJ1nv1oh4mc0lLqu-U1RcStNVFE98UBxw4LQ3vrEAIu4XBPK869XZpHKRHdBl6V05NHpZypwEsp1Vt9te4YmkTPO7dg9HwfPeoL9T-yTeWMTmUQy2ak590U1DwsRnDURauxf7XitwUf2uD9rOeNr1EzAFiuPJ9-iS-Xkh7N8r_mJKQWZwO90m7h0sSypNgAo0dp3hJEK_WhzjRyTXRuyb0eZmagGHMKgP1b16bQQGPZ7kOAqV8OOstYSJgcSvghnZP-ER79KYVOrS-gjXqmMD5rp069kaWW3s_lL9UL-5RDz63-AJltXU4RlW9evzMRldiJMb5T7j_Mo3amTMtu1W6bNaqWUZaEqfw4TYxoRmsVq85vsjDJAwyXKhin2VnqES85eMEAwr-_NvpLo485sTxGpRuliSPPDJGS4rUC7PYMN4PQs9ZF4tvPv82-irZtztoXdRaN4ewbJtLMt2y5clHJxnPddY3fhSu5yJupI5QfvKzGjUC4sivCoW-L4TLt3dzHFRkG59H2LwoNp9fT-Ap24FtEzw3b7m9yDXe7CEEv5evfp7t9o5gdaGg6ivY7yaMd_MkSbm6GxIwu1iDigcgG82ON5Hv6HIxc19G1Bn13Rp9Rv5JGsMtTp3xlgaX6b_Szw9j2diNpylYx8qjn0aDW4OWh5SxzHMI9BDoAvsh8ZiZ3drmV83ETHd_4kCHF6qSy82x7pfK9rhCQ4i_Anop8_Ng86HCrwDx6VZ6uFRjKR4j-St2C02faTQtbElaD9vXpH5Vhn4fOwCKOOKg4FeCeVi"}
formSubmissionId = BRZVGNUX1-1771829052237
fullURL = https://www-dev.broadridge.com/press-release/2012/broadridge-trade-confirmation-matching-solution
page comparison URL = https://www-dev.broadridge.com/press-release/2012/broadridge-trade-confirmation-matching-solution
................Header Contact Us Form Filled...................
V2 ContactUs form NOT found on the bottom
V2 Download form NOT found on the bottom
no cookie button
header ContactUs button found = true
emailTimeStamp = automated_TESTTEST_2026-02-23_06_44_49@broadridge.com
📤 Form payload = {"formSubmissionId":"BR6FYDG3Z-1771829091198","elqFormName":"","elqSiteID":"","datalayerheader":"","contact":"","formgtm":"","elqCustomerGUID":"","elqCookieWrite":"","segment":"","name_first":"First_9363_TESTTEST","name_last":"Last_9363_TESTTEST","email_work":"automated_TESTTEST_2026-02-23_06_44_49@broadridge.com","phone_business":"999-999-9999","job_title":"Job_9363_TESTTEST","Company":"Company_9363_TESTTEST","country":"United States","comment":"This is an automated test submission.  Please ignore.","id":"","so":"","di":"","ct":"","ep":"","ot":"","mt":"","yr":"","rg":"","on":"","sub-source":"","campaignMostRecentID":"","content-id":"","orig-channel":"","campaign-name":"","campaignMostRecentName":"","campaignMostRecentSource":"","campaignMostRecentMedium":"","campaignMostRecentContent":"","campaignMostRecentTerm":"","campaignMostRecentContentID":"","campaignMostRecentSubSource":"","Persistent_utm_medium":"","Persistent_utm_source":"","Persistent_utm_term":"","Persistent_utm_campaign":"","Persistent_Sub_Source":"","Persistent_Content_ID":"","Persistent_Campaign_ID":"","Persistent_utm_content":"","Session_utm_medium":"","Session_utm_source":"","Session_utm_term":"","Session_utm_campaign":"","Session_Sub_Source":"","Session_Content_ID":"","Session_Campaign_ID":"701RN00000Rbgf7YAB","Session_utm_content":"","inquiry":"Gen Enq","fullURL":"https://www-dev.broadridge.com/press-release/2012/matrix-expands-trueopen-architecture-platform","page_id":"177726","page_campaign_id":"","ecid":"","elqCampaignId":"","Formmodel":"flyout","Pagetype":"Press Release","g-recaptcha-response":"0cAFcWeA76qp_ZlHgwrrQSftJNOM-y4M9xB-mRvETewfLrXWyS7ew8wYUyqqvHnL_eZjiKK-nHP5nWJycquT0e3wbB5ucfPuR1rZ2jBpLTuBQccGKz8GdBoyxJZpXuAjiRez3veGeBzW22yUjfHkVgZWXANePFERN3RZmbzF38uIyJPjcO23oweAZSOuDU57q5jxFPS_95Gd3yuy529Pco2XI1zdcZEVH5NFl8qZ0Rqutz2dMNhoHL7Szf5zTL7dIEcDyqh4-ML6Gt4gJVyB5msBHGCsh575x_siouxDkVnkzkbVKZCCwxKzlROzpGgj5bRgpCY-nIbJ6sZgckUwIYLrbgBJIK3DA9oJZUsjXqeDhk1lNu6FUuMXpizmJ7bB-Xe81fAoJjgM-WeDkFBOObkuYQO_yZDGrL9zKzCgZ2r5QjYKHHqC876wWbg5JnCsrwVSniFuQWlZWuG5xq8A_t2NvT6TlICJBiVJhQA5H64evHw8WYey-ltvpCETLTOM8AfAsoQ_n82TA5_yeI3gjfc3O9coWlTRrxdViRdod4I3AwExU5Bl_fBZlyCsw4hWdn8Nxxozx7iovyBUx116iiT7-ghjjH0nRnq_YOpdVbWbdnvP85CJLa9ozEiv81FjvSJE5dDJqd3yVC0z4gOEgLpIveDbkciltbARnQcsVGn-Rhlg17BrdbW-kxorF2567y7cyZYTHXYaD4zqsm44Mt-9VClOpC66OkKKGE0Tr2hN-Fn-IUTKtMhrR3WfkWxeCiSlsnJeqHH45X73TFtRuiUUlOFrdnUBed09IBKv8J4mVmksXbzoHH9XID3l7lKJ26GKVh2Incjo736hQxEJ-PXMu6qGdTyHx6vv9ZRH7hw2eBiz19mtXIAlChN_lR4f3ZLoPK4Jn_gsvsirK0zLB_g6ElIA5_7gSlA1cP2BCHgFx7J1NbEPPfPCEFRUoEvLu4JUuOVwOWWvFN8tlenKJXUC_Zk9LaSQxkw030Kn6EWyFbTa5RRjYVE3uA2fHxYWaeZHCBCZIoajCO_kTpjU5q-5vgn7Vdjke1ezMtm1UqJjUM5wYSLq7GoO8Ao1jbCO-c8uoeBfa4fjvNGHjzqAG4541fDBU04_fxSmP1EVLhO0po997Lef6qqIBLkEfmYvkVjADhcQjamFBWsnIf7FhbdDs_2D8UtXBqn_lpbWzKt81wU0GH7sB0uiNOTkIOrSo3eTe9IwcfFbhkNm0G9jAh1hN4Ck1zS21yjJXEQA951sJcwRQQNhLokQD4oA5Lwi-xGEGOK0zllCJh4zhkZJEZt_IntTzp0eGDKXwrFGINPK0WxN4dsURI369CNAZhJmtkVGXKZSKG_4oMjNrrGbgNNoK39DGV18CMkfkfVFkT6qA8V-aeKfBsny4cooiCP1GfFTr4NUSJ5GOpRaSLiotnz0zHFU4NLuDl1CtwSAxrH0UhdnbMhFjBfntph5YH_RLjoGsIaQQQhtglHD4JaHz4_Pf15KvDV71nk9B4DwVXfhjBcPVUElN0UpcEZLSJSYSHVlz67ST7Z2D619RakijizbSNaYdzlu-ftJcjF0XUGYfEJ6QP71oX76CPMg01hIOGbFTgltnFIv1GGDMw0nczchQ9EJSw347giCUYqsEMqLOLJWMb3amO7nScZzgNwAgNDI15P8vdLH7docw3VA-u9lCixiGaZaScEyGgu54Rv7NanmiBH-lwwQ3rRu38IAJXOO1AMoCCmldFUn5zokydbZAunjkR9IzSsKoFi0owvTE4_5Q1GBjXXqNS4nP4_-5oaEj1UXDHYfm9jJ0sOZJiLsl5MZeq6nbC7XFFwKEq515G-Is0M8scG57rWsG_iAWsbJ5PX2b-yS-qYX1S0JrG3kolzYNc3aWZr1w0RhNWUvIVOGALhmdCI6vSL3I06c4NbLiYhObVrxBXmrrwTLu05m26SCz5TKB4RKisNUo55VsznxS2kicKxstWnbvF8fkXQKJa4_Vo8YwNaxqaFx9zUHglk-y2vyj-ZCxr7pls67HZEvYQIxK3_vTUZMGDSS5Nsa4O2_4C4bb-QxRaZdpRMnx6m3FK1MqfvP5bOn2aJSdmMTbN7cFaFfPBEUUpMbphHZfyz53vz-UNRcXJNuQIRdqrfZ0dF5UqFQiLNxw4qBAfsRarXm1Uusks1C6HqcusDylH9_rxpcIqqmgqP7-kW9ZGHNchvJyaOYd74gqXiavKmOR0IAzJVhL3gtaCITulCY9jvvJOsczKZNH74L8MDEAKXhq_ry7TPeRR2H0nBvgQ7pOUr9eVFLFRgw0KwA0_nsEPtLzyjlzqxi8i4nBo6_HoMCwFVmRD1C-h_36OIV_wzdhe0hibgbpwMsNVfHmB1mw5s3IWoTZbdHUfJU_IBi6DAMtdHv5SNLR6_Z_2RljnvB_YCHXe2eBrP5CFa2ehLVqkg5RFB8TX"}
📤 Form payload = {"formSubmissionId":"BRKL6N7VI-1771829091366","elqFormName":"","elqSiteID":"","datalayerheader":"","contact":"","formgtm":"","elqCustomerGUID":"","elqCookieWrite":"","segment":"","name_first":"First_9363_TESTTEST","name_last":"Last_9363_TESTTEST","email_work":"automated_TESTTEST_2026-02-23_06_44_49@broadridge.com","phone_business":"999-999-9999","job_title":"Job_9363_TESTTEST","Company":"Company_9363_TESTTEST","country":"United States","comment":"This is an automated test submission.  Please ignore.","id":"","so":"","di":"","ct":"","ep":"","ot":"","mt":"","yr":"","rg":"","on":"","sub-source":"","campaignMostRecentID":"","content-id":"","orig-channel":"","campaign-name":"","campaignMostRecentName":"","campaignMostRecentSource":"","campaignMostRecentMedium":"","campaignMostRecentContent":"","campaignMostRecentTerm":"","campaignMostRecentContentID":"","campaignMostRecentSubSource":"","Persistent_utm_medium":"","Persistent_utm_source":"","Persistent_utm_term":"","Persistent_utm_campaign":"","Persistent_Sub_Source":"","Persistent_Content_ID":"","Persistent_Campaign_ID":"","Persistent_utm_content":"","Session_utm_medium":"","Session_utm_source":"","Session_utm_term":"","Session_utm_campaign":"","Session_Sub_Source":"","Session_Content_ID":"","Session_Campaign_ID":"701RN00000Rbgf7YAB","Session_utm_content":"","inquiry":"Gen Enq","fullURL":"https://www-dev.broadridge.com/press-release/2012/matrix-expands-trueopen-architecture-platform","page_id":"177726","page_campaign_id":"","ecid":"","elqCampaignId":"","Formmodel":"flyout","Pagetype":"Press Release","g-recaptcha-response":"0cAFcWeA7sOB8TR-iNFkQnV4vKofMPkXFlvioqh7V-0d47h6WNCgcW5cE7UmA1XXUi9x6YjhkucVUXRELVpv0bWfWGP64HxLni0LfFzaETb9ISG3lO67Rza8TDlszlMMWGQnfyCnbuCePyOUEN7QCUOagzafhRwmU4K7ukoJpHa3ygtENqcVCw-eFC7OS_IPjAagzPXFU0PcPI9-VYf32xZervtXpVqo8L93houT4Z6vt6HzJxSO690pLNqCT1dAiOpgoLUxmZjCeBrdN4MD2_sjB37upe7Dw2IJjxGvLLWst0hbBGDTXr7O8FO1b078LAPzVw0C1S3ydLuQjn7TUSpM5NSg2RE9LIk1Y4fsi1pcScIS6HdmmmOlgakn-O5Sxz3FbRd3U_tDUv_HJEojPOUs5K40JwmgEwaPmTf3p8tJ_ijJk12qmSR6b9t5tdseJ6zE1Z4wQ_aiRgSn2Wrm8xUnxuFJTWTfHbrS-rSoe-e3wBYiC2HkQVfK0L1myFYh1tKpN_ORdB_ugMmab9Diyg8bM4sZwmdEW1kd0Atrbysc59j0zyiUjgaxa0FfwgQmqTVDVVX-6YHbbVObWFqqknKFGYQVRELOCnnS3_Thzspid73yQJaEbYlGRolPaw0Hr9hiSuK2Mty6N8xisaOS-x6XJmXCMmOrxIMOp1TApagE9Y9TNgGf4-5TQQa2avKqVBaFo-rGS3OySEvTG6ZVKWblefgJ8EaWcFqEO7sqoH7lyGTlnh-Sp7h6xQ9wV7uWVYItKku1084mtbHMbC0OLFpeV8Guf2Nr-OTzqc-tAFJherMuUTAWry1UC0yJtCkiuYjMLy3Npm7uY4tiU3LpTBkSOxzur-27XKkrKWqLJYT9-cMHsIJagORnGHvDvp_OoepwdxESi9ZFceA0bx03bgtg0zxPYim19CIS5_fjybvDjwsgxh14bq2CMhaW4aioNGGN6dnsjcAn6RNBgprYVutnHZsMPqBBpS40jo66pXQndZNd3VFrA-lQeOI1Ix-PSXtlD5DKF1nk_DYRjbEyxTOV1ZuW_0eSi0tuLQjMX2ArjQM3wvKf1GmkmikDvuTRHtET23_qDqxz9r8GGFJ4uvItSu7BBcWk5Ds9j437lc-rgX6gYYXDA6ROAne-Vt8IICgjVpoWO-Xyf5oDMewStvMwgafhdxQcwwW4u9tjAgGe-Z8Xnps9X3uokLe4TG4VTHUgexDOC6TuIMFb0wfjucawLWLq3NOND__EQQDFSDgMIbKEqyDr5D-p1n5Im4fz1fiyW4SGO81ERggAFmHubO-7m6-nwTnajQdnLbWf8vBBeqil85iymWWRxJ3oOtL6rkHBm-gCd89xkW-GTCwP0sST4o2H5ppew8V_z2gUdqKKQtU322eWUkHLnmBbw9cqwGvpbXL3l4f_pk2l-DF8Ov3uCYCILGSNl-WPh3xRE0Ap_90F7AsWn9L4sMZ3gmTvpq1byNG2rS0sNv5xVlAqSQwtSv_uUxv-J2K4G09H_zqx8a93JqSDkCFYNRVKWkKV-r2elHLzuFkiwy01gIJNhkoXssM9ZB-jFw34nsdrYPpo7kRquWIzZ068k9SKhCvDpJDkNsoLB3zyYA4niebk4xNsoUgVBrGGYXI9lYfl8uWuWunKHkoBcAE7zmbWgcJf3BCJzy76Bhc4V3UvwKrc5KrDDhHrQ36rn4HIt3xqRSk4-D-p1XN7tW_VeYLyLRSkjtrvwZaWvIrhtxyXtPxBFYlrisbHMXzOFvjLdChjhU2b8j9JaQD4g6zmsv4A8JitVpnfSIcbZ2tesdGZYpqFvcThog8WIP7FLqjCmGB9H6aTn2NeiCTuBDIqGH1YWuIJhEAMbXqsuJwCeo-ZDvLokdHY2oANOfx0IbkhGXdAJJS4UBmK3Yo53z1wuijqtNWIL3CsUJuZ8N6Wygy_iDzt3iZilojISOP2iUCon8IRiVGUL4-fx4G9ky5Bj9nxrgBqBOz8cW2SOriEEvrltFq6o0PEotk90EpLIBM3PrcI0Wjd7IeXIFxewzwVyh1l1iGN6I4nGcLmSvBNETzCniTyfw9fhwCBSL9bGLJ_M0Rj2yCcybYLHP4MeIP0miuyPODuIO46TOJh4VzheAHCUew3Aj-Q0q03OAPWHTVvsu475o9QP5yYOGvce62rNZtWzJdcN5pvYwT2mavt7XVHRDQpylxUpvxaPESFoUymxJTiIzTpr7zspSshEro-7tcHwwDVsQnJenkoMgugX7Md2uIBrPBfcE7g6K41bVo4U4-pWpZWaluxYEhNyrZBQfGwt3tHCUEVzrZljQkEcxmcXdzub8WmEc9CM6dJ_-pRAa07Wr2Cl_jWIvTMHTMr9eICQxMloAfRbX1w4Ol2BJir_V_KkVLe1mDZnCMopEsWc72Q69a-dGTQ4tqxErovw"}
form message = Thank you for your interest in Broadridge.
A representative will contact you within 24 business hours.
formpayload for validation = {"formSubmissionId":"BRKL6N7VI-1771829091366","elqFormName":"","elqSiteID":"","datalayerheader":"","contact":"","formgtm":"","elqCustomerGUID":"","elqCookieWrite":"","segment":"","name_first":"First_9363_TESTTEST","name_last":"Last_9363_TESTTEST","email_work":"automated_TESTTEST_2026-02-23_06_44_49@broadridge.com","phone_business":"999-999-9999","job_title":"Job_9363_TESTTEST","Company":"Company_9363_TESTTEST","country":"United States","comment":"This is an automated test submission.  Please ignore.","id":"","so":"","di":"","ct":"","ep":"","ot":"","mt":"","yr":"","rg":"","on":"","sub-source":"","campaignMostRecentID":"","content-id":"","orig-channel":"","campaign-name":"","campaignMostRecentName":"","campaignMostRecentSource":"","campaignMostRecentMedium":"","campaignMostRecentContent":"","campaignMostRecentTerm":"","campaignMostRecentContentID":"","campaignMostRecentSubSource":"","Persistent_utm_medium":"","Persistent_utm_source":"","Persistent_utm_term":"","Persistent_utm_campaign":"","Persistent_Sub_Source":"","Persistent_Content_ID":"","Persistent_Campaign_ID":"","Persistent_utm_content":"","Session_utm_medium":"","Session_utm_source":"","Session_utm_term":"","Session_utm_campaign":"","Session_Sub_Source":"","Session_Content_ID":"","Session_Campaign_ID":"701RN00000Rbgf7YAB","Session_utm_content":"","inquiry":"Gen Enq","fullURL":"https://www-dev.broadridge.com/press-release/2012/matrix-expands-trueopen-architecture-platform","page_id":"177726","page_campaign_id":"","ecid":"","elqCampaignId":"","Formmodel":"flyout","Pagetype":"Press Release","g-recaptcha-response":"0cAFcWeA7sOB8TR-iNFkQnV4vKofMPkXFlvioqh7V-0d47h6WNCgcW5cE7UmA1XXUi9x6YjhkucVUXRELVpv0bWfWGP64HxLni0LfFzaETb9ISG3lO67Rza8TDlszlMMWGQnfyCnbuCePyOUEN7QCUOagzafhRwmU4K7ukoJpHa3ygtENqcVCw-eFC7OS_IPjAagzPXFU0PcPI9-VYf32xZervtXpVqo8L93houT4Z6vt6HzJxSO690pLNqCT1dAiOpgoLUxmZjCeBrdN4MD2_sjB37upe7Dw2IJjxGvLLWst0hbBGDTXr7O8FO1b078LAPzVw0C1S3ydLuQjn7TUSpM5NSg2RE9LIk1Y4fsi1pcScIS6HdmmmOlgakn-O5Sxz3FbRd3U_tDUv_HJEojPOUs5K40JwmgEwaPmTf3p8tJ_ijJk12qmSR6b9t5tdseJ6zE1Z4wQ_aiRgSn2Wrm8xUnxuFJTWTfHbrS-rSoe-e3wBYiC2HkQVfK0L1myFYh1tKpN_ORdB_ugMmab9Diyg8bM4sZwmdEW1kd0Atrbysc59j0zyiUjgaxa0FfwgQmqTVDVVX-6YHbbVObWFqqknKFGYQVRELOCnnS3_Thzspid73yQJaEbYlGRolPaw0Hr9hiSuK2Mty6N8xisaOS-x6XJmXCMmOrxIMOp1TApagE9Y9TNgGf4-5TQQa2avKqVBaFo-rGS3OySEvTG6ZVKWblefgJ8EaWcFqEO7sqoH7lyGTlnh-Sp7h6xQ9wV7uWVYItKku1084mtbHMbC0OLFpeV8Guf2Nr-OTzqc-tAFJherMuUTAWry1UC0yJtCkiuYjMLy3Npm7uY4tiU3LpTBkSOxzur-27XKkrKWqLJYT9-cMHsIJagORnGHvDvp_OoepwdxESi9ZFceA0bx03bgtg0zxPYim19CIS5_fjybvDjwsgxh14bq2CMhaW4aioNGGN6dnsjcAn6RNBgprYVutnHZsMPqBBpS40jo66pXQndZNd3VFrA-lQeOI1Ix-PSXtlD5DKF1nk_DYRjbEyxTOV1ZuW_0eSi0tuLQjMX2ArjQM3wvKf1GmkmikDvuTRHtET23_qDqxz9r8GGFJ4uvItSu7BBcWk5Ds9j437lc-rgX6gYYXDA6ROAne-Vt8IICgjVpoWO-Xyf5oDMewStvMwgafhdxQcwwW4u9tjAgGe-Z8Xnps9X3uokLe4TG4VTHUgexDOC6TuIMFb0wfjucawLWLq3NOND__EQQDFSDgMIbKEqyDr5D-p1n5Im4fz1fiyW4SGO81ERggAFmHubO-7m6-nwTnajQdnLbWf8vBBeqil85iymWWRxJ3oOtL6rkHBm-gCd89xkW-GTCwP0sST4o2H5ppew8V_z2gUdqKKQtU322eWUkHLnmBbw9cqwGvpbXL3l4f_pk2l-DF8Ov3uCYCILGSNl-WPh3xRE0Ap_90F7AsWn9L4sMZ3gmTvpq1byNG2rS0sNv5xVlAqSQwtSv_uUxv-J2K4G09H_zqx8a93JqSDkCFYNRVKWkKV-r2elHLzuFkiwy01gIJNhkoXssM9ZB-jFw34nsdrYPpo7kRquWIzZ068k9SKhCvDpJDkNsoLB3zyYA4niebk4xNsoUgVBrGGYXI9lYfl8uWuWunKHkoBcAE7zmbWgcJf3BCJzy76Bhc4V3UvwKrc5KrDDhHrQ36rn4HIt3xqRSk4-D-p1XN7tW_VeYLyLRSkjtrvwZaWvIrhtxyXtPxBFYlrisbHMXzOFvjLdChjhU2b8j9JaQD4g6zmsv4A8JitVpnfSIcbZ2tesdGZYpqFvcThog8WIP7FLqjCmGB9H6aTn2NeiCTuBDIqGH1YWuIJhEAMbXqsuJwCeo-ZDvLokdHY2oANOfx0IbkhGXdAJJS4UBmK3Yo53z1wuijqtNWIL3CsUJuZ8N6Wygy_iDzt3iZilojISOP2iUCon8IRiVGUL4-fx4G9ky5Bj9nxrgBqBOz8cW2SOriEEvrltFq6o0PEotk90EpLIBM3PrcI0Wjd7IeXIFxewzwVyh1l1iGN6I4nGcLmSvBNETzCniTyfw9fhwCBSL9bGLJ_M0Rj2yCcybYLHP4MeIP0miuyPODuIO46TOJh4VzheAHCUew3Aj-Q0q03OAPWHTVvsu475o9QP5yYOGvce62rNZtWzJdcN5pvYwT2mavt7XVHRDQpylxUpvxaPESFoUymxJTiIzTpr7zspSshEro-7tcHwwDVsQnJenkoMgugX7Md2uIBrPBfcE7g6K41bVo4U4-pWpZWaluxYEhNyrZBQfGwt3tHCUEVzrZljQkEcxmcXdzub8WmEc9CM6dJ_-pRAa07Wr2Cl_jWIvTMHTMr9eICQxMloAfRbX1w4Ol2BJir_V_KkVLe1mDZnCMopEsWc72Q69a-dGTQ4tqxErovw"}
formSubmissionId = BRKL6N7VI-1771829091366
fullURL = https://www-dev.broadridge.com/press-release/2012/matrix-expands-trueopen-architecture-platform
page comparison URL = https://www-dev.broadridge.com/press-release/2012/matrix-expands-trueopen-architecture-platform
................Header Contact Us Form Filled...................
V2 ContactUs form NOT found on the bottom
V2 Download form NOT found on the bottom
no cookie button
header ContactUs button found = true
emailTimeStamp = automated_TESTTEST_2026-02-23_06_45_28@broadridge.com
📤 Form payload = {"formSubmissionId":"BRELVWY1F-1771829130525","elqFormName":"","elqSiteID":"","datalayerheader":"","contact":"","formgtm":"","elqCustomerGUID":"","elqCookieWrite":"","segment":"","name_first":"First_9363_TESTTEST","name_last":"Last_9363_TESTTEST","email_work":"automated_TESTTEST_2026-02-23_06_45_28@broadridge.com","phone_business":"999-999-9999","job_title":"Job_9363_TESTTEST","Company":"Company_9363_TESTTEST","country":"United States","comment":"This is an automated test submission.  Please ignore.","id":"","so":"","di":"","ct":"","ep":"","ot":"","mt":"","yr":"","rg":"","on":"","sub-source":"","campaignMostRecentID":"","content-id":"","orig-channel":"","campaign-name":"","campaignMostRecentName":"","campaignMostRecentSource":"","campaignMostRecentMedium":"","campaignMostRecentContent":"","campaignMostRecentTerm":"","campaignMostRecentContentID":"","campaignMostRecentSubSource":"","Persistent_utm_medium":"","Persistent_utm_source":"","Persistent_utm_term":"","Persistent_utm_campaign":"","Persistent_Sub_Source":"","Persistent_Content_ID":"","Persistent_Campaign_ID":"","Persistent_utm_content":"","Session_utm_medium":"","Session_utm_source":"","Session_utm_term":"","Session_utm_campaign":"","Session_Sub_Source":"","Session_Content_ID":"","Session_Campaign_ID":"701RN00000Rbgf7YAB","Session_utm_content":"","inquiry":"Gen Enq","fullURL":"https://www-dev.broadridge.com/press-release/2012/jose-contin-to-lead-broadridge-city-networks-expansion-in-emea","page_id":"177499","page_campaign_id":"","ecid":"","elqCampaignId":"","Formmodel":"flyout","Pagetype":"Press Release","g-recaptcha-response":"0cAFcWeA7z4Jfvj3SmxEGD0riv2r0HYsRzNYSqqb_E5sia-vvou5h95ml04Fi7a_Wq2aIFSCKZvRKIKTyBzA6NS1oUch0ahs8LAthCgxUNrXWnG3wma5-edPQQ2JnrDGC9bjcGUOyGC-g8KqEecDH1g44cFrlhewLsCQYcREUXfULyk_pamUn-KhPwC6uYVr5Fuv_RUKVi_LoYR4yOr3N6oi-HKRLVcqCLl3yt81rIP9V5kN4XthhEt6O2pA2lCcyIG_m2beD9CUhH6llZqveFJHabKTans4NFRR3BY1XcvDUjfC0I2fetwseOL8J2ra6XWKVCWPnEeOkuMzZIfcXYu8lHkWfOtdrVnyEn5pAp1sDPEJDNmVomrNCb9oLqPO74IpxAzF5iq2SkPJoNf7X87FUDZJ6WtC4JMgW2MxixU6pAF4f-v141Ne6EVo5GsL_cHFWipqpQ0x2JePss0kVKeHte390nqf5Vj15tMlaJ2ESRj4W0awRgS8W0614FQgpVRxBoPmGkKozBNvb0JKgigkWQ7p6G8WiLaOy9L4rGIg0XKrKb9M0ezI9fHOpEoyJsRelkKlyFnAS5dv-HNSOdMrw_19Sqd0zQoAq2XqiENn5preEVs3htVGA5QUsAbwR4xcnF8jtqlZHFqV7t_FwqnVfBQ-dyZNPAmVFBFyiLg80Iv3-KKBvV7f4HS61pT-XHqU4oQSktn-IvdRE2oyru63EvBkELLY9JxZpgr4tpDbIl3BtWm5FU4E0bd4Y0V5-dOvWg9cQEWBzh4hJ-IEpwLbl1XwEdlm_dp33F6eLJ0DO2RovOKpvlCTIZhwpxMbxjeSSLsiXe48ji1Wrj4LzJCrfP3porKN0gHISegGEc9ypXU-sWfBtWd7CN8o-Dcb71rTa9Erd40Xj3eamrKtvGNx5qnwWvudiHXiG48UQ8CbmkAVJfTXSdvend4L4ONwKt0DVlgxyE-YuEColUlYjp9cPlq6sWLKyQ1f9JY6J92yNvPlwIL_Bvk6H8Q8ZxKWOupeRn_JtOAklzuD1hlNnTt4qOqiDuNCHxc8ds4SxuA83LQrCc-9iR2Z9k1Bp8WCYnDZ02GQVh7vCv7hpV_aNNSKVSxRP4KtyIUXZqxBzSP0qsr9ub2L7sVen9rt2P5KEfowDq-pvFwAzxYNP5LCMrKe112d8MeOx3mE_VQeHquwp8sM_GVQF6GXbHyaJWVGvNbdIhP4O3aTQHRnwoe2Id2LjlJf9va1xrWVA5Gi8f7faZMuvGNtzCY-bf_hotP0CdNsflOCu_4iBzLRysvvUeYeyCbk3jz9GCqnyq9_n-x5is4-pIQK2Y6T1sboD5YNwv9y8OH9_UmF43MsaORxEh_hIvqKHlThEcnox7vkXuQJpFe9EgmMCsfGINp_IoaA2HScATfT5YVP4EnRDgFsK1Kg31ToYTHhbbvQVc0OAbBScBWvu-RL4KbovinISE_ddoDL-vOFWdJRLmtc8nPtnXLXG1ZyLPKJTC7kxBnR53NKDJsoZ8rBFO4l3DQoQn2rXS9iyThRbz5wK7fY2b6dFTtnT5iPMOwuJV81NUR7lfr6U03DQwFShiXOmsBslykzEJT5yZ4yg1xml0I0fiZEz8n7X4ufYNvQ1xDnTAcJ0_o9jzklGj3_owcgi_QUZiTfXs_xi6HTgmqQ2_Jh3M8og-2_gd4iSK19LAv0AaODkowUptnIQkqUDRB1RErHhjTPR7qjonYdRyAajNFitL-vm4K4xk9LORR5-yBHpDkSl45cY0Ezr9lVtqdJBEwTsmfspBOZ2yV6b2-1Tn-Fob04jOONIzZwSe2iy8lW965H5KBc9igEO1AH_Ugw9xq0TD98iRTPkA3wT3UnZZyKKDpJcznx0R4gjKUWRhblm6YDJh3YycWBOPJfnkplad1hZRLbfS0drRn2Iq900yXrmNc7KE0Dy8vpqFBdbBxxYy01voCpi5-BCZ2FoJHJ8I7K-_qQvWZSDNeA8pQ-t7vchO8IIFg22Jub3iTVaL2kxD-k2SNyAm1PeMMAo5OipDi6rKhzMnEnH8VpUAX8KtlMo3ZNhyfCxp7XLWBL26df8kLZeBQxQyU1NoQZ3HSm35ASWDwi2-mcV6IZh5j1fC1pOvWn9_Hn4ozVINjQx5uWbJf1XkSbmHTJRK5qm3ZdjZksGBhXfCQiCcorvSodxxfKz2n1qwwcc0bAnqsxrR_ak7zJo6Xmp8h0CkeSYRwzaLdOMAbjHet39WTPPP2fRrkt1DZkL7lz5ABhuNazAd3O3o0lPITHD3-cogQ_agDRjp7lhNTbQi6lAjnjOm9NUAVDKkMd-aUoGQCDbIuwc6ABQA-xk3ea1602nK6IKRI2M"}
📤 Form payload = {"formSubmissionId":"BR4302ZND-1771829130697","elqFormName":"","elqSiteID":"","datalayerheader":"","contact":"","formgtm":"","elqCustomerGUID":"","elqCookieWrite":"","segment":"","name_first":"First_9363_TESTTEST","name_last":"Last_9363_TESTTEST","email_work":"automated_TESTTEST_2026-02-23_06_45_28@broadridge.com","phone_business":"999-999-9999","job_title":"Job_9363_TESTTEST","Company":"Company_9363_TESTTEST","country":"United States","comment":"This is an automated test submission.  Please ignore.","id":"","so":"","di":"","ct":"","ep":"","ot":"","mt":"","yr":"","rg":"","on":"","sub-source":"","campaignMostRecentID":"","content-id":"","orig-channel":"","campaign-name":"","campaignMostRecentName":"","campaignMostRecentSource":"","campaignMostRecentMedium":"","campaignMostRecentContent":"","campaignMostRecentTerm":"","campaignMostRecentContentID":"","campaignMostRecentSubSource":"","Persistent_utm_medium":"","Persistent_utm_source":"","Persistent_utm_term":"","Persistent_utm_campaign":"","Persistent_Sub_Source":"","Persistent_Content_ID":"","Persistent_Campaign_ID":"","Persistent_utm_content":"","Session_utm_medium":"","Session_utm_source":"","Session_utm_term":"","Session_utm_campaign":"","Session_Sub_Source":"","Session_Content_ID":"","Session_Campaign_ID":"701RN00000Rbgf7YAB","Session_utm_content":"","inquiry":"Gen Enq","fullURL":"https://www-dev.broadridge.com/press-release/2012/jose-contin-to-lead-broadridge-city-networks-expansion-in-emea","page_id":"177499","page_campaign_id":"","ecid":"","elqCampaignId":"","Formmodel":"flyout","Pagetype":"Press Release","g-recaptcha-response":"0cAFcWeA6_jYToPpCgnqY3czaVVsZLvneiH-F-7oQvIhj3CFEfW91cLzCOyhuirsuNMO02JMMcLqdn2FMLm7k0udXFSbStgUt1BU5bgmFhfMigUGcsFcKh80ch8fZglaKe7nSA1mMDyZOC_0hPCaJO8tmHlo5lwYljkn_lO8hCxs8AD5pUSduMMXXWp-iqGUmjFkS3fZytr8qrzxmO-2oYr1_BWXra815EOQv0KXGHMq2KaVJfBd44Q3piFMzzv-16Er1i2jN4NTx01xJSyAclr-fJwXENIYwSNaYlP29pKrTaebU6JEgcWym9IGyKAtpwVa43rgtLyeoKNagG0dKwnhjXevwtgS-uY9foGupBR8vDpu4mN4RKw9rBIKW1phCwYW2Gx8Vip08YltG5B5SVj7fLrw4ohvg_5-wKHr2ERmphC4Ec-Z9hqmzVR_eQzrbeXIKEBWFKHn2QTwT0c5QmixZL9ljpxfZ2TM7ewwxxfOBBrVV_hXzgfo3ALMLeBC0ywUGDLr-A-5rV81chGwt-YEpvpQ1ltu6X61uOEiBkZ-yRkto4F2aYYI75ygB4v3bVz-0m4Aet7YAf4j9PABwoN5cuvW1J991n2d9D1qUVjI-D0RPxDWgHklfPCVVfZJK5sQIyBXMyDB5PNFngqGYNm8AOgxVlA0ny-WqQWUzZmXXDvV6kMW8jRdYLSQPkNjUp4hQLwbMmy85VpYIxJ6SucsFpqD6BJsiuIUxtmBai-1y_v3ibDh4195wim8z4jmYt3vqR5H8alLwUrdCeRETHH4EnIqpr-i-PHp0zQuP2yNWqxXEaXbMv6-Nj0YPmciO6aBK8ZJrUZF6tLJpk9i7aj8lFq5RZ1TeQj8TSqASdmEIxy38Pz0SKMy0_azA_ChITy2ak65MR9OGf698Ctp9215LZ1nULd-aWtN0JXmlYPl_n7XKLon8swi6lnvRpjTuAUGsQRyMXF-3cG8WUXYHv8TZZ8cTrVqY-WjDkfmwilJWMBJyilZtu9BnIUddcbjEFG2k3lAuXJNGwzQe5WacfAenMiRcmUiAR8tJTTopWwBL_2hEj_f_5xzVpT8OPk9DICWTU8lIUZDyUXUMEklWUUudeTZbr1LdtKxyzSz9eQxDjqRY21B3dHqc8gzAGUKlvoK9oQNg_LR6uWJPaZ77s6EJ57ab7RzdBaQs-0zeuPxk8S5aGu5YDY8fcLqcQcgvtWqCK1kaI4kmKKuHOhxtVMSV6OVSlHhI6OebfkMn17SIW8EI1xLDLpintoU3ru5t2ykTYExOLRJzJlCC5hNUhPgMLPIRQixV9jn4MWKLyIgoVsrwTJQym7GrMSzCfTCk6eE-6KTnzZRZ_62okzeCe7xh_UYD3Y58uBzuF71dQ8SqsJPme7AxTZDRiKlO5moTYFxeCQZjgKxifBimsj3eipJVuHxp4BumwsWDPArUS9qGnQPsIG_n9EYukx0BQDWiygVI46tkT7Cr42XhYt9do46AInBB7Sqvd2Y-YR6A4E6dJSAsBSWKcb4g9iU88F4LHsqqnrxiUoEiO5fV-6GHQldk9v1Sb5RRG8hcV7r3QUDAzHSslCdTEQEmqjQ1b_eqxo2jrq_rFYE-wQlqHyD1JIRqEtNSxBjOZomdEsG6x_heStcoLRGUvF3yEctksV1Lt-05sj8yUfDMGGh3DQQeRHpIljQ1SPbUfWKXXeWlS9oVUANrGvkuTphge5_WlQqSkKAZL2ak51ITTcDD12u3pvmbnbnpzaLvcKK-25ULN8CN-dnn7rc2UswyGXFHUjc1Q1G7cwfw309tYib4oCUcTGvxaAwx0aiWJTApNKNzwj3X_tTPb5rj8EbZsL60V2k5cn9ieC0PubgGa6uSQtbEhZsExYmP8I6UdCPB5p5TgJLFs6id5Htgzszi6AJ1aJ93s6wfwU3NEIcLui6pTqzDGZ-V0rdMtFN0vDBlKGN_CuDriLFwzdL1ShsC0BiQh3O-Zp7zFn1Bviu9lL2dsgl02NPgatwYdR5uRKgn6shCbM1DkUjKYo26-NyNHOrmg7NNa8hkAzrwywA205874wwRLIh60l2-_5i_WDUAA0_YlKQkS6w6woBXsuGKGmRUDgvjKILi9MnZ96GSJgSV6Uh7_0TjRceS-hMy22HpHoixxetiEyF0mytTrJla5RXD9lZJ0cqr_PGgniJO_bz4_dxmJi3Pypd4UsKep_cGjjPr7z1wMM5-0ZQ44rZGUBP-XLAzLoL-3LX46AFdAKUK4Qq-1YDdL2PYbPNO4VS-22hF-FbZJ8OvQrtmvXhXGJhENItfKkjHAA98Voly7OQsbwFFOLR6QKJ94bHWKbmVYJH4wka6WExPlP9KW4jw"}
form message = Thank you for your interest in Broadridge.
A representative will contact you within 24 business hours.
formpayload for validation = {"formSubmissionId":"BR4302ZND-1771829130697","elqFormName":"","elqSiteID":"","datalayerheader":"","contact":"","formgtm":"","elqCustomerGUID":"","elqCookieWrite":"","segment":"","name_first":"First_9363_TESTTEST","name_last":"Last_9363_TESTTEST","email_work":"automated_TESTTEST_2026-02-23_06_45_28@broadridge.com","phone_business":"999-999-9999","job_title":"Job_9363_TESTTEST","Company":"Company_9363_TESTTEST","country":"United States","comment":"This is an automated test submission.  Please ignore.","id":"","so":"","di":"","ct":"","ep":"","ot":"","mt":"","yr":"","rg":"","on":"","sub-source":"","campaignMostRecentID":"","content-id":"","orig-channel":"","campaign-name":"","campaignMostRecentName":"","campaignMostRecentSource":"","campaignMostRecentMedium":"","campaignMostRecentContent":"","campaignMostRecentTerm":"","campaignMostRecentContentID":"","campaignMostRecentSubSource":"","Persistent_utm_medium":"","Persistent_utm_source":"","Persistent_utm_term":"","Persistent_utm_campaign":"","Persistent_Sub_Source":"","Persistent_Content_ID":"","Persistent_Campaign_ID":"","Persistent_utm_content":"","Session_utm_medium":"","Session_utm_source":"","Session_utm_term":"","Session_utm_campaign":"","Session_Sub_Source":"","Session_Content_ID":"","Session_Campaign_ID":"701RN00000Rbgf7YAB","Session_utm_content":"","inquiry":"Gen Enq","fullURL":"https://www-dev.broadridge.com/press-release/2012/jose-contin-to-lead-broadridge-city-networks-expansion-in-emea","page_id":"177499","page_campaign_id":"","ecid":"","elqCampaignId":"","Formmodel":"flyout","Pagetype":"Press Release","g-recaptcha-response":"0cAFcWeA6_jYToPpCgnqY3czaVVsZLvneiH-F-7oQvIhj3CFEfW91cLzCOyhuirsuNMO02JMMcLqdn2FMLm7k0udXFSbStgUt1BU5bgmFhfMigUGcsFcKh80ch8fZglaKe7nSA1mMDyZOC_0hPCaJO8tmHlo5lwYljkn_lO8hCxs8AD5pUSduMMXXWp-iqGUmjFkS3fZytr8qrzxmO-2oYr1_BWXra815EOQv0KXGHMq2KaVJfBd44Q3piFMzzv-16Er1i2jN4NTx01xJSyAclr-fJwXENIYwSNaYlP29pKrTaebU6JEgcWym9IGyKAtpwVa43rgtLyeoKNagG0dKwnhjXevwtgS-uY9foGupBR8vDpu4mN4RKw9rBIKW1phCwYW2Gx8Vip08YltG5B5SVj7fLrw4ohvg_5-wKHr2ERmphC4Ec-Z9hqmzVR_eQzrbeXIKEBWFKHn2QTwT0c5QmixZL9ljpxfZ2TM7ewwxxfOBBrVV_hXzgfo3ALMLeBC0ywUGDLr-A-5rV81chGwt-YEpvpQ1ltu6X61uOEiBkZ-yRkto4F2aYYI75ygB4v3bVz-0m4Aet7YAf4j9PABwoN5cuvW1J991n2d9D1qUVjI-D0RPxDWgHklfPCVVfZJK5sQIyBXMyDB5PNFngqGYNm8AOgxVlA0ny-WqQWUzZmXXDvV6kMW8jRdYLSQPkNjUp4hQLwbMmy85VpYIxJ6SucsFpqD6BJsiuIUxtmBai-1y_v3ibDh4195wim8z4jmYt3vqR5H8alLwUrdCeRETHH4EnIqpr-i-PHp0zQuP2yNWqxXEaXbMv6-Nj0YPmciO6aBK8ZJrUZF6tLJpk9i7aj8lFq5RZ1TeQj8TSqASdmEIxy38Pz0SKMy0_azA_ChITy2ak65MR9OGf698Ctp9215LZ1nULd-aWtN0JXmlYPl_n7XKLon8swi6lnvRpjTuAUGsQRyMXF-3cG8WUXYHv8TZZ8cTrVqY-WjDkfmwilJWMBJyilZtu9BnIUddcbjEFG2k3lAuXJNGwzQe5WacfAenMiRcmUiAR8tJTTopWwBL_2hEj_f_5xzVpT8OPk9DICWTU8lIUZDyUXUMEklWUUudeTZbr1LdtKxyzSz9eQxDjqRY21B3dHqc8gzAGUKlvoK9oQNg_LR6uWJPaZ77s6EJ57ab7RzdBaQs-0zeuPxk8S5aGu5YDY8fcLqcQcgvtWqCK1kaI4kmKKuHOhxtVMSV6OVSlHhI6OebfkMn17SIW8EI1xLDLpintoU3ru5t2ykTYExOLRJzJlCC5hNUhPgMLPIRQixV9jn4MWKLyIgoVsrwTJQym7GrMSzCfTCk6eE-6KTnzZRZ_62okzeCe7xh_UYD3Y58uBzuF71dQ8SqsJPme7AxTZDRiKlO5moTYFxeCQZjgKxifBimsj3eipJVuHxp4BumwsWDPArUS9qGnQPsIG_n9EYukx0BQDWiygVI46tkT7Cr42XhYt9do46AInBB7Sqvd2Y-YR6A4E6dJSAsBSWKcb4g9iU88F4LHsqqnrxiUoEiO5fV-6GHQldk9v1Sb5RRG8hcV7r3QUDAzHSslCdTEQEmqjQ1b_eqxo2jrq_rFYE-wQlqHyD1JIRqEtNSxBjOZomdEsG6x_heStcoLRGUvF3yEctksV1Lt-05sj8yUfDMGGh3DQQeRHpIljQ1SPbUfWKXXeWlS9oVUANrGvkuTphge5_WlQqSkKAZL2ak51ITTcDD12u3pvmbnbnpzaLvcKK-25ULN8CN-dnn7rc2UswyGXFHUjc1Q1G7cwfw309tYib4oCUcTGvxaAwx0aiWJTApNKNzwj3X_tTPb5rj8EbZsL60V2k5cn9ieC0PubgGa6uSQtbEhZsExYmP8I6UdCPB5p5TgJLFs6id5Htgzszi6AJ1aJ93s6wfwU3NEIcLui6pTqzDGZ-V0rdMtFN0vDBlKGN_CuDriLFwzdL1ShsC0BiQh3O-Zp7zFn1Bviu9lL2dsgl02NPgatwYdR5uRKgn6shCbM1DkUjKYo26-NyNHOrmg7NNa8hkAzrwywA205874wwRLIh60l2-_5i_WDUAA0_YlKQkS6w6woBXsuGKGmRUDgvjKILi9MnZ96GSJgSV6Uh7_0TjRceS-hMy22HpHoixxetiEyF0mytTrJla5RXD9lZJ0cqr_PGgniJO_bz4_dxmJi3Pypd4UsKep_cGjjPr7z1wMM5-0ZQ44rZGUBP-XLAzLoL-3LX46AFdAKUK4Qq-1YDdL2PYbPNO4VS-22hF-FbZJ8OvQrtmvXhXGJhENItfKkjHAA98Voly7OQsbwFFOLR6QKJ94bHWKbmVYJH4wka6WExPlP9KW4jw"}
formSubmissionId = BR4302ZND-1771829130697
fullURL = https://www-dev.broadridge.com/press-release/2012/jose-contin-to-lead-broadridge-city-networks-expansion-in-emea
page comparison URL = https://www-dev.broadridge.com/press-release/2012/jose-contin-to-lead-broadridge-city-networks-expansion-in-emea
................Header Contact Us Form Filled...................
V2 ContactUs form NOT found on the bottom
V2 Download form NOT found on the bottom
no cookie button
header ContactUs button found = true
emailTimeStamp = automated_TESTTEST_2026-02-23_06_46_07@broadridge.com
📤 Form payload = {"formSubmissionId":"BRM2KJ36H-1771829169934","elqFormName":"","elqSiteID":"","datalayerheader":"","contact":"","formgtm":"","elqCustomerGUID":"","elqCookieWrite":"","segment":"","name_first":"First_9363_TESTTEST","name_last":"Last_9363_TESTTEST","email_work":"automated_TESTTEST_2026-02-23_06_46_07@broadridge.com","phone_business":"999-999-9999","job_title":"Job_9363_TESTTEST","Company":"Company_9363_TESTTEST","country":"United States","comment":"This is an automated test submission.  Please ignore.","id":"","so":"","di":"","ct":"","ep":"","ot":"","mt":"","yr":"","rg":"","on":"","sub-source":"","campaignMostRecentID":"","content-id":"","orig-channel":"","campaign-name":"","campaignMostRecentName":"","campaignMostRecentSource":"","campaignMostRecentMedium":"","campaignMostRecentContent":"","campaignMostRecentTerm":"","campaignMostRecentContentID":"","campaignMostRecentSubSource":"","Persistent_utm_medium":"","Persistent_utm_source":"","Persistent_utm_term":"","Persistent_utm_campaign":"","Persistent_Sub_Source":"","Persistent_Content_ID":"","Persistent_Campaign_ID":"","Persistent_utm_content":"","Session_utm_medium":"","Session_utm_source":"","Session_utm_term":"","Session_utm_campaign":"","Session_Sub_Source":"","Session_Content_ID":"","Session_Campaign_ID":"701RN00000Rbgf7YAB","Session_utm_content":"","inquiry":"Gen Enq","fullURL":"https://www-dev.broadridge.com/press-release/2012/broadridge-reports-fourth-quarter-and-fiscal-year-2012-results","page_id":"177479","page_campaign_id":"","ecid":"","elqCampaignId":"","Formmodel":"flyout","Pagetype":"Press Release","g-recaptcha-response":"0cAFcWeA5ONCSwynTK04OicjlY3Bq2oYMAmEk3ypXRgEFTZDRE1erSNqK0vqtbDRjmPFXLEFde-dWGIGbW6E8WZho62lJ9xMQxVak7bb0TqJhmBCHD55Arr7s_aDtESi3-glrdf3a1TVzq0hfpqU4OHAXgqvOzN1stmn1VUXb3SEWhxb4xkWLMWb4bXNEleXEa87oZvBo8XTik8HahWDdAkdrQsffhA9AHm-AyT5Lq0WdBOF4pchZzS57CUH4gg2TJupxhHOW4hB1y3CluYKRhEo5Rf1LWnDtgGX4mEucXwRbESuF3M3rG83pJrGfYLQi_Iacfmw8yrY0TWEbBW4YljsCzLLCuSS2xkm2315zXouNdMv_CZqJ6MQjIwGb2ebTnfHjyuDjUeEK5pLcoMPIOqHYGyQA1afySh0tEkXPZ-LN50ydBqFHSDEvzbp4WGKsWYkeuZT5yXTWNkxROVZ2k21yTqkewIss9uuzP-O-oqeALnFOWmhYDg9dWIC_yJ-aRIFou5jCijopveGuQSDSsBATnY9dQanIx3_FP-2yI-CMXimkn6_PY0cSbrockOXF5PzWT9CxaNPS8OxhaRnfBQQnNx1qvuN-bQd8ZPE3DZRp5wh4PVeE7Sq92A7hEarWlhlRtESteU4dC3LuXKAIDXJmkH3nEYO7CyyvgTKUsFpZwql-WWjQPVvuujo7ChGIW00L1l-PujXnoS5RFMJ-ObKjqHYgqygLcWnI-5KOGP75qEXXasRdBl8kxSOiyXdgIjLr6Ti1275knHEgFUMkgdyo5-OeNQCGVRqDbZp4Ua7XCgafw7FxibNqcibrCsBvK86DSxkd0P9IOAyXVUs6wwp2ykGwpWEijz8eZh2570aq2nZhahKLSvVv57bc6UeUYSnwxLl34yCr1bx_3joL1Oziv8iVJBLrh0iwn-zRDsngGL9CKG5mH7Yu1p3HsjBH5rFTSCd3JN5nx7ZwqpclVz16OLCgHiLTIVYY4snH4t0gJAcoPt8gXNwCpimE0xUV_cRddb3rBQuubcruFMLVltQOpJ0h_KJfB6iESNApNBaTzet09VHzdJEf21Ear8QDkwZeemljysMDVTfP5A66ATJWMBModua5_mBczPfwnU3knxTtGnW14gHyzirByHuWW5zTvpuvXRWkdeiaYVnUywdtU4Xo3XL8-gidi6i18lXQVrDTjnBO8mj415frjaOCyiDgFzxrAv4DqcfdO2QiOpS_xFiciipXEB2gpdBOjvbtFon2mWF2FtUUPFe2ld-EUnKFy8i4k7nTtUYg92JBn23ZAoLi7bHdoLKI-ML5VGMA1rQe-w4bVOpZ9hoK7h-FF1nnq4x54BNx7pS6M9dFqAagKNP5l1DRNcqTk4ugEMzEoDboD2xiOa04Mib_nAwBB3H9mVjFVkQweLVvswhtdwcW7iDFk4DTmGGptsvjL77t8yK3_srnTPuPTAWULEY31cNRjEA5m-PUw8G51m85rK-iSZnZ_mEmjPoRkvFnGmgPjVjFkQCeOH8dFkx32DByDEfKKw1aAI7qTL4eyrfLpcdNO4V3hlUVyeFOtWN8rvkX3Th4ncFS9qQKSHoOlNr8SmzX04fQNuO4YT1-McuI0QZruIWCO0MepkoE63XQV62Yg4p9tiaWrEOqXIllrhncdlejPNQpPM-vJ76f4do0ssJ0gIj83a8spDF43SUgvRAztFa88gY7az4yrjW85w1HwRFuHy5eFhcAQDhIwk86vGS34K8b9YRpY9QolpdHIOT7V0rCfbJkckFOALBNXaNV9exZEALP4RXvySh6ZcZfiR9C8tkQjYTuSbsLSbNaiOHTl-O2e9ij7U0OtYEGmH5d-acm5I0DxmxjiEvIYf2GLgbh0vdLAOu_jP0QJiYWRo4nBRlM8OJEiDXjo8iC6SXwLqlNF49tqQ9Dxg0OUVp2ke4FKEbw_34OHSteSLFvyCVhFOfJmxinNsY9NGt0Q1UG7T3L9NGQT17zJ5XG4Li1ZD11j0SaOzpYWk9iU2kpO3VzV4Rk3nfQvsCPHJy7dO2yMnVOg_VEuFGW3zNYZGCuBC-x2d5HFxOAMBxrtKumkYpT_sq93PUfq1CJdkaxspfyjhLSZVAEMKK7izT6o_mcoGChaNQBAqmX2EQDtk-EAlltBBD6fUFLBIq1bXMiJsKR2-R-6EbT9yuu8j6fHo6Q2v-2KDbNUjJKLiCpkAK2u8CydvXsEQtOBSdxMUKaxOj-ZzyY38UfhJzyj0FupkNhTASK_o_tcsePReWJT1llRXdPvf-0hpN0FPA5UjjKhm_IaIrZwZcntY7dB83164Hne25uotB-a6UnT6mWaTA7Y4FZvV9Mgk2YVHq2d32lhlJeFe0qjULaJ9rGTAOeY7lcALZl6A2NHz2m9zQ"}
📤 Form payload = {"formSubmissionId":"BROD0N2NJ-1771829170116","elqFormName":"","elqSiteID":"","datalayerheader":"","contact":"","formgtm":"","elqCustomerGUID":"","elqCookieWrite":"","segment":"","name_first":"First_9363_TESTTEST","name_last":"Last_9363_TESTTEST","email_work":"automated_TESTTEST_2026-02-23_06_46_07@broadridge.com","phone_business":"999-999-9999","job_title":"Job_9363_TESTTEST","Company":"Company_9363_TESTTEST","country":"United States","comment":"This is an automated test submission.  Please ignore.","id":"","so":"","di":"","ct":"","ep":"","ot":"","mt":"","yr":"","rg":"","on":"","sub-source":"","campaignMostRecentID":"","content-id":"","orig-channel":"","campaign-name":"","campaignMostRecentName":"","campaignMostRecentSource":"","campaignMostRecentMedium":"","campaignMostRecentContent":"","campaignMostRecentTerm":"","campaignMostRecentContentID":"","campaignMostRecentSubSource":"","Persistent_utm_medium":"","Persistent_utm_source":"","Persistent_utm_term":"","Persistent_utm_campaign":"","Persistent_Sub_Source":"","Persistent_Content_ID":"","Persistent_Campaign_ID":"","Persistent_utm_content":"","Session_utm_medium":"","Session_utm_source":"","Session_utm_term":"","Session_utm_campaign":"","Session_Sub_Source":"","Session_Content_ID":"","Session_Campaign_ID":"701RN00000Rbgf7YAB","Session_utm_content":"","inquiry":"Gen Enq","fullURL":"https://www-dev.broadridge.com/press-release/2012/broadridge-reports-fourth-quarter-and-fiscal-year-2012-results","page_id":"177479","page_campaign_id":"","ecid":"","elqCampaignId":"","Formmodel":"flyout","Pagetype":"Press Release","g-recaptcha-response":"0cAFcWeA6UNLCROSSitjKn8ELrxnMBVNTAiEXJlKUGGqFG65NbVmXDVDOCerTLLoCixQIJfiTOgOq3-lyIx6eSOn31tnRg5RpDpVw8FYPXa7ohE92LsofvY-XBxV5fCBmT-wk38Xq-h_KvGrQRE_sVQTcWHcyJvCUzEMcT8-U_Biv6DazG6CJ0q3IaW7avNZmKt1mED-FnXfYMXcrp68-u1RX5FWekmDNl7AHQMY8GrlJOffL2XCpRh1mNyyD62bMDC4zWbkZ4-AsNx3fji9jebhJUuRqkmcMCQtvzkefEfY084QYfg9L4M1VvNvNGrJZ4VWoU7glU_wUWgTOaUh1thyQ6xYBuj_sF8oUGVv4Y-2c1ULfNx4sKY0TjBaEu-N1rRcWSwwD4Bw1mwE1jfqdkAxIWYV2eYVPctjy7_wCUQ_vK_9VV4b4tb5NUqwz4hQLMQ7WTs6Ox_kDPPVjT_LU7UB4EeBjvk4Pq7qD4nrNWbSLFDK8UhQ4Z0l72az322poTCcMgu8aPSbx5315AXT4_ZKv8wj3AnHsjvjZZocknPust986V0mmNkOWkNsiu7n1zgvB6YFTIfD3gw6DfazRmrWDBIayo46l2PEKvI4vB2fVlunAvqp7aC_D8FbFUQQOcupm4rRqRV_lfk4iZa5Vmk5BRFGWBLT2S5YimdYmGd6RgRea2Y3DYFS-4Op6pdXa0zjOJzWYgiOBPRjxFfxTbYSZAsyuQHhWy7tKStYgzVJ6oioPdb2kD7QGB9MU1PV4uxfMWotSYSUgnX4eI0ij8EXw06b9iIWgu9uoWk_CloIlmmJXUdcQ7f2LEjaRJLU6SPOxwLvt1TvuvsufupALb-QTsZm9CVF0HtBGnfA_307lHTC0bwRq4FsyVkpUGYUGMQrkk0knBGxdxUXvmfX4UCXaI2lNoSbRwF5U2WCGJQ7Dxij6L59yoAl3dgACpCG_middedv-ipF7trH1aorE8Ld7X8-IMaPx8ZzY7a7AsPR5gXA6TbatH9ufMQwNEAlUroxkUT
[...]
Z9ptcxD6nSCXTPItYyJmq8Z52xSr6cXjnrQpKiRaymbNdkBdYva9gOmQuUWmk7EqS-75rtGiDe-S5iAhnfP7oVbm-tUij48rrDTRZAwtyVtVT1KcZ9JojO87iOm2YG-RBZRqSrQuV9QNkUGq_sX22rXtFu-xQr2TN4MxmZgv1RsaKyoayhg5Ju9tBV7AH0ZwO4heDeogey67l_SIkyKvZ1F0cdl5nxi5vhpGYujyVJyUz9jyrNUC3JbYnWsuoq4uEh6Cx7bPy8aoy76J1y-7lmfHwx19mOLHZfaoz6suGDPfOlBKOno1ooOrsq8Ouewx8u42LBVNb7eg19jthLjglqf4qv0PUEXJ0Q_-s33zp16pFmyJ8DEDzuwid5DzGf7h0vAA6YJSP9h5zA9wJU8-JASq6x60pkHtCWV6diX0DIT9mj0ECW9jdVtSLJwKZBHmjbhZuDZg6SgaSUO4XIZ_BWJ7c2h1-RILp0bNouDW0VGLnSq2roC95p7MaCw6cXmlxp2MPkwhDSaIrIXuuy_Mu_v6gVRlk-MTXEdObb-OKRZiI767O7QDNTOnXNy1J8TgWDtnN0JCmrNjk8Kd1k6Ltce6cZZNEmMg3WnvqtF3aItEhqCZpM9m4Og6qjhezE5dS9XSVDSF7Ykco10KoTfHKwj-s8Or8zoP1K0ROKpJviZI272S9NMnVEkxHxqdchjV8TQPEVQPdQOnJhCaV4fKDtDktIA6_4bkOe422ZBhycvCeTtolQhI12X3Mc5Hyg3_3s_qhSmzK-ajJKZyjZAaImvcrrvBsL1ihaOIik3x058EyL_QcOb6XV9MGYvrqIhkbwctZo5Av_aiyXFBiapv4Eqz_2ER2HNAKZ4-rISMxyKV8mcxkRORPV9tttvKaaaRO19NHFkMb7rXP5WxYZ_OOX5bt45xlsHWdWnry1tLzYXob-UNBIFGkpD3SxyKD-4crixtX3YxrN0SUyXthfuaCMQGYJ_Bz0drKUXV801hjhyTgX8BcUBPyVFFWi3CsHAcRKKjwZVqCmPczl-zUgNO8dzkCDKMyGeEnmm2ThEgPakdNMRfS6v2ZPb9OlsycipN4wnsN2xMjYfCqXODXMzocW_UgTz8mDpD5aMTTO4etnazUj-JA262eYULQ9TDyCzYG2RAs5Qo8eZPR409x5Z316QJhrNzJYSAmcBejxBJYTl-2MVd8-Xn7c_TRVEFs7xCy9qDGdcRlCcPecnxDAd3LUbuGN22XwxGYC4HqzVPjfpSFiA_zrxACjIuMlKDEKQorL3HQRVQlncf74nXpzm28RhoabRfA6RalzQetRv9zKd2oIeLvYdOzYzNq9Nj9yGs-Y64kUO9T-9bHJ5556RNL-bAH1ok9XbzC_IaI1ErATtHJNqvhLoRa6XPWKS2GS_U6JAOWHql58qdfnlP4lKpAWa1CHRii_3fob6-CwjhpynLPDcqUmxF1D2MfgtWZnGt5EZNX28asHms5xWezcISvUKoWILkkq4twRtvhkDQQWDq4tjtBz_Hcg7rGqWHNcQipp0GhHLljAw6sXMCCw1uyJpX67ue1SX0yjPerm9AFh998H-AVJLBF494i8mOyzG3rlb7NVBp4u_N288shqFQni4m86H-BjX8I2uZSz9etEcB0q4RFd6_3zCM5AKVj7rOGbeX-q13uzj-onuT7aH5Bmd1AGojZZXTpBd5Z8G2pwetdNUImEFuL0x11ktVbzCN3YpUbT5f-Ek9Gb8zSAMLDJThdJywEWhawmd8_hLX5R5nRjGou6l962OTRuelaFeHiMavbfIwQ-x1IdT5t_hPjSqSktrfMBspJJ8bl2EvOBUh1OQ1hfOxtwmhfZ51OQmj3RQa9-aLHVn8fwkqyri6QL4-xfPZEZvmVZeN50l0tqEGS44yflV54dApfdmigcy5xZjnqEuiO5kbKIxiB5N2Z4LyC9ovnL8osXxp6UTeAofd0hUX5cZsX_aqGn48FLPbZ0xra2BhAj8gpvEoea-wRRCBp354HPr2HKR3WgVE8MVGYayLce_ufP2LzWgz9mUlAFfe883WQ7rh2mwv_HudgqNfiMqQo4m2-axPlYho3hCRj9sKN6INuAF8Q5ZyFxcM89z_zyCrA4mugCXnQAqbxxPC1Fjfv8TthpD1G_nqh3iEJMr55IeX3_S4sXryE4F0-4cdCQhiELVDF09RorJFspqOkoMkj-KtsNP0ccM6pdcA"}
📤 Form payload = {"formSubmissionId":"BRH31URGY-1771829667537","elqFormName":"","elqSiteID":"","datalayerheader":"","contact":"","formgtm":"","elqCustomerGUID":"","elqCookieWrite":"","segment":"","name_first":"First_9363_TESTTEST","name_last":"Last_9363_TESTTEST","email_work":"automated_TESTTEST_2026-02-23_06_54_25@broadridge.com","phone_business":"999-999-9999","job_title":"Job_9363_TESTTEST","Company":"Company_9363_TESTTEST","country":"United States","comment":"This is an automated test submission.  Please ignore.","id":"","so":"","di":"","ct":"","ep":"","ot":"","mt":"","yr":"","rg":"","on":"","sub-source":"","campaignMostRecentID":"","content-id":"","orig-channel":"","campaign-name":"","campaignMostRecentName":"","campaignMostRecentSource":"","campaignMostRecentMedium":"","campaignMostRecentContent":"","campaignMostRecentTerm":"","campaignMostRecentContentID":"","campaignMostRecentSubSource":"","Persistent_utm_medium":"","Persistent_utm_source":"","Persistent_utm_term":"","Persistent_utm_campaign":"","Persistent_Sub_Source":"","Persistent_Content_ID":"","Persistent_Campaign_ID":"","Persistent_utm_content":"","Session_utm_medium":"","Session_utm_source":"","Session_utm_term":"","Session_utm_campaign":"","Session_Sub_Source":"","Session_Content_ID":"","Session_Campaign_ID":"701RN00000Rbgf7YAB","Session_utm_content":"","inquiry":"Gen Enq","fullURL":"https://www-dev.broadridge.com/insight-pages/broadridge-insights","page_id":"183351","page_campaign_id":"","ecid":"","elqCampaignId":"","Formmodel":"flyout","Pagetype":"Insights Front","g-recaptcha-response":"0cAFcWeA41uOM69ApnUI0OQQcPBcGc7YPoP5jHoLZd8LRGCaA7S66sUr0B4d7082AK-bItlFiXjY_dQeA0nzDtW3bBbCaPpU8slTp8EmcWwgmANsP60eW9xaldR8uFQQESsGH91mrQw9_ldZfJwE4Pz5jMGltZKj4BX01GWqM0tL8k8uprSBkPHDs3OM0odCq9GqvuIqOC3Qq8Q47iVJ8X8HysCMbUXeFleQTE78QnS_TpEA4b9g6aoJHJb_RufgWo4ooVcuvxaVRFqmxz53PQa5-8JeW-GpkW_3rJuJVY7R1c0kYJphY1AR6UNgk87b47mGpuMr8QLsQnl_73YTyEQzXnb4QL71n4F86VU2eVkn8ssjJmqpqfTCfAe4MsHu2trwX0obE2MV7eMtQpRzG1wuCbkcXAUTCpOpkohnV_VneFr9H6V5Xilt48j-fTgw1JjCiKQbqZD1n0VeRRhzNBNyZi_bcgyXfIIgKcqh5vvcwNF1X3GLIQG3t0q-VLn60T0UFm93pBOZmwD1AGNGrxMXf9VLk5tQfXy8QGDPA2pj2w-ckB2DaTFFTiArw9us1lIXhG9t1QOl7E4o7w4j-E18ZFIX3YT-_GRO-yGSZ1RztRa7ajvLNj_skeL973oWI-vim-jyl4_Q5P-yfG9w6TAkp2-X2SHfayC3G2QS0KHXd3TZ7V2R_jUyJTQRS2neAQC6EoMK0QcpTAe7nxG9PYcA-dT_oHbSXg_zXjHAzHEe_tb3yLWplatN4yEdwou0pqEC_iI24z4UhCv-L3dh5BqHp6zigQt5eOfa_UFJzHVjy5HiDPsEPl7vjZf8whvyC6BDJjiUPJjGbo9E9OC68X50sDLAccx_ZaxOCMc68iCo2yjUJXTgqK8jiIrKdR-3ctfswjfOaiE9kySHIcay19GW4MRL0OmEpSXMa6mOI8Nh42rHgNSNrQJ_esKFA3HjHH7kZenAtbgt8jV-zskSG0mLat4I9pPjfiFV2GGg6-d9Y_3yh7y5eRddT_KhAzyzpyk5KgQMWb9P0lm62zGJ7TVtTutm4RlG9KrsW1iiB8Q42RQbUBrsOWN7p49MslzHqhhzj_fHZ-MfBBHpEsaLoqLVYLTA1DE5VMREkh8DsYVTCgA5iG5iW-AFM5NOxydKxwfuOPjCpWgVcyQUa_IRMIyJ5P1GwrAp0ltywL1XWtKmaCGIP8T603OnuGDZsAaiu0_TUCFnl_fHQYIRVh0ozB0pztDeQuvmFX9udg543KWv1i5O7SE79VVYnTlLHThvgna1j-pULRnmuHVjDMo6ByX7MQI8E5gxCxgGHqUgoGs85kLzZdYZ4JzZvCsgzarhCJw-TslbI6121t6hu9yShu8Cu-mmHzs_zbdKzOu4dH_98ZS1zl9ezMcC1nhMiERv2meWUeANnJ8TC1SVAz_zdsoYy_5clnGLgr9_HmYSsOljDAn5B0JGan_xmd9lGHjPgeRM7omaB-rXQPz6HrkUvyprTFG8JH87ceWxsAYoHAHWnZMv9looJigHqZAEjDLSJ5Th7jcTNPquEo7yQl5sr56kw1hgCYzknrX1bUMz8aFlyfTDp3G5V7CHytun-lFw1QDxYwWRa9IWI-3fdqIv3-TMQZReMvBl9wNEANGsnDsAdGgsN0u4U-Ct_wqCOdR8oDUVoewuAKrlSEqVn-fSJCFUsKRYdbSV23vosI5WxmdgYlnSFexPGz4f73PQtOsDg-u7CIZaK1YjASeyZDpuo4Pn1zAtvAJ0Y9NtUTMdRVOHH1SuLcLauUnrFl4wk9iQZnF33iCnXTrxTSBZX0tGiOE6WKyX69ilLJoy8m3JivdOKMiwAmbvaQ-E6MVZdLPWnFIF13FshPiZmJg-PKYexCO5jyLwjeOyNnlgOyEIW_vr-AUk7VKDN2rzWdH9xTrtKnuqg1KVOYuwooCKmVlOGo9FXGorCy6RHP6I86gBTLM2YMHrZS6EKjhdQF57POa0uGAr6CxgkEUBtH3fl_xTe043V876JsonUUy2F90pFN5qqbUUbHzaHUxdFWdqZKgfg6NODqqcBAZT4OcK9e6C9HjnVpGDuKHvn8psCM54I2mc5-kemcmcoF8N1wG5548okmOF4pJqc6AWDHK8QFOb2RlQ_Xu4HnwdkRXYWBcuk7LvpaynokfezeCR-hDrnmKJHwAy_un4a1n-M7VlWzfsHzqeiljZOJ83xz0nVVhK81Rk584NjU8-lMeebvaaMrQcE_-70Xp5_0SICV-bn_eU37Py6O8dG2CiuL-AxLj_dW8ak-slZAK8yS-2DvHOqiAXawSHLOQS2Xww0JJA1ANbQWl80lwENj83RLfKP5V-j1pcOaSl8PM03KqjwEEADzIz3Gru9azfnSKQc-2n-oOA2uTmI4pbEIYcIkhA"}
form message = Thank you for your interest in Broadridge.
A representative will contact you within 24 business hours.
formpayload for validation = {"formSubmissionId":"BRH31URGY-1771829667537","elqFormName":"","elqSiteID":"","datalayerheader":"","contact":"","formgtm":"","elqCustomerGUID":"","elqCookieWrite":"","segment":"","name_first":"First_9363_TESTTEST","name_last":"Last_9363_TESTTEST","email_work":"automated_TESTTEST_2026-02-23_06_54_25@broadridge.com","phone_business":"999-999-9999","job_title":"Job_9363_TESTTEST","Company":"Company_9363_TESTTEST","country":"United States","comment":"This is an automated test submission.  Please ignore.","id":"","so":"","di":"","ct":"","ep":"","ot":"","mt":"","yr":"","rg":"","on":"","sub-source":"","campaignMostRecentID":"","content-id":"","orig-channel":"","campaign-name":"","campaignMostRecentName":"","campaignMostRecentSource":"","campaignMostRecentMedium":"","campaignMostRecentContent":"","campaignMostRecentTerm":"","campaignMostRecentContentID":"","campaignMostRecentSubSource":"","Persistent_utm_medium":"","Persistent_utm_source":"","Persistent_utm_term":"","Persistent_utm_campaign":"","Persistent_Sub_Source":"","Persistent_Content_ID":"","Persistent_Campaign_ID":"","Persistent_utm_content":"","Session_utm_medium":"","Session_utm_source":"","Session_utm_term":"","Session_utm_campaign":"","Session_Sub_Source":"","Session_Content_ID":"","Session_Campaign_ID":"701RN00000Rbgf7YAB","Session_utm_content":"","inquiry":"Gen Enq","fullURL":"https://www-dev.broadridge.com/insight-pages/broadridge-insights","page_id":"183351","page_campaign_id":"","ecid":"","elqCampaignId":"","Formmodel":"flyout","Pagetype":"Insights Front","g-recaptcha-response":"0cAFcWeA41uOM69ApnUI0OQQcPBcGc7YPoP5jHoLZd8LRGCaA7S66sUr0B4d7082AK-bItlFiXjY_dQeA0nzDtW3bBbCaPpU8slTp8EmcWwgmANsP60eW9xaldR8uFQQESsGH91mrQw9_ldZfJwE4Pz5jMGltZKj4BX01GWqM0tL8k8uprSBkPHDs3OM0odCq9GqvuIqOC3Qq8Q47iVJ8X8HysCMbUXeFleQTE78QnS_TpEA4b9g6aoJHJb_RufgWo4ooVcuvxaVRFqmxz53PQa5-8JeW-GpkW_3rJuJVY7R1c0kYJphY1AR6UNgk87b47mGpuMr8QLsQnl_73YTyEQzXnb4QL71n4F86VU2eVkn8ssjJmqpqfTCfAe4MsHu2trwX0obE2MV7eMtQpRzG1wuCbkcXAUTCpOpkohnV_VneFr9H6V5Xilt48j-fTgw1JjCiKQbqZD1n0VeRRhzNBNyZi_bcgyXfIIgKcqh5vvcwNF1X3GLIQG3t0q-VLn60T0UFm93pBOZmwD1AGNGrxMXf9VLk5tQfXy8QGDPA2pj2w-ckB2DaTFFTiArw9us1lIXhG9t1QOl7E4o7w4j-E18ZFIX3YT-_GRO-yGSZ1RztRa7ajvLNj_skeL973oWI-vim-jyl4_Q5P-yfG9w6TAkp2-X2SHfayC3G2QS0KHXd3TZ7V2R_jUyJTQRS2neAQC6EoMK0QcpTAe7nxG9PYcA-dT_oHbSXg_zXjHAzHEe_tb3yLWplatN4yEdwou0pqEC_iI24z4UhCv-L3dh5BqHp6zigQt5eOfa_UFJzHVjy5HiDPsEPl7vjZf8whvyC6BDJjiUPJjGbo9E9OC68X50sDLAccx_ZaxOCMc68iCo2yjUJXTgqK8jiIrKdR-3ctfswjfOaiE9kySHIcay19GW4MRL0OmEpSXMa6mOI8Nh42rHgNSNrQJ_esKFA3HjHH7kZenAtbgt8jV-zskSG0mLat4I9pPjfiFV2GGg6-d9Y_3yh7y5eRddT_KhAzyzpyk5KgQMWb9P0lm62zGJ7TVtTutm4RlG9KrsW1iiB8Q42RQbUBrsOWN7p49MslzHqhhzj_fHZ-MfBBHpEsaLoqLVYLTA1DE5VMREkh8DsYVTCgA5iG5iW-AFM5NOxydKxwfuOPjCpWgVcyQUa_IRMIyJ5P1GwrAp0ltywL1XWtKmaCGIP8T603OnuGDZsAaiu0_TUCFnl_fHQYIRVh0ozB0pztDeQuvmFX9udg543KWv1i5O7SE79VVYnTlLHThvgna1j-pULRnmuHVjDMo6ByX7MQI8E5gxCxgGHqUgoGs85kLzZdYZ4JzZvCsgzarhCJw-TslbI6121t6hu9yShu8Cu-mmHzs_zbdKzOu4dH_98ZS1zl9ezMcC1nhMiERv2meWUeANnJ8TC1SVAz_zdsoYy_5clnGLgr9_HmYSsOljDAn5B0JGan_xmd9lGHjPgeRM7omaB-rXQPz6HrkUvyprTFG8JH87ceWxsAYoHAHWnZMv9looJigHqZAEjDLSJ5Th7jcTNPquEo7yQl5sr56kw1hgCYzknrX1bUMz8aFlyfTDp3G5V7CHytun-lFw1QDxYwWRa9IWI-3fdqIv3-TMQZReMvBl9wNEANGsnDsAdGgsN0u4U-Ct_wqCOdR8oDUVoewuAKrlSEqVn-fSJCFUsKRYdbSV23vosI5WxmdgYlnSFexPGz4f73PQtOsDg-u7CIZaK1YjASeyZDpuo4Pn1zAtvAJ0Y9NtUTMdRVOHH1SuLcLauUnrFl4wk9iQZnF33iCnXTrxTSBZX0tGiOE6WKyX69ilLJoy8m3JivdOKMiwAmbvaQ-E6MVZdLPWnFIF13FshPiZmJg-PKYexCO5jyLwjeOyNnlgOyEIW_vr-AUk7VKDN2rzWdH9xTrtKnuqg1KVOYuwooCKmVlOGo9FXGorCy6RHP6I86gBTLM2YMHrZS6EKjhdQF57POa0uGAr6CxgkEUBtH3fl_xTe043V876JsonUUy2F90pFN5qqbUUbHzaHUxdFWdqZKgfg6NODqqcBAZT4OcK9e6C9HjnVpGDuKHvn8psCM54I2mc5-kemcmcoF8N1wG5548okmOF4pJqc6AWDHK8QFOb2RlQ_Xu4HnwdkRXYWBcuk7LvpaynokfezeCR-hDrnmKJHwAy_un4a1n-M7VlWzfsHzqeiljZOJ83xz0nVVhK81Rk584NjU8-lMeebvaaMrQcE_-70Xp5_0SICV-bn_eU37Py6O8dG2CiuL-AxLj_dW8ak-slZAK8yS-2DvHOqiAXawSHLOQS2Xww0JJA1ANbQWl80lwENj83RLfKP5V-j1pcOaSl8PM03KqjwEEADzIz3Gru9azfnSKQc-2n-oOA2uTmI4pbEIYcIkhA"}
formSubmissionId = BRH31URGY-1771829667537
fullURL = https://www-dev.broadridge.com/insight-pages/broadridge-insights
page comparison URL = https://www-dev.broadridge.com/webinar/webinar-program
..........!!!...Filling the form failed...!!!........
................Header Contact Us Form Filled...................
v2 ContactUs form found on the bottom = false
V2 ContactUs form NOT found on the bottom
V2 Download form NOT found on the bottom
no cookie button
header ContactUs button found = true
emailTimeStamp = automated_TESTTEST_2026-02-23_06_55_07@broadridge.com
📤 Form payload = {"formSubmissionId":"","elqFormName":"","elqSiteID":"","datalayerheader":"","contact":"","formgtm":"","elqCustomerGUID":"","elqCookieWrite":"","segment":"asset-management","name_first":"First_9363_TESTTEST","name_last":"Last_9363_TESTTEST","email_work":"automated_TESTTEST_2026-02-23_06_55_07@broadridge.com","phone_business":"999-999-9999","job_title":"Job_9363_TESTTEST","Company":"Company_9363_TESTTEST","country":"United States","comment":"This is an automated test submission. Please ignore.","id":"","so":"","di":"","ct":"","ep":"","ot":"","mt":"","yr":"","rg":"","on":"","sub-source":"","campaignMostRecentID":"","content-id":"","orig-channel":"","campaign-name":"","campaignMostRecentName":"","campaignMostRecentSource":"","campaignMostRecentMedium":"","campaignMostRecentContent":"","campaignMostRecentTerm":"","campaignMostRecentContentID":"","campaignMostRecentSubSource":"","Persistent_utm_medium":"","Persistent_utm_source":"","Persistent_utm_term":"","Persistent_utm_campaign":"","Persistent_Sub_Source":"","Persistent_Content_ID":"","Persistent_Campaign_ID":"","Persistent_utm_content":"","Session_utm_medium":"","Session_utm_source":"","Session_utm_term":"","Session_utm_campaign":"","Session_Sub_Source":"","Session_Content_ID":"","Session_Campaign_ID":"701RN00000Rbgf7YAB","Session_utm_content":"","inquiry":"","fullURL":"https://www-dev.broadridge.com/report/asset-management/tailored-shareholder-reports","page_id":"130411","page_campaign_id":"639ca36f01b0d5c80e77c6108137c4c5","ecid":"","elqCampaignId":"","Formmodel":"flyout","Pagetype":"","g-recaptcha-response":"0cAFcWeA4H7RWvmNjQtn3BqEcUu2oIkNiJ9PId-RlmBw6VZ38q5Go1cHu42ND2V3EYd6LMWgMXjtnoGuYUFYv8xHQO6zTPk79AfChzuuspx3SDThD1ZjgBDt8kmIhak7FLWzTwsHOJ5_MPr0hB5hWdfKZ877UagJq-kGNKGE-9uPas9k71kDg73HpQRCcCDXPv_R0WUnS5QjYQXeT8bouaLcrNTEKGY5Cgyt738SDwL_ucxQrZLJz-5-DOpbpKtvaOuSYPUHlKYfa6ThPzd_i3AWP4quGZ0MkbUxZ50lTHdiD6aYsS09tlq5oEHIKP8IwjLsxAKXPTxLNPNeVxJ_XcBN3cGSA5IlcietRnQ9DtO1sHgDea4L_mIGOsb2OjvJEASwKZ4zBGHpb35lHcQnVwrwrJXfY7jhejaJ4VXx7_uJ8FH7KfW6q3fXpxC3kg86NjSkTeTnCydnsGllcgtQdFbG3mWHQorXx3kzXbBu5GiaY1H_upvrAq6lB1ypBOetJWyTdku1m0h00FpSssafU5E4JE7v_owQQVSCgvqUveH_nFFo1ZULR4u__JaDDe3vpMKp9s0ya62Hkg6YXotm6cv5-XzUKXLbnSd1SVTtqVqVQqre_uPGP6YRujGkhHFUI66xGH2FClCE7a0_zahGyQj_RYnR5D7EmryKnUwEE8AKKiCsUTC3hyoJAwqREGd-200QxtNE5c7APBmduZq5GHWrNCaHkH1uHaUuDYYvi78HKVBS1qXiBDzQelZZKmHeRzJdOB5X7aTUeiSebOWDRdAxIou30ZCarA491Ggw4xztpw8d8l_m1ghs8oPK8B2dVqxkQz34eNKceWC5hHGNZzmoGzH_yVwzbVWdlIxlk1NcZ3k5ADSxcL5HhwleqWegrcSJYPDKceqSD1HgKVmRY9p47VUtlI3Rszs_jQSqqP2zgUlnRbDW_XxN0N27pbj8ED07po-8GIn7yKMst_Znl34wyMBGNJgl8NoBawt0rkyhr4Csc1Fg8c1fwIlhFgxIwDlouPFKjP2gNy1WNjMaMoAUDjfkEnNA-5hCuKcj2qTU9QvluWX88fJ-gZX0g8f6TeePIllFjp8MBcEZMvqyK4FOd6SEQeggWVm3rdkhUBuw4Ns4s5wOigo8bYn8HY19LL8fUycAQhZ5BQSTmQNhRnL4Qrijg5_swYiSSSldXspGwVCRM5TMJfnr3S3eWAKeutvXZmZHgOYr1IMTj_w2bxkMlzBt3-nO5sm0WdnVsvifO68kjUJBKUfvurlHV57Vrkca3xzFDIIMV6qV97rbKvMylOLQcdj11G9wFqTI3aE3SFj2431ITC1685KI6mg4NeihDn09Bp_H-cXF9Vk--hVLAz1726rMkPwvseLZJIus9hqbZ3i5HNKX9dyxjaHRwk933DGNT0WRoFYFxLJEJcAwAoatpNFzezD4ze-qgqNAPtzjnozr4qtD6NDtcpbryoL-XdbuYNX7MvHcBgQqsPXTCtMCqQ53cBxzeON1O6p2IGJLj32C0ZL0WBckZQ7aFb4C7H-YTBo-85p_NEF0z3fQpwWT9isz9oH62bkr6DE__ipSzOOavWoGjMehYjBJdpZ-IUOXdjVhNtQv4RNzdWkWmutmoPfNxVROEFBIoegtdGqGgAG5_Rw_7zhmyHndQrRhGdiXawXtEVt7q-iAiwUH62EBMIqIIFRAED3PYVTefag3dqsV12giNBHj3Trt_6vWTB3zctxpyPpXkZPfr5onX35toSL27utYCAtCx2OyCsDZHRih3SdO47c90jH-qtURFdGGRYOUKoZpiSvrozcs68jJ5SJy0p7lzt-tQGuUFlL_dV7djbLOeXCnENywnpYiN2IhF8wEm9eDHDxeA2exsq_v4vXFrsRyR59wKl-EhCNvMrAY1OshjQp_4W7_BXeym0AnBALnS0ZT_26UofENXsZ2VdK8dAecAvEkzDAdYBwX4d2Q7DYOziC3qLoikWrRks1SP2UjNmX26aieXsxWJTRNO2agWVSfDMvhpj2Pzjwnn3PAzJNweaNZ1z1N4G-LGfw0JMnDCe_qVy3JzuNU3bOlkTABQ02d3UXdbPgkdkiK3lZQ6ALd88YoV5n-D3E2HqW1etVLhxp7gfdc_48dRlbrYHCf4Rl8z-cU4wVuEU_1bxA1xGUv0tAv3pbe3CttG1W3gWlExF8I9WA45Pa5G3DMx3YqjOL_Z7a9mlX7AkMvVIcF5vHlHb2KnQcXoS_KuwjC22S9QoEhKaBQjmP-6aCwziNhN11jnhEOrNtyK7ZmM8Iz1tEi9rzGt0jV-RAJBR3Ldxcc2orU1dbSM4XWWf8Ktx1TL88vAY3Esg4B4IseTLN_FsYUBaGNyrr_MRvJCMcSStCCtsDvL0Pix3lZ4emXecJn5Miw4_84A1ELt6VLzZU-WpbLc"}
form message = Something went wrong with our form submission. Please try again.
formpayload for validation = {"formSubmissionId":"","elqFormName":"","elqSiteID":"","datalayerheader":"","contact":"","formgtm":"","elqCustomerGUID":"","elqCookieWrite":"","segment":"asset-management","name_first":"First_9363_TESTTEST","name_last":"Last_9363_TESTTEST","email_work":"automated_TESTTEST_2026-02-23_06_55_07@broadridge.com","phone_business":"999-999-9999","job_title":"Job_9363_TESTTEST","Company":"Company_9363_TESTTEST","country":"United States","comment":"This is an automated test submission. Please ignore.","id":"","so":"","di":"","ct":"","ep":"","ot":"","mt":"","yr":"","rg":"","on":"","sub-source":"","campaignMostRecentID":"","content-id":"","orig-channel":"","campaign-name":"","campaignMostRecentName":"","campaignMostRecentSource":"","campaignMostRecentMedium":"","campaignMostRecentContent":"","campaignMostRecentTerm":"","campaignMostRecentContentID":"","campaignMostRecentSubSource":"","Persistent_utm_medium":"","Persistent_utm_source":"","Persistent_utm_term":"","Persistent_utm_campaign":"","Persistent_Sub_Source":"","Persistent_Content_ID":"","Persistent_Campaign_ID":"","Persistent_utm_content":"","Session_utm_medium":"","Session_utm_source":"","Session_utm_term":"","Session_utm_campaign":"","Session_Sub_Source":"","Session_Content_ID":"","Session_Campaign_ID":"701RN00000Rbgf7YAB","Session_utm_content":"","inquiry":"","fullURL":"https://www-dev.broadridge.com/report/asset-management/tailored-shareholder-reports","page_id":"130411","page_campaign_id":"639ca36f01b0d5c80e77c6108137c4c5","ecid":"","elqCampaignId":"","Formmodel":"flyout","Pagetype":"","g-recaptcha-response":"0cAFcWeA4H7RWvmNjQtn3BqEcUu2oIkNiJ9PId-RlmBw6VZ38q5Go1cHu42ND2V3EYd6LMWgMXjtnoGuYUFYv8xHQO6zTPk79AfChzuuspx3SDThD1ZjgBDt8kmIhak7FLWzTwsHOJ5_MPr0hB5hWdfKZ877UagJq-kGNKGE-9uPas9k71kDg73HpQRCcCDXPv_R0WUnS5QjYQXeT8bouaLcrNTEKGY5Cgyt738SDwL_ucxQrZLJz-5-DOpbpKtvaOuSYPUHlKYfa6ThPzd_i3AWP4quGZ0MkbUxZ50lTHdiD6aYsS09tlq5oEHIKP8IwjLsxAKXPTxLNPNeVxJ_XcBN3cGSA5IlcietRnQ9DtO1sHgDea4L_mIGOsb2OjvJEASwKZ4zBGHpb35lHcQnVwrwrJXfY7jhejaJ4VXx7_uJ8FH7KfW6q3fXpxC3kg86NjSkTeTnCydnsGllcgtQdFbG3mWHQorXx3kzXbBu5GiaY1H_upvrAq6lB1ypBOetJWyTdku1m0h00FpSssafU5E4JE7v_owQQVSCgvqUveH_nFFo1ZULR4u__JaDDe3vpMKp9s0ya62Hkg6YXotm6cv5-XzUKXLbnSd1SVTtqVqVQqre_uPGP6YRujGkhHFUI66xGH2FClCE7a0_zahGyQj_RYnR5D7EmryKnUwEE8AKKiCsUTC3hyoJAwqREGd-200QxtNE5c7APBmduZq5GHWrNCaHkH1uHaUuDYYvi78HKVBS1qXiBDzQelZZKmHeRzJdOB5X7aTUeiSebOWDRdAxIou30ZCarA491Ggw4xztpw8d8l_m1ghs8oPK8B2dVqxkQz34eNKceWC5hHGNZzmoGzH_yVwzbVWdlIxlk1NcZ3k5ADSxcL5HhwleqWegrcSJYPDKceqSD1HgKVmRY9p47VUtlI3Rszs_jQSqqP2zgUlnRbDW_XxN0N27pbj8ED07po-8GIn7yKMst_Znl34wyMBGNJgl8NoBawt0rkyhr4Csc1Fg8c1fwIlhFgxIwDlouPFKjP2gNy1WNjMaMoAUDjfkEnNA-5hCuKcj2qTU9QvluWX88fJ-gZX0g8f6TeePIllFjp8MBcEZMvqyK4FOd6SEQeggWVm3rdkhUBuw4Ns4s5wOigo8bYn8HY19LL8fUycAQhZ5BQSTmQNhRnL4Qrijg5_swYiSSSldXspGwVCRM5TMJfnr3S3eWAKeutvXZmZHgOYr1IMTj_w2bxkMlzBt3-nO5sm0WdnVsvifO68kjUJBKUfvurlHV57Vrkca3xzFDIIMV6qV97rbKvMylOLQcdj11G9wFqTI3aE3SFj2431ITC1685KI6mg4NeihDn09Bp_H-cXF9Vk--hVLAz1726rMkPwvseLZJIus9hqbZ3i5HNKX9dyxjaHRwk933DGNT0WRoFYFxLJEJcAwAoatpNFzezD4ze-qgqNAPtzjnozr4qtD6NDtcpbryoL-XdbuYNX7MvHcBgQqsPXTCtMCqQ53cBxzeON1O6p2IGJLj32C0ZL0WBckZQ7aFb4C7H-YTBo-85p_NEF0z3fQpwWT9isz9oH62bkr6DE__ipSzOOavWoGjMehYjBJdpZ-IUOXdjVhNtQv4RNzdWkWmutmoPfNxVROEFBIoegtdGqGgAG5_Rw_7zhmyHndQrRhGdiXawXtEVt7q-iAiwUH62EBMIqIIFRAED3PYVTefag3dqsV12giNBHj3Trt_6vWTB3zctxpyPpXkZPfr5onX35toSL27utYCAtCx2OyCsDZHRih3SdO47c90jH-qtURFdGGRYOUKoZpiSvrozcs68jJ5SJy0p7lzt-tQGuUFlL_dV7djbLOeXCnENywnpYiN2IhF8wEm9eDHDxeA2exsq_v4vXFrsRyR59wKl-EhCNvMrAY1OshjQp_4W7_BXeym0AnBALnS0ZT_26UofENXsZ2VdK8dAecAvEkzDAdYBwX4d2Q7DYOziC3qLoikWrRks1SP2UjNmX26aieXsxWJTRNO2agWVSfDMvhpj2Pzjwnn3PAzJNweaNZ1z1N4G-LGfw0JMnDCe_qVy3JzuNU3bOlkTABQ02d3UXdbPgkdkiK3lZQ6ALd88YoV5n-D3E2HqW1etVLhxp7gfdc_48dRlbrYHCf4Rl8z-cU4wVuEU_1bxA1xGUv0tAv3pbe3CttG1W3gWlExF8I9WA45Pa5G3DMx3YqjOL_Z7a9mlX7AkMvVIcF5vHlHb2KnQcXoS_KuwjC22S9QoEhKaBQjmP-6aCwziNhN11jnhEOrNtyK7ZmM8Iz1tEi9rzGt0jV-RAJBR3Ldxcc2orU1dbSM4XWWf8Ktx1TL88vAY3Esg4B4IseTLN_FsYUBaGNyrr_MRvJCMcSStCCtsDvL0Pix3lZ4emXecJn5Miw4_84A1ELt6VLzZU-WpbLc"}
formSubmissionId = 
fullURL = https://www-dev.broadridge.com/report/asset-management/tailored-shareholder-reports
page comparison URL = https://www-dev.broadridge.com/report/asset-management/tailored-shareholder-reports
..........!!!...Filling the form failed...!!!........
................Header Contact Us Form Filled...................
V2 ContactUs form NOT found on the bottom
V2 Download form NOT found on the bottom
]]></system-out>
    <system-err><![CDATA[SLF4J(W): No SLF4J providers were found.
SLF4J(W): Defaulting to no-operation (NOP) logger implementation
SLF4J(W): See https://www.slf4j.org/codes.html#noProviders for further details.
Feb 23, 2026 6:41:57 AM org.openqa.selenium.devtools.CdpVersionFinder findNearestMatch
WARNING: Unable to find an exact match for CDP version 144, returning the closest version; found: 140; Please update to a Selenium version that supports CDP version 144
]]></system-err>
  </testcase>
</testsuite>