<?xml version="1.0" encoding="UTF-8"?>
<testng-results ignored="0" total="1" passed="1" failed="0" skipped="0">
  <reporter-output>
  </reporter-output>
  <suite started-at="2026-02-23T06:41:48 UTC" name="Surefire suite" finished-at="2026-02-23T06:55:31 UTC" duration-ms="822765">
    <groups>
    </groups>
    <test started-at="2026-02-23T06:41:48 UTC" name="Surefire test" finished-at="2026-02-23T06:55:31 UTC" duration-ms="822765">
      <class name="com.broadridge.Tests">
        <test-method is-config="true" signature="setUp()[pri:0, instance:com.broadridge.Tests@27c86f2d]" started-at="2026-02-23T06:41:48 UTC" name="setUp" finished-at="2026-02-23T06:41:48 UTC" duration-ms="6" status="PASS">
          <reporter-output>
          </reporter-output>
        </test-method> <!-- setUp -->
        <test-method signature="formTest()[pri:0, instance:com.broadridge.Tests@27c86f2d]" started-at="2026-02-23T06:41:48 UTC" name="formTest" finished-at="2026-02-23T06:55:31 UTC" duration-ms="822429" status="PASS">
          <reporter-output>
          </reporter-output>
        </test-method> <!-- formTest -->
        <test-method is-config="true" signature="tearDown()[pri:0, instance:com.broadridge.Tests@27c86f2d]" started-at="2026-02-23T06:55:31 UTC" name="tearDown" finished-at="2026-02-23T06:55:31 UTC" duration-ms="304" status="PASS">
          <reporter-output>
          </reporter-output>
        </test-method> <!-- tearDown -->
      </class> <!-- com.broadridge.Tests -->
    </test> <!-- Surefire test -->
  </suite> <!-- Surefire suite -->
</testng-results>
