<?xml version="1.0" encoding="UTF-8"?>
<testng-results ignored="0" total="1" passed="1" failed="0" skipped="0">
  <reporter-output>
  </reporter-output>
  <suite started-at="2025-12-15T05:49:31 UTC" name="Surefire suite" finished-at="2025-12-15T05:52:59 UTC" duration-ms="207383">
    <groups>
    </groups>
    <test started-at="2025-12-15T05:49:31 UTC" name="Surefire test" finished-at="2025-12-15T05:52:59 UTC" duration-ms="207383">
      <class name="com.broadridge.Tests">
        <test-method is-config="true" signature="setUp()[pri:0, instance:com.broadridge.Tests@27c86f2d]" started-at="2025-12-15T05:49:31 UTC" name="setUp" finished-at="2025-12-15T05:49:31 UTC" duration-ms="8" status="PASS">
          <reporter-output>
          </reporter-output>
        </test-method> <!-- setUp -->
        <test-method signature="formTest()[pri:0, instance:com.broadridge.Tests@27c86f2d]" started-at="2025-12-15T05:49:31 UTC" name="formTest" finished-at="2025-12-15T05:52:58 UTC" duration-ms="207036" status="PASS">
          <reporter-output>
          </reporter-output>
        </test-method> <!-- formTest -->
        <test-method is-config="true" signature="tearDown()[pri:0, instance:com.broadridge.Tests@27c86f2d]" started-at="2025-12-15T05:52:58 UTC" name="tearDown" finished-at="2025-12-15T05:52:59 UTC" duration-ms="316" status="PASS">
          <reporter-output>
          </reporter-output>
        </test-method> <!-- tearDown -->
      </class> <!-- com.broadridge.Tests -->
    </test> <!-- Surefire test -->
  </suite> <!-- Surefire suite -->
</testng-results>
