<?xml version="1.0" encoding="UTF-8"?>
<testng-results ignored="0" total="10" passed="10" failed="0" skipped="0">
  <reporter-output>
  </reporter-output>
  <suite started-at="2025-10-07T13:31:37 UTC" name="Surefire suite" finished-at="2025-10-07T13:39:10 UTC" duration-ms="452800">
    <groups>
    </groups>
    <test started-at="2025-10-07T13:31:37 UTC" name="Surefire test" finished-at="2025-10-07T13:39:10 UTC" duration-ms="452800">
      <class name="com.broadridge.Tests">
        <test-method is-config="true" signature="setUp()[pri:0, instance:com.broadridge.Tests@2cbb3d47]" started-at="2025-10-07T13:31:37 UTC" name="setUp" finished-at="2025-10-07T13:31:37 UTC" duration-ms="7" status="PASS">
          <reporter-output>
          </reporter-output>
        </test-method> <!-- setUp -->
        <test-method signature="FormTester(java.lang.String,java.lang.String)[pri:1, instance:com.broadridge.Tests@2cbb3d47]" started-at="2025-10-07T13:31:37 UTC" name="FormTester" data-provider="broadridgePages" finished-at="2025-10-07T13:32:24 UTC" duration-ms="46580" status="PASS">
          <params>
            <param index="0">
              <value>
                <![CDATA[https://broadridgedigital:broadridge1@www-dev.broadridge.com/2024-digital-transformation-study]]>
              </value>
            </param>
            <param index="1">
              <value>
                <![CDATA[https://www-dev.broadridge.com/2024-digital-transformation-study]]>
              </value>
            </param>
          </params>
          <reporter-output>
          </reporter-output>
        </test-method> <!-- FormTester -->
        <test-method signature="FormTester(java.lang.String,java.lang.String)[pri:1, instance:com.broadridge.Tests@2cbb3d47]" started-at="2025-10-07T13:32:24 UTC" name="FormTester" data-provider="broadridgePages" finished-at="2025-10-07T13:33:02 UTC" duration-ms="37683" status="PASS">
          <params>
            <param index="0">
              <value>
                <![CDATA[https://broadridgedigital:broadridge1@www-dev.broadridge.com/insight-pages/bpo-case-study]]>
              </value>
            </param>
            <param index="1">
              <value>
                <![CDATA[https://www-dev.broadridge.com/insight-pages/bpo-case-study]]>
              </value>
            </param>
          </params>
          <reporter-output>
          </reporter-output>
        </test-method> <!-- FormTester -->
        <test-method signature="FormTester(java.lang.String,java.lang.String)[pri:1, instance:com.broadridge.Tests@2cbb3d47]" started-at="2025-10-07T13:33:02 UTC" name="FormTester" data-provider="broadridgePages" finished-at="2025-10-07T13:33:37 UTC" duration-ms="34927" status="PASS">
          <params>
            <param index="0">
              <value>
                <![CDATA[https://broadridgedigital:broadridge1@www-dev.broadridge.com/article/asset-management/summary-of-latest-guidance-from-the-fca-on-consumer-duty-implementation]]>
              </value>
            </param>
            <param index="1">
              <value>
                <![CDATA[https://www-dev.broadridge.com/article/asset-management/summary-of-latest-guidance-from-the-fca-on-consumer-duty-implementation]]>
              </value>
            </param>
          </params>
          <reporter-output>
          </reporter-output>
        </test-method> <!-- FormTester -->
        <test-method signature="FormTester(java.lang.String,java.lang.String)[pri:1, instance:com.broadridge.Tests@2cbb3d47]" started-at="2025-10-07T13:33:37 UTC" name="FormTester" data-provider="broadridgePages" finished-at="2025-10-07T13:34:26 UTC" duration-ms="49289" status="PASS">
          <params>
            <param index="0">
              <value>
                <![CDATA[https://broadridgedigital:broadridge1@www-dev.broadridge.com/insight-pages/governance-regulatory-change]]>
              </value>
            </param>
            <param index="1">
              <value>
                <![CDATA[https://www-dev.broadridge.com/insight-pages/governance-regulatory-change]]>
              </value>
            </param>
          </params>
          <reporter-output>
          </reporter-output>
        </test-method> <!-- FormTester -->
        <test-method signature="FormTester(java.lang.String,java.lang.String)[pri:1, instance:com.broadridge.Tests@2cbb3d47]" started-at="2025-10-07T13:34:26 UTC" name="FormTester" data-provider="broadridgePages" finished-at="2025-10-07T13:35:15 UTC" duration-ms="49574" status="PASS">
          <params>
            <param index="0">
              <value>
                <![CDATA[https://broadridgedigital:broadridge1@www-dev.broadridge.com/campaign/all-in-the-family-active-etf]]>
              </value>
            </param>
            <param index="1">
              <value>
                <![CDATA[https://www-dev.broadridge.com/campaign/all-in-the-family-active-etf]]>
              </value>
            </param>
          </params>
          <reporter-output>
          </reporter-output>
        </test-method> <!-- FormTester -->
        <test-method signature="FormTester(java.lang.String,java.lang.String)[pri:1, instance:com.broadridge.Tests@2cbb3d47]" started-at="2025-10-07T13:35:15 UTC" name="FormTester" data-provider="broadridgePages" finished-at="2025-10-07T13:36:02 UTC" duration-ms="46832" status="PASS">
          <params>
            <param index="0">
              <value>
                <![CDATA[https://broadridgedigital:broadridge1@www-dev.broadridge.com/who-we-serve/asset-management]]>
              </value>
            </param>
            <param index="1">
              <value>
                <![CDATA[https://www-dev.broadridge.com/who-we-serve/asset-management]]>
              </value>
            </param>
          </params>
          <reporter-output>
          </reporter-output>
        </test-method> <!-- FormTester -->
        <test-method signature="FormTester(java.lang.String,java.lang.String)[pri:1, instance:com.broadridge.Tests@2cbb3d47]" started-at="2025-10-07T13:36:02 UTC" name="FormTester" data-provider="broadridgePages" finished-at="2025-10-07T13:36:49 UTC" duration-ms="47182" status="PASS">
          <params>
            <param index="0">
              <value>
                <![CDATA[https://broadridgedigital:broadridge1@www-dev.broadridge.com/who-we-serve/wealth-management]]>
              </value>
            </param>
            <param index="1">
              <value>
                <![CDATA[https://www-dev.broadridge.com/who-we-serve/wealth-management]]>
              </value>
            </param>
          </params>
          <reporter-output>
          </reporter-output>
        </test-method> <!-- FormTester -->
        <test-method signature="FormTester(java.lang.String,java.lang.String)[pri:1, instance:com.broadridge.Tests@2cbb3d47]" started-at="2025-10-07T13:36:49 UTC" name="FormTester" data-provider="broadridgePages" finished-at="2025-10-07T13:37:36 UTC" duration-ms="46573" status="PASS">
          <params>
            <param index="0">
              <value>
                <![CDATA[https://broadridgedigital:broadridge1@www-dev.broadridge.com/who-we-serve/consumer-industries]]>
              </value>
            </param>
            <param index="1">
              <value>
                <![CDATA[https://www-dev.broadridge.com/who-we-serve/consumer-industries]]>
              </value>
            </param>
          </params>
          <reporter-output>
          </reporter-output>
        </test-method> <!-- FormTester -->
        <test-method signature="FormTester(java.lang.String,java.lang.String)[pri:1, instance:com.broadridge.Tests@2cbb3d47]" started-at="2025-10-07T13:37:36 UTC" name="FormTester" data-provider="broadridgePages" finished-at="2025-10-07T13:38:25 UTC" duration-ms="49050" status="PASS">
          <params>
            <param index="0">
              <value>
                <![CDATA[https://broadridgedigital:broadridge1@www.broadridge.com/insight-pages/broadridge-insights]]>
              </value>
            </param>
            <param index="1">
              <value>
                <![CDATA[https://www.broadridge.com/insight-pages/broadridge-insights]]>
              </value>
            </param>
          </params>
          <reporter-output>
          </reporter-output>
        </test-method> <!-- FormTester -->
        <test-method signature="FormTester(java.lang.String,java.lang.String)[pri:1, instance:com.broadridge.Tests@2cbb3d47]" started-at="2025-10-07T13:38:25 UTC" name="FormTester" data-provider="broadridgePages" finished-at="2025-10-07T13:39:10 UTC" duration-ms="44666" status="PASS">
          <params>
            <param index="0">
              <value>
                <![CDATA[https://broadridgedigital:broadridge1@www-dev.broadridge.com/financial-services/asset-management/retirement-services/fiduciary-software-and-technology/fiduciary-focus-toolkit]]>
              </value>
            </param>
            <param index="1">
              <value>
                <![CDATA[https://www-dev.broadridge.com/financial-services/asset-management/retirement-services/fiduciary-software-and-technology/fiduciary-focus-toolkit]]>
              </value>
            </param>
          </params>
          <reporter-output>
          </reporter-output>
        </test-method> <!-- FormTester -->
        <test-method is-config="true" signature="tearDown()[pri:0, instance:com.broadridge.Tests@2cbb3d47]" started-at="2025-10-07T13:39:10 UTC" name="tearDown" finished-at="2025-10-07T13:39:10 UTC" duration-ms="409" status="PASS">
          <reporter-output>
          </reporter-output>
        </test-method> <!-- tearDown -->
      </class> <!-- com.broadridge.Tests -->
    </test> <!-- Surefire test -->
  </suite> <!-- Surefire suite -->
</testng-results>
