<?xml version="1.0" encoding="UTF-8"?>
<testsuite xmlns:xsi="http://www.w3.org/2001/XMLSchema-instance" xsi:noNamespaceSchemaLocation="https://maven.apache.org/surefire/maven-surefire-plugin/xsd/surefire-test-report-3.0.xsd" version="3.0" name="TestSuite" time="836.291" tests="1" errors="0" skipped="0" failures="0">
  <properties>
[...]
</properties>
  <testcase name="formTest" classname="com.broadridge.Tests" time="835.662">
    <system-out><![CDATA[-------------------------------TEST STARTED--------------------------------
2025-12-29T05:52:12.179871666Z main ERROR Log4j API could not find a logging provider.
lastRow = 19
32986
no cookie button
header ContactUs button found = true
emailTimeStamp = automated_TESTTEST_2025-12-29_05_52_38@broadridge.com
📤 Form payload = {"formSubmissionId":"","elqFormName":"","elqSiteID":"","datalayerheader":"","contact":"","formgtm":"","elqCustomerGUID":"","elqCookieWrite":"","segment":"capital-markets","name_first":"First_32986_TESTTEST","name_last":"Last_32986_TESTTEST","email_work":"automated_TESTTEST_2025-12-29_05_52_38@broadridge.com","phone_business":"999-999-9999","job_title":"Job_32986_TESTTEST","Company":"Company_32986_TESTTEST","country":"United States","comment":"This is an automated test submission. Please ignore.","id":"","so":"","di":"","ct":"","ep":"","ot":"","mt":"","yr":"","rg":"","on":"","sub-source":"","campaignMostRecentID":"","content-id":"","orig-channel":"","campaign-name":"","campaignMostRecentName":"","campaignMostRecentSource":"","campaignMostRecentMedium":"","campaignMostRecentContent":"","campaignMostRecentTerm":"","campaignMostRecentContentID":"","campaignMostRecentSubSource":"","Persistent_utm_medium":"","Persistent_utm_source":"","Persistent_utm_term":"","Persistent_utm_campaign":"","Persistent_Sub_Source":"","Persistent_Content_ID":"","Persistent_Campaign_ID":"","Persistent_utm_content":"","Session_utm_medium":"","Session_utm_source":"","Session_utm_term":"","Session_utm_campaign":"","Session_Sub_Source":"","Session_Content_ID":"","Session_Campaign_ID":"701RN00000RbnVLYAZ","Session_utm_content":"","inquiry":"","fullURL":"https://www-dev.broadridge.com/white-paper/the-service-value-chain-how-data-management-powers-performance","page_id":"14926","page_campaign_id":"0","ecid":"","elqCampaignId":"","Formmodel":"flyout","Pagetype":"","g-recaptcha-response":"0cAFcWeA5xtBQ2jV_9e2L-7z-1UVeNlzZ87b_sxDBTWJTtiqAjgpAbIGEd1LoOhQxq818c84UwSpxDDnRwb-47bm0SJpWs_e3EU9tSWFedq1UFLSlnhjr69Wg-S9S_6oUKB4jJgq6lABaML2Ark_N6J2MhdQcEBV4ZQvKQqEpwGvGu78DGyjYXdpleWqAJYzrl8IFhszSqoMU7efKipRVaPOO33FCQRNZEbK5EneDodef9A9AzW9ACy74ynd9gZ1G8SkVZSP14sUdI6EAyKP4HU-6v0aIHtwrAc3598zFfeeHF2MlUmC6ax9uJ_5xmALYaVXplWRtSdD_4-DRtb5WvHN-P4FcbRDxSDg9bOdrPluu8hZ_fhQ4gNj28WO9p4pA2NYTp-EqNGhpSmLlBCrCDNQ2vtFljmAsZC1i2ondGN9TSvllTKf-kZoc5x1QFZCuD-4Mz99lWqhAsX_gsosaO9lQbXuEfOAVAxGSFO5C-XvtqJZEJoaEEmuVboIymCR9Wcb1XI2XkfTUts_kwDElm62zLEvn7C-dZuVbidil5du7cV4rSfeUtS5q4C4k8GEpUw0D3bk2kDaRhMA0h-2EIsM57_kbZKgm-rSQSQbmlLEZN6-S9aZFX51mU2Muab6dqh1h9LXMnuq-6kB1zR2L3DQuFOh_h8ZWADBsuBYf9TvgfjBHWK6AofvEejZC3Ae30FtNtOFdTYVunGa90Iilf6BIFz3XNnKVoVDWUtl1zm1VuqNVC3Y0daDlcIxGA6jf5S_mmK642jaeT2kjQc48if0FmjU1v99lfVpJ-JICoSLtmSppFb5Ge-pYc0W8dmjdZw9iF3K7J1QdwZLSc6BKk25dizL9gOFa3IT_Ai14cVImg4GnsScPmKUEFt_fF1wPp5P7efd4IDhLDNPsblKxQwN-ERwcX36BrjOyCSJK_sZeFsoZR0qskC3i53Z0cO8jKHvO87lpIUPYVlvfW8BwKMUMqkV3NwiTfWBUDeDKM2uwaxtpa0doQn8TH-n_pFZOoBPNNR4ZSpDiqeUtpyhgfPsVrkgQEpEd78Ot2uGIypIn1PBo_G8AFqu-4uWYOr523jMnW6AMLkuXrgiCUPkJ-duWa7H-yDdRgWFTtM3w-iY_pmKvAFZAHmbCKD263rCoodG-s5mp99MccF1EVVkE2jaizBFUUEPf3wMOB1LulSoEV9xYJowwh7ua4QHqSbPfQwA8f6ca-RB-XBNdWV3bnyluqyR6DG2jjxMlic4PY4l9b14XXMb8ag7DYdBHEqi-YILZLEc5IvhE0AWR2Ovx2uEcCReZ0q3JmMeupBZsf3h6DpXL78ODnn-QdHx2r0t_DRwTv_6vcfxJ8zE6hL_xJFkt8NZUsJz9bxdSNwZY18urKYFM-J77VvZUkU2ixzwhiDguBumanKYRB-nkbLwLDxuerWBa6SnDtxsReZBfzYxiu4ZKBQeSSjeH6ZDG8IoWNBei_Gk-61mJqToTwC6_7TyS1GrAYdZ4OCPb6NHAzTdI1LmjDnlUo2DzfbpTi6fOOZRXUvmWn68HTAyn4YJvuMsOAlnfns8feMG9Hbfnkf_IkUB61R1FQ8xsxJZuvHWIRsi89fSKwjgUsoJ7tJKkHFhEmrHcoCom-CQ"}
form message = Something went wrong with our form submission. Please try again.
formpayload for validation = {"formSubmissionId":"","elqFormName":"","elqSiteID":"","datalayerheader":"","contact":"","formgtm":"","elqCustomerGUID":"","elqCookieWrite":"","segment":"capital-markets","name_first":"First_32986_TESTTEST","name_last":"Last_32986_TESTTEST","email_work":"automated_TESTTEST_2025-12-29_05_52_38@broadridge.com","phone_business":"999-999-9999","job_title":"Job_32986_TESTTEST","Company":"Company_32986_TESTTEST","country":"United States","comment":"This is an automated test submission. Please ignore.","id":"","so":"","di":"","ct":"","ep":"","ot":"","mt":"","yr":"","rg":"","on":"","sub-source":"","campaignMostRecentID":"","content-id":"","orig-channel":"","campaign-name":"","campaignMostRecentName":"","campaignMostRecentSource":"","campaignMostRecentMedium":"","campaignMostRecentContent":"","campaignMostRecentTerm":"","campaignMostRecentContentID":"","campaignMostRecentSubSource":"","Persistent_utm_medium":"","Persistent_utm_source":"","Persistent_utm_term":"","Persistent_utm_campaign":"","Persistent_Sub_Source":"","Persistent_Content_ID":"","Persistent_Campaign_ID":"","Persistent_utm_content":"","Session_utm_medium":"","Session_utm_source":"","Session_utm_term":"","Session_utm_campaign":"","Session_Sub_Source":"","Session_Content_ID":"","Session_Campaign_ID":"701RN00000RbnVLYAZ","Session_utm_content":"","inquiry":"","fullURL":"https://www-dev.broadridge.com/white-paper/the-service-value-chain-how-data-management-powers-performance","page_id":"14926","page_campaign_id":"0","ecid":"","elqCampaignId":"","Formmodel":"flyout","Pagetype":"","g-recaptcha-response":"0cAFcWeA5xtBQ2jV_9e2L-7z-1UVeNlzZ87b_sxDBTWJTtiqAjgpAbIGEd1LoOhQxq818c84UwSpxDDnRwb-47bm0SJpWs_e3EU9tSWFedq1UFLSlnhjr69Wg-S9S_6oUKB4jJgq6lABaML2Ark_N6J2MhdQcEBV4ZQvKQqEpwGvGu78DGyjYXdpleWqAJYzrl8IFhszSqoMU7efKipRVaPOO33FCQRNZEbK5EneDodef9A9AzW9ACy74ynd9gZ1G8SkVZSP14sUdI6EAyKP4HU-6v0aIHtwrAc3598zFfeeHF2MlUmC6ax9uJ_5xmALYaVXplWRtSdD_4-DRtb5WvHN-P4FcbRDxSDg9bOdrPluu8hZ_fhQ4gNj28WO9p4pA2NYTp-EqNGhpSmLlBCrCDNQ2vtFljmAsZC1i2ondGN9TSvllTKf-kZoc5x1QFZCuD-4Mz99lWqhAsX_gsosaO9lQbXuEfOAVAxGSFO5C-XvtqJZEJoaEEmuVboIymCR9Wcb1XI2XkfTUts_kwDElm62zLEvn7C-dZuVbidil5du7cV4rSfeUtS5q4C4k8GEpUw0D3bk2kDaRhMA0h-2EIsM57_kbZKgm-rSQSQbmlLEZN6-S9aZFX51mU2Muab6dqh1h9LXMnuq-6kB1zR2L3DQuFOh_h8ZWADBsuBYf9TvgfjBHWK6AofvEejZC3Ae30FtNtOFdTYVunGa90Iilf6BIFz3XNnKVoVDWUtl1zm1VuqNVC3Y0daDlcIxGA6jf5S_mmK642jaeT2kjQc48if0FmjU1v99lfVpJ-JICoSLtmSppFb5Ge-pYc0W8dmjdZw9iF3K7J1QdwZLSc6BKk25dizL9gOFa3IT_Ai14cVImg4GnsScPmKUEFt_fF1wPp5P7efd4IDhLDNPsblKxQwN-ERwcX36BrjOyCSJK_sZeFsoZR0qskC3i53Z0cO8jKHvO87lpIUPYVlvfW8BwKMUMqkV3NwiTfWBUDeDKM2uwaxtpa0doQn8TH-n_pFZOoBPNNR4ZSpDiqeUtpyhgfPsVrkgQEpEd78Ot2uGIypIn1PBo_G8AFqu-4uWYOr523jMnW6AMLkuXrgiCUPkJ-duWa7H-yDdRgWFTtM3w-iY_pmKvAFZAHmbCKD263rCoodG-s5mp99MccF1EVVkE2jaizBFUUEPf3wMOB1LulSoEV9xYJowwh7ua4QHqSbPfQwA8f6ca-RB-XBNdWV3bnyluqyR6DG2jjxMlic4PY4l9b14XXMb8ag7DYdBHEqi-YILZLEc5IvhE0AWR2Ovx2uEcCReZ0q3JmMeupBZsf3h6DpXL78ODnn-QdHx2r0t_DRwTv_6vcfxJ8zE6hL_xJFkt8NZUsJz9bxdSNwZY18urKYFM-J77VvZUkU2ixzwhiDguBumanKYRB-nkbLwLDxuerWBa6SnDtxsReZBfzYxiu4ZKBQeSSjeH6ZDG8IoWNBei_Gk-61mJqToTwC6_7TyS1GrAYdZ4OCPb6NHAzTdI1LmjDnlUo2DzfbpTi6fOOZRXUvmWn68HTAyn4YJvuMsOAlnfns8feMG9Hbfnkf_IkUB61R1FQ8xsxJZuvHWIRsi89fSKwjgUsoJ7tJKkHFhEmrHcoCom-CQ"}
formSubmissionId = 
fullURL = https://www-dev.broadridge.com/white-paper/the-service-value-chain-how-data-management-powers-performance
page comparison URL = https://www-dev.broadridge.com/white-paper/the-service-value-chain-how-data-management-powers-performance
..........!!!...Filling the form failed...!!!........
................Header Contact Us Form Filled...................
V2 ContactUs form NOT found on the bottom
V2 Download form NOT found on the bottom
no cookie button
header ContactUs button found = true
emailTimeStamp = automated_TESTTEST_2025-12-29_05_53_18@broadridge.com
📤 Form payload = {"formSubmissionId":"BRSOLJY3A-1766987600885","elqFormName":"","elqSiteID":"","datalayerheader":"","contact":"","formgtm":"","elqCustomerGUID":"","elqCookieWrite":"","segment":"","name_first":"First_32986_TESTTEST","name_last":"Last_32986_TESTTEST","email_work":"automated_TESTTEST_2025-12-29_05_53_18@broadridge.com","phone_business":"999-999-9999","job_title":"Job_32986_TESTTEST","Company":"Company_32986_TESTTEST","country":"United States","comment":"This is an automated test submission.  Please ignore.","id":"","so":"","di":"","ct":"","ep":"","ot":"","mt":"","yr":"","rg":"","on":"","sub-source":"","campaignMostRecentID":"","content-id":"","orig-channel":"","campaign-name":"","campaignMostRecentName":"","campaignMostRecentSource":"","campaignMostRecentMedium":"","campaignMostRecentContent":"","campaignMostRecentTerm":"","campaignMostRecentContentID":"","campaignMostRecentSubSource":"","Persistent_utm_medium":"","Persistent_utm_source":"","Persistent_utm_term":"","Persistent_utm_campaign":"","Persistent_Sub_Source":"","Persistent_Content_ID":"","Persistent_Campaign_ID":"","Persistent_utm_content":"","Session_utm_medium":"","Session_utm_source":"","Session_utm_term":"","Session_utm_campaign":"","Session_Sub_Source":"","Session_Content_ID":"","Session_Campaign_ID":"701RN00000RbnVLYAZ","Session_utm_content":"","inquiry":"Gen Enq","fullURL":"https://www-dev.broadridge.com/capability/governance-and-regulatory-compliance/proxy-services/issuer-proxy","page_id":"180041","page_campaign_id":"0","ecid":"","elqCampaignId":"","Formmodel":"flyout","Pagetype":"Products","g-recaptcha-response":"0cAFcWeA6cUxLNZOquBg5Z3PZFOqQViWS4D7dQoSP7yKJoAfF4orV3EK2YCBl95IiFt9EIJJk9WsN9C5mBce7-dQunj5kma_48ioPGB-3_lnLQ8Da-W3xJl214abNEtcQ8uOXZ2yp5KuKyEj2-hfPipU2lIW0VHFXMKmRVTEpzFyn639ggbiBax8-1B6T8XonGQezvjmGyXDNHD_UECUY_Xx-pdWSorHoEVdqzwH-UQm2MH3vZ6h6LA-72lzeVFu1vXKOPMXnCWzjrJ1kO0L46x2jH2UjiFnkS7-M3Qr6suPqu7HHt3SuavoDIAwQQs_PX_0Iq_niAzTZFLbtjz66MKk1uwwxQSmYZkU7bo9UUg3EPBF3_ZP5bNf0vhpHmSPdfX0PMj6H53mnMUDtq38T6Y5qBEQ4k1AAfOx4avcI24aYgbgAKngzk1IQnuW6842q-GJnkJ0-dSh8HrigakawzAQfcBbVDKt_6mDNjgDaM3ISN2GS4x8Yqv0ufOenHrdQDdanWmORV6UsPsAuAJGhUyb3VExSJ2K3D60LdCHAV8GuPUH2XJKaGePDB4RM2274BIoYXf_o04_F5Hl0jFN8OG-S5MgWhDcSuuzmN7FFMNck7TojkcP_pO7n6jLVa9R-ImMV0fbsFJ8CLXfmgq7trljY5Um8RFpLRCAvw6IZJTuSui2Kv2zT3rXxAhkP37fR4QIbL4iwOB_6ta0TY99Z4ao5RxWKNuKCl16zjRTkRCWbhSIpTv4IqTpMvBUbHSrfLOm8Fh69vmpmMwu4YHXk0XbRxTMgFnhwmVl9kwfRz_tYRRbFiX16s6_esrBqLPptOraGcXi5HLXAbTrBPgKXWBw8Na2CNbuV-433jOHxGnXsArLcqc5W3Mnij0Ba-z3AankLlXWdsJIiobT5NDWaYIFjB0n1wOnkf6PHL_ofHPTYFR6y-nZBtp_HEj8z9f0QRDtsOuLvH-FsTwG7w1vWoty8I6Fi7GmZ40vMROMVuu4ZNdB0bb0Y6jxK3zCrXL1d8MQP6gSmos1Z5SYWmWBlbAPSo5tkhzhJcuOED9wIkX8A4cMCsD1A7N5a5QU67DklByv2M-3NU-ktuz_H19Io98Hfa-Ygju_5vkTS-9h-Vd1t7wD75hvQBLOV5ilmSumPJI12lUP1u5B3nYfD4BZOBoXxNGeFWhViD8-xssb2j-C71qxvqI1UZWuG5E3omOl-5XREwiD8D41bF29rd9XX5z7MLd-DHJyecDhmYQCKViaGrOHzOuFbpVvlJ5wI7HOfImKYjiE7pjsp7jIVjxXdyNp1myPAYucAiwiuwgJl8tDg25u7Xtb3zzWWSg4ShzV9aQAEmT5DdsXP26ht47LcmBYjJwOiPsXxje4ef9OHCqJTvEY0WUNojM9P5QlPrF62lHMrCL9sFdeZvNRUbf53BQKJQ8BZbQza1iZhY6QJSvg0apRDQs56CbHFdQ08ITPWbOgGdARernPgdowht5eXN-7CcLDJHvOp5ge66gHYAkZjiIBa8p0OYf-l_df_nVLB95sJeXsSQ_vF3Huynlxz0x7aDOxA0LA10nR4gG-DsVW9Gg1LtWC8Rd3j2k48L51XLstv-cKq5PXhlYdU53tTooIUrCKL80H56PIbHOEJ2ktQegukJF2S29V4"}
form message = Thank you for your interest in Broadridge.
A representative will contact you within 24 business hours.
formpayload for validation = {"formSubmissionId":"BRSOLJY3A-1766987600885","elqFormName":"","elqSiteID":"","datalayerheader":"","contact":"","formgtm":"","elqCustomerGUID":"","elqCookieWrite":"","segment":"","name_first":"First_32986_TESTTEST","name_last":"Last_32986_TESTTEST","email_work":"automated_TESTTEST_2025-12-29_05_53_18@broadridge.com","phone_business":"999-999-9999","job_title":"Job_32986_TESTTEST","Company":"Company_32986_TESTTEST","country":"United States","comment":"This is an automated test submission.  Please ignore.","id":"","so":"","di":"","ct":"","ep":"","ot":"","mt":"","yr":"","rg":"","on":"","sub-source":"","campaignMostRecentID":"","content-id":"","orig-channel":"","campaign-name":"","campaignMostRecentName":"","campaignMostRecentSource":"","campaignMostRecentMedium":"","campaignMostRecentContent":"","campaignMostRecentTerm":"","campaignMostRecentContentID":"","campaignMostRecentSubSource":"","Persistent_utm_medium":"","Persistent_utm_source":"","Persistent_utm_term":"","Persistent_utm_campaign":"","Persistent_Sub_Source":"","Persistent_Content_ID":"","Persistent_Campaign_ID":"","Persistent_utm_content":"","Session_utm_medium":"","Session_utm_source":"","Session_utm_term":"","Session_utm_campaign":"","Session_Sub_Source":"","Session_Content_ID":"","Session_Campaign_ID":"701RN00000RbnVLYAZ","Session_utm_content":"","inquiry":"Gen Enq","fullURL":"https://www-dev.broadridge.com/capability/governance-and-regulatory-compliance/proxy-services/issuer-proxy","page_id":"180041","page_campaign_id":"0","ecid":"","elqCampaignId":"","Formmodel":"flyout","Pagetype":"Products","g-recaptcha-response":"0cAFcWeA6cUxLNZOquBg5Z3PZFOqQViWS4D7dQoSP7yKJoAfF4orV3EK2YCBl95IiFt9EIJJk9WsN9C5mBce7-dQunj5kma_48ioPGB-3_lnLQ8Da-W3xJl214abNEtcQ8uOXZ2yp5KuKyEj2-hfPipU2lIW0VHFXMKmRVTEpzFyn639ggbiBax8-1B6T8XonGQezvjmGyXDNHD_UECUY_Xx-pdWSorHoEVdqzwH-UQm2MH3vZ6h6LA-72lzeVFu1vXKOPMXnCWzjrJ1kO0L46x2jH2UjiFnkS7-M3Qr6suPqu7HHt3SuavoDIAwQQs_PX_0Iq_niAzTZFLbtjz66MKk1uwwxQSmYZkU7bo9UUg3EPBF3_ZP5bNf0vhpHmSPdfX0PMj6H53mnMUDtq38T6Y5qBEQ4k1AAfOx4avcI24aYgbgAKngzk1IQnuW6842q-GJnkJ0-dSh8HrigakawzAQfcBbVDKt_6mDNjgDaM3ISN2GS4x8Yqv0ufOenHrdQDdanWmORV6UsPsAuAJGhUyb3VExSJ2K3D60LdCHAV8GuPUH2XJKaGePDB4RM2274BIoYXf_o04_F5Hl0jFN8OG-S5MgWhDcSuuzmN7FFMNck7TojkcP_pO7n6jLVa9R-ImMV0fbsFJ8CLXfmgq7trljY5Um8RFpLRCAvw6IZJTuSui2Kv2zT3rXxAhkP37fR4QIbL4iwOB_6ta0TY99Z4ao5RxWKNuKCl16zjRTkRCWbhSIpTv4IqTpMvBUbHSrfLOm8Fh69vmpmMwu4YHXk0XbRxTMgFnhwmVl9kwfRz_tYRRbFiX16s6_esrBqLPptOraGcXi5HLXAbTrBPgKXWBw8Na2CNbuV-433jOHxGnXsArLcqc5W3Mnij0Ba-z3AankLlXWdsJIiobT5NDWaYIFjB0n1wOnkf6PHL_ofHPTYFR6y-nZBtp_HEj8z9f0QRDtsOuLvH-FsTwG7w1vWoty8I6Fi7GmZ40vMROMVuu4ZNdB0bb0Y6jxK3zCrXL1d8MQP6gSmos1Z5SYWmWBlbAPSo5tkhzhJcuOED9wIkX8A4cMCsD1A7N5a5QU67DklByv2M-3NU-ktuz_H19Io98Hfa-Ygju_5vkTS-9h-Vd1t7wD75hvQBLOV5ilmSumPJI12lUP1u5B3nYfD4BZOBoXxNGeFWhViD8-xssb2j-C71qxvqI1UZWuG5E3omOl-5XREwiD8D41bF29rd9XX5z7MLd-DHJyecDhmYQCKViaGrOHzOuFbpVvlJ5wI7HOfImKYjiE7pjsp7jIVjxXdyNp1myPAYucAiwiuwgJl8tDg25u7Xtb3zzWWSg4ShzV9aQAEmT5DdsXP26ht47LcmBYjJwOiPsXxje4ef9OHCqJTvEY0WUNojM9P5QlPrF62lHMrCL9sFdeZvNRUbf53BQKJQ8BZbQza1iZhY6QJSvg0apRDQs56CbHFdQ08ITPWbOgGdARernPgdowht5eXN-7CcLDJHvOp5ge66gHYAkZjiIBa8p0OYf-l_df_nVLB95sJeXsSQ_vF3Huynlxz0x7aDOxA0LA10nR4gG-DsVW9Gg1LtWC8Rd3j2k48L51XLstv-cKq5PXhlYdU53tTooIUrCKL80H56PIbHOEJ2ktQegukJF2S29V4"}
formSubmissionId = BRSOLJY3A-1766987600885
fullURL = https://www-dev.broadridge.com/capability/governance-and-regulatory-compliance/proxy-services/issuer-proxy
page comparison URL = https://www-dev.broadridge.com/financial-services/corporate-issuer/issuer/simplify-the-annual-meeting-process/interactive-online-document-management
..........!!!...Filling the form failed...!!!........
................Header Contact Us Form Filled...................
v2 ContactUs form found on the bottom = false
V2 ContactUs form NOT found on the bottom
V2 Download form NOT found on the bottom
no cookie button
header ContactUs button found = true
emailTimeStamp = automated_TESTTEST_2025-12-29_05_53_59@broadridge.com
📤 Form payload = {"formSubmissionId":"BRKCO8O3L-1766987641894","elqFormName":"","elqSiteID":"","datalayerheader":"","contact":"","formgtm":"","elqCustomerGUID":"","elqCookieWrite":"","segment":"","name_first":"First_32986_TESTTEST","name_last":"Last_32986_TESTTEST","email_work":"automated_TESTTEST_2025-12-29_05_53_59@broadridge.com","phone_business":"999-999-9999","job_title":"Job_32986_TESTTEST","Company":"Company_32986_TESTTEST","country":"United States","comment":"This is an automated test submission.  Please ignore.","id":"","so":"","di":"","ct":"","ep":"","ot":"","mt":"","yr":"","rg":"","on":"","sub-source":"","campaignMostRecentID":"","content-id":"","orig-channel":"","campaign-name":"","campaignMostRecentName":"","campaignMostRecentSource":"","campaignMostRecentMedium":"","campaignMostRecentContent":"","campaignMostRecentTerm":"","campaignMostRecentContentID":"","campaignMostRecentSubSource":"","Persistent_utm_medium":"","Persistent_utm_source":"","Persistent_utm_term":"","Persistent_utm_campaign":"","Persistent_Sub_Source":"","Persistent_Content_ID":"","Persistent_Campaign_ID":"","Persistent_utm_content":"","Session_utm_medium":"","Session_utm_source":"","Session_utm_term":"","Session_utm_campaign":"","Session_Sub_Source":"","Session_Content_ID":"","Session_Campaign_ID":"701RN00000RbnVLYAZ","Session_utm_content":"","inquiry":"Gen Enq","fullURL":"https://www-dev.broadridge.com/capability/governance-and-regulatory-compliance/proxy-services/issuer-proxy","page_id":"180041","page_campaign_id":"0","ecid":"","elqCampaignId":"","Formmodel":"flyout","Pagetype":"Products","g-recaptcha-response":"0cAFcWeA56TGkkiFL5to5u90EKIHfs6YTJyQu2Bm8bOgLmDPI_n-KwASA1J8HeDRzOQlWuz1HQ7xlh4rCsTG4gRb32ML3GIFvCsvDbptGTu5MJv0z0_cQuJUOppYErOJeNuqO5KnF1Kfbkbp9V61DSbb3q8gltMlpsHOv2oPYcCrst6ijq56yb9wBayfqGeskJ-UcZNhBjrAE99TZRUPWQxxZ11X48dKUPKGvAecTjGU6y5-i-DcGJ4cw4HrJwIZBBfquI_ZHjHC9dGlvkSYXi9OC_vFKb6aav2T4xwA2C5snOfXTtL6XhizWjI9mIIgTCzr9vlBoumBVuBw86zDivJWFwjqBWcploBif3NUJXLZYJ2kWDcjDESFvyq4Mnkp9tRHJKXvlG4wwGC-sIUKlPp2G0WbF-b-A52toc1XtYJNPO679D75d3uPcnIF9mRcY3EIGSmjvPKDl1ppZHf8hBNvO-h5rQVy0T__VFP9iKukYosBk9Ay7wnnNBbPU3keAhTj4L2PQCBxCWq5kIk8CRJ_BL5lLkjmkT4HiXGYyKcek6XiMk96_9smLJFG54E8u-2vNLAumA5ELZU7e0bbN2DoW67lQ3bxFXn1cUuru3cW5kFzZ9Ch7Ji47zSjnuNhZb0qmgqty1SlOUxOKpzJrup5WKtx_AJ8n_Vj6g1Q5VnsptaMkTfoEk6nagDliWrNI2jJC6k_5KSOhZtf31nBfx-HSr1xHSpD65S6Rrthlt8LZQzszqul1fltY_X_OIMaMQHdRJGH-mC_RlkXzjnWQTDtDyNN6uOJ7Ww3-LZ7dHiFbhaeQ8tQhThCK052C7R9s_sIbvS57aZNSOlKay7tSC2PzBWL9fChpgVfwpA7if6Oe2b_hPDS31vuFL6AvfHVO3EJn0Ia95_ZUbUnfDT7X91xh2dWVkWaEvkUHRG4rJ62XUxOnXIyEOudlu9SpSgn0WJUNTR7-2xlIn_VdX5pUQNm7pAukIUWBID-elcqSE4R-NAMhlCorxOjKOxnL_5WVcwSLuzcX3bsyaUvtSRaaRuZopghg90Z_PwGYVRvPNTr0St4ZOCUjVxL-XrD-QRgJm8v0XLgNCM3Y2t1XWZVvprGmui1g2hb9-e8BnA1FQCaGP5UyP0bFxgqNZFPlVze-ZlkeRKlVLtfRVLD0njgbAHnaJOjR1MlpACQFkNHhcmIbTOUHyFOjEHuapVjkMPUENABBW11IsytCKkwj024vyDd6UIjO4jrUPsph4DPM5N4mPTPl85_NHxS6IbE9A9bZrw1V2qmVC_XygcFJQ_i0zh869X3BX0bZGH3YgvdNLDVJpg7foaZAMmB9mfQf1XHulBKkM5R0TfD6hqMvPDgyxBrX1jmE__G37UzeX6npw8ulRc8z_qJtUdgblFigSUqJxYMSPRHhOQPX-Fm5x_yl5R4ssrunYyKIKChewFKzOXYPXtvEhq2LMfUONP70RaQFy6C9Ec_6xYvlK2gtEMYmzO8zyMt0pbvttAGWYxowAo96MVEHARDn3F65fRjKb9OAb_H7RRAB3BCGiWky9yrmyXfOkrkMUHCfIFZ1aeHvDySkbkNKSVrczcYCDMkVXGzgE8PqUnfvztmKrah8vuqjLlq5_1EzZWgY1pw"}
form message = Thank you for your interest in Broadridge.
A representative will contact you within 24 business hours.
formpayload for validation = {"formSubmissionId":"BRKCO8O3L-1766987641894","elqFormName":"","elqSiteID":"","datalayerheader":"","contact":"","formgtm":"","elqCustomerGUID":"","elqCookieWrite":"","segment":"","name_first":"First_32986_TESTTEST","name_last":"Last_32986_TESTTEST","email_work":"automated_TESTTEST_2025-12-29_05_53_59@broadridge.com","phone_business":"999-999-9999","job_title":"Job_32986_TESTTEST","Company":"Company_32986_TESTTEST","country":"United States","comment":"This is an automated test submission.  Please ignore.","id":"","so":"","di":"","ct":"","ep":"","ot":"","mt":"","yr":"","rg":"","on":"","sub-source":"","campaignMostRecentID":"","content-id":"","orig-channel":"","campaign-name":"","campaignMostRecentName":"","campaignMostRecentSource":"","campaignMostRecentMedium":"","campaignMostRecentContent":"","campaignMostRecentTerm":"","campaignMostRecentContentID":"","campaignMostRecentSubSource":"","Persistent_utm_medium":"","Persistent_utm_source":"","Persistent_utm_term":"","Persistent_utm_campaign":"","Persistent_Sub_Source":"","Persistent_Content_ID":"","Persistent_Campaign_ID":"","Persistent_utm_content":"","Session_utm_medium":"","Session_utm_source":"","Session_utm_term":"","Session_utm_campaign":"","Session_Sub_Source":"","Session_Content_ID":"","Session_Campaign_ID":"701RN00000RbnVLYAZ","Session_utm_content":"","inquiry":"Gen Enq","fullURL":"https://www-dev.broadridge.com/capability/governance-and-regulatory-compliance/proxy-services/issuer-proxy","page_id":"180041","page_campaign_id":"0","ecid":"","elqCampaignId":"","Formmodel":"flyout","Pagetype":"Products","g-recaptcha-response":"0cAFcWeA56TGkkiFL5to5u90EKIHfs6YTJyQu2Bm8bOgLmDPI_n-KwASA1J8HeDRzOQlWuz1HQ7xlh4rCsTG4gRb32ML3GIFvCsvDbptGTu5MJv0z0_cQuJUOppYErOJeNuqO5KnF1Kfbkbp9V61DSbb3q8gltMlpsHOv2oPYcCrst6ijq56yb9wBayfqGeskJ-UcZNhBjrAE99TZRUPWQxxZ11X48dKUPKGvAecTjGU6y5-i-DcGJ4cw4HrJwIZBBfquI_ZHjHC9dGlvkSYXi9OC_vFKb6aav2T4xwA2C5snOfXTtL6XhizWjI9mIIgTCzr9vlBoumBVuBw86zDivJWFwjqBWcploBif3NUJXLZYJ2kWDcjDESFvyq4Mnkp9tRHJKXvlG4wwGC-sIUKlPp2G0WbF-b-A52toc1XtYJNPO679D75d3uPcnIF9mRcY3EIGSmjvPKDl1ppZHf8hBNvO-h5rQVy0T__VFP9iKukYosBk9Ay7wnnNBbPU3keAhTj4L2PQCBxCWq5kIk8CRJ_BL5lLkjmkT4HiXGYyKcek6XiMk96_9smLJFG54E8u-2vNLAumA5ELZU7e0bbN2DoW67lQ3bxFXn1cUuru3cW5kFzZ9Ch7Ji47zSjnuNhZb0qmgqty1SlOUxOKpzJrup5WKtx_AJ8n_Vj6g1Q5VnsptaMkTfoEk6nagDliWrNI2jJC6k_5KSOhZtf31nBfx-HSr1xHSpD65S6Rrthlt8LZQzszqul1fltY_X_OIMaMQHdRJGH-mC_RlkXzjnWQTDtDyNN6uOJ7Ww3-LZ7dHiFbhaeQ8tQhThCK052C7R9s_sIbvS57aZNSOlKay7tSC2PzBWL9fChpgVfwpA7if6Oe2b_hPDS31vuFL6AvfHVO3EJn0Ia95_ZUbUnfDT7X91xh2dWVkWaEvkUHRG4rJ62XUxOnXIyEOudlu9SpSgn0WJUNTR7-2xlIn_VdX5pUQNm7pAukIUWBID-elcqSE4R-NAMhlCorxOjKOxnL_5WVcwSLuzcX3bsyaUvtSRaaRuZopghg90Z_PwGYVRvPNTr0St4ZOCUjVxL-XrD-QRgJm8v0XLgNCM3Y2t1XWZVvprGmui1g2hb9-e8BnA1FQCaGP5UyP0bFxgqNZFPlVze-ZlkeRKlVLtfRVLD0njgbAHnaJOjR1MlpACQFkNHhcmIbTOUHyFOjEHuapVjkMPUENABBW11IsytCKkwj024vyDd6UIjO4jrUPsph4DPM5N4mPTPl85_NHxS6IbE9A9bZrw1V2qmVC_XygcFJQ_i0zh869X3BX0bZGH3YgvdNLDVJpg7foaZAMmB9mfQf1XHulBKkM5R0TfD6hqMvPDgyxBrX1jmE__G37UzeX6npw8ulRc8z_qJtUdgblFigSUqJxYMSPRHhOQPX-Fm5x_yl5R4ssrunYyKIKChewFKzOXYPXtvEhq2LMfUONP70RaQFy6C9Ec_6xYvlK2gtEMYmzO8zyMt0pbvttAGWYxowAo96MVEHARDn3F65fRjKb9OAb_H7RRAB3BCGiWky9yrmyXfOkrkMUHCfIFZ1aeHvDySkbkNKSVrczcYCDMkVXGzgE8PqUnfvztmKrah8vuqjLlq5_1EzZWgY1pw"}
formSubmissionId = BRKCO8O3L-1766987641894
fullURL = https://www-dev.broadridge.com/capability/governance-and-regulatory-compliance/proxy-services/issuer-proxy
page comparison URL = https://www-dev.broadridge.com/financial-services/corporate-issuer/issuer/simplify-the-annual-meeting-process/shareholder-meeting-registration
..........!!!...Filling the form failed...!!!........
................Header Contact Us Form Filled...................
v2 ContactUs form found on the bottom = false
V2 ContactUs form NOT found on the bottom
V2 Download form NOT found on the bottom
no cookie button
header ContactUs button found = true
emailTimeStamp = automated_TESTTEST_2025-12-29_05_54_40@broadridge.com
📤 Form payload = {"formSubmissionId":"BRR92YJPP-1766987682261","elqFormName":"","elqSiteID":"","datalayerheader":"","contact":"","formgtm":"","elqCustomerGUID":"","elqCookieWrite":"","segment":"","name_first":"First_32986_TESTTEST","name_last":"Last_32986_TESTTEST","email_work":"automated_TESTTEST_2025-12-29_05_54_40@broadridge.com","phone_business":"999-999-9999","job_title":"Job_32986_TESTTEST","Company":"Company_32986_TESTTEST","country":"United States","comment":"This is an automated test submission.  Please ignore.","id":"","so":"","di":"","ct":"","ep":"","ot":"","mt":"","yr":"","rg":"","on":"","sub-source":"","campaignMostRecentID":"","content-id":"","orig-channel":"","campaign-name":"","campaignMostRecentName":"","campaignMostRecentSource":"","campaignMostRecentMedium":"","campaignMostRecentContent":"","campaignMostRecentTerm":"","campaignMostRecentContentID":"","campaignMostRecentSubSource":"","Persistent_utm_medium":"","Persistent_utm_source":"","Persistent_utm_term":"","Persistent_utm_campaign":"","Persistent_Sub_Source":"","Persistent_Content_ID":"","Persistent_Campaign_ID":"","Persistent_utm_content":"","Session_utm_medium":"","Session_utm_source":"","Session_utm_term":"","Session_utm_campaign":"","Session_Sub_Source":"","Session_Content_ID":"","Session_Campaign_ID":"701RN00000RbnVLYAZ","Session_utm_content":"","inquiry":"Gen Enq","fullURL":"https://www-dev.broadridge.com/press-release/2012/broadridge-trade-confirmation-matching-solution","page_id":"177489","page_campaign_id":"","ecid":"","elqCampaignId":"","Formmodel":"flyout","Pagetype":"Press Release","g-recaptcha-response":"0cAFcWeA4bCIlQur5j6ze0FY2TOv2JyfomsB7OqS8RUlIr--0iyIywJAp72gmaGGpEFmB6pPsDbIsJepF4nWI5NIfpHa1bPNGAorBbM0B_Do7g_kXWVZxHMpokAryAHZQ7_1PxL_Xiu98Hq9Lhj0its-0wh91NFRNNptDNFzvNdyS_FJYjy6-zddCnyxMztE36ICg-7KYryIGP_YPYj2P9TPgcWJe9GsW4lZ0TnfOCQEK0wo9_XE5_eFtRpT49rgS8FcI385SaHoKm39skOU1qUhurskUH65SfwIsfDVYEArgl6vGjoSiUEVRTAGsL0zGATNU0jEh_NrZue78KrhkNc1OKYMxA83DavPpHrrQ979S0hVcPcCQiHXe1bq4LU_dWdUR_trPTupM-Zd-bsQxD8TRImfYU07ZK4qCmS_wq72MEXJ35WlpqFHsx1ndpCFrLD0CZJJOPz1faKEDrbyWUB5NqaqAFXxczOcAlIqINaKKfidEaAXiD2QBHWmhSvWkyuYLgxh3pOOj538ZF7O6gjb9lsy6Gcp9Pn_u8ZAO8nkkg6m1VKLp4w-FCPgQ_TbNmgpNVydUppyhx8W3mdhBGx2gPfvl0jAFuaR04pnAIj3hXJgar3TNC2GlLg3QyxHGwe2ciBYm5lgUthO4VY3udEnAGCw9RXV-Lx9k9JR2n1ZmbnjvuvlG2Cj0SGKbrUcox-GRUylrIdgBiHyFGWL3utJ2mprx66yAaZckBv7rBIQVIS9-DZDveryCqzN-hBfUrgsiizwOYEkUqEXz0CY5Cd9BZg0r4UxU3Lo9Y2bWinAio4JmHWjgJvHUOOP2m7oLG5Gz16qdPjvyw0g2i5_4aB05MhdqmJgjxs3DDESleNohR46_90BTKCNbyyUrwkm6xfF3nXrRv7ZPmuRtQVf7q54wHzyz_9L-rFwxxpK0K_pfTnLe0hLUdLNUxClxtX3o84frljp6IEDGfZxsn13Z6aTczhJqrkH-GR6igOCeARENwb4zoMDTpa4DC6XQGiapxqTMbfldxhI22XDQq1mwvkcgnNecx9d5t7mJBxaXbVl2yEdWdDe4F2OFNVuq1Ve8ZXEzW1gClgFFE1WS5OnTtjD9rtE6myUOMF81DvGll4Q-5Ti9ZPDs07wGgIV4k-meckJbWyt7qEW5hiDwor-SGkkBBx2Cyz93A4U_NpiB_ruzlu0VajA3sLqYrcvDVwC86YJSvl6RvPzMe-XIzljfJpzC7xxrcxOl2MoaM2x-XSgCOecuALR_JqQaeN2SQTsrMjN-_UhVRu8TKeOM-lQWWKJFam7YpBQ9PweHTCvmUIyy-D8B6UMRwQTjIW5uKFwXi0Hxwy0TFLAvoEKRNMUptMOkMh118ZAinN74UrE115hXzinXBJX3tedZT8vRBIfui9Nkut159XEzUD6Xu-exBD8G7sXxGwhK0PmrXBd8bWEDl8pcgtFBUHlM7X-adNMeg7YmFBox0d620S5csIKE5Tl3WlP06__1J2AvnTSHdvOoT8f0k3RgSE_gFs2n9FvBcwZYeoUv5oLoDBLv0J6cDccJTGEBpZkaeME-Ik4SH-V8bclVTtiAxwDj8MQLkA9u2nIXEQjx0MvxKpZdtwFzZv04ngaAYVZj_6g"}
form message = Thank you for your interest in Broadridge.
A representative will contact you within 24 business hours.
formpayload for validation = {"formSubmissionId":"BRR92YJPP-1766987682261","elqFormName":"","elqSiteID":"","datalayerheader":"","contact":"","formgtm":"","elqCustomerGUID":"","elqCookieWrite":"","segment":"","name_first":"First_32986_TESTTEST","name_last":"Last_32986_TESTTEST","email_work":"automated_TESTTEST_2025-12-29_05_54_40@broadridge.com","phone_business":"999-999-9999","job_title":"Job_32986_TESTTEST","Company":"Company_32986_TESTTEST","country":"United States","comment":"This is an automated test submission.  Please ignore.","id":"","so":"","di":"","ct":"","ep":"","ot":"","mt":"","yr":"","rg":"","on":"","sub-source":"","campaignMostRecentID":"","content-id":"","orig-channel":"","campaign-name":"","campaignMostRecentName":"","campaignMostRecentSource":"","campaignMostRecentMedium":"","campaignMostRecentContent":"","campaignMostRecentTerm":"","campaignMostRecentContentID":"","campaignMostRecentSubSource":"","Persistent_utm_medium":"","Persistent_utm_source":"","Persistent_utm_term":"","Persistent_utm_campaign":"","Persistent_Sub_Source":"","Persistent_Content_ID":"","Persistent_Campaign_ID":"","Persistent_utm_content":"","Session_utm_medium":"","Session_utm_source":"","Session_utm_term":"","Session_utm_campaign":"","Session_Sub_Source":"","Session_Content_ID":"","Session_Campaign_ID":"701RN00000RbnVLYAZ","Session_utm_content":"","inquiry":"Gen Enq","fullURL":"https://www-dev.broadridge.com/press-release/2012/broadridge-trade-confirmation-matching-solution","page_id":"177489","page_campaign_id":"","ecid":"","elqCampaignId":"","Formmodel":"flyout","Pagetype":"Press Release","g-recaptcha-response":"0cAFcWeA4bCIlQur5j6ze0FY2TOv2JyfomsB7OqS8RUlIr--0iyIywJAp72gmaGGpEFmB6pPsDbIsJepF4nWI5NIfpHa1bPNGAorBbM0B_Do7g_kXWVZxHMpokAryAHZQ7_1PxL_Xiu98Hq9Lhj0its-0wh91NFRNNptDNFzvNdyS_FJYjy6-zddCnyxMztE36ICg-7KYryIGP_YPYj2P9TPgcWJe9GsW4lZ0TnfOCQEK0wo9_XE5_eFtRpT49rgS8FcI385SaHoKm39skOU1qUhurskUH65SfwIsfDVYEArgl6vGjoSiUEVRTAGsL0zGATNU0jEh_NrZue78KrhkNc1OKYMxA83DavPpHrrQ979S0hVcPcCQiHXe1bq4LU_dWdUR_trPTupM-Zd-bsQxD8TRImfYU07ZK4qCmS_wq72MEXJ35WlpqFHsx1ndpCFrLD0CZJJOPz1faKEDrbyWUB5NqaqAFXxczOcAlIqINaKKfidEaAXiD2QBHWmhSvWkyuYLgxh3pOOj538ZF7O6gjb9lsy6Gcp9Pn_u8ZAO8nkkg6m1VKLp4w-FCPgQ_TbNmgpNVydUppyhx8W3mdhBGx2gPfvl0jAFuaR04pnAIj3hXJgar3TNC2GlLg3QyxHGwe2ciBYm5lgUthO4VY3udEnAGCw9RXV-Lx9k9JR2n1ZmbnjvuvlG2Cj0SGKbrUcox-GRUylrIdgBiHyFGWL3utJ2mprx66yAaZckBv7rBIQVIS9-DZDveryCqzN-hBfUrgsiizwOYEkUqEXz0CY5Cd9BZg0r4UxU3Lo9Y2bWinAio4JmHWjgJvHUOOP2m7oLG5Gz16qdPjvyw0g2i5_4aB05MhdqmJgjxs3DDESleNohR46_90BTKCNbyyUrwkm6xfF3nXrRv7ZPmuRtQVf7q54wHzyz_9L-rFwxxpK0K_pfTnLe0hLUdLNUxClxtX3o84frljp6IEDGfZxsn13Z6aTczhJqrkH-GR6igOCeARENwb4zoMDTpa4DC6XQGiapxqTMbfldxhI22XDQq1mwvkcgnNecx9d5t7mJBxaXbVl2yEdWdDe4F2OFNVuq1Ve8ZXEzW1gClgFFE1WS5OnTtjD9rtE6myUOMF81DvGll4Q-5Ti9ZPDs07wGgIV4k-meckJbWyt7qEW5hiDwor-SGkkBBx2Cyz93A4U_NpiB_ruzlu0VajA3sLqYrcvDVwC86YJSvl6RvPzMe-XIzljfJpzC7xxrcxOl2MoaM2x-XSgCOecuALR_JqQaeN2SQTsrMjN-_UhVRu8TKeOM-lQWWKJFam7YpBQ9PweHTCvmUIyy-D8B6UMRwQTjIW5uKFwXi0Hxwy0TFLAvoEKRNMUptMOkMh118ZAinN74UrE115hXzinXBJX3tedZT8vRBIfui9Nkut159XEzUD6Xu-exBD8G7sXxGwhK0PmrXBd8bWEDl8pcgtFBUHlM7X-adNMeg7YmFBox0d620S5csIKE5Tl3WlP06__1J2AvnTSHdvOoT8f0k3RgSE_gFs2n9FvBcwZYeoUv5oLoDBLv0J6cDccJTGEBpZkaeME-Ik4SH-V8bclVTtiAxwDj8MQLkA9u2nIXEQjx0MvxKpZdtwFzZv04ngaAYVZj_6g"}
formSubmissionId = BRR92YJPP-1766987682261
fullURL = https://www-dev.broadridge.com/press-release/2012/broadridge-trade-confirmation-matching-solution
page comparison URL = https://www-dev.broadridge.com/press-release/2012/broadridge-trade-confirmation-matching-solution
................Header Contact Us Form Filled...................
V2 ContactUs form NOT found on the bottom
V2 Download form NOT found on the bottom
no cookie button
header ContactUs button found = true
emailTimeStamp = automated_TESTTEST_2025-12-29_05_55_19@broadridge.com
📤 Form payload = {"formSubmissionId":"BRKPSBK4T-1766987721238","elqFormName":"","elqSiteID":"","datalayerheader":"","contact":"","formgtm":"","elqCustomerGUID":"","elqCookieWrite":"","segment":"","name_first":"First_32986_TESTTEST","name_last":"Last_32986_TESTTEST","email_work":"automated_TESTTEST_2025-12-29_05_55_19@broadridge.com","phone_business":"999-999-9999","job_title":"Job_32986_TESTTEST","Company":"Company_32986_TESTTEST","country":"United States","comment":"This is an automated test submission.  Please ignore.","id":"","so":"","di":"","ct":"","ep":"","ot":"","mt":"","yr":"","rg":"","on":"","sub-source":"","campaignMostRecentID":"","content-id":"","orig-channel":"","campaign-name":"","campaignMostRecentName":"","campaignMostRecentSource":"","campaignMostRecentMedium":"","campaignMostRecentContent":"","campaignMostRecentTerm":"","campaignMostRecentContentID":"","campaignMostRecentSubSource":"","Persistent_utm_medium":"","Persistent_utm_source":"","Persistent_utm_term":"","Persistent_utm_campaign":"","Persistent_Sub_Source":"","Persistent_Content_ID":"","Persistent_Campaign_ID":"","Persistent_utm_content":"","Session_utm_medium":"","Session_utm_source":"","Session_utm_term":"","Session_utm_campaign":"","Session_Sub_Source":"","Session_Content_ID":"","Session_Campaign_ID":"701RN00000RbnVLYAZ","Session_utm_content":"","inquiry":"Gen Enq","fullURL":"https://www-dev.broadridge.com/press-release/2012/matrix-expands-trueopen-architecture-platform","page_id":"177726","page_campaign_id":"","ecid":"","elqCampaignId":"","Formmodel":"flyout","Pagetype":"Press Release","g-recaptcha-response":"0cAFcWeA7Tnn_NRd7V1IRasv38DEXJ_EMT4WgEhmLaTISNleqrSYx77wMGwo3mwJG3HaTkM8B3tNArm8DKIUIMyxevhSlDashbi3yvdDvztf-yDRyDXIUWcMWkh6ou0PPRxy9d1AFSLA7eMd8hRmxjpKP9dMnLR7QqzUu6LIGY1MrnD3K0ZJJ3-oum5gcUopoRgMy66xM0aXwr4Wm-8uW6wg3YbktvWzOZ6paXhQVajoEm7RbmvfX1mmdMb6DZ-HXoaAbqPvqfbOjCd4XeHYjuHPegWyWviX2yj6Ykp4AmC6NxkjMsarX3vt7SMITglHdh6PrZSPI3Bpk7BS1MblbmLIhSQh-HnlnJaCBqGbp38EZvsjzhRUtsjmKkXY8z1FPOlZvc534-SjMjRzNaXUxEdGBMKwNHX-y9vMCs36HqFUnUGnxAM47GNiZzuxxPN4D_l_w8PafUsrr0Pw69G3CKX1rb89H1cuDAu9gEiz7t3UlzRoRVGZz_Cpw49v3koxLCMXBtC-LvGwMgu__ptHD05eBSPSwAA_UT60tW86cJNFJecZ6z-AUVFxFxjiXLuSTeS5aMk6tns8lulPvBHHVSjerjkgKA4E8xSE1HjSF6i4W85yXeuHSqbakn4-c6dRSBhPX3TYEDsUWCc5PRArIUNR6z7WiEy6UpUCZ0HeeDq72BtPlNNolYswp5MTCeUrOmflH20dhSMnv6d74Mv5rIVhzkuQbVsZqDNlUsH57HmGLzwWkhMjmJvSA0JmoENByJ7SPataF89cAEyKt0rnihPClddJeIvlQzfnnvvoolT1fp0d4vl_rh7KMwbwhgq2Ar-BoGrHr1AYR22-BIEScAzYj4qn6VJ4cRV2Up3DQsKjg5tcf6SYmzolhU8SsSKaAgLnDFINi-Dq3cGkdMe0e386SGFoubX607FAgydVdGRnEv8NvBU0mJzOKR3AcQzI_f0aIOyx99kC6RenqHz687PYuFWPKasf0sYEpXWNUxLvs_e_Fjz-R7HAOjNK_p4cxcFgTSKip_LercdbVrIVGiUPb7csDOxUjjmLv006uw6OsrUeJtHApZFBJQlMVelOqf055f3L2-FHAIknCaFx7uopLHkueTaJSmLm-biSMJ_dVGLA7dOtNs6ZVoNfSBFV2fIZkORifynK8Py61jmO2FsBWeMSaSIoDw_irkn7dxUx2Qpm5uRcPtRbg8XUs7nPMWmPJrYP-XZ21Q8QZ26kblB01chrbKuCcf69rBpAvtLqdEtVef8EJPU5CHkObqZCwCvywdqAXfA4AfTEgMmVYbIJjkuLc3nQxKWMEeNdfO6jY78BxFP2BU7NxYyLO9CvuPMU-G2ZYSdcCYvaT4hEetE0wnmhZbfWy73FlAEy5p5itbW7RyER5cGcdhbcJTOpycc9dRAPsSxX1FSwa6nEI-XrKa9yfI5h-JJbnL91GIip684lB6gvwkW9mphOPlJ0y_GKP1cMqVegx3JALLFAuc-yxaAj4EyKkYZtVB2sHBxLx1IzkLFa58f3QoL38KSNDcM13lMMZX-xnsMMXOUcqmL9-0NGuwtei1rN0cdRCKlPszABTY4_pM1-PYf4m4ZjMvH0hHvxZGxOlfy5yvQ9xSrlTecxLzTETJ4MeRbw2lyKjQ3voOF3ttPonOY5G0anW0fTbXwAwbwEfD"}
form message = Thank you for your interest in Broadridge.
A representative will contact you within 24 business hours.
formpayload for validation = {"formSubmissionId":"BRKPSBK4T-1766987721238","elqFormName":"","elqSiteID":"","datalayerheader":"","contact":"","formgtm":"","elqCustomerGUID":"","elqCookieWrite":"","segment":"","name_first":"First_32986_TESTTEST","name_last":"Last_32986_TESTTEST","email_work":"automated_TESTTEST_2025-12-29_05_55_19@broadridge.com","phone_business":"999-999-9999","job_title":"Job_32986_TESTTEST","Company":"Company_32986_TESTTEST","country":"United States","comment":"This is an automated test submission.  Please ignore.","id":"","so":"","di":"","ct":"","ep":"","ot":"","mt":"","yr":"","rg":"","on":"","sub-source":"","campaignMostRecentID":"","content-id":"","orig-channel":"","campaign-name":"","campaignMostRecentName":"","campaignMostRecentSource":"","campaignMostRecentMedium":"","campaignMostRecentContent":"","campaignMostRecentTerm":"","campaignMostRecentContentID":"","campaignMostRecentSubSource":"","Persistent_utm_medium":"","Persistent_utm_source":"","Persistent_utm_term":"","Persistent_utm_campaign":"","Persistent_Sub_Source":"","Persistent_Content_ID":"","Persistent_Campaign_ID":"","Persistent_utm_content":"","Session_utm_medium":"","Session_utm_source":"","Session_utm_term":"","Session_utm_campaign":"","Session_Sub_Source":"","Session_Content_ID":"","Session_Campaign_ID":"701RN00000RbnVLYAZ","Session_utm_content":"","inquiry":"Gen Enq","fullURL":"https://www-dev.broadridge.com/press-release/2012/matrix-expands-trueopen-architecture-platform","page_id":"177726","page_campaign_id":"","ecid":"","elqCampaignId":"","Formmodel":"flyout","Pagetype":"Press Release","g-recaptcha-response":"0cAFcWeA7Tnn_NRd7V1IRasv38DEXJ_EMT4WgEhmLaTISNleqrSYx77wMGwo3mwJG3HaTkM8B3tNArm8DKIUIMyxevhSlDashbi3yvdDvztf-yDRyDXIUWcMWkh6ou0PPRxy9d1AFSLA7eMd8hRmxjpKP9dMnLR7QqzUu6LIGY1MrnD3K0ZJJ3-oum5gcUopoRgMy66xM0aXwr4Wm-8uW6wg3YbktvWzOZ6paXhQVajoEm7RbmvfX1mmdMb6DZ-HXoaAbqPvqfbOjCd4XeHYjuHPegWyWviX2yj6Ykp4AmC6NxkjMsarX3vt7SMITglHdh6PrZSPI3Bpk7BS1MblbmLIhSQh-HnlnJaCBqGbp38EZvsjzhRUtsjmKkXY8z1FPOlZvc534-SjMjRzNaXUxEdGBMKwNHX-y9vMCs36HqFUnUGnxAM47GNiZzuxxPN4D_l_w8PafUsrr0Pw69G3CKX1rb89H1cuDAu9gEiz7t3UlzRoRVGZz_Cpw49v3koxLCMXBtC-LvGwMgu__ptHD05eBSPSwAA_UT60tW86cJNFJecZ6z-AUVFxFxjiXLuSTeS5aMk6tns8lulPvBHHVSjerjkgKA4E8xSE1HjSF6i4W85yXeuHSqbakn4-c6dRSBhPX3TYEDsUWCc5PRArIUNR6z7WiEy6UpUCZ0HeeDq72BtPlNNolYswp5MTCeUrOmflH20dhSMnv6d74Mv5rIVhzkuQbVsZqDNlUsH57HmGLzwWkhMjmJvSA0JmoENByJ7SPataF89cAEyKt0rnihPClddJeIvlQzfnnvvoolT1fp0d4vl_rh7KMwbwhgq2Ar-BoGrHr1AYR22-BIEScAzYj4qn6VJ4cRV2Up3DQsKjg5tcf6SYmzolhU8SsSKaAgLnDFINi-Dq3cGkdMe0e386SGFoubX607FAgydVdGRnEv8NvBU0mJzOKR3AcQzI_f0aIOyx99kC6RenqHz687PYuFWPKasf0sYEpXWNUxLvs_e_Fjz-R7HAOjNK_p4cxcFgTSKip_LercdbVrIVGiUPb7csDOxUjjmLv006uw6OsrUeJtHApZFBJQlMVelOqf055f3L2-FHAIknCaFx7uopLHkueTaJSmLm-biSMJ_dVGLA7dOtNs6ZVoNfSBFV2fIZkORifynK8Py61jmO2FsBWeMSaSIoDw_irkn7dxUx2Qpm5uRcPtRbg8XUs7nPMWmPJrYP-XZ21Q8QZ26kblB01chrbKuCcf69rBpAvtLqdEtVef8EJPU5CHkObqZCwCvywdqAXfA4AfTEgMmVYbIJjkuLc3nQxKWMEeNdfO6jY78BxFP2BU7NxYyLO9CvuPMU-G2ZYSdcCYvaT4hEetE0wnmhZbfWy73FlAEy5p5itbW7RyER5cGcdhbcJTOpycc9dRAPsSxX1FSwa6nEI-XrKa9yfI5h-JJbnL91GIip684lB6gvwkW9mphOPlJ0y_GKP1cMqVegx3JALLFAuc-yxaAj4EyKkYZtVB2sHBxLx1IzkLFa58f3QoL38KSNDcM13lMMZX-xnsMMXOUcqmL9-0NGuwtei1rN0cdRCKlPszABTY4_pM1-PYf4m4ZjMvH0hHvxZGxOlfy5yvQ9xSrlTecxLzTETJ4MeRbw2lyKjQ3voOF3ttPonOY5G0anW0fTbXwAwbwEfD"}
formSubmissionId = BRKPSBK4T-1766987721238
fullURL = https://www-dev.broadridge.com/press-release/2012/matrix-expands-trueopen-architecture-platform
page comparison URL = https://www-dev.broadridge.com/press-release/2012/matrix-expands-trueopen-architecture-platform
................Header Contact Us Form Filled...................
V2 ContactUs form NOT found on the bottom
V2 Download form NOT found on the bottom
no cookie button
header ContactUs button found = true
emailTimeStamp = automated_TESTTEST_2025-12-29_05_55_58@broadridge.com
📤 Form payload = {"formSubmissionId":"BRXHNAQ2E-1766987760128","elqFormName":"","elqSiteID":"","datalayerheader":"","contact":"","formgtm":"","elqCustomerGUID":"","elqCookieWrite":"","segment":"","name_first":"First_32986_TESTTEST","name_last":"Last_32986_TESTTEST","email_work":"automated_TESTTEST_2025-12-29_05_55_58@broadridge.com","phone_business":"999-999-9999","job_title":"Job_32986_TESTTEST","Company":"Company_32986_TESTTEST","country":"United States","comment":"This is an automated test submission.  Please ignore.","id":"","so":"","di":"","ct":"","ep":"","ot":"","mt":"","yr":"","rg":"","on":"","sub-source":"","campaignMostRecentID":"","content-id":"","orig-channel":"","campaign-name":"","campaignMostRecentName":"","campaignMostRecentSource":"","campaignMostRecentMedium":"","campaignMostRecentContent":"","campaignMostRecentTerm":"","campaignMostRecentContentID":"","campaignMostRecentSubSource":"","Persistent_utm_medium":"","Persistent_utm_source":"","Persistent_utm_term":"","Persistent_utm_campaign":"","Persistent_Sub_Source":"","Persistent_Content_ID":"","Persistent_Campaign_ID":"","Persistent_utm_content":"","Session_utm_medium":"","Session_utm_source":"","Session_utm_term":"","Session_utm_campaign":"","Session_Sub_Source":"","Session_Content_ID":"","Session_Campaign_ID":"701RN00000RbnVLYAZ","Session_utm_content":"","inquiry":"Gen Enq","fullURL":"https://www-dev.broadridge.com/press-release/2012/jose-contin-to-lead-broadridge-city-networks-expansion-in-emea","page_id":"177499","page_campaign_id":"","ecid":"","elqCampaignId":"","Formmodel":"flyout","Pagetype":"Press Release","g-recaptcha-response":"0cAFcWeA7xOWXJbvnJAUEjHwOj6x-W7Bu3i1VGJw91KPfe8nUFrT0G1Why6bePAedPetFTjzNKNuPBWePgIjgyBPFpK4fqkoMefNOsJ1c5Q_Q9LI5Ef37qtaImP8xK72EVKjIMotSo3zoiQG6qzdq2siiBFJK8dyZItRI6RDDyAJQr1w1UrMPMLPBlr7qv5QUWwyI6rWog4gBRCxkFqlPNtSoGZvk8NYe-WIaaspxhleZRCG8wrHGa7_FcGL8MG7xqHyvMQwYcE5PdwKutR5Pnub8qYHIEyu6jCLyGDd92r2dPNsX4euzqcOLZDarat2libpN9uELKLcFRu0bTqddx7CGK5vk0u10WlZY4X90MVF606A3lakTBTgilBwOpN2C_N5FLa9lDXcHSUuI2Sknm3CUpCM9f22Yox5s7zzh2lUMsdsUA_ESHAHjRVg1OYNjQvUamTT4Fj1Jwdh3CB2fH3ujlzLoNIfsXBH1_IFNcAKy11MXQJvl6t6uqwqP0VPCT3psG5HzWnAa6_Sop0nLRqB8asqpWkAPK4i5Y964HTpECGRKzsHAGXgnJx1rNaEeJmjWoBxCimn2ILGVZXY2XlCgOIfoEl6-FK8kOtdbCaANmVODdbTQhr6S21wVGooiLQNJE21UOdBBZayLD4I5ZPKyWOom9c17QFOCm5K68Vuqss4BfhB_BR_m10A_XJ2yJbIlMhkRHrU0e3Bxd0vj9JEk1X7CIOgplaqB0mOiccDskSrMZO6GCnkE1J5nXSddwWPm-NoPpyvMOp73tDijioDKLRo_M2NqLAQ1ydrwd6q2L9bFQj_fHsx-rWpuzTxFySlywvjk3-Z_pUsEYyDWiLBXznHdyXH8WK1ql_k1c3QKydKmekNMTbZQav8Xove7DD_d9KWm0uPVj1eoRqADxyI9J_DZqOQGsb59jB5eoJnR98Yk4CTU8rd5_7y5Z-YryY40GeT8E8z5qp9xkQNzDAiGebTGMuLxjhakOstBVLHGvVH82DPIWYGsvgUNr6fxk6u0Hov424e_G_RGKgC8gMAul75DkdHGEA8lz-BpnqHAt4UnFoqZJTtiHaebP5YwbLOafAPZgZnUnqO_asT3Xz04U5vQJmPmVPqg_bwV_qdlbdG9Qw-VHxIP_6CchZg837ALCPfiv7Upa5Zshsc013oQ3lrY_s6w1xtieO-ItzdUDLcrNr1qHCTPhoNGpv0goGG7cLLs1QwoKaNpvzm8dACr7WUD_lobMrqWUpqDc2LtKsw2iZhzJ--YASiUBNzy77yT-mkii8-Zi_JSIgwK97jaLvbkqYP9a08oi7KijZ_nryvvajrpe97om5D0noSjIpNvtWRP6RWhqPBQdgwweHSJRHhoc34ABMBJMJTItgEnYS7neNpYt_LTpBzILVOIHd5w7G5yZgm-UKwp7loSxzIj_RysbKkWGwLwTZNnSOB1Kt0vv6MNolQf2mqaUUCYJsU5305Fm_YNR85taOhNpeXN7_GVFSBJtlLv4dzUn6qxtIKqIQ8Xdi00rkAgjJgpmPfv_srz7PcarO9DNnVToXhr_CTGCebgDqmBOE-Kt6Wf38oT7reCzBPiF5Z0Ur2duWa9MrLxuUe-pBXS9UoOECJYyaH1jdD50pg"}
form message = Thank you for your interest in Broadridge.
A representative will contact you within 24 business hours.
formpayload for validation = {"formSubmissionId":"BRXHNAQ2E-1766987760128","elqFormName":"","elqSiteID":"","datalayerheader":"","contact":"","formgtm":"","elqCustomerGUID":"","elqCookieWrite":"","segment":"","name_first":"First_32986_TESTTEST","name_last":"Last_32986_TESTTEST","email_work":"automated_TESTTEST_2025-12-29_05_55_58@broadridge.com","phone_business":"999-999-9999","job_title":"Job_32986_TESTTEST","Company":"Company_32986_TESTTEST","country":"United States","comment":"This is an automated test submission.  Please ignore.","id":"","so":"","di":"","ct":"","ep":"","ot":"","mt":"","yr":"","rg":"","on":"","sub-source":"","campaignMostRecentID":"","content-id":"","orig-channel":"","campaign-name":"","campaignMostRecentName":"","campaignMostRecentSource":"","campaignMostRecentMedium":"","campaignMostRecentContent":"","campaignMostRecentTerm":"","campaignMostRecentContentID":"","campaignMostRecentSubSource":"","Persistent_utm_medium":"","Persistent_utm_source":"","Persistent_utm_term":"","Persistent_utm_campaign":"","Persistent_Sub_Source":"","Persistent_Content_ID":"","Persistent_Campaign_ID":"","Persistent_utm_content":"","Session_utm_medium":"","Session_utm_source":"","Session_utm_term":"","Session_utm_campaign":"","Session_Sub_Source":"","Session_Content_ID":"","Session_Campaign_ID":"701RN00000RbnVLYAZ","Session_utm_content":"","inquiry":"Gen Enq","fullURL":"https://www-dev.broadridge.com/press-release/2012/jose-contin-to-lead-broadridge-city-networks-expansion-in-emea","page_id":"177499","page_campaign_id":"","ecid":"","elqCampaignId":"","Formmodel":"flyout","Pagetype":"Press Release","g-recaptcha-response":"0cAFcWeA7xOWXJbvnJAUEjHwOj6x-W7Bu3i1VGJw91KPfe8nUFrT0G1Why6bePAedPetFTjzNKNuPBWePgIjgyBPFpK4fqkoMefNOsJ1c5Q_Q9LI5Ef37qtaImP8xK72EVKjIMotSo3zoiQG6qzdq2siiBFJK8dyZItRI6RDDyAJQr1w1UrMPMLPBlr7qv5QUWwyI6rWog4gBRCxkFqlPNtSoGZvk8NYe-WIaaspxhleZRCG8wrHGa7_FcGL8MG7xqHyvMQwYcE5PdwKutR5Pnub8qYHIEyu6jCLyGDd92r2dPNsX4euzqcOLZDarat2libpN9uELKLcFRu0bTqddx7CGK5vk0u10WlZY4X90MVF606A3lakTBTgilBwOpN2C_N5FLa9lDXcHSUuI2Sknm3CUpCM9f22Yox5s7zzh2lUMsdsUA_ESHAHjRVg1OYNjQvUamTT4Fj1Jwdh3CB2fH3ujlzLoNIfsXBH1_IFNcAKy11MXQJvl6t6uqwqP0VPCT3psG5HzWnAa6_Sop0nLRqB8asqpWkAPK4i5Y964HTpECGRKzsHAGXgnJx1rNaEeJmjWoBxCimn2ILGVZXY2XlCgOIfoEl6-FK8kOtdbCaANmVODdbTQhr6S21wVGooiLQNJE21UOdBBZayLD4I5ZPKyWOom9c17QFOCm5K68Vuqss4BfhB_BR_m10A_XJ2yJbIlMhkRHrU0e3Bxd0vj9JEk1X7CIOgplaqB0mOiccDskSrMZO6GCnkE1J5nXSddwWPm-NoPpyvMOp73tDijioDKLRo_M2NqLAQ1ydrwd6q2L9bFQj_fHsx-rWpuzTxFySlywvjk3-Z_pUsEYyDWiLBXznHdyXH8WK1ql_k1c3QKydKmekNMTbZQav8Xove7DD_d9KWm0uPVj1eoRqADxyI9J_DZqOQGsb59jB5eoJnR98Yk4CTU8rd5_7y5Z-YryY40GeT8E8z5qp9xkQNzDAiGebTGMuLxjhakOstBVLHGvVH82DPIWYGsvgUNr6fxk6u0Hov424e_G_RGKgC8gMAul75DkdHGEA8lz-BpnqHAt4UnFoqZJTtiHaebP5YwbLOafAPZgZnUnqO_asT3Xz04U5vQJmPmVPqg_bwV_qdlbdG9Qw-VHxIP_6CchZg837ALCPfiv7Upa5Zshsc013oQ3lrY_s6w1xtieO-ItzdUDLcrNr1qHCTPhoNGpv0goGG7cLLs1QwoKaNpvzm8dACr7WUD_lobMrqWUpqDc2LtKsw2iZhzJ--YASiUBNzy77yT-mkii8-Zi_JSIgwK97jaLvbkqYP9a08oi7KijZ_nryvvajrpe97om5D0noSjIpNvtWRP6RWhqPBQdgwweHSJRHhoc34ABMBJMJTItgEnYS7neNpYt_LTpBzILVOIHd5w7G5yZgm-UKwp7loSxzIj_RysbKkWGwLwTZNnSOB1Kt0vv6MNolQf2mqaUUCYJsU5305Fm_YNR85taOhNpeXN7_GVFSBJtlLv4dzUn6qxtIKqIQ8Xdi00rkAgjJgpmPfv_srz7PcarO9DNnVToXhr_CTGCebgDqmBOE-Kt6Wf38oT7reCzBPiF5Z0Ur2duWa9MrLxuUe-pBXS9UoOECJYyaH1jdD50pg"}
formSubmissionId = BRXHNAQ2E-1766987760128
fullURL = https://www-dev.broadridge.com/press-release/2012/jose-contin-to-lead-broadridge-city-networks-expansion-in-emea
page comparison URL = https://www-dev.broadridge.com/press-release/2012/jose-contin-to-lead-broadridge-city-networks-expansion-in-emea
................Header Contact Us Form Filled...................
V2 ContactUs form NOT found on the bottom
V2 Download form NOT found on the bottom
header ContactUs button found = true
emailTimeStamp = automated_TESTTEST_2025-12-29_05_56_28@broadridge.com
📤 Form payload = {"formSubmissionId":"BR9SDVI1O-1766987791459","elqFormName":"","elqSiteID":"","datalayerheader":"","contact":"","formgtm":"","elqCustomerGUID":"","elqCookieWrite":"","segment":"","name_first":"First_32986_TESTTEST","name_last":"Last_32986_TESTTEST","email_work":"automated_TESTTEST_2025-12-29_05_56_28@broadridge.com","phone_business":"999-999-9999","job_title":"Job_32986_TESTTEST","Company":"Company_32986_TESTTEST","country":"United States","comment":"This is an automated test submission.  Please ignore.","id":"","so":"","di":"","ct":"","ep":"","ot":"","mt":"","yr":"","rg":"","on":"","sub-source":"","campaignMostRecentID":"","content-id":"","orig-channel":"","campaign-name":"","campaignMostRecentName":"","campaignMostRecentSource":"","campaignMostRecentMedium":"","campaignMostRecentContent":"","campaignMostRecentTerm":"","campaignMostRecentContentID":"","campaignMostRecentSubSource":"","Persistent_utm_medium":"","Persistent_utm_source":"","Persistent_utm_term":"","Persistent_utm_campaign":"","Persistent_Sub_Source":"","Persistent_Content_ID":"","Persistent_Campaign_ID":"","Persistent_utm_content":"","Session_utm_medium":"","Session_utm_source":"","Session_utm_term":"","Session_utm_campaign":"","Session_Sub_Source":"","Session_Content_ID":"","Session_Campaign_ID":"701RN00000RbnVLYAZ","Session_utm_content":"","inquiry":"Gen Enq","fullURL":"https://www-dev.broadridge.com/press-release/2012/broadridge-reports-fourth-quarter-and-fiscal-year-2012-results","page_id":"177479","page_campaign_id":"","ecid":"","elqCampaignId":"","Formmodel":"flyout","Pagetype":"Press Release","g-recaptcha-response":"0cAFcWeA49VoUZiL4gVrIGpOjZEW-5X-h5PskVt8a5yNNtQFRZ2TPymwJA-R5cnSP6Mb3opfujoP2hNHCJf7LArLIHKDu-18xcIM77LcTctnTe_XhAw66HfL660aosySSpnc24h8_bx8KiFfnseNtcrIoGmFlL2WkiPow0imLlA0lhI73Tq1lb_8XDEN0IxBL95F_C9TDCXsXp1HPeOH1TGGZocq7k7VQ1IIUsQ2LSgf_JKjK1Yae_H0lnlUp-NTEBwq6JR0zXokeqUD2TEfCgwpL8cAm-Nc6TF3spoPa4r9xziJ6JZSSywNHGBqSuVBHmjZkrEW3pwekDc68oOdZ5JqIjigL5dhKhqULuWzA9CM-TwP0FgLGGToo7Zz1JrncsVfMf1g_jqciPK0FlwNOiae9Ni0VmewmvdhZOMZjFbsRGfaaUbkenIb4ZYXyWUg-Hvs3_6vmmbAeVUpji0gk_hCnBEYRN2dkoyyTVCu5tVD51USyPnCfDwXWWSL_hdiRUXM80V8ZCxiAMj5T_wEtFP4CgUtrKzHetMzhsmAZghQbSYKKWb7wfPCozrdaYcggxDd92ReFCAOJkKu8Ugk8R7mvQDd3yMPOn2B0U_ISb1vVsHS1Xibh8YtwEi23V0az88HCimRfKvP2GBALTBYglMpyk7Htk7O1Hw6RhyGUWstBLkFYnA-J4bi5s4bAp2bQgmqanyN4T1Pndj3bdRzmmj9b6KHx7YuPFjZaMyFNn_DtSvMnOlbh83yp-voq2ETx5kcAEbwH9mDs0c9pJ8kbQBFciBFTAgGlfcuYq6JaBp-BpbtUfYCepITMiV1OxUPrJZXpxr2t6INpLaDr84j4EPgfs5nx-jZ1IUF7PftMlxp4n1r_dzZ--UFJfs2K9M_bbjoBadNglQ8vPMrxkwnPAvU5df0m6l8Vt7PcYTZn1fHk7J77_JjlWF-_rWmwgdu5jAQlSF24j3uBNYQwJ1rXZQouK2zEmiKqZ-mqQBFumOfcGtD2xb65RlFfGPm_D9Pq5swTpYcKBI5cxM6nz927MchhclNHxKMTX73ujpz47oq9eYZEJbzaZPUvDZLde_1xrVnthgqUu5k_0ZASnNQ7ANqLYdHV9yr8-DEYztdeVwnD4ZGCXhY3fzxZhS40yWY0jLEC1qU8_CXF7ZaEslqj-nABOz8lS1EGmZtAjNBhubUH4Yl4FyJ3I_UfwtOr3kvIaumgcnlAJW_fvOezqep6csjvOcTYBCUzQLGIU5hCmALj4p65XtdiX9eEXboX_a8X8nqikCkqqFagqLvA8H7nkQlIk3lMiOpsH10H2vYJ8R9a8UnLzJhq7dlkFgXYXTb9YzRE34H6Bf-T3sa1b-vdJi5nZoIDSIPQ4mrvmYsQrcL94O0bpsMHONOTaeZSHsl6sCnRxZDrnWjshwhA53WLRZy-6ph7IpgvqzqAtmbBxnwry6UxaGzLo80o6oCCDhQRc0Gc_UAIvdIizI57gjSrtbLN_mKPH1MItmnOzPbU1DfgocLN0jtDnwK7Lo06yo7ob-G6wieCHvBRcKeJUYaNepDXFXbwJl-e5NlvzW2QoioUi7XF7V3xga_4d41Kv1uSRp9itFpZG5F-DWp8UywnYduc_4D4a2lECOEEEWpfo1jMqxLh3fjwxs9Q"}
form message = Thank you for your interest in Broadridge.
A representative will contact you within 24 business hours.
formpayload for validation = {"formSubmissionId":"BR9SDVI1O-1766987791459","elqFormName":"","elqSiteID":"","datalayerheader":"","contact":"","formgtm":"","elqCustomerGUID":"","elqCookieWrite":"","segment":"","name_first":"First_32986_TESTTEST","name_last":"Last_32986_TESTTEST","email_work":"automated_TESTTEST_2025-12-29_05_56_28@broadridge.com","phone_business":"999-999-9999","job_title":"Job_32986_TESTTEST","Company":"Company_32986_TESTTEST","country":"United States","comment":"This is an automated test submission.  Please ignore.","id":"","so":"","di":"","ct":"","ep":"","ot":"","mt":"","yr":"","rg":"","on":"","sub-source":"","campaignMostRecentID":"","content-id":"","orig-channel":"","campaign-name":"","campaignMostRecentName":"","campaignMostRecentSource":"","campaignMostRecentMedium":"","campaignMostRecentContent":"","campaignMostRecentTerm":"","campaignMostRecentContentID":"","campaignMostRecentSubSource":"","Persistent_utm_medium":"","Persistent_utm_source":"","Persistent_utm_term":"","Persistent_utm_campaign":"","Persistent_Sub_Source":"","Persistent_Content_ID":"","Persistent_Campaign_ID":"","Persistent_utm_content":"","Session_utm_medium":"","Session_utm_source":"","Session_utm_term":"","Session_utm_campaign":"","Session_Sub_Source":"","Session_Content_ID":"","Session_Campaign_ID":"701RN00000RbnVLYAZ","Session_utm_content":"","inquiry":"Gen Enq","fullURL":"https://www-dev.broadridge.com/press-release/2012/broadridge-reports-fourth-quarter-and-fiscal-year-2012-results","page_id":"177479","page_campaign_id":"","ecid":"","elqCampaignId":"","Formmodel":"flyout","Pagetype":"Press Release","g-recaptcha-response":"0cAFcWeA49VoUZiL4gVrIGpOjZEW-5X-h5PskVt8a5yNNtQFRZ2TPymwJA-R5cnSP6Mb3opfujoP2hNHCJf7LArLIHKDu-18xcIM77LcTctnTe_XhAw66HfL660aosySSpnc24h8_bx8KiFfnseNtcrIoGmFlL2WkiPow0imLlA0lhI73Tq1lb_8XDEN0IxBL95F_C9TDCXsXp1HPeOH1TGGZocq7k7VQ1IIUsQ2LSgf_JKjK1Yae_H0lnlUp-NTEBwq6JR0zXokeqUD2TEfCgwpL8cAm-Nc6TF3spoPa4r9xziJ6JZSSywNHGBqSuVBHmjZkrEW3pwekDc68oOdZ5JqIjigL5dhKhqULuWzA9CM-TwP0FgLGGToo7Zz1JrncsVfMf1g_jqciPK0FlwNOiae9Ni0VmewmvdhZOMZjFbsRGfaaUbkenIb4ZYXyWUg-Hvs3_6vmmbAeVUpji0gk_hCnBEYRN2dkoyyTVCu5tVD51USyPnCfDwXWWSL_hdiRUXM80V8ZCxiAMj5T_wEtFP4CgUtrKzHetMzhsmAZghQbSYKKWb7wfPCozrdaYcggxDd92ReFCAOJkKu8Ugk8R7mvQDd3yMPOn2B0U_ISb1vVsHS1Xibh8YtwEi23V0az88HCimRfKvP2GBALTBYglMpyk7Htk7O1Hw6RhyGUWstBLkFYnA-J4bi5s4bAp2bQgmqanyN4T1Pndj3bdRzmmj9b6KHx7YuPFjZaMyFNn_DtSvMnOlbh83yp-voq2ETx5kcAEbwH9mDs0c9pJ8kbQBFciBFTAgGlfcuYq6JaBp-BpbtUfYCepITMiV1OxUPrJZXpxr2t6INpLaDr84j4EPgfs5nx-jZ1IUF7PftMlxp4n1r_dzZ--UFJfs2K9M_bbjoBadNglQ8vPMrxkwnPAvU5df0m6l8Vt7PcYTZn1fHk7J77_JjlWF-_rWmwgdu5jAQlSF24j3uBNYQwJ1rXZQouK2zEmiKqZ-mqQBFumOfcGtD2xb65RlFfGPm_D9Pq5swTpYcKBI5cxM6nz927MchhclNHxKMTX73ujpz47oq9eYZEJbzaZPUvDZLde_1xrVnthgqUu5k_0ZASnNQ7ANqLYdHV9yr8-DEYztdeVwnD4ZGCXhY3fzxZhS40yWY0jLEC1qU8_CXF7ZaEslqj-nABOz8lS1EGmZtAjNBhubUH4Yl4FyJ3I_UfwtOr3kvIaumgcnlAJW_fvOezqep6csjvOcTYBCUzQLGIU5hCmALj4p65XtdiX9eEXboX_a8X8nqikCkqqFagqLvA8H7nkQlIk3lMiOpsH10H2vYJ8R9a8UnLzJhq7dlkFgXYXTb9YzRE34H6Bf-T3sa1b-vdJi5nZoIDSIPQ4mrvmYsQrcL94O0bpsMHONOTaeZSHsl6sCnRxZDrnWjshwhA53WLRZy-6ph7IpgvqzqAtmbBxnwry6UxaGzLo80o6oCCDhQRc0Gc_UAIvdIizI57gjSrtbLN_mKPH1MItmnOzPbU1DfgocLN0jtDnwK7Lo06yo7ob-G6wieCHvBRcKeJUYaNepDXFXbwJl-e5NlvzW2QoioUi7XF7V3xga_4d41Kv1uSRp9itFpZG5F-DWp8UywnYduc_4D4a2lECOEEEWpfo1jMqxLh3fjwxs9Q"}
formSubmissionId = BR9SDVI1O-1766987791459
fullURL = https://www-dev.broadridge.com/press-release/2012/broadridge-reports-fourth-quarter-and-fiscal-year-2012-results
page comparison URL = https://www-dev.broadridge.com/press-release/2012/broadridge-reports-fourth-quarter-and-fiscal-year-2012-results
................Header Contact Us Form Filled...................
V2 ContactUs form NOT found on the bottom
V2 Download form NOT found on the bottom
no cookie button
header ContactUs button found = true
emailTimeStamp = automated_TESTTEST_2025-12-29_05_57_09@broadridge.com
📤 Form payload = {"formSubmissionId":"BR6RPV781-1766987832087","elqFormName":"","elqSiteID":"","datalayerheader":"","contact":"","formgtm":"","elqCustomerGUID":"","elqCookieWrite":"","segment":"","name_first":"First_32986_TESTTEST","name_last":"Last_32986_TESTTEST","email_work":"automated_TESTTEST_2025-12-29_05_57_09@broadridge.com","phone_business":"999-999-9999","job_title":"Job_32986_TESTTEST","Company":"Company_32986_TESTTEST","country":"United States","comment":"This is an automated test submission.  Please ignore.","id":"","so":"","di":"","ct":"","ep":"","ot":"","mt":"","yr":"","rg":"","on":"","sub-source":"","campaignMostRecentID":"","content-id":"","orig-channel":"","campaign-name":"","campaignMostRecentName":"","campaignMostRecentSource":"","campaignMostRecentMedium":"","campaignMostRecentContent":"","campaignMostRecentTerm":"","campaignMostRecentContentID":"","campaignMostRecentSubSource":"","Persistent_utm_medium":"","Persistent_utm_source":"","Persistent_utm_term":"","Persistent_utm_campaign":"","Persistent_Sub_Source":"","Persistent_Content_ID":"","Persistent_Campaign_ID":"","Persistent_utm_content":"","Session_utm_medium":"","Session_utm_source":"","Session_utm_term":"","Session_utm_campaign":"","Session_Sub_Source":"","Session_Content_ID":"","Session_Campaign_ID":"701RN00000RbnVLYAZ","Session_utm_content":"","inquiry":"Gen Enq","fullURL":"https://www-dev.broadridge.com/press-release/2012/renowned-keynote-speakers-to-take-stage","page_id":"177730","page_campaign_id":"","ecid":"","elqCampaignId":"","Formmodel":"flyout","Pagetype":"Press Release","g-recaptcha-response":"0cAFcWeA4MGwP99qev1a-PUvMHDlEK0bvnk-HlS2QYXE6dclC0P4BxWuYEd6CsvJlWv5adNmqkececSsryeMm4Fmp-ZbZudPtXuwZxTqZgF6KxDhiF-rm6xBNotttdtMIJzDpHeo3YF_yOIFVkewq4ZhDrRga8GjGd3HHXOhP8SD0rBjgFlrZwxNZCXWHcWHop5odTPcuTY0bhme-7DIGtbLBfEYBeoAgF6hejyISjOCixq4Q34A-jgk0H0z83o127G6x_dVM5LccML_LSZxMkKlL7z9jPqfWDv-p_0UQuc5cmgQsj3tWRRlbznSQIe3b_iJhdYYmkdN1tb4j9jpXzIPFaj7L8erBpK03NIqxV1auoNYyvdn_2YSiLNNSilBo3huLiB8wzqiwdsAXeuUfcjWHKAH6b7SnTBTl-bDtjL4TFpNZZxCAx5nVXY4MBE3XsJkXoAL6OvM50TJ837YFH57seKgcRI7Nx46jeYvh_dp-vSpdeQDCLXfbmEROe2gsmPERb-5gghaqTSYn8fEbOZTrZGbRr0IEyFM35cmG4eJovJOKtt6trOjS0-cWYSlZanXYmPbPiBdRNACI6yAbxAU5snq1sxqKpM60ZVVJl8AD-mxPpXcDUhPgLdpGNS8Hoj1nsNOJP5B2xkbsFXyrg-Wm4jqjkr1xnmOBfPoma6ifl67fkv8YFNtLlH9c-ERMdnIVyyNXhHWIAjEX8VGtCjW3RBeF_9G7nOhINcNKjPhUHqn89hbCuwCopmDNotriUbwFqXwC3qWUbN4km36FmCXFHUzd0REd6yjt6Q-sCez-wK3fRKk2rsBeZA3arjbBocJS9qxl-C3ux_n-38bUbfvickms526xjkE8UDyw-PhTEfhkXBnG7RXS38-Vbk0FO75tchUi4K__LSaZfskejrbCV-LYOaGYCZhsFvrQbZ36XN5WwZ4aqsu22zDs1s4UT5cvVATWHZNy77E1Bt9MVfbOfM5iKBF_7pEj9fA47FbSStd8SbC3uROdJ_8S2nlk-6gIcJQgeOjMhnHSs1_ntjCnJVeWpqbmt7fXlfcblOVk3aX7zQvCMaWglWJOj7Y-PLl71HE2lufuparsvjRojNZHpOC50VguSiEVn0laCAYMDbmcDwhFQGbCym1cAW0Je-RxEu4_11PlNiOY3pqTGpDb11HIvjawpT-s8zU7ybppDKZWkSPRA-0-n6JDswulF6N-69MN_bchmPU_5rhI76argGPDrjyuKB0I9efCwm0YQC-X5ZUKTA-Qlp3EVRyf64Lz_503ulNuVIrHfy-TKK02vnMQ8nfP3Kn6usjqqpaudnj_av5bRX5FKORLhM-uPHppJzJHxymzvFdTLAgRFnOQwP36Kd_oZSwrys1dthm2DKY0W1s7n3EeT8dV4TfgoqMtKgtE3fxZgvsrXy2S5WmHVUYtT-d12TG75d5fVri61aFBDn8uV9CrourUpFX6o9Fxl5g_tK10vkYQcVnku3swZ0TRoVt4PYUtCvA6uXJQLfj0xJUqQYtzbJp9LO8K8XDebRXvGIN-JGEF7GAsQUZXzbk1nYSdffACFx2Ug7v3oZUC0SjxB1jSQWSrZM9Cq7JXpIY4iMFNRhXW6OmeKiJpcbsZOA9Rpz-gDMElfNKmZh_D6lOw5Urw40tHHC_yace_V9RbodBMpjR2DlTqu2noA_agQtmcBLOl1FngvjVMg3JbweRAtdAc"}
form message = Thank you for your interest in Broadridge.
A representative will contact you within 24 business hours.
formpayload for validation = {"formSubmissionId":"BR6RPV781-1766987832087","elqFormName":"","elqSiteID":"","datalayerheader":"","contact":"","formgtm":"","elqCustomerGUID":"","elqCookieWrite":"","segment":"","name_first":"First_32986_TESTTEST","name_last":"Last_32986_TESTTEST","email_work":"automated_TESTTEST_2025-12-29_05_57_09@broadridge.com","phone_business":"999-999-9999","job_title":"Job_32986_TESTTEST","Company":"Company_32986_TESTTEST","country":"United States","comment":"This is an automated test submission.  Please ignore.","id":"","so":"","di":"","ct":"","ep":"","ot":"","mt":"","yr":"","rg":"","on":"","sub-source":"","campaignMostRecentID":"","content-id":"","orig-channel":"","campaign-name":"","campaignMostRecentName":"","campaignMostRecentSource":"","campaignMostRecentMedium":"","campaignMostRecentContent":"","campaignMostRecentTerm":"","campaignMostRecentContentID":"","campaignMostRecentSubSource":"","Persistent_utm_medium":"","Persistent_utm_source":"","Persistent_utm_term":"","Persistent_utm_campaign":"","Persistent_Sub_Source":"","Persistent_Content_ID":"","Persistent_Campaign_ID":"","Persistent_utm_content":"","Session_utm_medium":"","Session_utm_source":"","Session_utm_term":"","Session_utm_campaign":"","Session_Sub_Source":"","Session_Content_ID":"","Session_Campaign_ID":"701RN00000RbnVLYAZ","Session_utm_content":"","inquiry":"Gen Enq","fullURL":"https://www-dev.broadridge.com/press-release/2012/renowned-keynote-speakers-to-take-stage","page_id":"177730","page_campaign_id":"","ecid":"","elqCampaignId":"","Formmodel":"flyout","Pagetype":"Press Release","g-recaptcha-response":"0cAFcWeA4MGwP99qev1a-PUvMHDlEK0bvnk-HlS2QYXE6dclC0P4BxWuYEd6CsvJlWv5adNmqkececSsryeMm4Fmp-ZbZudPtXuwZxTqZgF6KxDhiF-rm6xBNotttdtMIJzDpHeo3YF_yOIFVkewq4ZhDrRga8GjGd3HHXOhP8SD0rBjgFlrZwxNZCXWHcWHop5odTPcuTY0bhme-7DIGtbLBfEYBeoAgF6hejyISjOCixq4Q34A-jgk0H0z83o127G6x_dVM5LccML_LSZxMkKlL7z9jPqfWDv-p_0UQuc5cmgQsj3tWRRlbznSQIe3b_iJhdYYmkdN1tb4j9jpXzIPFaj7L8erBpK03NIqxV1auoNYyvdn_2YSiLNNSilBo3huLiB8wzqiwdsAXeuUfcjWHKAH6b7SnTBTl-bDtjL4TFpNZZxCAx5nVXY4MBE3XsJkXoAL6OvM50TJ837YFH57seKgcRI7Nx46jeYvh_dp-vSpdeQDCLXfbmEROe2gsmPERb-5gghaqTSYn8fEbOZTrZGbRr0IEyFM35cmG4eJovJOKtt6trOjS0-cWYSlZanXYmPbPiBdRNACI6yAbxAU5snq1sxqKpM60ZVVJl8AD-mxPpXcDUhPgLdpGNS8Hoj1nsNOJP5B2xkbsFXyrg-Wm4jqjkr1xnmOBfPoma6ifl67fkv8YFNtLlH9c-ERMdnIVyyNXhHWIAjEX8VGtCjW3RBeF_9G7nOhINcNKjPhUHqn89hbCuwCopmDNotriUbwFqXwC3qWUbN4km36FmCXFHUzd0REd6yjt6Q-sCez-wK3fRKk2rsBeZA3arjbBocJS9qxl-C3ux_n-38bUbfvickms526xjkE8UDyw-PhTEfhkXBnG7RXS38-Vbk0FO75tchUi4K__LSaZfskejrbCV-LYOaGYCZhsFvrQbZ36XN5WwZ4aqsu22zDs1s4UT5cvVATWHZNy77E1Bt9MVfbOfM5iKBF_7pEj9fA47FbSStd8SbC3uROdJ_8S2nlk-6gIcJQgeOjMhnHSs1_ntjCnJVeWpqbmt7fXlfcblOVk3aX7zQvCMaWglWJOj7Y-PLl71HE2lufuparsvjRojNZHpOC50VguSiEVn0laCAYMDbmcDwhFQGbCym1cAW0Je-RxEu4_11PlNiOY3pqTGpDb11HIvjawpT-s8zU7ybppDKZWkSPRA-0-n6JDswulF6N-69MN_bchmPU_5rhI76argGPDrjyuKB0I9efCwm0YQC-X5ZUKTA-Qlp3EVRyf64Lz_503ulNuVIrHfy-TKK02vnMQ8nfP3Kn6usjqqpaudnj_av5bRX5FKORLhM-uPHppJzJHxymzvFdTLAgRFnOQwP36Kd_oZSwrys1dthm2DKY0W1s7n3EeT8dV4TfgoqMtKgtE3fxZgvsrXy2S5WmHVUYtT-d12TG75d5fVri61aFBDn8uV9CrourUpFX6o9Fxl5g_tK10vkYQcVnku3swZ0TRoVt4PYUtCvA6uXJQLfj0xJUqQYtzbJp9LO8K8XDebRXvGIN-JGEF7GAsQUZXzbk1nYSdffACFx2Ug7v3oZUC0SjxB1jSQWSrZM9Cq7JXpIY4iMFNRhXW6OmeKiJpcbsZOA9Rpz-gDMElfNKmZh_D6lOw5Urw40tHHC_yace_V9RbodBMpjR2DlTqu2noA_agQtmcBLOl1FngvjVMg3JbweRAtdAc"}
formSubmissionId = BR6RPV781-1766987832087
fullURL = https://www-dev.broadridge.com/press-release/2012/renowned-keynote-speakers-to-take-stage
page comparison URL = https://www-dev.broadridge.com/press-release/2012/renowned-keynote-speakers-to-take-stage
................Header Contact Us Form Filled...................
V2 ContactUs form NOT found on the bottom
V2 Download form NOT found on the bottom
no cookie button
header ContactUs button found = true
emailTimeStamp = automated_TESTTEST_2025-12-29_05_57_49@broadridge.com
📤 Form payload = {"formSubmissionId":"BRV2RYT3N-1766987872578","elqFormName":"","elqSiteID":"","datalayerheader":"","contact":"","formgtm":"","elqCustomerGUID":"","elqCookieWrite":"","segment":"","name_first":"First_32986_TESTTEST","name_last":"Last_32986_TESTTEST","email_work":"automated_TESTTEST_2025-12-29_05_57_49@broadridge.com","phone_business":"999-999-9999","job_title":"Job_32986_TESTTEST","Company":"Company_32986_TESTTEST","country":"United States","comment":"This is an automated test submission.  Please ignore.","id":"","so":"","di":"","ct":"","ep":"","ot":"","mt":"","yr":"","rg":"","on":"","sub-source":"","campaignMostRecentID":"","content-id":"","orig-channel":"","campaign-name":"","campaignMostRecentName":"","campaignMostRecentSource":"","campaignMostRecentMedium":"","campaignMostRecentContent":"","campaignMostRecentTerm":"","campaignMostRecentContentID":"","campaignMostRecentSubSource":"","Persistent_utm_medium":"","Persistent_utm_source":"","Persistent_utm_term":"","Persistent_utm_campaign":"","Persistent_Sub_Source":"","Persistent_Content_ID":"","Persistent_Campaign_ID":"","Persistent_utm_content":"","Session_utm_medium":"","Session_utm_source":"","Session_utm_term":"","Session_utm_campaign":"","Session_Sub_Source":"","Session_Content_ID":"","Session_Campaign_ID":"701RN00000RbnVLYAZ","Session_utm_content":"","inquiry":"Gen Enq","fullURL":"https://www-dev.broadridge.com/press-release/2012/united-planners-adds-broadridges-matrix-to-qualified-plan-platform","page_id":"177733","page_campaign_id":"","ecid":"","elqCampaignId":"","Formmodel":"flyout","Pagetype":"Press Release","g-recaptcha-response":"0cAFcWeA4GAjRQCzfOaBCn0h1gMznwaII-qxnY2Ij-cKHT5XuRIlF00hW7oAGPkOR6UIDObpGZm4Rc3utjaFuoPdXrdp58OBjNCOrPbhTlSi26do1o91NUi2ujqgmm2KoWKgSiZdaY6gXgDWKQR0qMAsBDlFDGWa-chAWx6VtShp7WXLGFGyBvNHa2zTfA8Y3159Gdzf_ct_Vg5HHulxMvKSq59g-QP8gEC4Nfne-85MzRuMy1oMlJjGizOtuuVy5xIe1Xapml2bYLSRxiA7ecUvyX9TaIElyKmxypOCnVZ8F9XrKEemuR0re0vlp1Aamrb9G07tdk1Zw2eLf_5CpEL3kV-3lK9smW8EeeB1uos6uGHiI49geCTWm_LFrwoxSl6xj9dzw_gmNn-gWK1Qd2bcL1HCA740PUOREjKy4TX7jdxbGzZPnLhX-umoPd_pbry3P0b9SWrI5v95-2JIc29KiOBEcPGLub3AQHNVNCF0TIP_MgDSY14yUvCjgyW5gD6nsKk1pn4xWlpTQViZrFN8kzv4cEQ8aG3UU6g982MOYVem_W0iF9wjONoJMeZ1QslDclwV0ScMsbvcojYERCKkpXxBDW38l9QqQoOyyXdVbpvsm4CC1DHCjJGscrVIY18mROirabSPqcsI3Ne2LqyU6ZZCW4ar_3_JM8uj2oPnugmRmuYeBmj87_NNzG-wz5aep59o10nm7TR7gAPinq74hJk_nj8BQ0pX4UlQAsz-7mQbjljTgJVXUQ_02QL-MK9wcIHV3DRTVwvV3VD0KmWM7iaXq9NivDEH8041pnNIiB5aCrUaayr7ZxWZDziLMW3vHU1SOFn04NpR3e7ZJPryOuBKxjsNXu5iQyjK12fBaKFcLM69IXY8nklAocfpn1XULiGqhSYHaenU16m-S09UtNkVJd_saBJx1Z3vgDwsr7G2t4ah2MWvF739POaR2__A9ZtxzYZ5effL8I91eSH87Dfqd6O1dx7lqvJ9Sd9wQYl8Bv566xBe0U3huc9N1p4gxHwcTnx9S8NrbUVVLNuxA2ny_cN8EdmTeEqFH8OXTfzmSQtxp-NVmwfpwDMRM5UWFr0l5ZQ3cePG_gLQj5tNMTTthUM6fgxPw35__DnMreKyzhtxRY-rk588tmJCuW5ePQuI0FMm5no0UxHfHhPZEVQpUrz9sFn0mWtI-our0X1CNStvXABRm0BYL5vxtY4JIEGEngebQ2lj84u1TKeX5fmcbodnU9fZ71bx9ueV721dyqWqgnL1rFLb1u4sFk-CmOzVaXw8VgTmRVf8R8xH72UU6fXDLYtBszL9HAz6ZelmrbG3lKjcGtloL-U1cM8_mlYC-HbRNnevCuHlEQ2oqvmjVy30Np8DuepMyM2FrgE-N-9iLqPWe_kknnMzabhKEy6yy0yhK4Pt3CXs0iJyuqFVDDFX0seTyHVV4sRPxbvl6vNEokXfAyXABM_F9dENbWWaBTLJa33BxLK2g8Puhp6UR58YbYdBqbQbVwf3-oWDc9u7bsRh4n8TuQIlxSWCf5vA6x80J5-M35WqPwt9m6Xz46DxA9udkC-4FZe4DpmZ_MvIBbftccnyXdcP2imSI7wg0kM6TRiPYwfpckIKnVG8I3zVUFVA"}
form message = Thank you for your interest in Broadridge.
A representative will contact you within 24 business hours.
formpayload for validation = {"formSubmissionId":"BRV2RYT3N-1766987872578","elqFormName":"","elqSiteID":"","datalayerheader":"","contact":"","formgtm":"","elqCustomerGUID":"","elqCookieWrite":"","segment":"","name_first":"First_32986_TESTTEST","name_last":"Last_32986_TESTTEST","email_work":"automated_TESTTEST_2025-12-29_05_57_49@broadridge.com","phone_business":"999-999-9999","job_title":"Job_32986_TESTTEST","Company":"Company_32986_TESTTEST","country":"United States","comment":"This is an automated test submission.  Please ignore.","id":"","so":"","di":"","ct":"","ep":"","ot":"","mt":"","yr":"","rg":"","on":"","sub-source":"","campaignMostRecentID":"","content-id":"","orig-channel":"","campaign-name":"","campaignMostRecentName":"","campaignMostRecentSource":"","campaignMostRecentMedium":"","campaignMostRecentContent":"","campaignMostRecentTerm":"","campaignMostRecentContentID":"","campaignMostRecentSubSource":"","Persistent_utm_medium":"","Persistent_utm_source":"","Persistent_utm_term":"","Persistent_utm_campaign":"","Persistent_Sub_Source":"","Persistent_Content_ID":"","Persistent_Campaign_ID":"","Persistent_utm_content":"","Session_utm_medium":"","Session_utm_source":"","Session_utm_term":"","Session_utm_campaign":"","Session_Sub_Source":"","Session_Content_ID":"","Session_Campaign_ID":"701RN00000RbnVLYAZ","Session_utm_content":"","inquiry":"Gen Enq","fullURL":"https://www-dev.broadridge.com/press-release/2012/united-planners-adds-broadridges-matrix-to-qualified-plan-platform","page_id":"177733","page_campaign_id":"","ecid":"","elqCampaignId":"","Formmodel":"flyout","Pagetype":"Press Release","g-recaptcha-response":"0cAFcWeA4GAjRQCzfOaBCn0h1gMznwaII-qxnY2Ij-cKHT5XuRIlF00hW7oAGPkOR6UIDObpGZm4Rc3utjaFuoPdXrdp58OBjNCOrPbhTlSi26do1o91NUi2ujqgmm2KoWKgSiZdaY6gXgDWKQR0qMAsBDlFDGWa-chAWx6VtShp7WXLGFGyBvNHa2zTfA8Y3159Gdzf_ct_Vg5HHulxMvKSq59g-QP8gEC4Nfne-85MzRuMy1oMlJjGizOtuuVy5xIe1Xapml2bYLSRxiA7ecUvyX9TaIElyKmxypOCnVZ8F9XrKEemuR0re0vlp1Aamrb9G07tdk1Zw2eLf_5CpEL3kV-3lK9smW8EeeB1uos6uGHiI49geCTWm_LFrwoxSl6xj9dzw_gmNn-gWK1Qd2bcL1HCA740PUOREjKy4TX7jdxbGzZPnLhX-umoPd_pbry3P0b9SWrI5v95-2JIc29KiOBEcPGLub3AQHNVNCF0TIP_MgDSY14yUvCjgyW5gD6nsKk1pn4xWlpTQViZrFN8kzv4cEQ8aG3UU6g982MOYVem_W0iF9wjONoJMeZ1QslDclwV0ScMsbvcojYERCKkpXxBDW38l9QqQoOyyXdVbpvsm4CC1DHCjJGscrVIY18mROirabSPqcsI3Ne2LqyU6ZZCW4ar_3_JM8uj2oPnugmRmuYeBmj87_NNzG-wz5aep59o10nm7TR7gAPinq74hJk_nj8BQ0pX4UlQAsz-7mQbjljTgJVXUQ_02QL-MK9wcIHV3DRTVwvV3VD0KmWM7iaXq9NivDEH8041pnNIiB5aCrUaayr7ZxWZDziLMW3vHU1SOFn04NpR3e7ZJPryOuBKxjsNXu5iQyjK12fBaKFcLM69IXY8nklAocfpn1XULiGqhSYHaenU16m-S09UtNkVJd_saBJx1Z3vgDwsr7G2t4ah2MWvF739POaR2__A9ZtxzYZ5effL8I91eSH87Dfqd6O1dx7lqvJ9Sd9wQYl8Bv566xBe0U3huc9N1p4gxHwcTnx9S8NrbUVVLNuxA2ny_cN8EdmTeEqFH8OXTfzmSQtxp-NVmwfpwDMRM5UWFr0l5ZQ3cePG_gLQj5tNMTTthUM6fgxPw35__DnMreKyzhtxRY-rk588tmJCuW5ePQuI0FMm5no0UxHfHhPZEVQpUrz9sFn0mWtI-our0X1CNStvXABRm0BYL5vxtY4JIEGEngebQ2lj84u1TKeX5fmcbodnU9fZ71bx9ueV721dyqWqgnL1rFLb1u4sFk-CmOzVaXw8VgTmRVf8R8xH72UU6fXDLYtBszL9HAz6ZelmrbG3lKjcGtloL-U1cM8_mlYC-HbRNnevCuHlEQ2oqvmjVy30Np8DuepMyM2FrgE-N-9iLqPWe_kknnMzabhKEy6yy0yhK4Pt3CXs0iJyuqFVDDFX0seTyHVV4sRPxbvl6vNEokXfAyXABM_F9dENbWWaBTLJa33BxLK2g8Puhp6UR58YbYdBqbQbVwf3-oWDc9u7bsRh4n8TuQIlxSWCf5vA6x80J5-M35WqPwt9m6Xz46DxA9udkC-4FZe4DpmZ_MvIBbftccnyXdcP2imSI7wg0kM6TRiPYwfpckIKnVG8I3zVUFVA"}
formSubmissionId = BRV2RYT3N-1766987872578
fullURL = https://www-dev.broadridge.com/press-release/2012/united-planners-adds-broadridges-matrix-to-qualified-plan-platform
page comparison URL = https://www-dev.broadridge.com/press-release/2012/united-planners-adds-broadridges-matrix-to-qualified-plan-platform
................Header Contact Us Form Filled...................
V2 ContactUs form NOT found on the bottom
V2 Download form NOT found on the bottom
no cookie button
header ContactUs button found = true
emailTimeStamp = automated_TESTTEST_2025-12-29_05_58_30@broadridge.com
📤 Form payload = {"formSubmissionId":"BR98UVZSI-1766987912811","elqFormName":"","elqSiteID":"","datalayerheader":"","contact":"","formgtm":"","elqCustomerGUID":"","elqCookieWrite":"","segment":"","name_first":"First_32986_TESTTEST","name_last":"Last_32986_TESTTEST","email_work":"automated_TESTTEST_2025-12-29_05_58_30@broadridge.com","phone_business":"999-999-9999","job_title":"Job_32986_TESTTEST","Company":"Company_32986_TESTTEST","country":"United States","comment":"This is an automated test submission.  Please ignore.","id":"","so":"","di":"","ct":"","ep":"","ot":"","mt":"","yr":"","rg":"","on":"","sub-source":"","campaignMostRecentID":"","content-id":"","orig-channel":"","campaign-name":"","campaignMostRecentName":"","campaignMostRecentSource":"","campaignMostRecentMedium":"","campaignMostRecentContent":"","campaignMostRecentTerm":"","campaignMostRecentContentID":"","campaignMostRecentSubSource":"","Persistent_utm_medium":"","Persistent_utm_source":"","Persistent_utm_term":"","Persistent_utm_campaign":"","Persistent_Sub_Source":"","Persistent_Content_ID":"","Persistent_Campaign_ID":"","Persistent_utm_content":"","Session_utm_medium":"","Session_utm_source":"","Session_utm_term":"","Session_utm_campaign":"","Session_Sub_Source":"","Session_Content_ID":"","Session_Campaign_ID":"701RN00000RbnVLYAZ","Session_utm_content":"","inquiry":"Gen Enq","fullURL":"https://www-dev.broadridge.com/press-release/2012/matrix-enhances-retiretoolkit-offering","page_id":"177725","page_campaign_id":"","ecid":"","elqCampaignId":"","Formmodel":"flyout","Pagetype":"Press Release","g-recaptcha-response":"0cAFcWeA60V-2aI1qQvOxHBCOhHZ4BSqT044xQb2iMe2Y1gDwSW8MouatpAdOJIglRACxCPu0quMUgLEwlb0Ohz1wI3dV7g5-5H7GK-c70ipYdF0oJDqbMZHw9S27BO-HOenQQRQ3nGxYOmtcR0jeyipFVTFqfXJzndsKWaOJwRF0pzWrcssWmM_xz4MZqbdBzQeEcQmOWbLtMuOgfGlrMsXcnKYcgpzbqy9cxR46_2zWVEboMlAcZetfabW2qfWt93YAxTJ04y4b_RlumX3q1SDOoyPC0a2AJW48Tcxhev_egRQfE0ulB3w_e2j6RvNICyCZPh5CHNf87milwTgLGhp476SfT2n7I1qxU2ozqh_xjnouAS8Vqxy940LG0o5V-cVq4874rtWRCHQKk2ELJ1zjgX49EM-8kezgXJm-3zYcNQX3S-0u9hYUZ2SuHh2SsULzCs4qVAoOSSDW9X7sFIeh_y0Q223bCnWBduKsdGHkA9FIRrJoPsoDouQUYPt6E1xRc0dLv-YyosNk6kFijzLrpSs57Cy1K-0LfW4JV2x7E8MmXIY4-k6AqaFsIBfKlwrZk-h-dFY8yGXcTvxs-C3rvf-5qvXgPGFudF8mjF6jFEAz4-o5rkq_heK0jTjcQ_OVZBfZTI-3rC3vK-iOwyl3KKvEhcyKkBhAxDdmyzFW8OEFoWoQb1xp9pjHSSakoWzgzYhN5899lGqumrowvrBZB-BQaGhWu3ivOvW-GZgh1atIsqRFXBWgpFlMeo_uEvyaX4pEYb4ueQaKBLN-sQ7auqiNv-ukRtNVx5dCQIaRMN0f8wdij-3uGcn9_Sbraif3nnt36GC5nmD6TDPsY4IXL_PQCOoN65TP4SLs5ID2pGOyudMl0EK_yw_2MF451J7aNpK344O_g63mHejX3UIHRN72Bb5f-mJN6AoOcbviwBvs1ET0F4YL-EsG2JnAZgxZMgZmOHyh03IcUy6W1wtPykosoa3FgOiru6vpXzHgD9QWrhEZHcgVcFM7YDx26uFSZ-4sqtQI8AHyFc4oG15e1yLNC42ifh2_umQKU9hHhTjrAeZVLAn5k6ZQ2n-hJ4Fml6yDU9mjroVMoJ5-atsRo3F8fP95Uqu-Ig3azg5p0wGQqqlEbscN0d1xCfwvbQRI6Se2wrksu2e1enE6WEQxACQ6e3tJLlee2tr96OYKsohfDiANhdlRyx6LNajpW9WwKSF2AuKqgURXzp6q6BarC3FE7QS1abKVx3XihMMMLfulVqnPd27jfYGNOdMDR1CgIM1xj4upnWLQL84DVwh85y0LOPBmnggGpmGLElkmBVTAjPDeyUbQaT30enuy3DFJ8sv0nJzT3arXXHuXeNcGe8XBkrZvTZlbQpw23a2VIeHv0N8QUs8aHYLxNJ3AorzTTCFXWTg8VblG8aQI0PNyrHBUNry-ChA7RJ-6EMHz6mJj13-YUkvHC78VtDf3keVIApLgP5sgQ42sfARMvPYNkRiJfZq_fpvAL8CNCHxla-UB_n_U1DkHVahlkl2tfJk6Szr1GA91DhN-io8OwdzwdGlGBjiBYpooNklHCAlEsQTT4_BJ40H5ssaNdEarxqqwybfNkghrAKOL5OKn9UoyZrk5gZ3t0oA"}
form message = Thank you for your interest in Broadridge.
A representative will contact you within 24 business hours.
formpayload for validation = {"formSubmissionId":"BR98UVZSI-1766987912811","elqFormName":"","elqSiteID":"","datalayerheader":"","contact":"","formgtm":"","elqCustomerGUID":"","elqCookieWrite":"","segment":"","name_first":"First_32986_TESTTEST","name_last":"Last_32986_TESTTEST","email_work":"automated_TESTTEST_2025-12-29_05_58_30@broadridge.com","phone_business":"999-999-9999","job_title":"Job_32986_TESTTEST","Company":"Company_32986_TESTTEST","country":"United States","comment":"This is an automated test submission.  Please ignore.","id":"","so":"","di":"","ct":"","ep":"","ot":"","mt":"","yr":"","rg":"","on":"","sub-source":"","campaignMostRecentID":"","content-id":"","orig-channel":"","campaign-name":"","campaignMostRecentName":"","campaignMostRecentSource":"","campaignMostRecentMedium":"","campaignMostRecentContent":"","campaignMostRecentTerm":"","campaignMostRecentContentID":"","campaignMostRecentSubSource":"","Persistent_utm_medium":"","Persistent_utm_source":"","Persistent_utm_term":"","Persistent_utm_campaign":"","Persistent_Sub_Source":"","Persistent_Content_ID":"","Persistent_Campaign_ID":"","Persistent_utm_content":"","Session_utm_medium":"","Session_utm_source":"","Session_utm_term":"","Session_utm_campaign":"","Session_Sub_Source":"","Session_Content_ID":"","Session_Campaign_ID":"701RN00000RbnVLYAZ","Session_utm_content":"","inquiry":"Gen Enq","fullURL":"https://www-dev.broadridge.com/press-release/2012/matrix-enhances-retiretoolkit-offering","page_id":"177725","page_campaign_id":"","ecid":"","elqCampaignId":"","Formmodel":"flyout","Pagetype":"Press Release","g-recaptcha-response":"0cAFcWeA60V-2aI1qQvOxHBCOhHZ4BSqT044xQb2iMe2Y1gDwSW8MouatpAdOJIglRACxCPu0quMUgLEwlb0Ohz1wI3dV7g5-5H7GK-c70ipYdF0oJDqbMZHw9S27BO-HOenQQRQ3nGxYOmtcR0jeyipFVTFqfXJzndsKWaOJwRF0pzWrcssWmM_xz4MZqbdBzQeEcQmOWbLtMuOgfGlrMsXcnKYcgpzbqy9cxR46_2zWVEboMlAcZetfabW2qfWt93YAxTJ04y4b_RlumX3q1SDOoyPC0a2AJW48Tcxhev_egRQfE0ulB3w_e2j6RvNICyCZPh5CHNf87milwTgLGhp476SfT2n7I1qxU2ozqh_xjnouAS8Vqxy940LG0o5V-cVq4874rtWRCHQKk2ELJ1zjgX49EM-8kezgXJm-3zYcNQX3S-0u9hYUZ2SuHh2SsULzCs4qVAoOSSDW9X7sFIeh_y0Q223bCnWBduKsdGHkA9FIRrJoPsoDouQUYPt6E1xRc0dLv-YyosNk6kFijzLrpSs57Cy1K-0LfW4JV2x7E8MmXIY4-k6AqaFsIBfKlwrZk-h-dFY8yGXcTvxs-C3rvf-5qvXgPGFudF8mjF6jFEAz4-o5rkq_heK0jTjcQ_OVZBfZTI-3rC3vK-iOwyl3KKvEhcyKkBhAxDdmyzFW8OEFoWoQb1xp9pjHSSakoWzgzYhN5899lGqumrowvrBZB-BQaGhWu3ivOvW-GZgh1atIsqRFXBWgpFlMeo_uEvyaX4pEYb4ueQaKBLN-sQ7auqiNv-ukRtNVx5dCQIaRMN0f8wdij-3uGcn9_Sbraif3nnt36GC5nmD6TDPsY4IXL_PQCOoN65TP4SLs5ID2pGOyudMl0EK_yw_2MF451J7aNpK344O_g63mHejX3UIHRN72Bb5f-mJN6AoOcbviwBvs1ET0F4YL-EsG2JnAZgxZMgZmOHyh03IcUy6W1wtPykosoa3FgOiru6vpXzHgD9QWrhEZHcgVcFM7YDx26uFSZ-4sqtQI8AHyFc4oG15e1yLNC42ifh2_umQKU9hHhTjrAeZVLAn5k6ZQ2n-hJ4Fml6yDU9mjroVMoJ5-atsRo3F8fP95Uqu-Ig3azg5p0wGQqqlEbscN0d1xCfwvbQRI6Se2wrksu2e1enE6WEQxACQ6e3tJLlee2tr96OYKsohfDiANhdlRyx6LNajpW9WwKSF2AuKqgURXzp6q6BarC3FE7QS1abKVx3XihMMMLfulVqnPd27jfYGNOdMDR1CgIM1xj4upnWLQL84DVwh85y0LOPBmnggGpmGLElkmBVTAjPDeyUbQaT30enuy3DFJ8sv0nJzT3arXXHuXeNcGe8XBkrZvTZlbQpw23a2VIeHv0N8QUs8aHYLxNJ3AorzTTCFXWTg8VblG8aQI0PNyrHBUNry-ChA7RJ-6EMHz6mJj13-YUkvHC78VtDf3keVIApLgP5sgQ42sfARMvPYNkRiJfZq_fpvAL8CNCHxla-UB_n_U1DkHVahlkl2tfJk6Szr1GA91DhN-io8OwdzwdGlGBjiBYpooNklHCAlEsQTT4_BJ40H5ssaNdEarxqqwybfNkghrAKOL5OKn9UoyZrk5gZ3t0oA"}
formSubmissionId = BR98UVZSI-1766987912811
fullURL = https://www-dev.broadridge.com/press-release/2012/matrix-enhances-retiretoolkit-offering
page comparison URL = https://www-dev.broadridge.com/press-release/2012/matrix-enhances-retiretoolkit-offering
................Header Contact Us Form Filled...................
V2 ContactUs form NOT found on the bottom
V2 Download form NOT found on the bottom
no cookie button
header ContactUs button found = true
emailTimeStamp = automated_TESTTEST_2025-12-29_05_59_11@broadridge.com
📤 Form payload = {"formSubmissionId":"","elqFormName":"","elqSiteID":"","datalayerheader":"","contact":"","formgtm":"","elqCustomerGUID":"","elqCookieWrite":"","segment":"consumer-finance","name_first":"First_32986_TESTTEST","name_last":"Last_32986_TESTTEST","email_work":"automated_TESTTEST_2025-12-29_05_59_11@broadridge.com","phone_business":"999-999-9999","job_title":"Job_32986_TESTTEST","Company":"Company_32986_TESTTEST","country":"United States","comment":"This is an automated test submission. Please ignore.","id":"","so":"","di":"","ct":"","ep":"","ot":"","mt":"","yr":"","rg":"","on":"","sub-source":"","campaignMostRecentID":"","content-id":"","orig-channel":"","campaign-name":"","campaignMostRecentName":"","campaignMostRecentSource":"","campaignMostRecentMedium":"","campaignMostRecentContent":"","campaignMostRecentTerm":"","campaignMostRecentContentID":"","campaignMostRecentSubSource":"","Persistent_utm_medium":"","Persistent_utm_source":"","Persistent_utm_term":"","Persistent_utm_campaign":"","Persistent_Sub_Source":"","Persistent_Content_ID":"","Persistent_Campaign_ID":"","Persistent_utm_content":"","Session_utm_medium":"","Session_utm_source":"","Session_utm_term":"","Session_utm_campaign":"","Session_Sub_Source":"","Session_Content_ID":"","Session_Campaign_ID":"701RN00000RbnVLYAZ","Session_utm_content":"","inquiry":"","fullURL":"https://www-dev.broadridge.com/podcast/reimagining-communications-with-matt-swain","page_id":"62905","page_campaign_id":"0","ecid":"","elqCampaignId":"","Formmodel":"flyout","Pagetype":"","g-recaptcha-response":"0cAFcWeA4nC9HjzwDrU2JtxsAL4s06UvS39a5oZYY9DlnjuJhfRvaTGem9XvgoRmuBu3TuvLAojuGzRUHF-UsBfQOPjOiNn8z95Dq-ONRjXFgnjFi71h_ZheJDo2oQkP2zOdwdfFCObYozfu_ELAT3_FqkZOEBxOocO_3FDCtoujSW6_oIBriWVZc7iHqpWkYKFsc7VfNljYAPOpQEsPxriA5h6UU3YW-iI0ERbasKPqqWbw8Tz2-A9-CU6DxiD3gDJaLvU6FH2AvCBMC7menvBu3FzjzO59zZwk23VDZJDpyp_3WucxkvE-cmT0zQFvQKwKhDqU5XEjXwVdpIYu3_qzj1v9I9rkfI_wQ6sB3kzFKgXNrWSkx3YMQxpEA9FPam6k-RIqMRFx9S4nG9BX6EWTlxnCn0tKKEm42eOm-oSd5Nq_vwf_pviAlIS8KYaXZL3KiTwwJJS9E9agFqxmHcjxwQTIdiWJeQNstV0QBI7nPC1jSNMrnfUJ0WrWTnsoyZujz_dt3ZQQevOpgUdtn-VD0Y-m1EXXPLp08kr-dmXHc-O-_ox5EY0cMpHRoqsLxN5CGbFHa6EWmewQ-HNdSTSRxExoMw57RVM1b4Xw0cv4UuRbuVA6XZcVbufeymJQVMcbYRnq4q6QSnnIW_kvaJ31wmiOysRxRdfokoKH7bN5ABTzk-w4hFCLgxXBfGxIPhQRvo6F53rC2zJ5u5wB0tinQBQY-0LHOyj8tEW3bZMe8YKQ4uyA7fUC8dHpIk5gWZELlUMFCQf0RzRiwq5JZn6giDXoJk3EGh0mPCuvvNeA93oZxTesIM1yh6_gbqSnky64oO2jVhdd4xLAHTjhSat_Fvs17Z7OPG6NJR_TfekNrK2jrdk7EP26X7F-UAz1tdRr-LTj5T3N4dtKh6Pk09kR28E3g5Sbh0ggseCXBVoSRem41e2XR5CIiRMB5w_6g_2mdrvWBeFyQKtFhuA6MH5cgkESzsBrYUJ5mPm1mEfToz7r-gls2YXGk292GQozST01jk-p3r3jFHUyukDaaesa8Ws0Ii4VKNBmPv18Azy3rHRsOjEFxHRRj1YfLniv3RhjAylQTe-WZoI2RIbbymgBbekzvWiazrVwf7AEBOVwYRdUGe_2hHwGkAgmfF38q_v3Xmic6lM79w1NCReBYxT_kZ7si3Oo1bv6D_z8APZCxKqyUO2aNZ1umQ3X9Bsj3jC5H5hDJby0ouVbf7er6vCyDRa01wkb_fBcN3uAup372owXMDV_ihsq9dHwiF1feGLDrrwxyrJE5mjCAhSk_D_cvaT1IQe3cZzxhfuyjUUaRPkokP5v3hym6Pp2KanWoCV85ZixpNSN6jr3SkUBHTdAFmJWWzxi65iaw7oVNo5rW-x-JmBqZj8l7mviLzIQH1RBGRNf3_M5HenrfgXNeggydIYE0o4-UDEp6hVKSTM0VSmmyZ34mNt0plP1wUAnguYadkWQNInQmczvSI5XCdFpxrzZRFkY82IQZAwVhwTBcoGX5WJn0rqs7lRa3GXKdGgi9uIFG_RFxbathVum-F0EovL9hA5_FF7WatfnPzMODOxOmS7N28eogyvkr4IWuYxCR6F46Uyxajr6A3Ol1VjoD5tfPae6TEa623V7BgO4ZTh3XwpH8GlRE"}
form message = Something went wrong with our form submission. Please try again.
formpayload for validation = {"formSubmissionId":"","elqFormName":"","elqSiteID":"","datalayerheader":"","contact":"","formgtm":"","elqCustomerGUID":"","elqCookieWrite":"","segment":"consumer-finance","name_first":"First_32986_TESTTEST","name_last":"Last_32986_TESTTEST","email_work":"automated_TESTTEST_2025-12-29_05_59_11@broadridge.com","phone_business":"999-999-9999","job_title":"Job_32986_TESTTEST","Company":"Company_32986_TESTTEST","country":"United States","comment":"This is an automated test submission. Please ignore.","id":"","so":"","di":"","ct":"","ep":"","ot":"","mt":"","yr":"","rg":"","on":"","sub-source":"","campaignMostRecentID":"","content-id":"","orig-channel":"","campaign-name":"","campaignMostRecentName":"","campaignMostRecentSource":"","campaignMostRecentMedium":"","campaignMostRecentContent":"","campaignMostRecentTerm":"","campaignMostRecentContentID":"","campaignMostRecentSubSource":"","Persistent_utm_medium":"","Persistent_utm_source":"","Persistent_utm_term":"","Persistent_utm_campaign":"","Persistent_Sub_Source":"","Persistent_Content_ID":"","Persistent_Campaign_ID":"","Persistent_utm_content":"","Session_utm_medium":"","Session_utm_source":"","Session_utm_term":"","Session_utm_campaign":"","Session_Sub_Source":"","Session_Content_ID":"","Session_Campaign_ID":"701RN00000RbnVLYAZ","Session_utm_content":"","inquiry":"","fullURL":"https://www-dev.broadridge.com/podcast/reimagining-communications-with-matt-swain","page_id":"62905","page_campaign_id":"0","ecid":"","elqCampaignId":"","Formmodel":"flyout","Pagetype":"","g-recaptcha-response":"0cAFcWeA4nC9HjzwDrU2JtxsAL4s06UvS39a5oZYY9DlnjuJhfRvaTGem9XvgoRmuBu3TuvLAojuGzRUHF-UsBfQOPjOiNn8z95Dq-ONRjXFgnjFi71h_ZheJDo2oQkP2zOdwdfFCObYozfu_ELAT3_FqkZOEBxOocO_3FDCtoujSW6_oIBriWVZc7iHqpWkYKFsc7VfNljYAPOpQEsPxriA5h6UU3YW-iI0ERbasKPqqWbw8Tz2-A9-CU6DxiD3gDJaLvU6FH2AvCBMC7menvBu3FzjzO59zZwk23VDZJDpyp_3WucxkvE-cmT0zQFvQKwKhDqU5XEjXwVdpIYu3_qzj1v9I9rkfI_wQ6sB3kzFKgXNrWSkx3YMQxpEA9FPam6k-RIqMRFx9S4nG9BX6EWTlxnCn0tKKEm42eOm-oSd5Nq_vwf_pviAlIS8KYaXZL3KiTwwJJS9E9agFqxmHcjxwQTIdiWJeQNstV0QBI7nPC1jSNMrnfUJ0WrWTnsoyZujz_dt3ZQQevOpgUdtn-VD0Y-m1EXXPLp08kr-dmXHc-O-_ox5EY0cMpHRoqsLxN5CGbFHa6EWmewQ-HNdSTSRxExoMw57RVM1b4Xw0cv4UuRbuVA6XZcVbufeymJQVMcbYRnq4q6QSnnIW_kvaJ31wmiOysRxRdfokoKH7bN5ABTzk-w4hFCLgxXBfGxIPhQRvo6F53rC2zJ5u5wB0tinQBQY-0LHOyj8tEW3bZMe8YKQ4uyA7fUC8dHpIk5gWZELlUMFCQf0RzRiwq5JZn6giDXoJk3EGh0mPCuvvNeA93oZxTesIM1yh6_gbqSnky64oO2jVhdd4xLAHTjhSat_Fvs17Z7OPG6NJR_TfekNrK2jrdk7EP26X7F-UAz1tdRr-LTj5T3N4dtKh6Pk09kR28E3g5Sbh0ggseCXBVoSRem41e2XR5CIiRMB5w_6g_2mdrvWBeFyQKtFhuA6MH5cgkESzsBrYUJ5mPm1mEfToz7r-gls2YXGk292GQozST01jk-p3r3jFHUyukDaaesa8Ws0Ii4VKNBmPv18Azy3rHRsOjEFxHRRj1YfLniv3RhjAylQTe-WZoI2RIbbymgBbekzvWiazrVwf7AEBOVwYRdUGe_2hHwGkAgmfF38q_v3Xmic6lM79w1NCReBYxT_kZ7si3Oo1bv6D_z8APZCxKqyUO2aNZ1umQ3X9Bsj3jC5H5hDJby0ouVbf7er6vCyDRa01wkb_fBcN3uAup372owXMDV_ihsq9dHwiF1feGLDrrwxyrJE5mjCAhSk_D_cvaT1IQe3cZzxhfuyjUUaRPkokP5v3hym6Pp2KanWoCV85ZixpNSN6jr3SkUBHTdAFmJWWzxi65iaw7oVNo5rW-x-JmBqZj8l7mviLzIQH1RBGRNf3_M5HenrfgXNeggydIYE0o4-UDEp6hVKSTM0VSmmyZ34mNt0plP1wUAnguYadkWQNInQmczvSI5XCdFpxrzZRFkY82IQZAwVhwTBcoGX5WJn0rqs7lRa3GXKdGgi9uIFG_RFxbathVum-F0EovL9hA5_FF7WatfnPzMODOxOmS7N28eogyvkr4IWuYxCR6F46Uyxajr6A3Ol1VjoD5tfPae6TEa623V7BgO4ZTh3XwpH8GlRE"}
formSubmissionId = 
[...]
form message = Thank you for your interest in Broadridge.
A representative will contact you within 24 business hours.
formpayload for validation = {"formSubmissionId":"BRZ8Z683O-1766988260861","elqFormName":"","elqSiteID":"","datalayerheader":"","contact":"","formgtm":"","elqCustomerGUID":"","elqCookieWrite":"","segment":"","name_first":"First_32986_TESTTEST","name_last":"Last_32986_TESTTEST","email_work":"automated_TESTTEST_2025-12-29_06_04_18@broadridge.com","phone_business":"999-999-9999","job_title":"Job_32986_TESTTEST","Company":"Company_32986_TESTTEST","country":"United States","comment":"This is an automated test submission.  Please ignore.","id":"","so":"","di":"","ct":"","ep":"","ot":"","mt":"","yr":"","rg":"","on":"","sub-source":"","campaignMostRecentID":"","content-id":"","orig-channel":"","campaign-name":"","campaignMostRecentName":"","campaignMostRecentSource":"","campaignMostRecentMedium":"","campaignMostRecentContent":"","campaignMostRecentTerm":"","campaignMostRecentContentID":"","campaignMostRecentSubSource":"","Persistent_utm_medium":"","Persistent_utm_source":"","Persistent_utm_term":"","Persistent_utm_campaign":"","Persistent_Sub_Source":"","Persistent_Content_ID":"","Persistent_Campaign_ID":"","Persistent_utm_content":"","Session_utm_medium":"","Session_utm_source":"","Session_utm_term":"","Session_utm_campaign":"","Session_Sub_Source":"","Session_Content_ID":"","Session_Campaign_ID":"701RN00000RbnVLYAZ","Session_utm_content":"","inquiry":"Gen Enq","fullURL":"https://www-dev.broadridge.com/legal/broadridge-uk-tax-strategy","page_id":"180366","page_campaign_id":"","ecid":"","elqCampaignId":"","Formmodel":"flyout","Pagetype":"Insights Article","g-recaptcha-response":"0cAFcWeA4DTuQZEmKjqwIUl3_C2rInVeHZz-ogajABFjZYk713ZCAplXdQJyWlOnTSsXaBZZa_ZsIFXAa-Q0LIOvgoL-JR9vxsE03aPQvbUg01PxTXumm_kAG_EZTEpaVvDnHBejBTtr6eMGD5kayfmj1cB-j0U1YM8eGyRgf3lQqN_Lh4aGupA2lQ0kROjKP_Tb-cK2tJg-3HtFQ0q6ivpcaGVhYFgSBS_X9q8-o37s76BOJpOgbSeegwspb98OCgsypz4XvuWy2rTq0AqiOWeSz38C1bqSkYy6YbxC7D0NLawzcSETNPaz4dFWtQQT7C0SK8SlpaTeUTpLNwe10m7hoOyt4iMTAi9uzFO3dtaM-4XqoA3-IzWqtC9logYn1-gYmKnWfzkT3ZO6fDjLKm-MWHawYfDJE1k1P2zlJ9xynKnmfAgCFMQkRZQMplXx0Sczv-adhuLeG1QFvFI78XPqBSLMu_8QsYWEkX7qxqn2hHAvRdjTmun4irPQQSsJzbAv5rNIG8TkTZFMaOghZta7WwDrkK1ZkYKlLGPpkeZy3xwyqeT7g1kINvN9FT8Sh0N5BWo3TSdg4u5RvCLJprLrBL-D0UCCJY93k_5CD6XYdVKSoS1Ro0Pk4UcCR42RFKHJogDrptvSkKqx6L7xVRxkxQ0S0_V8QaGiR-0ILbWFQxWUmBqgB9MGOv3mpa24-yS1TTYyFjKhKJGH1cD6gjqj3A6EJyNy0P73_5XNalz9mM3-oC-mr8QTqTBj7yU7sTziVhAeK6GXuOfcP9BqsHWgkl4XyQ4FtCVLlL5H_MenU7fjIGMHL2tiJV72Z_JS6gQGXa0lgAS89ww8CgKskLjdECfjPNk9CkD_g5rWwdZ6cYcOC7m2dWkyMhIqzBiSF2F1fbcudOEc9qnWEfrVEGn4b2aHxVYyB1oXqVc49fa4fiwG_vypx1uBo_VKvkAi-wlPD9W2DbXTlWqjD7IU5sC0fa18IZ8nnKAK8RuXA7bHW2sKJAMKwjYRB2zlIgbUcz2JOsEZsbPjNRbsxyBErf6Ff41EPoGIqk_uerJQrEIo5-6R5nlTQ3cSy42O7ulWvPw5GORkBfvCj4a1WYC7DLKzv2ZJc-iuGowpddMEFeQPUixaTqSQ2LjlilAEG5g2A2GLie1mMHwfVy-gyoMoqn761oCVvSY1SIx_fOAIVwiHvpcbjVWuZMBpYwj37JlvjJkJw3MeMJWvLc2Y_9IcZBZNdSe-8lQswAqbTIubHeHvTenUwvuzwVW-8MaJkx9YYoMX2vtMmHH8xj735efyJDmtGsWP3px4_L3Ft1wOrDpcPuC1EM-mBPRst2QFV13TSW4Y-Hi0AZviEzx1QFfRJvQLH574RTTC4qy4BAjvbLuUSK8IlJwsdL6Ps60V9C2fB9z_tmZO5OjlCQCYjoXE67Edcz2hy33qUAjqPgXcnwuxNBaNU5bNj4lUI7sYfW1FMgcOP30cFQLLh51ICgAd6wMDHv5of-ULwUuuub3xMLe4v-B_PDUMK9oCIgIDLk2hWUvXXcgewzjYPzzJLwyV1SY7bUBH0PbmywTId9FzvhM5ijd1eDwXORnad4TU8XqyfJBO__Aocv3LhKkgMKxv5Pc97JKx4iSV1dlIgeKxQ7lrhZIDYwuqZ6mlc"}
formSubmissionId = BRZ8Z683O-1766988260861
fullURL = https://www-dev.broadridge.com/legal/broadridge-uk-tax-strategy
page comparison URL = https://www-dev.broadridge.com/legal/broadridge-uk-tax-strategy
................Header Contact Us Form Filled...................
V2 ContactUs form NOT found on the bottom
V2 Download form NOT found on the bottom
no cookie button
header ContactUs button found = true
emailTimeStamp = automated_TESTTEST_2025-12-29_06_04_58@broadridge.com
📤 Form payload = {"formSubmissionId":"BRFQFZJQ5-1766988301945","elqFormName":"","elqSiteID":"","datalayerheader":"","contact":"","formgtm":"","elqCustomerGUID":"","elqCookieWrite":"","segment":"","name_first":"First_32986_TESTTEST","name_last":"Last_32986_TESTTEST","email_work":"automated_TESTTEST_2025-12-29_06_04_58@broadridge.com","phone_business":"999-999-9999","job_title":"Job_32986_TESTTEST","Company":"Company_32986_TESTTEST","country":"United States","comment":"This is an automated test submission.  Please ignore.","id":"","so":"","di":"","ct":"","ep":"","ot":"","mt":"","yr":"","rg":"","on":"","sub-source":"","campaignMostRecentID":"","content-id":"","orig-channel":"","campaign-name":"","campaignMostRecentName":"","campaignMostRecentSource":"","campaignMostRecentMedium":"","campaignMostRecentContent":"","campaignMostRecentTerm":"","campaignMostRecentContentID":"","campaignMostRecentSubSource":"","Persistent_utm_medium":"","Persistent_utm_source":"","Persistent_utm_term":"","Persistent_utm_campaign":"","Persistent_Sub_Source":"","Persistent_Content_ID":"","Persistent_Campaign_ID":"","Persistent_utm_content":"","Session_utm_medium":"","Session_utm_source":"","Session_utm_term":"","Session_utm_campaign":"","Session_Sub_Source":"","Session_Content_ID":"","Session_Campaign_ID":"701RN00000RbnVLYAZ","Session_utm_content":"","inquiry":"Gen Enq","fullURL":"https://www-dev.broadridge.com/insight-pages/broadridge-insights","page_id":"182713","page_campaign_id":"","ecid":"","elqCampaignId":"","Formmodel":"flyout","Pagetype":"Insights Front","g-recaptcha-response":"0cAFcWeA4TgHi0AaF35xzYSnlmy7GJSs2puyUX-7y4JM5bmY-z-oz25sheZAp_hp9D8gx0yxbr4w-gD7cxuV0s1LR0RAumTyPcObuGKhUuDUmTHlCoNt3Km1ssfKNwXIQet_Yodgq6dnd3bkAhVxMEfZbHswOrVrhxThv9OUvbSJVpkcBT3E--ol_1bhvKRdUq0qKoEHBnnv8OrKeUmaPPiPOZnyiG80TxPoPEOtgc-9ukfBzWowGHCA46oY5_68lgjfzLaiHx21qJPdCzQctobWly1_8eEYMkeT8F7qA7pMLnZrAkCcsqZcNB_9Xnz4DLJqNOzmkfjGBV9fVMRx5Bqv7ssynHQcMcR1kc8rSshTsRLTPOv7btQsYfAOOjD2vgpfn873RUkRR7L7hSLZme3pIQ3fQTcGitoN_0vvtXw4Y95Egk9Y8M4TDOW19CEn68_RXTAokZh34zqnG01Rnx7xxkGVrExPPkR9fWSMYjodEYi9Z4eICKstajuvaGPtQjYOjdDZ0i7QgLm1t7LHdWWILwxocFs1rWrxdwZkkIoxSS9ie9U_-QAnCtQrrFByZPZZfbltDFoF5TLMBfSAUSJ3uBkASno3fWqG_CpRAvKiH--UG0I_d6sD-8q45Cw7v85VBP8h-tJi45CQGb48mOW-7wmHEF8stNWBUt9nEQT5Jg1HMbn-YFzQkxj4tY4LN3w8X7zGb7V9gux7l4J_NR65pSrcFPiT87W1soAf9xTxG4CZ4OFTzD8UeiMEiBBAfU7Iats-BZjpLfSCk5aKdhz8gmqCf_SaVwkGHeLftrd7ykpNGsvHtTRJ9LIpF0xAd4OGab4vIKMsCjrb9XnbicQPMZhhOq_U5Jx5dkJwmrgXA-HFgaNtwdvEBPACf0m8Y53YP7i4RnzYaIz_NB2UC6m-mW7px436Vdvt0M9_WCwogjB-y0iHHXhwWKYYr0qZsJ3xVsLP8Ns4RmftYYNJRe8x2fb1jPneVw0Ef8khht5cFrRZA6Zl6Z8rHgJpahvW3JH7rkr5tuo65tOFqm6mUhyFVJF8AE9-6GlAvkF_3m5w9RlQpJaUn0bvyMfZSJskd8z4NR0bykc17EZQxPEYkARwGo1uduImI5RumyGZRMJDYeJjWr9-dOhXhhXGMRj63aPBeHfgJsEio1nEaS7nbwCaG2Pi8obV1fYqJme6beWctfUKLm2FlGozccGLBKMGIjA1io5t4hPorEhqNo8HtymHvqdgKtdkimP33pDv8d1Fz0mJBnkRymZf_IEqDuteC2GOjANVr1SujD3Z7Ss6Nl0N4fBPEjCDU0WyHhh148vRwKA8sorjwncbKhwOm4L4EBgye0WZpvr_jpnJJ8L2oGm3wW8dF87uBG-ekmeHVV8FqZNXDLM2Y3vA_8eDQeuJZxkXI-94jvcwP9q8_zieelJ8UVvNx9YEhoWMLUDEQ5JitAmHjRNtjN0irb0YBg7R7UmWJ7i2bzKSZNLXjA2eoP4J3YmlWOfy_xowZRNRCLI0EgqVxZsloVRy1KUfOX89duBBolHwS5P-cVrBhZnDNeatCG87VEKAxwLNVYaObUcvBmSHynDfiTpxa01E4B7XRmWxc6wFuXNDD-HVDzjH5R_vqDeR_DtcycmA"}
form message = Thank you for your interest in Broadridge.
A representative will contact you within 24 business hours.
formpayload for validation = {"formSubmissionId":"BRFQFZJQ5-1766988301945","elqFormName":"","elqSiteID":"","datalayerheader":"","contact":"","formgtm":"","elqCustomerGUID":"","elqCookieWrite":"","segment":"","name_first":"First_32986_TESTTEST","name_last":"Last_32986_TESTTEST","email_work":"automated_TESTTEST_2025-12-29_06_04_58@broadridge.com","phone_business":"999-999-9999","job_title":"Job_32986_TESTTEST","Company":"Company_32986_TESTTEST","country":"United States","comment":"This is an automated test submission.  Please ignore.","id":"","so":"","di":"","ct":"","ep":"","ot":"","mt":"","yr":"","rg":"","on":"","sub-source":"","campaignMostRecentID":"","content-id":"","orig-channel":"","campaign-name":"","campaignMostRecentName":"","campaignMostRecentSource":"","campaignMostRecentMedium":"","campaignMostRecentContent":"","campaignMostRecentTerm":"","campaignMostRecentContentID":"","campaignMostRecentSubSource":"","Persistent_utm_medium":"","Persistent_utm_source":"","Persistent_utm_term":"","Persistent_utm_campaign":"","Persistent_Sub_Source":"","Persistent_Content_ID":"","Persistent_Campaign_ID":"","Persistent_utm_content":"","Session_utm_medium":"","Session_utm_source":"","Session_utm_term":"","Session_utm_campaign":"","Session_Sub_Source":"","Session_Content_ID":"","Session_Campaign_ID":"701RN00000RbnVLYAZ","Session_utm_content":"","inquiry":"Gen Enq","fullURL":"https://www-dev.broadridge.com/insight-pages/broadridge-insights","page_id":"182713","page_campaign_id":"","ecid":"","elqCampaignId":"","Formmodel":"flyout","Pagetype":"Insights Front","g-recaptcha-response":"0cAFcWeA4TgHi0AaF35xzYSnlmy7GJSs2puyUX-7y4JM5bmY-z-oz25sheZAp_hp9D8gx0yxbr4w-gD7cxuV0s1LR0RAumTyPcObuGKhUuDUmTHlCoNt3Km1ssfKNwXIQet_Yodgq6dnd3bkAhVxMEfZbHswOrVrhxThv9OUvbSJVpkcBT3E--ol_1bhvKRdUq0qKoEHBnnv8OrKeUmaPPiPOZnyiG80TxPoPEOtgc-9ukfBzWowGHCA46oY5_68lgjfzLaiHx21qJPdCzQctobWly1_8eEYMkeT8F7qA7pMLnZrAkCcsqZcNB_9Xnz4DLJqNOzmkfjGBV9fVMRx5Bqv7ssynHQcMcR1kc8rSshTsRLTPOv7btQsYfAOOjD2vgpfn873RUkRR7L7hSLZme3pIQ3fQTcGitoN_0vvtXw4Y95Egk9Y8M4TDOW19CEn68_RXTAokZh34zqnG01Rnx7xxkGVrExPPkR9fWSMYjodEYi9Z4eICKstajuvaGPtQjYOjdDZ0i7QgLm1t7LHdWWILwxocFs1rWrxdwZkkIoxSS9ie9U_-QAnCtQrrFByZPZZfbltDFoF5TLMBfSAUSJ3uBkASno3fWqG_CpRAvKiH--UG0I_d6sD-8q45Cw7v85VBP8h-tJi45CQGb48mOW-7wmHEF8stNWBUt9nEQT5Jg1HMbn-YFzQkxj4tY4LN3w8X7zGb7V9gux7l4J_NR65pSrcFPiT87W1soAf9xTxG4CZ4OFTzD8UeiMEiBBAfU7Iats-BZjpLfSCk5aKdhz8gmqCf_SaVwkGHeLftrd7ykpNGsvHtTRJ9LIpF0xAd4OGab4vIKMsCjrb9XnbicQPMZhhOq_U5Jx5dkJwmrgXA-HFgaNtwdvEBPACf0m8Y53YP7i4RnzYaIz_NB2UC6m-mW7px436Vdvt0M9_WCwogjB-y0iHHXhwWKYYr0qZsJ3xVsLP8Ns4RmftYYNJRe8x2fb1jPneVw0Ef8khht5cFrRZA6Zl6Z8rHgJpahvW3JH7rkr5tuo65tOFqm6mUhyFVJF8AE9-6GlAvkF_3m5w9RlQpJaUn0bvyMfZSJskd8z4NR0bykc17EZQxPEYkARwGo1uduImI5RumyGZRMJDYeJjWr9-dOhXhhXGMRj63aPBeHfgJsEio1nEaS7nbwCaG2Pi8obV1fYqJme6beWctfUKLm2FlGozccGLBKMGIjA1io5t4hPorEhqNo8HtymHvqdgKtdkimP33pDv8d1Fz0mJBnkRymZf_IEqDuteC2GOjANVr1SujD3Z7Ss6Nl0N4fBPEjCDU0WyHhh148vRwKA8sorjwncbKhwOm4L4EBgye0WZpvr_jpnJJ8L2oGm3wW8dF87uBG-ekmeHVV8FqZNXDLM2Y3vA_8eDQeuJZxkXI-94jvcwP9q8_zieelJ8UVvNx9YEhoWMLUDEQ5JitAmHjRNtjN0irb0YBg7R7UmWJ7i2bzKSZNLXjA2eoP4J3YmlWOfy_xowZRNRCLI0EgqVxZsloVRy1KUfOX89duBBolHwS5P-cVrBhZnDNeatCG87VEKAxwLNVYaObUcvBmSHynDfiTpxa01E4B7XRmWxc6wFuXNDD-HVDzjH5R_vqDeR_DtcycmA"}
formSubmissionId = BRFQFZJQ5-1766988301945
fullURL = https://www-dev.broadridge.com/insight-pages/broadridge-insights
page comparison URL = https://www-dev.broadridge.com/webinar/webinar-program
..........!!!...Filling the form failed...!!!........
................Header Contact Us Form Filled...................
v2 ContactUs form found on the bottom = false
V2 ContactUs form NOT found on the bottom
V2 Download form NOT found on the bottom
no cookie button
header ContactUs button found = true
emailTimeStamp = automated_TESTTEST_2025-12-29_06_05_42@broadridge.com
📤 Form payload = {"formSubmissionId":"","elqFormName":"","elqSiteID":"","datalayerheader":"","contact":"","formgtm":"","elqCustomerGUID":"","elqCookieWrite":"","segment":"asset-management","name_first":"First_32986_TESTTEST","name_last":"Last_32986_TESTTEST","email_work":"automated_TESTTEST_2025-12-29_06_05_42@broadridge.com","phone_business":"999-999-9999","job_title":"Job_32986_TESTTEST","Company":"Company_32986_TESTTEST","country":"United States","comment":"This is an automated test submission. Please ignore.","id":"","so":"","di":"","ct":"","ep":"","ot":"","mt":"","yr":"","rg":"","on":"","sub-source":"","campaignMostRecentID":"","content-id":"","orig-channel":"","campaign-name":"","campaignMostRecentName":"","campaignMostRecentSource":"","campaignMostRecentMedium":"","campaignMostRecentContent":"","campaignMostRecentTerm":"","campaignMostRecentContentID":"","campaignMostRecentSubSource":"","Persistent_utm_medium":"","Persistent_utm_source":"","Persistent_utm_term":"","Persistent_utm_campaign":"","Persistent_Sub_Source":"","Persistent_Content_ID":"","Persistent_Campaign_ID":"","Persistent_utm_content":"","Session_utm_medium":"","Session_utm_source":"","Session_utm_term":"","Session_utm_campaign":"","Session_Sub_Source":"","Session_Content_ID":"","Session_Campaign_ID":"701RN00000RbnVLYAZ","Session_utm_content":"","inquiry":"","fullURL":"https://www-dev.broadridge.com/report/asset-management/tailored-shareholder-reports","page_id":"130411","page_campaign_id":"639ca36f01b0d5c80e77c6108137c4c5","ecid":"","elqCampaignId":"","Formmodel":"flyout","Pagetype":"","g-recaptcha-response":"0cAFcWeA4v_Y22dQeI3bsJtUGpHcsH_6dnwyK0gYaLGyho7GfGXnfAaZC0L8FMG6maE2W7rYEzK0vvzhriWaG1MJC8731Y-xcMftZFyPYP9MeGVAieANDBbczvfPMuHygGt8EDMZJ_nhDZb1QNTeP6xAnUek1siVp6vj4yol7fO9Dx46qvue7Rek336xIu71DOQqwGFwPMQDm-9LvdmGGlNTwaFatUEpT-M85gvbxIV3B7GrWCZRP2CaW_8dlwfGZfyh0acnxUrs4RgX64Q_XFZ3AAGTecFOOULBKLq9Y_54yhIEElQAPB6-ptRdxWBQYQk8UlnhsbTASHFuHiQLKLwA16aD_BNGMKgt0R7fkSyHtQgkKpAS8JSfaNnOdBXKeOk6cQQp03o0iZ-YeSW2XhzOGXVYskERtXKaE7O0OPlBigHOCbdeVpxsdhfSkWSXBFz_oJjdCFx52OHBtyorHIcC6PKFotHrxFWrcV4LKIzQ5dyRiozpQEZExqolwIqhHuSnP4LIRJzSyPhKdvv3dtyJcnK6ttnevq76cT-99ZI4Pfm5n2uIDFACHNaZepOilMr6heKpcHLx2z-tI-_TkN4SyLzi6kaDJdO5ImW4hvhTeExvCML1KBjL6k_KVlmjIGCq1nZ_mQt-4bfa4te86yx7U1OkO4kAZlKtKs2PcXYlowy2VJqmCT9cgpt6Hjrz6DpFhhQRXmnaVXw7gt7B5DnZDm19L98_BrZuPpqttTYrmM-m_-LE0mrdiffQzGxVxsZkgTSreB7f-GnjC58Hg_ECnzed5Uccsxwl7G0OBZHqjCEBkWWOFrsiTb1U1VMb75bAl8RFT3uuuq5k-CMqBvKij4WO8YnOAo0u6xKcZGi5rOiUbNVdS6vEchIO5yjKDD0hg_iSIV9bfxxPFyKgByOu28ji7T2igdX_y61PX8krZtTtlBqpbMaHq6mNDzwfaOAL9DtorVvJtra5i6cNYWoOFgZ1U0-E9iwzUDasYe24REAnyul4PNkyP4t_mOGNsPO1zujE005OAwbRnwUNqgT7R6sa1Bl8B_sirMtaghMabguUzyHzUBbCi2Cw2PjaPmZi2q1rrlZ1JTj6YMVt3k2HUADc9gJ8rKUejUjDzJYRLqnHgdFPmwGsutP9K_Hkt1_OeWRBsJK6yt9VQZuHgC9WlLH8iCz2vhQdpLAi1em0qBDav61kD5u1Xb3MGtvcEayQqy0gKIi2YEltNMWUchbGdsUZuCQ08v2NfAw8Zt_0leoKcuKIe-EcVqZ8NnbF__0vYMh8F4Z8hwdsMiSzVgCNXni30QsmbPjS-D1ln3Ey1FkLwCiWtQi7ULfU8NZxWbeaqbX7fFAQI0PvAzOAzuImoW5SG41syFFStM1cQUGOQ1uf9qmzqR2R80vAGCbEaFhrNLfKFHIUZ9JnOZEMt-9bNLOf7zooCEfrD8ZG6xkLjrnscywA8dwIAEpKLgkQkiN9Y0-raDZDp2ZGmadkBHwmPtjOpvzIzr1WXWzgFDPcSuBUp1Th0edugSpKv_KYfJPx53Y8NwN3vkKGUObgVPKmqC_d-3fsQNPkwKYz8JKN_u8LZhSoem6udH0hkHa7d-AcGjakq_jMwCE0suhBaS-Fb-4fDtRo-_QA"}
form message = Something went wrong with our form submission. Please try again.
formpayload for validation = {"formSubmissionId":"","elqFormName":"","elqSiteID":"","datalayerheader":"","contact":"","formgtm":"","elqCustomerGUID":"","elqCookieWrite":"","segment":"asset-management","name_first":"First_32986_TESTTEST","name_last":"Last_32986_TESTTEST","email_work":"automated_TESTTEST_2025-12-29_06_05_42@broadridge.com","phone_business":"999-999-9999","job_title":"Job_32986_TESTTEST","Company":"Company_32986_TESTTEST","country":"United States","comment":"This is an automated test submission. Please ignore.","id":"","so":"","di":"","ct":"","ep":"","ot":"","mt":"","yr":"","rg":"","on":"","sub-source":"","campaignMostRecentID":"","content-id":"","orig-channel":"","campaign-name":"","campaignMostRecentName":"","campaignMostRecentSource":"","campaignMostRecentMedium":"","campaignMostRecentContent":"","campaignMostRecentTerm":"","campaignMostRecentContentID":"","campaignMostRecentSubSource":"","Persistent_utm_medium":"","Persistent_utm_source":"","Persistent_utm_term":"","Persistent_utm_campaign":"","Persistent_Sub_Source":"","Persistent_Content_ID":"","Persistent_Campaign_ID":"","Persistent_utm_content":"","Session_utm_medium":"","Session_utm_source":"","Session_utm_term":"","Session_utm_campaign":"","Session_Sub_Source":"","Session_Content_ID":"","Session_Campaign_ID":"701RN00000RbnVLYAZ","Session_utm_content":"","inquiry":"","fullURL":"https://www-dev.broadridge.com/report/asset-management/tailored-shareholder-reports","page_id":"130411","page_campaign_id":"639ca36f01b0d5c80e77c6108137c4c5","ecid":"","elqCampaignId":"","Formmodel":"flyout","Pagetype":"","g-recaptcha-response":"0cAFcWeA4v_Y22dQeI3bsJtUGpHcsH_6dnwyK0gYaLGyho7GfGXnfAaZC0L8FMG6maE2W7rYEzK0vvzhriWaG1MJC8731Y-xcMftZFyPYP9MeGVAieANDBbczvfPMuHygGt8EDMZJ_nhDZb1QNTeP6xAnUek1siVp6vj4yol7fO9Dx46qvue7Rek336xIu71DOQqwGFwPMQDm-9LvdmGGlNTwaFatUEpT-M85gvbxIV3B7GrWCZRP2CaW_8dlwfGZfyh0acnxUrs4RgX64Q_XFZ3AAGTecFOOULBKLq9Y_54yhIEElQAPB6-ptRdxWBQYQk8UlnhsbTASHFuHiQLKLwA16aD_BNGMKgt0R7fkSyHtQgkKpAS8JSfaNnOdBXKeOk6cQQp03o0iZ-YeSW2XhzOGXVYskERtXKaE7O0OPlBigHOCbdeVpxsdhfSkWSXBFz_oJjdCFx52OHBtyorHIcC6PKFotHrxFWrcV4LKIzQ5dyRiozpQEZExqolwIqhHuSnP4LIRJzSyPhKdvv3dtyJcnK6ttnevq76cT-99ZI4Pfm5n2uIDFACHNaZepOilMr6heKpcHLx2z-tI-_TkN4SyLzi6kaDJdO5ImW4hvhTeExvCML1KBjL6k_KVlmjIGCq1nZ_mQt-4bfa4te86yx7U1OkO4kAZlKtKs2PcXYlowy2VJqmCT9cgpt6Hjrz6DpFhhQRXmnaVXw7gt7B5DnZDm19L98_BrZuPpqttTYrmM-m_-LE0mrdiffQzGxVxsZkgTSreB7f-GnjC58Hg_ECnzed5Uccsxwl7G0OBZHqjCEBkWWOFrsiTb1U1VMb75bAl8RFT3uuuq5k-CMqBvKij4WO8YnOAo0u6xKcZGi5rOiUbNVdS6vEchIO5yjKDD0hg_iSIV9bfxxPFyKgByOu28ji7T2igdX_y61PX8krZtTtlBqpbMaHq6mNDzwfaOAL9DtorVvJtra5i6cNYWoOFgZ1U0-E9iwzUDasYe24REAnyul4PNkyP4t_mOGNsPO1zujE005OAwbRnwUNqgT7R6sa1Bl8B_sirMtaghMabguUzyHzUBbCi2Cw2PjaPmZi2q1rrlZ1JTj6YMVt3k2HUADc9gJ8rKUejUjDzJYRLqnHgdFPmwGsutP9K_Hkt1_OeWRBsJK6yt9VQZuHgC9WlLH8iCz2vhQdpLAi1em0qBDav61kD5u1Xb3MGtvcEayQqy0gKIi2YEltNMWUchbGdsUZuCQ08v2NfAw8Zt_0leoKcuKIe-EcVqZ8NnbF__0vYMh8F4Z8hwdsMiSzVgCNXni30QsmbPjS-D1ln3Ey1FkLwCiWtQi7ULfU8NZxWbeaqbX7fFAQI0PvAzOAzuImoW5SG41syFFStM1cQUGOQ1uf9qmzqR2R80vAGCbEaFhrNLfKFHIUZ9JnOZEMt-9bNLOf7zooCEfrD8ZG6xkLjrnscywA8dwIAEpKLgkQkiN9Y0-raDZDp2ZGmadkBHwmPtjOpvzIzr1WXWzgFDPcSuBUp1Th0edugSpKv_KYfJPx53Y8NwN3vkKGUObgVPKmqC_d-3fsQNPkwKYz8JKN_u8LZhSoem6udH0hkHa7d-AcGjakq_jMwCE0suhBaS-Fb-4fDtRo-_QA"}
formSubmissionId = 
fullURL = https://www-dev.broadridge.com/report/asset-management/tailored-shareholder-reports
page comparison URL = https://www-dev.broadridge.com/report/asset-management/tailored-shareholder-reports
..........!!!...Filling the form failed...!!!........
................Header Contact Us Form Filled...................
V2 ContactUs form NOT found on the bottom
V2 Download form NOT found on the bottom
]]></system-out>
    <system-err><![CDATA[SLF4J(W): No SLF4J providers were found.
SLF4J(W): Defaulting to no-operation (NOP) logger implementation
SLF4J(W): See https://www.slf4j.org/codes.html#noProviders for further details.
Dec 29, 2025 5:52:21 AM org.openqa.selenium.devtools.CdpVersionFinder findNearestMatch
WARNING: Unable to find an exact match for CDP version 143, returning the closest version; found: 140; Please update to a Selenium version that supports CDP version 143
]]></system-err>
  </testcase>
</testsuite>