<?xml version="1.0" encoding="UTF-8"?>
<testsuite xmlns:xsi="http://www.w3.org/2001/XMLSchema-instance" xsi:noNamespaceSchemaLocation="https://maven.apache.org/surefire/maven-surefire-plugin/xsd/surefire-test-report-3.0.xsd" version="3.0" name="TestSuite" time="843.562" tests="1" errors="0" skipped="0" failures="0">
  <properties>
[...]
</properties>
  <testcase name="formTest" classname="com.broadridge.Tests" time="842.937">
    <system-out><![CDATA[-------------------------------TEST STARTED--------------------------------
2026-01-19T05:55:33.559576846Z main ERROR Log4j API could not find a logging provider.
lastRow = 19
34368
header ContactUs button found = true
emailTimeStamp = automated_TESTTEST_2026-01-19_05_55_50@broadridge.com
📤 Form payload = {"formSubmissionId":"","elqFormName":"","elqSiteID":"","datalayerheader":"","contact":"","formgtm":"","elqCustomerGUID":"","elqCookieWrite":"","segment":"capital-markets","name_first":"First_34368_TESTTEST","name_last":"Last_34368_TESTTEST","email_work":"automated_TESTTEST_2026-01-19_05_55_50@broadridge.com","phone_business":"999-999-9999","job_title":"Job_34368_TESTTEST","Company":"Company_34368_TESTTEST","country":"United States","comment":"This is an automated test submission. Please ignore.","id":"","so":"","di":"","ct":"","ep":"","ot":"","mt":"","yr":"","rg":"","on":"","sub-source":"","campaignMostRecentID":"","content-id":"","orig-channel":"","campaign-name":"","campaignMostRecentName":"","campaignMostRecentSource":"","campaignMostRecentMedium":"","campaignMostRecentContent":"","campaignMostRecentTerm":"","campaignMostRecentContentID":"","campaignMostRecentSubSource":"","Persistent_utm_medium":"","Persistent_utm_source":"","Persistent_utm_term":"","Persistent_utm_campaign":"","Persistent_Sub_Source":"","Persistent_Content_ID":"","Persistent_Campaign_ID":"","Persistent_utm_content":"","Session_utm_medium":"","Session_utm_source":"","Session_utm_term":"","Session_utm_campaign":"","Session_Sub_Source":"","Session_Content_ID":"","Session_Campaign_ID":"701RN00000RbnVLYAZ","Session_utm_content":"","inquiry":"","fullURL":"https://www-dev.broadridge.com/white-paper/the-service-value-chain-how-data-management-powers-performance","page_id":"14926","page_campaign_id":"0","ecid":"","elqCampaignId":"","Formmodel":"flyout","Pagetype":"","g-recaptcha-response":"0cAFcWeA4t2_KYkwZp8FuIL2ZRN2XKmMLMQ03Guqw5ADQW5MJSfrhGVpCIlyL2BzVjYTwu2OJnuirBpkeDAs4Pl6w-EMGMwGvtma1Dc15xjcFg4rwJ6sCdlxhjPT6OQQfHSL8dnWGZGZPVxBVXakDwVsWWyva0UPQE72t7YkNYb6QzZmIiaHIdSGQAY-RXV6pJxEjym4JUMzHK7PC_6kgPTEp8vYVuNTilIkSUy4s3C93zV9GQ2F72gdGv6uvjkidHr2YI7ABOFVs6SWy1H0R2WSDCKyl-W3ken__wtUDBq4y_AGTNG0kNhD8fJ4pFkr_LWD4U0NS-CDZ5qSTOD_ersEc5d1U2nXQvV_5DV6UFdRcOCGKNgxPdCc61RMt6FnjGr6mineVFnoyI6qKPrtNz2sEDNjF2Kno2KmK9sZg1wQ3Xw3wvUSBUmSvUrc1RvRyeqwLwxYwbvNbP7O8oYhGn4Jjf6FwGb0C_XCImR8HaRJB5z_t_L2YOd3LjEgmW__SiAf43MJx7oILxaPUG65pYo8UIeOS9g5HBLTRajW4tZVjWLRVbiDmvr1g7JNQuw1uVffzjabiL-pIh_WzOsHmtmcI-A9mZJWnTN4SUuv_Kw0uMijxDHcvQ-cDK38BQbanot0jKw5E4ypqpCxpRnJ_7HneNcfAiJq1LDnGyQiTilM0--4v9uwmlI3B4zNbQtPS36Jw0SRn6m4h6wXrMlpAd8BCLpGJqFGMuEkaS2i5yNg6uRPclHDZm1Dz9oZ73XeCL2prl6L3P2LmMCZo1kMCr86N73FoVaPiqg0ZhzldMTHFQ7QoO-Sci6nZ_Fu6NSqet8kCDiywhXEfok3w_o9s4gzDVJp4y8V6qmmZgguAEwTqcZhZ_VMUAQg_lU8lqKy9vgE2MCcqhD2TDHbLaBuwO8ZyWsQNHelrKgbOafkIpaBuDyTPTj1YiAZQV9tfpllYrizX7KQpNJMw0J1qBwSNXULDOnh9fiDHUW-cPPuEW1ZW5wEHszOBopRavGF2aCtZ7QFKDJRm1A0SI1ShuskuWezaEpKp5cd6vyyTth41iwpp3hCaBMn7nmg8L7HIh3TKxxta7B3cgI9-dRExLDB7u0vsvfXMRER3uMNqgO0ltDOpWtHWB8nXDW1umVKodTta_NImmKN3LZqWbK9kZOSwHYWzvpwS6I3z9_JXKXYLC5y-PP-6wfP-BWhx67ABVYweESFGrIZE-_w2SHv9dSEC1anaY5Q4UuDjYuKbipJUhoYEF-H-c_x7an-DqYejhLYmYI4fFoCeXbWQXGnzO9215CyiafS2dKizTUpaM6BCvX_Hc6bAbt9ItuIQo7RTFzQZrlMhBcT62A1OYQYEuEORCRIs9w4AatK3Y8ldr2uNZGPCU2gnAC_tWdm-dul2j80bgXBrZ1J8cwoc_M3N7DD3bzPgy0FYnE3CZaPfUf5S1dyUuK0w-EZj3tfWpexGvoWYrjbl1z9dOHFSjADIirGsuUDi4U1W2yJP-D6lzCTeesiZuK_D_CYpTOb2vxYK_LfIFUWWtJARc2rykU5jcLiKoELMH_9yTRS95ptytTeQtrPC7XsFYfUgLEm58WaN0xiNNn_9fsrG8d7euYxeUaZ9al9sg14mindu557uKN2OH8o6VTIQiFMbebgQ8T0z9aLU0DAGWMHx37-t4Kl1ynv4A6_x42HxiilVk1C_lJjFjupC5wi7395Cosc4"}
form message = Something went wrong with our form submission. Please try again.
formpayload for validation = {"formSubmissionId":"","elqFormName":"","elqSiteID":"","datalayerheader":"","contact":"","formgtm":"","elqCustomerGUID":"","elqCookieWrite":"","segment":"capital-markets","name_first":"First_34368_TESTTEST","name_last":"Last_34368_TESTTEST","email_work":"automated_TESTTEST_2026-01-19_05_55_50@broadridge.com","phone_business":"999-999-9999","job_title":"Job_34368_TESTTEST","Company":"Company_34368_TESTTEST","country":"United States","comment":"This is an automated test submission. Please ignore.","id":"","so":"","di":"","ct":"","ep":"","ot":"","mt":"","yr":"","rg":"","on":"","sub-source":"","campaignMostRecentID":"","content-id":"","orig-channel":"","campaign-name":"","campaignMostRecentName":"","campaignMostRecentSource":"","campaignMostRecentMedium":"","campaignMostRecentContent":"","campaignMostRecentTerm":"","campaignMostRecentContentID":"","campaignMostRecentSubSource":"","Persistent_utm_medium":"","Persistent_utm_source":"","Persistent_utm_term":"","Persistent_utm_campaign":"","Persistent_Sub_Source":"","Persistent_Content_ID":"","Persistent_Campaign_ID":"","Persistent_utm_content":"","Session_utm_medium":"","Session_utm_source":"","Session_utm_term":"","Session_utm_campaign":"","Session_Sub_Source":"","Session_Content_ID":"","Session_Campaign_ID":"701RN00000RbnVLYAZ","Session_utm_content":"","inquiry":"","fullURL":"https://www-dev.broadridge.com/white-paper/the-service-value-chain-how-data-management-powers-performance","page_id":"14926","page_campaign_id":"0","ecid":"","elqCampaignId":"","Formmodel":"flyout","Pagetype":"","g-recaptcha-response":"0cAFcWeA4t2_KYkwZp8FuIL2ZRN2XKmMLMQ03Guqw5ADQW5MJSfrhGVpCIlyL2BzVjYTwu2OJnuirBpkeDAs4Pl6w-EMGMwGvtma1Dc15xjcFg4rwJ6sCdlxhjPT6OQQfHSL8dnWGZGZPVxBVXakDwVsWWyva0UPQE72t7YkNYb6QzZmIiaHIdSGQAY-RXV6pJxEjym4JUMzHK7PC_6kgPTEp8vYVuNTilIkSUy4s3C93zV9GQ2F72gdGv6uvjkidHr2YI7ABOFVs6SWy1H0R2WSDCKyl-W3ken__wtUDBq4y_AGTNG0kNhD8fJ4pFkr_LWD4U0NS-CDZ5qSTOD_ersEc5d1U2nXQvV_5DV6UFdRcOCGKNgxPdCc61RMt6FnjGr6mineVFnoyI6qKPrtNz2sEDNjF2Kno2KmK9sZg1wQ3Xw3wvUSBUmSvUrc1RvRyeqwLwxYwbvNbP7O8oYhGn4Jjf6FwGb0C_XCImR8HaRJB5z_t_L2YOd3LjEgmW__SiAf43MJx7oILxaPUG65pYo8UIeOS9g5HBLTRajW4tZVjWLRVbiDmvr1g7JNQuw1uVffzjabiL-pIh_WzOsHmtmcI-A9mZJWnTN4SUuv_Kw0uMijxDHcvQ-cDK38BQbanot0jKw5E4ypqpCxpRnJ_7HneNcfAiJq1LDnGyQiTilM0--4v9uwmlI3B4zNbQtPS36Jw0SRn6m4h6wXrMlpAd8BCLpGJqFGMuEkaS2i5yNg6uRPclHDZm1Dz9oZ73XeCL2prl6L3P2LmMCZo1kMCr86N73FoVaPiqg0ZhzldMTHFQ7QoO-Sci6nZ_Fu6NSqet8kCDiywhXEfok3w_o9s4gzDVJp4y8V6qmmZgguAEwTqcZhZ_VMUAQg_lU8lqKy9vgE2MCcqhD2TDHbLaBuwO8ZyWsQNHelrKgbOafkIpaBuDyTPTj1YiAZQV9tfpllYrizX7KQpNJMw0J1qBwSNXULDOnh9fiDHUW-cPPuEW1ZW5wEHszOBopRavGF2aCtZ7QFKDJRm1A0SI1ShuskuWezaEpKp5cd6vyyTth41iwpp3hCaBMn7nmg8L7HIh3TKxxta7B3cgI9-dRExLDB7u0vsvfXMRER3uMNqgO0ltDOpWtHWB8nXDW1umVKodTta_NImmKN3LZqWbK9kZOSwHYWzvpwS6I3z9_JXKXYLC5y-PP-6wfP-BWhx67ABVYweESFGrIZE-_w2SHv9dSEC1anaY5Q4UuDjYuKbipJUhoYEF-H-c_x7an-DqYejhLYmYI4fFoCeXbWQXGnzO9215CyiafS2dKizTUpaM6BCvX_Hc6bAbt9ItuIQo7RTFzQZrlMhBcT62A1OYQYEuEORCRIs9w4AatK3Y8ldr2uNZGPCU2gnAC_tWdm-dul2j80bgXBrZ1J8cwoc_M3N7DD3bzPgy0FYnE3CZaPfUf5S1dyUuK0w-EZj3tfWpexGvoWYrjbl1z9dOHFSjADIirGsuUDi4U1W2yJP-D6lzCTeesiZuK_D_CYpTOb2vxYK_LfIFUWWtJARc2rykU5jcLiKoELMH_9yTRS95ptytTeQtrPC7XsFYfUgLEm58WaN0xiNNn_9fsrG8d7euYxeUaZ9al9sg14mindu557uKN2OH8o6VTIQiFMbebgQ8T0z9aLU0DAGWMHx37-t4Kl1ynv4A6_x42HxiilVk1C_lJjFjupC5wi7395Cosc4"}
formSubmissionId = 
fullURL = https://www-dev.broadridge.com/white-paper/the-service-value-chain-how-data-management-powers-performance
page comparison URL = https://www-dev.broadridge.com/white-paper/the-service-value-chain-how-data-management-powers-performance
..........!!!...Filling the form failed...!!!........
................Header Contact Us Form Filled...................
V2 ContactUs form NOT found on the bottom
V2 Download form NOT found on the bottom
no cookie button
header ContactUs button found = true
emailTimeStamp = automated_TESTTEST_2026-01-19_05_56_32@broadridge.com
📤 Form payload = {"formSubmissionId":"BR4OI1PTD-1768802195519","elqFormName":"","elqSiteID":"","datalayerheader":"","contact":"","formgtm":"","elqCustomerGUID":"","elqCookieWrite":"","segment":"","name_first":"First_34368_TESTTEST","name_last":"Last_34368_TESTTEST","email_work":"automated_TESTTEST_2026-01-19_05_56_32@broadridge.com","phone_business":"999-999-9999","job_title":"Job_34368_TESTTEST","Company":"Company_34368_TESTTEST","country":"United States","comment":"This is an automated test submission.  Please ignore.","id":"","so":"","di":"","ct":"","ep":"","ot":"","mt":"","yr":"","rg":"","on":"","sub-source":"","campaignMostRecentID":"","content-id":"","orig-channel":"","campaign-name":"","campaignMostRecentName":"","campaignMostRecentSource":"","campaignMostRecentMedium":"","campaignMostRecentContent":"","campaignMostRecentTerm":"","campaignMostRecentContentID":"","campaignMostRecentSubSource":"","Persistent_utm_medium":"","Persistent_utm_source":"","Persistent_utm_term":"","Persistent_utm_campaign":"","Persistent_Sub_Source":"","Persistent_Content_ID":"","Persistent_Campaign_ID":"","Persistent_utm_content":"","Session_utm_medium":"","Session_utm_source":"","Session_utm_term":"","Session_utm_campaign":"","Session_Sub_Source":"","Session_Content_ID":"","Session_Campaign_ID":"701RN00000RbnVLYAZ","Session_utm_content":"","inquiry":"Gen Enq","fullURL":"https://www-dev.broadridge.com/capability/governance-and-regulatory-compliance/proxy-services/issuer-proxy","page_id":"182853","page_campaign_id":"0","ecid":"","elqCampaignId":"","Formmodel":"flyout","Pagetype":"Products","g-recaptcha-response":"0cAFcWeA7tFPjVX5oQv2PhZ8rXyJ2iUtUUgAa7csrMC9-Qf-fmCoWj-H9nzj0Qm7LDJTfjZ1NRKrK_lbe3EcowRuAsu8tSkH8jv9ygRR7Pp1ygfyICuUulzP_PzXWodawzqFjG_jJH-hQDgMtVZ6ur8sAcMvt3wOpmJftWBAlXOzsYqxAIZ0tJ7EGqqLknlVPvB1Y5cakIwMeRXqEK7pKZKD-lGJWLemmYfdY-TyJOo7cvrHhn6gdzQ0oO3I4XL8dXJ_49LT3qBKiG1i1ODEDUDni6ZRTFZehOh33NDdAndH21nRg2bxR3q42tU2ApYMBwSah7YqH99gsWE43z4C-Ws3gdQQOsUgKiFg8zg-I4x6os-RMoDkNhMQZ88JL_2cM_7AV6AAYZKKa9jSLaiqb8IHYzOqfsglmWSheiKdZlMrdD8t8uI4V30PLGq61twgf8MaB0naFkKR98tBIKHb1Po4KpjYbyiLdOg7UCgGI6-vE69s43UrRQErIHTRwTufV7-KaC2s7W2ntUwz_ki2vtE1JqNJTLopLsDkG7FLHbamTKHB8Te9iiG6tvR-ORHLIJUxOUc70H076NyKauFAOC_o2joUadivwNrqGBG8NlQvjbAg8UtjIK5FgFO3idkaqBQfYBCOQd66JR1NJdCNPkDYkqWYHyvRZmV_pmBFRkiOi1wO9evB1EtGnJr9BRVg_zdgKpJRKSLrstKmDwQeH--6svDCDI2M15OyX6RCAeIZopPVcM7rYD8jHFd8Lc6NzPG9_JcS-7Dt-vXbza6LvwRLau59Oet0CBJ2RqV10dpXLP-7dmhdYVD50SU2yrllKSY0qwMSiWPyA5W4Gn6P023GWOWDpoc4Fp-rXqvy0kxUEpVaKi8IgSa3wfRz3qvGi8Sl-U84jPRUUoTRWdeHs1rLMzERYEF70kToHP2XsJNZnYvu063iTo9dhPrlF7canx7HekwAsXX09P3Rr7GDSQvthrH_tugEbmsDc1-hB3TfvYQMI7OhmtMgc3884hcJgGG5w6EmU6XGqkmYCEvZjbZ3DR2sicJaJZwaIdYX3-G8aJWCd5qnO87MYZeJboGIgIyLhxsOdoH3yxIDKrcDds_IxyxxBTiYL6p0Gn1yoO3gxtC5r77CAWWUVSW-dUA9HPEXyOLhQbq-JTlcRX8J_KNF0HyDQl6T9PvTzaVO2Bx_LHECPMZYI2geK7Gq_SdUSBXZhKed0jSSAn4CCRF20r2KqkwT66mgeDQCvNwT9f7-KfWnGAULMvcrk2Cv03YymYGACMAMpZUhNImZQ6fb2fN4VkBm2JkHR7b9vBsogkO4VIXAJ7Qq9-2BCLvZyW3veQS5vtyEuhU_VI1yPpyq7nz4TomAbDnCwSmbASVGPqd8M732Ry6hvyOuxQwko0EMyrOuX9hjQks5VAyL1aygcBc9MHswrqlItd30qXtafEW7joDy7u4DfeDmuBPrDH4tIjhZM22Eif9PelDofmVg9AFNuKKDwG61Z5F5R4DeZQUsSRfPsBK5tZ4e3qM79TrCKEzTDEJ9YviSECSTb7T50g0XWuJh3lw1MFgXkxUjW9tgq2v5vRgEK7NGCx42IeaNzWpqHZfFSFbtsFhppYaRd1XPdEc5XakfWkbpQhwgGC6fDLVGmlCOedY-Yo29rDFOx_R4oeyxBxqu7UN2h8id-XWt41BV_uO6dbmSK2ZK0CtaHjHBrNsmSwDsvDBS3udi5beGR6eb8DCih8aNkKc-ay5NKNXIaxhvFPfQ"}
form message = Thank you for your interest in Broadridge.
A representative will contact you within 24 business hours.
formpayload for validation = {"formSubmissionId":"BR4OI1PTD-1768802195519","elqFormName":"","elqSiteID":"","datalayerheader":"","contact":"","formgtm":"","elqCustomerGUID":"","elqCookieWrite":"","segment":"","name_first":"First_34368_TESTTEST","name_last":"Last_34368_TESTTEST","email_work":"automated_TESTTEST_2026-01-19_05_56_32@broadridge.com","phone_business":"999-999-9999","job_title":"Job_34368_TESTTEST","Company":"Company_34368_TESTTEST","country":"United States","comment":"This is an automated test submission.  Please ignore.","id":"","so":"","di":"","ct":"","ep":"","ot":"","mt":"","yr":"","rg":"","on":"","sub-source":"","campaignMostRecentID":"","content-id":"","orig-channel":"","campaign-name":"","campaignMostRecentName":"","campaignMostRecentSource":"","campaignMostRecentMedium":"","campaignMostRecentContent":"","campaignMostRecentTerm":"","campaignMostRecentContentID":"","campaignMostRecentSubSource":"","Persistent_utm_medium":"","Persistent_utm_source":"","Persistent_utm_term":"","Persistent_utm_campaign":"","Persistent_Sub_Source":"","Persistent_Content_ID":"","Persistent_Campaign_ID":"","Persistent_utm_content":"","Session_utm_medium":"","Session_utm_source":"","Session_utm_term":"","Session_utm_campaign":"","Session_Sub_Source":"","Session_Content_ID":"","Session_Campaign_ID":"701RN00000RbnVLYAZ","Session_utm_content":"","inquiry":"Gen Enq","fullURL":"https://www-dev.broadridge.com/capability/governance-and-regulatory-compliance/proxy-services/issuer-proxy","page_id":"182853","page_campaign_id":"0","ecid":"","elqCampaignId":"","Formmodel":"flyout","Pagetype":"Products","g-recaptcha-response":"0cAFcWeA7tFPjVX5oQv2PhZ8rXyJ2iUtUUgAa7csrMC9-Qf-fmCoWj-H9nzj0Qm7LDJTfjZ1NRKrK_lbe3EcowRuAsu8tSkH8jv9ygRR7Pp1ygfyICuUulzP_PzXWodawzqFjG_jJH-hQDgMtVZ6ur8sAcMvt3wOpmJftWBAlXOzsYqxAIZ0tJ7EGqqLknlVPvB1Y5cakIwMeRXqEK7pKZKD-lGJWLemmYfdY-TyJOo7cvrHhn6gdzQ0oO3I4XL8dXJ_49LT3qBKiG1i1ODEDUDni6ZRTFZehOh33NDdAndH21nRg2bxR3q42tU2ApYMBwSah7YqH99gsWE43z4C-Ws3gdQQOsUgKiFg8zg-I4x6os-RMoDkNhMQZ88JL_2cM_7AV6AAYZKKa9jSLaiqb8IHYzOqfsglmWSheiKdZlMrdD8t8uI4V30PLGq61twgf8MaB0naFkKR98tBIKHb1Po4KpjYbyiLdOg7UCgGI6-vE69s43UrRQErIHTRwTufV7-KaC2s7W2ntUwz_ki2vtE1JqNJTLopLsDkG7FLHbamTKHB8Te9iiG6tvR-ORHLIJUxOUc70H076NyKauFAOC_o2joUadivwNrqGBG8NlQvjbAg8UtjIK5FgFO3idkaqBQfYBCOQd66JR1NJdCNPkDYkqWYHyvRZmV_pmBFRkiOi1wO9evB1EtGnJr9BRVg_zdgKpJRKSLrstKmDwQeH--6svDCDI2M15OyX6RCAeIZopPVcM7rYD8jHFd8Lc6NzPG9_JcS-7Dt-vXbza6LvwRLau59Oet0CBJ2RqV10dpXLP-7dmhdYVD50SU2yrllKSY0qwMSiWPyA5W4Gn6P023GWOWDpoc4Fp-rXqvy0kxUEpVaKi8IgSa3wfRz3qvGi8Sl-U84jPRUUoTRWdeHs1rLMzERYEF70kToHP2XsJNZnYvu063iTo9dhPrlF7canx7HekwAsXX09P3Rr7GDSQvthrH_tugEbmsDc1-hB3TfvYQMI7OhmtMgc3884hcJgGG5w6EmU6XGqkmYCEvZjbZ3DR2sicJaJZwaIdYX3-G8aJWCd5qnO87MYZeJboGIgIyLhxsOdoH3yxIDKrcDds_IxyxxBTiYL6p0Gn1yoO3gxtC5r77CAWWUVSW-dUA9HPEXyOLhQbq-JTlcRX8J_KNF0HyDQl6T9PvTzaVO2Bx_LHECPMZYI2geK7Gq_SdUSBXZhKed0jSSAn4CCRF20r2KqkwT66mgeDQCvNwT9f7-KfWnGAULMvcrk2Cv03YymYGACMAMpZUhNImZQ6fb2fN4VkBm2JkHR7b9vBsogkO4VIXAJ7Qq9-2BCLvZyW3veQS5vtyEuhU_VI1yPpyq7nz4TomAbDnCwSmbASVGPqd8M732Ry6hvyOuxQwko0EMyrOuX9hjQks5VAyL1aygcBc9MHswrqlItd30qXtafEW7joDy7u4DfeDmuBPrDH4tIjhZM22Eif9PelDofmVg9AFNuKKDwG61Z5F5R4DeZQUsSRfPsBK5tZ4e3qM79TrCKEzTDEJ9YviSECSTb7T50g0XWuJh3lw1MFgXkxUjW9tgq2v5vRgEK7NGCx42IeaNzWpqHZfFSFbtsFhppYaRd1XPdEc5XakfWkbpQhwgGC6fDLVGmlCOedY-Yo29rDFOx_R4oeyxBxqu7UN2h8id-XWt41BV_uO6dbmSK2ZK0CtaHjHBrNsmSwDsvDBS3udi5beGR6eb8DCih8aNkKc-ay5NKNXIaxhvFPfQ"}
formSubmissionId = BR4OI1PTD-1768802195519
fullURL = https://www-dev.broadridge.com/capability/governance-and-regulatory-compliance/proxy-services/issuer-proxy
page comparison URL = https://www-dev.broadridge.com/financial-services/corporate-issuer/issuer/simplify-the-annual-meeting-process/interactive-online-document-management
..........!!!...Filling the form failed...!!!........
................Header Contact Us Form Filled...................
v2 ContactUs form found on the bottom = false
V2 ContactUs form NOT found on the bottom
V2 Download form NOT found on the bottom
no cookie button
header ContactUs button found = true
emailTimeStamp = automated_TESTTEST_2026-01-19_05_57_15@broadridge.com
📤 Form payload = {"formSubmissionId":"BRRFCC12Y-1768802238672","elqFormName":"","elqSiteID":"","datalayerheader":"","contact":"","formgtm":"","elqCustomerGUID":"","elqCookieWrite":"","segment":"","name_first":"First_34368_TESTTEST","name_last":"Last_34368_TESTTEST","email_work":"automated_TESTTEST_2026-01-19_05_57_15@broadridge.com","phone_business":"999-999-9999","job_title":"Job_34368_TESTTEST","Company":"Company_34368_TESTTEST","country":"United States","comment":"This is an automated test submission.  Please ignore.","id":"","so":"","di":"","ct":"","ep":"","ot":"","mt":"","yr":"","rg":"","on":"","sub-source":"","campaignMostRecentID":"","content-id":"","orig-channel":"","campaign-name":"","campaignMostRecentName":"","campaignMostRecentSource":"","campaignMostRecentMedium":"","campaignMostRecentContent":"","campaignMostRecentTerm":"","campaignMostRecentContentID":"","campaignMostRecentSubSource":"","Persistent_utm_medium":"","Persistent_utm_source":"","Persistent_utm_term":"","Persistent_utm_campaign":"","Persistent_Sub_Source":"","Persistent_Content_ID":"","Persistent_Campaign_ID":"","Persistent_utm_content":"","Session_utm_medium":"","Session_utm_source":"","Session_utm_term":"","Session_utm_campaign":"","Session_Sub_Source":"","Session_Content_ID":"","Session_Campaign_ID":"701RN00000RbnVLYAZ","Session_utm_content":"","inquiry":"Gen Enq","fullURL":"https://www-dev.broadridge.com/capability/governance-and-regulatory-compliance/proxy-services/issuer-proxy","page_id":"182853","page_campaign_id":"0","ecid":"","elqCampaignId":"","Formmodel":"flyout","Pagetype":"Products","g-recaptcha-response":"0cAFcWeA7yTKlAIm2N6wO5IsVHLGwMTxnawk7NJ994v57VjDro0mew9BavuDKOPUJQ21Km0AApTmyJIrc8qAmPZVbbgb79nJA1_JTJLqhfVpVvFOPnNKUosxQF9X772NW6t9wcwGBNv25T6i08O9aF65H3vvZFKRAXBFoAoDdIyYyGvANVT5zfAgmb1HmYdGt9fugn73E801NWgdgcxvdPUaX0FOUG-OIUj3ZNCWOn0zEK6giJJTLcyevKxaJZsTCrkGjC4btreNb8wEvLzzYYm5N6aljTF8TIksQpQ9aqJa1oe0u_n29QtQs25aIUR8Jw6lOfQLuYGHqxKcY16BrO9oiYvH0oe4y77lLEj4GGhVksKUkbNBDUxqUdccMBzT93uQWZJzjoj39HRs5dZ9w4jNqIl2wN5ps9onlKRAPmSqscPcTrpFqHlgG7iwC8vYo92S8MwW3_XADzvT2hYJIAce58VJqy_ZLz3i5JSsyLEo6C3j5FMtGSFsJnQEZ0Knv4pPoR8VzJWQA3T3lyfCyQL1d9yoprTGDwyDtSp2zuQDewSJK53QGwg3mHOhBBg8f1LDpvs61qv5nGghZnvc6CdvtO3I7Jcmg9BlN2nIzstTFQztBK0vmfMC14Hu7s53MEB06orxKkwcPkvhw4DKk31FyknjK-V8H_ib26y5KNt_zBkmGX_hV2W6__PBHbFifkC2zL2tnmquemuq6T3NXBmp7X_iLS4jsAjlE2UD5Uhh2aXGSqgasMc875UnS9-HhTX2gOJrdGpwmOUgIrAyAmzZgIc1GbymXuE7Lm7GGJSwKJ6FKRXGjW16rAsj6HIntom0QPOst858o9YnOxqMhhHSOLe-WkVxO5rLHcg1AFrVzXvndbfTp7ssuY_SyOUSWZGorBWKiyNCQaCGXx6QI4BHgBDtm9cdpKz-4_W-Fcviq-DprCB8gpK3vEAqx4c3VCJ6qflW3nPGmiAu_Yj63846gqgX8MEHlXg0Obir74GAjDCcLcSc-IbYPDC2hs9AWSQgEuSm3PGfb_vsE-GVJBgWrdvGiuiTLdFKChes4jeoiVZHSTKelpAmJ7Q-Y-dti45gS0xGFRtea1Z95yZpJlrgrd5FbcMUHaWPHaohp0JiGFgd9F8Sz_m_oUykgP8w2alcD4XbIp4D5cKE0WsUPANsOEW3aVFj9XH4qhs3xRUn3Q9bASDo9Isb_wAq6-IPvdnWTMVCd74RbHuSSRJv56IqL2nBQNNbbYBMqjWu4NFde6GmBCm4HMrKumQ2iBr1vGah73S_L_qObBEawNcLDFFL5q8Ub8r_9N691apTULgUuOpTCwT5JdVwDJ8MD7TEgYEMi1Q8_4zR9hk5fM39J5QNWBti761urdITla9hZHkGIPDbhjhWoWeVgEISAole8dM9sVc9u8Gv54yi14HplCqUyS2dI9uSr6dwRrgI_WXDTxRwAWKUczpCFTe_nSOBY0Zgp5SN5s67wr9_hbAsJKJg79pSTeOEkSrBWft6FCX6ox2t9Izx7DWVfTD688745CHsQ4itQvkZGdDpYoI0GihMIHSpkyw2PWT94DMwF8DgkAil4d_8h0kHCRol21aDE5AmtgcmpESmYDKD38ljWWeDEVcz4Tjnf1yoEtKROA51BYEW_wh5uHZXTmMwb1zPBsxdS2mbzi3d_6xbQk6ObaKI4aNdQPxsSxZGz4F6w-pZzHK4I-UFR0ky382yPafsfChDNcq7ik4l3rcsLARYKmYVmiezhgv4AZQQ"}
form message = Thank you for your interest in Broadridge.
A representative will contact you within 24 business hours.
formpayload for validation = {"formSubmissionId":"BRRFCC12Y-1768802238672","elqFormName":"","elqSiteID":"","datalayerheader":"","contact":"","formgtm":"","elqCustomerGUID":"","elqCookieWrite":"","segment":"","name_first":"First_34368_TESTTEST","name_last":"Last_34368_TESTTEST","email_work":"automated_TESTTEST_2026-01-19_05_57_15@broadridge.com","phone_business":"999-999-9999","job_title":"Job_34368_TESTTEST","Company":"Company_34368_TESTTEST","country":"United States","comment":"This is an automated test submission.  Please ignore.","id":"","so":"","di":"","ct":"","ep":"","ot":"","mt":"","yr":"","rg":"","on":"","sub-source":"","campaignMostRecentID":"","content-id":"","orig-channel":"","campaign-name":"","campaignMostRecentName":"","campaignMostRecentSource":"","campaignMostRecentMedium":"","campaignMostRecentContent":"","campaignMostRecentTerm":"","campaignMostRecentContentID":"","campaignMostRecentSubSource":"","Persistent_utm_medium":"","Persistent_utm_source":"","Persistent_utm_term":"","Persistent_utm_campaign":"","Persistent_Sub_Source":"","Persistent_Content_ID":"","Persistent_Campaign_ID":"","Persistent_utm_content":"","Session_utm_medium":"","Session_utm_source":"","Session_utm_term":"","Session_utm_campaign":"","Session_Sub_Source":"","Session_Content_ID":"","Session_Campaign_ID":"701RN00000RbnVLYAZ","Session_utm_content":"","inquiry":"Gen Enq","fullURL":"https://www-dev.broadridge.com/capability/governance-and-regulatory-compliance/proxy-services/issuer-proxy","page_id":"182853","page_campaign_id":"0","ecid":"","elqCampaignId":"","Formmodel":"flyout","Pagetype":"Products","g-recaptcha-response":"0cAFcWeA7yTKlAIm2N6wO5IsVHLGwMTxnawk7NJ994v57VjDro0mew9BavuDKOPUJQ21Km0AApTmyJIrc8qAmPZVbbgb79nJA1_JTJLqhfVpVvFOPnNKUosxQF9X772NW6t9wcwGBNv25T6i08O9aF65H3vvZFKRAXBFoAoDdIyYyGvANVT5zfAgmb1HmYdGt9fugn73E801NWgdgcxvdPUaX0FOUG-OIUj3ZNCWOn0zEK6giJJTLcyevKxaJZsTCrkGjC4btreNb8wEvLzzYYm5N6aljTF8TIksQpQ9aqJa1oe0u_n29QtQs25aIUR8Jw6lOfQLuYGHqxKcY16BrO9oiYvH0oe4y77lLEj4GGhVksKUkbNBDUxqUdccMBzT93uQWZJzjoj39HRs5dZ9w4jNqIl2wN5ps9onlKRAPmSqscPcTrpFqHlgG7iwC8vYo92S8MwW3_XADzvT2hYJIAce58VJqy_ZLz3i5JSsyLEo6C3j5FMtGSFsJnQEZ0Knv4pPoR8VzJWQA3T3lyfCyQL1d9yoprTGDwyDtSp2zuQDewSJK53QGwg3mHOhBBg8f1LDpvs61qv5nGghZnvc6CdvtO3I7Jcmg9BlN2nIzstTFQztBK0vmfMC14Hu7s53MEB06orxKkwcPkvhw4DKk31FyknjK-V8H_ib26y5KNt_zBkmGX_hV2W6__PBHbFifkC2zL2tnmquemuq6T3NXBmp7X_iLS4jsAjlE2UD5Uhh2aXGSqgasMc875UnS9-HhTX2gOJrdGpwmOUgIrAyAmzZgIc1GbymXuE7Lm7GGJSwKJ6FKRXGjW16rAsj6HIntom0QPOst858o9YnOxqMhhHSOLe-WkVxO5rLHcg1AFrVzXvndbfTp7ssuY_SyOUSWZGorBWKiyNCQaCGXx6QI4BHgBDtm9cdpKz-4_W-Fcviq-DprCB8gpK3vEAqx4c3VCJ6qflW3nPGmiAu_Yj63846gqgX8MEHlXg0Obir74GAjDCcLcSc-IbYPDC2hs9AWSQgEuSm3PGfb_vsE-GVJBgWrdvGiuiTLdFKChes4jeoiVZHSTKelpAmJ7Q-Y-dti45gS0xGFRtea1Z95yZpJlrgrd5FbcMUHaWPHaohp0JiGFgd9F8Sz_m_oUykgP8w2alcD4XbIp4D5cKE0WsUPANsOEW3aVFj9XH4qhs3xRUn3Q9bASDo9Isb_wAq6-IPvdnWTMVCd74RbHuSSRJv56IqL2nBQNNbbYBMqjWu4NFde6GmBCm4HMrKumQ2iBr1vGah73S_L_qObBEawNcLDFFL5q8Ub8r_9N691apTULgUuOpTCwT5JdVwDJ8MD7TEgYEMi1Q8_4zR9hk5fM39J5QNWBti761urdITla9hZHkGIPDbhjhWoWeVgEISAole8dM9sVc9u8Gv54yi14HplCqUyS2dI9uSr6dwRrgI_WXDTxRwAWKUczpCFTe_nSOBY0Zgp5SN5s67wr9_hbAsJKJg79pSTeOEkSrBWft6FCX6ox2t9Izx7DWVfTD688745CHsQ4itQvkZGdDpYoI0GihMIHSpkyw2PWT94DMwF8DgkAil4d_8h0kHCRol21aDE5AmtgcmpESmYDKD38ljWWeDEVcz4Tjnf1yoEtKROA51BYEW_wh5uHZXTmMwb1zPBsxdS2mbzi3d_6xbQk6ObaKI4aNdQPxsSxZGz4F6w-pZzHK4I-UFR0ky382yPafsfChDNcq7ik4l3rcsLARYKmYVmiezhgv4AZQQ"}
formSubmissionId = BRRFCC12Y-1768802238672
fullURL = https://www-dev.broadridge.com/capability/governance-and-regulatory-compliance/proxy-services/issuer-proxy
page comparison URL = https://www-dev.broadridge.com/financial-services/corporate-issuer/issuer/simplify-the-annual-meeting-process/shareholder-meeting-registration
..........!!!...Filling the form failed...!!!........
................Header Contact Us Form Filled...................
v2 ContactUs form found on the bottom = false
V2 ContactUs form NOT found on the bottom
V2 Download form NOT found on the bottom
no cookie button
header ContactUs button found = true
emailTimeStamp = automated_TESTTEST_2026-01-19_05_57_58@broadridge.com
📤 Form payload = {"formSubmissionId":"BRBJRRLS0-1768802281123","elqFormName":"","elqSiteID":"","datalayerheader":"","contact":"","formgtm":"","elqCustomerGUID":"","elqCookieWrite":"","segment":"","name_first":"First_34368_TESTTEST","name_last":"Last_34368_TESTTEST","email_work":"automated_TESTTEST_2026-01-19_05_57_58@broadridge.com","phone_business":"999-999-9999","job_title":"Job_34368_TESTTEST","Company":"Company_34368_TESTTEST","country":"United States","comment":"This is an automated test submission.  Please ignore.","id":"","so":"","di":"","ct":"","ep":"","ot":"","mt":"","yr":"","rg":"","on":"","sub-source":"","campaignMostRecentID":"","content-id":"","orig-channel":"","campaign-name":"","campaignMostRecentName":"","campaignMostRecentSource":"","campaignMostRecentMedium":"","campaignMostRecentContent":"","campaignMostRecentTerm":"","campaignMostRecentContentID":"","campaignMostRecentSubSource":"","Persistent_utm_medium":"","Persistent_utm_source":"","Persistent_utm_term":"","Persistent_utm_campaign":"","Persistent_Sub_Source":"","Persistent_Content_ID":"","Persistent_Campaign_ID":"","Persistent_utm_content":"","Session_utm_medium":"","Session_utm_source":"","Session_utm_term":"","Session_utm_campaign":"","Session_Sub_Source":"","Session_Content_ID":"","Session_Campaign_ID":"701RN00000RbnVLYAZ","Session_utm_content":"","inquiry":"Gen Enq","fullURL":"https://www-dev.broadridge.com/press-release/2012/broadridge-trade-confirmation-matching-solution","page_id":"177489","page_campaign_id":"","ecid":"","elqCampaignId":"","Formmodel":"flyout","Pagetype":"Press Release","g-recaptcha-response":"0cAFcWeA5HL8lgcDrctDYPLa3IGSVDvEmb1-6NZgIhgAo9Hxue987pcTUrJm6DjCNjz5HMLW2wdkZPd2fAr2vBIUEpNAkYU5fqUeflghJ72bCh1hEHrjdh71Lg1nAbRRDAqJXpmS0MA1a14TQOb3-IKkudMh2RVX9TARMg9ZL2SqVlCmwBfmbIsYhXI1SMh-rPODbOvUA-fl4xBWeJ4klab5anVui0PWSUITcigtNekuEyierPbBxLyYEsBPseYixIHTzH12ujiSAFNCv-Yk95oGW3hiPrFT-zfixbDCACFdU2_01V4xoE-Ua7vNX-vG0EExELzEE0t7dwdlPgfB5Eavfdn8UoNMnrs2JlQZXueRMLuhds9I44shFldXiOgK6F7our1r1QbVTJIcUqYkw7TRnGULIAvZ8YtILpEn6PfVRhubbb9s-X87k8zBr8Vmnd1haSgm_k-GIYNYrTMmb1REh8ml7joQHn0D-KcmMhBTlBCgdirRbgYyLRTLPq4IVc6ep_BP63xspH43a4cS9lvFNwh0-ulz_TYwfHDSk-r74pxinfPsmrsfZQFgpraHLduAbCYsdwAGpOz1F4WFy7r2jE1l_2B1MDFFkzAElH95A9AiUo_CHOuK50hEnxG63WOKytCD3icaJBoJIMsn9CjzFeHDOYjkJddHDgBEudy3pAnsQD_NjJ_yOKvOq_OcMVeSmDdRbAQJHZq1QaNpDRRutzIw0UtpstDyK0BI-miMuGg_1tHWzCViaEyQH3sV7WEx4Cc5qEc9TSNrjQ68QGXUHcMsJUTdQL5aqDxXeSFiIrWfntWyX8wJ51FyJejZY1L4X_-sIesOqF_RTCQnd3M9d_mahUOACFXN-Yguw6ERNEbAdIEXRzRkC2EURRDCRlkcMHIyjh8YDYEqb6khluVFPsEk_laJtgJWHoUXz6EGuTtY7aMt0mGjOVDqZL5lmqRDNKijz9MpOc3pGaqfCo3hO9TJ43BxpanVSzq6fVD-IpzsHy_2VTHA2dPHO7-a_jUBSJZYzkk4o6n49RnK6Cspw3yfydRHDV8ssTknTzPV1phyc0NSs3QyyySeu0PDCTJQ5OHT5im9M5KYcu2vrx1G7dTJG8Rt3V5JQeFBXKmxLE-avHbY76KR23yQTxOYpFpCb8p7rpGlJWzYVcpyqUAOITqvZPFOnhNerkXsoqEd_KksKoZxhdKIeKPa3dhzYua8-wpKj4B0mXS8QDw5qQMIUvRJj-pkZ9pO08xFyBQiGb2It80Zu9s9cZAn6ayVmYMDoSbuDL_mcSqNZJkP413cnP-ZPU2NUCH3z4gOSfveU1wehFmZePLxfnJU5Ssnj8qvLr2JJgtJBmwFeVVizYHNr6Y-FCVF78GOaTh5WqmdTrnH2ppRH37NG2UKL7MsG_VbUbJBahcGbYY1Hi8XYV1IP79F4TDuGiin--LGdzeYOyFClJ3ALmHkZhyR5KcgI_eQOHt0Qglno3TQfn1vYueJLrs0DIUrWusw_Gb9d9uUOiKZQL8N5aeeNc86W2XAgT75T8k-8Cq4e55s7Dr-aspGMsVoiERrSPbtkmyd60Ik5fJx-dFs2Stw7-P3OWX9yMmntqQYB8gSlEcTQqIhoHUxO76Y1A6FnScT-1_EKcSqxbeLTktXpf0sS0cq33yA0yNb6fbU464Wv9JRfvPARBRb7wUFx82L1cxByvn4qKu6OiFYJBqbCODFZuheg3q6pUkA2XgduTq_ml"}
form message = Thank you for your interest in Broadridge.
A representative will contact you within 24 business hours.
formpayload for validation = {"formSubmissionId":"BRBJRRLS0-1768802281123","elqFormName":"","elqSiteID":"","datalayerheader":"","contact":"","formgtm":"","elqCustomerGUID":"","elqCookieWrite":"","segment":"","name_first":"First_34368_TESTTEST","name_last":"Last_34368_TESTTEST","email_work":"automated_TESTTEST_2026-01-19_05_57_58@broadridge.com","phone_business":"999-999-9999","job_title":"Job_34368_TESTTEST","Company":"Company_34368_TESTTEST","country":"United States","comment":"This is an automated test submission.  Please ignore.","id":"","so":"","di":"","ct":"","ep":"","ot":"","mt":"","yr":"","rg":"","on":"","sub-source":"","campaignMostRecentID":"","content-id":"","orig-channel":"","campaign-name":"","campaignMostRecentName":"","campaignMostRecentSource":"","campaignMostRecentMedium":"","campaignMostRecentContent":"","campaignMostRecentTerm":"","campaignMostRecentContentID":"","campaignMostRecentSubSource":"","Persistent_utm_medium":"","Persistent_utm_source":"","Persistent_utm_term":"","Persistent_utm_campaign":"","Persistent_Sub_Source":"","Persistent_Content_ID":"","Persistent_Campaign_ID":"","Persistent_utm_content":"","Session_utm_medium":"","Session_utm_source":"","Session_utm_term":"","Session_utm_campaign":"","Session_Sub_Source":"","Session_Content_ID":"","Session_Campaign_ID":"701RN00000RbnVLYAZ","Session_utm_content":"","inquiry":"Gen Enq","fullURL":"https://www-dev.broadridge.com/press-release/2012/broadridge-trade-confirmation-matching-solution","page_id":"177489","page_campaign_id":"","ecid":"","elqCampaignId":"","Formmodel":"flyout","Pagetype":"Press Release","g-recaptcha-response":"0cAFcWeA5HL8lgcDrctDYPLa3IGSVDvEmb1-6NZgIhgAo9Hxue987pcTUrJm6DjCNjz5HMLW2wdkZPd2fAr2vBIUEpNAkYU5fqUeflghJ72bCh1hEHrjdh71Lg1nAbRRDAqJXpmS0MA1a14TQOb3-IKkudMh2RVX9TARMg9ZL2SqVlCmwBfmbIsYhXI1SMh-rPODbOvUA-fl4xBWeJ4klab5anVui0PWSUITcigtNekuEyierPbBxLyYEsBPseYixIHTzH12ujiSAFNCv-Yk95oGW3hiPrFT-zfixbDCACFdU2_01V4xoE-Ua7vNX-vG0EExELzEE0t7dwdlPgfB5Eavfdn8UoNMnrs2JlQZXueRMLuhds9I44shFldXiOgK6F7our1r1QbVTJIcUqYkw7TRnGULIAvZ8YtILpEn6PfVRhubbb9s-X87k8zBr8Vmnd1haSgm_k-GIYNYrTMmb1REh8ml7joQHn0D-KcmMhBTlBCgdirRbgYyLRTLPq4IVc6ep_BP63xspH43a4cS9lvFNwh0-ulz_TYwfHDSk-r74pxinfPsmrsfZQFgpraHLduAbCYsdwAGpOz1F4WFy7r2jE1l_2B1MDFFkzAElH95A9AiUo_CHOuK50hEnxG63WOKytCD3icaJBoJIMsn9CjzFeHDOYjkJddHDgBEudy3pAnsQD_NjJ_yOKvOq_OcMVeSmDdRbAQJHZq1QaNpDRRutzIw0UtpstDyK0BI-miMuGg_1tHWzCViaEyQH3sV7WEx4Cc5qEc9TSNrjQ68QGXUHcMsJUTdQL5aqDxXeSFiIrWfntWyX8wJ51FyJejZY1L4X_-sIesOqF_RTCQnd3M9d_mahUOACFXN-Yguw6ERNEbAdIEXRzRkC2EURRDCRlkcMHIyjh8YDYEqb6khluVFPsEk_laJtgJWHoUXz6EGuTtY7aMt0mGjOVDqZL5lmqRDNKijz9MpOc3pGaqfCo3hO9TJ43BxpanVSzq6fVD-IpzsHy_2VTHA2dPHO7-a_jUBSJZYzkk4o6n49RnK6Cspw3yfydRHDV8ssTknTzPV1phyc0NSs3QyyySeu0PDCTJQ5OHT5im9M5KYcu2vrx1G7dTJG8Rt3V5JQeFBXKmxLE-avHbY76KR23yQTxOYpFpCb8p7rpGlJWzYVcpyqUAOITqvZPFOnhNerkXsoqEd_KksKoZxhdKIeKPa3dhzYua8-wpKj4B0mXS8QDw5qQMIUvRJj-pkZ9pO08xFyBQiGb2It80Zu9s9cZAn6ayVmYMDoSbuDL_mcSqNZJkP413cnP-ZPU2NUCH3z4gOSfveU1wehFmZePLxfnJU5Ssnj8qvLr2JJgtJBmwFeVVizYHNr6Y-FCVF78GOaTh5WqmdTrnH2ppRH37NG2UKL7MsG_VbUbJBahcGbYY1Hi8XYV1IP79F4TDuGiin--LGdzeYOyFClJ3ALmHkZhyR5KcgI_eQOHt0Qglno3TQfn1vYueJLrs0DIUrWusw_Gb9d9uUOiKZQL8N5aeeNc86W2XAgT75T8k-8Cq4e55s7Dr-aspGMsVoiERrSPbtkmyd60Ik5fJx-dFs2Stw7-P3OWX9yMmntqQYB8gSlEcTQqIhoHUxO76Y1A6FnScT-1_EKcSqxbeLTktXpf0sS0cq33yA0yNb6fbU464Wv9JRfvPARBRb7wUFx82L1cxByvn4qKu6OiFYJBqbCODFZuheg3q6pUkA2XgduTq_ml"}
formSubmissionId = BRBJRRLS0-1768802281123
fullURL = https://www-dev.broadridge.com/press-release/2012/broadridge-trade-confirmation-matching-solution
page comparison URL = https://www-dev.broadridge.com/press-release/2012/broadridge-trade-confirmation-matching-solution
................Header Contact Us Form Filled...................
V2 ContactUs form NOT found on the bottom
V2 Download form NOT found on the bottom
no cookie button
header ContactUs button found = true
emailTimeStamp = automated_TESTTEST_2026-01-19_05_58_38@broadridge.com
📤 Form payload = {"formSubmissionId":"BR6XRD4KC-1768802321407","elqFormName":"","elqSiteID":"","datalayerheader":"","contact":"","formgtm":"","elqCustomerGUID":"","elqCookieWrite":"","segment":"","name_first":"First_34368_TESTTEST","name_last":"Last_34368_TESTTEST","email_work":"automated_TESTTEST_2026-01-19_05_58_38@broadridge.com","phone_business":"999-999-9999","job_title":"Job_34368_TESTTEST","Company":"Company_34368_TESTTEST","country":"United States","comment":"This is an automated test submission.  Please ignore.","id":"","so":"","di":"","ct":"","ep":"","ot":"","mt":"","yr":"","rg":"","on":"","sub-source":"","campaignMostRecentID":"","content-id":"","orig-channel":"","campaign-name":"","campaignMostRecentName":"","campaignMostRecentSource":"","campaignMostRecentMedium":"","campaignMostRecentContent":"","campaignMostRecentTerm":"","campaignMostRecentContentID":"","campaignMostRecentSubSource":"","Persistent_utm_medium":"","Persistent_utm_source":"","Persistent_utm_term":"","Persistent_utm_campaign":"","Persistent_Sub_Source":"","Persistent_Content_ID":"","Persistent_Campaign_ID":"","Persistent_utm_content":"","Session_utm_medium":"","Session_utm_source":"","Session_utm_term":"","Session_utm_campaign":"","Session_Sub_Source":"","Session_Content_ID":"","Session_Campaign_ID":"701RN00000RbnVLYAZ","Session_utm_content":"","inquiry":"Gen Enq","fullURL":"https://www-dev.broadridge.com/press-release/2012/matrix-expands-trueopen-architecture-platform","page_id":"177726","page_campaign_id":"","ecid":"","elqCampaignId":"","Formmodel":"flyout","Pagetype":"Press Release","g-recaptcha-response":"0cAFcWeA4arATfePeeYKsh8tB9epiKJC2AVn0HhLEyw0LNR1apaCpJ8MX1fiKFUBKqIOy7moNvyC6tzTGKBcgyCkg4H4UWiOgbVtPFANG7HFVbTTrorvo9j7OFBSIZ_4X_NQYMRAHkhhx1ZYySTRhY-RQPE6Fk8dN1GNh39bwDuBlkf7qY_Skxiqf52lp5zsbTjl3uBFoLz1wD4O7PEMXcv0emLCRJi2-DL0WJSv_fQKweghgszWZ3H6iNY9OsegEvbdaIJV5rfxfYcpCJDgt1Zchf7Yvlwe2-NUChZuZYEgbf-IZzfXV_SGVH-J8yoTOiygKlYTS61Bu76ucAg-4ECuuv-Ub9o5UIZy9UCGvG826hDmBNyJJLbb-1iX-1J8xIsLTYtLLZ3GX2rCGshPT4y9cWDgut_IIRxUoaA7KwyLDqHjiOvEcjpXUTVG1MIkQyAAs3E63wWjQMSVQCy21t5XebNy85TOkvu0SLh0a-0tog4COi_AByMsOOoWmfMvjcNfAk1XX8ZSmOZadvdPGWY2aTTPH_0HDJKfFoKhmwzxJpCRhQJkGRHDcS4ejJ0KaYrGqltcpME3sG9XEi_FAKtWHqJaBnXAJNwNilzC12nSTJm0AOL1p2KXwrH4EPyLqWgs1GJDYZWsTfemN0dnZI4jwKCUswJsq4hsMYI4-kjGsKIr_7a5WOPRn2WZbRHDY6aK4XzIlN1aqVE43Uf1GWvTtPVrr5QBtSW1ylc-xl6Yzp6Q2SpqaZmYCoyDEjbXoHLL1wGOd0GeBgBxyAsTr4YO1vaWjVfB5K7x5wxpCmMe2a8b8VG65dDr3S_s-cyxmBROcHy8qCfHkhSTDUG4HfM-rVf4xcsU7knbDVEW6V5HkN8OZdtHoAoGVQq3C0Y9tvNoUqhMAAMbfE60a29muhtRzYLY0zn2PlIm8exK-T-5moxOz-GU3pmjV6kd3P-5ztCqnz-KkajHEpkvOjfO7gnkAWRDMXAFr1I2NgDmIuCfAiMTaPGf2XU2dvJStBHVeLQp6p1UfwNDmbCKnY3LeofHKlDI0GzwfnxcVGtuVJGwWhD5ckOph_MTfdrRt2s6dFWkHmialFmO5tseT0e0-yck4-moynNu48SkoziynKvud_Uw5ZbC7igwCjyaG_0vXTo8jEz4D7LQij2dwm8VDbTjUwGNwx_G1166nL5UgxAhBaXJwWhIUwZS1dsuiYY16rVUByCxKkllIWMSYffAmtWDQ3ijjAcIgmPRYrtBYJqGqjWwps0HTkfvHH5whx76PCwL6deHe76AMtiGUefI5DLaNCq8kH2GwxXGfYuZqeik9EYDxR5IkKkB8GFuXyZb-j-BMu5Uq8qxmJbtKXoQN-c8n1-hNq1tTle0cp-4ZUMxRvL7mObmsvy1KyokQjhedtcV7cYTLbnophE2gFSvK2X2OSln6k5xm5b5o1cN7BMaKjW1CHqeI3olv8FRYMBjsRG8yvyJbx6Nv28tPdfSxReBG_Gi7DuV7L5Ls2Q-CcX_CT7fYV3ees3dHKjvKnDYz3-n3AN-BiUz6fBSmPBK3dT86PltLuLK9e3b9CrbVGJ7okU08khrbFX45kBByFQKxepLizsg_VOudYed633yd669wLX0nkHg0Hm4J7ReKqaXr36UGgsTlbpBMpbzZBLjGwVYc65413X1SeiWa67OHCrafYypYY_wB64Qz7AAVTmBJoKOnj5YQB4ejG4gg9OkVFImPTM05yeAAOt7X3QLlreotNO-POXm_3c-VyikBmSt-Ap8zJdyEqtKA"}
form message = Thank you for your interest in Broadridge.
A representative will contact you within 24 business hours.
formpayload for validation = {"formSubmissionId":"BR6XRD4KC-1768802321407","elqFormName":"","elqSiteID":"","datalayerheader":"","contact":"","formgtm":"","elqCustomerGUID":"","elqCookieWrite":"","segment":"","name_first":"First_34368_TESTTEST","name_last":"Last_34368_TESTTEST","email_work":"automated_TESTTEST_2026-01-19_05_58_38@broadridge.com","phone_business":"999-999-9999","job_title":"Job_34368_TESTTEST","Company":"Company_34368_TESTTEST","country":"United States","comment":"This is an automated test submission.  Please ignore.","id":"","so":"","di":"","ct":"","ep":"","ot":"","mt":"","yr":"","rg":"","on":"","sub-source":"","campaignMostRecentID":"","content-id":"","orig-channel":"","campaign-name":"","campaignMostRecentName":"","campaignMostRecentSource":"","campaignMostRecentMedium":"","campaignMostRecentContent":"","campaignMostRecentTerm":"","campaignMostRecentContentID":"","campaignMostRecentSubSource":"","Persistent_utm_medium":"","Persistent_utm_source":"","Persistent_utm_term":"","Persistent_utm_campaign":"","Persistent_Sub_Source":"","Persistent_Content_ID":"","Persistent_Campaign_ID":"","Persistent_utm_content":"","Session_utm_medium":"","Session_utm_source":"","Session_utm_term":"","Session_utm_campaign":"","Session_Sub_Source":"","Session_Content_ID":"","Session_Campaign_ID":"701RN00000RbnVLYAZ","Session_utm_content":"","inquiry":"Gen Enq","fullURL":"https://www-dev.broadridge.com/press-release/2012/matrix-expands-trueopen-architecture-platform","page_id":"177726","page_campaign_id":"","ecid":"","elqCampaignId":"","Formmodel":"flyout","Pagetype":"Press Release","g-recaptcha-response":"0cAFcWeA4arATfePeeYKsh8tB9epiKJC2AVn0HhLEyw0LNR1apaCpJ8MX1fiKFUBKqIOy7moNvyC6tzTGKBcgyCkg4H4UWiOgbVtPFANG7HFVbTTrorvo9j7OFBSIZ_4X_NQYMRAHkhhx1ZYySTRhY-RQPE6Fk8dN1GNh39bwDuBlkf7qY_Skxiqf52lp5zsbTjl3uBFoLz1wD4O7PEMXcv0emLCRJi2-DL0WJSv_fQKweghgszWZ3H6iNY9OsegEvbdaIJV5rfxfYcpCJDgt1Zchf7Yvlwe2-NUChZuZYEgbf-IZzfXV_SGVH-J8yoTOiygKlYTS61Bu76ucAg-4ECuuv-Ub9o5UIZy9UCGvG826hDmBNyJJLbb-1iX-1J8xIsLTYtLLZ3GX2rCGshPT4y9cWDgut_IIRxUoaA7KwyLDqHjiOvEcjpXUTVG1MIkQyAAs3E63wWjQMSVQCy21t5XebNy85TOkvu0SLh0a-0tog4COi_AByMsOOoWmfMvjcNfAk1XX8ZSmOZadvdPGWY2aTTPH_0HDJKfFoKhmwzxJpCRhQJkGRHDcS4ejJ0KaYrGqltcpME3sG9XEi_FAKtWHqJaBnXAJNwNilzC12nSTJm0AOL1p2KXwrH4EPyLqWgs1GJDYZWsTfemN0dnZI4jwKCUswJsq4hsMYI4-kjGsKIr_7a5WOPRn2WZbRHDY6aK4XzIlN1aqVE43Uf1GWvTtPVrr5QBtSW1ylc-xl6Yzp6Q2SpqaZmYCoyDEjbXoHLL1wGOd0GeBgBxyAsTr4YO1vaWjVfB5K7x5wxpCmMe2a8b8VG65dDr3S_s-cyxmBROcHy8qCfHkhSTDUG4HfM-rVf4xcsU7knbDVEW6V5HkN8OZdtHoAoGVQq3C0Y9tvNoUqhMAAMbfE60a29muhtRzYLY0zn2PlIm8exK-T-5moxOz-GU3pmjV6kd3P-5ztCqnz-KkajHEpkvOjfO7gnkAWRDMXAFr1I2NgDmIuCfAiMTaPGf2XU2dvJStBHVeLQp6p1UfwNDmbCKnY3LeofHKlDI0GzwfnxcVGtuVJGwWhD5ckOph_MTfdrRt2s6dFWkHmialFmO5tseT0e0-yck4-moynNu48SkoziynKvud_Uw5ZbC7igwCjyaG_0vXTo8jEz4D7LQij2dwm8VDbTjUwGNwx_G1166nL5UgxAhBaXJwWhIUwZS1dsuiYY16rVUByCxKkllIWMSYffAmtWDQ3ijjAcIgmPRYrtBYJqGqjWwps0HTkfvHH5whx76PCwL6deHe76AMtiGUefI5DLaNCq8kH2GwxXGfYuZqeik9EYDxR5IkKkB8GFuXyZb-j-BMu5Uq8qxmJbtKXoQN-c8n1-hNq1tTle0cp-4ZUMxRvL7mObmsvy1KyokQjhedtcV7cYTLbnophE2gFSvK2X2OSln6k5xm5b5o1cN7BMaKjW1CHqeI3olv8FRYMBjsRG8yvyJbx6Nv28tPdfSxReBG_Gi7DuV7L5Ls2Q-CcX_CT7fYV3ees3dHKjvKnDYz3-n3AN-BiUz6fBSmPBK3dT86PltLuLK9e3b9CrbVGJ7okU08khrbFX45kBByFQKxepLizsg_VOudYed633yd669wLX0nkHg0Hm4J7ReKqaXr36UGgsTlbpBMpbzZBLjGwVYc65413X1SeiWa67OHCrafYypYY_wB64Qz7AAVTmBJoKOnj5YQB4ejG4gg9OkVFImPTM05yeAAOt7X3QLlreotNO-POXm_3c-VyikBmSt-Ap8zJdyEqtKA"}
formSubmissionId = BR6XRD4KC-1768802321407
fullURL = https://www-dev.broadridge.com/press-release/2012/matrix-expands-trueopen-architecture-platform
page comparison URL = https://www-dev.broadridge.com/press-release/2012/matrix-expands-trueopen-architecture-platform
................Header Contact Us Form Filled...................
V2 ContactUs form NOT found on the bottom
V2 Download form NOT found on the bottom
no cookie button
header ContactUs button found = true
emailTimeStamp = automated_TESTTEST_2026-01-19_05_59_18@broadridge.com
📤 Form payload = {"formSubmissionId":"BRJ4YLP50-1768802361410","elqFormName":"","elqSiteID":"","datalayerheader":"","contact":"","formgtm":"","elqCustomerGUID":"","elqCookieWrite":"","segment":"","name_first":"First_34368_TESTTEST","name_last":"Last_34368_TESTTEST","email_work":"automated_TESTTEST_2026-01-19_05_59_18@broadridge.com","phone_business":"999-999-9999","job_title":"Job_34368_TESTTEST","Company":"Company_34368_TESTTEST","country":"United States","comment":"This is an automated test submission.  Please ignore.","id":"","so":"","di":"","ct":"","ep":"","ot":"","mt":"","yr":"","rg":"","on":"","sub-source":"","campaignMostRecentID":"","content-id":"","orig-channel":"","campaign-name":"","campaignMostRecentName":"","campaignMostRecentSource":"","campaignMostRecentMedium":"","campaignMostRecentContent":"","campaignMostRecentTerm":"","campaignMostRecentContentID":"","campaignMostRecentSubSource":"","Persistent_utm_medium":"","Persistent_utm_source":"","Persistent_utm_term":"","Persistent_utm_campaign":"","Persistent_Sub_Source":"","Persistent_Content_ID":"","Persistent_Campaign_ID":"","Persistent_utm_content":"","Session_utm_medium":"","Session_utm_source":"","Session_utm_term":"","Session_utm_campaign":"","Session_Sub_Source":"","Session_Content_ID":"","Session_Campaign_ID":"701RN00000RbnVLYAZ","Session_utm_content":"","inquiry":"Gen Enq","fullURL":"https://www-dev.broadridge.com/press-release/2012/jose-contin-to-lead-broadridge-city-networks-expansion-in-emea","page_id":"177499","page_campaign_id":"","ecid":"","elqCampaignId":"","Formmodel":"flyout","Pagetype":"Press Release","g-recaptcha-response":"0cAFcWeA4CyqEeyTpALxm5QlqQl7Bpf2Nx2uETrs44mDarBrs9mMLa-5oMotI1TMcLjgmIWDbvs1g2H-guzH8Gpj8zQPsfyFSr1Z5Nl-HqILUrxVdij7Dvs5ZnBcLtK9FopdzoW65xvAqeDfCrD4beG4_zQ1_UIaGrPThtATRN7vC0-M5XYSh580cN0oyJRe1rnFaU1y77OUTk1bjUyiNltVsxF5pie3cJF0efQvOCFrMFAsqHipRCMYf-xx2oz8uqXZnCfIe1h9xFoUXhVdMzKI_tTIAWsKwC0zm7XQ-tFTvCZLoh2tIEm4JtUwOvT-UfGmtaR-lAIOyjw4JQCt-ZXeKkgmpx_KBBRC40jwiYg0rFh7WCsne6_p5EmDqB9p49VwJ3G4ycHMzCzIYw3eDofckDme2gy_L5Spm_TVUI3OrRp1kyEqWIZhZq5NpYTJE-DhJZo3dRkkviT_L1bqHejBaI40YZQyQDvBWnKhlBUc3hqjv6HsjCAn6ANrPAqI8O5nRqrs2YkNeHFEJ2lpSaF0BO3eY0UlmRLjHIRTNRfNhEvlMdJanvh-eOz9FUDQBLCIbZw2uDmb-PP8721PtF7eZLWEET03zTWkG4cbPuay4A1wDk6tYOtEcXmpG98PmfPO04NJkLZS50nsq8FeJ4F_SMWqvYxOF_dYVuwUaS0OT1CZAUbDDt45tL36hIlyxLFKHHJbA84N9m-8XbDV-kC8niB6QxRU9XVVedd8cIBH1uKttasqY2INnsi2j2_hYWv0BQ2nPmdINitYeKBaSQ7eadFzgr3qeSqkUUJSl7jcQD1Vx4vWCeHTuR42MfOmKYYgjRtWGkkKUWYIX2MIuiXzbEZ32yZ8PmT8M6wUtKr2w1BS7TuP8p9irBFxwBgev1Kc2NBGQ9FNsH3WjG_2NW5Cm5eUp1-Y0MzLSHZsnqcI7o0KiqWagK1kigjgtGCRhVjzDtn5s4t7c9ZkmcxAdPSvseVVatef2l_o27e0-AoCCyfVeq7zq5rMtXpgV44FJGhT3ooTvGWPV9NQZ_3XSZPlW2aSU2tS2U0Hbd89vrLcWMU-62UThFEHfClMjuulbEBOYAO92iFkcomT1jPRUhO-G9ojlYeIzZWQKj7SZQBkzMW7rzQvz94hBlcZc0UFIVyA237bFf3-N0oLgT3Zh1839RyZ-SYQlJUylngKGmwIwD2V2glEVT1S33rGWzU_uWf-WaaKAD7R88e1mBZr_snx-UXIV3lL52k2fbxNzRPM51oKufi3HIBIPyA7O9-fT-Awgi9y8_oTbSo46UNG6tkO0m0KpDUPa89ZRi_PpmKp9Q8v9DPC_f8-kACHLN7flM11BMLv9IQVQQdvClGAvTdD67stK7wqWTq5GEDgqj6O_fS5rxwuiV8LPw6nyjx_PUzhy1RAwFdmR6CaP4NDLsU4a6tYtbYM-zpAeXOoLQo0YPbxqISh0JtjY0kIrDGNTahZSnEFzkG0Oej6d-So-9M5GU-i-IAcWbGAJH4euwgCKn4c5dea5AkLnndxy8UARNg3FATOtGm75Fcsrhcu4sMBiVib8_rUFNxwGsgAfFvULn-VemCYuvrDXPDTAtyCeyg6RkjZsH7KTYYKTBvC6qRUymFglIeg3mmjMweW1NefalYMubCX_OmVL6CJwDthRRs_O6e__50T8TLvkFJcTndUOsSJOwMOvxlYEoVqIkLXfE6kIlQpW5fTg3ny1ojqfV6z0cYSHATezHCIB9PKW8xrMuET_nEaqNKQ"}
form message = Thank you for your interest in Broadridge.
A representative will contact you within 24 business hours.
formpayload for validation = {"formSubmissionId":"BRJ4YLP50-1768802361410","elqFormName":"","elqSiteID":"","datalayerheader":"","contact":"","formgtm":"","elqCustomerGUID":"","elqCookieWrite":"","segment":"","name_first":"First_34368_TESTTEST","name_last":"Last_34368_TESTTEST","email_work":"automated_TESTTEST_2026-01-19_05_59_18@broadridge.com","phone_business":"999-999-9999","job_title":"Job_34368_TESTTEST","Company":"Company_34368_TESTTEST","country":"United States","comment":"This is an automated test submission.  Please ignore.","id":"","so":"","di":"","ct":"","ep":"","ot":"","mt":"","yr":"","rg":"","on":"","sub-source":"","campaignMostRecentID":"","content-id":"","orig-channel":"","campaign-name":"","campaignMostRecentName":"","campaignMostRecentSource":"","campaignMostRecentMedium":"","campaignMostRecentContent":"","campaignMostRecentTerm":"","campaignMostRecentContentID":"","campaignMostRecentSubSource":"","Persistent_utm_medium":"","Persistent_utm_source":"","Persistent_utm_term":"","Persistent_utm_campaign":"","Persistent_Sub_Source":"","Persistent_Content_ID":"","Persistent_Campaign_ID":"","Persistent_utm_content":"","Session_utm_medium":"","Session_utm_source":"","Session_utm_term":"","Session_utm_campaign":"","Session_Sub_Source":"","Session_Content_ID":"","Session_Campaign_ID":"701RN00000RbnVLYAZ","Session_utm_content":"","inquiry":"Gen Enq","fullURL":"https://www-dev.broadridge.com/press-release/2012/jose-contin-to-lead-broadridge-city-networks-expansion-in-emea","page_id":"177499","page_campaign_id":"","ecid":"","elqCampaignId":"","Formmodel":"flyout","Pagetype":"Press Release","g-recaptcha-response":"0cAFcWeA4CyqEeyTpALxm5QlqQl7Bpf2Nx2uETrs44mDarBrs9mMLa-5oMotI1TMcLjgmIWDbvs1g2H-guzH8Gpj8zQPsfyFSr1Z5Nl-HqILUrxVdij7Dvs5ZnBcLtK9FopdzoW65xvAqeDfCrD4beG4_zQ1_UIaGrPThtATRN7vC0-M5XYSh580cN0oyJRe1rnFaU1y77OUTk1bjUyiNltVsxF5pie3cJF0efQvOCFrMFAsqHipRCMYf-xx2oz8uqXZnCfIe1h9xFoUXhVdMzKI_tTIAWsKwC0zm7XQ-tFTvCZLoh2tIEm4JtUwOvT-UfGmtaR-lAIOyjw4JQCt-ZXeKkgmpx_KBBRC40jwiYg0rFh7WCsne6_p5EmDqB9p49VwJ3G4ycHMzCzIYw3eDofckDme2gy_L5Spm_TVUI3OrRp1kyEqWIZhZq5NpYTJE-DhJZo3dRkkviT_L1bqHejBaI40YZQyQDvBWnKhlBUc3hqjv6HsjCAn6ANrPAqI8O5nRqrs2YkNeHFEJ2lpSaF0BO3eY0UlmRLjHIRTNRfNhEvlMdJanvh-eOz9FUDQBLCIbZw2uDmb-PP8721PtF7eZLWEET03zTWkG4cbPuay4A1wDk6tYOtEcXmpG98PmfPO04NJkLZS50nsq8FeJ4F_SMWqvYxOF_dYVuwUaS0OT1CZAUbDDt45tL36hIlyxLFKHHJbA84N9m-8XbDV-kC8niB6QxRU9XVVedd8cIBH1uKttasqY2INnsi2j2_hYWv0BQ2nPmdINitYeKBaSQ7eadFzgr3qeSqkUUJSl7jcQD1Vx4vWCeHTuR42MfOmKYYgjRtWGkkKUWYIX2MIuiXzbEZ32yZ8PmT8M6wUtKr2w1BS7TuP8p9irBFxwBgev1Kc2NBGQ9FNsH3WjG_2NW5Cm5eUp1-Y0MzLSHZsnqcI7o0KiqWagK1kigjgtGCRhVjzDtn5s4t7c9ZkmcxAdPSvseVVatef2l_o27e0-AoCCyfVeq7zq5rMtXpgV44FJGhT3ooTvGWPV9NQZ_3XSZPlW2aSU2tS2U0Hbd89vrLcWMU-62UThFEHfClMjuulbEBOYAO92iFkcomT1jPRUhO-G9ojlYeIzZWQKj7SZQBkzMW7rzQvz94hBlcZc0UFIVyA237bFf3-N0oLgT3Zh1839RyZ-SYQlJUylngKGmwIwD2V2glEVT1S33rGWzU_uWf-WaaKAD7R88e1mBZr_snx-UXIV3lL52k2fbxNzRPM51oKufi3HIBIPyA7O9-fT-Awgi9y8_oTbSo46UNG6tkO0m0KpDUPa89ZRi_PpmKp9Q8v9DPC_f8-kACHLN7flM11BMLv9IQVQQdvClGAvTdD67stK7wqWTq5GEDgqj6O_fS5rxwuiV8LPw6nyjx_PUzhy1RAwFdmR6CaP4NDLsU4a6tYtbYM-zpAeXOoLQo0YPbxqISh0JtjY0kIrDGNTahZSnEFzkG0Oej6d-So-9M5GU-i-IAcWbGAJH4euwgCKn4c5dea5AkLnndxy8UARNg3FATOtGm75Fcsrhcu4sMBiVib8_rUFNxwGsgAfFvULn-VemCYuvrDXPDTAtyCeyg6RkjZsH7KTYYKTBvC6qRUymFglIeg3mmjMweW1NefalYMubCX_OmVL6CJwDthRRs_O6e__50T8TLvkFJcTndUOsSJOwMOvxlYEoVqIkLXfE6kIlQpW5fTg3ny1ojqfV6z0cYSHATezHCIB9PKW8xrMuET_nEaqNKQ"}
formSubmissionId = BRJ4YLP50-1768802361410
fullURL = https://www-dev.broadridge.com/press-release/2012/jose-contin-to-lead-broadridge-city-networks-expansion-in-emea
page comparison URL = https://www-dev.broadridge.com/press-release/2012/jose-contin-to-lead-broadridge-city-networks-expansion-in-emea
................Header Contact Us Form Filled...................
V2 ContactUs form NOT found on the bottom
V2 Download form NOT found on the bottom
no cookie button
header ContactUs button found = true
emailTimeStamp = automated_TESTTEST_2026-01-19_05_59_58@broadridge.com
📤 Form payload = {"formSubmissionId":"BRRWKQURK-1768802401656","elqFormName":"","elqSiteID":"","datalayerheader":"","contact":"","formgtm":"","elqCustomerGUID":"","elqCookieWrite":"","segment":"","name_first":"First_34368_TESTTEST","name_last":"Last_34368_TESTTEST","email_work":"automated_TESTTEST_2026-01-19_05_59_58@broadridge.com","phone_business":"999-999-9999","job_title":"Job_34368_TESTTEST","Company":"Company_34368_TESTTEST","country":"United States","comment":"This is an automated test submission.  Please ignore.","id":"","so":"","di":"","ct":"","ep":"","ot":"","mt":"","yr":"","rg":"","on":"","sub-source":"","campaignMostRecentID":"","content-id":"","orig-channel":"","campaign-name":"","campaignMostRecentName":"","campaignMostRecentSource":"","campaignMostRecentMedium":"","campaignMostRecentContent":"","campaignMostRecentTerm":"","campaignMostRecentContentID":"","campaignMostRecentSubSource":"","Persistent_utm_medium":"","Persistent_utm_source":"","Persistent_utm_term":"","Persistent_utm_campaign":"","Persistent_Sub_Source":"","Persistent_Content_ID":"","Persistent_Campaign_ID":"","Persistent_utm_content":"","Session_utm_medium":"","Session_utm_source":"","Session_utm_term":"","Session_utm_campaign":"","Session_Sub_Source":"","Session_Content_ID":"","Session_Campaign_ID":"701RN00000RbnVLYAZ","Session_utm_content":"","inquiry":"Gen Enq","fullURL":"https://www-dev.broadridge.com/press-release/2012/broadridge-reports-fourth-quarter-and-fiscal-year-2012-results","page_id":"177479","page_campaign_id":"","ecid":"","elqCampaignId":"","Formmodel":"flyout","Pagetype":"Press Release","g-recaptcha-response":"0cAFcWeA4tivgZu7d6_HL8_fhX0QfuncOES9Cl11WTOGqEPh3A57UmArc0LlZuKGc5mvDAyS5oMzEzMNToQvCxg6zFFpv8eVmRetx_kKjbpgeIcxHuT6c17gSta0EHiItgYPCk8fynt0B48Cg6y7J5D3kxqmpTwfIjvBSg0z6TTX_3GRZxzWlU6W5VxZCSqe51n8xQcacow517xqnYuVOW65NO-BarNlrJj-6Nu2GF5ghgJIzKmM4eNItUKSI7o7NOXfBtSw80wz3XTJj3RACLQddfZslR2eUehMPyp8jwUW_BR4tS0ZWcZ-OJ_QDcEL_WsBMz5hGm7iss7ZqH92RmyeQEOvvZ6VW45uvrW7LVZ7ucG5Dzwybo0zTdj5m1ouaU0R3L7sUIEmhVQktgZpnpf1jPZHtMtwd3GAx6dXfaKEYDDMlUEI_MvMWVfruJYy6B5Q9Cq_DEZILJI5kZc-X0n5dZEAYyk0_ieS0dT9Xgx3oQLeGYNKTGc8m_SAS4dyLCTkhpNgQWGE2iR0GFEsZrmfI8FWo9TUVsAHcCefnuuqLDwGfgyCLaxi6yNaju30PQ7qjzIWp-AO_S_08OS2WGzfMRalOrOaY3jQ2JvKkvt-LUrCzWh6WCvcZkwgQW42mbbFeQY6Mq0LQ85N0ssKaThz1e8bfLfgZLb4SF5AHMo9NFsm5FEutxghRB1zaJdQUPzTv5_8vCeXQYdtVeHyO92-WojpNPjqcohOyzCsneC0yf1OPTxt7ZXBu_P1Dv1hi8m-HNByB3s1spwEq7JzQH_1R3FX91X7kx85MLQZTey5yjx_Gl4su4P4NM0_kuW73qCqrxb2x9BV0GsPdx1oNv97Mu5JFdoUg1ABtKqkiHZktuy1P0JI5QZgn7gmykwcC7UgvjAFLo1Jwb_4pz2xa6I438PcUbszTD07up5kPkjGnHwfn4dQqjPmFgQLHLQ63smOsLwpOoprOyN08ei7MN_QwEWUiD6dmGHxACuY5M3gFX1aQOFwkrKcZ3prm42Q8OS2VmRcjonlTpOAXjDOQXMD_28SmU_1edLMOQT4GBEyfvGlOV0S6GAGG-foovvW6_CM_sS1ICrM-YgLJv0-PAnri5IJ6mL81Z-QOWzgHk0WgxK7WeDiViFPP9vESyKNb95OvYvzV58BaQzz8VJVmKbdUdvMj0d2RtgCeMtKckj6YmFY4tkBb5oEyNK_jth-4xivXK2EhyF9aR4RqljStBbrjJ2gqljRpJwG0cAYI56dgfdtYKiQmi_GafRqA_kaKcTaBwrAbvnXJvk5emGKeiGKbKuD-9l6YXR4bVvMM99Aw5J3IO4R0BzR3zKikLpv9ImqPG8HnJUou0a_Any42rQtrCruBNqv01aA0fIogI_fJie16eEijCqknQQC0iWrvdlcn3Mhf_1VJVBYJcDAgrH3R7MYSwcllRN6t5Rw1zQCnBZCgXfHzlpSTacZi2BZZZbDgbVPzON3LR07huXpgQxfmR9_iJDqNedPspmiwa7pYkBLFH34nw01BgtjOYPGcU36f6_DG4x0SYWzbi9Q6NccFjMh9ozj3_8iPQ3f4p1FojtkcAgTI9tKDffj4xxc5TyQkBolX7o3BwzB-oW1vUhe2e6Q69viu5HbtdiZfylo-Tii41q7yW572G0VTnLcQfgnZYyPwSqS7iP7TqdRHJDLqPWqf8ZwzI7g"}
form message = Thank you for your interest in Broadridge.
A representative will contact you within 24 business hours.
formpayload for validation = {"formSubmissionId":"BRRWKQURK-1768802401656","elqFormName":"","elqSiteID":"","datalayerheader":"","contact":"","formgtm":"","elqCustomerGUID":"","elqCookieWrite":"","segment":"","name_first":"First_34368_TESTTEST","name_last":"Last_34368_TESTTEST","email_work":"automated_TESTTEST_2026-01-19_05_59_58@broadridge.com","phone_business":"999-999-9999","job_title":"Job_34368_TESTTEST","Company":"Company_34368_TESTTEST","country":"United States","comment":"This is an automated test submission.  Please ignore.","id":"","so":"","di":"","ct":"","ep":"","ot":"","mt":"","yr":"","rg":"","on":"","sub-source":"","campaignMostRecentID":"","content-id":"","orig-channel":"","campaign-name":"","campaignMostRecentName":"","campaignMostRecentSource":"","campaignMostRecentMedium":"","campaignMostRecentContent":"","campaignMostRecentTerm":"","campaignMostRecentContentID":"","campaignMostRecentSubSource":"","Persistent_utm_medium":"","Persistent_utm_source":"","Persistent_utm_term":"","Persistent_utm_campaign":"","Persistent_Sub_Source":"","Persistent_Content_ID":"","Persistent_Campaign_ID":"","Persistent_utm_content":"","Session_utm_medium":"","Session_utm_source":"","Session_utm_term":"","Session_utm_campaign":"","Session_Sub_Source":"","Session_Content_ID":"","Session_Campaign_ID":"701RN00000RbnVLYAZ","Session_utm_content":"","inquiry":"Gen Enq","fullURL":"https://www-dev.broadridge.com/press-release/2012/broadridge-reports-fourth-quarter-and-fiscal-year-2012-results","page_id":"177479","page_campaign_id":"","ecid":"","elqCampaignId":"","Formmodel":"flyout","Pagetype":"Press Release","g-recaptcha-response":"0cAFcWeA4tivgZu7d6_HL8_fhX0QfuncOES9Cl11WTOGqEPh3A57UmArc0LlZuKGc5mvDAyS5oMzEzMNToQvCxg6zFFpv8eVmRetx_kKjbpgeIcxHuT6c17gSta0EHiItgYPCk8fynt0B48Cg6y7J5D3kxqmpTwfIjvBSg0z6TTX_3GRZxzWlU6W5VxZCSqe51n8xQcacow517xqnYuVOW65NO-BarNlrJj-6Nu2GF5ghgJIzKmM4eNItUKSI7o7NOXfBtSw80wz3XTJj3RACLQddfZslR2eUehMPyp8jwUW_BR4tS0ZWcZ-OJ_QDcEL_WsBMz5hGm7iss7ZqH92RmyeQEOvvZ6VW45uvrW7LVZ7ucG5Dzwybo0zTdj5m1ouaU0R3L7sUIEmhVQktgZpnpf1jPZHtMtwd3GAx6dXfaKEYDDMlUEI_MvMWVfruJYy6B5Q9Cq_DEZILJI5kZc-X0n5dZEAYyk0_ieS0dT9Xgx3oQLeGYNKTGc8m_SAS4dyLCTkhpNgQWGE2iR0GFEsZrmfI8FWo9TUVsAHcCefnuuqLDwGfgyCLaxi6yNaju30PQ7qjzIWp-AO_S_08OS2WGzfMRalOrOaY3jQ2JvKkvt-LUrCzWh6WCvcZkwgQW42mbbFeQY6Mq0LQ85N0ssKaThz1e8bfLfgZLb4SF5AHMo9NFsm5FEutxghRB1zaJdQUPzTv5_8vCeXQYdtVeHyO92-WojpNPjqcohOyzCsneC0yf1OPTxt7ZXBu_P1Dv1hi8m-HNByB3s1spwEq7JzQH_1R3FX91X7kx85MLQZTey5yjx_Gl4su4P4NM0_kuW73qCqrxb2x9BV0GsPdx1oNv97Mu5JFdoUg1ABtKqkiHZktuy1P0JI5QZgn7gmykwcC7UgvjAFLo1Jwb_4pz2xa6I438PcUbszTD07up5kPkjGnHwfn4dQqjPmFgQLHLQ63smOsLwpOoprOyN08ei7MN_QwEWUiD6dmGHxACuY5M3gFX1aQOFwkrKcZ3prm42Q8OS2VmRcjonlTpOAXjDOQXMD_28SmU_1edLMOQT4GBEyfvGlOV0S6GAGG-foovvW6_CM_sS1ICrM-YgLJv0-PAnri5IJ6mL81Z-QOWzgHk0WgxK7WeDiViFPP9vESyKNb95OvYvzV58BaQzz8VJVmKbdUdvMj0d2RtgCeMtKckj6YmFY4tkBb5oEyNK_jth-4xivXK2EhyF9aR4RqljStBbrjJ2gqljRpJwG0cAYI56dgfdtYKiQmi_GafRqA_kaKcTaBwrAbvnXJvk5emGKeiGKbKuD-9l6YXR4bVvMM99Aw5J3IO4R0BzR3zKikLpv9ImqPG8HnJUou0a_Any42rQtrCruBNqv01aA0fIogI_fJie16eEijCqknQQC0iWrvdlcn3Mhf_1VJVBYJcDAgrH3R7MYSwcllRN6t5Rw1zQCnBZCgXfHzlpSTacZi2BZZZbDgbVPzON3LR07huXpgQxfmR9_iJDqNedPspmiwa7pYkBLFH34nw01BgtjOYPGcU36f6_DG4x0SYWzbi9Q6NccFjMh9ozj3_8iPQ3f4p1FojtkcAgTI9tKDffj4xxc5TyQkBolX7o3BwzB-oW1vUhe2e6Q69viu5HbtdiZfylo-Tii41q7yW572G0VTnLcQfgnZYyPwSqS7iP7TqdRHJDLqPWqf8ZwzI7g"}
formSubmissionId = BRRWKQURK-1768802401656
fullURL = https://www-dev.broadridge.com/press-release/2012/broadridge-reports-fourth-quarter-and-fiscal-year-2012-results
page comparison URL = https://www-dev.broadridge.com/press-release/2012/broadridge-reports-fourth-quarter-and-fiscal-year-2012-results
................Header Contact Us Form Filled...................
V2 ContactUs form NOT found on the bottom
V2 Download form NOT found on the bottom
no cookie button
header ContactUs button found = true
emailTimeStamp = automated_TESTTEST_2026-01-19_06_00_39@broadridge.com
📤 Form payload = {"formSubmissionId":"BR6IJ2364-1768802441815","elqFormName":"","elqSiteID":"","datalayerheader":"","contact":"","formgtm":"","elqCustomerGUID":"","elqCookieWrite":"","segment":"","name_first":"First_34368_TESTTEST","name_last":"Last_34368_TESTTEST","email_work":"automated_TESTTEST_2026-01-19_06_00_39@broadridge.com","phone_business":"999-999-9999","job_title":"Job_34368_TESTTEST","Company":"Company_34368_TESTTEST","country":"United States","comment":"This is an automated test submission.  Please ignore.","id":"","so":"","di":"","ct":"","ep":"","ot":"","mt":"","yr":"","rg":"","on":"","sub-source":"","campaignMostRecentID":"","content-id":"","orig-channel":"","campaign-name":"","campaignMostRecentName":"","campaignMostRecentSource":"","campaignMostRecentMedium":"","campaignMostRecentContent":"","campaignMostRecentTerm":"","campaignMostRecentContentID":"","campaignMostRecentSubSource":"","Persistent_utm_medium":"","Persistent_utm_source":"","Persistent_utm_term":"","Persistent_utm_campaign":"","Persistent_Sub_Source":"","Persistent_Content_ID":"","Persistent_Campaign_ID":"","Persistent_utm_content":"","Session_utm_medium":"","Session_utm_source":"","Session_utm_term":"","Session_utm_campaign":"","Session_Sub_Source":"","Session_Content_ID":"","Session_Campaign_ID":"701RN00000RbnVLYAZ","Session_utm_content":"","inquiry":"Gen Enq","fullURL":"https://www-dev.broadridge.com/press-release/2012/renowned-keynote-speakers-to-take-stage","page_id":"177730","page_campaign_id":"","ecid":"","elqCampaignId":"","Formmodel":"flyout","Pagetype":"Press Release","g-recaptcha-response":"0cAFcWeA6xjACkmgBmXR6k-whNXMCL25fNmFCgz2opFDVeh2pATJFfGjJ79dMMB-DY7YHACa-h2_80TeJ7lk1Gnh-1-VPDfSlBO37tBKj7qQ4QdwW5bUyvs8IE_X8eRuVNdN8qKBlgdMIDaK2OwZ8bzIGDqAgxC0taxH4E5eeX16VxVLYbGpGhWG6ox19TKOCjc9_Z0cDANs7hw_Z9LbyDn7GMfXSjNL_9sD66L2Ft2oMzd1YWNq0pjw8380OBvil_26RVvNepPyYx2dudi0CiPkHZODudPbFsQYA8uyMYLS5VxKBM757jFO4TCTQobEpzIT4czzkmxPD2FdLfTyod_txI3eDtc1YLJ3tditXI1Eo32jev_-3HsWlziRHuPkT2AjRQpRylES_OaMwCfKSemUxnR5339PwwGL1SGIyrKaFrw0m4UzEN0LcKzT_lAB0GXWytp66F1EITeSWr8OXdUwCgisaCoVARZwBj0H9RYtZNv6RshQmGH_chvdWvk9mBIkQIcYq6tppeCjqQqvvt3R1AC9zHVHWLhXXiGVtVwRxhBdcc12bE0zCmBSJZoFEy6Fi-V1OZuMa59E0pwcZBh0FBeJMTzH2uFcU9O5dX_iglsBTXthgccUNHdf6MrtsF0CEsvLXXNrXx_BxQgQBzpM6GJNMIH9I30Q6hcX9fv_r8FT_niBoAQ7Uq180gPAUJQ5uoKUOSaZXZkpUnBGka6eunFgiDd3Dada5k8tQ8LCF4HR-gYqBxV5mEC3iY0ls0LmMfQEYo3uEmhEgz4_b31tjEjwEZThJJd-WSs0UcNYS50UZPcTpRhKxxDI5fZtu8fuIvhUk1uOaAQDopjeZF-bYU18yahoIoiV3VQ7ODu7BUKacWQVcBz73JkDY3LcOlgMn7WuulLvBEfkB9NXTHAkp2HrMtO0WBrnnIDF59teLD3Z8Fp1mse8UqiqcA_BYAKd7iJCchMIhEC0D4ikHZi-_I3kAwqvByYhWnvI59zEMlKpz5DegFRjFoFDotX4IZCGsyeWVuRLiAh9t67XJSpDeeV7y0MRFlqqHuK39bAxDGHI7Jy8xPilCng6AwgiuhmsX1hEsJZK595d83Ub-1XNDdGEa6lWq5XqgWIZ_Fs_u-X33CfZUPIYbEO2snokM4E3V1GeOBHt2_OURkSe9pRJpHCmg4uZqTh6N4SBqX3AaOvZgbePSjiUFviuoZvaU95OetG9rPippz-CGHBcOx0vt8oi6bhzBVpyqVw30E1DrRnkHWBrGmQbpMIm2M3DFhqWwEIFxzjIsm3EYmjZhHiwD6l9r7aMg_bXL_h4bNc5BBa7LnGaqg2ns9Wxs1UpAgQcq9OXCqDFtTaFKXX4OFM53FuE_32jT4wX8TdVgyttOwzZx9FWrOtb_Og-SmpiILxUnO2TKdu1hYaOK0SWlTrhlf-lLDLQEKmTxBqi3NfzPbjnrCVRV2mI76n00ikHD0C5mVRs4JF7IkfqzIhTwYn2pDWd2gSz2-8FTjNcNncaGe0FBf5J8ACsoXzLVyvyn5Q7POF33Oov6ioWBJG-PkBee9YWv1qOi81Ty_4_Y8LbCK7S6sNCS94JQdhWR1YlSyc50qfRtDuav5xTMVKImMrvsPZrWz36o5q3y4OmYqNfxs4vJ7T0kIy5IWVPC_WmA1VXBb3NsbnOmaPzSmlbJiwdCo_SuYj7lj8jureQNqkq79exXQV1Nk7fyv82qo3LryWzuVUmtkdOacnSI-WvieIzT0UgQRv9MIIQ"}
form message = Thank you for your interest in Broadridge.
A representative will contact you within 24 business hours.
formpayload for validation = {"formSubmissionId":"BR6IJ2364-1768802441815","elqFormName":"","elqSiteID":"","datalayerheader":"","contact":"","formgtm":"","elqCustomerGUID":"","elqCookieWrite":"","segment":"","name_first":"First_34368_TESTTEST","name_last":"Last_34368_TESTTEST","email_work":"automated_TESTTEST_2026-01-19_06_00_39@broadridge.com","phone_business":"999-999-9999","job_title":"Job_34368_TESTTEST","Company":"Company_34368_TESTTEST","country":"United States","comment":"This is an automated test submission.  Please ignore.","id":"","so":"","di":"","ct":"","ep":"","ot":"","mt":"","yr":"","rg":"","on":"","sub-source":"","campaignMostRecentID":"","content-id":"","orig-channel":"","campaign-name":"","campaignMostRecentName":"","campaignMostRecentSource":"","campaignMostRecentMedium":"","campaignMostRecentContent":"","campaignMostRecentTerm":"","campaignMostRecentContentID":"","campaignMostRecentSubSource":"","Persistent_utm_medium":"","Persistent_utm_source":"","Persistent_utm_term":"","Persistent_utm_campaign":"","Persistent_Sub_Source":"","Persistent_Content_ID":"","Persistent_Campaign_ID":"","Persistent_utm_content":"","Session_utm_medium":"","Session_utm_source":"","Session_utm_term":"","Session_utm_campaign":"","Session_Sub_Source":"","Session_Content_ID":"","Session_Campaign_ID":"701RN00000RbnVLYAZ","Session_utm_content":"","inquiry":"Gen Enq","fullURL":"https://www-dev.broadridge.com/press-release/2012/renowned-keynote-speakers-to-take-stage","page_id":"177730","page_campaign_id":"","ecid":"","elqCampaignId":"","Formmodel":"flyout","Pagetype":"Press Release","g-recaptcha-response":"0cAFcWeA6xjACkmgBmXR6k-whNXMCL25fNmFCgz2opFDVeh2pATJFfGjJ79dMMB-DY7YHACa-h2_80TeJ7lk1Gnh-1-VPDfSlBO37tBKj7qQ4QdwW5bUyvs8IE_X8eRuVNdN8qKBlgdMIDaK2OwZ8bzIGDqAgxC0taxH4E5eeX16VxVLYbGpGhWG6ox19TKOCjc9_Z0cDANs7hw_Z9LbyDn7GMfXSjNL_9sD66L2Ft2oMzd1YWNq0pjw8380OBvil_26RVvNepPyYx2dudi0CiPkHZODudPbFsQYA8uyMYLS5VxKBM757jFO4TCTQobEpzIT4czzkmxPD2FdLfTyod_txI3eDtc1YLJ3tditXI1Eo32jev_-3HsWlziRHuPkT2AjRQpRylES_OaMwCfKSemUxnR5339PwwGL1SGIyrKaFrw0m4UzEN0LcKzT_lAB0GXWytp66F1EITeSWr8OXdUwCgisaCoVARZwBj0H9RYtZNv6RshQmGH_chvdWvk9mBIkQIcYq6tppeCjqQqvvt3R1AC9zHVHWLhXXiGVtVwRxhBdcc12bE0zCmBSJZoFEy6Fi-V1OZuMa59E0pwcZBh0FBeJMTzH2uFcU9O5dX_iglsBTXthgccUNHdf6MrtsF0CEsvLXXNrXx_BxQgQBzpM6GJNMIH9I30Q6hcX9fv_r8FT_niBoAQ7Uq180gPAUJQ5uoKUOSaZXZkpUnBGka6eunFgiDd3Dada5k8tQ8LCF4HR-gYqBxV5mEC3iY0ls0LmMfQEYo3uEmhEgz4_b31tjEjwEZThJJd-WSs0UcNYS50UZPcTpRhKxxDI5fZtu8fuIvhUk1uOaAQDopjeZF-bYU18yahoIoiV3VQ7ODu7BUKacWQVcBz73JkDY3LcOlgMn7WuulLvBEfkB9NXTHAkp2HrMtO0WBrnnIDF59teLD3Z8Fp1mse8UqiqcA_BYAKd7iJCchMIhEC0D4ikHZi-_I3kAwqvByYhWnvI59zEMlKpz5DegFRjFoFDotX4IZCGsyeWVuRLiAh9t67XJSpDeeV7y0MRFlqqHuK39bAxDGHI7Jy8xPilCng6AwgiuhmsX1hEsJZK595d83Ub-1XNDdGEa6lWq5XqgWIZ_Fs_u-X33CfZUPIYbEO2snokM4E3V1GeOBHt2_OURkSe9pRJpHCmg4uZqTh6N4SBqX3AaOvZgbePSjiUFviuoZvaU95OetG9rPippz-CGHBcOx0vt8oi6bhzBVpyqVw30E1DrRnkHWBrGmQbpMIm2M3DFhqWwEIFxzjIsm3EYmjZhHiwD6l9r7aMg_bXL_h4bNc5BBa7LnGaqg2ns9Wxs1UpAgQcq9OXCqDFtTaFKXX4OFM53FuE_32jT4wX8TdVgyttOwzZx9FWrOtb_Og-SmpiILxUnO2TKdu1hYaOK0SWlTrhlf-lLDLQEKmTxBqi3NfzPbjnrCVRV2mI76n00ikHD0C5mVRs4JF7IkfqzIhTwYn2pDWd2gSz2-8FTjNcNncaGe0FBf5J8ACsoXzLVyvyn5Q7POF33Oov6ioWBJG-PkBee9YWv1qOi81Ty_4_Y8LbCK7S6sNCS94JQdhWR1YlSyc50qfRtDuav5xTMVKImMrvsPZrWz36o5q3y4OmYqNfxs4vJ7T0kIy5IWVPC_WmA1VXBb3NsbnOmaPzSmlbJiwdCo_SuYj7lj8jureQNqkq79exXQV1Nk7fyv82qo3LryWzuVUmtkdOacnSI-WvieIzT0UgQRv9MIIQ"}
formSubmissionId = BR6IJ2364-1768802441815
fullURL = https://www-dev.broadridge.com/press-release/2012/renowned-keynote-speakers-to-take-stage
page comparison URL = https://www-dev.broadridge.com/press-release/2012/renowned-keynote-speakers-to-take-stage
................Header Contact Us Form Filled...................
V2 ContactUs form NOT found on the bottom
V2 Download form NOT found on the bottom
no cookie button
header ContactUs button found = true
emailTimeStamp = automated_TESTTEST_2026-01-19_06_01_19@broadridge.com
📤 Form payload = {"formSubmissionId":"BRLIBRATZ-1768802481932","elqFormName":"","elqSiteID":"","datalayerheader":"","contact":"","formgtm":"","elqCustomerGUID":"","elqCookieWrite":"","segment":"","name_first":"First_34368_TESTTEST","name_last":"Last_34368_TESTTEST","email_work":"automated_TESTTEST_2026-01-19_06_01_19@broadridge.com","phone_business":"999-999-9999","job_title":"Job_34368_TESTTEST","Company":"Company_34368_TESTTEST","country":"United States","comment":"This is an automated test submission.  Please ignore.","id":"","so":"","di":"","ct":"","ep":"","ot":"","mt":"","yr":"","rg":"","on":"","sub-source":"","campaignMostRecentID":"","content-id":"","orig-channel":"","campaign-name":"","campaignMostRecentName":"","campaignMostRecentSource":"","campaignMostRecentMedium":"","campaignMostRecentContent":"","campaignMostRecentTerm":"","campaignMostRecentContentID":"","campaignMostRecentSubSource":"","Persistent_utm_medium":"","Persistent_utm_source":"","Persistent_utm_term":"","Persistent_utm_campaign":"","Persistent_Sub_Source":"","Persistent_Content_ID":"","Persistent_Campaign_ID":"","Persistent_utm_content":"","Session_utm_medium":"","Session_utm_source":"","Session_utm_term":"","Session_utm_campaign":"","Session_Sub_Source":"","Session_Content_ID":"","Session_Campaign_ID":"701RN00000RbnVLYAZ","Session_utm_content":"","inquiry":"Gen Enq","fullURL":"https://www-dev.broadridge.com/press-release/2012/united-planners-adds-broadridges-matrix-to-qualified-plan-platform","page_id":"177733","page_campaign_id":"","ecid":"","elqCampaignId":"","Formmodel":"flyout","Pagetype":"Press Release","g-recaptcha-response":"0cAFcWeA67dW_Yv2ABxOpEZlYsqKHlCQInm5Rz6X7WvhiB2Gn4pFFTxl675l3FxBAv-X2W1NsHruntX1q7WKpf4mmUHgKltQ20bC_xH9Ccbh8qPF7bgmmW6E34_iDWDik-aBBJ35PaNRWSfgzaKaaLGf9jShQbxo4By5nFlksm1bi9L1S7Zlt3D31GKsYgwhS9L4PYCT1FacGJGXVG5YCWjTDu-eSAOo-bu56XPx5Grr7BK4wjKu_sZyOKqSHBwy8hq2mOm4fgsiHngxFwnzGTvGOoAhfR1J99jiqD78pAo-mGH9kK-01CBKSTXJyZcK3r3FEJUWiGK_hzDy11Vose9SfA_M-4qxfhYZOXeWvQe2_rcOUP0K2RqPoq3RDS8b8cgpAzaXsihicuM1t0Pft9io4gH7Z7SA9_AuWqSVPZgNqSFgpBI9JcMk5UcBwTfhQIo1frGC08DPGpQA76e6EuJLsdgSYn1Gxp7rNdplxbUBB7q_qs8eqKP8GYHJ-ivhk_IfmB1rcoZwE9UyS9eddi8DP_s5Thrdt2BxM35PnGb_8HzuoG5ELP2sbF54nnuAenGDQzJC_IIvg1uNrl-BbZu9-D1s9m2FVcSvm0cwGTkBOXH3LIY3v2I2Lg_29Jj8OvfKrWpUiw7P_TbbuvPjYrpzsvG-i2zfSYAFF9Cv0-u7z5jIA3QGbxqrWKCAuV1WH4WSfHFjJIiYXhILYvfu-WkvVUXQtXnkS2zUOL3SFQnsLIzAaT8lv-sbL5z0Kyq_Q56UwpaOUOdZ43BAoi_ndHO3chtVz_-wr3n3BoxwSZFPGMowDOmGacB0S3m9XRjNniduC6OO5y6PLIvo8FlXWI9tYrhcxnP-7Y2gR-zGBHVfNTVVR660KNMe01ihsovHzw59xkpFuYdaFJwclVCRnChMfjFwgDgwLjU_XOukP75VxI1Kn8llUG4UNohc3JFvkCpRf7IkGE2oS6tg6PxNmQjgDHbgCypVtmiI9I0hC2ab_DlX4xXektEpZ-dpLqQRQwd96aHzbsk6QZA7FIjhUeK-EQT9nZDgiXu0b0AOUxjAga2CKJzfksrTUTdeGD-k2APmW6QSzdeIOw-QuWFvGfOVQu4YMzOb0HvtKH5GDE-biB9DpHUqtB1rF-Bkm3FAUqiRpJu0hu6Dg-Jhea022MRnK9sownWd004lW8U_oD-jDiLd_UrKAaTIFEEZ1pPk7OvCbtC_IRcq0-uIR26Mwtha1FD682wA1Q33uuw4tnb7ciHHeva-2CE3rOsI--KsLnXuupQH5oC3oymvSgTNVJU2MtTD4Y7J5UVNXBTJfvPbWXzw1Lj1m2pPSUftXF8XliasnBgDTiByIqzCYX3kF1cYlT6ilVq7ByUkF4i2waCDJmRTlMvPBjyFRfF9ycuagiWmo9g0jKImtx3xhwgPpJA9sH6_6TWTuvNHgNAzM3PKwj12yvAKBNDB_02NjtM1rMI0CDRHfYgsm6FvyvCOd5aY5fOngj_eheamO6Z0ka15U8HZS8lqk1vqXu64IND1geS3QCKpIHsh231PmqwTftSI3dQjsnlXT09xXE9TGVmzkT6VXO0FwxGz1dP_MS-YHAt9_aet-HZYdnS3U5-LsywICrzZVFibIUSFzrVgNshWEvSKYgiEiU_x8azuPjt6wlHvq4-RUqKYms_YAVBP5Eu98_bhFQrFoffwy4qp0XCg4EZJN_h-Aa5Gq-0O7P8sYMHz4ffOiXoRA1"}
form message = Thank you for your interest in Broadridge.
A representative will contact you within 24 business hours.
formpayload for validation = {"formSubmissionId":"BRLIBRATZ-1768802481932","elqFormName":"","elqSiteID":"","datalayerheader":"","contact":"","formgtm":"","elqCustomerGUID":"","elqCookieWrite":"","segment":"","name_first":"First_34368_TESTTEST","name_last":"Last_34368_TESTTEST","email_work":"automated_TESTTEST_2026-01-19_06_01_19@broadridge.com","phone_business":"999-999-9999","job_title":"Job_34368_TESTTEST","Company":"Company_34368_TESTTEST","country":"United States","comment":"This is an automated test submission.  Please ignore.","id":"","so":"","di":"","ct":"","ep":"","ot":"","mt":"","yr":"","rg":"","on":"","sub-source":"","campaignMostRecentID":"","content-id":"","orig-channel":"","campaign-name":"","campaignMostRecentName":"","campaignMostRecentSource":"","campaignMostRecentMedium":"","campaignMostRecentContent":"","campaignMostRecentTerm":"","campaignMostRecentContentID":"","campaignMostRecentSubSource":"","Persistent_utm_medium":"","Persistent_utm_source":"","Persistent_utm_term":"","Persistent_utm_campaign":"","Persistent_Sub_Source":"","Persistent_Content_ID":"","Persistent_Campaign_ID":"","Persistent_utm_content":"","Session_utm_medium":"","Session_utm_source":"","Session_utm_term":"","Session_utm_campaign":"","Session_Sub_Source":"","Session_Content_ID":"","Session_Campaign_ID":"701RN00000RbnVLYAZ","Session_utm_content":"","inquiry":"Gen Enq","fullURL":"https://www-dev.broadridge.com/press-release/2012/united-planners-adds-broadridges-matrix-to-qualified-plan-platform","page_id":"177733","page_campaign_id":"","ecid":"","elqCampaignId":"","Formmodel":"flyout","Pagetype":"Press Release","g-recaptcha-response":"0cAFcWeA67dW_Yv2ABxOpEZlYsqKHlCQInm5Rz6X7WvhiB2Gn4pFFTxl675l3FxBAv-X2W1NsHruntX1q7WKpf4mmUHgKltQ20bC_xH9Ccbh8qPF7bgmmW6E34_iDWDik-aBBJ35PaNRWSfgzaKaaLGf9jShQbxo4By5nFlksm1bi9L1S7Zlt3D31GKsYgwhS9L4PYCT1FacGJGXVG5YCWjTDu-eSAOo-bu56XPx5Grr7BK4wjKu_sZyOKqSHBwy8hq2mOm4fgsiHngxFwnzGTvGOoAhfR1J99jiqD78pAo-mGH9kK-01CBKSTXJyZcK3r3FEJUWiGK_hzDy11Vose9SfA_M-4qxfhYZOXeWvQe2_rcOUP0K2RqPoq3RDS8b8cgpAzaXsihicuM1t0Pft9io4gH7Z7SA9_AuWqSVPZgNqSFgpBI9JcMk5UcBwTfhQIo1frGC08DPGpQA76e6EuJLsdgSYn1Gxp7rNdplxbUBB7q_qs8eqKP8GYHJ-ivhk_IfmB1rcoZwE9UyS9eddi8DP_s5Thrdt2BxM35PnGb_8HzuoG5ELP2sbF54nnuAenGDQzJC_IIvg1uNrl-BbZu9-D1s9m2FVcSvm0cwGTkBOXH3LIY3v2I2Lg_29Jj8OvfKrWpUiw7P_TbbuvPjYrpzsvG-i2zfSYAFF9Cv0-u7z5jIA3QGbxqrWKCAuV1WH4WSfHFjJIiYXhILYvfu-WkvVUXQtXnkS2zUOL3SFQnsLIzAaT8lv-sbL5z0Kyq_Q56UwpaOUOdZ43BAoi_ndHO3chtVz_-wr3n3BoxwSZFPGMowDOmGacB0S3m9XRjNniduC6OO5y6PLIvo8FlXWI9tYrhcxnP-7Y2gR-zGBHVfNTVVR660KNMe01ihsovHzw59xkpFuYdaFJwclVCRnChMfjFwgDgwLjU_XOukP75VxI1Kn8llUG4UNohc3JFvkCpRf7IkGE2oS6tg6PxNmQjgDHbgCypVtmiI9I0hC2ab_DlX4xXektEpZ-dpLqQRQwd96aHzbsk6QZA7FIjhUeK-EQT9nZDgiXu0b0AOUxjAga2CKJzfksrTUTdeGD-k2APmW6QSzdeIOw-QuWFvGfOVQu4YMzOb0HvtKH5GDE-biB9DpHUqtB1rF-Bkm3FAUqiRpJu0hu6Dg-Jhea022MRnK9sownWd004lW8U_oD-jDiLd_UrKAaTIFEEZ1pPk7OvCbtC_IRcq0-uIR26Mwtha1FD682wA1Q33uuw4tnb7ciHHeva-2CE3rOsI--KsLnXuupQH5oC3oymvSgTNVJU2MtTD4Y7J5UVNXBTJfvPbWXzw1Lj1m2pPSUftXF8XliasnBgDTiByIqzCYX3kF1cYlT6ilVq7ByUkF4i2waCDJmRTlMvPBjyFRfF9ycuagiWmo9g0jKImtx3xhwgPpJA9sH6_6TWTuvNHgNAzM3PKwj12yvAKBNDB_02NjtM1rMI0CDRHfYgsm6FvyvCOd5aY5fOngj_eheamO6Z0ka15U8HZS8lqk1vqXu64IND1geS3QCKpIHsh231PmqwTftSI3dQjsnlXT09xXE9TGVmzkT6VXO0FwxGz1dP_MS-YHAt9_aet-HZYdnS3U5-LsywICrzZVFibIUSFzrVgNshWEvSKYgiEiU_x8azuPjt6wlHvq4-RUqKYms_YAVBP5Eu98_bhFQrFoffwy4qp0XCg4EZJN_h-Aa5Gq-0O7P8sYMHz4ffOiXoRA1"}
formSubmissionId = BRLIBRATZ-1768802481932
fullURL = https://www-dev.broadridge.com/press-release/2012/united-planners-adds-broadridges-matrix-to-qualified-plan-platform
page comparison URL = https://www-dev.broadridge.com/press-release/2012/united-planners-adds-broadridges-matrix-to-qualified-plan-platform
................Header Contact Us Form Filled...................
V2 ContactUs form NOT found on the bottom
V2 Download form NOT found on the bottom
no cookie button
header ContactUs button found = true
emailTimeStamp = automated_TESTTEST_2026-01-19_06_01_59@broadridge.com
📤 Form payload = {"formSubmissionId":"BR3STS8R4-1768802522178","elqFormName":"","elqSiteID":"","datalayerheader":"","contact":"","formgtm":"","elqCustomerGUID":"","elqCookieWrite":"","segment":"","name_first":"First_34368_TESTTEST","name_last":"Last_34368_TESTTEST","email_work":"automated_TESTTEST_2026-01-19_06_01_59@broadridge.com","phone_business":"999-999-9999","job_title":"Job_34368_TESTTEST","Company":"Company_34368_TESTTEST","country":"United States","comment":"This is an automated test submission.  Please ignore.","id":"","so":"","di":"","ct":"","ep":"","ot":"","mt":"","yr":"","rg":"","on":"","sub-source":"","campaignMostRecentID":"","content-id":"","orig-channel":"","campaign-name":"","campaignMostRecentName":"","campaignMostRecentSource":"","campaignMostRecentMedium":"","campaignMostRecentContent":"","campaignMostRecentTerm":"","campaignMostRecentContentID":"","campaignMostRecentSubSource":"","Persistent_utm_medium":"","Persistent_utm_source":"","Persistent_utm_term":"","Persistent_utm_campaign":"","Persistent_Sub_Source":"","Persistent_Content_ID":"","Persistent_Campaign_ID":"","Persistent_utm_content":"","Session_utm_medium":"","Session_utm_source":"","Session_utm_term":"","Session_utm_campaign":"","Session_Sub_Source":"","Session_Content_ID":"","Session_Campaign_ID":"701RN00000RbnVLYAZ","Session_utm_content":"","inquiry":"Gen Enq","fullURL":"https://www-dev.broadridge.com/press-release/2012/matrix-enhances-retiretoolkit-offering","page_id":"177725","page_campaign_id":"","ecid":"","elqCampaignId":"","Formmodel":"flyout","Pagetype":"Press Release","g-recaptcha-response":"0cAFcWeA6GBwrry89nK25MQcp3_awRRmin-ve6gn3M5aQhI4WoTI3FuzEkzNRkaWpUn10kn-OsmyRLpy3UU7vE-qTID1PCbiq0tFa5HLXQOaCnCGLkD9yfnb07zIwAP2jzFj4hj8535spBVmCAx3aaH18gFix5JF9D0eDDteBAu8mMuti7r65J2_GUTDz8jX-jQWV4EvH7HJrTP60hujojLLQxu-W2pWEvAiT3CzIxbWhz6FdYYROUO_PsqJZWbizkpreImjE_faHeOTqY3blIJFuQWKvA8oZK2qEQh1OX6AxqJ2e9ULx65bErChIWEKZC_MqSWlH4S4e06ErJQ9-bxmXA2WufVzk14FIVxQMhIYDYQwdYPkSd1cxiPLXQ6T2QER62Ts0PWFDfTJjJ78Rn3thIwnHBBxze0WqpGhkWeyHByILr2wXEgYQqF7130O1H6UWU4dyxJyDRelV9PYitPLhGiTPhdfH0KKWLtb4seck4oaEZetjLNiIZKe9BHZoyyfe3yOjb_nfWjdnGw_KNs8itOnVqtKri5aIwwFfUWDokrH3ZT9Ax5cGOUu6oBLcS9IpOPJ3VT546zcfaOY8MQIzuHAFZ_sJfH6eqbSTXVw-GkM1mNSr-ES-xsH9YCPLt9Ym3Sg26wewHJfU1M8KwcpqByy3wSCa0qb5-Fc-SkhbpL_f20TkvhrbXx6YwqyY5JJzomM87PiaJbmqLNn9Z0v4nMaKarBennPC-KvW4UAaHvsMzv5cDZW09pbb20XPy-vljS7hhzXUE1CrIIXYLapjOYoL2EUUF3OFtFKuM08E6rP0K4K8WzAt2hWvceRzRBp4yWtCxN_A2ZllUSCCb_y21MJlM__x2Qh6m2DB3mO9A5hxxa8XKMJfB0UuyKRB16-cBtPHfGYAuT9iTAnSv1uJCT5f_L0yW3lXRGTlXsEtTQhYj08e0BI4Gi7YIdy-kpmZPHtOBLxPhHzOJCJ4_G6AXmADN_WX-FU0KxwCvzHHaCxjqbEYMVD9-ZcZaAc1dLLTN_Wiv5lhSowKpeP-6Cb7rIqwsMFkiLmuhgwFyw81b_60WRn4cZMhjZz-YTA9v4KtvdpB5w7gURdT-PzgTnFZ7qCEMQM333Wx75bWzgb20GJeAfzIcCkZY-EQ1zKt9g_AvE03ARxNaFWSO_lEr30lelaEMWytTEzXNufI5H_IJF2yolosvTJQyDfUVxaRhC8NQihWhzL5a-bZEf0ZUOkS5EUMl_xtm9jfwSzX1CqGCUtP8c9SJxZWCb19xQgr38W1q3DXRZVUqt0tjMX-0M22jP-mCmtW5Ba87M5co2YZM445S-ATGS264JqtQBkfP1bmx8qxcsDUm1q_DRswH0RZ0HxXBW8JF_-mwkYnRgyo5jmVlv8PCleZVvas5blMRal5MDXvODhfzMwMmBOIVMaVpmMoIVNjnjHSq6GFlDNFsblX4hi0lPx4m0XuDHtI0kE6J2ytI1xJA3khtb0n50WJKKiJ_bZOfquWOaEIXi4uYZCyNszTSyo2iNsnKiORTuxiE5AVzLMrC8rG3qiwN91lAlNmogQBNvnWpfNh_pu3U3Nns0s0-OqOoveo4RBcQD7dC6AGyXFKRZFJSO_sZEXJ1fE7qSJnYrd91KrNqeOFSNyfL5tZDhSsjkrFKNrg3LGOZBEVmrHJoDqxzNGW18VK8mlXtVP8HeVZVmthvu_dFACiPUukQ7kLFuFnMx-5FMNemPST5vKwu"}
form message = Thank you for your interest in Broadridge.
A representative will contact you within 24 business hours.
formpayload for validation = {"formSubmissionId":"BR3STS8R4-1768802522178","elqFormName":"","elqSiteID":"","datalayerheader":"","contact":"","formgtm":"","elqCustomerGUID":"","elqCookieWrite":"","segment":"","name_first":"First_34368_TESTTEST","name_last":"Last_34368_TESTTEST","email_work":"automated_TESTTEST_2026-01-19_06_01_59@broadridge.com","phone_business":"999-999-9999","job_title":"Job_34368_TESTTEST","Company":"Company_34368_TESTTEST","country":"United States","comment":"This is an automated test submission.  Please ignore.","id":"","so":"","di":"","ct":"","ep":"","ot":"","mt":"","yr":"","rg":"","on":"","sub-source":"","campaignMostRecentID":"","content-id":"","orig-channel":"","campaign-name":"","campaignMostRecentName":"","campaignMostRecentSource":"","campaignMostRecentMedium":"","campaignMostRecentContent":"","campaignMostRecentTerm":"","campaignMostRecentContentID":"","campaignMostRecentSubSource":"","Persistent_utm_medium":"","Persistent_utm_source":"","Persistent_utm_term":"","Persistent_utm_campaign":"","Persistent_Sub_Source":"","Persistent_Content_ID":"","Persistent_Campaign_ID":"","Persistent_utm_content":"","Session_utm_medium":"","Session_utm_source":"","Session_utm_term":"","Session_utm_campaign":"","Session_Sub_Source":"","Session_Content_ID":"","Session_Campaign_ID":"701RN00000RbnVLYAZ","Session_utm_content":"","inquiry":"Gen Enq","fullURL":"https://www-dev.broadridge.com/press-release/2012/matrix-enhances-retiretoolkit-offering","page_id":"177725","page_campaign_id":"","ecid":"","elqCampaignId":"","Formmodel":"flyout","Pagetype":"Press Release","g-recaptcha-response":"0cAFcWeA6GBwrry89nK25MQcp3_awRRmin-ve6gn3M5aQhI4WoTI3FuzEkzNRkaWpUn10kn-OsmyRLpy3UU7vE-qTID1PCbiq0tFa5HLXQOaCnCGLkD9yfnb07zIwAP2jzFj4hj8535spBVmCAx3aaH18gFix5JF9D0eDDteBAu8mMuti7r65J2_GUTDz8jX-jQWV4EvH7HJrTP60hujojLLQxu-W2pWEvAiT3CzIxbWhz6FdYYROUO_PsqJZWbizkpreImjE_faHeOTqY3blIJFuQWKvA8oZK2qEQh1OX6AxqJ2e9ULx65bErChIWEKZC_MqSWlH4S4e06ErJQ9-bxmXA2WufVzk14FIVxQMhIYDYQwdYPkSd1cxiPLXQ6T2QER62Ts0PWFDfTJjJ78Rn3thIwnHBBxze0WqpGhkWeyHByILr2wXEgYQqF7130O1H6UWU4dyxJyDRelV9PYitPLhGiTPhdfH0KKWLtb4seck4oaEZetjLNiIZKe9BHZoyyfe3yOjb_nfWjdnGw_KNs8itOnVqtKri5aIwwFfUWDokrH3ZT9Ax5cGOUu6oBLcS9IpOPJ3VT546zcfaOY8MQIzuHAFZ_sJfH6eqbSTXVw-GkM1mNSr-ES-xsH9YCPLt9Ym3Sg26wewHJfU1M8KwcpqByy3wSCa0qb5-Fc-SkhbpL_f20TkvhrbXx6YwqyY5JJzomM87PiaJbmqLNn9Z0v4nMaKarBennPC-KvW4UAaHvsMzv5cDZW09pbb20XPy-vljS7hhzXUE1CrIIXYLapjOYoL2EUUF3OFtFKuM08E6rP0K4K8WzAt2hWvceRzRBp4yWtCxN_A2ZllUSCCb_y21MJlM__x2Qh6m2DB3mO9A5hxxa8XKMJfB0UuyKRB16-cBtPHfGYAuT9iTAnSv1uJCT5f_L0yW3lXRGTlXsEtTQhYj08e0BI4Gi7YIdy-kpmZPHtOBLxPhHzOJCJ4_G6AXmADN_WX-FU0KxwCvzHHaCxjqbEYMVD9-ZcZaAc1dLLTN_Wiv5lhSowKpeP-6Cb7rIqwsMFkiLmuhgwFyw81b_60WRn4cZMhjZz-YTA9v4KtvdpB5w7gURdT-PzgTnFZ7qCEMQM333Wx75bWzgb20GJeAfzIcCkZY-EQ1zKt9g_AvE03ARxNaFWSO_lEr30lelaEMWytTEzXNufI5H_IJF2yolosvTJQyDfUVxaRhC8NQihWhzL5a-bZEf0ZUOkS5EUMl_xtm9jfwSzX1CqGCUtP8c9SJxZWCb19xQgr38W1q3DXRZVUqt0tjMX-0M22jP-mCmtW5Ba87M5co2YZM445S-ATGS264JqtQBkfP1bmx8qxcsDUm1q_DRswH0RZ0HxXBW8JF_-mwkYnRgyo5jmVlv8PCleZVvas5blMRal5MDXvODhfzMwMmBOIVMaVpmMoIVNjnjHSq6GFlDNFsblX4hi0lPx4m0XuDHtI0kE6J2ytI1xJA3khtb0n50WJKKiJ_bZOfquWOaEIXi4uYZCyNszTSyo2iNsnKiORTuxiE5AVzLMrC8rG3qiwN91lAlNmogQBNvnWpfNh_pu3U3Nns0s0-OqOoveo4RBcQD7dC6AGyXFKRZFJSO_sZEXJ1fE7qSJnYrd91KrNqeOFSNyfL5tZDhSsjkrFKNrg3LGOZBEVmrHJoDqxzNGW18VK8mlXtVP8HeVZVmthvu_dFACiPUukQ7kLFuFnMx-5FMNemPST5vKwu"}
formSubmissionId = BR3STS8R4-1768802522178
fullURL = https://www-dev.broadridge.com/press-release/2012/matrix-enhances-retiretoolkit-offering
page comparison URL = https://www-dev.broadridge.com/press-release/2012/matrix-enhances-retiretoolkit-offering
................Header Contact Us Form Filled...................
V2 ContactUs form NOT found on the bottom
V2 Download form NOT found on the bottom
no cookie button
header ContactUs button found = true
emailTimeStamp = automated_TESTTEST_2026-01-19_06_02_40@broadridge.com
📤 Form payload = {"formSubmissionId":"","elqFormName":"","elqSiteID":"","datalayerheader":"","contact":"","formgtm":"","elqCustomerGUID":"","elqCookieWrite":"","segment":"consumer-finance","name_first":"First_34368_TESTTEST","name_last":"Last_34368_TESTTEST","email_work":"automated_TESTTEST_2026-01-19_06_02_40@broadridge.com","phone_business":"999-999-9999","job_title":"Job_34368_TESTTEST","Company":"Company_34368_TESTTEST","country":"United States","comment":"This is an automated test submission. Please ignore.","id":"","so":"","di":"","ct":"","ep":"","ot":"","mt":"","yr":"","rg":"","on":"","sub-source":"","campaignMostRecentID":"","content-id":"","orig-channel":"","campaign-name":"","campaignMostRecentName":"","campaignMostRecentSource":"","campaignMostRecentMedium":"","campaignMostRecentContent":"","campaignMostRecentTerm":"","campaignMostRecentContentID":"","campaignMostRecentSubSource":"","Persistent_utm_medium":"","Persistent_utm_source":"","Persistent_utm_term":"","Persistent_utm_campaign":"","Persistent_Sub_Source":"","Persistent_Content_ID":"","Persistent_Campaign_ID":"","Persistent_utm_content":"","Session_utm_medium":"","Session_utm_source":"","Session_utm_term":"","Session_utm_campaign":"","Session_Sub_Source":"","Session_Content_ID":"","Session_Campaign_ID":"701RN00000RbnVLYAZ","Session_utm_content":"","inquiry":"","fullURL":"https://www-dev.broadridge.com/podcast/reimagining-communications-with-matt-swain","page_id":"62905","page_campaign_id":"0","ecid":"","elqCampaignId":"","Formmodel":"flyout","Pagetype":"","g-recaptcha-response":"0cAFcWeA5UEp3ahO6zxaG6mIhyM2Xf6cSHD9rb1H4ALGTJmc1AMKPW6-Ex09eD1yBD4bzwGzHwAcOD_fD98GdPZU0wrKQ1V905dvjSrxJ9N8MYjH7O6M-uGsLuCaRveCyTZ7MthMn0JilkSCExZ18Hq3O4KP8HzAMnm-esJAotauUHF85BODeCMkztbC68lKTKYTyP61elHYOvSSdhoGqGr8X6aJVXg3oMyH79BuqvBXbmqxfHPh4bes9nGPa_C6CCZQdcTlBg1SIhKWeRieA36A7uo2HNoc_lhdJBNtQSqCYmvClwuwzVQDzSgK9u2MTU_oNUa6gq78eDjvNrA_QaMrViwHbnJZgJZAClQ_rknRlMymS1i7FQaPaWTJ7rBWTfG9teNaj4ktXhow-YwyepUsjRARQ8Ix79RK-1sK9m9RPtLlo9KY0ujkS-Z5HrKyZ1E_MiDXW9MNu7FrwrYFx_UHJiCZd4Yhw8HyVEMk5s7UvHl7sQ-nR1coEgKdYxuclR_luEeBWwSXeKSKr9INHDcYbBojI_8gjDmtIKnfMo7pDpKpBLwdXWSUBEOR417DdYi9wW8sJDH6iev0onqAociHCdHsaeyL662HC2yHzBMM0u5PJRlksOoMQpifem6oRRIB_bYLBA0aWv1PgzO3b2Vj8tafk20RM65e7BeCqMKL-5aL8eU5eDr1rOZG7DlypkrLhXSHXNM0ooUGXiQodMX9t_L6yoShUZcNai70eQk09B5xjy8qFvBOyylXcjvdd-Yc3S9TMfehZMCQGVGs77FubJFECTpANU_LlBZoL3dXuWOp92hwhru4zBU1W-sHpn-afZ4NBlCn2ocpl8K3l4G0aOMKtg0z0XMZgZllxVKD__QZLyDnDFXXdalroMkXJREynThIUlvLsqkjDFXh2nhYvnwSd7tDJ61cpr7oU5pMSpOQ9W_HcJqJEha3UpmDsI4254eMFIp8er0p-UCxah7rXHUvp3dUy1ZY46Bg4OgN_yIpNhrLEtah_YcylKm6dla9HEmLGD1_iq-m2s2rYa7X1M9bm-ol2tEtNDPxW6_2rGlEN_luMA-krJJK4zHflLdoWg1L5Pp-xnbuwCDsQLtF-T0gknTLU46qHcDkiLIwihzE0h06w5JfmPKsRBFvIAEQPasVoR5U7A5waHyFG71lsebZesk4zzi2_9efikzqI9-EqQjiKOKqZLAu9STAgcYJiZr-q5BY8dcS0j7xXSkMkaVuREVARbZDwn5f-x5cz3AMHVw2yPkO1Bd2ybDci69R6MdGaYhJdbUta1Kds8pJdmvJ87KDaozWZNGD0SztgMDohBQl11xEftUihFOhxjL72k9MbGeiqCvACa2NsKTX26n3WKwZ09qX7VMsE2sp2ZmycdBWfW2oyBJgwflKNzQGmryLKWabD62ZE5KRc66HROpA7o1G3KL4Qzp9bg6_IPoNwhexQbKQ0g1vIdUUWZ5gAek37CEBE4Dt8K0tky7Rf5m0XhjLzSs7az6W2rT29g3bmVMCHv2JN4HZaPr2iJyHREwisjKTLyo3DvpgnboySOW06lhZ4SI0Q7ozZzRBeI7O3E8mmPo3exl23puK6qKcRWBSLsEyfyzxKkh0yjRVoQgpw-I-hNoR6gRwBlQNjGqsjk1C4xvfMtCVvN_vi5DGMZ4qzbnuZLho_yex_W_mAVRGGpTAwd5M1gftKZMcC8i1OWsn6Cq743-lzm6hgO-1_bb2o3vIcO"}
form message = Something went wrong with our form submission. Please try again.
[...]
form message = Thank you for your interest in Broadridge.
A representative will contact you within 24 business hours.
formpayload for validation = {"formSubmissionId":"BRZJXU3UH-1768802870237","elqFormName":"","elqSiteID":"","datalayerheader":"","contact":"","formgtm":"","elqCustomerGUID":"","elqCookieWrite":"","segment":"","name_first":"First_34368_TESTTEST","name_last":"Last_34368_TESTTEST","email_work":"automated_TESTTEST_2026-01-19_06_07_47@broadridge.com","phone_business":"999-999-9999","job_title":"Job_34368_TESTTEST","Company":"Company_34368_TESTTEST","country":"United States","comment":"This is an automated test submission.  Please ignore.","id":"","so":"","di":"","ct":"","ep":"","ot":"","mt":"","yr":"","rg":"","on":"","sub-source":"","campaignMostRecentID":"","content-id":"","orig-channel":"","campaign-name":"","campaignMostRecentName":"","campaignMostRecentSource":"","campaignMostRecentMedium":"","campaignMostRecentContent":"","campaignMostRecentTerm":"","campaignMostRecentContentID":"","campaignMostRecentSubSource":"","Persistent_utm_medium":"","Persistent_utm_source":"","Persistent_utm_term":"","Persistent_utm_campaign":"","Persistent_Sub_Source":"","Persistent_Content_ID":"","Persistent_Campaign_ID":"","Persistent_utm_content":"","Session_utm_medium":"","Session_utm_source":"","Session_utm_term":"","Session_utm_campaign":"","Session_Sub_Source":"","Session_Content_ID":"","Session_Campaign_ID":"701RN00000RbnVLYAZ","Session_utm_content":"","inquiry":"Gen Enq","fullURL":"https://www-dev.broadridge.com/legal/broadridge-uk-tax-strategy","page_id":"180366","page_campaign_id":"","ecid":"","elqCampaignId":"","Formmodel":"flyout","Pagetype":"Insights Article","g-recaptcha-response":"0cAFcWeA6_fY-pmmur4Jbcm6Rl1DOwK5DPm2Gw59jhPJtwvWiyNkyJ-p5F7NcjG2D25L621bsUQ7OrMpY9pAY1dkLHQPXybnm_zRX6ZijmpnBGvKx1ZQDAJi0E-AwXMmypPYKfsfkkrvF94nWdeMBEdgFsdq4t49syb5dbgwyB6TitHLcWTO5CSIW6gQnqlKLKY9fwGy8s_4iXo9CjEd8rM_Dmaw9qWr5KFpXILbB3r7nXoJKvwMRJRNu-G2P-kcpxpriW9U6HDwfFloBTN0dEUoSpwWaVRD0_HMd1DPIKKIqQ8jHhOIpCLaxAElQX3AawpdAGlXMa63-7f9TwNsJEm1W8BVLJu0OAPJmG-z2Yr_mFnxGdHsD4vjAwrDoX0-0RKNKXYoCgFzz9Ye_d5B-kemY2wABADBON49gXJAxCuCxIGJirKfcP5VhKqzt7Oiv0Gd-5J13qZVKXC-nh0YcUJur__qAN5nLyXv8tRT2JJH5166rPPRGW8NHNMn75AnbnugiiMGhGjQWgnPi_BUQhaV05IiDVO_WSeUSlxwYsh_0rsxrAr3KGdkuUt4nIIsWgrvjjxfkvuhZloKGwRoQm9jf4JOWoyppYMuStytlUQKDm-kR0JPqQxPtwluDjf8LVeLNzSXR7P827K5SYPYrVBmxejZdZegFhWnUhAVsDMYSW0iswm0xKBaTwYVJUtJww_8cf2BopdjjRyx4di082MXbkRLgfkLyChd90mDHU7LdTOI0Jlb3uVfnalOhoFC_bNEUdna2G3WwDJ7egPrVU6qoqxLWFClWL76oYrFEFswpbbWLZrFoTTjETgQLquz7c3xyzHv2gGS39c1rbjtGSjXP-EK2e8MHPjjaMLAehNgYG5lMzNT6nXFtaVO6yH2ZvtYp2QHLKnoOwXnzBNqrDxylq5rPxYaSmWIBBpeP8029Glu4qwreXN8xOsMqJgNMg_DpvX16r-OyhPHNgf9fVCxlGo5jnQ4WVGey-yJCsOiVGUWAvFNmuSs7hGp98rzcFh1igcKx33BOrUiVL9kyjq1_5eZdHfTJZQbfiz-pgw0-MWUoCGeRifjIaEvK5t9HOuNkqw1frO_FCgHmpRvi-9wBnex1f4cs1jHoTS3L7Ksz4EPzsD_hcgFXsV8x_hF_YEpTjNj1bUOD4qJRK-jgsk1eqEWhqDGXDsKrCcUzn5xeJ-jV4sqg5oMR2ZZhp5fDdPEh7Q3SdhUZ5ae_CO4RzZVgaNjj1AnEQUJSVJ_UmWtkkeiLBOP8mcex5oDUrNMHbbSb11mM4ZDKrjPPwN_I6vHvWrb-eR_atYRqTN_woT_zUoBSrHq6x4fRusIdvUBOTT8xjY03FKaO0f3spm3jwOWG-zgaeRitEiwDxuvwGlts7_xkXI60l0LszaN6Y-xrIDZeDCyPmT9wBXCS0U-OkLKT2tewT-ExLLW84Gc13tLd8sSHId1C8LiTRrHlO3AZPmlVpLGCdwax_Tsh94J0Odw9tDhudIt1lFY7rgJB3WjoKvPe_J7BsBWpcphbicrIIeydgB2kR6vl8IT-zl8xCZXmJt0H08c8Pd7x_IIfaV1KGgenb02ZoEJ93YK7UBsuOKCw4g8MM1E3sN19Zc8q4i22YUL0ao1L1wZdEHwfz5ZUeHU3-L6lK2WQPeG7aIO8v1_rgjqQe8n_8QDtCXzVT3JUPuWPyMg33skxrKSoErfoVuq4aEgD5_7kLLTS4q8FDSZlMyAvYxJPk"}
formSubmissionId = BRZJXU3UH-1768802870237
fullURL = https://www-dev.broadridge.com/legal/broadridge-uk-tax-strategy
page comparison URL = https://www-dev.broadridge.com/legal/broadridge-uk-tax-strategy
................Header Contact Us Form Filled...................
V2 ContactUs form NOT found on the bottom
V2 Download form NOT found on the bottom
no cookie button
header ContactUs button found = true
emailTimeStamp = automated_TESTTEST_2026-01-19_06_08_27@broadridge.com
📤 Form payload = {"formSubmissionId":"BRMHFUZK5-1768802910917","elqFormName":"","elqSiteID":"","datalayerheader":"","contact":"","formgtm":"","elqCustomerGUID":"","elqCookieWrite":"","segment":"","name_first":"First_34368_TESTTEST","name_last":"Last_34368_TESTTEST","email_work":"automated_TESTTEST_2026-01-19_06_08_27@broadridge.com","phone_business":"999-999-9999","job_title":"Job_34368_TESTTEST","Company":"Company_34368_TESTTEST","country":"United States","comment":"This is an automated test submission.  Please ignore.","id":"","so":"","di":"","ct":"","ep":"","ot":"","mt":"","yr":"","rg":"","on":"","sub-source":"","campaignMostRecentID":"","content-id":"","orig-channel":"","campaign-name":"","campaignMostRecentName":"","campaignMostRecentSource":"","campaignMostRecentMedium":"","campaignMostRecentContent":"","campaignMostRecentTerm":"","campaignMostRecentContentID":"","campaignMostRecentSubSource":"","Persistent_utm_medium":"","Persistent_utm_source":"","Persistent_utm_term":"","Persistent_utm_campaign":"","Persistent_Sub_Source":"","Persistent_Content_ID":"","Persistent_Campaign_ID":"","Persistent_utm_content":"","Session_utm_medium":"","Session_utm_source":"","Session_utm_term":"","Session_utm_campaign":"","Session_Sub_Source":"","Session_Content_ID":"","Session_Campaign_ID":"701RN00000RbnVLYAZ","Session_utm_content":"","inquiry":"Gen Enq","fullURL":"https://www-dev.broadridge.com/insight-pages/broadridge-insights","page_id":"182907","page_campaign_id":"","ecid":"","elqCampaignId":"","Formmodel":"flyout","Pagetype":"Insights Front","g-recaptcha-response":"0cAFcWeA7BnAEl6iePw4oBr1aJ4oOiWwvUp1KoTWBYBvUiu7CxZsV915YhALGfagYfEMnHNsyUPLmeiS5g5sXifrw7l9MOSwTxNiY5l41TyMahkf3NvXcH11WlQQy1wqLhzazjCrnm-9c4Ai4MS5Pa-PD9tEWGHqOgFhChLjCeTjeHT0xD6ipCpkSLk5T4y4Yqf0lwmVXKVsg0MS0Drkq5eshb6Yx2n2_LCL7KVt8OUI-TtYcrI84d2y1i4lrcOpgzY4cOILr_fP8VN2isjDhJyG7wGTfnjtYktsZFnxSdCSOQ3rrEzh_X1CuxMbE9qbrtBE8_h7VdaLI5L_SilDIqaxnAwOc1Q8ZihapfFqImXR7Q7nDqf4cdyaYwptKbwDGGY1_UM9og6qaD3tTL106I6pMkzjIuCLoX6Lr6NBSq9fpH7zjJvuFfnBC9iMYLcm5zRMnm3m1g2RKGZjdO1oe9iU6A9mEmwNAiXdOhEmvQ5O8c0v21ycQ5NLJL-1SyF_2zfEirKgnsnJJcpqYRzzasdaBxQoXvGwwFdf9OZNhl3vWCKHKTCnJg5kzghE0bcb0ZZr65MlkEB1NQ4YdhDMqEfzcMws14A0R_YJMlwYg-mQkVezHx4kZxzBPdGdIjonGRmunoJE_hBTZK7jJsytycB5ZQ5eCstl3KnNImb-QxgV5m1h_B_iAYMKXf1adhxNFahPNnjOuSc5XZ7HSnYKqO9y5Bx3XZdoAJL8Cf7oMmzFfJBQ1bdhYK7eZlKPpOvLg363tljZnAOU3Vm4RZtd_hEkjAiIZpYsgfAbOe7PfLcqnqq-Tjpbs7RK6E4T6vm6yqJ2dKZEv_TbkLUCkY0QYaR97Dzw6SMnbtq-Cb6HFC-pFUO2sB9zuVSk3dbHJ9tE7QQWCqkue0vzbijro1mHXElrejTlPsWvewwBA9kxg0uxg8yRPyyiPCtYn40FXy3xp94OpbCF-DatT1VrjMbr7ScGwqK1mRY8JUbkcBv3O6jEaHk1R1GqBt0iSH3y6YYkUc2V1g4EHKh1jFDANqshBDnwIT0ANDRibovkIskBDygwDXaDTjgcqYKAWlyyJt5oZ9bj8Oud8y9QRLyqO-8n1cGubROWRxB6eHigEXaUj4KehYPTJxsI5ArfeJ4UrCGj_AfM3daTK7K39jWLuxVvx3rTQDNrAqWV8CTIutvkh4VhIfXd7_I9ANr7lQ-IbtppeEMoWNNxnytyo7YuiPFU_TdR5Z1U2PlUcbnFVy0yRhUEAQsDKlnTXFDEn1P-DMgn741mzKIRE0Wtf0D0KsD8K-nTDcPG28ewX0zLrfgdfrPFelHSsGQwTTqnnFBHx5xFpRbhoM_5AN41hnJMpQ3ECsCwCdOd8MS1U42WTl_BBvG130ny6WoLWTLM_Yvr748tKTu_VmfMxBYIFb4eS-hStS-RcMHFbJrhTghS3sqcsA0SKe0ocw4wmJfpGIqdDr26_esfMzST3xuK9Wvm9zQxG_bGiUh9SG7UGDXyvGk9p5SgXSerioW5k0J0n0ztuXSobytNNHX-QHfUeApyBxzpy_AldruwTIRvSgSq47hYAORnKz7LHYbrH6mhdSKIkKMwi1DTg_Gs6guH1ceB-f_GA8F6FKm0uXtDJ5k2DHx1n9vWbyXmZVY6OR0wZHnKEzbqHRwWcgSw4CNNJCswSNThbJ4VHnEMLaAMg7vzTRx_L_aJCwaENVhGa0kVC4kAZOdMEVvthSa1UtOhWAg30UhRn0JNvUxHeFg8fj7zUX5mjQAEtS3jH7rLyII1s"}
form message = Thank you for your interest in Broadridge.
A representative will contact you within 24 business hours.
formpayload for validation = {"formSubmissionId":"BRMHFUZK5-1768802910917","elqFormName":"","elqSiteID":"","datalayerheader":"","contact":"","formgtm":"","elqCustomerGUID":"","elqCookieWrite":"","segment":"","name_first":"First_34368_TESTTEST","name_last":"Last_34368_TESTTEST","email_work":"automated_TESTTEST_2026-01-19_06_08_27@broadridge.com","phone_business":"999-999-9999","job_title":"Job_34368_TESTTEST","Company":"Company_34368_TESTTEST","country":"United States","comment":"This is an automated test submission.  Please ignore.","id":"","so":"","di":"","ct":"","ep":"","ot":"","mt":"","yr":"","rg":"","on":"","sub-source":"","campaignMostRecentID":"","content-id":"","orig-channel":"","campaign-name":"","campaignMostRecentName":"","campaignMostRecentSource":"","campaignMostRecentMedium":"","campaignMostRecentContent":"","campaignMostRecentTerm":"","campaignMostRecentContentID":"","campaignMostRecentSubSource":"","Persistent_utm_medium":"","Persistent_utm_source":"","Persistent_utm_term":"","Persistent_utm_campaign":"","Persistent_Sub_Source":"","Persistent_Content_ID":"","Persistent_Campaign_ID":"","Persistent_utm_content":"","Session_utm_medium":"","Session_utm_source":"","Session_utm_term":"","Session_utm_campaign":"","Session_Sub_Source":"","Session_Content_ID":"","Session_Campaign_ID":"701RN00000RbnVLYAZ","Session_utm_content":"","inquiry":"Gen Enq","fullURL":"https://www-dev.broadridge.com/insight-pages/broadridge-insights","page_id":"182907","page_campaign_id":"","ecid":"","elqCampaignId":"","Formmodel":"flyout","Pagetype":"Insights Front","g-recaptcha-response":"0cAFcWeA7BnAEl6iePw4oBr1aJ4oOiWwvUp1KoTWBYBvUiu7CxZsV915YhALGfagYfEMnHNsyUPLmeiS5g5sXifrw7l9MOSwTxNiY5l41TyMahkf3NvXcH11WlQQy1wqLhzazjCrnm-9c4Ai4MS5Pa-PD9tEWGHqOgFhChLjCeTjeHT0xD6ipCpkSLk5T4y4Yqf0lwmVXKVsg0MS0Drkq5eshb6Yx2n2_LCL7KVt8OUI-TtYcrI84d2y1i4lrcOpgzY4cOILr_fP8VN2isjDhJyG7wGTfnjtYktsZFnxSdCSOQ3rrEzh_X1CuxMbE9qbrtBE8_h7VdaLI5L_SilDIqaxnAwOc1Q8ZihapfFqImXR7Q7nDqf4cdyaYwptKbwDGGY1_UM9og6qaD3tTL106I6pMkzjIuCLoX6Lr6NBSq9fpH7zjJvuFfnBC9iMYLcm5zRMnm3m1g2RKGZjdO1oe9iU6A9mEmwNAiXdOhEmvQ5O8c0v21ycQ5NLJL-1SyF_2zfEirKgnsnJJcpqYRzzasdaBxQoXvGwwFdf9OZNhl3vWCKHKTCnJg5kzghE0bcb0ZZr65MlkEB1NQ4YdhDMqEfzcMws14A0R_YJMlwYg-mQkVezHx4kZxzBPdGdIjonGRmunoJE_hBTZK7jJsytycB5ZQ5eCstl3KnNImb-QxgV5m1h_B_iAYMKXf1adhxNFahPNnjOuSc5XZ7HSnYKqO9y5Bx3XZdoAJL8Cf7oMmzFfJBQ1bdhYK7eZlKPpOvLg363tljZnAOU3Vm4RZtd_hEkjAiIZpYsgfAbOe7PfLcqnqq-Tjpbs7RK6E4T6vm6yqJ2dKZEv_TbkLUCkY0QYaR97Dzw6SMnbtq-Cb6HFC-pFUO2sB9zuVSk3dbHJ9tE7QQWCqkue0vzbijro1mHXElrejTlPsWvewwBA9kxg0uxg8yRPyyiPCtYn40FXy3xp94OpbCF-DatT1VrjMbr7ScGwqK1mRY8JUbkcBv3O6jEaHk1R1GqBt0iSH3y6YYkUc2V1g4EHKh1jFDANqshBDnwIT0ANDRibovkIskBDygwDXaDTjgcqYKAWlyyJt5oZ9bj8Oud8y9QRLyqO-8n1cGubROWRxB6eHigEXaUj4KehYPTJxsI5ArfeJ4UrCGj_AfM3daTK7K39jWLuxVvx3rTQDNrAqWV8CTIutvkh4VhIfXd7_I9ANr7lQ-IbtppeEMoWNNxnytyo7YuiPFU_TdR5Z1U2PlUcbnFVy0yRhUEAQsDKlnTXFDEn1P-DMgn741mzKIRE0Wtf0D0KsD8K-nTDcPG28ewX0zLrfgdfrPFelHSsGQwTTqnnFBHx5xFpRbhoM_5AN41hnJMpQ3ECsCwCdOd8MS1U42WTl_BBvG130ny6WoLWTLM_Yvr748tKTu_VmfMxBYIFb4eS-hStS-RcMHFbJrhTghS3sqcsA0SKe0ocw4wmJfpGIqdDr26_esfMzST3xuK9Wvm9zQxG_bGiUh9SG7UGDXyvGk9p5SgXSerioW5k0J0n0ztuXSobytNNHX-QHfUeApyBxzpy_AldruwTIRvSgSq47hYAORnKz7LHYbrH6mhdSKIkKMwi1DTg_Gs6guH1ceB-f_GA8F6FKm0uXtDJ5k2DHx1n9vWbyXmZVY6OR0wZHnKEzbqHRwWcgSw4CNNJCswSNThbJ4VHnEMLaAMg7vzTRx_L_aJCwaENVhGa0kVC4kAZOdMEVvthSa1UtOhWAg30UhRn0JNvUxHeFg8fj7zUX5mjQAEtS3jH7rLyII1s"}
formSubmissionId = BRMHFUZK5-1768802910917
fullURL = https://www-dev.broadridge.com/insight-pages/broadridge-insights
page comparison URL = https://www-dev.broadridge.com/webinar/webinar-program
..........!!!...Filling the form failed...!!!........
................Header Contact Us Form Filled...................
v2 ContactUs form found on the bottom = false
V2 ContactUs form NOT found on the bottom
V2 Download form NOT found on the bottom
no cookie button
header ContactUs button found = true
emailTimeStamp = automated_TESTTEST_2026-01-19_06_09_11@broadridge.com
📤 Form payload = {"formSubmissionId":"","elqFormName":"","elqSiteID":"","datalayerheader":"","contact":"","formgtm":"","elqCustomerGUID":"","elqCookieWrite":"","segment":"asset-management","name_first":"First_34368_TESTTEST","name_last":"Last_34368_TESTTEST","email_work":"automated_TESTTEST_2026-01-19_06_09_11@broadridge.com","phone_business":"999-999-9999","job_title":"Job_34368_TESTTEST","Company":"Company_34368_TESTTEST","country":"United States","comment":"This is an automated test submission. Please ignore.","id":"","so":"","di":"","ct":"","ep":"","ot":"","mt":"","yr":"","rg":"","on":"","sub-source":"","campaignMostRecentID":"","content-id":"","orig-channel":"","campaign-name":"","campaignMostRecentName":"","campaignMostRecentSource":"","campaignMostRecentMedium":"","campaignMostRecentContent":"","campaignMostRecentTerm":"","campaignMostRecentContentID":"","campaignMostRecentSubSource":"","Persistent_utm_medium":"","Persistent_utm_source":"","Persistent_utm_term":"","Persistent_utm_campaign":"","Persistent_Sub_Source":"","Persistent_Content_ID":"","Persistent_Campaign_ID":"","Persistent_utm_content":"","Session_utm_medium":"","Session_utm_source":"","Session_utm_term":"","Session_utm_campaign":"","Session_Sub_Source":"","Session_Content_ID":"","Session_Campaign_ID":"701RN00000RbnVLYAZ","Session_utm_content":"","inquiry":"","fullURL":"https://www-dev.broadridge.com/report/asset-management/tailored-shareholder-reports","page_id":"130411","page_campaign_id":"639ca36f01b0d5c80e77c6108137c4c5","ecid":"","elqCampaignId":"","Formmodel":"flyout","Pagetype":"","g-recaptcha-response":"0cAFcWeA6KT8cqm2rHBI0U7ghCtrFd1Qrt7kFdlrNJlFEVNciziY43Ft_HMTo0iu_wr6Seg4zoH9CfCoZfoJup-z3Lnw5WC3xOpy8v91SzbvB4eHCOrlD-6WB_xKXNjRtR9L_KW-KAQ3rmYCYomyY8Tx66zkJU12Im9ig9So-FjQhqq72MnXtBxAHe2VVZ_iDh_rfFMr7rzxl_xUs68bMFKDNuzLQlOREHE2NMyjrF66rVt-1QL9MaDceDMN-6FlQwy7585Bo_prcI56CBrYdozTBTe1Fut902Z-SBiN0Fwy53raTpdU5dOZzAElhcU5y2sLLuP2rUgoE8IRqzbSaNUSHep_qsu0MIBEItDO9KIC0vCjoBBdoD3u3AcDeXlVqr6LlP4z4IRiAKJfq7GIrwFnQIMDK1LDy4ZExASG4xdU9goSWx1_Wn4uw9tWboWuHSck5YIFpTGmN2SREsw-CeF5VWbTItW1023NZhJGcX1KZGv62tJq8elDX2-ATCHb-4Sw8rzZfODbmCYv9A9XNpjyBGJ8gXv1hxxms1bpiqFXIW5WqXtFle803g49QX52aDFyWwFHwMUkMumBrfXtysQEMI5KNGrUsLOiPyZLWBFPi2rVkHnDecdXjVcy6OEbycsgkdSC3OLfGfvfYDzv0ZMWAxuxrMSTiGIXAWsyVXRImUlh1ADcyACojduhxBhfVhhY2wUzL65cezAzvuHds9crRML4fieB05JDlK753Dq8WpFMjuFxUnA2OyCRRv_-n-b7n3kxKBfIs3w2a1POHsPJd2OqNZV2Dh_grmR7khhtbhVJvfO7Ld8btBK0MqDPSyzpayv1MiculFHRAxtaGVV4a0ZavATAznwJT4XFLO5VYEDT8I0hTIxVxAkFTyNyrawMom1D2aRkIywafEPNWNi4OtZlUfGDZH_nQ1vly-nelrSAAYsbmpuDnjlWJbNLuBRDUJxpLmcNIptMxcVniT3M7aWZAN9Ippiy1APPCKyK-bolB5EKaC0CB_X5xhl4FfhY7ljfxNm6_FrANhAf8LFgpDWf8d_R1m_wdP9D98Kchkm3z9tN63_-xBn0GgdOfm-rpL3awq_WNxeqBOc_BAiXmGaQZalC3FDSmTVHRpCr9kChxyMPbSgsajRP5iNeZFrza44o1W5g9WDJeG1A8gty9ihCAOyK5cPWOA3xAm4PPR5YlTEOMV5ALRxk-lDROFLXqJwtLiBt8habOfwpKIcVRq6_JurEKbxzEmgR4jlsssvXYDAOt8RnEiBdJaGE48JrfNV8oyOSWVkLMJUg2sRJ6lM_9k76nHlXMG0ZVUMUOMhHrxYbq8RKSWl_B7jvnqujQKdPm6QKYTBvUigjaDPY6H5xgKWhFK_mlim5ufAzZRL4bLjAJfwk6RpcXkqMoDTaw9WSdFt_6p6EuzA9KvzpP91KCtorH9SyrWhdgqm-O7EvLmaIppKN1F6gN6ByqYjJgOTr4ixssEq9Zy-tiuwIbX3qwkAm6AypM4ceNOI6Us_7HBmOJOIFmzAJ6_hTwCGvjiCUzb85gbHQWyNntVYea1hGgCMR-eFkYwPatCsupCSIFetp1mF1D4nTd7WgOZKnr9LqVnlPi9DkDfSPhXltd70ebzEA9AOk-JT4VMwaZxNqIilGQMUqKlYh3icD12Xd-b1gINZhtjez2T6fnuN4NZ0opSyEjzGFAk_oYRfQV3e33j5rJzRJ9Vuqdu36ruubctRrgzauq2"}
form message = Something went wrong with our form submission. Please try again.
formpayload for validation = {"formSubmissionId":"","elqFormName":"","elqSiteID":"","datalayerheader":"","contact":"","formgtm":"","elqCustomerGUID":"","elqCookieWrite":"","segment":"asset-management","name_first":"First_34368_TESTTEST","name_last":"Last_34368_TESTTEST","email_work":"automated_TESTTEST_2026-01-19_06_09_11@broadridge.com","phone_business":"999-999-9999","job_title":"Job_34368_TESTTEST","Company":"Company_34368_TESTTEST","country":"United States","comment":"This is an automated test submission. Please ignore.","id":"","so":"","di":"","ct":"","ep":"","ot":"","mt":"","yr":"","rg":"","on":"","sub-source":"","campaignMostRecentID":"","content-id":"","orig-channel":"","campaign-name":"","campaignMostRecentName":"","campaignMostRecentSource":"","campaignMostRecentMedium":"","campaignMostRecentContent":"","campaignMostRecentTerm":"","campaignMostRecentContentID":"","campaignMostRecentSubSource":"","Persistent_utm_medium":"","Persistent_utm_source":"","Persistent_utm_term":"","Persistent_utm_campaign":"","Persistent_Sub_Source":"","Persistent_Content_ID":"","Persistent_Campaign_ID":"","Persistent_utm_content":"","Session_utm_medium":"","Session_utm_source":"","Session_utm_term":"","Session_utm_campaign":"","Session_Sub_Source":"","Session_Content_ID":"","Session_Campaign_ID":"701RN00000RbnVLYAZ","Session_utm_content":"","inquiry":"","fullURL":"https://www-dev.broadridge.com/report/asset-management/tailored-shareholder-reports","page_id":"130411","page_campaign_id":"639ca36f01b0d5c80e77c6108137c4c5","ecid":"","elqCampaignId":"","Formmodel":"flyout","Pagetype":"","g-recaptcha-response":"0cAFcWeA6KT8cqm2rHBI0U7ghCtrFd1Qrt7kFdlrNJlFEVNciziY43Ft_HMTo0iu_wr6Seg4zoH9CfCoZfoJup-z3Lnw5WC3xOpy8v91SzbvB4eHCOrlD-6WB_xKXNjRtR9L_KW-KAQ3rmYCYomyY8Tx66zkJU12Im9ig9So-FjQhqq72MnXtBxAHe2VVZ_iDh_rfFMr7rzxl_xUs68bMFKDNuzLQlOREHE2NMyjrF66rVt-1QL9MaDceDMN-6FlQwy7585Bo_prcI56CBrYdozTBTe1Fut902Z-SBiN0Fwy53raTpdU5dOZzAElhcU5y2sLLuP2rUgoE8IRqzbSaNUSHep_qsu0MIBEItDO9KIC0vCjoBBdoD3u3AcDeXlVqr6LlP4z4IRiAKJfq7GIrwFnQIMDK1LDy4ZExASG4xdU9goSWx1_Wn4uw9tWboWuHSck5YIFpTGmN2SREsw-CeF5VWbTItW1023NZhJGcX1KZGv62tJq8elDX2-ATCHb-4Sw8rzZfODbmCYv9A9XNpjyBGJ8gXv1hxxms1bpiqFXIW5WqXtFle803g49QX52aDFyWwFHwMUkMumBrfXtysQEMI5KNGrUsLOiPyZLWBFPi2rVkHnDecdXjVcy6OEbycsgkdSC3OLfGfvfYDzv0ZMWAxuxrMSTiGIXAWsyVXRImUlh1ADcyACojduhxBhfVhhY2wUzL65cezAzvuHds9crRML4fieB05JDlK753Dq8WpFMjuFxUnA2OyCRRv_-n-b7n3kxKBfIs3w2a1POHsPJd2OqNZV2Dh_grmR7khhtbhVJvfO7Ld8btBK0MqDPSyzpayv1MiculFHRAxtaGVV4a0ZavATAznwJT4XFLO5VYEDT8I0hTIxVxAkFTyNyrawMom1D2aRkIywafEPNWNi4OtZlUfGDZH_nQ1vly-nelrSAAYsbmpuDnjlWJbNLuBRDUJxpLmcNIptMxcVniT3M7aWZAN9Ippiy1APPCKyK-bolB5EKaC0CB_X5xhl4FfhY7ljfxNm6_FrANhAf8LFgpDWf8d_R1m_wdP9D98Kchkm3z9tN63_-xBn0GgdOfm-rpL3awq_WNxeqBOc_BAiXmGaQZalC3FDSmTVHRpCr9kChxyMPbSgsajRP5iNeZFrza44o1W5g9WDJeG1A8gty9ihCAOyK5cPWOA3xAm4PPR5YlTEOMV5ALRxk-lDROFLXqJwtLiBt8habOfwpKIcVRq6_JurEKbxzEmgR4jlsssvXYDAOt8RnEiBdJaGE48JrfNV8oyOSWVkLMJUg2sRJ6lM_9k76nHlXMG0ZVUMUOMhHrxYbq8RKSWl_B7jvnqujQKdPm6QKYTBvUigjaDPY6H5xgKWhFK_mlim5ufAzZRL4bLjAJfwk6RpcXkqMoDTaw9WSdFt_6p6EuzA9KvzpP91KCtorH9SyrWhdgqm-O7EvLmaIppKN1F6gN6ByqYjJgOTr4ixssEq9Zy-tiuwIbX3qwkAm6AypM4ceNOI6Us_7HBmOJOIFmzAJ6_hTwCGvjiCUzb85gbHQWyNntVYea1hGgCMR-eFkYwPatCsupCSIFetp1mF1D4nTd7WgOZKnr9LqVnlPi9DkDfSPhXltd70ebzEA9AOk-JT4VMwaZxNqIilGQMUqKlYh3icD12Xd-b1gINZhtjez2T6fnuN4NZ0opSyEjzGFAk_oYRfQV3e33j5rJzRJ9Vuqdu36ruubctRrgzauq2"}
formSubmissionId = 
fullURL = https://www-dev.broadridge.com/report/asset-management/tailored-shareholder-reports
page comparison URL = https://www-dev.broadridge.com/report/asset-management/tailored-shareholder-reports
..........!!!...Filling the form failed...!!!........
................Header Contact Us Form Filled...................
V2 ContactUs form NOT found on the bottom
V2 Download form NOT found on the bottom
]]></system-out>
    <system-err><![CDATA[SLF4J(W): No SLF4J providers were found.
SLF4J(W): Defaulting to no-operation (NOP) logger implementation
SLF4J(W): See https://www.slf4j.org/codes.html#noProviders for further details.
Jan 19, 2026 5:55:41 AM org.openqa.selenium.devtools.CdpVersionFinder findNearestMatch
WARNING: Unable to find an exact match for CDP version 143, returning the closest version; found: 140; Please update to a Selenium version that supports CDP version 143
]]></system-err>
  </testcase>
</testsuite>