<?xml version="1.0" encoding="UTF-8"?>
<testsuite xmlns:xsi="http://www.w3.org/2001/XMLSchema-instance" xsi:noNamespaceSchemaLocation="https://maven.apache.org/surefire/maven-surefire-plugin/xsd/surefire-test-report-3.0.xsd" version="3.0" name="TestSuite" time="819.331" tests="1" errors="0" skipped="0" failures="0">
  <properties>
[...]
</properties>
  <testcase name="formTest" classname="com.broadridge.Tests" time="818.701">
    <system-out><![CDATA[-------------------------------TEST STARTED--------------------------------
2026-02-02T06:39:40.745453761Z main ERROR Log4j API could not find a logging provider.
lastRow = 19
81575
header ContactUs button found = true
emailTimeStamp = automated_TESTTEST_2026-02-02_06_39_58@broadridge.com
📤 Form payload = {"formSubmissionId":"","elqFormName":"","elqSiteID":"","datalayerheader":"","contact":"","formgtm":"","elqCustomerGUID":"","elqCookieWrite":"","segment":"capital-markets","name_first":"First_81575_TESTTEST","name_last":"Last_81575_TESTTEST","email_work":"automated_TESTTEST_2026-02-02_06_39_58@broadridge.com","phone_business":"999-999-9999","job_title":"Job_81575_TESTTEST","Company":"Company_81575_TESTTEST","country":"United States","comment":"This is an automated test submission. Please ignore.","id":"","so":"","di":"","ct":"","ep":"","ot":"","mt":"","yr":"","rg":"","on":"","sub-source":"","campaignMostRecentID":"","content-id":"","orig-channel":"","campaign-name":"","campaignMostRecentName":"","campaignMostRecentSource":"","campaignMostRecentMedium":"","campaignMostRecentContent":"","campaignMostRecentTerm":"","campaignMostRecentContentID":"","campaignMostRecentSubSource":"","Persistent_utm_medium":"","Persistent_utm_source":"","Persistent_utm_term":"","Persistent_utm_campaign":"","Persistent_Sub_Source":"","Persistent_Content_ID":"","Persistent_Campaign_ID":"","Persistent_utm_content":"","Session_utm_medium":"","Session_utm_source":"","Session_utm_term":"","Session_utm_campaign":"","Session_Sub_Source":"","Session_Content_ID":"","Session_Campaign_ID":"701RN00000RbnVLYAZ","Session_utm_content":"","inquiry":"","fullURL":"https://www-dev.broadridge.com/white-paper/the-service-value-chain-how-data-management-powers-performance","page_id":"14926","page_campaign_id":"0","ecid":"","elqCampaignId":"","Formmodel":"flyout","Pagetype":"","g-recaptcha-response":"0cAFcWeA4y0s9t374VsxTbe1Guh_0j-Na4YETRadtg4yL6PJgKF1_A1JMkI2VkDFRkqxGMEV9nbCO_SZwVqeVmAclwcxYQHOuOJzKs3-1Y9URNzV1sHbujK5ufBn6SPL3NALr61gc12LdOlKlQKWlzHcTLZFZuczjna7Qw7gTrFph4llDnS0481p5jH8hw1b4q0qWnKgvULAAbRWBO8KqQwSG3wyuOaNN9bDay1iupN6_9s7ZzPQeQhFui0YmyJ-MYEvOYWr_KzUaCgw0j5hFQ0iH2rmhezOEvWvEA466yzKDIOVCTSq6D1xroqOE-xFeTvC3OZbTQJ_s9NsA9Yaz-mAke4KEBunXGh-LK5VgOfk4dPekcyV-SWNH98HUfNAO8OpAoWeMe_5-J-2qIEKoyDKWOkey6sUHm8W7VFjFXcxSY6kQP2p3fBJyzGnnK5zWuoDqQxiNS6QsoImRAd8tOwzEn3mBqD4g_UkCqkfOIoBcVHpX-cH1W4mwElI3hhjD9Z5IFxUpIYHrSQ6CdxvjJTyCyUm-X2UD1XTcc3HG_5GqPary73FPgigRZ1r-sR1PbwJpddZMBp22f5MhV51_e02734dHiIo2xKFoH1mDeozxbeAdM9L72cDxuzBMkw_W5YBZiwcy_SlCYhMLQNkCvePBjSr6_HdSEv1y1uTZNsTfo88ETkpMulxVkHJhCwDaoHEDHUBK1txi9MHF6pKmeLvM3viQS9OIEwcJOYNudg8ID8iM9IE-y7aC3ilye6XUJfigTskconJhhYhZqzkKobMxAks4ZWecPdtR9Ld9zTquNLyo4RpUlA3O3xPRqR-r5nqBsGDHq-I9bd5n-v3bhDL6YZxDhBoDl1yYzt3rn4IokyURKPCv6JcEVUSoWuyQi5IXOKxnZvGawfAyZim5U9kHry3BcM02SUj-GNoyg2yHU7rcb4B0T8cxkNmMlP7M8MXI64CfsgFzBPNuWiwWGHx0Xydao4XwnahYqjXByEA10Jsbg1QFRf-8v6IuXMx__AFRJQicuUh4yg3aj9OmgG0dmjUCuRW4TlCGvZlAyG_58eO9SslJfpb7WJxYX5BbS5qoDivZcrHnEZVJeyjBFPBLFkNz07OnTpMsWbXv3uX29pM60ZNjCOsdw5BToa4KZoMUFAjpFQXwHAcVVa_G7tVNuqFPCDZd9HpaDhwcFjxUXJILlr83coH4HZujTAYqEf0mNEH1eClwP2NkR7-YAquUPKonFvfV2gE86eshkO8Prkrv7hmBAbbn8qI_A6BOlEkL2Mh3LAp8ZdI77sF0uFA119klyNR2dpOJnLh_kmSDG-satJkdtryMIxmECtxyqUH0utorUk0lwB7ymN4zHsqIhEbVv-4EESP6umvb8c9SebFXAP5-eC3aWW9o43pfYcIS_k_0wDEQMXRik-GlEJXk7ncO8vLgQqtaib4Zcv2b3DwFu3mP4tVCKwvPAm0RKAVA8gqMb92Xc6A-IbBEQTxG4bBQ8_ErDaA7yQBnGEgQ7DGdyksq-JZDp7IIkJj4xycAh1ip1seKJruyd0jcJ5JRcAGPK7kFMdqLI8Uv09XC9P2dOacxI-uwG0s48iSXY0SfFTJVPyUOdnmF10m4MormT4f5NCiH3Vhw4ThkewFmD_YYyepBEsf5xTCA7-Glh97RPQavOcX-QfJHPuKwHApH12c73yPUQ10DCkQMZXxv1RxP80qTrV8k"}
form message = Thank you for your interest in Broadridge.
A representative will contact you within 24 business hours.
formpayload for validation = {"formSubmissionId":"","elqFormName":"","elqSiteID":"","datalayerheader":"","contact":"","formgtm":"","elqCustomerGUID":"","elqCookieWrite":"","segment":"capital-markets","name_first":"First_81575_TESTTEST","name_last":"Last_81575_TESTTEST","email_work":"automated_TESTTEST_2026-02-02_06_39_58@broadridge.com","phone_business":"999-999-9999","job_title":"Job_81575_TESTTEST","Company":"Company_81575_TESTTEST","country":"United States","comment":"This is an automated test submission. Please ignore.","id":"","so":"","di":"","ct":"","ep":"","ot":"","mt":"","yr":"","rg":"","on":"","sub-source":"","campaignMostRecentID":"","content-id":"","orig-channel":"","campaign-name":"","campaignMostRecentName":"","campaignMostRecentSource":"","campaignMostRecentMedium":"","campaignMostRecentContent":"","campaignMostRecentTerm":"","campaignMostRecentContentID":"","campaignMostRecentSubSource":"","Persistent_utm_medium":"","Persistent_utm_source":"","Persistent_utm_term":"","Persistent_utm_campaign":"","Persistent_Sub_Source":"","Persistent_Content_ID":"","Persistent_Campaign_ID":"","Persistent_utm_content":"","Session_utm_medium":"","Session_utm_source":"","Session_utm_term":"","Session_utm_campaign":"","Session_Sub_Source":"","Session_Content_ID":"","Session_Campaign_ID":"701RN00000RbnVLYAZ","Session_utm_content":"","inquiry":"","fullURL":"https://www-dev.broadridge.com/white-paper/the-service-value-chain-how-data-management-powers-performance","page_id":"14926","page_campaign_id":"0","ecid":"","elqCampaignId":"","Formmodel":"flyout","Pagetype":"","g-recaptcha-response":"0cAFcWeA4y0s9t374VsxTbe1Guh_0j-Na4YETRadtg4yL6PJgKF1_A1JMkI2VkDFRkqxGMEV9nbCO_SZwVqeVmAclwcxYQHOuOJzKs3-1Y9URNzV1sHbujK5ufBn6SPL3NALr61gc12LdOlKlQKWlzHcTLZFZuczjna7Qw7gTrFph4llDnS0481p5jH8hw1b4q0qWnKgvULAAbRWBO8KqQwSG3wyuOaNN9bDay1iupN6_9s7ZzPQeQhFui0YmyJ-MYEvOYWr_KzUaCgw0j5hFQ0iH2rmhezOEvWvEA466yzKDIOVCTSq6D1xroqOE-xFeTvC3OZbTQJ_s9NsA9Yaz-mAke4KEBunXGh-LK5VgOfk4dPekcyV-SWNH98HUfNAO8OpAoWeMe_5-J-2qIEKoyDKWOkey6sUHm8W7VFjFXcxSY6kQP2p3fBJyzGnnK5zWuoDqQxiNS6QsoImRAd8tOwzEn3mBqD4g_UkCqkfOIoBcVHpX-cH1W4mwElI3hhjD9Z5IFxUpIYHrSQ6CdxvjJTyCyUm-X2UD1XTcc3HG_5GqPary73FPgigRZ1r-sR1PbwJpddZMBp22f5MhV51_e02734dHiIo2xKFoH1mDeozxbeAdM9L72cDxuzBMkw_W5YBZiwcy_SlCYhMLQNkCvePBjSr6_HdSEv1y1uTZNsTfo88ETkpMulxVkHJhCwDaoHEDHUBK1txi9MHF6pKmeLvM3viQS9OIEwcJOYNudg8ID8iM9IE-y7aC3ilye6XUJfigTskconJhhYhZqzkKobMxAks4ZWecPdtR9Ld9zTquNLyo4RpUlA3O3xPRqR-r5nqBsGDHq-I9bd5n-v3bhDL6YZxDhBoDl1yYzt3rn4IokyURKPCv6JcEVUSoWuyQi5IXOKxnZvGawfAyZim5U9kHry3BcM02SUj-GNoyg2yHU7rcb4B0T8cxkNmMlP7M8MXI64CfsgFzBPNuWiwWGHx0Xydao4XwnahYqjXByEA10Jsbg1QFRf-8v6IuXMx__AFRJQicuUh4yg3aj9OmgG0dmjUCuRW4TlCGvZlAyG_58eO9SslJfpb7WJxYX5BbS5qoDivZcrHnEZVJeyjBFPBLFkNz07OnTpMsWbXv3uX29pM60ZNjCOsdw5BToa4KZoMUFAjpFQXwHAcVVa_G7tVNuqFPCDZd9HpaDhwcFjxUXJILlr83coH4HZujTAYqEf0mNEH1eClwP2NkR7-YAquUPKonFvfV2gE86eshkO8Prkrv7hmBAbbn8qI_A6BOlEkL2Mh3LAp8ZdI77sF0uFA119klyNR2dpOJnLh_kmSDG-satJkdtryMIxmECtxyqUH0utorUk0lwB7ymN4zHsqIhEbVv-4EESP6umvb8c9SebFXAP5-eC3aWW9o43pfYcIS_k_0wDEQMXRik-GlEJXk7ncO8vLgQqtaib4Zcv2b3DwFu3mP4tVCKwvPAm0RKAVA8gqMb92Xc6A-IbBEQTxG4bBQ8_ErDaA7yQBnGEgQ7DGdyksq-JZDp7IIkJj4xycAh1ip1seKJruyd0jcJ5JRcAGPK7kFMdqLI8Uv09XC9P2dOacxI-uwG0s48iSXY0SfFTJVPyUOdnmF10m4MormT4f5NCiH3Vhw4ThkewFmD_YYyepBEsf5xTCA7-Glh97RPQavOcX-QfJHPuKwHApH12c73yPUQ10DCkQMZXxv1RxP80qTrV8k"}
formSubmissionId = 
fullURL = https://www-dev.broadridge.com/white-paper/the-service-value-chain-how-data-management-powers-performance
page comparison URL = https://www-dev.broadridge.com/white-paper/the-service-value-chain-how-data-management-powers-performance
..........!!!...Filling the form failed...!!!........
................Header Contact Us Form Filled...................
V2 ContactUs form NOT found on the bottom
V2 Download form NOT found on the bottom
no cookie button
header ContactUs button found = true
emailTimeStamp = automated_TESTTEST_2026-02-02_06_40_38@broadridge.com
📤 Form payload = {"formSubmissionId":"BRK7NWBF9-1770014441105","elqFormName":"","elqSiteID":"","datalayerheader":"","contact":"","formgtm":"","elqCustomerGUID":"","elqCookieWrite":"","segment":"","name_first":"First_81575_TESTTEST","name_last":"Last_81575_TESTTEST","email_work":"automated_TESTTEST_2026-02-02_06_40_38@broadridge.com","phone_business":"999-999-9999","job_title":"Job_81575_TESTTEST","Company":"Company_81575_TESTTEST","country":"United States","comment":"This is an automated test submission.  Please ignore.","id":"","so":"","di":"","ct":"","ep":"","ot":"","mt":"","yr":"","rg":"","on":"","sub-source":"","campaignMostRecentID":"","content-id":"","orig-channel":"","campaign-name":"","campaignMostRecentName":"","campaignMostRecentSource":"","campaignMostRecentMedium":"","campaignMostRecentContent":"","campaignMostRecentTerm":"","campaignMostRecentContentID":"","campaignMostRecentSubSource":"","Persistent_utm_medium":"","Persistent_utm_source":"","Persistent_utm_term":"","Persistent_utm_campaign":"","Persistent_Sub_Source":"","Persistent_Content_ID":"","Persistent_Campaign_ID":"","Persistent_utm_content":"","Session_utm_medium":"","Session_utm_source":"","Session_utm_term":"","Session_utm_campaign":"","Session_Sub_Source":"","Session_Content_ID":"","Session_Campaign_ID":"701RN00000RbnVLYAZ","Session_utm_content":"","inquiry":"Gen Enq","fullURL":"https://www-dev.broadridge.com/capability/governance-and-regulatory-compliance/proxy-services/issuer-proxy","page_id":"182853","page_campaign_id":"0","ecid":"","elqCampaignId":"","Formmodel":"flyout","Pagetype":"Products","g-recaptcha-response":"0cAFcWeA7pU79U7k3in84nrM9B17tm3grEjQw-39WaQa1w0kBZLA-B1J1zjoYttssmOK2rhweE8PB7S8VjLZDX6YiYKcxe8IaoxHPpzaxgPR_DbqotvOOSAipbE9-twGy5u-kfTciG5f0n4V4ETkeyaqbQSPn1JrnOfm1SuzYXDyToZFNHANXlax3pZvZQYgRydbDDtw4IDi3tvlyFQuT7TfEUtgOjHsWeSN_Yh42A0FPuG5vgIGjIsM3GnkDkjKkWMekGc31OSPq4afHjEq-6AeWvUgbK5AMgtmGBYKorFJto5T8m5vwwKk2PX7SHjotaVz1n05DNN4NA1fo2Y1WSF4U7cDSQmuIiMgAb2RtBPUAQv-3VVo6AvmxpOdIljSNDDwgdG8t3rgmSyd_v1tMxwZQDQ7RdcJeX-RkQ_FNqXSmlTb3TyCOlmYULmnVRPsGuDp3SIn6oa0vWS4y_cb05Grg9ZjyIE4noTnt37lD6T4hByyj1brpsR_M8wh9_r5KBEwKcsLfRPe2IkWjbYcGyoyBY0qCiZHeYMRACxpOG6FP29mR7r3QbLeeAcp3PQmCMaXsdPnQELzAezWy-Fwx3lDg43hdQYIbZVfXkKDx22HPK4WHIbRKwbt-orjaRIa84ychyaap5uBs7YOdiISbPlhhDmk0nxBNb5uwxuwWYmgyi9U6vj5msxo2oVYrpP1mKn3hAbWT4pfd1fZ1EPyBSIjteW9GvcdlzM12K4d7Ee0SeNId-09EN5hu5j67p9E3gS8IHaPQ9pZLzxpCA8fQdL7jkwYrYG-0E5Vp8IwUcpvtoIeX-U9dPyfFJKyz_-gG5h7Z7ESZ8DHJs_68VhuEeAPzVvLvkHblDz8u3IUHvEZ3_mC_dHE6-TdQRQEs2jg-fNAemB9NTHP04ttQzdoYZRODVQpcRVZ-SfX1xlge10Swdz9OdRKq3vpG_6d5wi5I_Rvn1SRmrihjMB9D-5Bd8IDwmHIwuhT0a0jtiFmwoLZMjvbuTdno0B1GN2gBOGnRH0y1byWnHLhqTRk42ihXa0LHtvNlIIkiiAJiRS1xo73adoJggGKxfH3kH9jWQU3y3aT226KYQLpd3JBZPuWA-zxbAD21-hzSPZXYP10_nDRlH1F9F9gJII2yvRou_0I1_vESQUXyLaXEBCQ3WplefA-om6Fq0XUmMYojD2MZWY0rllVUaBNa5OC6FWB6xjBTYURb02vDuv2khxD5WwuZB2jGAQCdtESDtxT6xc0OcH9aupIC-ZNkRR_1eJy2mEjfp5ZV0k7nbMEPiy-JxUI5YyPFzQzJYArJYHWrYp5NlVk1C3oAjGIwOwEKUwfnliK4x4L667rTL-PvKKdBlRrmgjhvdFwjFQdnc_NqaiweuUzWYltXW39uxykxV5n-h4v-sAbUtbadMLsVW-ESP8nXWStDctAZX0X1GLntnOQFCY3cxOKBVGy1p3nTQkAWdgcXJYOXA0ILHyGvMylCogPLGLTJEIVjjHPT9MXwoxErNjdS7LlMJxb3xJXoExc-Tb812YnKDn2s_G3ong1QK_hYz3zDZkcoo9egi6aJzbmhg-F3NeKq8Zp2VoDaPWcG6X0YPSPhX_ki3itdsk77Ls0Y_8g8QFAqf78flKXJS-rtMG_4viZPdB3vqQEqxnZrgP1fagSxLzCF_pICNwtMpyxRoJ-cRa64uOU6Oew"}
📤 Form payload = {"formSubmissionId":"BRM6TU8B2-1770014441281","elqFormName":"","elqSiteID":"","datalayerheader":"","contact":"","formgtm":"","elqCustomerGUID":"","elqCookieWrite":"","segment":"","name_first":"First_81575_TESTTEST","name_last":"Last_81575_TESTTEST","email_work":"automated_TESTTEST_2026-02-02_06_40_38@broadridge.com","phone_business":"999-999-9999","job_title":"Job_81575_TESTTEST","Company":"Company_81575_TESTTEST","country":"United States","comment":"This is an automated test submission.  Please ignore.","id":"","so":"","di":"","ct":"","ep":"","ot":"","mt":"","yr":"","rg":"","on":"","sub-source":"","campaignMostRecentID":"","content-id":"","orig-channel":"","campaign-name":"","campaignMostRecentName":"","campaignMostRecentSource":"","campaignMostRecentMedium":"","campaignMostRecentContent":"","campaignMostRecentTerm":"","campaignMostRecentContentID":"","campaignMostRecentSubSource":"","Persistent_utm_medium":"","Persistent_utm_source":"","Persistent_utm_term":"","Persistent_utm_campaign":"","Persistent_Sub_Source":"","Persistent_Content_ID":"","Persistent_Campaign_ID":"","Persistent_utm_content":"","Session_utm_medium":"","Session_utm_source":"","Session_utm_term":"","Session_utm_campaign":"","Session_Sub_Source":"","Session_Content_ID":"","Session_Campaign_ID":"701RN00000RbnVLYAZ","Session_utm_content":"","inquiry":"Gen Enq","fullURL":"https://www-dev.broadridge.com/capability/governance-and-regulatory-compliance/proxy-services/issuer-proxy","page_id":"182853","page_campaign_id":"0","ecid":"","elqCampaignId":"","Formmodel":"flyout","Pagetype":"Products","g-recaptcha-response":"0cAFcWeA5UQ9YrryoyqAxwu8SOHetya3WYZP0V7kyQWyQaC0-o1HLMrAKzwkZ0DS6nuEKiXGjT0QUrPr1AQFB5wS869MC3gHtA0e8xlh1p2wrujU9q12yzo-szlKophnBxv3l4bQ1rpBUFg4b8XpAPpnLMoWBq4i458ysJ-kJHn1kk6ESSZtYgt0_9qsgQilhGsw1x0t-w8mj08_F-GoNT6tui22EvyUjDa7qgUwDuKjvAOwkkMFiF4gt6XOtC9KM705FL4GFqqWqE8hAu_iWi5upp9YZHxBT-WSk_Hp74xCBTbPLnLmEYvfOEZnI9wIMdebVgV-AAXhyQb1VsinRPVOfcliwhr6WM853UdAj9fF6_8FrqPle72HxTz57HUtv-QkoBVw1TddUIUvvQKDNGR3G5AmKRi4ogRSjXafOcHhoybBeqyGghb_5hjdwXe-jbNk24B77UybQ_-bQZ_bUHtGBQlcKHLGU6r4u5g88UTRGlOR7cJ113QnNv-ceSYhXL-hUoRzCEsIx2Go4t3Frk4JYEMPK7J1lCOt64rY2zSLxfNH1w3o_zl66-O0kaneAWYi0lR7f3Q3EaCVRWmltYo2hM12_TN4GoldQ-P1Ev8sxJ7kSzj3EIw7UQkLTQzKCVhXPKpxJBc9knDFg-fx5oXedyLmsFYycValduDDnFyyKIK_vmjCGOQ_f2YVgCZzzIMWgzIO4YRP2aQ1WlzrEp0S0h9FKAmvRCclEtddc6pF-Ff7XlRWlLZtWlbx8Gbd3PCEPcSSgky6elRYbv2XRBMMViWbM5tU8QnhZU5qfnladew4UVjsy8w_CyxZde49EQXatymIxUyO4iDFlmFvEbrhPnDfUAXO_KO6WjEOgEsqBtdNPrbnvxSEVMZwfEeJiakeAH7_XT8031o7_a5Mo9XJYapRP1rBnWx9bpEWqRuKfPtp3AzCwpBkbHDtEj_tVKHhQTotyejSqWJZeDAp8a4b_jthULry0cTVHajPtzqg-0lMOFraF_CbEMeC1a0rkVo5nar0_f8gGySDS8LRM_zlBb7y90Ut59i-E6WmOLgf8kLRkqwqN2nag2dV2lSaErj-KBaao6D4X7CH_ub-wQYMIxBmpcNNJFTI97Z_1exTeBc5ZS8yb1ssmWxVjbsTT84em0CBEtJ2dinHE55Kj3ud-CUkRWtMYpwWH-KpjaV-k2iYYhqMok6pQPLaMvNUnxuPUSKlflicFgpDTWn84LzucnBfIYmvQzW79o4_2eesPrHWQMnG3cM6EXLNk-B569_qI8KfiXGCQbst6Mds-dPYKLdWChWxgEF2rnXVlh0uTPOdEweR1lkyqvFAdBVWeYAJOB1FADH3RCoCQb7ircxYnV6KntrxrkSrkm0koEmafIffuwN98x_VFMd_0otoGmeeFhm8Ec4W6WJSO0WJ65mptc0S213ZWW_KnhQpf7yLzKIAUzKX7zCwpePYVDcEc66UIvIvmB4yWbYxUxbJ5iFDjvZuuDOyiqn3zJL7ByIi8nFiDHoqx_tWsBiUKWeXVkUdArJiTrSC9hUkvS6u1wv6EK9OGf1cXwmur2vA9vZuGHKIQ1QCx-tUlMOTcoj3cDPvQWpzZ2BFO9Ay-9XaOipaLgrsORAPb9SonLB7BfgYwbfhgJ80k9fFMCtJVHjEtyJ1mvgw8_MosD_qBScnZGzII2NzzTAEy3p6x_oMScAHVlSfvna7idmPA"}
form message = Thank you for your interest in Broadridge.
A representative will contact you within 24 business hours.
formpayload for validation = {"formSubmissionId":"BRM6TU8B2-1770014441281","elqFormName":"","elqSiteID":"","datalayerheader":"","contact":"","formgtm":"","elqCustomerGUID":"","elqCookieWrite":"","segment":"","name_first":"First_81575_TESTTEST","name_last":"Last_81575_TESTTEST","email_work":"automated_TESTTEST_2026-02-02_06_40_38@broadridge.com","phone_business":"999-999-9999","job_title":"Job_81575_TESTTEST","Company":"Company_81575_TESTTEST","country":"United States","comment":"This is an automated test submission.  Please ignore.","id":"","so":"","di":"","ct":"","ep":"","ot":"","mt":"","yr":"","rg":"","on":"","sub-source":"","campaignMostRecentID":"","content-id":"","orig-channel":"","campaign-name":"","campaignMostRecentName":"","campaignMostRecentSource":"","campaignMostRecentMedium":"","campaignMostRecentContent":"","campaignMostRecentTerm":"","campaignMostRecentContentID":"","campaignMostRecentSubSource":"","Persistent_utm_medium":"","Persistent_utm_source":"","Persistent_utm_term":"","Persistent_utm_campaign":"","Persistent_Sub_Source":"","Persistent_Content_ID":"","Persistent_Campaign_ID":"","Persistent_utm_content":"","Session_utm_medium":"","Session_utm_source":"","Session_utm_term":"","Session_utm_campaign":"","Session_Sub_Source":"","Session_Content_ID":"","Session_Campaign_ID":"701RN00000RbnVLYAZ","Session_utm_content":"","inquiry":"Gen Enq","fullURL":"https://www-dev.broadridge.com/capability/governance-and-regulatory-compliance/proxy-services/issuer-proxy","page_id":"182853","page_campaign_id":"0","ecid":"","elqCampaignId":"","Formmodel":"flyout","Pagetype":"Products","g-recaptcha-response":"0cAFcWeA5UQ9YrryoyqAxwu8SOHetya3WYZP0V7kyQWyQaC0-o1HLMrAKzwkZ0DS6nuEKiXGjT0QUrPr1AQFB5wS869MC3gHtA0e8xlh1p2wrujU9q12yzo-szlKophnBxv3l4bQ1rpBUFg4b8XpAPpnLMoWBq4i458ysJ-kJHn1kk6ESSZtYgt0_9qsgQilhGsw1x0t-w8mj08_F-GoNT6tui22EvyUjDa7qgUwDuKjvAOwkkMFiF4gt6XOtC9KM705FL4GFqqWqE8hAu_iWi5upp9YZHxBT-WSk_Hp74xCBTbPLnLmEYvfOEZnI9wIMdebVgV-AAXhyQb1VsinRPVOfcliwhr6WM853UdAj9fF6_8FrqPle72HxTz57HUtv-QkoBVw1TddUIUvvQKDNGR3G5AmKRi4ogRSjXafOcHhoybBeqyGghb_5hjdwXe-jbNk24B77UybQ_-bQZ_bUHtGBQlcKHLGU6r4u5g88UTRGlOR7cJ113QnNv-ceSYhXL-hUoRzCEsIx2Go4t3Frk4JYEMPK7J1lCOt64rY2zSLxfNH1w3o_zl66-O0kaneAWYi0lR7f3Q3EaCVRWmltYo2hM12_TN4GoldQ-P1Ev8sxJ7kSzj3EIw7UQkLTQzKCVhXPKpxJBc9knDFg-fx5oXedyLmsFYycValduDDnFyyKIK_vmjCGOQ_f2YVgCZzzIMWgzIO4YRP2aQ1WlzrEp0S0h9FKAmvRCclEtddc6pF-Ff7XlRWlLZtWlbx8Gbd3PCEPcSSgky6elRYbv2XRBMMViWbM5tU8QnhZU5qfnladew4UVjsy8w_CyxZde49EQXatymIxUyO4iDFlmFvEbrhPnDfUAXO_KO6WjEOgEsqBtdNPrbnvxSEVMZwfEeJiakeAH7_XT8031o7_a5Mo9XJYapRP1rBnWx9bpEWqRuKfPtp3AzCwpBkbHDtEj_tVKHhQTotyejSqWJZeDAp8a4b_jthULry0cTVHajPtzqg-0lMOFraF_CbEMeC1a0rkVo5nar0_f8gGySDS8LRM_zlBb7y90Ut59i-E6WmOLgf8kLRkqwqN2nag2dV2lSaErj-KBaao6D4X7CH_ub-wQYMIxBmpcNNJFTI97Z_1exTeBc5ZS8yb1ssmWxVjbsTT84em0CBEtJ2dinHE55Kj3ud-CUkRWtMYpwWH-KpjaV-k2iYYhqMok6pQPLaMvNUnxuPUSKlflicFgpDTWn84LzucnBfIYmvQzW79o4_2eesPrHWQMnG3cM6EXLNk-B569_qI8KfiXGCQbst6Mds-dPYKLdWChWxgEF2rnXVlh0uTPOdEweR1lkyqvFAdBVWeYAJOB1FADH3RCoCQb7ircxYnV6KntrxrkSrkm0koEmafIffuwN98x_VFMd_0otoGmeeFhm8Ec4W6WJSO0WJ65mptc0S213ZWW_KnhQpf7yLzKIAUzKX7zCwpePYVDcEc66UIvIvmB4yWbYxUxbJ5iFDjvZuuDOyiqn3zJL7ByIi8nFiDHoqx_tWsBiUKWeXVkUdArJiTrSC9hUkvS6u1wv6EK9OGf1cXwmur2vA9vZuGHKIQ1QCx-tUlMOTcoj3cDPvQWpzZ2BFO9Ay-9XaOipaLgrsORAPb9SonLB7BfgYwbfhgJ80k9fFMCtJVHjEtyJ1mvgw8_MosD_qBScnZGzII2NzzTAEy3p6x_oMScAHVlSfvna7idmPA"}
formSubmissionId = BRM6TU8B2-1770014441281
fullURL = https://www-dev.broadridge.com/capability/governance-and-regulatory-compliance/proxy-services/issuer-proxy
page comparison URL = https://www-dev.broadridge.com/financial-services/corporate-issuer/issuer/simplify-the-annual-meeting-process/interactive-online-document-management
..........!!!...Filling the form failed...!!!........
................Header Contact Us Form Filled...................
v2 ContactUs form found on the bottom = false
V2 ContactUs form NOT found on the bottom
V2 Download form NOT found on the bottom
no cookie button
header ContactUs button found = true
emailTimeStamp = automated_TESTTEST_2026-02-02_06_41_20@broadridge.com
📤 Form payload = {"formSubmissionId":"BRKMIRN7N-1770014482480","elqFormName":"","elqSiteID":"","datalayerheader":"","contact":"","formgtm":"","elqCustomerGUID":"","elqCookieWrite":"","segment":"","name_first":"First_81575_TESTTEST","name_last":"Last_81575_TESTTEST","email_work":"automated_TESTTEST_2026-02-02_06_41_20@broadridge.com","phone_business":"999-999-9999","job_title":"Job_81575_TESTTEST","Company":"Company_81575_TESTTEST","country":"United States","comment":"This is an automated test submission.  Please ignore.","id":"","so":"","di":"","ct":"","ep":"","ot":"","mt":"","yr":"","rg":"","on":"","sub-source":"","campaignMostRecentID":"","content-id":"","orig-channel":"","campaign-name":"","campaignMostRecentName":"","campaignMostRecentSource":"","campaignMostRecentMedium":"","campaignMostRecentContent":"","campaignMostRecentTerm":"","campaignMostRecentContentID":"","campaignMostRecentSubSource":"","Persistent_utm_medium":"","Persistent_utm_source":"","Persistent_utm_term":"","Persistent_utm_campaign":"","Persistent_Sub_Source":"","Persistent_Content_ID":"","Persistent_Campaign_ID":"","Persistent_utm_content":"","Session_utm_medium":"","Session_utm_source":"","Session_utm_term":"","Session_utm_campaign":"","Session_Sub_Source":"","Session_Content_ID":"","Session_Campaign_ID":"701RN00000RbnVLYAZ","Session_utm_content":"","inquiry":"Gen Enq","fullURL":"https://www-dev.broadridge.com/capability/governance-and-regulatory-compliance/proxy-services/issuer-proxy","page_id":"182853","page_campaign_id":"0","ecid":"","elqCampaignId":"","Formmodel":"flyout","Pagetype":"Products","g-recaptcha-response":"0cAFcWeA7IHZ_eteta0rHoVKOBj2kBvuOtRtnvcNBv3FKKTBWdBt3cMWhhV3bVnD8fyTvZsb61E8IcqRMUnsQNAqj1nPXVkFSlTKwy0cJWcHOoT4q6EnDyd-D5bXu1LQhe6a-QFdlDcLj9qSB64R_eDrkAj4GHvSL7kr1KW4xMzFC9VY43D7MzpXMjayv7K9sY2u3IOLIo1trgDxVOQOOl2wul5GFOorQ53JJZurrAqQ1U5_xs5AX8c53OfhdAwfAYUc6zoZvYbIccTzWp0z1xXeA1l14ssraNWEklNB3VUwrdtIlGFqfSytyeJgoLZIbp57vG5W11osTXUVy_SQJBldm4l6y0Oq8W0uyJikW6KLnR05gbSXxUdvptzPgJx-NT0TOinjdEn9Sre5Kn9J3ZkyAbyCj1znoaS4SukTYewksV6yoOwdAqK51Ait9IjxlkCJ2LrGTguvFlsjUP6mbBoCVT6HBcN-fVWuflgF4DIZH-I0ebyNzXnh-58MMJao5vgrEC9CSUmul1oY0g60OZ-LEdnCpmYzqlqXuANg2sLxJr-c5zX3c9aNiHCtajbItOGBpMG4BF13-ztH81JF02ZqkqigNFl97u7xESp46cZQdsge2WgcMkWtd8CrzgZ9GKd4Gc20rXCWvsY8nmXXEke5xMwJKsodMrFY9IE9BOOnCZF-Of216EbEdT4tiYuFwFxua6Ah_6RJiofhckOyKCHbfzC5CwTl3dPsWtGm2EGvee4FKhlSJ7BJetXTXSZ3O1p5gydK7J_WwjWU33UH0eVLcxrnDCi3Rfg21o-aSpciX_rmeoolwLRiVZzf_SaUugVHZFHotz4loavTGSRy-i8V-P0Un0EVog0l_yyWW8CweoIoSLUk46tISGEmg1lSiGO_iDAbtrtvJTSbg6qrTsEPxtEnH66lILm7jpKIsKkT7CxW518r8SeacGJyXEkvKs16NE1klDApzas97JpYzL7icDOsI-tECnWM6bg7LiIE727LvXFk6Qj2EMFQWpqMIxYX8BOfkYdNm6N6YHcM0X5Id_vmSL06OYZscbx43rNrxXEaJsTip4LMUDCUegTY3krX3XvgnJFIQ-YuiXgyiC_uBiCCx3pEnCxRqpQCBebNhx839358009KxUK3j1gatE246fWp_aZ13A5w0nhwlQC_d_AZY-P0h5T4pPOToey7lLcl00fyte_BEKXD9CP2qnvful4Q9TsplW_OfhYgoQyRIzIoWWeKxh-4FJei6waeK1gbYFGpaGbljsoKnK6E2bNDLbbFtbxOBUDn3pq3qTEYA4Q9q_gSLaf2_CI8mjQuJ5zD4pJ2GVFqg4DBNRS8pDCE5IXJTIr1Bd7mHoFtLl0ZhFxQBNy-PCvUdRjplChecuWIT4PF8QQ0TL5_UNLUY3C5WlhFHl_dAg3djZesh6qcXSPXR_MZZpA8cXBLdyfufjRtCrfkW4HOQ4PyZ79FaByZB-zNQFXQ73QHHNodCzlgZrxjToxVE9X4aoDy2ydzFP9ukiX94Inco6YZpa6fNQdPB_v3sy9mmVYH_8DpKcdV2piUpnbyChR03gDcBwttMnV7mvupm0MLOvvLFJeFUsuMh0vPm6KtNNs_WlIKyDtNYCCJdZyuElcHj_1fPVOHKJGI5tudwj7MIBi64KraBHb1acmRH6EoF9DBoY72pL8DEINULCut3pAIMxyHMNHQaurr7QP7hB-zo"}
📤 Form payload = {"formSubmissionId":"BRNUIVZP4-1770014482634","elqFormName":"","elqSiteID":"","datalayerheader":"","contact":"","formgtm":"","elqCustomerGUID":"","elqCookieWrite":"","segment":"","name_first":"First_81575_TESTTEST","name_last":"Last_81575_TESTTEST","email_work":"automated_TESTTEST_2026-02-02_06_41_20@broadridge.com","phone_business":"999-999-9999","job_title":"Job_81575_TESTTEST","Company":"Company_81575_TESTTEST","country":"United States","comment":"This is an automated test submission.  Please ignore.","id":"","so":"","di":"","ct":"","ep":"","ot":"","mt":"","yr":"","rg":"","on":"","sub-source":"","campaignMostRecentID":"","content-id":"","orig-channel":"","campaign-name":"","campaignMostRecentName":"","campaignMostRecentSource":"","campaignMostRecentMedium":"","campaignMostRecentContent":"","campaignMostRecentTerm":"","campaignMostRecentContentID":"","campaignMostRecentSubSource":"","Persistent_utm_medium":"","Persistent_utm_source":"","Persistent_utm_term":"","Persistent_utm_campaign":"","Persistent_Sub_Source":"","Persistent_Content_ID":"","Persistent_Campaign_ID":"","Persistent_utm_content":"","Session_utm_medium":"","Session_utm_source":"","Session_utm_term":"","Session_utm_campaign":"","Session_Sub_Source":"","Session_Content_ID":"","Session_Campaign_ID":"701RN00000RbnVLYAZ","Session_utm_content":"","inquiry":"Gen Enq","fullURL":"https://www-dev.broadridge.com/capability/governance-and-regulatory-compliance/proxy-services/issuer-proxy","page_id":"182853","page_campaign_id":"0","ecid":"","elqCampaignId":"","Formmodel":"flyout","Pagetype":"Products","g-recaptcha-response":"0cAFcWeA4otrBfycub-dZLEeJp8EYx9esmG_kQF0QscVeeLF-74ZLjZ1Edoe7tnsXSU5cqtU5xD6zuj-dSFW9SvM9sfNUaCExJyzDlA9mY9U7SdXGRJ7aCBGC-tsSL1Y7CcaIMpMTs3yo0FzwbiDw9onv7DfSWSh8th0emHzgcNEFoTvpPev2K1p-JXoSs36rzTQmfdOFeEskeenbTZgE1M6c5aTDZt6SlohL48bH0RcUD9DYh-9aB92cQ03U6g5ex8pOk-LsprKjLjvm0ZcDIRpJDYWcvCSbI_IDBt5_J7itC_ETIPxoz1kdKPGY3t23TUplGDGPO4ktceZy2_cQWMbJa1l9iDVnQRiyHKiLSr3n-E5tIsuk9UHQ0YiTexmK3oOUmUJQm_RC1yVG26EWx9yn8Q5GXoSqHkPRSFmrw8AJfS6x8loatYll2tB4NuuFHArwW0q0K-BBQ9nCOZYVYe7KE61LkQq3WTDB6gST1pA-_28FZMyVGXDELaCZ4zk1Zr_wN3ZaM9R8-fTIc2fl26puE0gyPkd2E7ANmt5Fdsf0v12Ptr8sTDw-0duxUCVWx9GrFe0-n8nJWlGh36Gq6SLhESRyD9XHX1COzcwV9F1PklcICzx66qM2_iSesssTL-DHHGDUwDyQVBJen6Jda_m1ZvNZdJ_JbqNkgHt6cy8wsIuZLQ_ENKpbKjHBW5PHmLbBsfhwc9QvzXOMVsx6g6hpNSdUWhLr2e_SfTg23Dm2erSJ-6dEPmJrLn_tAD0ZT56quWToh2sK204WTek1vB17ywko3Gr4UW3tAxQa5wN2dr9Mo5jnYRao0F2Z9klWVPuZCk5_nAeOlfZo60a1vrsmZcZ-dIjJHtqTQKGn9LsGFBDsX4g__ztcFiO9fOlImQkdAN9rtCc0va_0oGWGk8uKgV_wbyhDBzcIli5W25KcDeAEoFjDscFTxwmtneU48dUVnFbMD6f2du65OfJVoEKLvHMOUy_9Y1fdZ-cJgsIqkex3sATQ49HtugT7TIJxOJTo_TiHGrOsAL67Zz8prCgh43dtUS_yxArJ0EvdoWAJS_7uvwoUuFo6kzV06-OW5gdaScpIF77_52XZO23sm401JjkGEksK6cXq91EpGxnROybvT4mtmWoNNYqvZ7fCajfqrcLgMs8P7F4LxApfB6gCPTSKp1psBdfbpVN5nt6UsnAtk-q4OxSsqD8b-IHGl1Eq7EiHcTEMR1wMBSn9vliQaGprIfSlwvLXn7z4vtW3JNPSlyaNqUGGetGUU9VCiMx-_so5P2qo_2j1AO2K6MVRtk4JLQEN2KntjIzRN6c49qPrz6wSXnEmWDQ73RlseCw7iWmA3qhS6zbNyuSYikJVsRrF3ItRl22e0izyzyL3fC7VjfcebMgF8kzePHDV5iEjczwK4o0PrSMb9ul4NXtb6z_CmvOOvZG0OHeG7ohGQDkLYjiy_puVMBOE2kBtyoejMmqN9oYk--Ra13_XgCNLzN0Ya5EOwd4ocCKk4jqSaQI2vSJoKiE8lb2VcbZsaoj2YuyF6mbLQLCsDzgNKO18QGeweVBiTWibD4UWX-f51mMr3eZ-60ySkiRRW9ig2mRKN-ZD7u0G7BflJe-kB5KcHCEBv0YOpVeNYAXR085Oty5ewiKPFg1XBmjtF1zXeLfs-1LsKbFYvUlvTNHeokQYQ5W0TgKSRWsUjn_ArABWoYNNyCzdhvPk"}
form message = Thank you for your interest in Broadridge.
A representative will contact you within 24 business hours.
formpayload for validation = {"formSubmissionId":"BRNUIVZP4-1770014482634","elqFormName":"","elqSiteID":"","datalayerheader":"","contact":"","formgtm":"","elqCustomerGUID":"","elqCookieWrite":"","segment":"","name_first":"First_81575_TESTTEST","name_last":"Last_81575_TESTTEST","email_work":"automated_TESTTEST_2026-02-02_06_41_20@broadridge.com","phone_business":"999-999-9999","job_title":"Job_81575_TESTTEST","Company":"Company_81575_TESTTEST","country":"United States","comment":"This is an automated test submission.  Please ignore.","id":"","so":"","di":"","ct":"","ep":"","ot":"","mt":"","yr":"","rg":"","on":"","sub-source":"","campaignMostRecentID":"","content-id":"","orig-channel":"","campaign-name":"","campaignMostRecentName":"","campaignMostRecentSource":"","campaignMostRecentMedium":"","campaignMostRecentContent":"","campaignMostRecentTerm":"","campaignMostRecentContentID":"","campaignMostRecentSubSource":"","Persistent_utm_medium":"","Persistent_utm_source":"","Persistent_utm_term":"","Persistent_utm_campaign":"","Persistent_Sub_Source":"","Persistent_Content_ID":"","Persistent_Campaign_ID":"","Persistent_utm_content":"","Session_utm_medium":"","Session_utm_source":"","Session_utm_term":"","Session_utm_campaign":"","Session_Sub_Source":"","Session_Content_ID":"","Session_Campaign_ID":"701RN00000RbnVLYAZ","Session_utm_content":"","inquiry":"Gen Enq","fullURL":"https://www-dev.broadridge.com/capability/governance-and-regulatory-compliance/proxy-services/issuer-proxy","page_id":"182853","page_campaign_id":"0","ecid":"","elqCampaignId":"","Formmodel":"flyout","Pagetype":"Products","g-recaptcha-response":"0cAFcWeA4otrBfycub-dZLEeJp8EYx9esmG_kQF0QscVeeLF-74ZLjZ1Edoe7tnsXSU5cqtU5xD6zuj-dSFW9SvM9sfNUaCExJyzDlA9mY9U7SdXGRJ7aCBGC-tsSL1Y7CcaIMpMTs3yo0FzwbiDw9onv7DfSWSh8th0emHzgcNEFoTvpPev2K1p-JXoSs36rzTQmfdOFeEskeenbTZgE1M6c5aTDZt6SlohL48bH0RcUD9DYh-9aB92cQ03U6g5ex8pOk-LsprKjLjvm0ZcDIRpJDYWcvCSbI_IDBt5_J7itC_ETIPxoz1kdKPGY3t23TUplGDGPO4ktceZy2_cQWMbJa1l9iDVnQRiyHKiLSr3n-E5tIsuk9UHQ0YiTexmK3oOUmUJQm_RC1yVG26EWx9yn8Q5GXoSqHkPRSFmrw8AJfS6x8loatYll2tB4NuuFHArwW0q0K-BBQ9nCOZYVYe7KE61LkQq3WTDB6gST1pA-_28FZMyVGXDELaCZ4zk1Zr_wN3ZaM9R8-fTIc2fl26puE0gyPkd2E7ANmt5Fdsf0v12Ptr8sTDw-0duxUCVWx9GrFe0-n8nJWlGh36Gq6SLhESRyD9XHX1COzcwV9F1PklcICzx66qM2_iSesssTL-DHHGDUwDyQVBJen6Jda_m1ZvNZdJ_JbqNkgHt6cy8wsIuZLQ_ENKpbKjHBW5PHmLbBsfhwc9QvzXOMVsx6g6hpNSdUWhLr2e_SfTg23Dm2erSJ-6dEPmJrLn_tAD0ZT56quWToh2sK204WTek1vB17ywko3Gr4UW3tAxQa5wN2dr9Mo5jnYRao0F2Z9klWVPuZCk5_nAeOlfZo60a1vrsmZcZ-dIjJHtqTQKGn9LsGFBDsX4g__ztcFiO9fOlImQkdAN9rtCc0va_0oGWGk8uKgV_wbyhDBzcIli5W25KcDeAEoFjDscFTxwmtneU48dUVnFbMD6f2du65OfJVoEKLvHMOUy_9Y1fdZ-cJgsIqkex3sATQ49HtugT7TIJxOJTo_TiHGrOsAL67Zz8prCgh43dtUS_yxArJ0EvdoWAJS_7uvwoUuFo6kzV06-OW5gdaScpIF77_52XZO23sm401JjkGEksK6cXq91EpGxnROybvT4mtmWoNNYqvZ7fCajfqrcLgMs8P7F4LxApfB6gCPTSKp1psBdfbpVN5nt6UsnAtk-q4OxSsqD8b-IHGl1Eq7EiHcTEMR1wMBSn9vliQaGprIfSlwvLXn7z4vtW3JNPSlyaNqUGGetGUU9VCiMx-_so5P2qo_2j1AO2K6MVRtk4JLQEN2KntjIzRN6c49qPrz6wSXnEmWDQ73RlseCw7iWmA3qhS6zbNyuSYikJVsRrF3ItRl22e0izyzyL3fC7VjfcebMgF8kzePHDV5iEjczwK4o0PrSMb9ul4NXtb6z_CmvOOvZG0OHeG7ohGQDkLYjiy_puVMBOE2kBtyoejMmqN9oYk--Ra13_XgCNLzN0Ya5EOwd4ocCKk4jqSaQI2vSJoKiE8lb2VcbZsaoj2YuyF6mbLQLCsDzgNKO18QGeweVBiTWibD4UWX-f51mMr3eZ-60ySkiRRW9ig2mRKN-ZD7u0G7BflJe-kB5KcHCEBv0YOpVeNYAXR085Oty5ewiKPFg1XBmjtF1zXeLfs-1LsKbFYvUlvTNHeokQYQ5W0TgKSRWsUjn_ArABWoYNNyCzdhvPk"}
formSubmissionId = BRNUIVZP4-1770014482634
fullURL = https://www-dev.broadridge.com/capability/governance-and-regulatory-compliance/proxy-services/issuer-proxy
page comparison URL = https://www-dev.broadridge.com/financial-services/corporate-issuer/issuer/simplify-the-annual-meeting-process/shareholder-meeting-registration
..........!!!...Filling the form failed...!!!........
................Header Contact Us Form Filled...................
v2 ContactUs form found on the bottom = false
V2 ContactUs form NOT found on the bottom
V2 Download form NOT found on the bottom
no cookie button
header ContactUs button found = true
emailTimeStamp = automated_TESTTEST_2026-02-02_06_42_01@broadridge.com
📤 Form payload = {"formSubmissionId":"BRLAEVPNN-1770014523772","elqFormName":"","elqSiteID":"","datalayerheader":"","contact":"","formgtm":"","elqCustomerGUID":"","elqCookieWrite":"","segment":"","name_first":"First_81575_TESTTEST","name_last":"Last_81575_TESTTEST","email_work":"automated_TESTTEST_2026-02-02_06_42_01@broadridge.com","phone_business":"999-999-9999","job_title":"Job_81575_TESTTEST","Company":"Company_81575_TESTTEST","country":"United States","comment":"This is an automated test submission.  Please ignore.","id":"","so":"","di":"","ct":"","ep":"","ot":"","mt":"","yr":"","rg":"","on":"","sub-source":"","campaignMostRecentID":"","content-id":"","orig-channel":"","campaign-name":"","campaignMostRecentName":"","campaignMostRecentSource":"","campaignMostRecentMedium":"","campaignMostRecentContent":"","campaignMostRecentTerm":"","campaignMostRecentContentID":"","campaignMostRecentSubSource":"","Persistent_utm_medium":"","Persistent_utm_source":"","Persistent_utm_term":"","Persistent_utm_campaign":"","Persistent_Sub_Source":"","Persistent_Content_ID":"","Persistent_Campaign_ID":"","Persistent_utm_content":"","Session_utm_medium":"","Session_utm_source":"","Session_utm_term":"","Session_utm_campaign":"","Session_Sub_Source":"","Session_Content_ID":"","Session_Campaign_ID":"701RN00000RbnVLYAZ","Session_utm_content":"","inquiry":"Gen Enq","fullURL":"https://www-dev.broadridge.com/press-release/2012/broadridge-trade-confirmation-matching-solution","page_id":"177489","page_campaign_id":"","ecid":"","elqCampaignId":"","Formmodel":"flyout","Pagetype":"Press Release","g-recaptcha-response":"0cAFcWeA4QA_DQRmmnDj36AhPKJhTNLxzRqe31XQ2il3ZS6bN2AjmNo5ehhv0Cr6iR3FEDioXiZ196P3yf4YaRyRiP1blCQ6mTimhMgQ0fzFc4r1eSYMbcxQDN_G1ErehZRKofff-QWjVMpNhTqRDdp6XYZY5L3yfgA54L4wo1mKDvvXDKkA2XUkjrbYEW0a467phf6xM4GlGrZCZ-3dVeYNr4NfWf168p7Htqw3MqYIcQIYhFF3IppsBF_oCV1EsoNu0VmUUDbEcXtXuV1u-ikZYuIsrwFHOlgad64fZDctkFKCZZVwa5NLuErcGzmumNClkEGrUEVC1GWku5-eIraHhzAaJfkD_d10zcragKWn4MbEhbpPVvNpv5UlBNtFrlm_VNUbWenbf0BWhl0VVGUI66mXpYIFvcRsPOPrUSdOm7TJIvItsPBV1LDitUNURa963CZrdL9Zebl3ORJzcOAO86geAiptrI58DplKaBZRbT17e_uRpsVAgXwxXn1n-grnUWRXMcBTh4dRIx8FdP_dPX6LTiAAdl4mutFXW5vQEilwqktR3g09_ONKIOWOZRwivAVo6YFRpQqkqrO2lPXTuPwVRjz_wBVbhgOlaCRMitN3YaVSlD7R-4umh1MqoJfji6AW3jJ2n_oytY5Pc_4vQlNV2-Uun-F4j5_QB11OfpUFIF0b0KHS4VrDyv29KgOYzb0eU_jJ0bn4J6Fjw84L59UQMKXBJsYKEVREkJBlaDpneG8f4pA67OXllp5hbXuU-yb1rhBTLzqf7NHQL6Nx1C1u2FeukYYaU9QOJL9MrPH6_yMxQJHy_XChBOxzcCbwB8fMmmKcmzMd_vqOia7iHtb6Ic3PO2ORs6V4ew5MgcTa_sbBKrTIASa3WnSeicNiYs48cDBh2GoSqWPXGGHk008b4AywC1YKYWgIc0N-SQTfwDHjzHve0oYegVTqCaJH_BKX8_BaXEqzaywC6pXwatjCK_igPfk5-GzcqjrE-RWFEedy0A38pUuvEGpvanzWYn4tX1wYHaIHNQ3W9Zk8SyPPKs_sKMake9FWiwamBLy0mEFnxoSxbnWIxjcNlhCQ4nbXB_jRAN3j_HK3E0jKpdOo3oVlUHglPehO16mwA7Wj5LvGf3W-OpbTZExruxqalUGJ8V8ATbHZPdZpHQkxWhTiHBSWzxiB_z98xNqLFdyffixF8eJdCFU8zhrGZ1kr0r-yOLHVA2qMVj3NRHLeJ0tpH0VxQO5NYrj4MXhGatOA8QOkKky2WaMFGBtFPLMElP8zJpi7691vnIHwtY8WGlSBzNTba6yWoxSm0C2HRpUTonUgqBvUfFnICdyQ2Wtvmaca_0rTkC_vsEa6Ttlm0NkzoUTTPBhO0nnUaxPJSM38Wlu_adMhwRmjVHcn2xAJqKn-aWLJ7p7DqIaZc1l4_efcwnzkt_0uUDfnHputkZqlIljzrMS7NCUWaOqkEoPKHpJrhzBTv0EdvgAT1B4ijM3TN7Ei9S1YQKtUtZ81jaOX0Z2JtZn6cez-lsokzt7pK8qUL0xDFYMuWTZxLpFPDfYVmO85KjrBb95h9LlSV5oIHmgdmK8h3nrdXmUjM3-_yj5nK1rrydd1GI4aJuO_yyD9QSizzC850dqfYqup5WDexiMfphkfSXwRawekkRjx2cwxGsnOFZ20XIUB-SO9VJu3d5I1SKY1SKoLb_5WCQypoFbHRIdwf7bvx9PLLrp4db5C_uUOqjIhDvoFdN2TpJNqEHDNxcLA"}
📤 Form payload = {"formSubmissionId":"BRSZAXI0M-1770014523904","elqFormName":"","elqSiteID":"","datalayerheader":"","contact":"","formgtm":"","elqCustomerGUID":"","elqCookieWrite":"","segment":"","name_first":"First_81575_TESTTEST","name_last":"Last_81575_TESTTEST","email_work":"automated_TESTTEST_2026-02-02_06_42_01@broadridge.com","phone_business":"999-999-9999","job_title":"Job_81575_TESTTEST","Company":"Company_81575_TESTTEST","country":"United States","comment":"This is an automated test submission.  Please ignore.","id":"","so":"","di":"","ct":"","ep":"","ot":"","mt":"","yr":"","rg":"","on":"","sub-source":"","campaignMostRecentID":"","content-id":"","orig-channel":"","campaign-name":"","campaignMostRecentName":"","campaignMostRecentSource":"","campaignMostRecentMedium":"","campaignMostRecentContent":"","campaignMostRecentTerm":"","campaignMostRecentContentID":"","campaignMostRecentSubSource":"","Persistent_utm_medium":"","Persistent_utm_source":"","Persistent_utm_term":"","Persistent_utm_campaign":"","Persistent_Sub_Source":"","Persistent_Content_ID":"","Persistent_Campaign_ID":"","Persistent_utm_content":"","Session_utm_medium":"","Session_utm_source":"","Session_utm_term":"","Session_utm_campaign":"","Session_Sub_Source":"","Session_Content_ID":"","Session_Campaign_ID":"701RN00000RbnVLYAZ","Session_utm_content":"","inquiry":"Gen Enq","fullURL":"https://www-dev.broadridge.com/press-release/2012/broadridge-trade-confirmation-matching-solution","page_id":"177489","page_campaign_id":"","ecid":"","elqCampaignId":"","Formmodel":"flyout","Pagetype":"Press Release","g-recaptcha-response":"0cAFcWeA4o_463FyyAvjAP-ncvCX2kkR1z2rXjfxOkmCXbcTDBxgpXM_MCUJfGlRKSg_rX392lNhMuxhd6e7AwGyQDalfMN2g-cUTmMbekENFqFOF-2sl40HBbNVToQuKa09cDNcO15E3AWbc9n_NEGR3W_yyJTIWAasWVCJRe7fVl7xLtXL4WFYT8QYJLPM4oRfNgXFOa7vP53t2hc3s18vuE_milGBh1VBFC5b5p_Vqvr_qpdYxhAOiJPfYh47SXW5DVV-Kt7pQkTLpD0IGYH5GWsWKJ4hfim48YwsQNMsr5HKwJyPBzLWUFCVFPPkbVdUqsBy6OhIe51Ek_MqC3vaOgrdMSbyZTaqFzu7EjN9mFmfFvq0eigj_0ZQ5BapuLaSxVwOHDNw2bIjje3qvdEBrWPUqciSeR5IDVtV1H4UObcO_jmke3MVsz-mRAEEnEB5k79bPAchIR7h1Rk9bqoiB88Sd0beep3JTV1wg6NGVoOgWwUIer1VZSkGJarJT4pgZzGq9r3TApWCoSXnyXHEJSi66b8CxP4mxKLpq2o9KNignNKMZ-WiM-ALMLvPG3-oAbFCURTksPaMuXI2TUuI5ad1HsKmexMQQ_qH0Mj4KR5rfDhc_yubH3HF8cUcl8PuM3xVCbRBekbuyVEPDzggNTCsQVw0olZqqUTzkas3QBXdMBePx5S2W-XaejCeJuOVlrZloOKU3VddXXMajquLI8BOkun8W74soQsIg3NIMy8FsQZfzDhLNyJL_e1kjIy8hxcjwCXeo5Bb8IsXoDrAfkKOQs-ndUISxqmwZ6br4ruN_CzhasVjlEQmcWad-476GLbK8QHB-jfrROr_erBLXBGSoWlXSxYOAfm8gYjIsSCJVKknJyd9xMFASiTULdkFBETpKuP0U5zDJPAL-8VZqeimEOMqWiCd7kmx0pCXDTSFowqpB-3ou24yx083lLspLrTyLa-xHzH2IOtC7oz9sDVbpopaLzQLP3nInbcXAZ1Ltj-BcqiWeb4UFs2Y9LR5zK80QZZWTS49wm2jQ28Nxjq5II9LccQoygDP4zcaV9RP5jdfHQMWyVJhBPtbIdxFrP9V8wju8q1MQ_6flZpb2tqIr7vk_bEF8cl_Wiz2_mTOWqayC3AldDUQuTFmDokd2ko_2VEu405N6nUDoSvSpFqXXCZC1U1tZUOdZf2J179LWNqDUPyrnxquSeqTedv0fWiKlLxy9vs29mw949s--V0mPKUO3Fhxf0yVECyevyD3hc6gz9J97MhIvokSV_K839fwrmRAdL6gLfZFis-DaFcffjZI2NxbwOt2zeBQXO5EC7-FxSBtZ2tUW__tvT_7vtZnlvruRiZzLS-89SL65wYYZVX4RHwJ1bn1f8HAGz6RFHEJCoZ6FIxwL4bskvkDRWJXVSUSzGxFxRDyuQ0pCABR79CRXuQJVgbRYmPlonEvgeZKQ8fTA1PuHefXC0E4SdbgG7u3a2pxyx41OAAyw9ThL2T6GOklxiEeSeKxg5tTDmSNp7kzUDz300ChLM7MXVbA-qSvzdtBN8h-5M74L6FN5BYsLtSg-3YTIKOdcGm4nLcDYS_9Fo6cZlKfYD2rJzg95Xv7bMmWyhgU1rUxwrYIQpEqJDB_E0zQ5ANvHi_JBqEg5wkkvAMTb2CQaawtvSWYTI4z2cq2EZw9o_VaSncKLfLkttUeQ7DB1GJq8TZmHWk3yy4YdsGLXTMG0xtkI838PQiPmg"}
form message = Thank you for your interest in Broadridge.
A representative will contact you within 24 business hours.
formpayload for validation = {"formSubmissionId":"BRSZAXI0M-1770014523904","elqFormName":"","elqSiteID":"","datalayerheader":"","contact":"","formgtm":"","elqCustomerGUID":"","elqCookieWrite":"","segment":"","name_first":"First_81575_TESTTEST","name_last":"Last_81575_TESTTEST","email_work":"automated_TESTTEST_2026-02-02_06_42_01@broadridge.com","phone_business":"999-999-9999","job_title":"Job_81575_TESTTEST","Company":"Company_81575_TESTTEST","country":"United States","comment":"This is an automated test submission.  Please ignore.","id":"","so":"","di":"","ct":"","ep":"","ot":"","mt":"","yr":"","rg":"","on":"","sub-source":"","campaignMostRecentID":"","content-id":"","orig-channel":"","campaign-name":"","campaignMostRecentName":"","campaignMostRecentSource":"","campaignMostRecentMedium":"","campaignMostRecentContent":"","campaignMostRecentTerm":"","campaignMostRecentContentID":"","campaignMostRecentSubSource":"","Persistent_utm_medium":"","Persistent_utm_source":"","Persistent_utm_term":"","Persistent_utm_campaign":"","Persistent_Sub_Source":"","Persistent_Content_ID":"","Persistent_Campaign_ID":"","Persistent_utm_content":"","Session_utm_medium":"","Session_utm_source":"","Session_utm_term":"","Session_utm_campaign":"","Session_Sub_Source":"","Session_Content_ID":"","Session_Campaign_ID":"701RN00000RbnVLYAZ","Session_utm_content":"","inquiry":"Gen Enq","fullURL":"https://www-dev.broadridge.com/press-release/2012/broadridge-trade-confirmation-matching-solution","page_id":"177489","page_campaign_id":"","ecid":"","elqCampaignId":"","Formmodel":"flyout","Pagetype":"Press Release","g-recaptcha-response":"0cAFcWeA4o_463FyyAvjAP-ncvCX2kkR1z2rXjfxOkmCXbcTDBxgpXM_MCUJfGlRKSg_rX392lNhMuxhd6e7AwGyQDalfMN2g-cUTmMbekENFqFOF-2sl40HBbNVToQuKa09cDNcO15E3AWbc9n_NEGR3W_yyJTIWAasWVCJRe7fVl7xLtXL4WFYT8QYJLPM4oRfNgXFOa7vP53t2hc3s18vuE_milGBh1VBFC5b5p_Vqvr_qpdYxhAOiJPfYh47SXW5DVV-Kt7pQkTLpD0IGYH5GWsWKJ4hfim48YwsQNMsr5HKwJyPBzLWUFCVFPPkbVdUqsBy6OhIe51Ek_MqC3vaOgrdMSbyZTaqFzu7EjN9mFmfFvq0eigj_0ZQ5BapuLaSxVwOHDNw2bIjje3qvdEBrWPUqciSeR5IDVtV1H4UObcO_jmke3MVsz-mRAEEnEB5k79bPAchIR7h1Rk9bqoiB88Sd0beep3JTV1wg6NGVoOgWwUIer1VZSkGJarJT4pgZzGq9r3TApWCoSXnyXHEJSi66b8CxP4mxKLpq2o9KNignNKMZ-WiM-ALMLvPG3-oAbFCURTksPaMuXI2TUuI5ad1HsKmexMQQ_qH0Mj4KR5rfDhc_yubH3HF8cUcl8PuM3xVCbRBekbuyVEPDzggNTCsQVw0olZqqUTzkas3QBXdMBePx5S2W-XaejCeJuOVlrZloOKU3VddXXMajquLI8BOkun8W74soQsIg3NIMy8FsQZfzDhLNyJL_e1kjIy8hxcjwCXeo5Bb8IsXoDrAfkKOQs-ndUISxqmwZ6br4ruN_CzhasVjlEQmcWad-476GLbK8QHB-jfrROr_erBLXBGSoWlXSxYOAfm8gYjIsSCJVKknJyd9xMFASiTULdkFBETpKuP0U5zDJPAL-8VZqeimEOMqWiCd7kmx0pCXDTSFowqpB-3ou24yx083lLspLrTyLa-xHzH2IOtC7oz9sDVbpopaLzQLP3nInbcXAZ1Ltj-BcqiWeb4UFs2Y9LR5zK80QZZWTS49wm2jQ28Nxjq5II9LccQoygDP4zcaV9RP5jdfHQMWyVJhBPtbIdxFrP9V8wju8q1MQ_6flZpb2tqIr7vk_bEF8cl_Wiz2_mTOWqayC3AldDUQuTFmDokd2ko_2VEu405N6nUDoSvSpFqXXCZC1U1tZUOdZf2J179LWNqDUPyrnxquSeqTedv0fWiKlLxy9vs29mw949s--V0mPKUO3Fhxf0yVECyevyD3hc6gz9J97MhIvokSV_K839fwrmRAdL6gLfZFis-DaFcffjZI2NxbwOt2zeBQXO5EC7-FxSBtZ2tUW__tvT_7vtZnlvruRiZzLS-89SL65wYYZVX4RHwJ1bn1f8HAGz6RFHEJCoZ6FIxwL4bskvkDRWJXVSUSzGxFxRDyuQ0pCABR79CRXuQJVgbRYmPlonEvgeZKQ8fTA1PuHefXC0E4SdbgG7u3a2pxyx41OAAyw9ThL2T6GOklxiEeSeKxg5tTDmSNp7kzUDz300ChLM7MXVbA-qSvzdtBN8h-5M74L6FN5BYsLtSg-3YTIKOdcGm4nLcDYS_9Fo6cZlKfYD2rJzg95Xv7bMmWyhgU1rUxwrYIQpEqJDB_E0zQ5ANvHi_JBqEg5wkkvAMTb2CQaawtvSWYTI4z2cq2EZw9o_VaSncKLfLkttUeQ7DB1GJq8TZmHWk3yy4YdsGLXTMG0xtkI838PQiPmg"}
formSubmissionId = BRSZAXI0M-1770014523904
fullURL = https://www-dev.broadridge.com/press-release/2012/broadridge-trade-confirmation-matching-solution
page comparison URL = https://www-dev.broadridge.com/press-release/2012/broadridge-trade-confirmation-matching-solution
................Header Contact Us Form Filled...................
V2 ContactUs form NOT found on the bottom
V2 Download form NOT found on the bottom
no cookie button
header ContactUs button found = true
emailTimeStamp = automated_TESTTEST_2026-02-02_06_42_40@broadridge.com
📤 Form payload = {"formSubmissionId":"BRYU30W3X-1770014562775","elqFormName":"","elqSiteID":"","datalayerheader":"","contact":"","formgtm":"","elqCustomerGUID":"","elqCookieWrite":"","segment":"","name_first":"First_81575_TESTTEST","name_last":"Last_81575_TESTTEST","email_work":"automated_TESTTEST_2026-02-02_06_42_40@broadridge.com","phone_business":"999-999-9999","job_title":"Job_81575_TESTTEST","Company":"Company_81575_TESTTEST","country":"United States","comment":"This is an automated test submission.  Please ignore.","id":"","so":"","di":"","ct":"","ep":"","ot":"","mt":"","yr":"","rg":"","on":"","sub-source":"","campaignMostRecentID":"","content-id":"","orig-channel":"","campaign-name":"","campaignMostRecentName":"","campaignMostRecentSource":"","campaignMostRecentMedium":"","campaignMostRecentContent":"","campaignMostRecentTerm":"","campaignMostRecentContentID":"","campaignMostRecentSubSource":"","Persistent_utm_medium":"","Persistent_utm_source":"","Persistent_utm_term":"","Persistent_utm_campaign":"","Persistent_Sub_Source":"","Persistent_Content_ID":"","Persistent_Campaign_ID":"","Persistent_utm_content":"","Session_utm_medium":"","Session_utm_source":"","Session_utm_term":"","Session_utm_campaign":"","Session_Sub_Source":"","Session_Content_ID":"","Session_Campaign_ID":"701RN00000RbnVLYAZ","Session_utm_content":"","inquiry":"Gen Enq","fullURL":"https://www-dev.broadridge.com/press-release/2012/matrix-expands-trueopen-architecture-platform","page_id":"177726","page_campaign_id":"","ecid":"","elqCampaignId":"","Formmodel":"flyout","Pagetype":"Press Release","g-recaptcha-response":"0cAFcWeA56hx2zlG3UdCL89o1dUPpYjRlATbZLiUGNdo3S6LpiuYh0-gECU8ra8eiJD2olzdmkWvSVI3cn0upGUPXZG5nxMjMPzJjb7urTDyfJlPdWtQRoFqY8fM5Opo7wIUNiRpRP3mIxhI0U4-rxBtEIif_e362Of9IB17ADLgyyQfGhtlIw2UnjxNXF3peScnElwbtqWzSPTxR4Dvp2cPbzcvZWiP8kvW6aOBuvBZW7rhK-14IAyX5qDbMyMPjDzeV1xAMOFgomfyS5k6qhs9OZHR9OgZEIrtY3Go0ff9qTnJi4vPNEdrGLS4QuANKkjuBAZ2wcfnbUet-nFGI_UwuDGhCshXnSGDeIAFJn8PQPTrBQIpOWiacWzclrsJLbGvqljpicVJpTBwbxXDI_kR64-iizglI0mxD82xh5QIHbQ4GRY7luNYMpzrm-MRVqnsODKfDpfGRpgPnzLfahTh6-YBObLoHUMhO8Retw-uf8Tf4qCcFTyPxD20XFRCbYVfnF4ZsXDnDCv2oVL-qgrblUnjkWCzEM8j1zVa6ZP3Aj9zrNFqoTy7NQEGE97V0kdb5pxgT3S4YelcgTMqx1YKLEEtU8eFp5NwtyqQP2aKNCP7wOlrris7PWyu03MRlTBaqwVGADjNlV_ZwzCiVmP4Ov4eWT3tM2NNXopQi-wDWBthEEM_nT_DJb51SmhUZJFsfyCftXz4wvM0IElkfBEZAy-H4-Dlq1joifNNnuEjcVJLFzBZjnDNZfukD2ys0e8ksYi_u-AD7314r2CzGbINLWCHlNnidIAGYlKqnYid2fC6asugl53vasfWMQzIYCUStY17bQJykCDufg2UwqXMC-JtAzcCOknqXeaPbV4VNzTMU_HSOJpisCAOg-9TX5xs0iG7yTkkLJtIf9IeDC9XrsAHsO5v-nXomOd499p1CdxYFZn2EyJx7z40EieEev1ga_Yva_66loWdsRNut9lzYP2-E2hitKiN_dwCl5Bd9_bla104hV4t-ceHs453wflb4Hpfb_spyD54Z7rgqX9sbCLkDNphSMsrthsMQpEFF3JT5R0pZiNsS3lR_nad8bn9NVAM_OqOb-h4PEoEEyMcC3NBt7z_oCUC7Naxqx2F0ARuDCQE0521ZuN91gncPoEW2zAT2H2jP9A18RuOmVd_NWpR6OqsNIJGi75jlozytoM796rKq2YZbNlNl1jAL06Yr5OYdFw56a3YhOrDIhRKKgpCyxQcXpsEciyYAYYyxFmuxmKLfLUMzss0do5-ivVNU2PNICZTkGMiyJB9mLmr3a373LWbQeP8nyrz6csXFSw1OP0mrWRP4N1wav5-KVg_SmK9bvpuiBjHA5n1mXbVipU09ePPzxBW9nh4E0bHjbHZnDIFApnXQEWwludDqqtPJ4KIUDpRm8PVJz16juwxKz7-44NLcubUuEOletUPu9OtVuzdH3fswBBtBvgh6k5ewrl1eeEcDJgxVnTiic_8WtJkjAbC1-lj_UDv6BP_UeK2zNjDOkvf4DJST0keBbRmA5OO3uutMv3yKi5owR_u07uH-nkktmSNQZEKI7kz1JCcvgjU9Pn80fxpx_8TAvvDLj7HDOm2xpn8cv-jIXzrHonytQlOU1hvLI8Bla1rR3flAqq8XiuVVCF7-7RzApr1PWPSbBMBGgF5o7lyr7IbgnyZ8BPOxmoaY2hjbZ44eRdvxomsuZvv7RN_JI5B4dUZOZDEeWYyxNfDx_MQ6IPaXhyUta79hyAUibmzAhwNEr3PJvp-_6Apw"}
📤 Form payload = {"formSubmissionId":"BRZSMMJC4-1770014562944","elqFormName":"","elqSiteID":"","datalayerheader":"","contact":"","formgtm":"","elqCustomerGUID":"","elqCookieWrite":"","segment":"","name_first":"First_81575_TESTTEST","name_last":"Last_81575_TESTTEST","email_work":"automated_TESTTEST_2026-02-02_06_42_40@broadridge.com","phone_business":"999-999-9999","job_title":"Job_81575_TESTTEST","Company":"Company_81575_TESTTEST","country":"United States","comment":"This is an automated test submission.  Please ignore.","id":"","so":"","di":"","ct":"","ep":"","ot":"","mt":"","yr":"","rg":"","on":"","sub-source":"","campaignMostRecentID":"","content-id":"","orig-channel":"","campaign-name":"","campaignMostRecentName":"","campaignMostRecentSource":"","campaignMostRecentMedium":"","campaignMostRecentContent":"","campaignMostRecentTerm":"","campaignMostRecentContentID":"","campaignMostRecentSubSource":"","Persistent_utm_medium":"","Persistent_utm_source":"","Persistent_utm_term":"","Persistent_utm_campaign":"","Persistent_Sub_Source":"","Persistent_Content_ID":"","Persistent_Campaign_ID":"","Persistent_utm_content":"","Session_utm_medium":"","Session_utm_source":"","Session_utm_term":"","Session_utm_campaign":"","Session_Sub_Source":"","Session_Content_ID":"","Session_Campaign_ID":"701RN00000RbnVLYAZ","Session_utm_content":"","inquiry":"Gen Enq","fullURL":"https://www-dev.broadridge.com/press-release/2012/matrix-expands-trueopen-architecture-platform","page_id":"177726","page_campaign_id":"","ecid":"","elqCampaignId":"","Formmodel":"flyout","Pagetype":"Press Release","g-recaptcha-response":"0cAFcWeA6GH0vHgQ05mzHoHgAZ1laA5k1HM9CYchvrLWxPaQmhuGyYsf9PQfye_B-1nwBwkAhQ9FUihtHCORL-FeL_OaUfJeuqRb7IL5IFQzMwde1DUj0t4cPOZzaEsFSrhTq0qmfij31V2jKKeBj_IBjuhVCdSZ2QmM-8BStdNuwoGcoaldSnd-0SHJOerJOGyx5SF6H5D3i2tVtQHgzFe1TdIvqnbWY8Ex11OmFe93sMM7jL3ioWJkb1yvQ4hpNpUAIuSTAzOku9nn7K94UcSSNtUJcUD5tj2w1G6s8YibpjJy_vGg6n28mQOf2D8FsQ27fnXiXfHoTyHOzeB9VI4vYmSFzKsHa15ZCC7dEntyaWsfrgKA2p3XAm1I43L5id32MV4PomKJr_lICq1DnbWS1SEi8tsudl-irSA82TO4d_qcWmb8jguDkU6D8r8GnBj_cUEPYlv2o3kCU8WpM_QroX2NKRm_YHH0tPpIfxxdbi203PiZOwCgByAmMSa465czr5-pn9VSEl7c5VHCX4vVTXxzOZlZ7tejvT_fVz19yRtdP-1LfOKS1y3rHa31LC58EeKj_g8qU45obTvmQ06Du3HdP59VGTPeVc0IpiFRvPcAlTgZSPZ6IcksUbMFUPaxMA_JHgYGQXa8a2qiIhHgwByAX_vHnS6MuOt47q7iQsAX92XKKPvf0YF1sIp-n2kxwWQ3ZIqOIf1bJjcM4o6OM23hpr3UT8AB3RWw2xuOe9iWnAYgXaEiZDIUe-bgCoh0L38W05Zvz0Ggd_ikYLOfNuy-CgCHkNkqMBdjK6bABW02UxtMeFhWPoOVRNgdZqTapfS00oIAF5GWCCrIaE1r6tLXClDhiQBi8-HuNA-45PbqopMTFKwssVooL1CLiMs7D-4cA7F6nYbK1_qXoG_UL8gR8goldVpX3wl787Tdceq-qseXX7RS5E89QrTghDcJBgRnbhpddjuCm0-iiaVBtbiZlsDR1nzE1dUiydLUGvxAEAJypH8icH_n7EI20gRtCocoiwhFE33cqTg71Y4ymul8OW_jIyEWuInAwY54GUadi-Hm1VXo7Stcrl_9vtB9UYX1Ta5XbtdJtQGcZx1apdTD0qH0tTV3D4yqNzG3Kg1a2f8BkqrzVkyO8je8ey9aMwZcYDn5DTmCRxKebXveM1ybadhwA51Xp5MsOKsV2bGLfCJQCAbbqvHWKrDgc49LXQHdiizyk5C5c93iSqTHDr50Yq5uLyqVSPzPhqOjr92bQsjwDQ5IOi9cBTvWgIyzSfABcIgFvEoNPSAGnSLtltzrp5EFOrVWZ4Eh1viNM651GaQrTrxqCDt6Es1ZF_NgROha9sLiwYxSrCkhfDA6Vuq_5Y0bp24vx0Io8tBub-zirYJEjts1fhldrcjkmEOvQiHoZzzEg8Fa-IR44hqxAtRlfMy-EURYWUKHpfqvNaaZB1M0irv5hsd5nUykaMdaoFpAWcI9RFGBgQU8zV4u6wuvVmZmAq10p2nBl8xBUC_Udd0MIGtlBkRrXjAIjkGR2Hq6qCC99yfx6x9CWFMbCDeb_WCiWBaj8er2-DrUBts7Mnk4bsyC263SOIVxBDeOd6-k4xtAduBgr55gFbHVu0YcZeLD3UQNWvV0ZKtJgT4QsGFzrX5zn-hx2BafoIatFIT_IWJDZ1VnwjknhSIwh4M0m_Vm2IfzWPzwrXp88G_bAxIeP94q1CJOTFw5KCB3F824pACUyJIc7YaJHHJXeCeZCPTDB6_Y_qpdA_C9dw1xpum4CD-ES-2bMW6ZUxOoASL11VBcmb"}
form message = Thank you for your interest in Broadridge.
A representative will contact you within 24 business hours.
formpayload for validation = {"formSubmissionId":"BRZSMMJC4-1770014562944","elqFormName":"","elqSiteID":"","datalayerheader":"","contact":"","formgtm":"","elqCustomerGUID":"","elqCookieWrite":"","segment":"","name_first":"First_81575_TESTTEST","name_last":"Last_81575_TESTTEST","email_work":"automated_TESTTEST_2026-02-02_06_42_40@broadridge.com","phone_business":"999-999-9999","job_title":"Job_81575_TESTTEST","Company":"Company_81575_TESTTEST","country":"United States","comment":"This is an automated test submission.  Please ignore.","id":"","so":"","di":"","ct":"","ep":"","ot":"","mt":"","yr":"","rg":"","on":"","sub-source":"","campaignMostRecentID":"","content-id":"","orig-channel":"","campaign-name":"","campaignMostRecentName":"","campaignMostRecentSource":"","campaignMostRecentMedium":"","campaignMostRecentContent":"","campaignMostRecentTerm":"","campaignMostRecentContentID":"","campaignMostRecentSubSource":"","Persistent_utm_medium":"","Persistent_utm_source":"","Persistent_utm_term":"","Persistent_utm_campaign":"","Persistent_Sub_Source":"","Persistent_Content_ID":"","Persistent_Campaign_ID":"","Persistent_utm_content":"","Session_utm_medium":"","Session_utm_source":"","Session_utm_term":"","Session_utm_campaign":"","Session_Sub_Source":"","Session_Content_ID":"","Session_Campaign_ID":"701RN00000RbnVLYAZ","Session_utm_content":"","inquiry":"Gen Enq","fullURL":"https://www-dev.broadridge.com/press-release/2012/matrix-expands-trueopen-architecture-platform","page_id":"177726","page_campaign_id":"","ecid":"","elqCampaignId":"","Formmodel":"flyout","Pagetype":"Press Release","g-recaptcha-response":"0cAFcWeA6GH0vHgQ05mzHoHgAZ1laA5k1HM9CYchvrLWxPaQmhuGyYsf9PQfye_B-1nwBwkAhQ9FUihtHCORL-FeL_OaUfJeuqRb7IL5IFQzMwde1DUj0t4cPOZzaEsFSrhTq0qmfij31V2jKKeBj_IBjuhVCdSZ2QmM-8BStdNuwoGcoaldSnd-0SHJOerJOGyx5SF6H5D3i2tVtQHgzFe1TdIvqnbWY8Ex11OmFe93sMM7jL3ioWJkb1yvQ4hpNpUAIuSTAzOku9nn7K94UcSSNtUJcUD5tj2w1G6s8YibpjJy_vGg6n28mQOf2D8FsQ27fnXiXfHoTyHOzeB9VI4vYmSFzKsHa15ZCC7dEntyaWsfrgKA2p3XAm1I43L5id32MV4PomKJr_lICq1DnbWS1SEi8tsudl-irSA82TO4d_qcWmb8jguDkU6D8r8GnBj_cUEPYlv2o3kCU8WpM_QroX2NKRm_YHH0tPpIfxxdbi203PiZOwCgByAmMSa465czr5-pn9VSEl7c5VHCX4vVTXxzOZlZ7tejvT_fVz19yRtdP-1LfOKS1y3rHa31LC58EeKj_g8qU45obTvmQ06Du3HdP59VGTPeVc0IpiFRvPcAlTgZSPZ6IcksUbMFUPaxMA_JHgYGQXa8a2qiIhHgwByAX_vHnS6MuOt47q7iQsAX92XKKPvf0YF1sIp-n2kxwWQ3ZIqOIf1bJjcM4o6OM23hpr3UT8AB3RWw2xuOe9iWnAYgXaEiZDIUe-bgCoh0L38W05Zvz0Ggd_ikYLOfNuy-CgCHkNkqMBdjK6bABW02UxtMeFhWPoOVRNgdZqTapfS00oIAF5GWCCrIaE1r6tLXClDhiQBi8-HuNA-45PbqopMTFKwssVooL1CLiMs7D-4cA7F6nYbK1_qXoG_UL8gR8goldVpX3wl787Tdceq-qseXX7RS5E89QrTghDcJBgRnbhpddjuCm0-iiaVBtbiZlsDR1nzE1dUiydLUGvxAEAJypH8icH_n7EI20gRtCocoiwhFE33cqTg71Y4ymul8OW_jIyEWuInAwY54GUadi-Hm1VXo7Stcrl_9vtB9UYX1Ta5XbtdJtQGcZx1apdTD0qH0tTV3D4yqNzG3Kg1a2f8BkqrzVkyO8je8ey9aMwZcYDn5DTmCRxKebXveM1ybadhwA51Xp5MsOKsV2bGLfCJQCAbbqvHWKrDgc49LXQHdiizyk5C5c93iSqTHDr50Yq5uLyqVSPzPhqOjr92bQsjwDQ5IOi9cBTvWgIyzSfABcIgFvEoNPSAGnSLtltzrp5EFOrVWZ4Eh1viNM651GaQrTrxqCDt6Es1ZF_NgROha9sLiwYxSrCkhfDA6Vuq_5Y0bp24vx0Io8tBub-zirYJEjts1fhldrcjkmEOvQiHoZzzEg8Fa-IR44hqxAtRlfMy-EURYWUKHpfqvNaaZB1M0irv5hsd5nUykaMdaoFpAWcI9RFGBgQU8zV4u6wuvVmZmAq10p2nBl8xBUC_Udd0MIGtlBkRrXjAIjkGR2Hq6qCC99yfx6x9CWFMbCDeb_WCiWBaj8er2-DrUBts7Mnk4bsyC263SOIVxBDeOd6-k4xtAduBgr55gFbHVu0YcZeLD3UQNWvV0ZKtJgT4QsGFzrX5zn-hx2BafoIatFIT_IWJDZ1VnwjknhSIwh4M0m_Vm2IfzWPzwrXp88G_bAxIeP94q1CJOTFw5KCB3F824pACUyJIc7YaJHHJXeCeZCPTDB6_Y_qpdA_C9dw1xpum4CD-ES-2bMW6ZUxOoASL11VBcmb"}
formSubmissionId = BRZSMMJC4-1770014562944
fullURL = https://www-dev.broadridge.com/press-release/2012/matrix-expands-trueopen-architecture-platform
page comparison URL = https://www-dev.broadridge.com/press-release/2012/matrix-expands-trueopen-architecture-platform
................Header Contact Us Form Filled...................
V2 ContactUs form NOT found on the bottom
V2 Download form NOT found on the bottom
no cookie button
header ContactUs button found = true
emailTimeStamp = automated_TESTTEST_2026-02-02_06_43_19@broadridge.com
📤 Form payload = {"formSubmissionId":"BR20EAK2L-1770014601900","elqFormName":"","elqSiteID":"","datalayerheader":"","contact":"","formgtm":"","elqCustomerGUID":"","elqCookieWrite":"","segment":"","name_first":"First_81575_TESTTEST","name_last":"Last_81575_TESTTEST","email_work":"automated_TESTTEST_2026-02-02_06_43_19@broadridge.com","phone_business":"999-999-9999","job_title":"Job_81575_TESTTEST","Company":"Company_81575_TESTTEST","country":"United States","comment":"This is an automated test submission.  Please ignore.","id":"","so":"","di":"","ct":"","ep":"","ot":"","mt":"","yr":"","rg":"","on":"","sub-source":"","campaignMostRecentID":"","content-id":"","orig-channel":"","campaign-name":"","campaignMostRecentName":"","campaignMostRecentSource":"","campaignMostRecentMedium":"","campaignMostRecentContent":"","campaignMostRecentTerm":"","campaignMostRecentContentID":"","campaignMostRecentSubSource":"","Persistent_utm_medium":"","Persistent_utm_source":"","Persistent_utm_term":"","Persistent_utm_campaign":"","Persistent_Sub_Source":"","Persistent_Content_ID":"","Persistent_Campaign_ID":"","Persistent_utm_content":"","Session_utm_medium":"","Session_utm_source":"","Session_utm_term":"","Session_utm_campaign":"","Session_Sub_Source":"","Session_Content_ID":"","Session_Campaign_ID":"701RN00000RbnVLYAZ","Session_utm_content":"","inquiry":"Gen Enq","fullURL":"https://www-dev.broadridge.com/press-release/2012/jose-contin-to-lead-broadridge-city-networks-expansion-in-emea","page_id":"177499","page_campaign_id":"","ecid":"","elqCampaignId":"","Formmodel":"flyout","Pagetype":"Press Release","g-recaptcha-response":"0cAFcWeA7oBe-uyFVjanEg3VM8_p43x_IPKv7Uv8a2h5DZtKrbDYzx8RLCgD7SXFpD2iTqt-sM4d_fMQ7uhLf60RdhlUBibQZgAXXobs4XEIwbBYnWuprYsOusiDhwq3aPgMTM_8plQb7hdz9184g61qZF6iIATs_cDl-fI046G0624OOCdoQv_tJnK2K2pBzzol0LxMhF4loFCOpYRrJXPMXs6ljLKKDvFlYQDi768PBi1YWcPzRQLFtZtGdiu2S4w28SUb-RawC3Y36f0kFAGcavRpPGGRSxUWBQgYzDdeeED9m_s6SYNhiebhpe_2JDR7xnT4p7Jv_oVc-Rr6PMROnB3rw32Pjy-2CYjs6D49aVgr7z5a-d3Fn0jfU8YqqGfDsjMFTDsckCoNi6ImvO1CdDN2X89ni5TU6LULx30gmqqMEVbryMsz14hhZGBJ-DSya9J9fIWfbsiE4vKPV0sdUB4VUl-EmkkcbjToAQwFbvpLtVCWxq1WUloo-wyyT0rZYLAOS-pXsfbr9dT99oyJSC7mLBZxkwKPzf4bsUrBiU0ip2yALK-SJvRYxxeUL780z2AEj-aSFkxFLi8eWmB6bfFeyq48Kz9tCQ9Yem0zH0x0ITbEFhlS3RVV6Wn5E_WwtM_xHLrNJ4e6zN5J4xZoRVtFWWgJzrGhNvp1pb5DYF63mSYJH0rhCieojJgJWO3qn1GSqAcEJuGTulVR656QqIJc3yyQ-gd6FwVhPs7JYIby5MBhDm09oJ7a5FzzI90h7idnRKBgtggUGxx7yISRaicLkxKhYPl8rzMhcE247-f1RJGEw-F6Yw5U6rZ1-LsTqPy-6PWjhP_ggSI4zpkReU1UpPAlfzUt51qIQbPexE4EPFz5xhK66wD7CJXKTpEaSjKxfoQuy7R3JpMRGv29t10D1fpGPlXOrCkfvJJkQiMn6jJwhafl7roEZfXXW7FMdC69B0tlTOLLMwyWQcpun1BM9hA59BcYAsT10DGAA7jg_b4DFY9Q1HdmawkcNAxMjG8qeBaUDg-lSmNfWnA2E-mOO-18bjDnXtqBrTBlzW_P2uUSiQjfB0odne_LyXgecF4hCsp0yc4XJQMGkm0oqNr_36eSmEdCC5g-H6oQ5HqeEyZYKr2VTHxcmhlL4XUaTr6i0n4NTzpBHsh-zKVqAZ-EXDAhRfC6kMqyUO7jpl59Zseq1In2Ipur3byKmetw1fPgaTdEeAtcIOXb9ctLOp0emHbw4GAIchTx59oPXe6Lg4fUfbU1qs-8DOO-PAZB0ZWNQodXwoorJpxhthQ7p5SrAaMz0qoxVlUZKKWzWaOy7KRFlxFljyOuQ9KgWAGYuPi50RawQOK9sZmmwsRt7kz72tbdacvFRhgQIVvapCqNVlx2YhqWWnLQ8jlp1mKzhUT2VDTp2EEG_s0XXt5ZSjfe5TUuur-HQOZYB275-lUb1sMnJqX4qcc4rsXUp9APqV6ygN40Uli7GMHrrRB7iA1OCMfMno5F6P4zymNCU6QtVzvlcMnsNhTWC5SiD1uKHb1E8dXDgKZB8gcfHq2K5Rdsbm147J_yIAWrvkaa1jCKuVvdgfQ0YCOPWV1voklsuUHDJjgqsk-UWOq37qcTZLRiV-5wjJWgY3eBheqzacyDJqE9P5xXhqhnpesd1Ojke6sriRe0Zpnr3Q16dJQsS7ZflbtFTAG1BIbngWdGf0_Qqlv-8aNMSBegUB6oxZBTwNnr0iiih-"}
📤 Form payload = {"formSubmissionId":"BRNBGPXTJ-1770014602066","elqFormName":"","elqSiteID":"","datalayerheader":"","contact":"","formgtm":"","elqCustomerGUID":"","elqCookieWrite":"","segment":"","name_first":"First_81575_TESTTEST","name_last":"Last_81575_TESTTEST","email_work":"automated_TESTTEST_2026-02-02_06_43_19@broadridge.com","phone_business":"999-999-9999","job_title":"Job_81575_TESTTEST","Company":"Company_81575_TESTTEST","country":"United States","comment":"This is an automated test submission.  Please ignore.","id":"","so":"","di":"","ct":"","ep":"","ot":"","mt":"","yr":"","rg":"","on":"","sub-source":"","campaignMostRecentID":"","content-id":"","orig-channel":"","campaign-name":"","campaignMostRecentName":"","campaignMostRecentSource":"","campaignMostRecentMedium":"","campaignMostRecentContent":"","campaignMostRecentTerm":"","campaignMostRecentContentID":"","campaignMostRecentSubSource":"","Persistent_utm_medium":"","Persistent_utm_source":"","Persistent_utm_term":"","Persistent_utm_campaign":"","Persistent_Sub_Source":"","Persistent_Content_ID":"","Persistent_Campaign_ID":"","Persistent_utm_content":"","Session_utm_medium":"","Session_utm_source":"","Session_utm_term":"","Session_utm_campaign":"","Session_Sub_Source":"","Session_Content_ID":"","Session_Campaign_ID":"701RN00000RbnVLYAZ","Session_utm_content":"","inquiry":"Gen Enq","fullURL":"https://www-dev.broadridge.com/press-release/2012/jose-contin-to-lead-broadridge-city-networks-expansion-in-emea","page_id":"177499","page_campaign_id":"","ecid":"","elqCampaignId":"","Formmodel":"flyout","Pagetype":"Press Release","g-recaptcha-response":"0cAFcWeA50L9prRxkFLLxdmYKo4uuLqj8KylE1QQpclaruPYB-M4lUuWdwS-jVogllzyw_3qYO_oWb3S1uq4fRn_Dj0H4tgqOoiNK0xXS7XHrxcPCJx0MbhKwU6u1jhVaMxnSk1AMjCciME4jqoQ-Dh6ur2f55GUbQJsuctJo1HjwPAOHpjY5Ittw_MpzWIcrVhJkzgfOksQELwUMJerX-JYidGYPCYLgN4973tnKGz8YMyKz1lR7_FApwhredKb6mmU3UMSvtdqGnDPoOlOuQWnjDRu2pNHUtVIfVifRItAZ0HeKV1F1ivuDxz4DDLMf3SX5KodWp_Fvqz4UaD3k2peynwXX2X59Kl001ob438HFM9ciwVoBW3OARZLfgs-geIjxOg_tRU9FZKDQdCv6QGxMjAI-1G6rF6Gllt-dKPCNmNyAW8zB9pFvE-3d0q-AmA1SkQ6Dl96GhdCI_IRtgsOF34RbiT4E7jyZu7DrlotmjBgSTPihBOHaQnWY5Jy9ZWln4TGsR5xH5yEvavi13OXKYxg9CUW3Msnos_Le66JnzrzKwiWV6B_xVsx7uRjnIxrFkQGXnfRde2viJvJU1GD82n5jsYucnGdbk7-F-_LvXttP3FCa-YLaWrjUve4o76HEJFjKnzWOLOz1CPuMMalTzWq3AaQKb3dwpp3OghVtaWrZmHTdAa3Clma7znGJARaPlLJhuh2wd1pLufXS5hFjrTumfdY4VEOCcmts5BYM2R-5GjfmZJv_-ch2gZYSrU_DgBPWPGgxUWs4eEeS7xaIexCnNdMWTwifVnduLbRJzs3X28JI6FFB0geWj4J8vF1AzFZA-jLX_JOtCrmsLOqx6ESj-rwtqPZpuWizPx_wv-nY0h2zthbQHPHfnUU7UHiGq-vvUxsxnfINXuz1HhsA4ZvIYdumchQY_dM6xgjIGwC2Do8T12Lz2DnY593ukkhmyJIc3UsbY9wLiIxVtGD5mlhq-BCQjyuZVa7IxS5_VbedNvDUeIKUjW8EKF5KFmoy3wTuh43CI5EjHX4nxpktWZr5eHnx1W7YQAk12IpSuptLCvWjWEaG7eH_d6FmI5EMyKjS7jeuG5_VkPwoCFxuoeDteTuJ5cGOLcFqzwg9rq_ufop6RpUb64uvvi-js_c5C_hi-78Ywr4-RvbEQOrTuvq42uFrZYjhqo7HCIqtpH3ZhcRf2F2c_q9AOz1eI71R1GE3obfKnvo_pPO3QK9wEjR2y5PcqEF3MLm643P2XvHlMZqJgn2brTsokSLFIH60iig12yYjzOx-Sb82DW24XuuZY9F2GoJPWI08H-s6FWsfs4C4wwLStGPv-CL1KE3RRSxu6nKcjAZIgGZb7jagx9_b8olsE6au2K-372pPVLahyHtr3-cOrBPdcA34yRxWhtRjZNSjxifQKgPNsNXJZ6HMuKyCeY8ENrERqKVeyb_lkCfvLpZX9WOiOsMzOHYe7ImFfUkDEi7-OuQwWKbkBBhIvezoWBvLfpFolB33fIDefbrNXJYcPbmEBgImGfOXvTi_RuZj8chl0tbkdryfHxYDN7ECAYL9AUqdKXj0A3YCC2nt2L8o1yRftq6eAlBeay8w7kaomYARDBraxvCpw6E_n_0iZ85v9hRLV_YScckHB032vVEZZk0YvFAIO46qY6yd5YvMtuMAxioWhJ3i0G_iGKamQRprC2dxBQFPUojGQZXq19U0"}
form message = Thank you for your interest in Broadridge.
A representative will contact you within 24 business hours.
formpayload for validation = {"formSubmissionId":"BRNBGPXTJ-1770014602066","elqFormName":"","elqSiteID":"","datalayerheader":"","contact":"","formgtm":"","elqCustomerGUID":"","elqCookieWrite":"","segment":"","name_first":"First_81575_TESTTEST","name_last":"Last_81575_TESTTEST","email_work":"automated_TESTTEST_2026-02-02_06_43_19@broadridge.com","phone_business":"999-999-9999","job_title":"Job_81575_TESTTEST","Company":"Company_81575_TESTTEST","country":"United States","comment":"This is an automated test submission.  Please ignore.","id":"","so":"","di":"","ct":"","ep":"","ot":"","mt":"","yr":"","rg":"","on":"","sub-source":"","campaignMostRecentID":"","content-id":"","orig-channel":"","campaign-name":"","campaignMostRecentName":"","campaignMostRecentSource":"","campaignMostRecentMedium":"","campaignMostRecentContent":"","campaignMostRecentTerm":"","campaignMostRecentContentID":"","campaignMostRecentSubSource":"","Persistent_utm_medium":"","Persistent_utm_source":"","Persistent_utm_term":"","Persistent_utm_campaign":"","Persistent_Sub_Source":"","Persistent_Content_ID":"","Persistent_Campaign_ID":"","Persistent_utm_content":"","Session_utm_medium":"","Session_utm_source":"","Session_utm_term":"","Session_utm_campaign":"","Session_Sub_Source":"","Session_Content_ID":"","Session_Campaign_ID":"701RN00000RbnVLYAZ","Session_utm_content":"","inquiry":"Gen Enq","fullURL":"https://www-dev.broadridge.com/press-release/2012/jose-contin-to-lead-broadridge-city-networks-expansion-in-emea","page_id":"177499","page_campaign_id":"","ecid":"","elqCampaignId":"","Formmodel":"flyout","Pagetype":"Press Release","g-recaptcha-response":"0cAFcWeA50L9prRxkFLLxdmYKo4uuLqj8KylE1QQpclaruPYB-M4lUuWdwS-jVogllzyw_3qYO_oWb3S1uq4fRn_Dj0H4tgqOoiNK0xXS7XHrxcPCJx0MbhKwU6u1jhVaMxnSk1AMjCciME4jqoQ-Dh6ur2f55GUbQJsuctJo1HjwPAOHpjY5Ittw_MpzWIcrVhJkzgfOksQELwUMJerX-JYidGYPCYLgN4973tnKGz8YMyKz1lR7_FApwhredKb6mmU3UMSvtdqGnDPoOlOuQWnjDRu2pNHUtVIfVifRItAZ0HeKV1F1ivuDxz4DDLMf3SX5KodWp_Fvqz4UaD3k2peynwXX2X59Kl001ob438HFM9ciwVoBW3OARZLfgs-geIjxOg_tRU9FZKDQdCv6QGxMjAI-1G6rF6Gllt-dKPCNmNyAW8zB9pFvE-3d0q-AmA1SkQ6Dl96GhdCI_IRtgsOF34RbiT4E7jyZu7DrlotmjBgSTPihBOHaQnWY5Jy9ZWln4TGsR5xH5yEvavi13OXKYxg9CUW3Msnos_Le66JnzrzKwiWV6B_xVsx7uRjnIxrFkQGXnfRde2viJvJU1GD82n5jsYucnGdbk7-F-_LvXttP3FCa-YLaWrjUve4o76HEJFjKnzWOLOz1CPuMMalTzWq3AaQKb3dwpp3OghVtaWrZmHTdAa3Clma7znGJARaPlLJhuh2wd1pLufXS5hFjrTumfdY4VEOCcmts5BYM2R-5GjfmZJv_-ch2gZYSrU_DgBPWPGgxUWs4eEeS7xaIexCnNdMWTwifVnduLbRJzs3X28JI6FFB0geWj4J8vF1AzFZA-jLX_JOtCrmsLOqx6ESj-rwtqPZpuWizPx_wv-nY0h2zthbQHPHfnUU7UHiGq-vvUxsxnfINXuz1HhsA4ZvIYdumchQY_dM6xgjIGwC2Do8T12Lz2DnY593ukkhmyJIc3UsbY9wLiIxVtGD5mlhq-BCQjyuZVa7IxS5_VbedNvDUeIKUjW8EKF5KFmoy3wTuh43CI5EjHX4nxpktWZr5eHnx1W7YQAk12IpSuptLCvWjWEaG7eH_d6FmI5EMyKjS7jeuG5_VkPwoCFxuoeDteTuJ5cGOLcFqzwg9rq_ufop6RpUb64uvvi-js_c5C_hi-78Ywr4-RvbEQOrTuvq42uFrZYjhqo7HCIqtpH3ZhcRf2F2c_q9AOz1eI71R1GE3obfKnvo_pPO3QK9wEjR2y5PcqEF3MLm643P2XvHlMZqJgn2brTsokSLFIH60iig12yYjzOx-Sb82DW24XuuZY9F2GoJPWI08H-s6FWsfs4C4wwLStGPv-CL1KE3RRSxu6nKcjAZIgGZb7jagx9_b8olsE6au2K-372pPVLahyHtr3-cOrBPdcA34yRxWhtRjZNSjxifQKgPNsNXJZ6HMuKyCeY8ENrERqKVeyb_lkCfvLpZX9WOiOsMzOHYe7ImFfUkDEi7-OuQwWKbkBBhIvezoWBvLfpFolB33fIDefbrNXJYcPbmEBgImGfOXvTi_RuZj8chl0tbkdryfHxYDN7ECAYL9AUqdKXj0A3YCC2nt2L8o1yRftq6eAlBeay8w7kaomYARDBraxvCpw6E_n_0iZ85v9hRLV_YScckHB032vVEZZk0YvFAIO46qY6yd5YvMtuMAxioWhJ3i0G_iGKamQRprC2dxBQFPUojGQZXq19U0"}
formSubmissionId = BRNBGPXTJ-1770014602066
fullURL = https://www-dev.broadridge.com/press-release/2012/jose-contin-to-lead-broadridge-city-networks-expansion-in-emea
page comparison URL = https://www-dev.broadridge.com/press-release/2012/jose-contin-to-lead-broadridge-city-networks-expansion-in-emea
................Header Contact Us Form Filled...................
V2 ContactUs form NOT found on the bottom
V2 Download form NOT found on the bottom
no cookie button
header ContactUs button found = true
emailTimeStamp = automated_TESTTEST_2026-02-02_06_43_59@broadridge.com
📤 Form payload = {"formSubmissionId":"BR378JHHF-1770014641294","elqFormName":"","elqSiteID":"","datalayerheader":"","contact":"","formgtm":"","elqCustomerGUID":"","elqCookieWrite":"","segment":"","name_first":"First_81575_TESTTEST","name_last":"Last_81575_TESTTEST","email_work":"automated_TESTTEST_2026-02-02_06_43_59@broadridge.com","phone_business":"999-999-9999","job_title":"Job_81575_TESTTEST","Company":"Company_81575_TESTTEST","country":"United States","comment":"This is an automated test submission.  Please ignore.","id":"","so":"","di":"","ct":"","ep":"","ot":"","mt":"","yr":"","rg":"","on":"","sub-source":"","campaignMostRecentID":"","content-id":"","orig-channel":"","campaign-name":"","campaignMostRecentName":"","campaignMostRecentSource":"","campaignMostRecentMedium":"","campaignMostRecentContent":"","campaignMostRecentTerm":"","campaignMostRecentContentID":"","campaignMostRecentSubSource":"","Persistent_utm_medium":"","Persistent_utm_source":"","Persistent_utm_term":"","Persistent_utm_campaign":"","Persistent_Sub_Source":"","Persistent_Content_ID":"","Persistent_Campaign_ID":"","Persistent_utm_content":"","Session_utm_medium":"","Session_utm_source":"","Session_utm_term":"","Session_utm_campaign":"","Session_Sub_Source":"","Session_Content_ID":"","Session_Campaign_ID":"701RN00000RbnVLYAZ","Session_utm_content":"","inquiry":"Gen Enq","fullURL":"https://www-dev.broadridge.com/press-release/2012/broadridge-reports-fourth-quarter-and-fiscal-year-2012-results","page_id":"177479","page_campaign_id":"","ecid":"","elqCampaignId":"","Formmodel":"flyout","Pagetype":"Press Release","g-recaptcha-response":"0cAFcWeA5W3wiq1NezRkLv-fVWgrVHXkrizMl1mge5gWjODcF4guhgPcfiSgnHbAEr-bOFG0Yqyl2f3j2al3n2yeNfss8-mUhDceSWo_0IxUTclUOg2y8OlvrzcUslDQ_5RVtdrz-qVQARUHxM3eS8Jmu_p9rzLQLq1X9clpy-iGrbiLgtC2kceEFqPgN6Bgxpogbzkn7xeDoMJ6rbnVHAHgTvDIjLHNYPehuy1TsivvONdLBLsuuhBv_6a0_b3Xmd7IP-w_yHfb5J46BDxytg5R6LJe-IMoZ8yatlwKMuMkP3QKqcC55JARwQ-tJsUuQATbI5mDZ1Bnpewgz2iyuXXJsWrr42oAv5i0fr3GQJ8J0X9_i2IV1fb2fYyJpBeX5b5D8v2_H3FdtzVoss9Mkea7pK1w_Owxk5FfMLihiARAPAEI6ep5g1bvO_uWX-FkvqkQH5zz-P8z3lzGrkPaVojN9kZinhxuUJU9_OQnFhkdA6uJYT24hxufR7FYLRSaRv-_Y1HN3sYZOF22FxhlGnJkmayPnZeDnn-q1JW-UPGTvQqB4fF3M_24FWX_PlkT3VsKVR-8eBFczm_tAYBO11BVjb69Ed5h_v0z0fC1BP24iqoH4Th_TwT6FPfyzGvw3czCwBgFBx0LjSCiaNoCuTi1i3g-MSMpxHNyYmSd5YLqmQ8mAaOwMlRZ11LVv9kryty2Kgdc5rMZvue2IdnjgkbttFry8qEQKuUHPTy4FHCMjlQJZMyZcPtBXyHMu-vdczXF8Z4cgAZWRSHmkfvp3bqqT1hTIKL5NF5Ml6_u6PaGdtQAhceogtRxk8cokPpz1_LnW-dhchwWMdnk9Ass8LrfsjUdXbRKU_U_VKJ9fuwnD0rkw80NotPTwS3Z08a6GXLof808gQXvfSPHSlWrzVWrCrdFHjPtH5j_t-lL9ue9oATYBUdTjl7ZqexZQf5cvqF_LaLnoFzjPOLavhG9LULvpqRC3RXgWRfGTFoZRPSoGQtJ204OSfeEZFjiw-jNoJ_2Ta_nMlQ5KIvJoX9ltcgr16zpFb8wsDfIBDzbnzwy9JLzSX9cXmzGdPdGRVWCaxnS-seuzX_9k9JYEGJgzENFubjoQKVkaD3q_M5CXtSYmTcAuqqM-l13oYR4o1A0oskJC8FrC7xyJUHX8rQYPZYs2xKPVtQ9NUZfrAXs00MrYpZ8oLT_1FQNGSBA745sPsRwcLkK8Sr48eNAw0uPv30KulGdb28QXWgJB8UDE4hyJ3ZajPswyXO1OSAhTcxPHW0Wc-P8frub7MIZlk64jg9aVHmlmi6jHnUwWqnTyZ7-K-fLGER-maepbuXFd_DDpP7zcrFJwhfltuBhI3UyJwXhBHtUW9Bu3buri9BbdZucm1JLmjGMCwKqErBO0q_By8X2ZOQyJkIRwctGgMAgE0w2dGn3fRpXg0sxDXRpyIBJFTuLqxTRgOMfClq4g9C7AiwAlXRsnVQNEb9j_k8V2PfxHxWQaJpYOm8VyGQ58GBcbb6JV-GTeDiIqaQDu3qn4U_d48LuPSSXsTkW6KguFKC18nmtI5Wx3LX7GVcujWLPda6lnSW21QBO78rDcA6k1V08xKK5yiLlVlMcWm8-Pq-fIF5pr6FUJx20yShfOqK-tvH0w9TRVFliB-Z6J1n5yBkp75W6hYeJvhiV_t5925TiqjFm0WixlmIWH3giDqs3VdkWb-FhjtK4jqWk1UvL3nUrlXvCRWvVy6bWkqmX433TJf53NvkUT0TA"}
📤 Form payload = {"formSubmissionId":"BRTI0IME8-1770014641544","elqFormName":"","elqSiteID":"","datalayerheader":"","contact":"","formgtm":"","elqCustomerGUID":"","elqCookieWrite":"","segment":"","name_first":"First_81575_TESTTEST","name_last":"Last_81575_TESTTEST","email_work":"automated_TESTTEST_2026-02-02_06_43_59@broadridge.com","phone_business":"999-999-9999","job_title":"Job_81575_TESTTEST","Company":"Company_81575_TESTTEST","country":"United States","comment":"This is an automated test submission.  Please ignore.","id":"","so":"","di":"","ct":"","ep":"","ot":"","mt":"","yr":"","rg":"","on":"","sub-source":"","campaignMostRecentID":"","content-id":"","orig-channel":"","campaign-name":"","campaignMostRecentName":"","campaignMostRecentSource":"","campaignMostRecentMedium":"","campaignMostRecentContent":"","campaignMostRecentTerm":"","campaignMostRecentContentID":"","campaignMostRecentSubSource":"","Persistent_utm_medium":"","Persistent_utm_source":"","Persistent_utm_term":"","Persistent_utm_campaign":"","Persistent_Sub_Source":"","Persistent_Content_ID":"","Persistent_Campaign_ID":"","Persistent_utm_content":"","Session_utm_medium":"","Session_utm_source":"","Session_utm_term":"","Session_utm_campaign":"","Session_Sub_Source":"","Session_Content_ID":"","Session_Campaign_ID":"701RN00000RbnVLYAZ","Session_utm_content":"","inquiry":"Gen Enq","fullURL":"https://www-dev.broadridge.com/press-release/2012/broadridge-reports-fourth-quarter-and-fiscal-year-2012-results","page_id":"177479","page_campaign_id":"","ecid":"","elqCampaignId":"","Formmodel":"flyout","Pagetype":"Press Release","g-recaptcha-response":"0cAFcWeA4XHoCFcBzIXukXzHebK_4EuYTet_rcmS41MKZn8Ol7mP2iGtozXNBs7Ff342AXVJNcB89XoMV_TOVuAokjK-5J8JrvI8_oLJqjQfz8BLtt-bwToywqWO9FuFkb737JNJAWA00c1FVnSOmJK9SMsMRZaFgfsx2oAc8U-_SGj9ofbk1nh1PpmLyAS_wCDa6kRSk3PC37xNaRepRdBOb9QZnkkzLniv4AFv0FWSJorzNDmf6sOYBL9U3-d0rxTnQwU5izoInL6j_shnI66P8NZMyDWW0OQX3s7BUcPp2svjdQMNh2RFImB5YFQ_t7rjsPSZafw-ibFTo9XT8IrCjQDIigPDuodW8JqzNDsLSlcnl_GxNE6EpIA00ijRtB_eoHYXZPVeR9eafjfto42qj0DoaswtaQnigrJOZI7JDWbBb6zNdExkcb3_QhH5jFQ-ejenjPoIoxCBNXj_rG6WLLWN1cUiolhG-aBx1mTV5DkesXQZezWX5PxUWNXEv9X7y24NTCLSgOFE7r68y5IGNERlwGvT--U8RQzontVSqTGKIcTfqsQiGWlH13HubbRrcTp-mCUct4SoBwBztuhZCQ9ov7-51Bhkt_PXMdkhLuUW7dU5Lnrcktakb6-hgnewEYJZyDitOA0A6J4M7yS3-weaaic2PEiNhhVe6hNKY7nzTyS01hENCGRfIOjCMBp8alEDSjgqFFK9_svaGXsit-7P3nWE3Ve9MT5xeDbYVfOCwczDgQOSeQFIDhWWLETZrOPLK1k-sCWXjC9JacVPXn48FYSrPWwmNxE8zHywz-usTUFZ6DHFhJq5KhYVvftB-VYmC-3JofdJY7TWSGxKjwEHXc_YbHNshqt8MPnvFvsV-etG8m7-OiaEg2SGt5ppvRWWB5MmfPfUUcC4PU3ydpYiNSIkh1cGmjptL1X_qciJa9niGArcDYp9QTWvzmsFDGSVbHRgVA2xyahZNd_veDBHCJkITkcMY9w8jcnDQIcfT8w0kxeGGyNcAXD-G6sA-UswLJ02vRNs9bDM6qH3auyS97JJ3dC7z4XnzJS-G4kOU0xN-G-Ewhr_Qyqmw4MEthGcrh4YOI2997-80h1ThQ9_my7_CxcRlZ7g2nPwD8twMBk0aZGv--pPwKAuhqIOZ3y25PN5yE2_JEw0JoXI7VcnqJmohM4_hDUVRh_jGBfKSqM0lYy6FkQdF2OLYEL8EhotuqJHdYnFW6qxpMdxPgDquzX2psPS_2ilCdJGN1C7fwJT45b0UDTtUJBE_f-24g3__PbECCngbqN2gm7ldpF83ZCQ4x_JN8qqdEdcAwPGPhcxXqzjdrVWqAQuWxGBBdvi_Pd_m_cleTi0ikyAElH8NKIENZpdjk7wT-aSIFbyT3fFH7WPDoUrcPjrIUcCyC9l6E_0Bonu-BQAHhfQXYx1azSz7ayYzC5Xg3yFhvpIZeWbgK0aYsLTXvBK1HMbVAgeuJ-SkXjObfQlk6Hb1Ney2Ri6JC3WvAVgLbvWX0yZXvYHOU-Th2Nl-9p45VPnsEYDcGsk19WODoXunyBWsRRarsgypY0ObMXklnrN1Q-P0sx2fuIfV4kNYqjWjYUNQW5aSPaiXbg-MvvFu_WRYQeGyfTZLDqbz5LA2l09mFvePFFA3fZiKN7A95AK9tuTqXXVz3GA1S8qmkhqGffu_p7dLLRK2WmG6UlWLgDzvA6O5YBEs0Op7cyBHmtlq8ZXKG0z_6neTDx0MgPJHEG0H6IwqikJ__pA"}
form message = Thank you for your interest in Broadridge.
A representative will contact you within 24 business hours.
formpayload for validation = {"formSubmissionId":"BRTI0IME8-1770014641544","elqFormName":"","elqSiteID":"","datalayerheader":"","contact":"","formgtm":"","elqCustomerGUID":"","elqCookieWrite":"","segment":"","name_first":"First_81575_TESTTEST","name_last":"Last_81575_TESTTEST","email_work":"automated_TESTTEST_2026-02-02_06_43_59@broadridge.com","phone_business":"999-999-9999","job_title":"Job_81575_TESTTEST","Company":"Company_81575_TESTTEST","country":"United States","comment":"This is an automated test submission.  Please ignore.","id":"","so":"","di":"","ct":"","ep":"","ot":"","mt":"","yr":"","rg":"","on":"","sub-source":"","campaignMostRecentID":"","content-id":"","orig-channel":"","campaign-name":"","campaignMostRecentName":"","campaignMostRecentSource":"","campaignMostRecentMedium":"","campaignMostRecentContent":"","campaignMostRecentTerm":"","campaignMostRecentContentID":"","campaignMostRecentSubSource":"","Persistent_utm_medium":"","Persistent_utm_source":"","Persistent_utm_term":"","Persistent_utm_campaign":"","Persistent_Sub_Source":"","Persistent_Content_ID":"","Persistent_Campaign_ID":"","Persistent_utm_content":"","Session_utm_medium":"","Session_utm_source":"","Session_utm_term":"","Session_utm_campaign":"","Session_Sub_Source":"","Session_Content_ID":"","Session_Campaign_ID":"701RN00000RbnVLYAZ","Session_utm_content":"","inquiry":"Gen Enq","fullURL":"https://www-dev.broadridge.com/press-release/2012/broadridge-reports-fourth-quarter-and-fiscal-year-2012-results","page_id":"177479","page_campaign_id":"","ecid":"","elqCampaignId":"","Formmodel":"flyout","Pagetype":"Press Release","g-recaptcha-response":"0cAFcWeA4XHoCFcBzIXukXzHebK_4EuYTet_rcmS41MKZn8Ol7mP2iGtozXNBs7Ff342AXVJNcB89XoMV_TOVuAokjK-5J8JrvI8_oLJqjQfz8BLtt-bwToywqWO9FuFkb737JNJAWA00c1FVnSOmJK9SMsMRZaFgfsx2oAc8U-_SGj9ofbk1nh1PpmLyAS_wCDa6kRSk3PC37xNaRepRdBOb9QZnkkzLniv4AFv0FWSJorzNDmf6sOYBL9U3-d0rxTnQwU5izoInL6j_shnI66P8NZMyDWW0OQX3s7BUcPp2svjdQMNh2RFImB5YFQ_t7rjsPSZafw-ibFTo9XT8IrCjQDIigPDuodW8JqzNDsLSlcnl_GxNE6EpIA00ijRtB_eoHYXZPVeR9eafjfto42qj0DoaswtaQnigrJOZI7JDWbBb6zNdExkcb3_QhH5jFQ-ejenjPoIoxCBNXj_rG6WLLWN1cUiolhG-aBx1mTV5DkesXQZezWX5PxUWNXEv9X7y24NTCLSgOFE7r68y5IGNERlwGvT--U8RQzontVSqTGKIcTfqsQiGWlH13HubbRrcTp-mCUct4SoBwBztuhZCQ9ov7-51Bhkt_PXMdkhLuUW7dU5Lnrcktakb6-hgnewEYJZyDitOA0A6J4M7yS3-weaaic2PEiNhhVe6hNKY7nzTyS01hENCGRfIOjCMBp8alEDSjgqFFK9_svaGXsit-7P3nWE3Ve9MT5xeDbYVfOCwczDgQOSeQFIDhWWLETZrOPLK1k-sCWXjC9JacVPXn48FYSrPWwmNxE8zHywz-usTUFZ6DHFhJq5KhYVvftB-VYmC-3JofdJY7TWSGxKjwEHXc_YbHNshqt8MPnvFvsV-etG8m7-OiaEg2SGt5ppvRWWB5MmfPfUUcC4PU3ydpYiNSIkh1cGmjptL1X_qciJa9niGArcDYp9QTWvzmsFDGSVbHRgVA2xyahZNd_veDBHCJkITkcMY9w8jcnDQIcfT8w0kxeGGyNcAXD-G6sA-UswLJ02vRNs9bDM6qH3auyS97JJ3dC7z4XnzJS-G4kOU0xN-G-Ewhr_Qyqmw4MEthGcrh4YOI2997-80h1ThQ9_my7_CxcRlZ7g2nPwD8twMBk0aZGv--pPwKAuhqIOZ3y25PN5yE2_JEw0JoXI7VcnqJmohM4_hDUVRh_jGBfKSqM0lYy6FkQdF2OLYEL8EhotuqJHdYnFW6qxpMdxPgDquzX2psPS_2ilCdJGN1C7fwJT45b0UDTtUJBE_f-24g3__PbECCngbqN2gm7ldpF83ZCQ4x_JN8qqdEdcAwPGPhcxXqzjdrVWqAQuWxGBBdvi_Pd_m_cleTi0ikyAElH8NKIENZpdjk7wT-aSIFbyT3fFH7WPDoUrcPjrIUcCyC9l6E_0Bonu-BQAHhfQXYx1azSz7ayYzC5Xg3yFhvpIZeWbgK0aYsLTXvBK1HMbVAgeuJ-SkXjObfQlk6Hb1Ney2Ri6JC3WvAVgLbvWX0yZXvYHOU-Th2Nl-9p45VPnsEYDcGsk19WODoXunyBWsRRarsgypY0ObMXklnrN1Q-P0sx2fuIfV4kNYqjWjYUNQW5aSPaiXbg-MvvFu_WRYQeGyfTZLDqbz5LA2l09mFvePFFA3fZiKN7A95AK9tuTqXXVz3GA1S8qmkhqGffu_p7dLLRK2WmG6UlWLgDzvA6O5YBEs0Op7cyBHmtlq8ZXKG0z_6neTDx0MgPJHEG0H6IwqikJ__pA"}
formSubmissionId = BRTI0IME8-1770014641544
fullURL = https://www-dev.broadridge.com/press-release/2012/broadridge-reports-fourth-quarter-and-fiscal-year-2012-results
page comparison URL = https://www-dev.broadridge.com/press-release/2012/broadridge-reports-fourth-quarter-and-fiscal-year-2012-results
................Header Contact Us Form Filled...................
V2 ContactUs form NOT found on the bottom
V2 Download form NOT found on the bottom
no cookie button
header ContactUs button found = true
emailTimeStamp = automated_TESTTEST_2026-02-02_06_44_38@broadridge.com
📤 Form payload = {"formSubmissionId":"BR3HEHWF5-1770014680356","elqFormName":"","elqSiteID":"","datalayerheader":"","contact":"","formgtm":"","elqCustomerGUID":"","elqCookieWrite":"","segment":"","name_first":"First_81575_TESTTEST","name_last":"Last_81575_TESTTEST","email_work":"automated_TESTTEST_2026-02-02_06_44_38@broadridge.com","phone_business":"999-999-9999","job_title":"Job_81575_TESTTEST","Company":"Company_81575_TESTTEST","country":"United States","comment":"This is an automated test submission.  Please ignore.","id":"","so":"","di":"","ct":"","ep":"","ot":"","mt":"","yr":"","rg":"","on":"","sub-source":"","campaignMostRecentID":"","content-id":"","orig-channel":"","campaign-name":"","campaignMostRecentName":"","campaignMostRecentSource":"","campaignMostRecentMedium":"","campaignMostRecentContent":"","campaignMostRecentTerm":"","campaignMostRecentContentID":"","campaignMostRecentSubSource":"","Persistent_utm_medium":"","Persistent_utm_source":"","Persistent_utm_term":"","Persistent_utm_campaign":"","Persistent_Sub_Source":"","Persistent_Content_ID":"","Persistent_Campaign_ID":"","Persistent_utm_content":"","Session_utm_medium":"","Session_utm_source":"","Session_utm_term":"","Session_utm_campaign":"","Session_Sub_Source":"","Session_Content_ID":"","Session_Campaign_ID":"701RN00000RbnVLYAZ","Session_utm_content":"","inquiry":"Gen Enq","fullURL":"https://www-dev.broadridge.com/press-release/2012/renowned-keynote-speakers-to-take-stage","page_id":"177730","page_campaign_id":"","ecid":"","elqCampaignId":"","Formmodel":"flyout","Pagetype":"Press Release","g-recaptcha-response":"0cAFcWeA5PdP1b-gGqotM1vsz56Di0HrXtEauHwQRdiiG511gh6HNLvLk3lcmCsv-0jQqftAT0tin41cI3ESqqVugUzzvP6lNeNodnMMCCO9gqpfNs4o24xUF5ZrslxvpyDJ9WSJKap6WIpMqoGXNyhOwa3F2m9eeNf28w-g5uQOVmm7_EyKz9j7aBVyzWg_S9KBS68OgjzhJTqMugKSJFDH8AdpXY4L3V1jfmV6j1UAUPXEAEG0gZyMiibH6AOvPiMOfvH4fABhJ7zLHk5QRDR6wNGa2hF7hFIM20gcf5L_QObhTpdNJWcugP-bBPZHJ3RTJ_apvq8b2yRa0IiymJ2HpVGn3jHtCzRTPIqDAa2_4MuqGeZQkg4r-fkvfHzJAmbUQvAf5SXTDbPYqxvkHa9OjLaqPHOMv4kPDwZROuuq3qyaidUzkiCqLiSN4JpvIHUlW1H5BDCcKUygDmD5pWpGw5gbY9xFDiSRUA-IMHlAAzDPA8A9kZTNa4N-J7tD2pVlSUBc23NC1fcsYr_2oDIRf5Gh3a67a5io9c2uOyQWcTBxPa2eZwgGpjkhpcAmNYbptyqbMKRzWsKXN36GKjRln9_Jw-CdGngFoyYsunt4uyTX3rwHZIdbHk8Lik-gK8NA9wvmxvP1ZMa9yS6wjZR1e25lUD9v4J2eUWILxeUleqoebw01hRQh9Q68cFLWE5lY3lnLb0pxoOQltLOKBMGVJttB40GxoopCdlAg1tCJ8SimyYbj8jQTGcjMb-JormvF1spJzHrTZ1P2bdh9Uy_-YA7SoCo1ce6tH7lpap25h2rHpueKe0dTJY0sOBS1I_WSlY_1jk14-GXI8BGW3JxHjM45GsSQP5FxZ--kAFaQF5f7xM4qgkjmuXCQwOi7Z1e9BGrCoGQk_otEPWBJFFGjpIPSzyvSjDuq60MMd98__ens-aC5XXeJmnvzRKDlmjDjiYicS530Ft52A2QlxqUiNdE7sJGZm9MieqWoJxpg2pcmlqc4Wd8QiOqq1NgNgzee2PAdRpCIn5yQftV8JFFc7L-2wlIUSOJsExsbYpg8pdb2uKXRIP_ZHrLUV5AIyLNQZMAtx0kv-Fduwt6nAEvNbUlXGWVRWuDEy99tUekQx7AaqIvdKCjg9jO4HNwFWffFuoU1cWPr1pvo4A_8M-IpliNy3pnNoAKMYeEq9VNmdTV_mUk-LdFniSM1vojL4NGckKJDFX6_G57ew2KA1mNCiensL5KH9W1j0pCpq1IdV24sz6Wy7DHFVdUdsY9So2_8_fLuYGnH02gGjuZaobliGR9YBvSejTO1VHUyJir-qJEis2Xz6Q9xDHthAzRT7Y0LWxmE9zNe3JsY5C2TMHTSlwV9U6H0KsGiHz0x0h_6WBJubGbcQVauZ6Zu8Ymtk-hnzPsUXcOswwJ3fTpEJ59ki9qxCTbpHwN7Wyab-7p36efDb7yDbKA0F0g_PjUS5XcS_xFS-kIJdHUppRIN7cpCkHW_td_1XdnSwXlnWFQQKn76x7seTZ-6C4Fp2xRjhGoqVzONtZ9ym_rRCf803zbsfUrgL6m5JUJsM9VaQt7402jtE5iTB0_RRwsxX5flCJ1C8qGaqAhKSZT5IsTO5zoO0CVHUIky0uzRYyQAcInino6RavtS2bHLsRvlVkJU0ENs1vSLcyx8dzDB2SDs5OxV6Ac2lrFnmiYlqD8mYiYQMCDaky1hanhQxWBp_hYIGxqXeKnuAfbovn"}
📤 Form payload = {"formSubmissionId":"BRYO4LLI5-1770014680493","elqFormName":"","elqSiteID":"","datalayerheader":"","contact":"","formgtm":"","elqCustomerGUID":"","elqCookieWrite":"","segment":"","name_first":"First_81575_TESTTEST","name_last":"Last_81575_TESTTEST","email_work":"automated_TESTTEST_2026-02-02_06_44_38@broadridge.com","phone_business":"999-999-9999","job_title":"Job_81575_TESTTEST","Company":"Company_81575_TESTTEST","country":"United States","comment":"This is an automated test submission.  Please ignore.","id":"","so":"","di":"","ct":"","ep":"","ot":"","mt":"","yr":"","rg":"","on":"","sub-source":"","campaignMostRecentID":"","content-id":"","orig-channel":"","campaign-name":"","campaignMostRecentName":"","campaignMostRecentSource":"","campaignMostRecentMedium":"","campaignMostRecentContent":"","campaignMostRecentTerm":"","campaignMostRecentContentID":"","campaignMostRecentSubSource":"","Persistent_utm_medium":"","Persistent_utm_source":"","Persistent_utm_term":"","Persistent_utm_campaign":"","Persistent_Sub_Source":"","Persistent_Content_ID":"","Persistent_Campaign_ID":"","Persistent_utm_content":"","Session_utm_medium":"","Session_utm_source":"","Session_utm_term":"","Session_utm_campaign":"","Session_Sub_Source":"","Session_Content_ID":"","Session_Campaign_ID":"701RN00000RbnVLYAZ","Session_utm_content":"","inquiry":"Gen Enq","fullURL":"https://www-dev.broadridge.com/press-release/2012/renowned-keynote-speakers-to-take-stage","page_id":"177730","page_campaign_id":"","ecid":"","elqCampaignId":"","Formmodel":"flyout","Pagetype":"Press Release","g-recaptcha-response":"0cAFcWeA7nkAyJZcQ6BBsNrGiOdmjvcpU_ApDQbXlyzHX7gu_u8X_nbSV0PRsPWaqaeM4njKwb67Pg__uzVqQbrnjCBojPnVOV_3yziVOdWmLntmTx55UhcVg6WamdyYklN3rdJfGz_Q0JG7jic5CpOwrThLcGvDcJVpUlQ8ipWSeTS_sVAYPGemqOs6SoTN_U0A3ZWzjdwKZpqqqCxPZHhZNJlINUXsFfXMwOh5d9CbXkJ535LfrP6zTmLsk02BE7KTL81VfdHg3lEfAXvX_jurqCimyYRb9sAlekzOgsD28iyvOohaIv_8lYrGcF0ZjPqbNEjDDpbrIPLebsK3ulNuJ5YBel8dnPYSzXmIDHiA4X0gjPKCPlliVGD4YVyjyrlaKJzrFnB3Vi5wvwYpQ1b_bpDbW79TRphHCjBmmNsb0wy7l0N5IXDoc4LCIfni7bsPfGoDyWNb5E4Mm12quB4rwkeBDwNugbzgsGQkY5YMmhEpuvWjz9S-LQKWfsnIyI_RvCllsUKJEugYQ5BypALHli-2coqXQnC2z8gpK9Teq_GN0tfPE_5pQSKpFW74MKTNas1MfAew8trq_9PjmcCGg29aHgydf4xMVFkE2ttDS9wgj1izzXHTjzlvpTIWcwJDh2w3ovSVAZ-5yL_6dZgQ1gRukW-tst65DT1hYY8oltQ6PI-r-uNlvnZleTCbeK6JlOm-hx6Z_6p-v1jVuzEmmNCUcT5-YP0vRD8kt1gz6YA49mavZ0CKP7F-gnI-v_OFimNcaqxH8_Ug6Vu3oKZWrr4cMY3b-E2bg9Fw0s5n-TbIyq1Xml9rZ7wrdkMtD9Tm1Yxcl1XLO-GTWdtWLciDF0eYcZ2XKxEPYPwZEm2l5v8jXZbUi3FtNCdA679IQRqfM5hYWg8g6N6-BTG376B0LumK4irkWLejRHcSVE3mPvker_2mdmiEe6kzXz8e0SIeUgbkgNondfT6sb9UgbUtvl6O-W-ZCZ1rhDm0KMzhL_l1JrYK6xLUSgdiYBfcDeTJJrRaNDGC_0sZsIJREwWnY_R2nWhVEO4vjBYkdalw_w8_ma-o6d2ulTiBKd_qS15zQRDHYA9_2zRbyCcR2UWNWCl1A8p5gnJcn31-wZPPz_LFW700O1oeG3hTwxhhrvjCV1Gt5zKbpez0lNkEib7ECUuLKEYUrEMoFO9MQefjVjCsMrW1yjTQNuoBY_vEcOTezcOx-poZC5QBpijNlIQF0VQdHWZQJ29lsPlFjtFBKtEJDXZWdBZcYJzGlXMOV1YoRxqe0xS8fSyoKsvw3N3l22pfsjxA8DSC9iWFwSTkqgcxnZNI91G1OLb6oDCEGc01nf3EHdwavEufMYEfCsPnSBNT3bOeBHUioSou3H9qWPEyoNzHhcLOz_xXQ9_6hpMijyUiTFIAEbliNcVaKlWpDIacg96K5NK6pPaCJe08LuPwm_SjQQeDQTQMW882dOfw9ZPUVDw_3Atphv_5dqubU5lQRQ3eFLqmgpMK4XDsJdrhn8cyLEl2dfGDDqM_Xep_9mOQwAdLr0ASft6XanlxmtsMjTFQKCeYK6eidaSuBsPxKmq8NhfPOOGFb0eq7TtAL7nFuJ8yemH4myPXBKYak65lYyi9gZ85JLAN42dYEM5FTit-bGCJC4BUqJ2scWOiGLXT7js3f-xQVVKfIQP8Qo0Wre7B3DRA5fBL1dHsXrLbsIiHT3yGPMHhIS9Fyvt--an_V111f0j0MH5funF869Ve8Kf9gq4A"}
[...]
formSubmissionId = BRQ8D3Q47-1770015096691
fullURL = https://www-dev.broadridge.com/legal/broadridge-uk-tax-strategy
page comparison URL = https://www-dev.broadridge.com/legal/broadridge-uk-tax-strategy
................Header Contact Us Form Filled...................
V2 ContactUs form NOT found on the bottom
V2 Download form NOT found on the bottom
no cookie button
header ContactUs button found = true
emailTimeStamp = automated_TESTTEST_2026-02-02_06_52_13@broadridge.com
📤 Form payload = {"formSubmissionId":"BRNLKHXRB-1770015135893","elqFormName":"","elqSiteID":"","datalayerheader":"","contact":"","formgtm":"","elqCustomerGUID":"","elqCookieWrite":"","segment":"","name_first":"First_81575_TESTTEST","name_last":"Last_81575_TESTTEST","email_work":"automated_TESTTEST_2026-02-02_06_52_13@broadridge.com","phone_business":"999-999-9999","job_title":"Job_81575_TESTTEST","Company":"Company_81575_TESTTEST","country":"United States","comment":"This is an automated test submission.  Please ignore.","id":"","so":"","di":"","ct":"","ep":"","ot":"","mt":"","yr":"","rg":"","on":"","sub-source":"","campaignMostRecentID":"","content-id":"","orig-channel":"","campaign-name":"","campaignMostRecentName":"","campaignMostRecentSource":"","campaignMostRecentMedium":"","campaignMostRecentContent":"","campaignMostRecentTerm":"","campaignMostRecentContentID":"","campaignMostRecentSubSource":"","Persistent_utm_medium":"","Persistent_utm_source":"","Persistent_utm_term":"","Persistent_utm_campaign":"","Persistent_Sub_Source":"","Persistent_Content_ID":"","Persistent_Campaign_ID":"","Persistent_utm_content":"","Session_utm_medium":"","Session_utm_source":"","Session_utm_term":"","Session_utm_campaign":"","Session_Sub_Source":"","Session_Content_ID":"","Session_Campaign_ID":"701RN00000RbnVLYAZ","Session_utm_content":"","inquiry":"Gen Enq","fullURL":"https://www-dev.broadridge.com/insight-pages/broadridge-insights","page_id":"182907","page_campaign_id":"","ecid":"","elqCampaignId":"","Formmodel":"flyout","Pagetype":"Insights Front","g-recaptcha-response":"0cAFcWeA4_34gd5boa_ksc1STocGL5rP9ob2z2CjHzzAelGvR_2xifVzS9iSQjVOjELTfYlK-ipIszw6A17XMIV_9mR1QGOe6OKpoWom-iLQhcOgRGR5uMo8Piu7bH3XRip6pSb-MbkHCps6uDhVEUg1fLM8jCIcXiIR9s2FaDC27UbGFPAl4oWlzIMAPS2gitwxWB-0i_dmuGoTiB3PObZU0I24JEDsPhyudMGalEPgFyp21icec848dKx-M1qWqMZt9GNkWOS8x_hKqlB92ldvOWBlCb7oBOBgiLWUBDnTQZTgYhEM7O079UQW_omDm9kU2IUP8mrNsttQWdGrcuQxh7fFwO1nmuIPG6TSjYeVuFnYmxb47Dr-Ra1dKZ1HpTasT5Xyzch_ihjDbHSAvIEvXtB0GpOd5oB5aVz49ktoSpIE9qQ3anFNiURJfOWZIHl6y7t4UoI9JcGzkgrVJCxWxSw6p72M_Hga9n0JCxNMWbvTzgSKSJXLQ9bsfk711-aOssoL3kSxovXIMHdEgKLEhqGIWjPt64oVHh0BrM4tLpdbI76USS5e0m2UKDf3qtMDzXI6JF7954Nzh5d2da5d3-hTGil99PPHkznmXJqwDZnmb24qy2Eq9jdJspOWXgGn13xk20CHLeJbWKv28xdlJErCg9zrTppO8ZCg7kifg6dWoTHD6T3O_Gdp55csGsR-oAFyftqCTdD2NQSe5rmyah9GjN-S7afFFAROKdsCwV-j7iHWJuUKt80u0hTT07anC2XRoXvcKse1p1UImK0WFgMCZIkbcixg377Bi5JUlpG32pj6ylDGBefbrU11A7fT8XIKTi-X8ScJBorw7GO-_T_YUqIH279xJqro7jboQU5HATplFlkEjYKgzJwaMSCh_nHh59netko5arfWC6Wrr6NdVs9ObpnO3viDHrAmxm9MoPflrPuVeqsizgNrErUJgz3HUU8mLtGsIxnjHJBDCcr9hNvEmNDpRyvzUJrRDnhBSQprsug7TzBH2Q4vfSELo-TP-mbCP1-Q7wIBCbf0eZXZVMVYIGSpI7e7bmd2tqyk14ZL3Tc3zij1D8j5preZMLIaxQg9yqB9QO8ZmqBXbmHnoIfv6C0pA-o6R0xc-ZFFkMJrZa7nzF2lsn7oQQS-MCeRzTW55nIEEif3YPpmsN09eEk_NQyks1yrPk9GEhktaC8Wzwg0GuBo5dXQVqaS15bzrRJKFa3MfZwwBovh6QlKmuMFCEMoWzuejHMOWeRKh79b_jD8ovRxal6ZWEtrsRfwaxSiHIi68dz7vdKBw3HJCYZpNzVqh2N2YaSf10hGWvgVQ56NdBXuo35PhuYrcLG-K4-10H_G2JQN8QFfU44LHuYznPhD_FOyYyos1UgXyCZov53k7shLXqm2Ka-nUPIERXMlzom9Gm-MMkocDmETjrrW2uehQK1ecufpqTWHUu9NmdcnBaBv82adPLLGhHRC4_LwkOCTUXBRVpxN26YI_NcIebc1vOMc9AqzNfShuAMaJ2lLAbwGis0LqPRJpKWoAdQWZYnshP3dh6jl0p4izElD4sjkpfYX0f-I7lOM6ek0CnTt1RaAVI0xDkzps1fLH2KBacaehi5E7plrlISOCCZV95kQx4f73TR5D8lPiZfJHZyizmB3EWMrUG2sCpEIn79BLFvVpj0imym5PWfrPKxB-C5yPGHtJ4pCxbXpP-i2aX1PA"}
📤 Form payload = {"formSubmissionId":"BRPHE0695-1770015136037","elqFormName":"","elqSiteID":"","datalayerheader":"","contact":"","formgtm":"","elqCustomerGUID":"","elqCookieWrite":"","segment":"","name_first":"First_81575_TESTTEST","name_last":"Last_81575_TESTTEST","email_work":"automated_TESTTEST_2026-02-02_06_52_13@broadridge.com","phone_business":"999-999-9999","job_title":"Job_81575_TESTTEST","Company":"Company_81575_TESTTEST","country":"United States","comment":"This is an automated test submission.  Please ignore.","id":"","so":"","di":"","ct":"","ep":"","ot":"","mt":"","yr":"","rg":"","on":"","sub-source":"","campaignMostRecentID":"","content-id":"","orig-channel":"","campaign-name":"","campaignMostRecentName":"","campaignMostRecentSource":"","campaignMostRecentMedium":"","campaignMostRecentContent":"","campaignMostRecentTerm":"","campaignMostRecentContentID":"","campaignMostRecentSubSource":"","Persistent_utm_medium":"","Persistent_utm_source":"","Persistent_utm_term":"","Persistent_utm_campaign":"","Persistent_Sub_Source":"","Persistent_Content_ID":"","Persistent_Campaign_ID":"","Persistent_utm_content":"","Session_utm_medium":"","Session_utm_source":"","Session_utm_term":"","Session_utm_campaign":"","Session_Sub_Source":"","Session_Content_ID":"","Session_Campaign_ID":"701RN00000RbnVLYAZ","Session_utm_content":"","inquiry":"Gen Enq","fullURL":"https://www-dev.broadridge.com/insight-pages/broadridge-insights","page_id":"182907","page_campaign_id":"","ecid":"","elqCampaignId":"","Formmodel":"flyout","Pagetype":"Insights Front","g-recaptcha-response":"0cAFcWeA620iD4yRKbub5UwhawJyfqwrQWzyKg0g8QRLYzIuduODvZy49lBSKNwz4thT2TBqpy0j-mXv6JIiOPZxLBoqfHsee_GMj5MddCYFMq2Ssbiq3yfJnH0chftN_RBSAl60gWC-PJuWRnsePa5wRxFNEZJM5H66UmON4oDftszriJst2GSVmTFCpon4RT1bYIBhsQFYwwcJlxyhzyuqXBix4kiK7yPrHfnX2tp82gpLqdFuEEi7yd5_HXia_3aA0Pp_3566LCBBkKvFgKRHkTwYeDOXsgAOxgoHokhOBDMzNsjeIGNuk9ATWxd7iWnJgha1nOb_DJOwTS9BgnVBPPmCH_lme9J6SfDVFxJhBxBDzZ-VPUlUpsYVTuMnXVgJsHzjhahrU3hFrS1VKrzVaZt2a6mS08Fk3kbslWQg2xv0REBKNFmhIuuY_1rvmwm-3ojkIdevehSDMcYvqXsmfsQQq1GFGuFM_i21Xloz7586-BWZlQceyXQ5aIE48IVifyrPZd79SFBSmm5Uf2Um9tSx035Puvw_AwYNjee4HuYbezb_P2poZExC8D0RMzsClzzrVlY38RJPMZAO3PI66zuTxfP4eGMWERNv7wuh9DvqZ4DM5nUJfgmgQWzg2v64DAOt7FqNn4N-a6JxVGO3YBEoN902wHXClJbzeg3FTtSW2NV8u6UmM-89akO_Cp8l-Knkbsgu4-6nIm6JmdeXMdoeHZkmrOElAXjMHggKOJPQnZLlHzAgYMQ-pre97PmHO6J-T1fSgMmcFiS9OO2RxsdajKNdU7a7XKA-Zg6XXdKqj2Okn2MDYIZRs4SgPkHIuYJguZ0tYBHnYZAPP1qhwHlZzJarkCQ05w8OXi8Buvw2NBDFOvGD-0-7R50Ms2oTkN9hSiN50yyt5Zn5G-49B8COgC2d-XZ5K0MW_76mwZxWd2ubVy_hiIbWdKjEPi3HAaTdqJY6jypOSmzwmEKWh3Y8A432RpxSAHTMsN3spubub7QMcetMZeb7Y5v_ZWL-IBG5EP55R-huwvmhuk_agSjwrvpI-YXDPfU0WU1yn-Uwv2-f7U8f0WImDaUa-44udh33BRwRW1kU8GgLs5New3DshYoqRE-I3BbvOAtMSspgYQjhEbRseO0nWUr_97lM06UE0bgkIDaNG0ohE84-1_QYxFf2SBkz8tK_8MHvK4eewRLUFlTsdiY24V24tg--bB35rl7q3GX4djny8e9pNsIHivFSL6oZU3Gl7yibygh8rgZpuK46jn_qNrJzxuDAi5R3rJP_IK1zgxp0l2ic3Y7x1NrxQhUDmzy9Ibv6LN2TvvBfcggpzQF8mTXn9nxzv5pAGPk_GfRKanQ8wKcIgI6tqZa2JF2u1CZcqjAeEpSrusiiaBcnFZfoZYTV9JdVRRXI4YV3ntcQu0EUQMa0m_hJtToXtWhgSD6H67sKWujMNp1P-gGCMDjySUgLyFhK93A29yBPQj1RhCKCNhgfd6wD2ffwuHiUM61rwbtvkPHmQvcS3j4tQ-lcGTF09LWkEhznI0topfyuUYKYK8Pu7v4FuXdngjPmKHH8nvo5MuIbVRIPQ0YYoZlzcQ-3E4pb_KorIwyGTGIxYi1qDFZ_kpYNmNeCKOwDrUv9gNaoLBqjkewbmknAXnP3fUwOgajeEkjarVFK0y-P6NCRs5yrbJnjBV1r_Zqi7iE0khAI6T0wkc0sihcaY"}
form message = Thank you for your interest in Broadridge.
A representative will contact you within 24 business hours.
formpayload for validation = {"formSubmissionId":"BRPHE0695-1770015136037","elqFormName":"","elqSiteID":"","datalayerheader":"","contact":"","formgtm":"","elqCustomerGUID":"","elqCookieWrite":"","segment":"","name_first":"First_81575_TESTTEST","name_last":"Last_81575_TESTTEST","email_work":"automated_TESTTEST_2026-02-02_06_52_13@broadridge.com","phone_business":"999-999-9999","job_title":"Job_81575_TESTTEST","Company":"Company_81575_TESTTEST","country":"United States","comment":"This is an automated test submission.  Please ignore.","id":"","so":"","di":"","ct":"","ep":"","ot":"","mt":"","yr":"","rg":"","on":"","sub-source":"","campaignMostRecentID":"","content-id":"","orig-channel":"","campaign-name":"","campaignMostRecentName":"","campaignMostRecentSource":"","campaignMostRecentMedium":"","campaignMostRecentContent":"","campaignMostRecentTerm":"","campaignMostRecentContentID":"","campaignMostRecentSubSource":"","Persistent_utm_medium":"","Persistent_utm_source":"","Persistent_utm_term":"","Persistent_utm_campaign":"","Persistent_Sub_Source":"","Persistent_Content_ID":"","Persistent_Campaign_ID":"","Persistent_utm_content":"","Session_utm_medium":"","Session_utm_source":"","Session_utm_term":"","Session_utm_campaign":"","Session_Sub_Source":"","Session_Content_ID":"","Session_Campaign_ID":"701RN00000RbnVLYAZ","Session_utm_content":"","inquiry":"Gen Enq","fullURL":"https://www-dev.broadridge.com/insight-pages/broadridge-insights","page_id":"182907","page_campaign_id":"","ecid":"","elqCampaignId":"","Formmodel":"flyout","Pagetype":"Insights Front","g-recaptcha-response":"0cAFcWeA620iD4yRKbub5UwhawJyfqwrQWzyKg0g8QRLYzIuduODvZy49lBSKNwz4thT2TBqpy0j-mXv6JIiOPZxLBoqfHsee_GMj5MddCYFMq2Ssbiq3yfJnH0chftN_RBSAl60gWC-PJuWRnsePa5wRxFNEZJM5H66UmON4oDftszriJst2GSVmTFCpon4RT1bYIBhsQFYwwcJlxyhzyuqXBix4kiK7yPrHfnX2tp82gpLqdFuEEi7yd5_HXia_3aA0Pp_3566LCBBkKvFgKRHkTwYeDOXsgAOxgoHokhOBDMzNsjeIGNuk9ATWxd7iWnJgha1nOb_DJOwTS9BgnVBPPmCH_lme9J6SfDVFxJhBxBDzZ-VPUlUpsYVTuMnXVgJsHzjhahrU3hFrS1VKrzVaZt2a6mS08Fk3kbslWQg2xv0REBKNFmhIuuY_1rvmwm-3ojkIdevehSDMcYvqXsmfsQQq1GFGuFM_i21Xloz7586-BWZlQceyXQ5aIE48IVifyrPZd79SFBSmm5Uf2Um9tSx035Puvw_AwYNjee4HuYbezb_P2poZExC8D0RMzsClzzrVlY38RJPMZAO3PI66zuTxfP4eGMWERNv7wuh9DvqZ4DM5nUJfgmgQWzg2v64DAOt7FqNn4N-a6JxVGO3YBEoN902wHXClJbzeg3FTtSW2NV8u6UmM-89akO_Cp8l-Knkbsgu4-6nIm6JmdeXMdoeHZkmrOElAXjMHggKOJPQnZLlHzAgYMQ-pre97PmHO6J-T1fSgMmcFiS9OO2RxsdajKNdU7a7XKA-Zg6XXdKqj2Okn2MDYIZRs4SgPkHIuYJguZ0tYBHnYZAPP1qhwHlZzJarkCQ05w8OXi8Buvw2NBDFOvGD-0-7R50Ms2oTkN9hSiN50yyt5Zn5G-49B8COgC2d-XZ5K0MW_76mwZxWd2ubVy_hiIbWdKjEPi3HAaTdqJY6jypOSmzwmEKWh3Y8A432RpxSAHTMsN3spubub7QMcetMZeb7Y5v_ZWL-IBG5EP55R-huwvmhuk_agSjwrvpI-YXDPfU0WU1yn-Uwv2-f7U8f0WImDaUa-44udh33BRwRW1kU8GgLs5New3DshYoqRE-I3BbvOAtMSspgYQjhEbRseO0nWUr_97lM06UE0bgkIDaNG0ohE84-1_QYxFf2SBkz8tK_8MHvK4eewRLUFlTsdiY24V24tg--bB35rl7q3GX4djny8e9pNsIHivFSL6oZU3Gl7yibygh8rgZpuK46jn_qNrJzxuDAi5R3rJP_IK1zgxp0l2ic3Y7x1NrxQhUDmzy9Ibv6LN2TvvBfcggpzQF8mTXn9nxzv5pAGPk_GfRKanQ8wKcIgI6tqZa2JF2u1CZcqjAeEpSrusiiaBcnFZfoZYTV9JdVRRXI4YV3ntcQu0EUQMa0m_hJtToXtWhgSD6H67sKWujMNp1P-gGCMDjySUgLyFhK93A29yBPQj1RhCKCNhgfd6wD2ffwuHiUM61rwbtvkPHmQvcS3j4tQ-lcGTF09LWkEhznI0topfyuUYKYK8Pu7v4FuXdngjPmKHH8nvo5MuIbVRIPQ0YYoZlzcQ-3E4pb_KorIwyGTGIxYi1qDFZ_kpYNmNeCKOwDrUv9gNaoLBqjkewbmknAXnP3fUwOgajeEkjarVFK0y-P6NCRs5yrbJnjBV1r_Zqi7iE0khAI6T0wkc0sihcaY"}
formSubmissionId = BRPHE0695-1770015136037
fullURL = https://www-dev.broadridge.com/insight-pages/broadridge-insights
page comparison URL = https://www-dev.broadridge.com/webinar/webinar-program
..........!!!...Filling the form failed...!!!........
................Header Contact Us Form Filled...................
v2 ContactUs form found on the bottom = false
V2 ContactUs form NOT found on the bottom
V2 Download form NOT found on the bottom
no cookie button
header ContactUs button found = true
emailTimeStamp = automated_TESTTEST_2026-02-02_06_52_55@broadridge.com
📤 Form payload = {"formSubmissionId":"","elqFormName":"","elqSiteID":"","datalayerheader":"","contact":"","formgtm":"","elqCustomerGUID":"","elqCookieWrite":"","segment":"asset-management","name_first":"First_81575_TESTTEST","name_last":"Last_81575_TESTTEST","email_work":"automated_TESTTEST_2026-02-02_06_52_55@broadridge.com","phone_business":"999-999-9999","job_title":"Job_81575_TESTTEST","Company":"Company_81575_TESTTEST","country":"United States","comment":"This is an automated test submission. Please ignore.","id":"","so":"","di":"","ct":"","ep":"","ot":"","mt":"","yr":"","rg":"","on":"","sub-source":"","campaignMostRecentID":"","content-id":"","orig-channel":"","campaign-name":"","campaignMostRecentName":"","campaignMostRecentSource":"","campaignMostRecentMedium":"","campaignMostRecentContent":"","campaignMostRecentTerm":"","campaignMostRecentContentID":"","campaignMostRecentSubSource":"","Persistent_utm_medium":"","Persistent_utm_source":"","Persistent_utm_term":"","Persistent_utm_campaign":"","Persistent_Sub_Source":"","Persistent_Content_ID":"","Persistent_Campaign_ID":"","Persistent_utm_content":"","Session_utm_medium":"","Session_utm_source":"","Session_utm_term":"","Session_utm_campaign":"","Session_Sub_Source":"","Session_Content_ID":"","Session_Campaign_ID":"701RN00000RbnVLYAZ","Session_utm_content":"","inquiry":"","fullURL":"https://www-dev.broadridge.com/report/asset-management/tailored-shareholder-reports","page_id":"130411","page_campaign_id":"639ca36f01b0d5c80e77c6108137c4c5","ecid":"","elqCampaignId":"","Formmodel":"flyout","Pagetype":"","g-recaptcha-response":"0cAFcWeA7dO6Pr3Xm-o8mbNrOm774DEevmj38bzokbV-CvVgIB_j2ROZ2WzJzSfOLioy1PsK_m1BOFHLZzGjYoJVGlKGMqp1zRDKYPh6V2kmgufxz8mW0Eowd-wQL03Q_3h5zcUb7gRZO4PW6BcQbnHVXARKs9ZS-Tj5UztFpq5GR7JKGWkvCR9IyIXBsQGVYX7g9xq5Qcmjqdz1lwKYqxmP7Y1qavUmyP0YmkzdQlvJ4LjykG1iAjnpALxa-MVPPSsD1gHla5JkSBjJeOIAa6CWyF_WMCQXZsWFohzMFehDbEm3cBsZbSg8T5AojymqocpAhWC7mTg8cQp4rPNcoV1TXr699-fgV6EYXTLg05PQzH_BUwD549CdqGc3O3rSOZfSyYqgxM-lqfo54_PmK7tn1rURpVKGQ4cTTdQfuBoG6hHzWwEWtY4gYL5FhJ629NK1RnpQVKNA7JOSFExmX9gNnSGRp1Kei3DqaKeAs0fDeW9N4P_VZPQQ9p4QQYzqhA942-PtMUkxLiIRXYDGEYyDBa3LPnSGCtb1EIXq0GAQQGoaBqAq8YUuyVq0PSe5oHAb72czyTyYauS5yf3AnVXzyAFWE9-fNWHBMaoiWAwe2LQnvMVYDTrqSjwnFN4Oso0C7-BQk78DB_q8O2DXtBEsRqaFIczrs6bUMBlseDNQBeSbiPpxVpdLFcwsVf6kz6I0HHFCjpVdBlgo_v_wYjPdBOU8n9B1p22xqIg63X0vhu0e3ooNoWRaxjr6znrLb4Jt4R20jmJUwpptylqSiVx2o62q9U3pR2B7036x44bwxTACZ6aja4veozO_uRalFp5hGzpVc8gUPJBd6on_xLbjywgY2OBOIVoHGHFpHBaUzbLlD-Up8z7-Es-gZAtYfFN7rhoS2Ego1is5HINOq4F1UseeCnEX16r_8xRU6gZCWAG-pWT6uleHdeumIYs-3jIqTSmem1p99AN_SCpyzRMSemDw1sUlML11jRghAc0N92QhIfknG4QDBpW2dxrl3UV0IPdNlvKVRahJzCgmx7dZntYop0aOurNp0sccIHmna5a8f8s2rsDLKVIZxmjfr6bOqJJJPWS3TS40PHtKLIFDlT5pSHFSfxWj31_C1_eBHcB2sFtfhCYp1WHGHKkYDBi1HBXplf81QAp95IjPhZ_qTVK7BTQOujulCBwK2fyDlZ5kFjz1zVBuFcADKquZtEI7vF6jZFSTVTK0_n6N4k_JP3s9iv8pydj0nbYa8KA7EcuBBU9wgZwlz2atSU33SS04hhTqHcpCv44z1WlfRChppzkbFPvfbsksMcZOXmwWgB231pmQLQutoapF8JdBNb3rldQ8mKEh94MlOoqlI0WDqIa-3zhnudkKV8S_16pPSwwxQXx_PdmmOkowzmASWGRxWzQb4y5K9Xci2_LIxB1XRtmWPRC25fkh_hnnXwx0Ut7qCydqfrAd0te_7H-9smb_PpA0RRGpTvQ7kJoA9m3BwJBXglTfj3qstBHqp4mM9b80ap5sSYx1Rdw7yJCjmlc4FLiegpPFdOrmnfgW3OkZCuddmBJUo4yYoj1tXMYspMos34XukyBd54gsMh9-_azko6CbuCMl3oGOcrIEeyH0mMpfFlvV3GoYt-h_UyVRzH4P-t6ZAxZrkF2skoL1MsYat_Vg9Rwrqm_v1LTXXlN6zhZN383--CnQlpizy3lnDJIrKb7P44z-jsM9AkAN7fI_dvECBCbXZkUAdYRFramOOpFhzo9tY7pQ"}
form message = Thank you for your interest in Broadridge.
A representative will contact you within 24 business hours.
formpayload for validation = {"formSubmissionId":"","elqFormName":"","elqSiteID":"","datalayerheader":"","contact":"","formgtm":"","elqCustomerGUID":"","elqCookieWrite":"","segment":"asset-management","name_first":"First_81575_TESTTEST","name_last":"Last_81575_TESTTEST","email_work":"automated_TESTTEST_2026-02-02_06_52_55@broadridge.com","phone_business":"999-999-9999","job_title":"Job_81575_TESTTEST","Company":"Company_81575_TESTTEST","country":"United States","comment":"This is an automated test submission. Please ignore.","id":"","so":"","di":"","ct":"","ep":"","ot":"","mt":"","yr":"","rg":"","on":"","sub-source":"","campaignMostRecentID":"","content-id":"","orig-channel":"","campaign-name":"","campaignMostRecentName":"","campaignMostRecentSource":"","campaignMostRecentMedium":"","campaignMostRecentContent":"","campaignMostRecentTerm":"","campaignMostRecentContentID":"","campaignMostRecentSubSource":"","Persistent_utm_medium":"","Persistent_utm_source":"","Persistent_utm_term":"","Persistent_utm_campaign":"","Persistent_Sub_Source":"","Persistent_Content_ID":"","Persistent_Campaign_ID":"","Persistent_utm_content":"","Session_utm_medium":"","Session_utm_source":"","Session_utm_term":"","Session_utm_campaign":"","Session_Sub_Source":"","Session_Content_ID":"","Session_Campaign_ID":"701RN00000RbnVLYAZ","Session_utm_content":"","inquiry":"","fullURL":"https://www-dev.broadridge.com/report/asset-management/tailored-shareholder-reports","page_id":"130411","page_campaign_id":"639ca36f01b0d5c80e77c6108137c4c5","ecid":"","elqCampaignId":"","Formmodel":"flyout","Pagetype":"","g-recaptcha-response":"0cAFcWeA7dO6Pr3Xm-o8mbNrOm774DEevmj38bzokbV-CvVgIB_j2ROZ2WzJzSfOLioy1PsK_m1BOFHLZzGjYoJVGlKGMqp1zRDKYPh6V2kmgufxz8mW0Eowd-wQL03Q_3h5zcUb7gRZO4PW6BcQbnHVXARKs9ZS-Tj5UztFpq5GR7JKGWkvCR9IyIXBsQGVYX7g9xq5Qcmjqdz1lwKYqxmP7Y1qavUmyP0YmkzdQlvJ4LjykG1iAjnpALxa-MVPPSsD1gHla5JkSBjJeOIAa6CWyF_WMCQXZsWFohzMFehDbEm3cBsZbSg8T5AojymqocpAhWC7mTg8cQp4rPNcoV1TXr699-fgV6EYXTLg05PQzH_BUwD549CdqGc3O3rSOZfSyYqgxM-lqfo54_PmK7tn1rURpVKGQ4cTTdQfuBoG6hHzWwEWtY4gYL5FhJ629NK1RnpQVKNA7JOSFExmX9gNnSGRp1Kei3DqaKeAs0fDeW9N4P_VZPQQ9p4QQYzqhA942-PtMUkxLiIRXYDGEYyDBa3LPnSGCtb1EIXq0GAQQGoaBqAq8YUuyVq0PSe5oHAb72czyTyYauS5yf3AnVXzyAFWE9-fNWHBMaoiWAwe2LQnvMVYDTrqSjwnFN4Oso0C7-BQk78DB_q8O2DXtBEsRqaFIczrs6bUMBlseDNQBeSbiPpxVpdLFcwsVf6kz6I0HHFCjpVdBlgo_v_wYjPdBOU8n9B1p22xqIg63X0vhu0e3ooNoWRaxjr6znrLb4Jt4R20jmJUwpptylqSiVx2o62q9U3pR2B7036x44bwxTACZ6aja4veozO_uRalFp5hGzpVc8gUPJBd6on_xLbjywgY2OBOIVoHGHFpHBaUzbLlD-Up8z7-Es-gZAtYfFN7rhoS2Ego1is5HINOq4F1UseeCnEX16r_8xRU6gZCWAG-pWT6uleHdeumIYs-3jIqTSmem1p99AN_SCpyzRMSemDw1sUlML11jRghAc0N92QhIfknG4QDBpW2dxrl3UV0IPdNlvKVRahJzCgmx7dZntYop0aOurNp0sccIHmna5a8f8s2rsDLKVIZxmjfr6bOqJJJPWS3TS40PHtKLIFDlT5pSHFSfxWj31_C1_eBHcB2sFtfhCYp1WHGHKkYDBi1HBXplf81QAp95IjPhZ_qTVK7BTQOujulCBwK2fyDlZ5kFjz1zVBuFcADKquZtEI7vF6jZFSTVTK0_n6N4k_JP3s9iv8pydj0nbYa8KA7EcuBBU9wgZwlz2atSU33SS04hhTqHcpCv44z1WlfRChppzkbFPvfbsksMcZOXmwWgB231pmQLQutoapF8JdBNb3rldQ8mKEh94MlOoqlI0WDqIa-3zhnudkKV8S_16pPSwwxQXx_PdmmOkowzmASWGRxWzQb4y5K9Xci2_LIxB1XRtmWPRC25fkh_hnnXwx0Ut7qCydqfrAd0te_7H-9smb_PpA0RRGpTvQ7kJoA9m3BwJBXglTfj3qstBHqp4mM9b80ap5sSYx1Rdw7yJCjmlc4FLiegpPFdOrmnfgW3OkZCuddmBJUo4yYoj1tXMYspMos34XukyBd54gsMh9-_azko6CbuCMl3oGOcrIEeyH0mMpfFlvV3GoYt-h_UyVRzH4P-t6ZAxZrkF2skoL1MsYat_Vg9Rwrqm_v1LTXXlN6zhZN383--CnQlpizy3lnDJIrKb7P44z-jsM9AkAN7fI_dvECBCbXZkUAdYRFramOOpFhzo9tY7pQ"}
formSubmissionId = 
fullURL = https://www-dev.broadridge.com/report/asset-management/tailored-shareholder-reports
page comparison URL = https://www-dev.broadridge.com/report/asset-management/tailored-shareholder-reports
..........!!!...Filling the form failed...!!!........
................Header Contact Us Form Filled...................
V2 ContactUs form NOT found on the bottom
V2 Download form NOT found on the bottom
]]></system-out>
    <system-err><![CDATA[SLF4J(W): No SLF4J providers were found.
SLF4J(W): Defaulting to no-operation (NOP) logger implementation
SLF4J(W): See https://www.slf4j.org/codes.html#noProviders for further details.
Feb 02, 2026 6:39:49 AM org.openqa.selenium.devtools.CdpVersionFinder findNearestMatch
WARNING: Unable to find an exact match for CDP version 144, returning the closest version; found: 140; Please update to a Selenium version that supports CDP version 144
]]></system-err>
  </testcase>
</testsuite>