<?xml version="1.0" encoding="UTF-8"?>
<testsuite xmlns:xsi="http://www.w3.org/2001/XMLSchema-instance" xsi:noNamespaceSchemaLocation="https://maven.apache.org/surefire/maven-surefire-plugin/xsd/surefire-test-report-3.0.xsd" version="3.0" name="TestSuite" time="826.306" tests="1" errors="0" skipped="0" failures="0">
  <properties>
[...]
</properties>
  <testcase name="formTest" classname="com.broadridge.Tests" time="825.679">
    <system-out><![CDATA[-------------------------------TEST STARTED--------------------------------
2026-02-16T06:41:13.376381693Z main ERROR Log4j API could not find a logging provider.
lastRow = 19
74189
header ContactUs button found = true
emailTimeStamp = automated_TESTTEST_2026-02-16_06_41_32@broadridge.com
📤 Form payload = {"formSubmissionId":"","elqFormName":"","elqSiteID":"","datalayerheader":"","contact":"","formgtm":"","elqCustomerGUID":"","elqCookieWrite":"","segment":"capital-markets","name_first":"First_74189_TESTTEST","name_last":"Last_74189_TESTTEST","email_work":"automated_TESTTEST_2026-02-16_06_41_32@broadridge.com","phone_business":"999-999-9999","job_title":"Job_74189_TESTTEST","Company":"Company_74189_TESTTEST","country":"United States","comment":"This is an automated test submission. Please ignore.","id":"","so":"","di":"","ct":"","ep":"","ot":"","mt":"","yr":"","rg":"","on":"","sub-source":"","campaignMostRecentID":"","content-id":"","orig-channel":"","campaign-name":"","campaignMostRecentName":"","campaignMostRecentSource":"","campaignMostRecentMedium":"","campaignMostRecentContent":"","campaignMostRecentTerm":"","campaignMostRecentContentID":"","campaignMostRecentSubSource":"","Persistent_utm_medium":"","Persistent_utm_source":"","Persistent_utm_term":"","Persistent_utm_campaign":"","Persistent_Sub_Source":"","Persistent_Content_ID":"","Persistent_Campaign_ID":"","Persistent_utm_content":"","Session_utm_medium":"","Session_utm_source":"","Session_utm_term":"","Session_utm_campaign":"","Session_Sub_Source":"","Session_Content_ID":"","Session_Campaign_ID":"701RN00000Rbgf7YAB","Session_utm_content":"","inquiry":"","fullURL":"https://www-dev.broadridge.com/white-paper/the-service-value-chain-how-data-management-powers-performance","page_id":"14926","page_campaign_id":"0","ecid":"","elqCampaignId":"","Formmodel":"flyout","Pagetype":"","g-recaptcha-response":"0cAFcWeA5xnyH672aDO1k1SWdQo-lzNnVItr3FKY3YhK9ThXnc_i6XEHNc0gsLSxX-wIterS7FsMhpjqP2Xy1YCm1_8bmDqJ55k4GELhwJ-Y6aPtWfeaPK3q8MG3f5xiuvF50p9q27HtO1smSYnytu_ktXSv2DQGaiJmhbCnD8cESYJP7S25l8P4Aw16jDYa2Nru7qoE6wkpTTKThs8AH4UfNGoRg8QBZYtrhcEtHODlEZJ3UNgPN0p8928d-bPTaW1YHBUTlvxlAtfa65PFRaqjiSaMMAewxgr2pWONZwCEt2gUBp4azNJ672tx-wQFoSM2s44i6jI7Kaiq7ZxWfoNa_MYPWWBl_PDst8kGS0pQgzUFG9WQf-wHpzALT5zyQjbpl-JgoqFJIJ71nQ0xH9stYMwQv6DBqw6UFWj0x8WPuUMFuVYqjpGUbaC76wNNty0X6bN0691kjdmfp8AOvYoGQWcM4YX0RJ2MulZ9YK5TGHf54Zb8bu3ZXiL260YKEqnxEzHOpFOlol2UKpnNjrRtl1Op5n3Yqv4eoe7mSjw1Rsf04y_ix9CpZdegb1j7twjs1v4qRfvEvuEumCgyN8a3Q6O_eYL-K4pziT-1OA6iSND9f9aV2BmAbnCaK2Re7pEmmDjTnP_LpnGm4Y8kIqzuLCvEhhFYvZXCNEcj813QfMikzNQSf-KxuigFPMLkFmRVc8_BMHGLfLlfSwIsIWk_g9r_tDjFdSdS8hFrVeZHeLJB0pQPQCVFb60oItnHAjUlT8j4Aw_I8BovP5W5fB1bI6Hml83bAkWrCE7dmHU2NxcfCXc9qPp7s4ps26J9JCMg3KMlH_mxGzlEVlaOs176yBQDB6O_YxnvQ_WoY42Eo5TJ0C3Azfz4C1DGyVPCflpKOr5EjmyYt7pfrr_zCXnViTilOtyX4MX8cVMZUT5Tx17a3LFvncrYwPcGB402_B6nMHgxSTk1UkCfERDozH84qOxi0JzYZ9VO-ddIL4Bh4yXCw3CQ1EqQ7ZZ6dA1PugaCscejdd5PsHJakd9lleqY-peEHM5fd1GyQmzjJ4EcLS4qdjyqlLy8f07sWUYYjRZRSts9Vf5tFuYDXhf9CP2q0YZbEHs8JOmCnuVD1weGctYjaJaj-K1XG4nVrSvBxG3FjyeoniOztkGgJ0gJxZFA2Bt6Vxjau6QtSZrnGooxwqlVYY6iLrzEwNUJtxIYCZUoczFbTHdFeRoAiycyMfZBOfutdzv6dd_Twh6tNlf6Amwy3DpuKRMQDfFx9ZCheJH4On3E3HHFPATQJ_oG0I6EKA9AQPkDwOWz0ggDVlPC-smXcM-_2DoaTUa5HqacLwXXBFa8VHGECNdXJVbvLQ4xKWuQe0tp6E7yXcbrVXLcUpl_SmZhpKyOxy2H1EEXOy92qKk2GuYQbtB-XJg372Y-4_BwMtW-ag3R1elSFfRZ0z1Kyjxl1lykdaHAMHQuEAOyrtbGgpHS0VkmLxqDk8ZNvRyj9ODBHzD8TJTlr3-mh266kHV6wdfq5Fu_xO0LhPPLsqyDT_Bg03qe6MbCnB5qtsV6i6EEFxuA-l7ufKQy-WO1OE_HcrS0GPjgz2k3ROUdT98Lk8SEcvelSXL6B6-j7BG1uqQDMlrtCkAfjUs1f9pq4aWpOqXizUa6woX4Csbd0K_Q5tcEWT8lzouc39ChjT2cJy1xxxgPt_E9F9yu7Hz3-ShHKX4jZeYnylpxTb99EQOARJt4Y_jvCVDrPp82pAfz3Iub5X-Yz9okHWF297LGPGytmdzeXjkgt0mVYuk4cJUocDJYQB6A6PasgK4CofzTmXepw6FgWuUAEC1UpbYWMnKb04fl7kEBnrBwXHO3tOqGb5Cb2OQkkq3RN5TT7B_MaL9mI4PORM8TdxvLToEsCuAoT5mmkS5gaqgxZi0lQyIZXVl1yEjYmdUjZRmyT9gwFw6SVJfAVuRxLpYsLAxMvyNLvtqLzKfmbMXM_mVffHMYjaseHjZTPhDj_aM-RRJbUwjS5BhjV5Pq8-F8PWFOC3r15pPu-Dmn-DoCciWgzETB1pkrTzfZsanX2z__379AQtFAAGBBf5SnoLH1hIr1RUnZxdRy81HZ4sKFsmcopx2wx6HzqenaPIdba8pLmi5ApMPoldovX0-2PaHAmLf4-iLuc9F0vQRndU3FXgIHpGnOxVWzwwaBURWZxIIc6u-V0np0vIulfZEFrDCLrnplVlHk1-BX_EM7Pm8wwg8OXfEjXL5TRa5CLgZoEe3Itu0gxGtPV6pd6WFDakOQ2ZZyCYA1UbbwIM8TGrzJEvdMgb5QZv5U1rdahcCJQzZw1w8die2iEbToPGmNtCbXwi05GAzXqpkgLvWUKsWl9EYj58hWv-pS2AUVE5am7J6jLzj-AObjnNkA"}
form message = Something went wrong with our form submission. Please try again.
formpayload for validation = {"formSubmissionId":"","elqFormName":"","elqSiteID":"","datalayerheader":"","contact":"","formgtm":"","elqCustomerGUID":"","elqCookieWrite":"","segment":"capital-markets","name_first":"First_74189_TESTTEST","name_last":"Last_74189_TESTTEST","email_work":"automated_TESTTEST_2026-02-16_06_41_32@broadridge.com","phone_business":"999-999-9999","job_title":"Job_74189_TESTTEST","Company":"Company_74189_TESTTEST","country":"United States","comment":"This is an automated test submission. Please ignore.","id":"","so":"","di":"","ct":"","ep":"","ot":"","mt":"","yr":"","rg":"","on":"","sub-source":"","campaignMostRecentID":"","content-id":"","orig-channel":"","campaign-name":"","campaignMostRecentName":"","campaignMostRecentSource":"","campaignMostRecentMedium":"","campaignMostRecentContent":"","campaignMostRecentTerm":"","campaignMostRecentContentID":"","campaignMostRecentSubSource":"","Persistent_utm_medium":"","Persistent_utm_source":"","Persistent_utm_term":"","Persistent_utm_campaign":"","Persistent_Sub_Source":"","Persistent_Content_ID":"","Persistent_Campaign_ID":"","Persistent_utm_content":"","Session_utm_medium":"","Session_utm_source":"","Session_utm_term":"","Session_utm_campaign":"","Session_Sub_Source":"","Session_Content_ID":"","Session_Campaign_ID":"701RN00000Rbgf7YAB","Session_utm_content":"","inquiry":"","fullURL":"https://www-dev.broadridge.com/white-paper/the-service-value-chain-how-data-management-powers-performance","page_id":"14926","page_campaign_id":"0","ecid":"","elqCampaignId":"","Formmodel":"flyout","Pagetype":"","g-recaptcha-response":"0cAFcWeA5xnyH672aDO1k1SWdQo-lzNnVItr3FKY3YhK9ThXnc_i6XEHNc0gsLSxX-wIterS7FsMhpjqP2Xy1YCm1_8bmDqJ55k4GELhwJ-Y6aPtWfeaPK3q8MG3f5xiuvF50p9q27HtO1smSYnytu_ktXSv2DQGaiJmhbCnD8cESYJP7S25l8P4Aw16jDYa2Nru7qoE6wkpTTKThs8AH4UfNGoRg8QBZYtrhcEtHODlEZJ3UNgPN0p8928d-bPTaW1YHBUTlvxlAtfa65PFRaqjiSaMMAewxgr2pWONZwCEt2gUBp4azNJ672tx-wQFoSM2s44i6jI7Kaiq7ZxWfoNa_MYPWWBl_PDst8kGS0pQgzUFG9WQf-wHpzALT5zyQjbpl-JgoqFJIJ71nQ0xH9stYMwQv6DBqw6UFWj0x8WPuUMFuVYqjpGUbaC76wNNty0X6bN0691kjdmfp8AOvYoGQWcM4YX0RJ2MulZ9YK5TGHf54Zb8bu3ZXiL260YKEqnxEzHOpFOlol2UKpnNjrRtl1Op5n3Yqv4eoe7mSjw1Rsf04y_ix9CpZdegb1j7twjs1v4qRfvEvuEumCgyN8a3Q6O_eYL-K4pziT-1OA6iSND9f9aV2BmAbnCaK2Re7pEmmDjTnP_LpnGm4Y8kIqzuLCvEhhFYvZXCNEcj813QfMikzNQSf-KxuigFPMLkFmRVc8_BMHGLfLlfSwIsIWk_g9r_tDjFdSdS8hFrVeZHeLJB0pQPQCVFb60oItnHAjUlT8j4Aw_I8BovP5W5fB1bI6Hml83bAkWrCE7dmHU2NxcfCXc9qPp7s4ps26J9JCMg3KMlH_mxGzlEVlaOs176yBQDB6O_YxnvQ_WoY42Eo5TJ0C3Azfz4C1DGyVPCflpKOr5EjmyYt7pfrr_zCXnViTilOtyX4MX8cVMZUT5Tx17a3LFvncrYwPcGB402_B6nMHgxSTk1UkCfERDozH84qOxi0JzYZ9VO-ddIL4Bh4yXCw3CQ1EqQ7ZZ6dA1PugaCscejdd5PsHJakd9lleqY-peEHM5fd1GyQmzjJ4EcLS4qdjyqlLy8f07sWUYYjRZRSts9Vf5tFuYDXhf9CP2q0YZbEHs8JOmCnuVD1weGctYjaJaj-K1XG4nVrSvBxG3FjyeoniOztkGgJ0gJxZFA2Bt6Vxjau6QtSZrnGooxwqlVYY6iLrzEwNUJtxIYCZUoczFbTHdFeRoAiycyMfZBOfutdzv6dd_Twh6tNlf6Amwy3DpuKRMQDfFx9ZCheJH4On3E3HHFPATQJ_oG0I6EKA9AQPkDwOWz0ggDVlPC-smXcM-_2DoaTUa5HqacLwXXBFa8VHGECNdXJVbvLQ4xKWuQe0tp6E7yXcbrVXLcUpl_SmZhpKyOxy2H1EEXOy92qKk2GuYQbtB-XJg372Y-4_BwMtW-ag3R1elSFfRZ0z1Kyjxl1lykdaHAMHQuEAOyrtbGgpHS0VkmLxqDk8ZNvRyj9ODBHzD8TJTlr3-mh266kHV6wdfq5Fu_xO0LhPPLsqyDT_Bg03qe6MbCnB5qtsV6i6EEFxuA-l7ufKQy-WO1OE_HcrS0GPjgz2k3ROUdT98Lk8SEcvelSXL6B6-j7BG1uqQDMlrtCkAfjUs1f9pq4aWpOqXizUa6woX4Csbd0K_Q5tcEWT8lzouc39ChjT2cJy1xxxgPt_E9F9yu7Hz3-ShHKX4jZeYnylpxTb99EQOARJt4Y_jvCVDrPp82pAfz3Iub5X-Yz9okHWF297LGPGytmdzeXjkgt0mVYuk4cJUocDJYQB6A6PasgK4CofzTmXepw6FgWuUAEC1UpbYWMnKb04fl7kEBnrBwXHO3tOqGb5Cb2OQkkq3RN5TT7B_MaL9mI4PORM8TdxvLToEsCuAoT5mmkS5gaqgxZi0lQyIZXVl1yEjYmdUjZRmyT9gwFw6SVJfAVuRxLpYsLAxMvyNLvtqLzKfmbMXM_mVffHMYjaseHjZTPhDj_aM-RRJbUwjS5BhjV5Pq8-F8PWFOC3r15pPu-Dmn-DoCciWgzETB1pkrTzfZsanX2z__379AQtFAAGBBf5SnoLH1hIr1RUnZxdRy81HZ4sKFsmcopx2wx6HzqenaPIdba8pLmi5ApMPoldovX0-2PaHAmLf4-iLuc9F0vQRndU3FXgIHpGnOxVWzwwaBURWZxIIc6u-V0np0vIulfZEFrDCLrnplVlHk1-BX_EM7Pm8wwg8OXfEjXL5TRa5CLgZoEe3Itu0gxGtPV6pd6WFDakOQ2ZZyCYA1UbbwIM8TGrzJEvdMgb5QZv5U1rdahcCJQzZw1w8die2iEbToPGmNtCbXwi05GAzXqpkgLvWUKsWl9EYj58hWv-pS2AUVE5am7J6jLzj-AObjnNkA"}
formSubmissionId = 
fullURL = https://www-dev.broadridge.com/white-paper/the-service-value-chain-how-data-management-powers-performance
page comparison URL = https://www-dev.broadridge.com/white-paper/the-service-value-chain-how-data-management-powers-performance
..........!!!...Filling the form failed...!!!........
................Header Contact Us Form Filled...................
V2 ContactUs form NOT found on the bottom
V2 Download form NOT found on the bottom
no cookie button
header ContactUs button found = true
emailTimeStamp = automated_TESTTEST_2026-02-16_06_42_13@broadridge.com
📤 Form payload = {"formSubmissionId":"BRG1EW4BT-1771224135514","elqFormName":"","elqSiteID":"","datalayerheader":"","contact":"","formgtm":"","elqCustomerGUID":"","elqCookieWrite":"","segment":"","name_first":"First_74189_TESTTEST","name_last":"Last_74189_TESTTEST","email_work":"automated_TESTTEST_2026-02-16_06_42_13@broadridge.com","phone_business":"999-999-9999","job_title":"Job_74189_TESTTEST","Company":"Company_74189_TESTTEST","country":"United States","comment":"This is an automated test submission.  Please ignore.","id":"","so":"","di":"","ct":"","ep":"","ot":"","mt":"","yr":"","rg":"","on":"","sub-source":"","campaignMostRecentID":"","content-id":"","orig-channel":"","campaign-name":"","campaignMostRecentName":"","campaignMostRecentSource":"","campaignMostRecentMedium":"","campaignMostRecentContent":"","campaignMostRecentTerm":"","campaignMostRecentContentID":"","campaignMostRecentSubSource":"","Persistent_utm_medium":"","Persistent_utm_source":"","Persistent_utm_term":"","Persistent_utm_campaign":"","Persistent_Sub_Source":"","Persistent_Content_ID":"","Persistent_Campaign_ID":"","Persistent_utm_content":"","Session_utm_medium":"","Session_utm_source":"","Session_utm_term":"","Session_utm_campaign":"","Session_Sub_Source":"","Session_Content_ID":"","Session_Campaign_ID":"701RN00000Rbgf7YAB","Session_utm_content":"","inquiry":"Gen Enq","fullURL":"https://www-dev.broadridge.com/capability/governance-and-regulatory-compliance/proxy-services/issuer-proxy","page_id":"182853","page_campaign_id":"0","ecid":"","elqCampaignId":"","Formmodel":"flyout","Pagetype":"Products","g-recaptcha-response":"0cAFcWeA4-VvKbwOA4VdkM9hNiNFwj7nvhWi4APT8_AaOG2PfY-64ZqSR4zTEko6-CQJrLVFR_JZB47vzdb-naifavZPJJwayhwwZ7sAQqlJTqcnPSn4GwGF3RBqMhkM2L-aswHREf1IWggCk0yVtKp2p5bYHK7qPrcp-bEvb9QcpwIZ_G_uDNY833QLv_mBVTYP_Drs8Dt0RmNa3h4QBn2lh-9Y04cXRlH0Fuwhy1J8qJ-upREukOhRD61ndDTZ39LAWTRj26aUOBwLgFKAu30X1wEM-uLiUMryRQRiaa53WUKmvNDufApS8TXrZS7DnPO92EgLF8c5ge7fsfwlSm_o_IQOghc7AtTynv9rZglSS3UAFqa4_97ElEzGiN_hQk5_Cd0FXF-6JMk3n5tVEYHrlp1BitMck89CYr1SDt-ui_-o-XC-1wQ5VWQgm8CrW-ktvM7yeaMGMxX6rvsojQIG847VJyU_dcYO62IGYlYaoyd95sawpX7ifZFWoDSfPNOrTKV3bW1_p6JWTBBioS0wyZkJmYicyYN2et7RKlpyYcIQf7Gbh9x2HOMMfVcqpRiCwusnA5iX_Fmdtb7EQS6IxyIcjWzzZe2NA3Bsdy7JarTnF6ipS_TeXQbTZt2eeEAXh6xEw-vsY1lyxMKrTcRJm6qQPhcuwqnltSLNWrrOcJfVWvmo7PXHWc5OGgTa75e8uVjB8N6RUeknP5-YMfqmogPMdjbNvvCSk-vYvQdggszxVxlVSV5_A_9KiU_PN3ybygcFuB1jhEKBkQ0X6ZeuTPK08moZaeiqh3Odl9aKgF6qLlznK2a_8IE9Jbk8ykxlLnlB9VRnm1OYMoyb9426do3ybnT8DSs6_qMR9pMq8SMOK1wS8dSFcQ_SCgQs8ZHJTGAiuX8XRZG8uMS2fZEyiEgdQumgCTz8rZToF6aPWgmEsH6pPEGBZLpZCVVzZEGO5kqdkcJTU61lqBJm5K9a6cpIGYcRajZzXwiegEDNks229T7hfec0AZYoBepy9j-4ziEX73uWLaFLGGT7W_IBKX0sIRRqRleNX8v5tVGyqRRnWzepAt3JTIvh3fqNWOZ_F1vbiNoBVmGvl76egM9zmuzVNxlRmdSXuAZ2QrEBAMblnkQdakLoM3zc7DqOzynMJN4jtDoWJYlPI3rLokLGEiPMEHDEvOkwhNrlQzXjYpb4en8pybAV08vEmTPocR4-nWuXNcdtzKZo5cNoSLB_3P0mr0Qwr6-0GQfOaCUPwVSU6LDHVpBf1q8fkyzKM_Ktne8--BPVPiFlyJs13i5iOVYJcS2KgxsgmGHwOiEEur7wUWt8eZg4peaWSf_hu6DPuPrTJdNwGiPqHqjQ_AHGXGcDnqJhbh262SlqwA2Ak8vBKz3Vs5Cm_2BA1DY6vWF1NkLRIIp-_wjRSfPyfI6X3Tq6748bCYW1PKeggO1q8lV2Apr3gSoJsJUn392QkZ6YuPF_AJCe0NJnXuZibgjvYIgf4HJk1ZJ1SJJGseFvMB4FUO8KwH0Z4Fq8GZ502o54M2SZrd6k16FNJAfTnrh9x86_zvCfENthInbMRhFPkvxKhRlN9ksD7GlPlovWzYGMflIYoZW_DmzNEDbNkiVirqAEAHn5tO_-7lHNsSjkC8H9YyIaTqVba9QgZ6FyWbTMr1ZVgYTFjj7ZMwl7uitTFcjQl-r8dmT4-yDGVzsZZCxh7BqlTbFUVOCW7Yuu_eBltVCHBjIiqel9lA-7UqD_NEisuUEvetm9X4KIhv8fg6X8VcdJu_RV-sGNDxh88M17y3JgwVBDfSfO0tYEFejf-8hA4j282rZnWOQrRPR2E9z1_W06xMx2XSdRc2OGMLVRgyimHsAm_3joesYnaxL3Ko_xOMH1YEiekvAe566UQm5nSGQ_z9tc19tY-PJEA-v9JHoN_x30tBT16o__MWsOmAHbngLPJEKvqHa0Ig6Udbj4mEMBNZJKvokn6CrhcrYzvtYmbbMpIUI_UScWrIZvyXvqkMbHZhIlIgjBYFnstN6RZRaAGjZifN6BDvZtOYwtOElP6yNKE6P_fWUny2WCRU4uEE3_WNnxhXb-u8dX0QCuy7LEifhgGWGCU0xkaIBmKlsaTCiXeFambL0W07N0B1TbokwUHA2RZqxoSDQhtkQpRBCHyKy3lDSSZVnRYs4fFLYJy2A3Df86kBOYk0CI-EBb6sPn4JTbl3fKTYmR9FxgwonnMoOVbF-4TzHb2SDBVpiia5hTNM20h-GtWa_vrFwa52WGdrCqnbozz9zqiKdOw-VMVZcqZa1K8HGdreFMBDiI8xW8ZqkWQ_TKXEdT3O6qRvzFHN7RwqCxrqZrnz0yP9YESDoWTXK5dfhbN0JILLopSiFwPN"}
📤 Form payload = {"formSubmissionId":"BRF1BWKDI-1771224135664","elqFormName":"","elqSiteID":"","datalayerheader":"","contact":"","formgtm":"","elqCustomerGUID":"","elqCookieWrite":"","segment":"","name_first":"First_74189_TESTTEST","name_last":"Last_74189_TESTTEST","email_work":"automated_TESTTEST_2026-02-16_06_42_13@broadridge.com","phone_business":"999-999-9999","job_title":"Job_74189_TESTTEST","Company":"Company_74189_TESTTEST","country":"United States","comment":"This is an automated test submission.  Please ignore.","id":"","so":"","di":"","ct":"","ep":"","ot":"","mt":"","yr":"","rg":"","on":"","sub-source":"","campaignMostRecentID":"","content-id":"","orig-channel":"","campaign-name":"","campaignMostRecentName":"","campaignMostRecentSource":"","campaignMostRecentMedium":"","campaignMostRecentContent":"","campaignMostRecentTerm":"","campaignMostRecentContentID":"","campaignMostRecentSubSource":"","Persistent_utm_medium":"","Persistent_utm_source":"","Persistent_utm_term":"","Persistent_utm_campaign":"","Persistent_Sub_Source":"","Persistent_Content_ID":"","Persistent_Campaign_ID":"","Persistent_utm_content":"","Session_utm_medium":"","Session_utm_source":"","Session_utm_term":"","Session_utm_campaign":"","Session_Sub_Source":"","Session_Content_ID":"","Session_Campaign_ID":"701RN00000Rbgf7YAB","Session_utm_content":"","inquiry":"Gen Enq","fullURL":"https://www-dev.broadridge.com/capability/governance-and-regulatory-compliance/proxy-services/issuer-proxy","page_id":"182853","page_campaign_id":"0","ecid":"","elqCampaignId":"","Formmodel":"flyout","Pagetype":"Products","g-recaptcha-response":"0cAFcWeA4HXID_5Rvoi_Eda1wVfti57Gj-WrJ7lOivcAj58dUIhUVk_sy2sQ_wWk_M27YoGLl219CZC3pyK1V4U4V8T1E-TGfyoVXYeV3ieyx3KQHxSPrmA4OFrndNAM5KcZX_gWgGMbySoVDk-AikDMdx1HD_vUFC1YtxFfWtcwnLh1MfmPAiy0ikX87dk_ZWrn4PIK-tITZFJd_mfRyMqQVNDkoiJ4b9J7OrSTLR79nNChs4ptmyyOAhPC_ZrLasSfAN7rOG8cuZYVdwPeXZJqd_8hnv4TsraTcgD9OLMIPoFPA3Xl530K5GmcOPEKHBGsKvT5oqFL67Ae2lu1OrzDMNqDIrPQwqYFZ206SRvyA63jIBYUSjdAhYSJ9RQlpQsi7tQ2X0OXpKje1AeTUgD9QX_UR-B30e0pm-a3rvgfVzt3W0Eqy1aPvyLcTuVZA6AzhmIj7W6K7dCvZPc3b-A639PzLm8f_rIiolXK2I6eqFEWhfnNlTZCXhOLM3fQ9s34uOiyzneWAr2Qf3rZFlEOvjIK8DOmkpt69zhw10NAOXMdwpf8bpzurgDnLVmnwep1nnPKA8cTGZlKRGy0Z5dn6L5wOdDIKSPs8e-CHa8n1tvIMnPbFCMQrQ8B3gSO_hT3GxdzBvwEzGmG9Vah4bTxBXKy9y4jBdqXJjfnNTKxmreadE9obv8DI-gv1ilJXJZY19OJaWURCUw6NL5hLSqXvckF0XlTqeA372oESg1GsrwHGFpdafqLzVV8QvrSlYuPCgzlDUEVDTxCzkUOukot0rL7LODYr3Zjh7_5SG-edL3jiZ4ApowN73K2LEIVZTRRtcSyWcrIvClEgXfAT4irsY4qUI7Rp82bngHC8vqY5ofAYEVm8JJcCvZZOvnzeFw9zEAemdTOppcd_8OERB07U4YisiJfggBCSMCD5S_hD4S4yIe_R29capLjlSQDMannTW4ATiU77o_yrA1D0PwBjZULHn_9dHqk2VT7I0Ze7TxEcoSciFotlehKyAw7EMwqSSPP1J_VZ6Am6DCxFL1EkOyaVa-xIhCx2mqvFthCvihT_a8f6Y6f5cNjg4X8CT30k7NG4O3G7bruhRsQDXrdpeZOFgDo-9UEVfEOGwZ35PGe8hgIa3tU5GCDn-fVRNUgaEZ1nHvtFueRQ_LceV0U0ubQtUpRd3qR-9Xy4oscjN0-BDnKYWjXf9qRrao5ZteJh1BUpZRkVB-XTAAPynXrx-upNUAdo1txzK_gVaQpvyWLpRWSpwyY70kWt_zdcN-zzd3DJJDNyzxmr9hw2Dg18dtYo0RIomfX_c6Rt7n8uyTT07GbnBmebecaucwQmb7TsjeTAMEb0suMSvDk1j_kPsHndzsHq6EgPxUQ8Q1r7-KjUzAtH1Ywfh8UythPvxhvF8YBufqO57Z_7p1ikWwZxtZHkwK5sY7eQVzeiCel9KB3ZFJlMYEpbPtUyoxbXdxdro5TUOzJ6IJdtVxmTQgFlQJZ2j6BJOVa_GGizq5vQTtzFdSSm8DA79g3pTHhEn0C9rEcZpgNOS0hZ4yAXfAYWFkxmKLcytPSArendJlVdP8FdCSz56t0UFUR6Pv8C2ZPHCh1-xSJpGDS9eAFBEmuBUZRSiFEvVaiScLdF5wh1n2hjwWtFbGJzFyK2Mv9KBAE9trfb0-qKdGNfsGE8SzaoJhVFC9y8lecrdCe0HADNbuDpqdbQfuFSuXVAw7y1x0tVSkC5gXKpGsKtK3iziGNIAgYrnNwzHg1eEIeRnMmIQv5OrbAXhLeMDuEStRFC-rlMfpLM20z_qlTv1gM34dDiG24eeyFWZjBW0tq-HAgeKVTCvsNfcsVHhHW2LAVPeHQehzmvAovNnq0xygehTy1uHtxF0mhvJuOd-0snHhNSgy8f628aXGeCGxX-chGCWeinek76fzkryLCgv5KGHs3jhKh9vbG7IQNxuWhpsqz0tpZy9Km80lwEYs77yV1f27qcoViBLenjoN32AKq-uikAjLLp9oGNsm3taSfDYSBCL3NdHUj14wvecwGuvc41esTVOFpKMaDMzV4y3yjvfy96FUjTaCMzUmLcFuR43EOGKMSPrTyPrM6pwt7JmSujQ1yfcKOoVRAOTK6FpIhKPx4sGSeShO1SZ9myyLSYXaMj5teT8_8W4rjuYIjzyP5VkVFrwEywCbbzYwrTdceRTZBnOEWA1Ys_j36P3q9rChZ9aIUshk9AfNH-MJbDRLQe99FAy1KDZr3gXGRbehGAelrNOZr16ToYs75BTaNdCUHEqzvPhTPn415Viwo-xb0EXJrAOfZf6Px9DY3Gr119XsP35ujfaJaOipr4wRzay0xur8h0QfMmVRd4"}
form message = Thank you for your interest in Broadridge.
A representative will contact you within 24 business hours.
formpayload for validation = {"formSubmissionId":"BRF1BWKDI-1771224135664","elqFormName":"","elqSiteID":"","datalayerheader":"","contact":"","formgtm":"","elqCustomerGUID":"","elqCookieWrite":"","segment":"","name_first":"First_74189_TESTTEST","name_last":"Last_74189_TESTTEST","email_work":"automated_TESTTEST_2026-02-16_06_42_13@broadridge.com","phone_business":"999-999-9999","job_title":"Job_74189_TESTTEST","Company":"Company_74189_TESTTEST","country":"United States","comment":"This is an automated test submission.  Please ignore.","id":"","so":"","di":"","ct":"","ep":"","ot":"","mt":"","yr":"","rg":"","on":"","sub-source":"","campaignMostRecentID":"","content-id":"","orig-channel":"","campaign-name":"","campaignMostRecentName":"","campaignMostRecentSource":"","campaignMostRecentMedium":"","campaignMostRecentContent":"","campaignMostRecentTerm":"","campaignMostRecentContentID":"","campaignMostRecentSubSource":"","Persistent_utm_medium":"","Persistent_utm_source":"","Persistent_utm_term":"","Persistent_utm_campaign":"","Persistent_Sub_Source":"","Persistent_Content_ID":"","Persistent_Campaign_ID":"","Persistent_utm_content":"","Session_utm_medium":"","Session_utm_source":"","Session_utm_term":"","Session_utm_campaign":"","Session_Sub_Source":"","Session_Content_ID":"","Session_Campaign_ID":"701RN00000Rbgf7YAB","Session_utm_content":"","inquiry":"Gen Enq","fullURL":"https://www-dev.broadridge.com/capability/governance-and-regulatory-compliance/proxy-services/issuer-proxy","page_id":"182853","page_campaign_id":"0","ecid":"","elqCampaignId":"","Formmodel":"flyout","Pagetype":"Products","g-recaptcha-response":"0cAFcWeA4HXID_5Rvoi_Eda1wVfti57Gj-WrJ7lOivcAj58dUIhUVk_sy2sQ_wWk_M27YoGLl219CZC3pyK1V4U4V8T1E-TGfyoVXYeV3ieyx3KQHxSPrmA4OFrndNAM5KcZX_gWgGMbySoVDk-AikDMdx1HD_vUFC1YtxFfWtcwnLh1MfmPAiy0ikX87dk_ZWrn4PIK-tITZFJd_mfRyMqQVNDkoiJ4b9J7OrSTLR79nNChs4ptmyyOAhPC_ZrLasSfAN7rOG8cuZYVdwPeXZJqd_8hnv4TsraTcgD9OLMIPoFPA3Xl530K5GmcOPEKHBGsKvT5oqFL67Ae2lu1OrzDMNqDIrPQwqYFZ206SRvyA63jIBYUSjdAhYSJ9RQlpQsi7tQ2X0OXpKje1AeTUgD9QX_UR-B30e0pm-a3rvgfVzt3W0Eqy1aPvyLcTuVZA6AzhmIj7W6K7dCvZPc3b-A639PzLm8f_rIiolXK2I6eqFEWhfnNlTZCXhOLM3fQ9s34uOiyzneWAr2Qf3rZFlEOvjIK8DOmkpt69zhw10NAOXMdwpf8bpzurgDnLVmnwep1nnPKA8cTGZlKRGy0Z5dn6L5wOdDIKSPs8e-CHa8n1tvIMnPbFCMQrQ8B3gSO_hT3GxdzBvwEzGmG9Vah4bTxBXKy9y4jBdqXJjfnNTKxmreadE9obv8DI-gv1ilJXJZY19OJaWURCUw6NL5hLSqXvckF0XlTqeA372oESg1GsrwHGFpdafqLzVV8QvrSlYuPCgzlDUEVDTxCzkUOukot0rL7LODYr3Zjh7_5SG-edL3jiZ4ApowN73K2LEIVZTRRtcSyWcrIvClEgXfAT4irsY4qUI7Rp82bngHC8vqY5ofAYEVm8JJcCvZZOvnzeFw9zEAemdTOppcd_8OERB07U4YisiJfggBCSMCD5S_hD4S4yIe_R29capLjlSQDMannTW4ATiU77o_yrA1D0PwBjZULHn_9dHqk2VT7I0Ze7TxEcoSciFotlehKyAw7EMwqSSPP1J_VZ6Am6DCxFL1EkOyaVa-xIhCx2mqvFthCvihT_a8f6Y6f5cNjg4X8CT30k7NG4O3G7bruhRsQDXrdpeZOFgDo-9UEVfEOGwZ35PGe8hgIa3tU5GCDn-fVRNUgaEZ1nHvtFueRQ_LceV0U0ubQtUpRd3qR-9Xy4oscjN0-BDnKYWjXf9qRrao5ZteJh1BUpZRkVB-XTAAPynXrx-upNUAdo1txzK_gVaQpvyWLpRWSpwyY70kWt_zdcN-zzd3DJJDNyzxmr9hw2Dg18dtYo0RIomfX_c6Rt7n8uyTT07GbnBmebecaucwQmb7TsjeTAMEb0suMSvDk1j_kPsHndzsHq6EgPxUQ8Q1r7-KjUzAtH1Ywfh8UythPvxhvF8YBufqO57Z_7p1ikWwZxtZHkwK5sY7eQVzeiCel9KB3ZFJlMYEpbPtUyoxbXdxdro5TUOzJ6IJdtVxmTQgFlQJZ2j6BJOVa_GGizq5vQTtzFdSSm8DA79g3pTHhEn0C9rEcZpgNOS0hZ4yAXfAYWFkxmKLcytPSArendJlVdP8FdCSz56t0UFUR6Pv8C2ZPHCh1-xSJpGDS9eAFBEmuBUZRSiFEvVaiScLdF5wh1n2hjwWtFbGJzFyK2Mv9KBAE9trfb0-qKdGNfsGE8SzaoJhVFC9y8lecrdCe0HADNbuDpqdbQfuFSuXVAw7y1x0tVSkC5gXKpGsKtK3iziGNIAgYrnNwzHg1eEIeRnMmIQv5OrbAXhLeMDuEStRFC-rlMfpLM20z_qlTv1gM34dDiG24eeyFWZjBW0tq-HAgeKVTCvsNfcsVHhHW2LAVPeHQehzmvAovNnq0xygehTy1uHtxF0mhvJuOd-0snHhNSgy8f628aXGeCGxX-chGCWeinek76fzkryLCgv5KGHs3jhKh9vbG7IQNxuWhpsqz0tpZy9Km80lwEYs77yV1f27qcoViBLenjoN32AKq-uikAjLLp9oGNsm3taSfDYSBCL3NdHUj14wvecwGuvc41esTVOFpKMaDMzV4y3yjvfy96FUjTaCMzUmLcFuR43EOGKMSPrTyPrM6pwt7JmSujQ1yfcKOoVRAOTK6FpIhKPx4sGSeShO1SZ9myyLSYXaMj5teT8_8W4rjuYIjzyP5VkVFrwEywCbbzYwrTdceRTZBnOEWA1Ys_j36P3q9rChZ9aIUshk9AfNH-MJbDRLQe99FAy1KDZr3gXGRbehGAelrNOZr16ToYs75BTaNdCUHEqzvPhTPn415Viwo-xb0EXJrAOfZf6Px9DY3Gr119XsP35ujfaJaOipr4wRzay0xur8h0QfMmVRd4"}
formSubmissionId = BRF1BWKDI-1771224135664
fullURL = https://www-dev.broadridge.com/capability/governance-and-regulatory-compliance/proxy-services/issuer-proxy
page comparison URL = https://www-dev.broadridge.com/financial-services/corporate-issuer/issuer/simplify-the-annual-meeting-process/interactive-online-document-management
..........!!!...Filling the form failed...!!!........
................Header Contact Us Form Filled...................
v2 ContactUs form found on the bottom = false
V2 ContactUs form NOT found on the bottom
V2 Download form NOT found on the bottom
no cookie button
header ContactUs button found = true
emailTimeStamp = automated_TESTTEST_2026-02-16_06_42_55@broadridge.com
📤 Form payload = {"formSubmissionId":"BR0PRF05N-1771224177349","elqFormName":"","elqSiteID":"","datalayerheader":"","contact":"","formgtm":"","elqCustomerGUID":"","elqCookieWrite":"","segment":"","name_first":"First_74189_TESTTEST","name_last":"Last_74189_TESTTEST","email_work":"automated_TESTTEST_2026-02-16_06_42_55@broadridge.com","phone_business":"999-999-9999","job_title":"Job_74189_TESTTEST","Company":"Company_74189_TESTTEST","country":"United States","comment":"This is an automated test submission.  Please ignore.","id":"","so":"","di":"","ct":"","ep":"","ot":"","mt":"","yr":"","rg":"","on":"","sub-source":"","campaignMostRecentID":"","content-id":"","orig-channel":"","campaign-name":"","campaignMostRecentName":"","campaignMostRecentSource":"","campaignMostRecentMedium":"","campaignMostRecentContent":"","campaignMostRecentTerm":"","campaignMostRecentContentID":"","campaignMostRecentSubSource":"","Persistent_utm_medium":"","Persistent_utm_source":"","Persistent_utm_term":"","Persistent_utm_campaign":"","Persistent_Sub_Source":"","Persistent_Content_ID":"","Persistent_Campaign_ID":"","Persistent_utm_content":"","Session_utm_medium":"","Session_utm_source":"","Session_utm_term":"","Session_utm_campaign":"","Session_Sub_Source":"","Session_Content_ID":"","Session_Campaign_ID":"701RN00000Rbgf7YAB","Session_utm_content":"","inquiry":"Gen Enq","fullURL":"https://www-dev.broadridge.com/capability/governance-and-regulatory-compliance/proxy-services/issuer-proxy","page_id":"182853","page_campaign_id":"0","ecid":"","elqCampaignId":"","Formmodel":"flyout","Pagetype":"Products","g-recaptcha-response":"0cAFcWeA5D2N281EbLHmVARNfHkC50li2I2B2KMcbxsUcs1y3-Rodjj0PM39poHTONAnw-6GkkUQlzjhsjeFXQPGvWaXAxC8CpcGaV62GfqSTTKlAxTqRtBfdT2V70VARbO-0wsPzAsHENXQ0kATC7ouj0Gg1ejrqIQH2yy4Rb1-cn2z5x5ia4A0XGEQAwhr_kTGd1M7jKlxJURtJz7ykrdEykd1d3F784lf1Hc_FHj0Hy78c0FguTlT_By6sVVQK6a4wOGJ7oJ0sZL9wOihAA0l6v6xHRYNhmPQ5n8dxj-gJkB0kOoJngQEDkVTuHMKFCSfmb7Re2AsIocTVxFUvANWuMep6W5ECFvMWHJF07oO4o8B_j2XKuDLnWv13Ln24KupHAIuslHkZtY2A3QCYlmTnC92-AWO8i8bqaQv3mnJsInCX75KsL471OmB8zPwzWhftSc9EZ96LUN-DrVm5P5lJX9Mi3kSoS-p-AnnjA2LJQKOgkba3Kruq9I9xq1H-XItwRrN7T67MSRGVOKmVp8-nmNfvnZKS1CZxb1CTGPgEuhjrqO-8xZeXsHOnq9wiN05yvkPBwyVjg_x-DKY58dwqsPEyzZf2w59cnHbnBbHrwvxijTW8nbcdWB94jZgS-7SqbqiTaWRv6Zhg2OWgYQPjXPmpaWGD4trvc0_FIshHeIN6E-YmOrHO1jdjNZhZypTFw6i9o-b74PZG82oBvdLQdHPauR8sLmUKHpl0P9tWG-p4jHQNgy1yu3pVTMoQxqDp-q7e90G3sfYutFSfC_y-egaRy8EorpUYDUr5LfAickZupXt3akULtUZmXfghgE9eyC3t8OUmpzYqWQ_QL3oMLd0Rou-JpbgUWRVYRlBGwJu7CuHf7XhXYvtWncXCaJxT5vwWwhneYnXCGSMow8sMGsyg72P94ufetrR_mkY292bWziiGanQ4Fax-t2j3PfgR-hr_b30r34ryDrTHWLi75h7n_82VsWkbO15eJh4iiz-NrXJt2R_Jb4WjVIye7edpOPlNM1f9ZYXumLSpdinPcLQoMfkoZ-ctlHPit4Dqrx2vrdpcRMgJ7BQuNemNa7cnV4ujKPiany-z8Y2b7QlJWm4-HoVsqf5aOdVxIm0WeCzly8lr-cVU3FjmI-m5DLsrNFJkK9NdqCK1UFhHwHjfVvdmVKxRnyerKgYGu1jPSnxsCzn0drK1S05uYcuYDars5yLWsmJ4_-y2WbVB3XfxCjISmtTG1W1ynmDWjUvgulDagQrOxHTtrSPW8DUjCattIVGqf_zWMfO1c1FK5dRmFv7ahOwVhX3ZpZZCpL6as7ZGhNDLmAtTHVevCcoQhEeuHDT1ixIK1BbPjICgt_kHL8K2gMHgqNmvz3xlbnTfBSX9XQa3k4h8URikGTKn0oJNNkhyNF-oecwThfOvC9rO3AQ5o_d6wcv-JpoU-zibge1iG49qqbY03OKHzFX4xc6rspy3nf-v1pzyabVkLcMewbInzq9Id6oCeT8GaK8xSlxnrUP9TnK9iKFrMCG6sUlGXh6-dBVrNoGH8VBBlFxa_-JQGmiNJrBc2fIOSy3ypLuLD3rYBk23qsJpwsTl3NsSJqqIaxuvtbh7d5irxoEmaEmoeqiBi_pwfcrVY4De69WHkUSVJRnOP0KIsl8xeg6gqkv5yfpEu8kRW2qgbrbee55rYlVggp7vH2L8nKKPAudNIEiPkBEt9s-J35h5VK_P5Wg85k4txHMQn6bjQFASCHZmMZfe8ZNQBkuaNCpXIl2GD0ZI3oIUOIRuXZcYtR0_Fi9BCfSBkteRPTrSyU9PKyEIfcsKLASO4aHh5OePRZMcsQlNzbmxzPcr-Su7FZPFaUHTU0fa_5NV0IW_f9WiuM0LX0HWtp5I8vJ4BPzjae_tc_RtWCoZ-H2QFe94wZyHWKC4tTJDUl6NoZ4E76L2ppwx0vkA5iPQcyPaIj6rH9N4mQ-sIuMsvbgk6PseC-ngRi1vTmM2RQLe9bYYcvJeRhLfNOC8iTt6J469rSJwvo9gFcqiWyu6hdC6zV_AwmUfq6zKPnh0LMG1FFLDH1N5dqDVuS8_MhsW5UBpfoMv4JfAlFKq1c9ux4WKJl3dFb4pG0Uw7kFy9mXR5X4d07QjJAd-w1wBCusq_n_J_ooRJfNlzqxiLekrJ3rCK5mTbnYQuGTGQWFzzfSi8IEvpt6ihNnVv1IapnBIx5nTclnQD5DYu4WRbodr8MYl3jIeB1UTch0880r_xXErd4YQSab2b4G-9nEX_Pm_6w4EOqrozVEZbu7LppqbcfI80tvpbsEzrUh-KTyCDo4eGcsWVC_03qAso9o-9qftbxz0HztKJycPq_Uo_76uksvzM54S0EWFHU-j4-D7qytOR56fcln8BtMthyObCGg"}
📤 Form payload = {"formSubmissionId":"BR6NKG26G-1771224177531","elqFormName":"","elqSiteID":"","datalayerheader":"","contact":"","formgtm":"","elqCustomerGUID":"","elqCookieWrite":"","segment":"","name_first":"First_74189_TESTTEST","name_last":"Last_74189_TESTTEST","email_work":"automated_TESTTEST_2026-02-16_06_42_55@broadridge.com","phone_business":"999-999-9999","job_title":"Job_74189_TESTTEST","Company":"Company_74189_TESTTEST","country":"United States","comment":"This is an automated test submission.  Please ignore.","id":"","so":"","di":"","ct":"","ep":"","ot":"","mt":"","yr":"","rg":"","on":"","sub-source":"","campaignMostRecentID":"","content-id":"","orig-channel":"","campaign-name":"","campaignMostRecentName":"","campaignMostRecentSource":"","campaignMostRecentMedium":"","campaignMostRecentContent":"","campaignMostRecentTerm":"","campaignMostRecentContentID":"","campaignMostRecentSubSource":"","Persistent_utm_medium":"","Persistent_utm_source":"","Persistent_utm_term":"","Persistent_utm_campaign":"","Persistent_Sub_Source":"","Persistent_Content_ID":"","Persistent_Campaign_ID":"","Persistent_utm_content":"","Session_utm_medium":"","Session_utm_source":"","Session_utm_term":"","Session_utm_campaign":"","Session_Sub_Source":"","Session_Content_ID":"","Session_Campaign_ID":"701RN00000Rbgf7YAB","Session_utm_content":"","inquiry":"Gen Enq","fullURL":"https://www-dev.broadridge.com/capability/governance-and-regulatory-compliance/proxy-services/issuer-proxy","page_id":"182853","page_campaign_id":"0","ecid":"","elqCampaignId":"","Formmodel":"flyout","Pagetype":"Products","g-recaptcha-response":"0cAFcWeA5A80u03Q5HHWmiT_Q92gBlyCXOUX7Jmg7tl7YvkpB9nH4UbhZf4gRb3pwASzCayvW6JwuEWVY2je7ekUp_dnGaBbmtGLlb93rFnK2rPMVS21I4Y-OVRmLEkF6IrXeD_DG6gVYUCVqHmjHUE2S8CLetOMwLM5IS9oBt8ihRH78EEYSx3yuGx8nw0lse2oyN0CrvejClJllKlUJohZM80ylrk4_5_9zY8FJBp93HDHOcU0p4qiVhdTrczAOlJDwz-vN6z_mJhHSMtpADBROpTUhjplB-O5n1_OwX7nw4BMyiOsO1MXSOoCCxym3WnvFxKR7o6fs-NVmQwhXzq50LjO534A676VJ5ltZpBCZVa0Winm7NKKBf7kle8suW-FNiZLKjeYXgEQ8bcuufTCkc4n0dnJqG3mX1ksQrtlVcRjkZ4TD_p_XSRpbWtzJhR3Pp7Kobt1Efn6_ePHF5eUc3nlfCsNg96ExWAagfHAZ6WzDaE9OVE6jA0KaP7K9zGtisTHw5HiwP7sPU2eNkIVWQCagNsIfrykR2Q2OzNTzbcL_GWUoVOl3mAssEIXJbnXgYC1kxvWSr9MOGuzX93D6Ps2UI4citNPA1G2mG3_Zjxtrp8wRqN6KDQwukpzb8hOY1YUWhbq_PoMPfKvNwGlBIGJl8He8txcbk44gLbvzOBIryfzmMxEtyDPUt8kRa_a5IUzZxWkQkd3H7LkiM9HsSLkntBoEzA-CE4XpGbpJObnOhTv0yfv2kU6d2R75nLEJD3uHdaUiAMGlcopH0eHpmKeNgonWCC5ej3YZx6V2PMl--bbfpCsg7RH0YIwfmVh19aeo8W5Xm2E8wdaxXts_Smvb72DfuD_hmLtod2Otb095NkM3QIreeelI7yNJZG_7af4V56QMGXz-0Z3XAzke7rAj0RjdSpUVpCW1z69ipeHHQK3lcjryXZWP4uL68f-MObZcCdBfkzcbs-en8tt6Ug56AVeGdwE5CEg7aGJykjTp_4w3E96e2HLMu9LvVKYqyIK8m3gfA7ejrKpRubsy3DRR-ljA4luEinKQuMsXpCwMR4TxQaI-3-adC9_cR1u2mUpCrCG8-tBGxI5ROgciXOi5-KW_tN_-PqYLu4v0iUxnvZjRvR16BWKJxIxA8zi8ZAxMHub-d5pau9QadGwnnD5JzxiyFnNhLKy5Sh3hXqcIC6dC-aDyu1APYT9PJqkA3vqZddtw4OjfEQkyz8B-eADQjnY3Mw0eRxqGsOGaL7mOUc89VJAnC7PSrtB1lqkHRNAEq8bf4WGI9vaSw-OphDh_15UrQ4Wb0BtAB8uUH6B6chKppJmpvwYJBzuGLtv_iHDMmbQAsEIfkouU48uj0yTY_GzjB5zY1cdxghr99UBhWMNtyMM_NbP1-dd-L-ITlznlawjkkDOKyNd82AFyFNL8Xh1zM48nvUA3Qh_X1ctFIz-SItODEkSbTs-ImKOTYhpyVSy6SbJ09UbPIbQAuirktziY1x5LAy4dNV5WIIsyUvLaVtRwsuqcE0PnYkbkjEDQHl4JFsTgy96Cfb6EzE980i0qUvjXqqhAWmMhnA8k9QovNLmaLRjHAcMkpp5CRRjJDim2-HE4m1Gy7h5fTeqEt9cVL393K3dMOpVwVFBgxEEMEQIK3vhLa_T4j-9TFO56cSi--uDqLe0RitvdbkhVq76bs9kifxUbAN25v_5GXcbmd0M02LJQPA3QT2sGm80xbSTlaZPteu4YfeofaM0lZmOUT21Sxux87kk7YKTnbiHlD6iPEulDTU-oPWuXT3VkN3sH8p-wKpf9X48G6_ZtejsvqLkLuKLLJpF6IazyD6iiOU1bkFnLhFIrvCjstQ5Ysb-byTNwRFJkJWfaqclY6Ag6PP28kisdjXYAFIv84uhKwJdzGHXlkX59w_9MbAR6H4rqkDRlOOFgDV0dEtl7L00hTRFjS31ZsNnD385USayvrPTfJ_ii_jmORcl7aJtaGbTMFhfmT-n4ygJmwaXHt_7w7bIRi42Y2c_5NIveoENA3ldN5zWXQ25xZWK6L37AFZGxptVGSxfMaxcwWi13FaURXn-BHen-DICCyVi5rp0qloOTQHv_XHazHJFwL6vRkEMVnYs5bK33Ao4zIN-kIcN7guWzY6di26kO494qnslU6nW2Rz7JwvO1U6XLqguvSVSV6GV6j_-KNGXoqdElvWXmQBgAE8WwhkxW-_eY56A_5LSOHKPX3JooldwymVCojPuNQX6XNkVXe3ibQWMYWSYk3Uc2b9ybF4n8Yjjbpur8E6gDjrWSNdhUqOEQ_AanXDNbUQjglUE3a72UeMyvHMsuqZC9HnJsgxcPYE5-0DCe3ZhY"}
form message = Thank you for your interest in Broadridge.
A representative will contact you within 24 business hours.
formpayload for validation = {"formSubmissionId":"BR6NKG26G-1771224177531","elqFormName":"","elqSiteID":"","datalayerheader":"","contact":"","formgtm":"","elqCustomerGUID":"","elqCookieWrite":"","segment":"","name_first":"First_74189_TESTTEST","name_last":"Last_74189_TESTTEST","email_work":"automated_TESTTEST_2026-02-16_06_42_55@broadridge.com","phone_business":"999-999-9999","job_title":"Job_74189_TESTTEST","Company":"Company_74189_TESTTEST","country":"United States","comment":"This is an automated test submission.  Please ignore.","id":"","so":"","di":"","ct":"","ep":"","ot":"","mt":"","yr":"","rg":"","on":"","sub-source":"","campaignMostRecentID":"","content-id":"","orig-channel":"","campaign-name":"","campaignMostRecentName":"","campaignMostRecentSource":"","campaignMostRecentMedium":"","campaignMostRecentContent":"","campaignMostRecentTerm":"","campaignMostRecentContentID":"","campaignMostRecentSubSource":"","Persistent_utm_medium":"","Persistent_utm_source":"","Persistent_utm_term":"","Persistent_utm_campaign":"","Persistent_Sub_Source":"","Persistent_Content_ID":"","Persistent_Campaign_ID":"","Persistent_utm_content":"","Session_utm_medium":"","Session_utm_source":"","Session_utm_term":"","Session_utm_campaign":"","Session_Sub_Source":"","Session_Content_ID":"","Session_Campaign_ID":"701RN00000Rbgf7YAB","Session_utm_content":"","inquiry":"Gen Enq","fullURL":"https://www-dev.broadridge.com/capability/governance-and-regulatory-compliance/proxy-services/issuer-proxy","page_id":"182853","page_campaign_id":"0","ecid":"","elqCampaignId":"","Formmodel":"flyout","Pagetype":"Products","g-recaptcha-response":"0cAFcWeA5A80u03Q5HHWmiT_Q92gBlyCXOUX7Jmg7tl7YvkpB9nH4UbhZf4gRb3pwASzCayvW6JwuEWVY2je7ekUp_dnGaBbmtGLlb93rFnK2rPMVS21I4Y-OVRmLEkF6IrXeD_DG6gVYUCVqHmjHUE2S8CLetOMwLM5IS9oBt8ihRH78EEYSx3yuGx8nw0lse2oyN0CrvejClJllKlUJohZM80ylrk4_5_9zY8FJBp93HDHOcU0p4qiVhdTrczAOlJDwz-vN6z_mJhHSMtpADBROpTUhjplB-O5n1_OwX7nw4BMyiOsO1MXSOoCCxym3WnvFxKR7o6fs-NVmQwhXzq50LjO534A676VJ5ltZpBCZVa0Winm7NKKBf7kle8suW-FNiZLKjeYXgEQ8bcuufTCkc4n0dnJqG3mX1ksQrtlVcRjkZ4TD_p_XSRpbWtzJhR3Pp7Kobt1Efn6_ePHF5eUc3nlfCsNg96ExWAagfHAZ6WzDaE9OVE6jA0KaP7K9zGtisTHw5HiwP7sPU2eNkIVWQCagNsIfrykR2Q2OzNTzbcL_GWUoVOl3mAssEIXJbnXgYC1kxvWSr9MOGuzX93D6Ps2UI4citNPA1G2mG3_Zjxtrp8wRqN6KDQwukpzb8hOY1YUWhbq_PoMPfKvNwGlBIGJl8He8txcbk44gLbvzOBIryfzmMxEtyDPUt8kRa_a5IUzZxWkQkd3H7LkiM9HsSLkntBoEzA-CE4XpGbpJObnOhTv0yfv2kU6d2R75nLEJD3uHdaUiAMGlcopH0eHpmKeNgonWCC5ej3YZx6V2PMl--bbfpCsg7RH0YIwfmVh19aeo8W5Xm2E8wdaxXts_Smvb72DfuD_hmLtod2Otb095NkM3QIreeelI7yNJZG_7af4V56QMGXz-0Z3XAzke7rAj0RjdSpUVpCW1z69ipeHHQK3lcjryXZWP4uL68f-MObZcCdBfkzcbs-en8tt6Ug56AVeGdwE5CEg7aGJykjTp_4w3E96e2HLMu9LvVKYqyIK8m3gfA7ejrKpRubsy3DRR-ljA4luEinKQuMsXpCwMR4TxQaI-3-adC9_cR1u2mUpCrCG8-tBGxI5ROgciXOi5-KW_tN_-PqYLu4v0iUxnvZjRvR16BWKJxIxA8zi8ZAxMHub-d5pau9QadGwnnD5JzxiyFnNhLKy5Sh3hXqcIC6dC-aDyu1APYT9PJqkA3vqZddtw4OjfEQkyz8B-eADQjnY3Mw0eRxqGsOGaL7mOUc89VJAnC7PSrtB1lqkHRNAEq8bf4WGI9vaSw-OphDh_15UrQ4Wb0BtAB8uUH6B6chKppJmpvwYJBzuGLtv_iHDMmbQAsEIfkouU48uj0yTY_GzjB5zY1cdxghr99UBhWMNtyMM_NbP1-dd-L-ITlznlawjkkDOKyNd82AFyFNL8Xh1zM48nvUA3Qh_X1ctFIz-SItODEkSbTs-ImKOTYhpyVSy6SbJ09UbPIbQAuirktziY1x5LAy4dNV5WIIsyUvLaVtRwsuqcE0PnYkbkjEDQHl4JFsTgy96Cfb6EzE980i0qUvjXqqhAWmMhnA8k9QovNLmaLRjHAcMkpp5CRRjJDim2-HE4m1Gy7h5fTeqEt9cVL393K3dMOpVwVFBgxEEMEQIK3vhLa_T4j-9TFO56cSi--uDqLe0RitvdbkhVq76bs9kifxUbAN25v_5GXcbmd0M02LJQPA3QT2sGm80xbSTlaZPteu4YfeofaM0lZmOUT21Sxux87kk7YKTnbiHlD6iPEulDTU-oPWuXT3VkN3sH8p-wKpf9X48G6_ZtejsvqLkLuKLLJpF6IazyD6iiOU1bkFnLhFIrvCjstQ5Ysb-byTNwRFJkJWfaqclY6Ag6PP28kisdjXYAFIv84uhKwJdzGHXlkX59w_9MbAR6H4rqkDRlOOFgDV0dEtl7L00hTRFjS31ZsNnD385USayvrPTfJ_ii_jmORcl7aJtaGbTMFhfmT-n4ygJmwaXHt_7w7bIRi42Y2c_5NIveoENA3ldN5zWXQ25xZWK6L37AFZGxptVGSxfMaxcwWi13FaURXn-BHen-DICCyVi5rp0qloOTQHv_XHazHJFwL6vRkEMVnYs5bK33Ao4zIN-kIcN7guWzY6di26kO494qnslU6nW2Rz7JwvO1U6XLqguvSVSV6GV6j_-KNGXoqdElvWXmQBgAE8WwhkxW-_eY56A_5LSOHKPX3JooldwymVCojPuNQX6XNkVXe3ibQWMYWSYk3Uc2b9ybF4n8Yjjbpur8E6gDjrWSNdhUqOEQ_AanXDNbUQjglUE3a72UeMyvHMsuqZC9HnJsgxcPYE5-0DCe3ZhY"}
formSubmissionId = BR6NKG26G-1771224177531
fullURL = https://www-dev.broadridge.com/capability/governance-and-regulatory-compliance/proxy-services/issuer-proxy
page comparison URL = https://www-dev.broadridge.com/financial-services/corporate-issuer/issuer/simplify-the-annual-meeting-process/shareholder-meeting-registration
..........!!!...Filling the form failed...!!!........
................Header Contact Us Form Filled...................
v2 ContactUs form found on the bottom = false
V2 ContactUs form NOT found on the bottom
V2 Download form NOT found on the bottom
no cookie button
header ContactUs button found = true
emailTimeStamp = automated_TESTTEST_2026-02-16_06_43_37@broadridge.com
📤 Form payload = {"formSubmissionId":"BRP03PGCB-1771224219149","elqFormName":"","elqSiteID":"","datalayerheader":"","contact":"","formgtm":"","elqCustomerGUID":"","elqCookieWrite":"","segment":"","name_first":"First_74189_TESTTEST","name_last":"Last_74189_TESTTEST","email_work":"automated_TESTTEST_2026-02-16_06_43_37@broadridge.com","phone_business":"999-999-9999","job_title":"Job_74189_TESTTEST","Company":"Company_74189_TESTTEST","country":"United States","comment":"This is an automated test submission.  Please ignore.","id":"","so":"","di":"","ct":"","ep":"","ot":"","mt":"","yr":"","rg":"","on":"","sub-source":"","campaignMostRecentID":"","content-id":"","orig-channel":"","campaign-name":"","campaignMostRecentName":"","campaignMostRecentSource":"","campaignMostRecentMedium":"","campaignMostRecentContent":"","campaignMostRecentTerm":"","campaignMostRecentContentID":"","campaignMostRecentSubSource":"","Persistent_utm_medium":"","Persistent_utm_source":"","Persistent_utm_term":"","Persistent_utm_campaign":"","Persistent_Sub_Source":"","Persistent_Content_ID":"","Persistent_Campaign_ID":"","Persistent_utm_content":"","Session_utm_medium":"","Session_utm_source":"","Session_utm_term":"","Session_utm_campaign":"","Session_Sub_Source":"","Session_Content_ID":"","Session_Campaign_ID":"701RN00000Rbgf7YAB","Session_utm_content":"","inquiry":"Gen Enq","fullURL":"https://www-dev.broadridge.com/press-release/2012/broadridge-trade-confirmation-matching-solution","page_id":"177489","page_campaign_id":"","ecid":"","elqCampaignId":"","Formmodel":"flyout","Pagetype":"Press Release","g-recaptcha-response":"0cAFcWeA6CaclCyquwlOW8UwRbLVxrLR54pjCEuQ-np3yw8QHsxXUOCgROnUhk2qivc2q2MuNTwOjDocpvMYdWMzJozS5hiH8HTW61o2agr7c28TakEQOhr-9RMUBdaKweF2MEQIi2JIxZjHYsFAhfJsckIhloeNcjEz1VQtKCQutKgaLS5wrcNelXHnj9xw-4Q15bxtA_vZsR0yvc6391mqeK0pss7eGfQNtdQol3Oq1ZWivtfB56ELZCRu7zJ0wx4ybbVZnVO-qARphVZL4kwL91IJY6vgeDt8xhzzxdyk-hKhftxj2BzJi0PPSmzf-TbeIhCZrV8bgk32OabCxhdS8-B0Y1jF4ToRrJuAfYDxQISlcIumpOX_4pIpkFCQqYe6uipVGiFEEve2H9-U62EW0c_-9wCzmRZfvvptIaly4p8k7dHspUYo0rzK0cjFXc0HGgDbOulHlWKIaymsMXFjS2svVjcHCFctNQw0xN8ke1l1DUthaUYwWcNG_IYTM2IdUZMNmSGKLzAIl7wsrHUvNbzZbt02QqJ3WigWOmKUNpzQacVdXKDO22I_TBjbWotdF0DEX8HXWyWt8jT6ETeHoiX0Io2gLsobl7FLTO4kvGW2pdKixCm6O9mUCb3B71W9835d2_hNlg1p93MYSZX5e-AgeE5lyE4ALx5RbuHsB-pRBeSJOwoHGFKYhDhDAlbotTvXF_UZzbEa_W1F4Pha1yFqjo7Kd6CfXCptykoF1-6K4NZr_oqxb1jm_9v3dKr-ieJXha-ZZNQYwYOXNS4Ah1XFwErNy8nkpa7hE4S6ttwm9SYCcooqcPbZjH7mIT8zLLRgDLLz9Ar6eoFcp_AjwmtE9wqNP8luoNwxs5IY0YSAiEWbqju_2Esd_yKxtIzhFQ3GMysEjlyqoit4CmQVhz3HC06EGgfN76zKHx9Y0LQINpQOm-eI6VDI6sPF5Neb7ZBL6rqOiGOUfJ7YjJNA5BnnqSzqTaXMQnoxTRYEE_ECYL84f59ww0PKQUZQZENDypIPEdjy5ykCjk7W5RKGX7P-9GFNwMW5KuUUTmfqf0ys6oDtc7nHUCgJWlS67ck7jqqVU5lNJVBVirPScagO1FmWWiV7MZ8T2xIC_MmiA0Ko6MXoKfJxFPrX0yLIeIidwY0KUkdmgjBAspXI1fOCJVP4sZ_pD5nKKbDIL-qqC7qR82bbXnbPvdvT40dFXbEa5Ht6okrmeLqu7_C6zfdgn1r30jfAz4Z7uEGpilvq9e4mgWQQRNB4HTFRZ3VmQI93HI6ud7IXzcnc1iFP_PBD1Z-2F1cS_tDIXzt67pjcZRu51zrRV8dKYcvrmttNjyAb3j2TxtgrUyw6zC2lSZLOfOT71-YnLe6KrMUsUUTo3g_nb7qXMum-KcBL1u1inEqXbtnGpoRRRkOUn2Jbk-UJ4bQnZfD4-t0h0aa3h_Y7IhbkWGgeFFsOxIFBWvmwcjvJg9VuuiJgGfoWF5aiLm3vXOLOJa6bGtCoLQjttmC6FF4hiU-By3m_gL6T06VtU4zw--e-sLR2MOz2UK4_zbFu_b0-uGTac8iLrwkVq3mmmjlUrUok1_9izTpNytudxjBBiEX1cndM2o-cbXqy_LnSFMiFe8Vwuk53qe2oBaddagOaIjspHP7i3RbysPffk4RfGb9nQZ6jN4wf2TnR1keCGp-OSWJAqg0YnkeHPBq-sYV5nG9AddQOjzJzmZ0x8bf1bdug-uUAq2RCCKN7pMvqtujUfZ0I9glzQ_COrTyw9OA58yEU8kC6ge9OytxMnVjegkaw55_fqqAOVTbcQ3SyLSkVhgMAIPUBoBkEx3tIz9djIEjI7hnBJRBEJRP8hqbMteVJhLgdYJqb3WY2Egdm7JQY8-vK6UkQW1iamQiXaSEsC_Pl3UsEyAcFm0k5opIcXZQh8j7eSMeVc1S5zJHKbVJuYC7knX8gaEPEW1FzWs_Xa9HmIRCV8jVEtmig0PekWpM-EJqFG6aVd20DsT0Of8BbvpKW9V4lqVdLw9Sr0lW_a8HF3RU2O0z26XGoIoPFKtlvWbk_cQowa-EpZtJH6xDHFSqt_P9Z5UegdlG-JYhReQYg7SUIAs2lGSQKBltfv16zkj1mZdYKq8JFYEW6tywEnWoygZQBRK7TA54xfU64DUIWrNwdOysBbLG8WBv_iRorLrfT5QMrbPuhGb6ZT_7NN1ffz2LrJ4lb-ENuv2ICXYcTZB2BPHb9MXUt5DBpO2z8PnoRCINpNFn0dEi36hfD0NO7ZB4PnVL46k1js8RDzWaz-tJW1FQwgzsZ_E3Lz8k4Paox5SByfIEVJXj1Kx36lJlzY3jAkKXKAEpGifbn_s6XuVCfXA1zS1QB9gPZ-FP9X0XSGB8ZTnQiJVyipknZj9Hyic7urZ3eQ1acH-U-UP3YW9APk"}
📤 Form payload = {"formSubmissionId":"BRV5ZLNAV-1771224219315","elqFormName":"","elqSiteID":"","datalayerheader":"","contact":"","formgtm":"","elqCustomerGUID":"","elqCookieWrite":"","segment":"","name_first":"First_74189_TESTTEST","name_last":"Last_74189_TESTTEST","email_work":"automated_TESTTEST_2026-02-16_06_43_37@broadridge.com","phone_business":"999-999-9999","job_title":"Job_74189_TESTTEST","Company":"Company_74189_TESTTEST","country":"United States","comment":"This is an automated test submission.  Please ignore.","id":"","so":"","di":"","ct":"","ep":"","ot":"","mt":"","yr":"","rg":"","on":"","sub-source":"","campaignMostRecentID":"","content-id":"","orig-channel":"","campaign-name":"","campaignMostRecentName":"","campaignMostRecentSource":"","campaignMostRecentMedium":"","campaignMostRecentContent":"","campaignMostRecentTerm":"","campaignMostRecentContentID":"","campaignMostRecentSubSource":"","Persistent_utm_medium":"","Persistent_utm_source":"","Persistent_utm_term":"","Persistent_utm_campaign":"","Persistent_Sub_Source":"","Persistent_Content_ID":"","Persistent_Campaign_ID":"","Persistent_utm_content":"","Session_utm_medium":"","Session_utm_source":"","Session_utm_term":"","Session_utm_campaign":"","Session_Sub_Source":"","Session_Content_ID":"","Session_Campaign_ID":"701RN00000Rbgf7YAB","Session_utm_content":"","inquiry":"Gen Enq","fullURL":"https://www-dev.broadridge.com/press-release/2012/broadridge-trade-confirmation-matching-solution","page_id":"177489","page_campaign_id":"","ecid":"","elqCampaignId":"","Formmodel":"flyout","Pagetype":"Press Release","g-recaptcha-response":"0cAFcWeA5v6mmnarLP_AUiBz6Z9vmdC_JF0n2R1ooARmOTRJxTwzIS17585ZHVzFz2f5baZHS9oqs3ZCSNEQDNTt53xoYr873y9l5sB8JC8PPh0W2nwXNY5GVpUAV54jdrEBh7hJTzayDrTGJ__fvgl45eAPZVQdbEcHtHR-2XvACBUfKBTkDRVkqW6hAaZzf6cLsRDXV02QoPZ1yZNV9S7Mh5KuovjtRVMScD_1DRKFxXiKCFuDfZo_NFV5_keH1HkUAlAADtR0XZOPNL5bFZcJNlYVZLk5NoUQ1Vw_Lelm6cFelH7tXo8Ls3sdVErrWCApI5lr0PUbd6Hb6UJF_sU2KfMkzZF6jGh7be6bjw9W5klq6HR32wdfwTYfyrCrGsgFvQqlhp4IL6BTBgzLbLlPWR0-XPx6dBmY_4VGMCfH9l1p53Nf9m4gwB8-v_-vvnYHMka_HZOsbW40hNFzljw2Z8od7TMJajmiooOP7k5zYPJOQpa18S0eQvzG4Dfgk5kIkQv7yAepXA8orw0ynmePFt8BHW4bGVNupYdLl7Gzl7KIaP8XoXpQc0YOh8-74t6DkJrv2q3EOuhIsflc6Dqkcfs0zldJtgiU2AGjDwUvKm8F7NUopsehMKduPikva3wM27KH5QHnHJYmCRnjmZ3ZuMyXVtT6gwzS4EI7e6nbgenUglZRPlOWuaX7z22Zwt7kd-jadlVF0PPzca6plN2e6aV0mcFVVB9nNTvqcb8BiNq2-3yVzmwMf_kTk_7ZDl-79uPof586qVD2_fY86QzEHBaH-3cBuI3aowPAoXa63InqfPmlEFResmr7wOcbeCuvqZ7-U_L29sqdpIYzQMiVFR3XanyaIYIJcJMC9VnBc9JGP2slh1rTpGoxxWMn3ZVjZMQQ8dZRIrYAY1jHenpRbdJ5ltT_TsfEnLcj-0DNDVUuDKLSlnKmW8Jvgnr5wqiXFwlbhujKIDz8YZ-MQ8OLuwIwtNb-axazHdNRTkqIAardklQS9ViOfn4ETG9fJ9krc1C9qKE-NiaLVxBZ0qX4BEsBT3hdEieotecSmzupGf0bQXDupwUL1L65anc0F6OMpL23ujELYk-tm0o4GfHkrO_QNpcYY8Hi6nCEcpX2JOIwolLTMIox-Llp-RhNOkfDMdWSN5J0EWhkP0UVOyuavApyO7oAoTdQu88FBCz-1h1KD-Pr9ty8cwb1kfjk-fh-XWWa2AFh-N1yGfd0VKTlpfmkWmu_MtMY5ZNdTYgKmxCmPDKkkzfL13EmtbjtdLnQrp4w2WNJIh9_-5aF85ku-r-z5H-boj3pT5q2mTjtXX4ztq7dM-mqGjG3yEb-Mcf-3WvWBf9dKUxk4UJZP98Uc1L3_7-mdaCfgMnbitHuIN-WufcocH6LjsEnFiSYU0x4j-BUMftzarP35oaaAbo4pDZjkocf4zXX7cE9dZF1I85VBElFp7g8MnZzL_IIY8ru_EAtXhS1cF3vJ_LZsLIWXYdNGmZQugwsuTX-jbnZZnF_aDi7H89R1tFrwtoOVXYER4sFFzFZoHPE4gmCYC-UPrWzLcOUtyAo8DUHPdS5EbuX6T-PF5KADP-ZA9sqPOL4zG0uAbp1k8V0DMQKRxaqXDSAtixXZdpzIMb2GuXqqSBtziLiFysWG_P7YQEvReiPOnJ_9EHejmzXGKNprSDPYkERV7jzUO8IwhnobUZ-1IEKdPo7tzMivHOTo0J45Rja0edw8Kk-9w_iFTJfAgyZjwxhZpu4RvUpxscxBh1G1VTHc6gycz7Qg7YkpNsfnn14DZFvgoIoXVP_MLMdL7239fxf3kcLifToH8efqMnxAQBSVbiIZl6AoMwCPKe3FDEaBmyJ8dUuv2ktca72X4NDUnUXOyIFENTglBEuQ2SaipBo5mMDc-HO3vOGNasRl09yWda37m6kQzAdRiK_IDIEoNT8lWLrsIeQIww4-Sgpmo6w3V0QMwkpt4hVNCtc6G_gSxJgWMoi0WjtzwYxLUcmYzPXWssSj1COVvRyir8xwwaKrxQvSZWPOvEFDnVSLmxzKjymGM8zRMzrRs0mRO3B8n8t7GPhHV9_sUEo1N5Bg5ZvjDEJP1R9rraqdbrNLT3PKELm8jPCB8n3dxd2y-y3OxtHZMoF4NB_b0U4-SGG4hqla7fWI0tDRxQnH-m-zCfjAJBlQSpsE85vgEWDs91ClStK8KcRHHNSnoPxnscQe52eZYjDDUdM-BLmrUJnyaEtlSyTXY6ctmTUICq098APdDZSRqbuj2w4NlfLBA7RysWzlGS61zWm4C1KYS8wmkXDzSkYveEextt7jn4_Gb3WdyZsLPr0_ffIGntTokj6uhJGL7OUP43D11-0HNhtIKalRBs5sBzqUH"}
form message = Thank you for your interest in Broadridge.
A representative will contact you within 24 business hours.
formpayload for validation = {"formSubmissionId":"BRV5ZLNAV-1771224219315","elqFormName":"","elqSiteID":"","datalayerheader":"","contact":"","formgtm":"","elqCustomerGUID":"","elqCookieWrite":"","segment":"","name_first":"First_74189_TESTTEST","name_last":"Last_74189_TESTTEST","email_work":"automated_TESTTEST_2026-02-16_06_43_37@broadridge.com","phone_business":"999-999-9999","job_title":"Job_74189_TESTTEST","Company":"Company_74189_TESTTEST","country":"United States","comment":"This is an automated test submission.  Please ignore.","id":"","so":"","di":"","ct":"","ep":"","ot":"","mt":"","yr":"","rg":"","on":"","sub-source":"","campaignMostRecentID":"","content-id":"","orig-channel":"","campaign-name":"","campaignMostRecentName":"","campaignMostRecentSource":"","campaignMostRecentMedium":"","campaignMostRecentContent":"","campaignMostRecentTerm":"","campaignMostRecentContentID":"","campaignMostRecentSubSource":"","Persistent_utm_medium":"","Persistent_utm_source":"","Persistent_utm_term":"","Persistent_utm_campaign":"","Persistent_Sub_Source":"","Persistent_Content_ID":"","Persistent_Campaign_ID":"","Persistent_utm_content":"","Session_utm_medium":"","Session_utm_source":"","Session_utm_term":"","Session_utm_campaign":"","Session_Sub_Source":"","Session_Content_ID":"","Session_Campaign_ID":"701RN00000Rbgf7YAB","Session_utm_content":"","inquiry":"Gen Enq","fullURL":"https://www-dev.broadridge.com/press-release/2012/broadridge-trade-confirmation-matching-solution","page_id":"177489","page_campaign_id":"","ecid":"","elqCampaignId":"","Formmodel":"flyout","Pagetype":"Press Release","g-recaptcha-response":"0cAFcWeA5v6mmnarLP_AUiBz6Z9vmdC_JF0n2R1ooARmOTRJxTwzIS17585ZHVzFz2f5baZHS9oqs3ZCSNEQDNTt53xoYr873y9l5sB8JC8PPh0W2nwXNY5GVpUAV54jdrEBh7hJTzayDrTGJ__fvgl45eAPZVQdbEcHtHR-2XvACBUfKBTkDRVkqW6hAaZzf6cLsRDXV02QoPZ1yZNV9S7Mh5KuovjtRVMScD_1DRKFxXiKCFuDfZo_NFV5_keH1HkUAlAADtR0XZOPNL5bFZcJNlYVZLk5NoUQ1Vw_Lelm6cFelH7tXo8Ls3sdVErrWCApI5lr0PUbd6Hb6UJF_sU2KfMkzZF6jGh7be6bjw9W5klq6HR32wdfwTYfyrCrGsgFvQqlhp4IL6BTBgzLbLlPWR0-XPx6dBmY_4VGMCfH9l1p53Nf9m4gwB8-v_-vvnYHMka_HZOsbW40hNFzljw2Z8od7TMJajmiooOP7k5zYPJOQpa18S0eQvzG4Dfgk5kIkQv7yAepXA8orw0ynmePFt8BHW4bGVNupYdLl7Gzl7KIaP8XoXpQc0YOh8-74t6DkJrv2q3EOuhIsflc6Dqkcfs0zldJtgiU2AGjDwUvKm8F7NUopsehMKduPikva3wM27KH5QHnHJYmCRnjmZ3ZuMyXVtT6gwzS4EI7e6nbgenUglZRPlOWuaX7z22Zwt7kd-jadlVF0PPzca6plN2e6aV0mcFVVB9nNTvqcb8BiNq2-3yVzmwMf_kTk_7ZDl-79uPof586qVD2_fY86QzEHBaH-3cBuI3aowPAoXa63InqfPmlEFResmr7wOcbeCuvqZ7-U_L29sqdpIYzQMiVFR3XanyaIYIJcJMC9VnBc9JGP2slh1rTpGoxxWMn3ZVjZMQQ8dZRIrYAY1jHenpRbdJ5ltT_TsfEnLcj-0DNDVUuDKLSlnKmW8Jvgnr5wqiXFwlbhujKIDz8YZ-MQ8OLuwIwtNb-axazHdNRTkqIAardklQS9ViOfn4ETG9fJ9krc1C9qKE-NiaLVxBZ0qX4BEsBT3hdEieotecSmzupGf0bQXDupwUL1L65anc0F6OMpL23ujELYk-tm0o4GfHkrO_QNpcYY8Hi6nCEcpX2JOIwolLTMIox-Llp-RhNOkfDMdWSN5J0EWhkP0UVOyuavApyO7oAoTdQu88FBCz-1h1KD-Pr9ty8cwb1kfjk-fh-XWWa2AFh-N1yGfd0VKTlpfmkWmu_MtMY5ZNdTYgKmxCmPDKkkzfL13EmtbjtdLnQrp4w2WNJIh9_-5aF85ku-r-z5H-boj3pT5q2mTjtXX4ztq7dM-mqGjG3yEb-Mcf-3WvWBf9dKUxk4UJZP98Uc1L3_7-mdaCfgMnbitHuIN-WufcocH6LjsEnFiSYU0x4j-BUMftzarP35oaaAbo4pDZjkocf4zXX7cE9dZF1I85VBElFp7g8MnZzL_IIY8ru_EAtXhS1cF3vJ_LZsLIWXYdNGmZQugwsuTX-jbnZZnF_aDi7H89R1tFrwtoOVXYER4sFFzFZoHPE4gmCYC-UPrWzLcOUtyAo8DUHPdS5EbuX6T-PF5KADP-ZA9sqPOL4zG0uAbp1k8V0DMQKRxaqXDSAtixXZdpzIMb2GuXqqSBtziLiFysWG_P7YQEvReiPOnJ_9EHejmzXGKNprSDPYkERV7jzUO8IwhnobUZ-1IEKdPo7tzMivHOTo0J45Rja0edw8Kk-9w_iFTJfAgyZjwxhZpu4RvUpxscxBh1G1VTHc6gycz7Qg7YkpNsfnn14DZFvgoIoXVP_MLMdL7239fxf3kcLifToH8efqMnxAQBSVbiIZl6AoMwCPKe3FDEaBmyJ8dUuv2ktca72X4NDUnUXOyIFENTglBEuQ2SaipBo5mMDc-HO3vOGNasRl09yWda37m6kQzAdRiK_IDIEoNT8lWLrsIeQIww4-Sgpmo6w3V0QMwkpt4hVNCtc6G_gSxJgWMoi0WjtzwYxLUcmYzPXWssSj1COVvRyir8xwwaKrxQvSZWPOvEFDnVSLmxzKjymGM8zRMzrRs0mRO3B8n8t7GPhHV9_sUEo1N5Bg5ZvjDEJP1R9rraqdbrNLT3PKELm8jPCB8n3dxd2y-y3OxtHZMoF4NB_b0U4-SGG4hqla7fWI0tDRxQnH-m-zCfjAJBlQSpsE85vgEWDs91ClStK8KcRHHNSnoPxnscQe52eZYjDDUdM-BLmrUJnyaEtlSyTXY6ctmTUICq098APdDZSRqbuj2w4NlfLBA7RysWzlGS61zWm4C1KYS8wmkXDzSkYveEextt7jn4_Gb3WdyZsLPr0_ffIGntTokj6uhJGL7OUP43D11-0HNhtIKalRBs5sBzqUH"}
formSubmissionId = BRV5ZLNAV-1771224219315
fullURL = https://www-dev.broadridge.com/press-release/2012/broadridge-trade-confirmation-matching-solution
page comparison URL = https://www-dev.broadridge.com/press-release/2012/broadridge-trade-confirmation-matching-solution
................Header Contact Us Form Filled...................
V2 ContactUs form NOT found on the bottom
V2 Download form NOT found on the bottom
no cookie button
header ContactUs button found = true
emailTimeStamp = automated_TESTTEST_2026-02-16_06_44_16@broadridge.com
📤 Form payload = {"formSubmissionId":"BRWLBA53V-1771224258531","elqFormName":"","elqSiteID":"","datalayerheader":"","contact":"","formgtm":"","elqCustomerGUID":"","elqCookieWrite":"","segment":"","name_first":"First_74189_TESTTEST","name_last":"Last_74189_TESTTEST","email_work":"automated_TESTTEST_2026-02-16_06_44_16@broadridge.com","phone_business":"999-999-9999","job_title":"Job_74189_TESTTEST","Company":"Company_74189_TESTTEST","country":"United States","comment":"This is an automated test submission.  Please ignore.","id":"","so":"","di":"","ct":"","ep":"","ot":"","mt":"","yr":"","rg":"","on":"","sub-source":"","campaignMostRecentID":"","content-id":"","orig-channel":"","campaign-name":"","campaignMostRecentName":"","campaignMostRecentSource":"","campaignMostRecentMedium":"","campaignMostRecentContent":"","campaignMostRecentTerm":"","campaignMostRecentContentID":"","campaignMostRecentSubSource":"","Persistent_utm_medium":"","Persistent_utm_source":"","Persistent_utm_term":"","Persistent_utm_campaign":"","Persistent_Sub_Source":"","Persistent_Content_ID":"","Persistent_Campaign_ID":"","Persistent_utm_content":"","Session_utm_medium":"","Session_utm_source":"","Session_utm_term":"","Session_utm_campaign":"","Session_Sub_Source":"","Session_Content_ID":"","Session_Campaign_ID":"701RN00000Rbgf7YAB","Session_utm_content":"","inquiry":"Gen Enq","fullURL":"https://www-dev.broadridge.com/press-release/2012/matrix-expands-trueopen-architecture-platform","page_id":"177726","page_campaign_id":"","ecid":"","elqCampaignId":"","Formmodel":"flyout","Pagetype":"Press Release","g-recaptcha-response":"0cAFcWeA7xzhqjCx_4Z6IyJLUfuMgb2X3tHyvhi5W9Jd6GQYsBTUhxexDrNf0FIMog9VOK4GblT2EbeMC3zMv7M_9PToL80rKC7MhhNoN-iRaaum5Swl5_0Xm-NoclpFNKd18_FnVpzyDBeTmVcr233E35Tz-zQTYg7i94dsyVkMoFtotVi0OcCY8-o84rilHzk2zb0K5M5GIGqDrD46H9NBBfUyWxMfmrl3FZRjKuzZK22zOq9t0tQXclskcfUMMeRTYABQMKJfpzdld1yZjjb-s25dHt9PdJlfQyDAowdV_fE8TT1-IKwim4z8uJIeoUeSo1uxKvSQIy1ANHBU4mnCMyg075Pumod8zCrzsc0u9ucvZgowTZcx9U3LIaZU0xrWHgHRjDL_a8w6lH8XqOoCBIJ1xVAqf9LbWdfhNZ53t5ZWMv2vkQAl8apwLcCzTqn_CpLVHb6C4f38-U4wt1Be2g5tVjAgAF-dmK9QaNLi8qMkD4Uw3JmDps3Y5wSqtmW_oZd4ADe2tZz3LSMiFN422vJJUBqxjfWfJcxiJiQ5O8HgPR0BDZUx3a3nZ2vPzBhE-w9ihk2uVjcvQ-MPcB_h_VBfcXppk76L5IZov_uRujyhR-z6vls_QF7NQOeiC23-c4CL77PPtpCf7wXW1VWRRQdbJ0JXGNW9vmQmq9PvyraIm4kZiH8Fc4Gdh0_FG4wfaDNGOEtiGRzLynmN5CcIA8tcxv-bgv7EUaLd6hKoDbdEV80goTlFJDIdPj6i5Q5rDkmp04AgVXjdqwShFtmVeP3LJoOzkPvN_MSgGnA12JPFEctS6JzWp8rbBeKwOUA75-EYFsXj1QzJf8cBUHFMTvwICHQC5xpa25TWy6scv-ZXGzCTG5aNmunQHHFkqv8JZC5EonJ7ZJYT8jcVj8fRWmvP9RRfy54C5puDYGnbuR0f-YHVbuYE4G5RwdmosYUxjNhXRFN6xMh403qFemOekvQqjmZ1RhidUXQkZ8O0GrO3Kir5-KM_pRmyVZyporyy-ywhuumhYWSEdUgQcBIVU8iEhD_sjJG4loWbnoJXSLL8bn9UofKMYyw08k3NP2532lHrocps6IZGjhN66hOFNydb0nNvKrQHefhP44gAxpP9w6s-Ppz-qXjU4z1NJ_g5jxAmvesQg0-kY8lJ5t_26qujZFW9FxLdMe572-L4EfNckHjr-QA8UlDDqQno4bCCktDRL6GhrW67Z0OTL8XlRcEy05JaRUDXZlqLfDyl0_mwjIKKVQJiGc9MZ-38Zcj4H0mvlid6AzUdRG4Q18JJuAxrESlzuElWqF2hCCP2S1TxGopOHWgWP5WjXkHN34kdWuoC91cSEL-0w6YX4eQlcpORvqzXQFBv4Zm9w5l0zn9-R2BtP0fdxdnJBvSqZDFCYksS2avMZGJ6exafnjwuCJ7H3ZBXITTLIDaSeeYY7ws9hFXeCCxgcoaFWMFMi6PuvMKJk3zt5LwC6HetHQslweJ9oMmWE5sgwxXAnYYNjtF7a0TUj8FvjdaFXPj6gcd9JHqpitGyYQY6kEa_fo4gLye6LuCqyBOqCcnhxREGv9Z9ILl30PZfLcvzEkGOtMbAK30pIJTpL6t44fgiCvDYPn1yYS-pnhH85-fe3eyhKzeR3-wbyJMSV1FINDz6Boi39IHG-2og8i9c3Hn_zjk6Y10rK42w64KHTzoM4Py8NWc_h2j7QYblfG1ghBFfT16sEe9nkSAXBGkLaoSuB8xOsyPz0C7b70T2W6GGiuvSXXTxm9H0esFhi9U8ky22UNUtgF3aC772mY0OMnDFvZue4z0rFaV_v6dYr4F7h6uewbNVvjEU-VcXnDE8vIx5sLdopbm0m1OUEb76ExEmrRiT0Ic24p6WuJlXeF-5-4PRKhYdWTGzyR1aAufCNYUIbJBs7fYuUwX4q0b9QtohkGVickupCuA3xfLhkyjYy4gpMHTtZj3ZlHLjiAvtijgI8-qFJmHqmzYB9T4E11-xH7tn4GY9v328CBmaJQbEQJJ9UUB4JLHinzaXltTVNFDmn3V1bJBbUXLTKutS8LI8-dsPApIh8jUNQfEPOTYF_Bf80A6oKMkI3KxlOzJVojKSqbdl_cr54yHZm-z7XE_4qYOCaStJ6hY-qiMaoVfbvB-5Kt14ILsIXXzjdkVUf-qDnDtXJwEQJBzbFPQanTkx1flNruG913HnAh1RdMTwjOQ-g2rqwu-rdCZ3_ndp7AOMnyoNUxr_3zSRODeQ5V0mfOB_iquERX11VZ30EW2aQIvU0nzccCFEJSDh421FHyfoC2Vf1YByWQR30WGggIVvhN2uXrZ1uHaYFIRRwT53YVC9EsI8t3aZRjnLh-IfS84cCxzqm54x1sNxmD"}
📤 Form payload = {"formSubmissionId":"BRZ3HWTFB-1771224258684","elqFormName":"","elqSiteID":"","datalayerheader":"","contact":"","formgtm":"","elqCustomerGUID":"","elqCookieWrite":"","segment":"","name_first":"First_74189_TESTTEST","name_last":"Last_74189_TESTTEST","email_work":"automated_TESTTEST_2026-02-16_06_44_16@broadridge.com","phone_business":"999-999-9999","job_title":"Job_74189_TESTTEST","Company":"Company_74189_TESTTEST","country":"United States","comment":"This is an automated test submission.  Please ignore.","id":"","so":"","di":"","ct":"","ep":"","ot":"","mt":"","yr":"","rg":"","on":"","sub-source":"","campaignMostRecentID":"","content-id":"","orig-channel":"","campaign-name":"","campaignMostRecentName":"","campaignMostRecentSource":"","campaignMostRecentMedium":"","campaignMostRecentContent":"","campaignMostRecentTerm":"","campaignMostRecentContentID":"","campaignMostRecentSubSource":"","Persistent_utm_medium":"","Persistent_utm_source":"","Persistent_utm_term":"","Persistent_utm_campaign":"","Persistent_Sub_Source":"","Persistent_Content_ID":"","Persistent_Campaign_ID":"","Persistent_utm_content":"","Session_utm_medium":"","Session_utm_source":"","Session_utm_term":"","Session_utm_campaign":"","Session_Sub_Source":"","Session_Content_ID":"","Session_Campaign_ID":"701RN00000Rbgf7YAB","Session_utm_content":"","inquiry":"Gen Enq","fullURL":"https://www-dev.broadridge.com/press-release/2012/matrix-expands-trueopen-architecture-platform","page_id":"177726","page_campaign_id":"","ecid":"","elqCampaignId":"","Formmodel":"flyout","Pagetype":"Press Release","g-recaptcha-response":"0cAFcWeA6O45KldS7K6eNnSILu8NBRHMvnpAMPaKypilT_sGCt-DrQZVdcoS9fC0g0aGAfDMJZuexSYhB4nbVvwVzOJaHUEFXrkKkuH08RCcwKd1bFutmINiTzZCkldDMi-GbBmmvY6Y2Fn3RgseKGaDxMV_-thVUa2JZzeCNVItZ0M4JewbGres2iDMLg0JciYncHBOudMSQ8w9WvmDQtOrDlpvZ5fhGCQ_-AbFbtPVz_1nl1xLMROSc5gZM_RWdjyBmNodCB1ggDtaOJVoD37QeuRIvxmbnfhBabeBWDaEjGKLb_51vRiFIapjUiJyShsEcbA0DNKU0v23gl8PgAha8EhLfp57J35Q8lDJVES4wiK860b9XpVE8BpN47yub5csAlSiokLuDYi9Qh6ItSwAVWea6pWi-LzjFLR8HjIs5o8nkUg9i1ANuQmQO-8p4d-a1HfR-8_xiVGlgchUaPcUIa1aWn6bfoshe3rJI4O02DjooGxnbPT00yEUnHXUePUixLxdZa_8Ume47C3cHECw7loIutfUY5uHpxprtV6m1lInNzGVs40zmIWdyrDw-t8JekrbrXcgP8yUGtPSm9cM6pNmF_fJM6he6Y8R5WAULE1nB1xAOd69lIWUHFnj1ciOzoDiypvJeSyEslTbEef6h5LvFT5yOIAw3xcEhmU_mozTwVisfPsmT--vXtoTs4yHhl7LmSqQ_Y8WprUBC89VtQvORNSLtDt6SKfszxk1dsi2vJU5a0XkjSKOTnyb9EJVckm1jjjAss5y0_bBA922F8YrqsGfM21RO9L-9BPqxvTeOBdgAdSv-lJXpLirEBu6zijGux6rSwiS-BxZOmZVs7SxwHfaBqDacV8Kz5pOtA9h-aSTjIkskna75B6JPJyEDkDTBkvqVwzU6lveV62GZOIPgD--fSPBjo9VTCaeaJ_KBxvbA1-FnF7Jvsj9U3CRtjRB6T8FJTB5XALGIuUuKCn6_9jlvYLKHr65hJKQkjkY3ooEjKAPsErEeqlblj_xXlaEyy01pWWl3s8JQjug6xfCA6E8-pYxdvvRx1CdTZlcNla9gVjnV0SB8fzpzp6ROyiFL1mbhtW31pCGMHIAUx9vVuoCYVE74EVoNBwNUIjH3Q0FoTiHt9gnwcKcPaGu3tHkBURWj8RWArsO9JkNlztAmDxIRqp_ocgWnltEL_uRXPFnznhrZ3_2hFxX1iREFaMd0R2btCHF0qY1cjyVAZuc3cyIKzzRF7igHN3SgTQcmbPE2vOZ_x_I7vD6W74JQGdZu6Lv_InJhhhLd14kCVqtHZ9IXwavn3vQk_GvsX5y6GQ8T_awKtELI9vWUSoCF_EESwgdldBQ3D6TL1r3JqYgjnOpi9TMqCpWYiHPl7qJNLbCWv0aSwSJV9k9p5ekCDD1JFL1cXnxROzKqgpmwHyfwGRNgEfvGhHKKTMfvAkKbiwF-4YSrsH75clZ30p52T0hh3NIPT9AB8zb-kPDX5nkzOh5YIIKGMaIJ3jtyPD3JaMezEkHypU4xm34X-bEk9PvYOY64bi9ImsMuSN-CXY88T93Has-OHunkDqsUymRWh6angNQfNKdApsdVvdVUgha7esOgBC-jQtzt7UuUZWZqFzypNtN8uS8wwqeDcSkXoFubvE2SKtd2c-ZNwl2W5DOqApSKPdpI5rX3yKjjxFBAxschqEyZcAhjT7ji88GzAPtL_Vj84rdLNYkbYIrNldgL0bBDpQ9U-PBIHEECT6qUndIkKJa7kKAykOhET4pVkNC_33thtzw5hb12h1Syq83aX5tcdF6lV5PZD-2uymUfeSYocqj2ZyyCMX8nP3WoL9VS25it7ou7mDcLD0S3Yf5GaCeahZua9UQ8EiPt2RaHPhcgVOnfUs3RZ9-6sLboh2tlyFTxUHgxx9x9gfS9NuTQTTW3KvHhan4ppXGxfNzQ7UJogCBrPqKIkCkSeicmyx2coUSPYsEatE8DBttey5E9BlQShV_KR_gLaGIGWsfc0KqxagLKpVc1GlWw-nQ6WBQ3uUek86GPFcsTVKwjsjewhuZP8k9mHcyfXU4Xd6yWrg35tp6IHkMhybPaQg8mWLz9rmh5gyCdK_2DQa3K1FquciqTZixKkI5ucUTI-ZIgG5HLzTZ5JEKwKVNjf_2kzllAOZaJrXabHy8fqHiiUo_4o5xQbxDuZEuZ159RqLcUbvmqxZtC2l0GJ4LjyrZykFHEw2J3GyuKVy2xRrT91K6WKMjhsiGoU9tNtnpI_3kgHACvtFAvxRmZXfD55eMZW-lpQZnEOwhO7xCdWJbcDZMwGd7n8ZbIZc08NyD3DEF8W1Wp52g"}
form message = Thank you for your interest in Broadridge.
A representative will contact you within 24 business hours.
formpayload for validation = {"formSubmissionId":"BRZ3HWTFB-1771224258684","elqFormName":"","elqSiteID":"","datalayerheader":"","contact":"","formgtm":"","elqCustomerGUID":"","elqCookieWrite":"","segment":"","name_first":"First_74189_TESTTEST","name_last":"Last_74189_TESTTEST","email_work":"automated_TESTTEST_2026-02-16_06_44_16@broadridge.com","phone_business":"999-999-9999","job_title":"Job_74189_TESTTEST","Company":"Company_74189_TESTTEST","country":"United States","comment":"This is an automated test submission.  Please ignore.","id":"","so":"","di":"","ct":"","ep":"","ot":"","mt":"","yr":"","rg":"","on":"","sub-source":"","campaignMostRecentID":"","content-id":"","orig-channel":"","campaign-name":"","campaignMostRecentName":"","campaignMostRecentSource":"","campaignMostRecentMedium":"","campaignMostRecentContent":"","campaignMostRecentTerm":"","campaignMostRecentContentID":"","campaignMostRecentSubSource":"","Persistent_utm_medium":"","Persistent_utm_source":"","Persistent_utm_term":"","Persistent_utm_campaign":"","Persistent_Sub_Source":"","Persistent_Content_ID":"","Persistent_Campaign_ID":"","Persistent_utm_content":"","Session_utm_medium":"","Session_utm_source":"","Session_utm_term":"","Session_utm_campaign":"","Session_Sub_Source":"","Session_Content_ID":"","Session_Campaign_ID":"701RN00000Rbgf7YAB","Session_utm_content":"","inquiry":"Gen Enq","fullURL":"https://www-dev.broadridge.com/press-release/2012/matrix-expands-trueopen-architecture-platform","page_id":"177726","page_campaign_id":"","ecid":"","elqCampaignId":"","Formmodel":"flyout","Pagetype":"Press Release","g-recaptcha-response":"0cAFcWeA6O45KldS7K6eNnSILu8NBRHMvnpAMPaKypilT_sGCt-DrQZVdcoS9fC0g0aGAfDMJZuexSYhB4nbVvwVzOJaHUEFXrkKkuH08RCcwKd1bFutmINiTzZCkldDMi-GbBmmvY6Y2Fn3RgseKGaDxMV_-thVUa2JZzeCNVItZ0M4JewbGres2iDMLg0JciYncHBOudMSQ8w9WvmDQtOrDlpvZ5fhGCQ_-AbFbtPVz_1nl1xLMROSc5gZM_RWdjyBmNodCB1ggDtaOJVoD37QeuRIvxmbnfhBabeBWDaEjGKLb_51vRiFIapjUiJyShsEcbA0DNKU0v23gl8PgAha8EhLfp57J35Q8lDJVES4wiK860b9XpVE8BpN47yub5csAlSiokLuDYi9Qh6ItSwAVWea6pWi-LzjFLR8HjIs5o8nkUg9i1ANuQmQO-8p4d-a1HfR-8_xiVGlgchUaPcUIa1aWn6bfoshe3rJI4O02DjooGxnbPT00yEUnHXUePUixLxdZa_8Ume47C3cHECw7loIutfUY5uHpxprtV6m1lInNzGVs40zmIWdyrDw-t8JekrbrXcgP8yUGtPSm9cM6pNmF_fJM6he6Y8R5WAULE1nB1xAOd69lIWUHFnj1ciOzoDiypvJeSyEslTbEef6h5LvFT5yOIAw3xcEhmU_mozTwVisfPsmT--vXtoTs4yHhl7LmSqQ_Y8WprUBC89VtQvORNSLtDt6SKfszxk1dsi2vJU5a0XkjSKOTnyb9EJVckm1jjjAss5y0_bBA922F8YrqsGfM21RO9L-9BPqxvTeOBdgAdSv-lJXpLirEBu6zijGux6rSwiS-BxZOmZVs7SxwHfaBqDacV8Kz5pOtA9h-aSTjIkskna75B6JPJyEDkDTBkvqVwzU6lveV62GZOIPgD--fSPBjo9VTCaeaJ_KBxvbA1-FnF7Jvsj9U3CRtjRB6T8FJTB5XALGIuUuKCn6_9jlvYLKHr65hJKQkjkY3ooEjKAPsErEeqlblj_xXlaEyy01pWWl3s8JQjug6xfCA6E8-pYxdvvRx1CdTZlcNla9gVjnV0SB8fzpzp6ROyiFL1mbhtW31pCGMHIAUx9vVuoCYVE74EVoNBwNUIjH3Q0FoTiHt9gnwcKcPaGu3tHkBURWj8RWArsO9JkNlztAmDxIRqp_ocgWnltEL_uRXPFnznhrZ3_2hFxX1iREFaMd0R2btCHF0qY1cjyVAZuc3cyIKzzRF7igHN3SgTQcmbPE2vOZ_x_I7vD6W74JQGdZu6Lv_InJhhhLd14kCVqtHZ9IXwavn3vQk_GvsX5y6GQ8T_awKtELI9vWUSoCF_EESwgdldBQ3D6TL1r3JqYgjnOpi9TMqCpWYiHPl7qJNLbCWv0aSwSJV9k9p5ekCDD1JFL1cXnxROzKqgpmwHyfwGRNgEfvGhHKKTMfvAkKbiwF-4YSrsH75clZ30p52T0hh3NIPT9AB8zb-kPDX5nkzOh5YIIKGMaIJ3jtyPD3JaMezEkHypU4xm34X-bEk9PvYOY64bi9ImsMuSN-CXY88T93Has-OHunkDqsUymRWh6angNQfNKdApsdVvdVUgha7esOgBC-jQtzt7UuUZWZqFzypNtN8uS8wwqeDcSkXoFubvE2SKtd2c-ZNwl2W5DOqApSKPdpI5rX3yKjjxFBAxschqEyZcAhjT7ji88GzAPtL_Vj84rdLNYkbYIrNldgL0bBDpQ9U-PBIHEECT6qUndIkKJa7kKAykOhET4pVkNC_33thtzw5hb12h1Syq83aX5tcdF6lV5PZD-2uymUfeSYocqj2ZyyCMX8nP3WoL9VS25it7ou7mDcLD0S3Yf5GaCeahZua9UQ8EiPt2RaHPhcgVOnfUs3RZ9-6sLboh2tlyFTxUHgxx9x9gfS9NuTQTTW3KvHhan4ppXGxfNzQ7UJogCBrPqKIkCkSeicmyx2coUSPYsEatE8DBttey5E9BlQShV_KR_gLaGIGWsfc0KqxagLKpVc1GlWw-nQ6WBQ3uUek86GPFcsTVKwjsjewhuZP8k9mHcyfXU4Xd6yWrg35tp6IHkMhybPaQg8mWLz9rmh5gyCdK_2DQa3K1FquciqTZixKkI5ucUTI-ZIgG5HLzTZ5JEKwKVNjf_2kzllAOZaJrXabHy8fqHiiUo_4o5xQbxDuZEuZ159RqLcUbvmqxZtC2l0GJ4LjyrZykFHEw2J3GyuKVy2xRrT91K6WKMjhsiGoU9tNtnpI_3kgHACvtFAvxRmZXfD55eMZW-lpQZnEOwhO7xCdWJbcDZMwGd7n8ZbIZc08NyD3DEF8W1Wp52g"}
formSubmissionId = BRZ3HWTFB-1771224258684
fullURL = https://www-dev.broadridge.com/press-release/2012/matrix-expands-trueopen-architecture-platform
page comparison URL = https://www-dev.broadridge.com/press-release/2012/matrix-expands-trueopen-architecture-platform
................Header Contact Us Form Filled...................
V2 ContactUs form NOT found on the bottom
V2 Download form NOT found on the bottom
no cookie button
header ContactUs button found = true
emailTimeStamp = automated_TESTTEST_2026-02-16_06_44_56@broadridge.com
📤 Form payload = {"formSubmissionId":"BRIW84BZJ-1771224298199","elqFormName":"","elqSiteID":"","datalayerheader":"","contact":"","formgtm":"","elqCustomerGUID":"","elqCookieWrite":"","segment":"","name_first":"First_74189_TESTTEST","name_last":"Last_74189_TESTTEST","email_work":"automated_TESTTEST_2026-02-16_06_44_56@broadridge.com","phone_business":"999-999-9999","job_title":"Job_74189_TESTTEST","Company":"Company_74189_TESTTEST","country":"United States","comment":"This is an automated test submission.  Please ignore.","id":"","so":"","di":"","ct":"","ep":"","ot":"","mt":"","yr":"","rg":"","on":"","sub-source":"","campaignMostRecentID":"","content-id":"","orig-channel":"","campaign-name":"","campaignMostRecentName":"","campaignMostRecentSource":"","campaignMostRecentMedium":"","campaignMostRecentContent":"","campaignMostRecentTerm":"","campaignMostRecentContentID":"","campaignMostRecentSubSource":"","Persistent_utm_medium":"","Persistent_utm_source":"","Persistent_utm_term":"","Persistent_utm_campaign":"","Persistent_Sub_Source":"","Persistent_Content_ID":"","Persistent_Campaign_ID":"","Persistent_utm_content":"","Session_utm_medium":"","Session_utm_source":"","Session_utm_term":"","Session_utm_campaign":"","Session_Sub_Source":"","Session_Content_ID":"","Session_Campaign_ID":"701RN00000Rbgf7YAB","Session_utm_content":"","inquiry":"Gen Enq","fullURL":"https://www-dev.broadridge.com/press-release/2012/jose-contin-to-lead-broadridge-city-networks-expansion-in-emea","page_id":"177499","page_campaign_id":"","ecid":"","elqCampaignId":"","Formmodel":"flyout","Pagetype":"Press Release","g-recaptcha-response":"0cAFcWeA5El0tCZxxannf1aw1FrIBUYPzdhshiCPJzTuzBnqjfMffffBfNxQuLkewWIuaXymtRVfCZlVHy9aqiqK0coDcr50VIanjtGj24Osdl-voZYuspHla1tIbHrj601vXXBEbVV5wu7sbMpt4sgHVzSPfzsT8LyddS_9IdvPYEGkvohWN8EXB2qtCWFaMyggTXIhBNCcpzGUqtZrXZOV87uK1bdcLuffCOxqpVhQCLsExW0D8xXbWiJ6tsgprS3YRVxk_u9C6xcRo67DVAekiifEKyawPHsBWn2sr4lo00q0gZh0ZxID7z54nzrfIHemNX1RA-DRU4u7yShOWL14g5nHSji-fvhHqNrK3bz6iOnO5_w7C0lXv4tWbcKgL6GdT7r6AN7UcY_M2lhEypyxoeS8mY5GefsTj6gW5vzr40Y7AtVd0m-Dl6IbOvNxL1bMulActn-keegpvWFUAfUt0DJgtvUM_NsM9MpGCufPYiMi4q4v8pbsB-QdHxsiP50nRfki57KvAkLf6PXFziHf8Nyg0XBlW98v70oHkgHQT4-PLa0sjyC1n7NNRtLGdC4VPxROCdmIrHAUsSO4ZMnzxqgJoCo50OEY5zNAD5v7qgMiKSvNy9kKhBfbtbmd5mgfV60HyPAFdz27ajqNlEifqQDhDBBYtVLEMymwNgdPPD4SGWnCMzP5E3oLjw-cDcIFCXNqmfgsPUsq6B5Oi5wtLQ9jOV_neMnZLX1NlixDWfzQoXLc9s9E_NfDeP_hK0VRZ0z3ExA1LQXisyfCCDfajCtzSvilE6vHPz23IR6hsKrIcoOdrFInksDNzjB2-fhSjyoWeHu5T7-1DpXYHEkYkj0JF0u_lX5ppM0KO9Dw1qKKJjOugki3KCEQR9iTEQb_RMhOVt4f4Uq7zMfwtDGbTgln2GTRGG6NwsvZ8Y8buwzVrPpoc2f6QrcCtVH_0DB3__l-MpDCXIqJbkXiFkCQfshSd66SRRsaZKQ4PoDTYN706CU-tKZ7DAlAMcEZNlcVnYxUX9ImIrn8163wFkkQdjIesfMru7Y6FGA09_zBT2HyCjsio8jjPpwwivQE9Z0P0DBTA6D-LbsS0gGbyTA3K3LBjlJZgMJ7GWeqoOtaeCBBDP00Sm5kPgu0ZRegMfhJouswFmv6xA5yV80QkWcvXJseAnom3aOvBTvFJrIL2cOgKC33YwvTh3r3m89Xbn9ung1vluEMc43NZO9Uvr9hpvwWn5oxLMyW_Oi8gG86kGJ0GSietE_UPUGDhmI2IHrUNRDm4k9Hrq5lX7585Z_6eH3VOtNv9virRQeZQmKesb8_UIQhPFutIMLtf5cYag4EzR4RLV0Coj7FBCKIGx7UmPo8xeuyOm0gNI34iGMFcjUGvMxF6VqGOplzX4fQ_Dn63qtm_sBQLW_QzaSFH7R0MeZV-l7nDSqK1UxU-1Gayp-bU98nzRrhMmjz0YNmBbKk4mlagkbab2VR5BOEWIBZwSy_5kwcKD11PjkkoE0Aw4fRzHJ54epu5C9SH-gM3FfSvFJQzV-eAyUZU2JRqm38m-_T7ZkUpMEPk2Iv9fZ8CtbvEY7uZ-YEkrj3wDr8jDjvQW_-eKh1KUsloEn_TN1x5nqS37g8hvqzDP9vQxC_xeP6GwGlOWUJtGFI5boIe7P3BbCEiYnUUM_D4n11ES5BCuq4gtTg4_tp06M95WicYGQOmTOp7d9LHX3PYnd4wFy5mt9Q2Zr5tp3uX6yVX2pX66tzXlzr4e0P_ENRGYqRdeS5zQuY2iUKPRDBqwj140blJ-UY-CAy50V0_ngWjwJ3ec8uOTu4Ow0WfhMRwhuN8GvbyPQ21AtcfjQzVxb2DWlEk7zx8iSqgZ9mlPZD4ODp_yeCWFs8THur19L9zihfGTxUN6ZkVqytiJwzDBmrF_7x7WfTPGxaCOw9Z82OehyZMZeFT3NlAycW4zg4oDkPFjq6Sx790-BgRfKvPcTY7_r0Ald_mv5NIPRWM1VNeMiWmUw-XEJbCcueIa68eD43JLoBLMTM2nyOVZD0V4tQ7LM1xa6Uk6dJnV8nbNv4c_9Whl_5U6xj2xc1SM5Txh5ZdfjPe94E3nyscusexFKpFYPpmMfWmCf_QcmbSQ0YqLuqX-SLEttaySD7oTfnd_k_V7oAiDz4Sat62jtz_YunCZpZUdxD0qv4gDL0J6a40VbaylPxPaDTNA8Vd4Aid5RG49HPU9q2oDM2mUy3-N1s6ZQhQ2E2VBH9BogSLDjplX48W7ydfGVCqxDKtg9aL6orERYKjcMRrnEc4ZKB_o5EBsPE-ffiM5U9kFJ_ShQl-ubWtBdnCUu8MpzGhFE5QWCwFbHmp5zl3frUw"}
📤 Form payload = {"formSubmissionId":"BRP0QDHEF-1771224298345","elqFormName":"","elqSiteID":"","datalayerheader":"","contact":"","formgtm":"","elqCustomerGUID":"","elqCookieWrite":"","segment":"","name_first":"First_74189_TESTTEST","name_last":"Last_74189_TESTTEST","email_work":"automated_TESTTEST_2026-02-16_06_44_56@broadridge.com","phone_business":"999-999-9999","job_title":"Job_74189_TESTTEST","Company":"Company_74189_TESTTEST","country":"United States","comment":"This is an automated test submission.  Please ignore.","id":"","so":"","di":"","ct":"","ep":"","ot":"","mt":"","yr":"","rg":"","on":"","sub-source":"","campaignMostRecentID":"","content-id":"","orig-channel":"","campaign-name":"","campaignMostRecentName":"","campaignMostRecentSource":"","campaignMostRecentMedium":"","campaignMostRecentContent":"","campaignMostRecentTerm":"","campaignMostRecentContentID":"","campaignMostRecentSubSource":"","Persistent_utm_medium":"","Persistent_utm_source":"","Persistent_utm_term":"","Persistent_utm_campaign":"","Persistent_Sub_Source":"","Persistent_Content_ID":"","Persistent_Campaign_ID":"","Persistent_utm_content":"","Session_utm_medium":"","Session_utm_source":"","Session_utm_term":"","Session_utm_campaign":"","Session_Sub_Source":"","Session_Content_ID":"","Session_Campaign_ID":"701RN00000Rbgf7YAB","Session_utm_content":"","inquiry":"Gen Enq","fullURL":"https://www-dev.broadridge.com/press-release/2012/jose-contin-to-lead-broadridge-city-networks-expansion-in-emea","page_id":"177499","page_campaign_id":"","ecid":"","elqCampaignId":"","Formmodel":"flyout","Pagetype":"Press Release","g-recaptcha-response":"0cAFcWeA5mhXuWMmUmEriDXE-bGEv5m-8JrHPhbHslOme8W4i3Mp45v_tIv3gBJuLWbkNzYbPj4JQYWs8yxax60yP86eioBOTHDkWgy9AJH5VdUZp7ebyP7NkzlsRfRcceoykw8WxAG3XvTfWag2TRU1-2QRSqD0uA95s0iGFT878G9GL7JKOMlzJPSZ4b7XtKnBTQcy6oEK1Gt035b28fssmAB04wGi4xgr0IHNe7B6g7TuJ9F751kbzBN62nNEyxDprK6B8zoksCPJtso3cP5aF_Ksg5VGqugXXfGRbA1yejRh2n_U86-Qr23YaJtMLUXT1XFqB8u8zJauX8yDb9kPJRdnU0iiJe0XqrCohIaox87AEeNx92Yt9_YwCSMaXBz-ud35WExS2DFWMPgrjozHLyrdQxgwrGztNjydbdVdlrbKn5bEAg6EU9EjGoudOX2KkmLSSVD3bV1hJuqAZ4bhep1WcQjw9lVEJLw6x4D5-wztnOOz8SWDRrAmZ1p-tVuLrjUmC4zKwS1d0X1b1lj3UgufX1-TkRrl_8VF_iwpbj9znr-6l-wcpWNZy6YOF-nF01C-UIgNY4yWEfuPryGWZgvHHSFxtcAc0QpRsCDXVYwtQf4nLUxDBU-duwMVCBA2QAX9a8FKhQg29V_IMfVkaYVB1pZE8gEE9PNgOQACmUNub1vktZ9_rWw4cZHKjqIVcLFgDl6qAO-Dw2WZ1GwtJlZ9QVgl5TOhZpkDWQG9tB-zIGm_GFOBQLHuH8KIT6I7yIms7Wi59Wx4ZGUgIB5LZcI9ZmrmGdJ6tjL3q3ruYRjp5zLADUBfmsgr6n_X6oAX4X2yPNfHstcgA2cZkSKf9q4AbQMTfgfpnegefI90altf0Mo3VqdeMqeAXdxOU9mIKxbpYtgUnk44zdvf5uHrGkEWfsDZdSWt9nUVV9ubOZ5Du3FMKxRRtQbZns8dOsH6jwIwJq7500ZJckFBDoHVu_vSZb_Qd0kz2rvGiBIbiM_-dQjTc5DT8h7b1O_10UHnOHfnkCm4e2iazJAUV6KL4Mp4uMzXX17j5PWIGmQkCU41tdCfrVUpRRYGPfZRqbrHeAU3G9syJrlCxVVZhBOPdGOz9pwyJ_8WfXJ4W8Il--8KsyxOau6529cDSSfHkwXM65vrQnNaadVw1VZq9AR0IrK7AlPfmnUaRfk_fj171q-uXLxNHq64MW3W4-x5ZvOyqMPrvnCUN0Xu3ihifl0XdeSZhrH-cMshhzIQqRgs8rbURzQYkVCbMkPm7tpl4Mul3NLlYkMJJLDlVuD55dGPFJdS5vugQX_iLUc1VMvCoZny0NpLM_TQUEzaq7dXgXlVnn85MU1KoxSfI1Zj43WU30bw0dZ1HxDIXkNQuito4ihP40bF1giTGzA-HwbA8Sc3DCcirlNiaBLX9GU08hRyiTNIIGOwmuGG8uEQFbVLv6407cotxEzRqfu1NNqrkulYR2Zp9di4caVNc9BTlLqRShQPMJwLyS92V6VyAY7NE94buWBJ0hP6Xuppx298-AIYMDKLLximUje0OkkKDJ7LNi21Efes2aY9_Nz9vXSphfG4v1wqRBUBX_7SRIySql1zEmUqqTiSoLGFI6UMAaHwUIQoFpISFAxgEwojcUFG4bvJVct0JTYiyb5aEA2djqMEmCC5ivcnS6D3K0U1EAM4y_ut5K8Y45XHawSM34Y9hgfL7uC4dK79-EV8gkgmsqdSCzY-_Y3qXz-BPAoaM3nFCYtatrq5WTfJPhh5vGB26wd613Nfa52p7ODL014f9BO_5ZExE_llhmnuhMbDbeOaFTK3lKGNc-Z6xMi1QFzcTIOLMX6388AVKFumc_eljlnm2k4zGeGK244-CZb1k73BM7ln9j8iKU604ds47AftBNZ9FmKsRJII6HMHEjo9RW_VXfXH9Vyymh8tzSAn-MRWTop4yKmpSmI3TKUWrGehpYzszBLdOAvjoce0XF7njKkrPDuJ1-0XoQcZUcqkb-vcGgLXPl8fDVKK_w_PZtwGxOQr3lQpXy0VdpDGSjbxHnzV1i8IPcWSuXrzDEuj3ZxFibhf-XX1QlYsqtw-kpe5GRqq2Ezfj8wAMCr5P8rvdT-MUy3181wdjk0I0DhC2egSlLyFcP8ymc54ZU_LIKvm4LdSKHWJLvfWazRkQnVoi09AnXx3Uppnv94C6E-y5CqY8orkoFlQJ9JV5V6moWahUn1vTbeFeBSmTlbbCKcVC0Qs0RW1wc62MFupe0uCD05FlkMrAVNot2Bl3CFJMLu0D_YjLLXYR1xipjzrgwj7uVas8dnlSXV7dFz33t2RBYxLbQksIb6sQZ4JGaqRQz-DLj90G83COHQfo"}
form message = Thank you for your interest in Broadridge.
A representative will contact you within 24 business hours.
formpayload for validation = {"formSubmissionId":"BRP0QDHEF-1771224298345","elqFormName":"","elqSiteID":"","datalayerheader":"","contact":"","formgtm":"","elqCustomerGUID":"","elqCookieWrite":"","segment":"","name_first":"First_74189_TESTTEST","name_last":"Last_74189_TESTTEST","email_work":"automated_TESTTEST_2026-02-16_06_44_56@broadridge.com","phone_business":"999-999-9999","job_title":"Job_74189_TESTTEST","Company":"Company_74189_TESTTEST","country":"United States","comment":"This is an automated test submission.  Please ignore.","id":"","so":"","di":"","ct":"","ep":"","ot":"","mt":"","yr":"","rg":"","on":"","sub-source":"","campaignMostRecentID":"","content-id":"","orig-channel":"","campaign-name":"","campaignMostRecentName":"","campaignMostRecentSource":"","campaignMostRecentMedium":"","campaignMostRecentContent":"","campaignMostRecentTerm":"","campaignMostRecentContentID":"","campaignMostRecentSubSource":"","Persistent_utm_medium":"","Persistent_utm_source":"","Persistent_utm_term":"","Persistent_utm_campaign":"","Persistent_Sub_Source":"","Persistent_Content_ID":"","Persistent_Campaign_ID":"","Persistent_utm_content":"","Session_utm_medium":"","Session_utm_source":"","Session_utm_term":"","Session_utm_campaign":"","Session_Sub_Source":"","Session_Content_ID":"","Session_Campaign_ID":"701RN00000Rbgf7YAB","Session_utm_content":"","inquiry":"Gen Enq","fullURL":"https://www-dev.broadridge.com/press-release/2012/jose-contin-to-lead-broadridge-city-networks-expansion-in-emea","page_id":"177499","page_campaign_id":"","ecid":"","elqCampaignId":"","Formmodel":"flyout","Pagetype":"Press Release","g-recaptcha-response":"0cAFcWeA5mhXuWMmUmEriDXE-bGEv5m-8JrHPhbHslOme8W4i3Mp45v_tIv3gBJuLWbkNzYbPj4JQYWs8yxax60yP86eioBOTHDkWgy9AJH5VdUZp7ebyP7NkzlsRfRcceoykw8WxAG3XvTfWag2TRU1-2QRSqD0uA95s0iGFT878G9GL7JKOMlzJPSZ4b7XtKnBTQcy6oEK1Gt035b28fssmAB04wGi4xgr0IHNe7B6g7TuJ9F751kbzBN62nNEyxDprK6B8zoksCPJtso3cP5aF_Ksg5VGqugXXfGRbA1yejRh2n_U86-Qr23YaJtMLUXT1XFqB8u8zJauX8yDb9kPJRdnU0iiJe0XqrCohIaox87AEeNx92Yt9_YwCSMaXBz-ud35WExS2DFWMPgrjozHLyrdQxgwrGztNjydbdVdlrbKn5bEAg6EU9EjGoudOX2KkmLSSVD3bV1hJuqAZ4bhep1WcQjw9lVEJLw6x4D5-wztnOOz8SWDRrAmZ1p-tVuLrjUmC4zKwS1d0X1b1lj3UgufX1-TkRrl_8VF_iwpbj9znr-6l-wcpWNZy6YOF-nF01C-UIgNY4yWEfuPryGWZgvHHSFxtcAc0QpRsCDXVYwtQf4nLUxDBU-duwMVCBA2QAX9a8FKhQg29V_IMfVkaYVB1pZE8gEE9PNgOQACmUNub1vktZ9_rWw4cZHKjqIVcLFgDl6qAO-Dw2WZ1GwtJlZ9QVgl5TOhZpkDWQG9tB-zIGm_GFOBQLHuH8KIT6I7yIms7Wi59Wx4ZGUgIB5LZcI9ZmrmGdJ6tjL3q3ruYRjp5zLADUBfmsgr6n_X6oAX4X2yPNfHstcgA2cZkSKf9q4AbQMTfgfpnegefI90altf0Mo3VqdeMqeAXdxOU9mIKxbpYtgUnk44zdvf5uHrGkEWfsDZdSWt9nUVV9ubOZ5Du3FMKxRRtQbZns8dOsH6jwIwJq7500ZJckFBDoHVu_vSZb_Qd0kz2rvGiBIbiM_-dQjTc5DT8h7b1O_10UHnOHfnkCm4e2iazJAUV6KL4Mp4uMzXX17j5PWIGmQkCU41tdCfrVUpRRYGPfZRqbrHeAU3G9syJrlCxVVZhBOPdGOz9pwyJ_8WfXJ4W8Il--8KsyxOau6529cDSSfHkwXM65vrQnNaadVw1VZq9AR0IrK7AlPfmnUaRfk_fj171q-uXLxNHq64MW3W4-x5ZvOyqMPrvnCUN0Xu3ihifl0XdeSZhrH-cMshhzIQqRgs8rbURzQYkVCbMkPm7tpl4Mul3NLlYkMJJLDlVuD55dGPFJdS5vugQX_iLUc1VMvCoZny0NpLM_TQUEzaq7dXgXlVnn85MU1KoxSfI1Zj43WU30bw0dZ1HxDIXkNQuito4ihP40bF1giTGzA-HwbA8Sc3DCcirlNiaBLX9GU08hRyiTNIIGOwmuGG8uEQFbVLv6407cotxEzRqfu1NNqrkulYR2Zp9di4caVNc9BTlLqRShQPMJwLyS92V6VyAY7NE94buWBJ0hP6Xuppx298-AIYMDKLLximUje0OkkKDJ7LNi21Efes2aY9_Nz9vXSphfG4v1wqRBUBX_7SRIySql1zEmUqqTiSoLGFI6UMAaHwUIQoFpISFAxgEwojcUFG4bvJVct0JTYiyb5aEA2djqMEmCC5ivcnS6D3K0U1EAM4y_ut5K8Y45XHawSM34Y9hgfL7uC4dK79-EV8gkgmsqdSCzY-_Y3qXz-BPAoaM3nFCYtatrq5WTfJPhh5vGB26wd613Nfa52p7ODL014f9BO_5ZExE_llhmnuhMbDbeOaFTK3lKGNc-Z6xMi1QFzcTIOLMX6388AVKFumc_eljlnm2k4zGeGK244-CZb1k73BM7ln9j8iKU604ds47AftBNZ9FmKsRJII6HMHEjo9RW_VXfXH9Vyymh8tzSAn-MRWTop4yKmpSmI3TKUWrGehpYzszBLdOAvjoce0XF7njKkrPDuJ1-0XoQcZUcqkb-vcGgLXPl8fDVKK_w_PZtwGxOQr3lQpXy0VdpDGSjbxHnzV1i8IPcWSuXrzDEuj3ZxFibhf-XX1QlYsqtw-kpe5GRqq2Ezfj8wAMCr5P8rvdT-MUy3181wdjk0I0DhC2egSlLyFcP8ymc54ZU_LIKvm4LdSKHWJLvfWazRkQnVoi09AnXx3Uppnv94C6E-y5CqY8orkoFlQJ9JV5V6moWahUn1vTbeFeBSmTlbbCKcVC0Qs0RW1wc62MFupe0uCD05FlkMrAVNot2Bl3CFJMLu0D_YjLLXYR1xipjzrgwj7uVas8dnlSXV7dFz33t2RBYxLbQksIb6sQZ4JGaqRQz-DLj90G83COHQfo"}
formSubmissionId = BRP0QDHEF-1771224298345
fullURL = https://www-dev.broadridge.com/press-release/2012/jose-contin-to-lead-broadridge-city-networks-expansion-in-emea
page comparison URL = https://www-dev.broadridge.com/press-release/2012/jose-contin-to-lead-broadridge-city-networks-expansion-in-emea
................Header Contact Us Form Filled...................
V2 ContactUs form NOT found on the bottom
V2 Download form NOT found on the bottom
no cookie button
header ContactUs button found = true
emailTimeStamp = automated_TESTTEST_2026-02-16_06_45_35@broadridge.com
📤 Form payload = {"formSubmissionId":"BRNN334IU-1771224337739","elqFormName":"","elqSiteID":"","datalayerheader":"","contact":"","formgtm":"","elqCustomerGUID":"","elqCookieWrite":"","segment":"","name_first":"First_74189_TESTTEST","name_last":"Last_74189_TESTTEST","email_work":"automated_TESTTEST_2026-02-16_06_45_35@broadridge.com","phone_business":"999-999-9999","job_title":"Job_74189_TESTTEST","Company":"Company_74189_TESTTEST","country":"United States","comment":"This is an automated test submission.  Please ignore.","id":"","so":"","di":"","ct":"","ep":"","ot":"","mt":"","yr":"","rg":"","on":"","sub-source":"","campaignMostRecentID":"","content-id":"","orig-channel":"","campaign-name":"","campaignMostRecentName":"","campaignMostRecentSource":"","campaignMostRecentMedium":"","campaignMostRecentContent":"","campaignMostRecentTerm":"","campaignMostRecentContentID":"","campaignMostRecentSubSource":"","Persistent_utm_medium":"","Persistent_utm_source":"","Persistent_utm_term":"","Persistent_utm_campaign":"","Persistent_Sub_Source":"","Persistent_Content_ID":"","Persistent_Campaign_ID":"","Persistent_utm_content":"","Session_utm_medium":"","Session_utm_source":"","Session_utm_term":"","Session_utm_campaign":"","Session_Sub_Source":"","Session_Content_ID":"","Session_Campaign_ID":"701RN00000Rbgf7YAB","Session_utm_content":"","inquiry":"Gen Enq","fullURL":"https://www-dev.broadridge.com/press-release/2012/broadridge-reports-fourth-quarter-and-fiscal-year-2012-results","page_id":"177479","page_campaign_id":"","ecid":"","elqCampaignId":"","Formmodel":"flyout","Pagetype":"Press Release","g-recaptcha-response":"0cAFcWeA6Mt88y96tehyG-RuuT9KE-uY5J9XRaMb-hSWyThUnPw0j1KCkaTyUuqX_NXx-zhH7Y_XPqAgCZMEyc9UqGQDscVGBmBex4ppzr0gPBuykULdIvM_0MoYxqOIryzrUsa3OxonesdbvyWJws9FZVwwK9n0swxbUQ0N5-ks1vtEtlaV9RlzTWM2XvNS9M0EzuMSXW73Dro7iJC0oi0wePWKD3Qe1xLC6bmMs5sWZtvDioIhuoLmppQ3GnjapPU9FS3XzZMuesHX013yQsQMR1Joe5HhZZI0CR93SFoidn7FiqJQm862f967f3bhNn-vU5QsWan5R-u0JbPFa_i5mUQzvRBa2GKO6E6Pj0tZcrI-Ni-WSXvMnm9v3yxnzkAQYUGqbkdCSK7mWp5KxODejNHnEJxzh4GPC7ZwvH4n0GRZnycStd-1g90laQ9qQBujTjSgz3vloPI_EjYaUIh-EoKRrdkyZzS9ZEpoFhuE3Qdi6qcJezfQh30KBhRz3muPAREodMN7slTeaOwsbZjZpKCQjCtyOx4Ev6pBEr-Zd_4IXdSBWjB0uChyvFkfVa3FLYFpaz1vKarpVum99MleE_cQwruUIcKeS1C_E0VwTgdBf2igqyhFr9IgRZtMAGiGxHbIc1L1OnsDz8ER7P5Icy0Ib_Biq3iDbYWseN6UpMIWJIqe_UrflCyn4qwAGnRQdzuj_UX0ZRnJYza9gVulbVZbfLQOV780t2K7XYSadlr2JnazUdk5cO5WlbCSG_k1RxFSx-w0seAZ1GbKkGtS5jMyEwequ8tfxnSRi0zNYgxjmYATSX6FV0nLl9AYNjptCXxQInz5GTpxE-LztmrpWl4B4Ch2Dg03LxBhtz7pyH9ZCkt92GpHG3XOGRJ8gYUlP4PQR3fEwQOg1GYm_8GYSuUwZp55HecCn0mJO9Cn0XoWDZIa3fj7g8CsrC29R3S9M184AgE5azSndEjMS-L_HvzekWgSfqlH93ozHpHv3rCNiEB0TqjCXKdJ1bpObHH1bc18T5kuwq8Yq95WIhYoaZHYEHj12-eoJEXpgZ9Ate3jR5SOQXHqRwD_Zeha_s1xK_umb5WTzKErZx1YHTgTcPirwwh7PdhY-iCVlZuo41V_jf7tcI695oUL-B63S-1U8mF6ZCEzUxrTDVx_IW1aOGzxtmHsWzIzB-bie0PmnjNeX9Qw2DXlu0ZJrYTNyP8UIazH7FTW7LOO-QaPeiqb98cFK8K4qjLAgaskWEmLhpnlcUEJuzV57ZwmxWjgXEuBkeRTRUAh4inp9iONqyYVixvWwcmzx0V-ZWM7Ui6KJR3anLiBjDn569C8Gp1NfeA1INww0mD4j_nDkRkBP6RtYNDF5WNowj6KTfdfkZMcTUBRLyIhQ3E1onKBX4OoD6ocdaehqhlUiG3cAwjs631i4ZKmcwwYEn4ciYb8--Z2MiNg_J1uaWs6fTia4G6Y-WzcJqmyqEfuHNBvz4XhkoIqIYb9Z0JWG7Kc46s1LvKBwc6VV_TvQJJYjQ844XrLostUOR5MEVErDtTIJjJSnuDOCSOKOleA1A3fQDdNGrYIXJBeGl1rAQw7sVyupMJig5ml9HnJ5jq5M9-jhgNOhLyAOfRy5U6JT8IcUIFNX0fBswVfmnkeGxskj1KN399KfIg3HaFiv8CwZQc4U_-VJpaouMT7hiDY4sVyQcKStPh3qfdSS-b8M0aUIj9Nws7NwQ0ITAXkiSk2gQ4CUfGfnkIy9-ItdEq_pMRrZvK5mDjUONHzHQb8vr8NtFoXBpspwx-_vQa_AQAzSIkihoUSeCY9twKHFD11_zhcIUC-N9qhHOjTpk4OG3CdUCcZtIfgpAdm-59x3PV_psiHKNW0fASxLLiBlz8okuVeJa7MW5hW-ao-ms-opr3TCeYq5Ijga1WfKUxTbFkqOQ_j-Pwn8oEqYtaLBKrPjjJ2RaOTVsP4wOUWAyVrQbJPgmcZxFrYxpjLF2id0p7CWGsOgFdBPrA2L1vy_JX92i3ZY1xxVX6e5bzMZj711Xn-vnXiggknQXXkKmhqg11Mn2KeWrP_19UBYVof3YQFa_4OxB4YhI7Mnc6hLa8-nde1BI3Dy_st_2-GUEHJJRqDVWOz4uiEO7J5olIMjuJzQ-Y7AbotD7Z_sPPQ0wVfUpSgyoEThHpvjBVGlgkq63kGUjA4lwKyw-ofI-X5-NF84DWFwieGml87s6uCkclJrdScoWe8t-YlrOGCi3RuE_WjdWyEHZhxmBYEbZIlD-kKtPmka_kCHyBSj9WKchc08thRhijsmOxjIkuVGpwF5a7_2vy4G7wa50uNbwOfxD-XjhetTX0R7OHcTZtw1OTtfLOaq8_017VBmfEFzODTIRqRBP"}
📤 Form payload = {"formSubmissionId":"BR5T62Z7Q-1771224337910","elqFormName":"","elqSiteID":"","datalayerheader":"","contact":"","formgtm":"","elqCustomerGUID":"","elqCookieWrite":"","segment":"","name_first":"First_74189_TESTTEST","name_last":"Last_74189_TESTTEST","email_work":"automated_TESTTEST_2026-02-16_06_45_35@broadridge.com","phone_business":"999-999-9999","job_title":"Job_74189_TESTTEST","Company":"Company_74189_TESTTEST","country":"United States","comment":"This is an automated test submission.  Please ignore.","id":"","so":"","di":"","ct":"","ep":"","ot":"","mt":"","yr":"","rg":"","on":"","sub-source":"","campaignMostRecentID":"","content-id":"","orig-channel":"","campaign-name":"","campaignMostRecentName":"","campaignMostRecentSource":"","campaignMostRecentMedium":"","campaignMostRecentContent":"","campaignMostRecentTerm":"","campaignMostRecentContentID":"","campaignMostRecentSubSource":"","Persistent_utm_medium":"","Persistent_utm_source":"","Persistent_utm_term":"","Persistent_utm_campaign":"","Persistent_Sub_Source":"","Persistent_Content_ID":"","Persistent_Campaign_ID":"","Persistent_utm_content":"","Session_utm_medium":"","Session_utm_source":"","Session_utm_term":"","Session_utm_campaign":"","Session_Sub_Source":"","Session_Content_ID":"","Session_Campaign_ID":"701RN00000Rbgf7YAB","Session_utm_content":"","inquiry":"Gen Enq","fullURL":"https://www-dev.broadridge.com/press-release/2012/broadridge-reports-fourth-quarter-and-fiscal-year-2012-results","page_id":"177479","page_campaign_id":"","ecid":"","elqCampaignId":"","Formmodel":"flyout","Pagetype":"Press Release","g-recaptcha-response":"0cAFcWeA57tzaQOl5NGCgCDzXYqebO-hs8x83P5GfZO4M3sbXLawl1NwoAgjfrw5Y1ZEPd-TwSw0aMzrlvmt1XNIsUOAvyweQXPEBWCh8dNF_IAJz5Fh-g5P9ORcg4FxGguSyZMB5tDB-bMynqlZoRUoUv8JzGFnaVpgPfPbddawkNrlz-znBc3xajO_ho3to5q6kMLp1cxp_VwqzJKOdri3Mz_LSL0SOSPMfDQz3P-RNzy8sUHCahA1PJbKeyYlRAKmF61eJI2yon_9rhDX-0h9O5j62tKuN-9GdjmmRIlFyJwuzGTV3_j_ibCkDf80KzeZWSSSPh2iIfgsxluwtmMJMebD_nzvgV8U5yU-IpRF7pmuAFQOGnuT0qgnbaAQYXfWNeH6A3mTWj0tcfhOzh3WU6QTfDVv9jtTc1rFlpN3Ajlzid49NuSsa3WL2dNMABSyqJoXPEjY1onhAIBrhsFJAJJd1q2MbdW6nwZqdTmZ7Lnck9Jm8JslwzdnIv94My_XwBLnDnswxXhko7sw66odh-zfqzbvoyfTyVLzQt6VMRBG2cqCmvNOIe5HVPXsfskY45DzpyKJAkthj5gTu-3dNSxZ1gfPenGxf2EWg48EZvu4KEVodnefgB1R-5djJltSlpMaXWJ0PNgm-jpouqP0MiCiybcAOeIhRYMin5gtTBQ9v1mSIU8QyaajL_tW9KgK3NyB7Ro7XdCfm9SqesJaf0vK7nVVsMp1Nwt0I6wLm-_V6QUHEajKqnT2dPcbnQDNQ-3AjbJgTQPm9OZ9nWZZmMP6ql8-Tp6TpkW8qiKFxVH0L-E7wRRDa-ZvSjTQD3Z7PsutRaqR6oBAvBLGxCTboBSyDBsfvgVudIlpjhnP5U0Ey-BLkJmeIveadKLlMekrrmpVrFFuVgvWkIoC-uwGc34F9tnIyXfB8cg9vuW8W6Kmd1MJGMmBOg_ACbTQe6USGwT2yVmPrVx0_6RlJxptzHOGNYdQJVQhg2B1E2wKMsqdIAOmVyvuV0F8uu8BYzLyt89CJ8BXylPvTaTGa7lt7A6VxTlxAToc4IvBYN5Kv3oQFdk-3X7Dk8ApAtxak3S0JaGPdas1OE0x2fC0_s4DAqYYYoYbUPvrWp5HOp61jcHgGdtQ1c7467IqiH9n2HBNfqSRQJBqY3YxrehNbIsy5t8AvVonXuO0yIg7aof0Za9rN3R5cklCwZHeSLRITx5uEqWbBpblZFYooEUnblh_Fyi-8mqIlanMcSdsPOTIns6Q5DiwBp6VqM
[...]
ghts Front","g-recaptcha-response":"0cAFcWeA4ofos59OxNEBbERq5p2q5cxhS64Se9hn2p2dAUzP8ocTQEbRjenDR85VI2JKZ0S2EYQ1i0ZS4QHD5SAAjrrG9nVjRdlIEzaA-DwjxmZeaJgtqEqRpZ-4R4xbJyWhebEq7VGx8Q8WLugTawsPN6pONjl5wRvyld0gkZAMV1klt1TZ7QPp6Za86FjZpFAQezRnP63PcxDBSatGHs0bTlp2Tl7FUDM4fG9bjtR5leN9zZBYFIs-QW2OqtvZ1UGTn57rG93iQhhsUe1zt5s5vP97nREs7zurQJsMfD1FYLjFcoLIL4Fcjrx99bHfMgGJeZlPi4penEdIWuZbpEUWNaGNWICl0fMoKoAM184BrVAF_nQ22Mw-s7KngYBhSWANKPkx7jYdGg_jSBjROoIf_Gjn1130c51FCU_9h5dL5ULuUJjKb4K7dPu_M19m6QII0VgEPRtA-Dm44tY1aUzfCtW4elLA1kvHKJAMyEFG12NFEHnDSzCC2L7RwMEJeBuhMOnAFrU5HjLxBYiSc54ZS0s_GfmFrCtU11HWIFPcs7IDDwUrcmtyGQ6KzL6OblX6roOOAXmh45Fq7gucihpzUO8kYLjC7B5OlUfOANuU8d6fYxRkZC-0omsBMqTynYrvKeCnLujx6QYl7DsPy_3THDXgQVs6m7ZDXgFiK72zLn3RwIAovm7RPONrJ4Xv8xEWzXg6YXUxz7glfcoZkgoTByC7NMxm_NBE5R3y9CPuvibBXG5_u5JzBpC8xmB_8TqhRa65FXd9q1nWpe79WJMaIprfq3LZDxiDxKkp4vT2K2GypgC3vFAwLVfslLTdKF0llDiciCUz9IWjXnRqkPuelG386elJ8qGrEcBTPD41CkkOgvO2t4WjQvt3vaOoEpwevPKeEmVMqrc_ph7lJOuvoVAShn08KXbaFoQqF_seZIOxiIr5dhb3Bl13_FCgjzRQmLVawJv07bwu0-P6cvOIT-kNZMcEX_8VO5Yt7yQOoQ7pYpeWT2O4p0dBsEVO-pXkLq3YkrZMY_QmEmSVp9JkmMhbZZLsiZw4Tsia6FRKR1aVqvA6BZAe73N2RzCBRL7XLLc58GjFw9tgZjnxlBrbkO3-wmGv9cflLVQCr_PnRZsg5UOltF1TbxoUOLnNBLysSuW_bcnDZFsI0xj1yGamk55MYy2bRFqgEvHF8ap_gULdYUTk-s6DXuqrZpOU5J_M6Bn8nfioAsXKd5dVUycL0p5NoTBEDnG7dWOR-v_YT7Jqj_k6PIRvpIZM8vC5wEZwnNWcvlzyvjXcfwZ1vlCoZJlhfDMUQatvcB3ftjQGFiCl7bx6s8nBYA4GsY1-cDlvcE0Gl0_1bwLwPKF7xsBIIAvMuy8IUTezaHquYLwJYJnMBBAlJ7nM1UouLO3hlpByKRxEIRPOIbLyUfR0A-j1q2VE4xRY5ipfL7VFF309ZrfwhBbWMIIVHSdRM-Sb0h9pvRBAOIbotzQC5zgPNIiAvz2xDpHmG5pKdS0VFj7ZHYKsi7_gIvtotNVnKNNkBGNgJRqh9toA6QBereWpy4y0l6xB78PQZJmRc-GvSrAhWWa7pqbKobB7vh6pbBll_cFi-kWxttLM49k1HKMtOe2IolcpyeVHsp21vTmE35L1cdIS9yoI6lSArUdzG3KsBqgmqWWM3_VpGA7JH4wicz9IuXj1du3LZLqQuxfcccfr61ddOy99JlLf6MHX0y3jrFaJtvWmrKHwYYFj6n4RzG6u4ACSFJRuGOw62DQoZrWI6RKED8NxTR1NRRs9ZAh5pYhIRkPq4HUUdnNUqvXMORi_n30MJHTUfjH2XEOeW_2J9B49xiE0pEJzwN2l0wxlvn715rg8ujvQyhvJrvxZyegrJB5I9bZNFy5rC_hG9M1we2fkbZofWOpBn-gfg2L7WGkoiybeDmF8d4hpVhwzDkvXm88BrcVtmBgUTpCHgFqayLKSGvnxNiEx09s181hCkbieAgBTqj-vFzSp-VlOjwSHBV0pA-E7R-JhCqyMDfFfu8ihSxSgO6tAMDjirQHDc28M5D1-_W6Y8K_U0RrDd78Cl_dwd8YaQyN46yF3CTMaOIfbbZ1WNzRMm9QTWUt2M3UaNQ4R72MLdT9PVi0SFX8ByH_e8PVi-dfjxyAnFRK5bQuobP_IrMFINOE0keO6iWX792W_ji-o91G8fVP3GUxiw_spqQFf6NFbgzdds8piSq41f7pkIRVaJa-D0XAmbSRg_iGX_3rMWtxDmknnu0c3Ro-CBVEUEq_Mrf_6aP_iTZMbMVQgEsNGJi3ljrFnyO84yuTuVbum-bNMB5Wg5Zyj7vewXvDSe88g"}
📤 Form payload = {"formSubmissionId":"BRCW1GAAK-1771224835342","elqFormName":"","elqSiteID":"","datalayerheader":"","contact":"","formgtm":"","elqCustomerGUID":"","elqCookieWrite":"","segment":"","name_first":"First_74189_TESTTEST","name_last":"Last_74189_TESTTEST","email_work":"automated_TESTTEST_2026-02-16_06_53_53@broadridge.com","phone_business":"999-999-9999","job_title":"Job_74189_TESTTEST","Company":"Company_74189_TESTTEST","country":"United States","comment":"This is an automated test submission.  Please ignore.","id":"","so":"","di":"","ct":"","ep":"","ot":"","mt":"","yr":"","rg":"","on":"","sub-source":"","campaignMostRecentID":"","content-id":"","orig-channel":"","campaign-name":"","campaignMostRecentName":"","campaignMostRecentSource":"","campaignMostRecentMedium":"","campaignMostRecentContent":"","campaignMostRecentTerm":"","campaignMostRecentContentID":"","campaignMostRecentSubSource":"","Persistent_utm_medium":"","Persistent_utm_source":"","Persistent_utm_term":"","Persistent_utm_campaign":"","Persistent_Sub_Source":"","Persistent_Content_ID":"","Persistent_Campaign_ID":"","Persistent_utm_content":"","Session_utm_medium":"","Session_utm_source":"","Session_utm_term":"","Session_utm_campaign":"","Session_Sub_Source":"","Session_Content_ID":"","Session_Campaign_ID":"701RN00000Rbgf7YAB","Session_utm_content":"","inquiry":"Gen Enq","fullURL":"https://www-dev.broadridge.com/insight-pages/broadridge-insights","page_id":"183351","page_campaign_id":"","ecid":"","elqCampaignId":"","Formmodel":"flyout","Pagetype":"Insights Front","g-recaptcha-response":"0cAFcWeA7bqzbGKVX0-NnIQRxmWqC_nTXbp1Q_ouEZgOrLGPDOI-cj0SJoYWvTV45QEea4tHNJf2uOJLzNAVBwqf3sjjBi__Ad8GgK4KZnFBQ9hQ0bwLkMP6M7S8aacfFJ2GoWQHh2FfB4U8OlbAgaHjYSw5hlCmQ38H5HlL-KENh-uMb79XTkNydzyxjHtvoQbtyGGax8C7_W5XpUmOSx1_VVtRPe6phcle7hkEfrHxZampwzn9T-BQFREzyOK17kVQLjo_AbSMyEVSZUZYNDJMnFPU1_GiIJQ8-k7z4ry6fDmbEueAt31gy7sASRd9LakOc32QKjQX1nVh0YMSavyTaKH_nDdLmIOWLARHs0RoPRS_spJlxDdzn5_McVrCY_9muiKeL62YCS9dMabHzBTYd_ZR7x11O5kOMujRcd6zzVPUax8QK32OypDMfIsyo_jThfcc-J5EY5q4Do-TDQ2UK66l9nEEseBdCF2VR-dO-ZQiFYX-zxKtX4MR9FNspODPTT-L_ZG3CVDfhv_PsUq0BnGCeV-HI41CrVkUx5HOZ38Ezp5x6-nhaJEJwY9dRbGPvs1--HwlZ1xoyVVNbuTucnvqd12pRiFrXFnZ3TInLLMqM9RIYRadvyoHrMqhRdvJQjC7a-_N8sbTrhcHXcfxI7N94TOU0XdI97LmsUofWu4RB246yiE2QmxozIFJr1cMZqJN-nZYQ6zIFWE47063gkcV9IsCkEIxKrNGj4qBR5wLdFxat3FyLl1r896dt3-_3ir6oEHtcVfWGPR71n0uI79z61Qa6y-ze3UleLyikF5kTkCJIgjyNLkDr_6frftil7pqxYSfE3mqj8s3se_DyD99w9uHvyetPNUDup1P1Pi6MC21n0FX48_zIKn4ZJz4Qsu_3f5l1yUcUJYc6Kqn0RSvbwhsYVKuCNFzuFyL75fxtYfD2gIueNP2PeMJucpKWFsqu_yt5-_Dk1uLTBhzR2pGlFCjxxha0MxKKGihnmFAXk6Njouh9iX2Yqh2--Wz2cGZkwBZZT9zB-mOt1MnHd_LDaVJCF9DHXySWFp8SfNIFrVt8BThv9iiD247V_se2_zYxRqO3-qH80OCNZDSZbqPSjDTvWKV4fU8qulYjqJSRN91map2Gr6g7Tuno6-TX3bRtl7alK7qEUqcS-v5MmA--J-R479AQiZCZ12DsHT4p7e_IH6nds4EbL7l2NtuVTH-FA82MBOTJ0nEtIX_djTQrh2Nd1037q7h_h62R6ZtRzgQhnY-kvTzO6CqwcHJvQviGUWOeEZk7E_EcU-NjvtzZDqARlfbwDzgk8C_f3b1U4kFQ55f1Y6qrGy-aPPxKhSdMI1EQEJ0ObEb8jcxcEgkA03ACirzwnSQxaT1i1FOprmg8C7lyUYGkJUnQFDe9LP8K0l62vEJdMdGkSKlajlgSYlKDfgtYAeSeLbiYHntDuNl0YKGeLshDyoFBkqOZKDQZsytVCfjdHHJwlt2K0FuziqKORuuH00CnFBQtPS-9nXmFbEBi4SUichVcoyKJF2_GN_Z0aOPodvHXgMU8mhhbrc2qTtM5RuY-Vq_TbsgS56Cdtd7lw6QIol0mFZhYYx9_h6nPZyd9KSSAvQNeLpVg_wmVExn9JvlABqBTCDHx-ulolKXTckfZq3Fry37UJoF2E_RpAhBGwqgTSOHV1kr1KlczcWv0qPGybySBEhKt7wLLwNgYCsLx-CemulcFbzTFxZIFw7TqglCni8LNFsjj7eRhJmAiush2PBf2tY_38jltPh6kBtOD9dx2oJ_S3UlOSbqlpF_ulntDwHfAOKOL_SR2jjBaOGRZELMnAZdyTw6oBgfGorzr_owNgsfJ1CiAkUG-jNlUlpzKN3lof_dIZ9xbRTJV7byKHHSIGYSniY6S1z79VkTwiv-pK7UPbuX-Wv8VaNp7XOEHeF4EgaRhqLvvjrztMQlB4kFKws3mhxIvxzRPMGPXJkDq8lFDi669DjTpRB2vz61LuNhaziiGh_Gtoz4Ulbct3nnpDi4qL5mdedckJKENvrMv5NYOimXv7CSPCBuxwpqO6flAPrcAHJOOIKJVgJ-nyDR0TajkJv-JcZv_CqdbQCKyg2bLbLE-sRScLgYuIhvXqDRV_xF4_8iwvLjmS1rHrFOx5-G4r_fUgLe5778Pwvl17tJPQlhEL8FUaavSSIINGehhUn-No3RTY7PgaUE5jzlrCDDoe3lcKxCKKImw0y_Wea3ePK1HDZrO1_oK2he0SVfI7NHN-YRTTRqDW6swM_S5-p3DWGr_Mzl7U0H8n4OoUlhFpUxHbvB2D"}
form message = Thank you for your interest in Broadridge.
A representative will contact you within 24 business hours.
formpayload for validation = {"formSubmissionId":"BRCW1GAAK-1771224835342","elqFormName":"","elqSiteID":"","datalayerheader":"","contact":"","formgtm":"","elqCustomerGUID":"","elqCookieWrite":"","segment":"","name_first":"First_74189_TESTTEST","name_last":"Last_74189_TESTTEST","email_work":"automated_TESTTEST_2026-02-16_06_53_53@broadridge.com","phone_business":"999-999-9999","job_title":"Job_74189_TESTTEST","Company":"Company_74189_TESTTEST","country":"United States","comment":"This is an automated test submission.  Please ignore.","id":"","so":"","di":"","ct":"","ep":"","ot":"","mt":"","yr":"","rg":"","on":"","sub-source":"","campaignMostRecentID":"","content-id":"","orig-channel":"","campaign-name":"","campaignMostRecentName":"","campaignMostRecentSource":"","campaignMostRecentMedium":"","campaignMostRecentContent":"","campaignMostRecentTerm":"","campaignMostRecentContentID":"","campaignMostRecentSubSource":"","Persistent_utm_medium":"","Persistent_utm_source":"","Persistent_utm_term":"","Persistent_utm_campaign":"","Persistent_Sub_Source":"","Persistent_Content_ID":"","Persistent_Campaign_ID":"","Persistent_utm_content":"","Session_utm_medium":"","Session_utm_source":"","Session_utm_term":"","Session_utm_campaign":"","Session_Sub_Source":"","Session_Content_ID":"","Session_Campaign_ID":"701RN00000Rbgf7YAB","Session_utm_content":"","inquiry":"Gen Enq","fullURL":"https://www-dev.broadridge.com/insight-pages/broadridge-insights","page_id":"183351","page_campaign_id":"","ecid":"","elqCampaignId":"","Formmodel":"flyout","Pagetype":"Insights Front","g-recaptcha-response":"0cAFcWeA7bqzbGKVX0-NnIQRxmWqC_nTXbp1Q_ouEZgOrLGPDOI-cj0SJoYWvTV45QEea4tHNJf2uOJLzNAVBwqf3sjjBi__Ad8GgK4KZnFBQ9hQ0bwLkMP6M7S8aacfFJ2GoWQHh2FfB4U8OlbAgaHjYSw5hlCmQ38H5HlL-KENh-uMb79XTkNydzyxjHtvoQbtyGGax8C7_W5XpUmOSx1_VVtRPe6phcle7hkEfrHxZampwzn9T-BQFREzyOK17kVQLjo_AbSMyEVSZUZYNDJMnFPU1_GiIJQ8-k7z4ry6fDmbEueAt31gy7sASRd9LakOc32QKjQX1nVh0YMSavyTaKH_nDdLmIOWLARHs0RoPRS_spJlxDdzn5_McVrCY_9muiKeL62YCS9dMabHzBTYd_ZR7x11O5kOMujRcd6zzVPUax8QK32OypDMfIsyo_jThfcc-J5EY5q4Do-TDQ2UK66l9nEEseBdCF2VR-dO-ZQiFYX-zxKtX4MR9FNspODPTT-L_ZG3CVDfhv_PsUq0BnGCeV-HI41CrVkUx5HOZ38Ezp5x6-nhaJEJwY9dRbGPvs1--HwlZ1xoyVVNbuTucnvqd12pRiFrXFnZ3TInLLMqM9RIYRadvyoHrMqhRdvJQjC7a-_N8sbTrhcHXcfxI7N94TOU0XdI97LmsUofWu4RB246yiE2QmxozIFJr1cMZqJN-nZYQ6zIFWE47063gkcV9IsCkEIxKrNGj4qBR5wLdFxat3FyLl1r896dt3-_3ir6oEHtcVfWGPR71n0uI79z61Qa6y-ze3UleLyikF5kTkCJIgjyNLkDr_6frftil7pqxYSfE3mqj8s3se_DyD99w9uHvyetPNUDup1P1Pi6MC21n0FX48_zIKn4ZJz4Qsu_3f5l1yUcUJYc6Kqn0RSvbwhsYVKuCNFzuFyL75fxtYfD2gIueNP2PeMJucpKWFsqu_yt5-_Dk1uLTBhzR2pGlFCjxxha0MxKKGihnmFAXk6Njouh9iX2Yqh2--Wz2cGZkwBZZT9zB-mOt1MnHd_LDaVJCF9DHXySWFp8SfNIFrVt8BThv9iiD247V_se2_zYxRqO3-qH80OCNZDSZbqPSjDTvWKV4fU8qulYjqJSRN91map2Gr6g7Tuno6-TX3bRtl7alK7qEUqcS-v5MmA--J-R479AQiZCZ12DsHT4p7e_IH6nds4EbL7l2NtuVTH-FA82MBOTJ0nEtIX_djTQrh2Nd1037q7h_h62R6ZtRzgQhnY-kvTzO6CqwcHJvQviGUWOeEZk7E_EcU-NjvtzZDqARlfbwDzgk8C_f3b1U4kFQ55f1Y6qrGy-aPPxKhSdMI1EQEJ0ObEb8jcxcEgkA03ACirzwnSQxaT1i1FOprmg8C7lyUYGkJUnQFDe9LP8K0l62vEJdMdGkSKlajlgSYlKDfgtYAeSeLbiYHntDuNl0YKGeLshDyoFBkqOZKDQZsytVCfjdHHJwlt2K0FuziqKORuuH00CnFBQtPS-9nXmFbEBi4SUichVcoyKJF2_GN_Z0aOPodvHXgMU8mhhbrc2qTtM5RuY-Vq_TbsgS56Cdtd7lw6QIol0mFZhYYx9_h6nPZyd9KSSAvQNeLpVg_wmVExn9JvlABqBTCDHx-ulolKXTckfZq3Fry37UJoF2E_RpAhBGwqgTSOHV1kr1KlczcWv0qPGybySBEhKt7wLLwNgYCsLx-CemulcFbzTFxZIFw7TqglCni8LNFsjj7eRhJmAiush2PBf2tY_38jltPh6kBtOD9dx2oJ_S3UlOSbqlpF_ulntDwHfAOKOL_SR2jjBaOGRZELMnAZdyTw6oBgfGorzr_owNgsfJ1CiAkUG-jNlUlpzKN3lof_dIZ9xbRTJV7byKHHSIGYSniY6S1z79VkTwiv-pK7UPbuX-Wv8VaNp7XOEHeF4EgaRhqLvvjrztMQlB4kFKws3mhxIvxzRPMGPXJkDq8lFDi669DjTpRB2vz61LuNhaziiGh_Gtoz4Ulbct3nnpDi4qL5mdedckJKENvrMv5NYOimXv7CSPCBuxwpqO6flAPrcAHJOOIKJVgJ-nyDR0TajkJv-JcZv_CqdbQCKyg2bLbLE-sRScLgYuIhvXqDRV_xF4_8iwvLjmS1rHrFOx5-G4r_fUgLe5778Pwvl17tJPQlhEL8FUaavSSIINGehhUn-No3RTY7PgaUE5jzlrCDDoe3lcKxCKKImw0y_Wea3ePK1HDZrO1_oK2he0SVfI7NHN-YRTTRqDW6swM_S5-p3DWGr_Mzl7U0H8n4OoUlhFpUxHbvB2D"}
formSubmissionId = BRCW1GAAK-1771224835342
fullURL = https://www-dev.broadridge.com/insight-pages/broadridge-insights
page comparison URL = https://www-dev.broadridge.com/webinar/webinar-program
..........!!!...Filling the form failed...!!!........
................Header Contact Us Form Filled...................
v2 ContactUs form found on the bottom = false
V2 ContactUs form NOT found on the bottom
V2 Download form NOT found on the bottom
no cookie button
header ContactUs button found = true
emailTimeStamp = automated_TESTTEST_2026-02-16_06_54_34@broadridge.com
📤 Form payload = {"formSubmissionId":"","elqFormName":"","elqSiteID":"","datalayerheader":"","contact":"","formgtm":"","elqCustomerGUID":"","elqCookieWrite":"","segment":"asset-management","name_first":"First_74189_TESTTEST","name_last":"Last_74189_TESTTEST","email_work":"automated_TESTTEST_2026-02-16_06_54_34@broadridge.com","phone_business":"999-999-9999","job_title":"Job_74189_TESTTEST","Company":"Company_74189_TESTTEST","country":"United States","comment":"This is an automated test submission. Please ignore.","id":"","so":"","di":"","ct":"","ep":"","ot":"","mt":"","yr":"","rg":"","on":"","sub-source":"","campaignMostRecentID":"","content-id":"","orig-channel":"","campaign-name":"","campaignMostRecentName":"","campaignMostRecentSource":"","campaignMostRecentMedium":"","campaignMostRecentContent":"","campaignMostRecentTerm":"","campaignMostRecentContentID":"","campaignMostRecentSubSource":"","Persistent_utm_medium":"","Persistent_utm_source":"","Persistent_utm_term":"","Persistent_utm_campaign":"","Persistent_Sub_Source":"","Persistent_Content_ID":"","Persistent_Campaign_ID":"","Persistent_utm_content":"","Session_utm_medium":"","Session_utm_source":"","Session_utm_term":"","Session_utm_campaign":"","Session_Sub_Source":"","Session_Content_ID":"","Session_Campaign_ID":"701RN00000Rbgf7YAB","Session_utm_content":"","inquiry":"","fullURL":"https://www-dev.broadridge.com/report/asset-management/tailored-shareholder-reports","page_id":"130411","page_campaign_id":"639ca36f01b0d5c80e77c6108137c4c5","ecid":"","elqCampaignId":"","Formmodel":"flyout","Pagetype":"","g-recaptcha-response":"0cAFcWeA4W8480vII25obdUAUr8PqJUGGTIMd6jd0qxCZYSi4gUJAG7LDS_RsNNe2ALsYZ9U13HqRtbCBeGtFhX6reGTIKqYooMB6Qxz-RD4-2T39A1Zt4Wa-PU6vedpHb6yeZ3SGx1g9I7x5nwqP5eTOXN7ZXPg3lpldu3iSFxv-dG52welw2ENcPNGAF5Ktni5vcIIz4FG_8fGCtxQzBT-Jj9tQKBDSjKWGP3Bu2d0I2v5FaDA_i2lQQpPmzll7xktF8ziEkhHcHwDXB2bmHaCyNbo019orag3mByDEUYFcgNwLBqVFusRoAzjzqwc3NRGVus4ptwIJ-ytWphmSphhUGSGUO4PVbU4siOqJO-wrJrsmc9TVlOe6vjuP77dFVnK51XAVvcalqSeD-frYjJ1Bl3AO4bw7X5ZRLnH_17-itUttjEvxxpKRuuuJFCe3u5IVx2y5ijZKfm1rtNJB8y2afvdVoqOJYpRXddOLNrdpsugGfvYHYKMsQIkOd3TCeHdG9osJYnqSPbGgDxJPy4iAYbcPl_GKoymgfzld1mnRx3rOZ7d3pxrIA46j0nf67I5N2NiD5KiWICIVdjQIVNM6OpdosvkCTszhuTCgOZ5QWpzSjMuwuW3uEl6FlSD700NXgtRkniOqQYi-cgXeAlcv_thf2XpmHKzBhSwGY7a3AnVzB-ywT8gXKlcSziRW8TV-gAYST1dMLSpxAMxezbITlIHOp_MtZewfACHw-wXFxrpB8p3wBVvDwLboB6dGtZI_1UXI6PKDyCo7jS130hiDobPhTxXjnkIbv3Cjg3rqoqXchU_HnwQMHbpCZMCMrBq5nFwZcI7Q-BLIYy5f2DY4A6i-wqf6VPAreKXlalH48r7GMAK05XdqjRYolKRTFp6aKeoQDmGvvOYwZRiCrHUocAQfSOl13gso0-UOeCG61mQnDItTuJkFYfftonqinh7QbJYRdOotsnN4GVtumBLlG3fKFR8Hs823cgOnt_6arlWpPJ-CREo8a_7FIiqkjNjk3O8C8RVoBGfYEoBOGMZCvPeicw_BqX2Ssou2Gmv6TjZVy-tJ6_kTgyHj49BIk0ZVC8gezZkj2QyOYGgjEbQv93Hz6gT87-fy1sS58HyiPDFPz-1oc99RNtezXMB_ShgC3THj086Hj7KdIP7qsuXuuApuiDE5BRKydbQFKD5U9wfrwi0199MHB9pk4VaHWMArrPx6GVhwqz27ZHSnNTOzUZ648Q1jCVF4BkfzDm-StD4E3awoCtI8-SteaWKmPldKGwJNPFICI8a6gwsj2-S75_c7_YNRbGMZt7lOZUcjiVYN4oTqIjH287K0grlRLLr1vAtC82d8B1ZjpohgvZMDzPmBBUCNohoh6_7CJtTN43g-RNEor4THJeECbOJNUgPdx84jtddcX5EmQ1b-6BkPLmAizMaK5s0WjBRjgWCi0R50HKecYJ8zQLE-KlzzW0kU63gAZ9L4-B-nkGmnenBYP0qXJmSP-YrbW4isNWvH5mNid4yygcdZWVTgKfSEALnGuTCAeEXD47bjwAfu7c0uk7oHpHz8fuxYg21B7EK6y4jgxyqqnNB5fgvxBePO2xljiXSELSKCwGY1Cx5WXJMrPTdQKh6tvG43toWyT-oyy4IiRVPQ3WdihUXIngjvxrbDo9cn1spPJOsjT6hUVHTq0hmIyCT4KkeS6jFvybTYA1xFnltjqyqoL5Dq598zjNWMZHDmFjl0W4BoIGNewLaWHtxD7DtgLsbxSLCnEeGz1TQMKiPZxsbEBut6BLZPxKBsLi5M0Wji9ZX7SHiTZFVBRsTu3dYAyzDOBWPSejdSGv41Zw7-APOM-aQnrYzVTPmEtLLE-G-ZlKJnzOPIutw6aJMZwbTqbPegd-SucvC1REDeE9zzePkuYLT8FGZeEvIVNFmTVNag-9L5b7laG-M1dAWa2gsdmukd50iB7OJmxp05pb9checEH9XRCipNNta_-_KmYIX4bKSdvLkRl1Hi7dnZF1WAiTGF_uLJirAWssbB3xBrQ921fNIp9xOGUvnC-w5UEVXbxnvfzc9dCaoKasjIGrnp7gGhXdC5V5vDdOb7RwgTitbySbb0pe5Uu3UXSw1EfbIs3zZX6pehWYVFRZz8j_3joScXUMxhHnEBxox24isyHtMJe2cQHh0vsSAGo-T0WWqHbWMYVWqx0Hp_oSehk3T6Gp-YXxL5licVuR6eAO1f3FtqgdARGqOH8z2d63Ca96rXWLhxUFgAbHKSPvaALwAx61n5drEcKbm5QjHhnZk03VZmU50LYRRatbg7W2MBCeDdkh3UKjYV3hpXtELY9YmY-w-xZzQ5a6Aiuy-RwJhFJvVOXSovROjrfHozUYOTG2z4K3SurYu_9SNOujQ0JUZ6J1A1Fo0MFbDnwfVk3XW_tfwg"}
form message = Something went wrong with our form submission. Please try again.
formpayload for validation = {"formSubmissionId":"","elqFormName":"","elqSiteID":"","datalayerheader":"","contact":"","formgtm":"","elqCustomerGUID":"","elqCookieWrite":"","segment":"asset-management","name_first":"First_74189_TESTTEST","name_last":"Last_74189_TESTTEST","email_work":"automated_TESTTEST_2026-02-16_06_54_34@broadridge.com","phone_business":"999-999-9999","job_title":"Job_74189_TESTTEST","Company":"Company_74189_TESTTEST","country":"United States","comment":"This is an automated test submission. Please ignore.","id":"","so":"","di":"","ct":"","ep":"","ot":"","mt":"","yr":"","rg":"","on":"","sub-source":"","campaignMostRecentID":"","content-id":"","orig-channel":"","campaign-name":"","campaignMostRecentName":"","campaignMostRecentSource":"","campaignMostRecentMedium":"","campaignMostRecentContent":"","campaignMostRecentTerm":"","campaignMostRecentContentID":"","campaignMostRecentSubSource":"","Persistent_utm_medium":"","Persistent_utm_source":"","Persistent_utm_term":"","Persistent_utm_campaign":"","Persistent_Sub_Source":"","Persistent_Content_ID":"","Persistent_Campaign_ID":"","Persistent_utm_content":"","Session_utm_medium":"","Session_utm_source":"","Session_utm_term":"","Session_utm_campaign":"","Session_Sub_Source":"","Session_Content_ID":"","Session_Campaign_ID":"701RN00000Rbgf7YAB","Session_utm_content":"","inquiry":"","fullURL":"https://www-dev.broadridge.com/report/asset-management/tailored-shareholder-reports","page_id":"130411","page_campaign_id":"639ca36f01b0d5c80e77c6108137c4c5","ecid":"","elqCampaignId":"","Formmodel":"flyout","Pagetype":"","g-recaptcha-response":"0cAFcWeA4W8480vII25obdUAUr8PqJUGGTIMd6jd0qxCZYSi4gUJAG7LDS_RsNNe2ALsYZ9U13HqRtbCBeGtFhX6reGTIKqYooMB6Qxz-RD4-2T39A1Zt4Wa-PU6vedpHb6yeZ3SGx1g9I7x5nwqP5eTOXN7ZXPg3lpldu3iSFxv-dG52welw2ENcPNGAF5Ktni5vcIIz4FG_8fGCtxQzBT-Jj9tQKBDSjKWGP3Bu2d0I2v5FaDA_i2lQQpPmzll7xktF8ziEkhHcHwDXB2bmHaCyNbo019orag3mByDEUYFcgNwLBqVFusRoAzjzqwc3NRGVus4ptwIJ-ytWphmSphhUGSGUO4PVbU4siOqJO-wrJrsmc9TVlOe6vjuP77dFVnK51XAVvcalqSeD-frYjJ1Bl3AO4bw7X5ZRLnH_17-itUttjEvxxpKRuuuJFCe3u5IVx2y5ijZKfm1rtNJB8y2afvdVoqOJYpRXddOLNrdpsugGfvYHYKMsQIkOd3TCeHdG9osJYnqSPbGgDxJPy4iAYbcPl_GKoymgfzld1mnRx3rOZ7d3pxrIA46j0nf67I5N2NiD5KiWICIVdjQIVNM6OpdosvkCTszhuTCgOZ5QWpzSjMuwuW3uEl6FlSD700NXgtRkniOqQYi-cgXeAlcv_thf2XpmHKzBhSwGY7a3AnVzB-ywT8gXKlcSziRW8TV-gAYST1dMLSpxAMxezbITlIHOp_MtZewfACHw-wXFxrpB8p3wBVvDwLboB6dGtZI_1UXI6PKDyCo7jS130hiDobPhTxXjnkIbv3Cjg3rqoqXchU_HnwQMHbpCZMCMrBq5nFwZcI7Q-BLIYy5f2DY4A6i-wqf6VPAreKXlalH48r7GMAK05XdqjRYolKRTFp6aKeoQDmGvvOYwZRiCrHUocAQfSOl13gso0-UOeCG61mQnDItTuJkFYfftonqinh7QbJYRdOotsnN4GVtumBLlG3fKFR8Hs823cgOnt_6arlWpPJ-CREo8a_7FIiqkjNjk3O8C8RVoBGfYEoBOGMZCvPeicw_BqX2Ssou2Gmv6TjZVy-tJ6_kTgyHj49BIk0ZVC8gezZkj2QyOYGgjEbQv93Hz6gT87-fy1sS58HyiPDFPz-1oc99RNtezXMB_ShgC3THj086Hj7KdIP7qsuXuuApuiDE5BRKydbQFKD5U9wfrwi0199MHB9pk4VaHWMArrPx6GVhwqz27ZHSnNTOzUZ648Q1jCVF4BkfzDm-StD4E3awoCtI8-SteaWKmPldKGwJNPFICI8a6gwsj2-S75_c7_YNRbGMZt7lOZUcjiVYN4oTqIjH287K0grlRLLr1vAtC82d8B1ZjpohgvZMDzPmBBUCNohoh6_7CJtTN43g-RNEor4THJeECbOJNUgPdx84jtddcX5EmQ1b-6BkPLmAizMaK5s0WjBRjgWCi0R50HKecYJ8zQLE-KlzzW0kU63gAZ9L4-B-nkGmnenBYP0qXJmSP-YrbW4isNWvH5mNid4yygcdZWVTgKfSEALnGuTCAeEXD47bjwAfu7c0uk7oHpHz8fuxYg21B7EK6y4jgxyqqnNB5fgvxBePO2xljiXSELSKCwGY1Cx5WXJMrPTdQKh6tvG43toWyT-oyy4IiRVPQ3WdihUXIngjvxrbDo9cn1spPJOsjT6hUVHTq0hmIyCT4KkeS6jFvybTYA1xFnltjqyqoL5Dq598zjNWMZHDmFjl0W4BoIGNewLaWHtxD7DtgLsbxSLCnEeGz1TQMKiPZxsbEBut6BLZPxKBsLi5M0Wji9ZX7SHiTZFVBRsTu3dYAyzDOBWPSejdSGv41Zw7-APOM-aQnrYzVTPmEtLLE-G-ZlKJnzOPIutw6aJMZwbTqbPegd-SucvC1REDeE9zzePkuYLT8FGZeEvIVNFmTVNag-9L5b7laG-M1dAWa2gsdmukd50iB7OJmxp05pb9checEH9XRCipNNta_-_KmYIX4bKSdvLkRl1Hi7dnZF1WAiTGF_uLJirAWssbB3xBrQ921fNIp9xOGUvnC-w5UEVXbxnvfzc9dCaoKasjIGrnp7gGhXdC5V5vDdOb7RwgTitbySbb0pe5Uu3UXSw1EfbIs3zZX6pehWYVFRZz8j_3joScXUMxhHnEBxox24isyHtMJe2cQHh0vsSAGo-T0WWqHbWMYVWqx0Hp_oSehk3T6Gp-YXxL5licVuR6eAO1f3FtqgdARGqOH8z2d63Ca96rXWLhxUFgAbHKSPvaALwAx61n5drEcKbm5QjHhnZk03VZmU50LYRRatbg7W2MBCeDdkh3UKjYV3hpXtELY9YmY-w-xZzQ5a6Aiuy-RwJhFJvVOXSovROjrfHozUYOTG2z4K3SurYu_9SNOujQ0JUZ6J1A1Fo0MFbDnwfVk3XW_tfwg"}
formSubmissionId = 
fullURL = https://www-dev.broadridge.com/report/asset-management/tailored-shareholder-reports
page comparison URL = https://www-dev.broadridge.com/report/asset-management/tailored-shareholder-reports
..........!!!...Filling the form failed...!!!........
................Header Contact Us Form Filled...................
V2 ContactUs form NOT found on the bottom
V2 Download form NOT found on the bottom
]]></system-out>
    <system-err><![CDATA[SLF4J(W): No SLF4J providers were found.
SLF4J(W): Defaulting to no-operation (NOP) logger implementation
SLF4J(W): See https://www.slf4j.org/codes.html#noProviders for further details.
Feb 16, 2026 6:41:22 AM org.openqa.selenium.devtools.CdpVersionFinder findNearestMatch
WARNING: Unable to find an exact match for CDP version 144, returning the closest version; found: 140; Please update to a Selenium version that supports CDP version 144
]]></system-err>
  </testcase>
</testsuite>