<?xml version="1.0" encoding="UTF-8"?>
<testsuite xmlns:xsi="http://www.w3.org/2001/XMLSchema-instance" xsi:noNamespaceSchemaLocation="https://maven.apache.org/surefire/maven-surefire-plugin/xsd/surefire-test-report-3.0.xsd" version="3.0" name="TestSuite" time="820.107" tests="1" errors="0" skipped="0" failures="0">
  <properties>
[...]
</properties>
  <testcase name="formTest" classname="com.broadridge.Tests" time="819.453">
    <system-out><![CDATA[-------------------------------TEST STARTED--------------------------------
2026-01-26T05:55:38.581225716Z main ERROR Log4j API could not find a logging provider.
lastRow = 19
39412
header ContactUs button found = true
emailTimeStamp = automated_TESTTEST_2026-01-26_05_55_56@broadridge.com
📤 Form payload = {"formSubmissionId":"","elqFormName":"","elqSiteID":"","datalayerheader":"","contact":"","formgtm":"","elqCustomerGUID":"","elqCookieWrite":"","segment":"capital-markets","name_first":"First_39412_TESTTEST","name_last":"Last_39412_TESTTEST","email_work":"automated_TESTTEST_2026-01-26_05_55_56@broadridge.com","phone_business":"999-999-9999","job_title":"Job_39412_TESTTEST","Company":"Company_39412_TESTTEST","country":"United States","comment":"This is an automated test submission. Please ignore.","id":"","so":"","di":"","ct":"","ep":"","ot":"","mt":"","yr":"","rg":"","on":"","sub-source":"","campaignMostRecentID":"","content-id":"","orig-channel":"","campaign-name":"","campaignMostRecentName":"","campaignMostRecentSource":"","campaignMostRecentMedium":"","campaignMostRecentContent":"","campaignMostRecentTerm":"","campaignMostRecentContentID":"","campaignMostRecentSubSource":"","Persistent_utm_medium":"","Persistent_utm_source":"","Persistent_utm_term":"","Persistent_utm_campaign":"","Persistent_Sub_Source":"","Persistent_Content_ID":"","Persistent_Campaign_ID":"","Persistent_utm_content":"","Session_utm_medium":"","Session_utm_source":"","Session_utm_term":"","Session_utm_campaign":"","Session_Sub_Source":"","Session_Content_ID":"","Session_Campaign_ID":"701RN00000RbnVLYAZ","Session_utm_content":"","inquiry":"","fullURL":"https://www-dev.broadridge.com/white-paper/the-service-value-chain-how-data-management-powers-performance","page_id":"14926","page_campaign_id":"0","ecid":"","elqCampaignId":"","Formmodel":"flyout","Pagetype":"","g-recaptcha-response":"0cAFcWeA45ZX_pTD3OitsM9zWJQjDjEPh_n0w-doVm-Ili9iasDg16X4M4RM0T7vNvvqbVDh9ljP4NxacFlGtjj6vQDN05GAvxAO39aK_wZckhiu49Nl8aVRFxv4ekG4X7eNPQ9uddm0WxZupOVEQw65E2lTc8SoTLJKZLAfSTXdaVHz-Xefj95_7-zIO24BK2BiMi_7VYew_TDeHQRDm7HhGXh6u7X0rzRZ9kMWcYIVKBPfr7WycLAWsDWGW1ArMA7-qEBZxW3P31Znw43RZJZ-8VhfmfCo-B9lpzWX7Im6lBL7HijTPNqU63FrbOaAG31Vg3hBp7cO_Y7ZMBjVeBnLwIo5xWphO6kq_kqRyV9roN0edwkcFQbmpd8FsV5FOkxPg6n9gK4UKDo5Fo-nHClk7l2RIJTYG4CZDHuxT2G3VIbAWBLMxdHTNlvLYzAkYPJqHVoLi7-zftnG-WBr5GUMw3m4qXLRepfaQszBKNpd-mnChCxvd48gQzLtzl3jraV_8qp772o-nBw68SX9HkTLKBQjAAoKxV2BlLc73G-yE_ugGFsvYGHec7q4528QQlydIJ_2Ka7LBKKqfQ9U7WJDXhwnjLzn_KdU7qzD535842ElrrxlQCovaKwFPsW2PlclAjf3S8vlFDeGC9nnQFqCOxSNCHPCuuo9eHuAu8bgI-CV6ENGJNd_-SdKsDCuC31lYcjOvviXbK2iUmr2SyykHhXjWAkMBO_uSVWi4xKjQ2venelbg3b9jbJ5g2jPP6AmnykbHrJpTqMb1pQhaTrr1dc6FkSr7RzcHn4U3vtGCrFJVpBLubY9SN17Vw9AwwSh48o5eKSSdbauftgEQGvi_v565tx2Ht_GhGMnlNGpOnEx1uKsQInb4lvSA6Tl42rAk81ILszTVGa_JHaRj3Hsxby36It9waI5IRfIWqto2XCDKZlqeiKrbq5J4m9gO9ott1FkCOEFgSa9T2bF7EPGuY12Il1yLB-NngTzofvyYE5bn_FL8c8DqdUelwGPnTEhMnHtwgUUMbHxih2oenCe6GqTEjO42m8b8hDQXomCqboxIAssXZdeISpdTQJBy_0g0duPoUn8Kx5wXPLUzFRU0NpjlFzfih6xXhPPY67Lm5hcOJYPmQCw902_G3PvgwIryr7oXaEk8i6663rcu5nLKbNXVn5Y7FY4hSxylvMOqmZApqKOENVsVe3_nRZeQvwHoYeRDzneOiz5q3DIoYse7uGT78Fg5ElqjCjXdx4hNXqBn9R2KtgajTt9SimW_tvXrfuu-B0eGpSLqh6MnaHupuo0ObPl5GZiBgfssvOSW9NV7lXcIhE3RPwyjDVdmMvYfUzlR_Dg7Eehk_iBtIONr_oJyVGm3WplabATEfvDmx-4OhrCkNPOPdfzwb1eJtrOhHVihnRdJkmjkUEfI1hoyWptmJFxJxThqs_BaMReh8678rdU-ptufsVS8XTJmz6kEEImvvYk9hJMEmH9fpGeEn85nVqnefyLcotIfZHvC5rRPq-TARAXM94L-ocSJKB687myL6TL7B1AS6bq3cHxX3L9t-dhsM9CtkvIzOJcAPZL5kNLlSrpVmNLS0SUE-pfUzVBvWsRe7aj_X4iFCBCPet2SbekeTmhD6mNAYpTMK0jQQOrnyhPjmen42JkMX5bGABhn9MIhM"}
form message = Something went wrong with our form submission. Please try again.
formpayload for validation = {"formSubmissionId":"","elqFormName":"","elqSiteID":"","datalayerheader":"","contact":"","formgtm":"","elqCustomerGUID":"","elqCookieWrite":"","segment":"capital-markets","name_first":"First_39412_TESTTEST","name_last":"Last_39412_TESTTEST","email_work":"automated_TESTTEST_2026-01-26_05_55_56@broadridge.com","phone_business":"999-999-9999","job_title":"Job_39412_TESTTEST","Company":"Company_39412_TESTTEST","country":"United States","comment":"This is an automated test submission. Please ignore.","id":"","so":"","di":"","ct":"","ep":"","ot":"","mt":"","yr":"","rg":"","on":"","sub-source":"","campaignMostRecentID":"","content-id":"","orig-channel":"","campaign-name":"","campaignMostRecentName":"","campaignMostRecentSource":"","campaignMostRecentMedium":"","campaignMostRecentContent":"","campaignMostRecentTerm":"","campaignMostRecentContentID":"","campaignMostRecentSubSource":"","Persistent_utm_medium":"","Persistent_utm_source":"","Persistent_utm_term":"","Persistent_utm_campaign":"","Persistent_Sub_Source":"","Persistent_Content_ID":"","Persistent_Campaign_ID":"","Persistent_utm_content":"","Session_utm_medium":"","Session_utm_source":"","Session_utm_term":"","Session_utm_campaign":"","Session_Sub_Source":"","Session_Content_ID":"","Session_Campaign_ID":"701RN00000RbnVLYAZ","Session_utm_content":"","inquiry":"","fullURL":"https://www-dev.broadridge.com/white-paper/the-service-value-chain-how-data-management-powers-performance","page_id":"14926","page_campaign_id":"0","ecid":"","elqCampaignId":"","Formmodel":"flyout","Pagetype":"","g-recaptcha-response":"0cAFcWeA45ZX_pTD3OitsM9zWJQjDjEPh_n0w-doVm-Ili9iasDg16X4M4RM0T7vNvvqbVDh9ljP4NxacFlGtjj6vQDN05GAvxAO39aK_wZckhiu49Nl8aVRFxv4ekG4X7eNPQ9uddm0WxZupOVEQw65E2lTc8SoTLJKZLAfSTXdaVHz-Xefj95_7-zIO24BK2BiMi_7VYew_TDeHQRDm7HhGXh6u7X0rzRZ9kMWcYIVKBPfr7WycLAWsDWGW1ArMA7-qEBZxW3P31Znw43RZJZ-8VhfmfCo-B9lpzWX7Im6lBL7HijTPNqU63FrbOaAG31Vg3hBp7cO_Y7ZMBjVeBnLwIo5xWphO6kq_kqRyV9roN0edwkcFQbmpd8FsV5FOkxPg6n9gK4UKDo5Fo-nHClk7l2RIJTYG4CZDHuxT2G3VIbAWBLMxdHTNlvLYzAkYPJqHVoLi7-zftnG-WBr5GUMw3m4qXLRepfaQszBKNpd-mnChCxvd48gQzLtzl3jraV_8qp772o-nBw68SX9HkTLKBQjAAoKxV2BlLc73G-yE_ugGFsvYGHec7q4528QQlydIJ_2Ka7LBKKqfQ9U7WJDXhwnjLzn_KdU7qzD535842ElrrxlQCovaKwFPsW2PlclAjf3S8vlFDeGC9nnQFqCOxSNCHPCuuo9eHuAu8bgI-CV6ENGJNd_-SdKsDCuC31lYcjOvviXbK2iUmr2SyykHhXjWAkMBO_uSVWi4xKjQ2venelbg3b9jbJ5g2jPP6AmnykbHrJpTqMb1pQhaTrr1dc6FkSr7RzcHn4U3vtGCrFJVpBLubY9SN17Vw9AwwSh48o5eKSSdbauftgEQGvi_v565tx2Ht_GhGMnlNGpOnEx1uKsQInb4lvSA6Tl42rAk81ILszTVGa_JHaRj3Hsxby36It9waI5IRfIWqto2XCDKZlqeiKrbq5J4m9gO9ott1FkCOEFgSa9T2bF7EPGuY12Il1yLB-NngTzofvyYE5bn_FL8c8DqdUelwGPnTEhMnHtwgUUMbHxih2oenCe6GqTEjO42m8b8hDQXomCqboxIAssXZdeISpdTQJBy_0g0duPoUn8Kx5wXPLUzFRU0NpjlFzfih6xXhPPY67Lm5hcOJYPmQCw902_G3PvgwIryr7oXaEk8i6663rcu5nLKbNXVn5Y7FY4hSxylvMOqmZApqKOENVsVe3_nRZeQvwHoYeRDzneOiz5q3DIoYse7uGT78Fg5ElqjCjXdx4hNXqBn9R2KtgajTt9SimW_tvXrfuu-B0eGpSLqh6MnaHupuo0ObPl5GZiBgfssvOSW9NV7lXcIhE3RPwyjDVdmMvYfUzlR_Dg7Eehk_iBtIONr_oJyVGm3WplabATEfvDmx-4OhrCkNPOPdfzwb1eJtrOhHVihnRdJkmjkUEfI1hoyWptmJFxJxThqs_BaMReh8678rdU-ptufsVS8XTJmz6kEEImvvYk9hJMEmH9fpGeEn85nVqnefyLcotIfZHvC5rRPq-TARAXM94L-ocSJKB687myL6TL7B1AS6bq3cHxX3L9t-dhsM9CtkvIzOJcAPZL5kNLlSrpVmNLS0SUE-pfUzVBvWsRe7aj_X4iFCBCPet2SbekeTmhD6mNAYpTMK0jQQOrnyhPjmen42JkMX5bGABhn9MIhM"}
formSubmissionId = 
fullURL = https://www-dev.broadridge.com/white-paper/the-service-value-chain-how-data-management-powers-performance
page comparison URL = https://www-dev.broadridge.com/white-paper/the-service-value-chain-how-data-management-powers-performance
..........!!!...Filling the form failed...!!!........
................Header Contact Us Form Filled...................
V2 ContactUs form NOT found on the bottom
V2 Download form NOT found on the bottom
no cookie button
header ContactUs button found = true
emailTimeStamp = automated_TESTTEST_2026-01-26_05_56_36@broadridge.com
📤 Form payload = {"formSubmissionId":"BRLP4LB3T-1769406998839","elqFormName":"","elqSiteID":"","datalayerheader":"","contact":"","formgtm":"","elqCustomerGUID":"","elqCookieWrite":"","segment":"","name_first":"First_39412_TESTTEST","name_last":"Last_39412_TESTTEST","email_work":"automated_TESTTEST_2026-01-26_05_56_36@broadridge.com","phone_business":"999-999-9999","job_title":"Job_39412_TESTTEST","Company":"Company_39412_TESTTEST","country":"United States","comment":"This is an automated test submission.  Please ignore.","id":"","so":"","di":"","ct":"","ep":"","ot":"","mt":"","yr":"","rg":"","on":"","sub-source":"","campaignMostRecentID":"","content-id":"","orig-channel":"","campaign-name":"","campaignMostRecentName":"","campaignMostRecentSource":"","campaignMostRecentMedium":"","campaignMostRecentContent":"","campaignMostRecentTerm":"","campaignMostRecentContentID":"","campaignMostRecentSubSource":"","Persistent_utm_medium":"","Persistent_utm_source":"","Persistent_utm_term":"","Persistent_utm_campaign":"","Persistent_Sub_Source":"","Persistent_Content_ID":"","Persistent_Campaign_ID":"","Persistent_utm_content":"","Session_utm_medium":"","Session_utm_source":"","Session_utm_term":"","Session_utm_campaign":"","Session_Sub_Source":"","Session_Content_ID":"","Session_Campaign_ID":"701RN00000RbnVLYAZ","Session_utm_content":"","inquiry":"Gen Enq","fullURL":"https://www-dev.broadridge.com/capability/governance-and-regulatory-compliance/proxy-services/issuer-proxy","page_id":"182853","page_campaign_id":"0","ecid":"","elqCampaignId":"","Formmodel":"flyout","Pagetype":"Products","g-recaptcha-response":"0cAFcWeA5h-amXgCbTSGEC2d-9TuVM2MAl6tBfXWoFLQSUhby1qcPvY1JT2Cl1PrFCtNB3AzigsIZrdLG7PUUWbzWEodB-0UYg2A1pdy3SzSjQSAn_w1jepxFpVzm6LiMrTICiYiZMntiVgHR1iVjfAo1NtkLEf2GpJMpXYwIcnPhtX9EcwrXLKifD4OP8ybQjRf1e3cAWRf2EYVZvMqMtDM_34RmOyNZIRL1Z76XOP_wxb0sd0CB0CZ26XT0QRFJQPjSD6TFKgrMtMzGekJ9jz7oJ2rp0rqpYwzYk_nS-Hk-HcLr4WIx9Ss_MEq0esRXqAOS6yxrvR9dd1-GRwhueca8PwP1QNVdna2gduLn31IbFNyhi0vttY4ad7W0cxEKQEPYewM0A3slErL9BiAdd4oPph6qfuIch8bRKe2a-tBL4tWn7MZGLZVjlbVUY8mDg2X2BBhnTsfhqsjh5FwRlGti8sNZy89obaFjBAWAGz9VcW3gSLshWsw15Htc8uX7g29qTtlWVGBr5E7-5f4EUJx_XZeUxSDdzRxHUlHS5qAmIyNsKj6qHTp4gwqjh3tpGkw1xloWpKrVWtcSy7WcL90K00CzUtZg3JtjLmOgFSvFxf5E2IH5XXiqWjs13FMtFGWzniSIMHph26WaogMwxQaC_Ly0Kh0c7FBY7WvJrzhh_kZoRG5dQCCH5RMAYUqMGlFwmleWl9YgL2wpuo4jmLaSFuzjiAO_i3Sgmene94N-7tvW4xM5nMLRhfSXhp1781yaB-uJQuJm5TlPjjCmdCXdwRGzUSOs-P_yAaXkfE-kHr87ryMAQv4nTskC-1qM90ALMSG2-jWck2vMgchfnAoDHGLPA7UBXg55AAs8wzV4pyHIhPCcTlLCU7HRPsOVJNq25paD5ziiLrqC0uAoHcAYEiKZoHEKSErZj49Qo3yQBcu5ulZe15BP2siEETVEmuZSJd-aAxE9_6hgot9k8FZSnBmOaChUvsvoIFQls7MtIcfJ7d8EP9rGtY4Q_5AF5tCNy9MoP2xDPuyh2xKUkoIWDOcaFvaRjsCmZptfE8b2hItcGjug83R_wtSoexqTYs7-oNhu0PIvY3o44MTLrLX579EkZU1rluwzfXEa7tUjA5PRC0hy4Cf-9Jm1Et1zUPmbD5xQ8N10ToWEqrHbryqsLJMiGG9ATNFkRFwTZhwTbifhO9V37C7pRrbfUfP5JWsWQHcs2awqoNNdGaUmT1iwXn0azAvIjpwLV2vBIJYvZzODQ7vdOf9D1JokOmUXHZevTqSu5sANKd9nEjFUaVLhT5VkiqxdrHlGK8uVS3N7tSR7XvnPHCIDThMHN__GrZRAj0Na2QH-VcwXmJ70jVRpkbsHT23T63wvniWEDM0zlC5EOKJrU6SRwTDi5n6ZSkUNf5gT3aoUdLaxYgt1Jtw6FAZ1Z0vqPTwFOCDCNjz9gOCN56bTtt86w9m7BM6bT1uFO9fvuwZiuwi9PtgMCnmsfSYLn7-HtVSHTjVMB2NduKhpVCkxFV4_4sqt07dqoJphtXy7QmhoWvLaPg_bZ7Pe_grRbFamCAvImMClWOurNoySSLPymi_W3uitJnivCCn6OOOXcg0X26UxSwyhoty5YukeZYteZw_rJNY0_gFyc7wgYCXpl9d99L64WjinnyQhSCdhF-8fY2JVWzhRo8sh4k6qB5Hx03g"}
form message = Thank you for your interest in Broadridge.
A representative will contact you within 24 business hours.
formpayload for validation = {"formSubmissionId":"BRLP4LB3T-1769406998839","elqFormName":"","elqSiteID":"","datalayerheader":"","contact":"","formgtm":"","elqCustomerGUID":"","elqCookieWrite":"","segment":"","name_first":"First_39412_TESTTEST","name_last":"Last_39412_TESTTEST","email_work":"automated_TESTTEST_2026-01-26_05_56_36@broadridge.com","phone_business":"999-999-9999","job_title":"Job_39412_TESTTEST","Company":"Company_39412_TESTTEST","country":"United States","comment":"This is an automated test submission.  Please ignore.","id":"","so":"","di":"","ct":"","ep":"","ot":"","mt":"","yr":"","rg":"","on":"","sub-source":"","campaignMostRecentID":"","content-id":"","orig-channel":"","campaign-name":"","campaignMostRecentName":"","campaignMostRecentSource":"","campaignMostRecentMedium":"","campaignMostRecentContent":"","campaignMostRecentTerm":"","campaignMostRecentContentID":"","campaignMostRecentSubSource":"","Persistent_utm_medium":"","Persistent_utm_source":"","Persistent_utm_term":"","Persistent_utm_campaign":"","Persistent_Sub_Source":"","Persistent_Content_ID":"","Persistent_Campaign_ID":"","Persistent_utm_content":"","Session_utm_medium":"","Session_utm_source":"","Session_utm_term":"","Session_utm_campaign":"","Session_Sub_Source":"","Session_Content_ID":"","Session_Campaign_ID":"701RN00000RbnVLYAZ","Session_utm_content":"","inquiry":"Gen Enq","fullURL":"https://www-dev.broadridge.com/capability/governance-and-regulatory-compliance/proxy-services/issuer-proxy","page_id":"182853","page_campaign_id":"0","ecid":"","elqCampaignId":"","Formmodel":"flyout","Pagetype":"Products","g-recaptcha-response":"0cAFcWeA5h-amXgCbTSGEC2d-9TuVM2MAl6tBfXWoFLQSUhby1qcPvY1JT2Cl1PrFCtNB3AzigsIZrdLG7PUUWbzWEodB-0UYg2A1pdy3SzSjQSAn_w1jepxFpVzm6LiMrTICiYiZMntiVgHR1iVjfAo1NtkLEf2GpJMpXYwIcnPhtX9EcwrXLKifD4OP8ybQjRf1e3cAWRf2EYVZvMqMtDM_34RmOyNZIRL1Z76XOP_wxb0sd0CB0CZ26XT0QRFJQPjSD6TFKgrMtMzGekJ9jz7oJ2rp0rqpYwzYk_nS-Hk-HcLr4WIx9Ss_MEq0esRXqAOS6yxrvR9dd1-GRwhueca8PwP1QNVdna2gduLn31IbFNyhi0vttY4ad7W0cxEKQEPYewM0A3slErL9BiAdd4oPph6qfuIch8bRKe2a-tBL4tWn7MZGLZVjlbVUY8mDg2X2BBhnTsfhqsjh5FwRlGti8sNZy89obaFjBAWAGz9VcW3gSLshWsw15Htc8uX7g29qTtlWVGBr5E7-5f4EUJx_XZeUxSDdzRxHUlHS5qAmIyNsKj6qHTp4gwqjh3tpGkw1xloWpKrVWtcSy7WcL90K00CzUtZg3JtjLmOgFSvFxf5E2IH5XXiqWjs13FMtFGWzniSIMHph26WaogMwxQaC_Ly0Kh0c7FBY7WvJrzhh_kZoRG5dQCCH5RMAYUqMGlFwmleWl9YgL2wpuo4jmLaSFuzjiAO_i3Sgmene94N-7tvW4xM5nMLRhfSXhp1781yaB-uJQuJm5TlPjjCmdCXdwRGzUSOs-P_yAaXkfE-kHr87ryMAQv4nTskC-1qM90ALMSG2-jWck2vMgchfnAoDHGLPA7UBXg55AAs8wzV4pyHIhPCcTlLCU7HRPsOVJNq25paD5ziiLrqC0uAoHcAYEiKZoHEKSErZj49Qo3yQBcu5ulZe15BP2siEETVEmuZSJd-aAxE9_6hgot9k8FZSnBmOaChUvsvoIFQls7MtIcfJ7d8EP9rGtY4Q_5AF5tCNy9MoP2xDPuyh2xKUkoIWDOcaFvaRjsCmZptfE8b2hItcGjug83R_wtSoexqTYs7-oNhu0PIvY3o44MTLrLX579EkZU1rluwzfXEa7tUjA5PRC0hy4Cf-9Jm1Et1zUPmbD5xQ8N10ToWEqrHbryqsLJMiGG9ATNFkRFwTZhwTbifhO9V37C7pRrbfUfP5JWsWQHcs2awqoNNdGaUmT1iwXn0azAvIjpwLV2vBIJYvZzODQ7vdOf9D1JokOmUXHZevTqSu5sANKd9nEjFUaVLhT5VkiqxdrHlGK8uVS3N7tSR7XvnPHCIDThMHN__GrZRAj0Na2QH-VcwXmJ70jVRpkbsHT23T63wvniWEDM0zlC5EOKJrU6SRwTDi5n6ZSkUNf5gT3aoUdLaxYgt1Jtw6FAZ1Z0vqPTwFOCDCNjz9gOCN56bTtt86w9m7BM6bT1uFO9fvuwZiuwi9PtgMCnmsfSYLn7-HtVSHTjVMB2NduKhpVCkxFV4_4sqt07dqoJphtXy7QmhoWvLaPg_bZ7Pe_grRbFamCAvImMClWOurNoySSLPymi_W3uitJnivCCn6OOOXcg0X26UxSwyhoty5YukeZYteZw_rJNY0_gFyc7wgYCXpl9d99L64WjinnyQhSCdhF-8fY2JVWzhRo8sh4k6qB5Hx03g"}
formSubmissionId = BRLP4LB3T-1769406998839
fullURL = https://www-dev.broadridge.com/capability/governance-and-regulatory-compliance/proxy-services/issuer-proxy
page comparison URL = https://www-dev.broadridge.com/financial-services/corporate-issuer/issuer/simplify-the-annual-meeting-process/interactive-online-document-management
..........!!!...Filling the form failed...!!!........
................Header Contact Us Form Filled...................
v2 ContactUs form found on the bottom = false
V2 ContactUs form NOT found on the bottom
V2 Download form NOT found on the bottom
no cookie button
header ContactUs button found = true
emailTimeStamp = automated_TESTTEST_2026-01-26_05_57_18@broadridge.com
📤 Form payload = {"formSubmissionId":"BRQ286TAQ-1769407040839","elqFormName":"","elqSiteID":"","datalayerheader":"","contact":"","formgtm":"","elqCustomerGUID":"","elqCookieWrite":"","segment":"","name_first":"First_39412_TESTTEST","name_last":"Last_39412_TESTTEST","email_work":"automated_TESTTEST_2026-01-26_05_57_18@broadridge.com","phone_business":"999-999-9999","job_title":"Job_39412_TESTTEST","Company":"Company_39412_TESTTEST","country":"United States","comment":"This is an automated test submission.  Please ignore.","id":"","so":"","di":"","ct":"","ep":"","ot":"","mt":"","yr":"","rg":"","on":"","sub-source":"","campaignMostRecentID":"","content-id":"","orig-channel":"","campaign-name":"","campaignMostRecentName":"","campaignMostRecentSource":"","campaignMostRecentMedium":"","campaignMostRecentContent":"","campaignMostRecentTerm":"","campaignMostRecentContentID":"","campaignMostRecentSubSource":"","Persistent_utm_medium":"","Persistent_utm_source":"","Persistent_utm_term":"","Persistent_utm_campaign":"","Persistent_Sub_Source":"","Persistent_Content_ID":"","Persistent_Campaign_ID":"","Persistent_utm_content":"","Session_utm_medium":"","Session_utm_source":"","Session_utm_term":"","Session_utm_campaign":"","Session_Sub_Source":"","Session_Content_ID":"","Session_Campaign_ID":"701RN00000RbnVLYAZ","Session_utm_content":"","inquiry":"Gen Enq","fullURL":"https://www-dev.broadridge.com/capability/governance-and-regulatory-compliance/proxy-services/issuer-proxy","page_id":"182853","page_campaign_id":"0","ecid":"","elqCampaignId":"","Formmodel":"flyout","Pagetype":"Products","g-recaptcha-response":"0cAFcWeA5Dmu-ZYvnrIp1JJf-LC14x4g4050QU8AYcHz0Kk2jfePceG2fWdwpSaiDiqHpGviQDtpVdcO-wN6gdf6MCN-IaZACevbQsTOPEe-42qCoWXMQJh2EnB6yeku1r19-a8JuAQtCUdojUqxDsu2GxqFUl9NVtU3hVSo4J8EqKNKupID4pTzMdDz36lZ4Q__8chgrud6AtcNJIDX5Nc43HCLcR1gFfITTtrq1QsrLOHPOYvFtQ4SGaExT5VSlJfIUWqOl-8FeAHZk-bKaG13UYRHCuI2BUGgtJ7ILvQsvbmikIkRA6FlwE5W2YITCpOY2NV6CQCh7oy7d1PfwSW0XEAwkbokb4QjQnJrNi408t_TMnsztLjafFmkLQ6_vYJX3Rk-AovRxtAeewSp5DwwzZVHTdz03PU3w-K_YCbuVEVfUNEPYpFIUYiMRlYudAg4Lq74t8Y1MqejmwbKH0xvT3nFTzxrLyPxWYUM0FomwAzHLDJkfq8C0Q4bUgyqND1MK_j9REKbeEd2YIV8481QRvoAnXMA-qSQjV5aPw1EFG_H-36VCdZa74P-XP6Zrq7rMPtJSmxuvJv-RneYgNkWweMJcFQBYetx35pHaWJfUeF88KDEVsc7k4-iPMpFAYSHC8gBsvSxH8xN-8EnTMIz3qxn5G5ya6_Y74NSijV2HisayXk_eEgvsG6RPqqV3GSh9Gzzplil6eDtQe25BpLXaWTl6mwcFIoVVDXu9T4lL2moIMcY1DXmSybuXbjhaA6RWA1a6MSFpc7KgP1piPpLKDRqKiFvubW2sxr_eToMevwxifW6EKxVKJKhi0e1ToKxipfe5LavAyefKiJidKD31qepweJ0g0-n1J3YyvG08YAiZephzFsYlHp6y3PF-LciR0y1hd79IlZ0UyQqvyI7b8zUy5L9yJCSd8c-hIUol3jQ8BfsvEj8_ZqJP2EZfxAZLK8mVcGOOz6DLnimrQPlULMmiiKL6WZCAJpahSVAPmms3jDmZryfkLrg_rejSRS-OhZqLq3qmG-e8L2AVCqYldqF8DGkEipOi0Tl5fo7m0OOF1KIEkQkn3maPd96yP_TQuvhxU3_xHq2MoPUpQF86jumVRh-V8S_tgRAAPWgNCsow_1e8zMLQXqx2cs56Cfx4gdOoLOSwe-v0GqJMpURITr719iUmhbWCU9tUKmGb5kLsWhdaIsJb7va7yySCYHYkGWloUXMfnFEaWnpVB2cHNy3vsXLfR560wqwe3LYmdLT1_jBT7EjC_qpAR0RTJOa1-Kgm2SHIE5G8o2zxZScafjDKL2TkKuBA32HvYOfPiVMtm8YIkOrPAjPM2mK4QvuZEzjZDYvSYbBLpQKcFn6GVSJ5PleJPRmYZw9OjlcoR3QW_flJtIlte1nUcSfi87nGiihNW225nSUCldFKutrfeDCH_AgMwxSJM9nepFK2ppaossPNtZfJf82IGhVmp-rN6Y6wPGDn50dgyNOqj211FOBqjE6nCV6C-opb1e73zaCwnzMk9g0kF_8CBoKm1xbnqO4QL_jkkSp9N2SolaSHaktZM1kpHM8WBQ8cB6_ZkM4xQUAFEfm2T0VKnniav-4Jc8kJu1HOXSNWu2R4-yRDLlGjc-LmeMJ8RrAVGAqxXAJmPug1-vVylfkp2FsjrBvYyZpgrO4152CckOjKXzXKgCgSusayKnMXn2d8ryWWxaEB5MQ4rblV7eHkwnJ-ODw2k5z9JqJbA"}
form message = Thank you for your interest in Broadridge.
A representative will contact you within 24 business hours.
formpayload for validation = {"formSubmissionId":"BRQ286TAQ-1769407040839","elqFormName":"","elqSiteID":"","datalayerheader":"","contact":"","formgtm":"","elqCustomerGUID":"","elqCookieWrite":"","segment":"","name_first":"First_39412_TESTTEST","name_last":"Last_39412_TESTTEST","email_work":"automated_TESTTEST_2026-01-26_05_57_18@broadridge.com","phone_business":"999-999-9999","job_title":"Job_39412_TESTTEST","Company":"Company_39412_TESTTEST","country":"United States","comment":"This is an automated test submission.  Please ignore.","id":"","so":"","di":"","ct":"","ep":"","ot":"","mt":"","yr":"","rg":"","on":"","sub-source":"","campaignMostRecentID":"","content-id":"","orig-channel":"","campaign-name":"","campaignMostRecentName":"","campaignMostRecentSource":"","campaignMostRecentMedium":"","campaignMostRecentContent":"","campaignMostRecentTerm":"","campaignMostRecentContentID":"","campaignMostRecentSubSource":"","Persistent_utm_medium":"","Persistent_utm_source":"","Persistent_utm_term":"","Persistent_utm_campaign":"","Persistent_Sub_Source":"","Persistent_Content_ID":"","Persistent_Campaign_ID":"","Persistent_utm_content":"","Session_utm_medium":"","Session_utm_source":"","Session_utm_term":"","Session_utm_campaign":"","Session_Sub_Source":"","Session_Content_ID":"","Session_Campaign_ID":"701RN00000RbnVLYAZ","Session_utm_content":"","inquiry":"Gen Enq","fullURL":"https://www-dev.broadridge.com/capability/governance-and-regulatory-compliance/proxy-services/issuer-proxy","page_id":"182853","page_campaign_id":"0","ecid":"","elqCampaignId":"","Formmodel":"flyout","Pagetype":"Products","g-recaptcha-response":"0cAFcWeA5Dmu-ZYvnrIp1JJf-LC14x4g4050QU8AYcHz0Kk2jfePceG2fWdwpSaiDiqHpGviQDtpVdcO-wN6gdf6MCN-IaZACevbQsTOPEe-42qCoWXMQJh2EnB6yeku1r19-a8JuAQtCUdojUqxDsu2GxqFUl9NVtU3hVSo4J8EqKNKupID4pTzMdDz36lZ4Q__8chgrud6AtcNJIDX5Nc43HCLcR1gFfITTtrq1QsrLOHPOYvFtQ4SGaExT5VSlJfIUWqOl-8FeAHZk-bKaG13UYRHCuI2BUGgtJ7ILvQsvbmikIkRA6FlwE5W2YITCpOY2NV6CQCh7oy7d1PfwSW0XEAwkbokb4QjQnJrNi408t_TMnsztLjafFmkLQ6_vYJX3Rk-AovRxtAeewSp5DwwzZVHTdz03PU3w-K_YCbuVEVfUNEPYpFIUYiMRlYudAg4Lq74t8Y1MqejmwbKH0xvT3nFTzxrLyPxWYUM0FomwAzHLDJkfq8C0Q4bUgyqND1MK_j9REKbeEd2YIV8481QRvoAnXMA-qSQjV5aPw1EFG_H-36VCdZa74P-XP6Zrq7rMPtJSmxuvJv-RneYgNkWweMJcFQBYetx35pHaWJfUeF88KDEVsc7k4-iPMpFAYSHC8gBsvSxH8xN-8EnTMIz3qxn5G5ya6_Y74NSijV2HisayXk_eEgvsG6RPqqV3GSh9Gzzplil6eDtQe25BpLXaWTl6mwcFIoVVDXu9T4lL2moIMcY1DXmSybuXbjhaA6RWA1a6MSFpc7KgP1piPpLKDRqKiFvubW2sxr_eToMevwxifW6EKxVKJKhi0e1ToKxipfe5LavAyefKiJidKD31qepweJ0g0-n1J3YyvG08YAiZephzFsYlHp6y3PF-LciR0y1hd79IlZ0UyQqvyI7b8zUy5L9yJCSd8c-hIUol3jQ8BfsvEj8_ZqJP2EZfxAZLK8mVcGOOz6DLnimrQPlULMmiiKL6WZCAJpahSVAPmms3jDmZryfkLrg_rejSRS-OhZqLq3qmG-e8L2AVCqYldqF8DGkEipOi0Tl5fo7m0OOF1KIEkQkn3maPd96yP_TQuvhxU3_xHq2MoPUpQF86jumVRh-V8S_tgRAAPWgNCsow_1e8zMLQXqx2cs56Cfx4gdOoLOSwe-v0GqJMpURITr719iUmhbWCU9tUKmGb5kLsWhdaIsJb7va7yySCYHYkGWloUXMfnFEaWnpVB2cHNy3vsXLfR560wqwe3LYmdLT1_jBT7EjC_qpAR0RTJOa1-Kgm2SHIE5G8o2zxZScafjDKL2TkKuBA32HvYOfPiVMtm8YIkOrPAjPM2mK4QvuZEzjZDYvSYbBLpQKcFn6GVSJ5PleJPRmYZw9OjlcoR3QW_flJtIlte1nUcSfi87nGiihNW225nSUCldFKutrfeDCH_AgMwxSJM9nepFK2ppaossPNtZfJf82IGhVmp-rN6Y6wPGDn50dgyNOqj211FOBqjE6nCV6C-opb1e73zaCwnzMk9g0kF_8CBoKm1xbnqO4QL_jkkSp9N2SolaSHaktZM1kpHM8WBQ8cB6_ZkM4xQUAFEfm2T0VKnniav-4Jc8kJu1HOXSNWu2R4-yRDLlGjc-LmeMJ8RrAVGAqxXAJmPug1-vVylfkp2FsjrBvYyZpgrO4152CckOjKXzXKgCgSusayKnMXn2d8ryWWxaEB5MQ4rblV7eHkwnJ-ODw2k5z9JqJbA"}
formSubmissionId = BRQ286TAQ-1769407040839
fullURL = https://www-dev.broadridge.com/capability/governance-and-regulatory-compliance/proxy-services/issuer-proxy
page comparison URL = https://www-dev.broadridge.com/financial-services/corporate-issuer/issuer/simplify-the-annual-meeting-process/shareholder-meeting-registration
..........!!!...Filling the form failed...!!!........
................Header Contact Us Form Filled...................
v2 ContactUs form found on the bottom = false
V2 ContactUs form NOT found on the bottom
V2 Download form NOT found on the bottom
no cookie button
header ContactUs button found = true
emailTimeStamp = automated_TESTTEST_2026-01-26_05_58_00@broadridge.com
📤 Form payload = {"formSubmissionId":"BRXE9313E-1769407082144","elqFormName":"","elqSiteID":"","datalayerheader":"","contact":"","formgtm":"","elqCustomerGUID":"","elqCookieWrite":"","segment":"","name_first":"First_39412_TESTTEST","name_last":"Last_39412_TESTTEST","email_work":"automated_TESTTEST_2026-01-26_05_58_00@broadridge.com","phone_business":"999-999-9999","job_title":"Job_39412_TESTTEST","Company":"Company_39412_TESTTEST","country":"United States","comment":"This is an automated test submission.  Please ignore.","id":"","so":"","di":"","ct":"","ep":"","ot":"","mt":"","yr":"","rg":"","on":"","sub-source":"","campaignMostRecentID":"","content-id":"","orig-channel":"","campaign-name":"","campaignMostRecentName":"","campaignMostRecentSource":"","campaignMostRecentMedium":"","campaignMostRecentContent":"","campaignMostRecentTerm":"","campaignMostRecentContentID":"","campaignMostRecentSubSource":"","Persistent_utm_medium":"","Persistent_utm_source":"","Persistent_utm_term":"","Persistent_utm_campaign":"","Persistent_Sub_Source":"","Persistent_Content_ID":"","Persistent_Campaign_ID":"","Persistent_utm_content":"","Session_utm_medium":"","Session_utm_source":"","Session_utm_term":"","Session_utm_campaign":"","Session_Sub_Source":"","Session_Content_ID":"","Session_Campaign_ID":"701RN00000RbnVLYAZ","Session_utm_content":"","inquiry":"Gen Enq","fullURL":"https://www-dev.broadridge.com/press-release/2012/broadridge-trade-confirmation-matching-solution","page_id":"177489","page_campaign_id":"","ecid":"","elqCampaignId":"","Formmodel":"flyout","Pagetype":"Press Release","g-recaptcha-response":"0cAFcWeA4wPuTFG8ZPoMH8QjtPC0BjPSucfnMLhROx-uw14W364-PSvjBB3xKrBcarNDKCkZEd4VN4_rE9Pdel5tNq2E0Q2i3lT7byDBiHCvEr4ZdBNJqU_iDgz6WXVjAZ836uLyxQOjw7YqEPmErm6Kk4GYGtK2ToJ3qPGMoOzO4D4lDIbD8p5BoPkvPtqI21YUkTSC8Vj7NC0qd4XAcava-04c5jCxzwyd_KLL5mJLbcLZbj98Ep4jurDNI8cJvPwKudqbzip0ZfJrV75ecMyHTQxYvyYi7lV2eJtdm76pJg-F53zaAi_HGGumlWhwkU2cbu0qBPxOnC_-porACJnqHZAzSnl8hWwPANWF08K63Zx26QS4IIGvvwxo1oyrURqNwODTL9fMsgM_WXWK5THxUZb1-6VowSxDUIEK_23WqXXx7-aaPcsLU0HWCkRUAN5vfloXW0u8FM6xlRU-UvCRQGNiug4VIZhNPSVPkC1ZnSjiQhovvukZypQ6jVI-EXqc3oV5KC7Ao9Dxjn64y8y32DM3BIjErYxbemqHJC8YPhpdheYgbCKQf7KA8d8FUcmvdAZ-Qf0y1RctTTHgB6RVJ1aoqB9w-0scfLhBD2YknJLTYl_93mik6pWXORI-XTj0_uUvL4rJt_paWky2g33RacAsX3iq9JIXG2ggdqGKgZU5lvPNCt8u75fGO1aWzi6WO9_cBg11okU7-dgSpZMreA_80dkl8IeUrQ1TsjfEyJ8gGrB1vPA5nSwNiT_EHN3NjqWxxk_sLPbnFsYmAuFlkWm563iN8CbFMQgND60BR40_FcHVbe1IWcLsMXgYv-X1VQl3lvQqMxd43K9rh1EAzfRRfQr4GBAIMWvFh-PAxvzKa8pgNzLsRJBeFESvbRAR-F_S44MSvyzOjGUfNE7qReP8IYrmpuWg8qJF2BJz5kf-709Z9LGCJMD0VA0GtFLkL5zZKyQ8MAMCiN00hktEiqB1SKvuwwA6eTG1M8T2NSEwq2Hl0ugq2TmRvDZDawFFiylTEdgg5JMUsqqvwGEmt-n8U-SwGjWPKc4NVoWSW6fBbg1xoTl8VkKpWPR9EzESbxzPROYOjYxrrrlcWtRUw9CZp_7n1NZ3-pNWj1TM_0iGYJ2YVHw5YzNxvR4U55wqxkNrCOfculZFu1IiE-Z4odqIbqP2mDQq8tLIN6tZs4mdfHTzfQcqrDASKSBPc83jEIxIjGbpygeA7QMRNwW4K-91GNF5tbJoF9QwuBGKz8kjO-pYfLJ2ltbBajVvCNC6N-0FX59CAjpC3UdbWHnZNwvzW_hG4TRXsyScI_Tptu7AmPswUhST3i9UG0mHHYqoXNsAVJ4ypq9mqNxoZJGpV-vW0KC-RiLqA5xq_jSIsJynV83HG5rcY5GZIsemp5nlzFzt8AF4XvQgiHIUj3M-XYQUYUR1dY8mMmbfmRfcV2cAegQzYDByJ8igzQdBRLz135Pdp0s80h0BNSh8QUTeiQGLfdBhK89ykLtw9VkhmuZ_pVTqOvj4S_UgTlu3FkRHSiT9hgNqEYUIu6GPGa8oeU1UkAw2NbeE1obyL784of2TZQUyxQjyyhEraXbfPu8mX9apDefzwzvOT9i1MNMnsZNqEBwn2LZFCLiFkK6bpKTy0X3Gg_L4QEEcjIKnKSqtQAbdbGqsJd7sa7mJX65QZR6tV1zsnmNn6azl9ketAJLXEIkrvOVW8UmzjQPkJYmZxLbkCjwxgkcg7PcwRfz7hBRufzcQSB4g"}
form message = Thank you for your interest in Broadridge.
A representative will contact you within 24 business hours.
formpayload for validation = {"formSubmissionId":"BRXE9313E-1769407082144","elqFormName":"","elqSiteID":"","datalayerheader":"","contact":"","formgtm":"","elqCustomerGUID":"","elqCookieWrite":"","segment":"","name_first":"First_39412_TESTTEST","name_last":"Last_39412_TESTTEST","email_work":"automated_TESTTEST_2026-01-26_05_58_00@broadridge.com","phone_business":"999-999-9999","job_title":"Job_39412_TESTTEST","Company":"Company_39412_TESTTEST","country":"United States","comment":"This is an automated test submission.  Please ignore.","id":"","so":"","di":"","ct":"","ep":"","ot":"","mt":"","yr":"","rg":"","on":"","sub-source":"","campaignMostRecentID":"","content-id":"","orig-channel":"","campaign-name":"","campaignMostRecentName":"","campaignMostRecentSource":"","campaignMostRecentMedium":"","campaignMostRecentContent":"","campaignMostRecentTerm":"","campaignMostRecentContentID":"","campaignMostRecentSubSource":"","Persistent_utm_medium":"","Persistent_utm_source":"","Persistent_utm_term":"","Persistent_utm_campaign":"","Persistent_Sub_Source":"","Persistent_Content_ID":"","Persistent_Campaign_ID":"","Persistent_utm_content":"","Session_utm_medium":"","Session_utm_source":"","Session_utm_term":"","Session_utm_campaign":"","Session_Sub_Source":"","Session_Content_ID":"","Session_Campaign_ID":"701RN00000RbnVLYAZ","Session_utm_content":"","inquiry":"Gen Enq","fullURL":"https://www-dev.broadridge.com/press-release/2012/broadridge-trade-confirmation-matching-solution","page_id":"177489","page_campaign_id":"","ecid":"","elqCampaignId":"","Formmodel":"flyout","Pagetype":"Press Release","g-recaptcha-response":"0cAFcWeA4wPuTFG8ZPoMH8QjtPC0BjPSucfnMLhROx-uw14W364-PSvjBB3xKrBcarNDKCkZEd4VN4_rE9Pdel5tNq2E0Q2i3lT7byDBiHCvEr4ZdBNJqU_iDgz6WXVjAZ836uLyxQOjw7YqEPmErm6Kk4GYGtK2ToJ3qPGMoOzO4D4lDIbD8p5BoPkvPtqI21YUkTSC8Vj7NC0qd4XAcava-04c5jCxzwyd_KLL5mJLbcLZbj98Ep4jurDNI8cJvPwKudqbzip0ZfJrV75ecMyHTQxYvyYi7lV2eJtdm76pJg-F53zaAi_HGGumlWhwkU2cbu0qBPxOnC_-porACJnqHZAzSnl8hWwPANWF08K63Zx26QS4IIGvvwxo1oyrURqNwODTL9fMsgM_WXWK5THxUZb1-6VowSxDUIEK_23WqXXx7-aaPcsLU0HWCkRUAN5vfloXW0u8FM6xlRU-UvCRQGNiug4VIZhNPSVPkC1ZnSjiQhovvukZypQ6jVI-EXqc3oV5KC7Ao9Dxjn64y8y32DM3BIjErYxbemqHJC8YPhpdheYgbCKQf7KA8d8FUcmvdAZ-Qf0y1RctTTHgB6RVJ1aoqB9w-0scfLhBD2YknJLTYl_93mik6pWXORI-XTj0_uUvL4rJt_paWky2g33RacAsX3iq9JIXG2ggdqGKgZU5lvPNCt8u75fGO1aWzi6WO9_cBg11okU7-dgSpZMreA_80dkl8IeUrQ1TsjfEyJ8gGrB1vPA5nSwNiT_EHN3NjqWxxk_sLPbnFsYmAuFlkWm563iN8CbFMQgND60BR40_FcHVbe1IWcLsMXgYv-X1VQl3lvQqMxd43K9rh1EAzfRRfQr4GBAIMWvFh-PAxvzKa8pgNzLsRJBeFESvbRAR-F_S44MSvyzOjGUfNE7qReP8IYrmpuWg8qJF2BJz5kf-709Z9LGCJMD0VA0GtFLkL5zZKyQ8MAMCiN00hktEiqB1SKvuwwA6eTG1M8T2NSEwq2Hl0ugq2TmRvDZDawFFiylTEdgg5JMUsqqvwGEmt-n8U-SwGjWPKc4NVoWSW6fBbg1xoTl8VkKpWPR9EzESbxzPROYOjYxrrrlcWtRUw9CZp_7n1NZ3-pNWj1TM_0iGYJ2YVHw5YzNxvR4U55wqxkNrCOfculZFu1IiE-Z4odqIbqP2mDQq8tLIN6tZs4mdfHTzfQcqrDASKSBPc83jEIxIjGbpygeA7QMRNwW4K-91GNF5tbJoF9QwuBGKz8kjO-pYfLJ2ltbBajVvCNC6N-0FX59CAjpC3UdbWHnZNwvzW_hG4TRXsyScI_Tptu7AmPswUhST3i9UG0mHHYqoXNsAVJ4ypq9mqNxoZJGpV-vW0KC-RiLqA5xq_jSIsJynV83HG5rcY5GZIsemp5nlzFzt8AF4XvQgiHIUj3M-XYQUYUR1dY8mMmbfmRfcV2cAegQzYDByJ8igzQdBRLz135Pdp0s80h0BNSh8QUTeiQGLfdBhK89ykLtw9VkhmuZ_pVTqOvj4S_UgTlu3FkRHSiT9hgNqEYUIu6GPGa8oeU1UkAw2NbeE1obyL784of2TZQUyxQjyyhEraXbfPu8mX9apDefzwzvOT9i1MNMnsZNqEBwn2LZFCLiFkK6bpKTy0X3Gg_L4QEEcjIKnKSqtQAbdbGqsJd7sa7mJX65QZR6tV1zsnmNn6azl9ketAJLXEIkrvOVW8UmzjQPkJYmZxLbkCjwxgkcg7PcwRfz7hBRufzcQSB4g"}
formSubmissionId = BRXE9313E-1769407082144
fullURL = https://www-dev.broadridge.com/press-release/2012/broadridge-trade-confirmation-matching-solution
page comparison URL = https://www-dev.broadridge.com/press-release/2012/broadridge-trade-confirmation-matching-solution
................Header Contact Us Form Filled...................
V2 ContactUs form NOT found on the bottom
V2 Download form NOT found on the bottom
no cookie button
header ContactUs button found = true
emailTimeStamp = automated_TESTTEST_2026-01-26_05_58_39@broadridge.com
📤 Form payload = {"formSubmissionId":"BRFARXEQ1-1769407121222","elqFormName":"","elqSiteID":"","datalayerheader":"","contact":"","formgtm":"","elqCustomerGUID":"","elqCookieWrite":"","segment":"","name_first":"First_39412_TESTTEST","name_last":"Last_39412_TESTTEST","email_work":"automated_TESTTEST_2026-01-26_05_58_39@broadridge.com","phone_business":"999-999-9999","job_title":"Job_39412_TESTTEST","Company":"Company_39412_TESTTEST","country":"United States","comment":"This is an automated test submission.  Please ignore.","id":"","so":"","di":"","ct":"","ep":"","ot":"","mt":"","yr":"","rg":"","on":"","sub-source":"","campaignMostRecentID":"","content-id":"","orig-channel":"","campaign-name":"","campaignMostRecentName":"","campaignMostRecentSource":"","campaignMostRecentMedium":"","campaignMostRecentContent":"","campaignMostRecentTerm":"","campaignMostRecentContentID":"","campaignMostRecentSubSource":"","Persistent_utm_medium":"","Persistent_utm_source":"","Persistent_utm_term":"","Persistent_utm_campaign":"","Persistent_Sub_Source":"","Persistent_Content_ID":"","Persistent_Campaign_ID":"","Persistent_utm_content":"","Session_utm_medium":"","Session_utm_source":"","Session_utm_term":"","Session_utm_campaign":"","Session_Sub_Source":"","Session_Content_ID":"","Session_Campaign_ID":"701RN00000RbnVLYAZ","Session_utm_content":"","inquiry":"Gen Enq","fullURL":"https://www-dev.broadridge.com/press-release/2012/matrix-expands-trueopen-architecture-platform","page_id":"177726","page_campaign_id":"","ecid":"","elqCampaignId":"","Formmodel":"flyout","Pagetype":"Press Release","g-recaptcha-response":"0cAFcWeA71BW0t9FqtORrANkA5P9EQgsc45GkG9ISbS-CP03pC-edYwlEQ0P0U6WDcqyBbS4DZxCEKbZ_ABjdCLt6Ul-j4XPjnEYXA_w5lsBQxJxbIelgr-khZrzfYkCrIBIRnOlkGbwHWQlsFXxIERDiVK335FhqchWAyeGLQ6LIq8CYjEYQp_b12wSHpDiIdKDryIJiHqFvpV8Lgkje4dAGmBa1MzIgg8PMWKULMSan50XDuuXVZlJO9zan7s098BVMGY9A3Y45Me8D1vTFrHAGInPWDNbQKBOwWbFNwjFNvAo-4_CwA761pMkXxEF8VEupSA-LpPUMFvPt0VljO4zAJkdPQG9FgH7Xv5aoGOkGL_sjs1NHesEWUcxT_F_kF6bHvj3bkyj4lwOnSgSiniUwI7fpH7sooCiEm8iyh5kbqCSeDzk3JK-oYvYa90Qg9JCTHuKX1zwd7CKgNUYVH2dFyrNnvH86KGkLISjxD8ngtUD_Uj6Zhkq2UE8U1d5RAU4aP8Jnxk6iA3nf8nQjhHw0L-O7QCy3-qyo9zbD0DDVEJnyTUE9yTTKueMOmID4oSAxFDNfihVwWtfgVMvkwXDQGqd2lHP026f3ld8dQwU71NoZuZW40mGvBnY-WoQzqaUijl7rap7RMZl3RygIN2winrsuQGzOTGL_sGZOw-CVZZy5b39MqcVeys_Uh6Nbn3oMHKQoh0sJVEWocEw-IGkhRmODqr6ode5PKv4F7CG9S5LEaZOcjFKL2zJCJrvD1nO-jncWkfpy5v5P0JSDCs77CMpQ1OsJbgAy2BNwlX4ZFAY29ij-gKA1zTotIWM6HUkESEucKxhOl_x2f9zio26f2uku_kJERjixFP_1Fn71zt9J2WutVqeIJGbPVcedSpsBH9xFs_B00h3Nlhea1Lo8yQhNHXkL7X199_XrUgwffbofLYC1OohTO8A-91d--MF-ShUqMyZ1w4KFliC2_MNH98oZQOwRRAhTE2tuSKPWcP_WMm9LJmRQZVskZVY3LcP0uAg3ReaEokMo8_Q2X-YUmjNZPDM6opP5xX7m4LhSMuutaL5x1wH-uFPeL-6Jll9mkF703rsAHfB9d4qGUEesu90aDLaOyltXYzsc30GhgCX4IFNWrd2Iw4BKyMPqWuxrQmMBFbuVbOoynQgz06U5a1vvSWGjffISFJVstXCTRihPexqSCQZC1d81IpysapmVhEaxolkz6jaBsxwgA-iUXDier08gBAHvoEd5qc6U63H3p2scm9dJAwlapkg2WuE8us_9bPkwsalGH9dAnpx4PMs-mWoZCgtSxiU3IZpbO_z80ROiTQfVd3RS_6RXmenz7-UK4qDFtI7eRbfUbpueVnhDB1ZiQ5hhSXXr8enHVYodb4RfWdgcQdjJGJuOASTRuuDORyzqWy0UA1QriM38zsMHwdqBcr3C1kImfLy0UrO8awDppS89YFknfL9-UPqqgxP5fHLevaJwLfwp7lchyy1XeMDCO33eb9KUfDZgi-wf19Kkt9eIlWzy8DSQrpq2p6tk7YMcnIhWj1vrR-Z_qMwlG0tNcPJ50jn3bbyU5H00g3To4C8c1YmA1WBeo2vhMiG6NeAio0qNkpWXFOAajgrmyzZIRDTREcobW_cFYu8ITrHIkZ0agLp3rNds--M3AWDXiagC4ncvBWfCHe9LBVHWlvDEHXSWM4KIoIjGdtv9roIdtYLs"}
form message = Thank you for your interest in Broadridge.
A representative will contact you within 24 business hours.
formpayload for validation = {"formSubmissionId":"BRFARXEQ1-1769407121222","elqFormName":"","elqSiteID":"","datalayerheader":"","contact":"","formgtm":"","elqCustomerGUID":"","elqCookieWrite":"","segment":"","name_first":"First_39412_TESTTEST","name_last":"Last_39412_TESTTEST","email_work":"automated_TESTTEST_2026-01-26_05_58_39@broadridge.com","phone_business":"999-999-9999","job_title":"Job_39412_TESTTEST","Company":"Company_39412_TESTTEST","country":"United States","comment":"This is an automated test submission.  Please ignore.","id":"","so":"","di":"","ct":"","ep":"","ot":"","mt":"","yr":"","rg":"","on":"","sub-source":"","campaignMostRecentID":"","content-id":"","orig-channel":"","campaign-name":"","campaignMostRecentName":"","campaignMostRecentSource":"","campaignMostRecentMedium":"","campaignMostRecentContent":"","campaignMostRecentTerm":"","campaignMostRecentContentID":"","campaignMostRecentSubSource":"","Persistent_utm_medium":"","Persistent_utm_source":"","Persistent_utm_term":"","Persistent_utm_campaign":"","Persistent_Sub_Source":"","Persistent_Content_ID":"","Persistent_Campaign_ID":"","Persistent_utm_content":"","Session_utm_medium":"","Session_utm_source":"","Session_utm_term":"","Session_utm_campaign":"","Session_Sub_Source":"","Session_Content_ID":"","Session_Campaign_ID":"701RN00000RbnVLYAZ","Session_utm_content":"","inquiry":"Gen Enq","fullURL":"https://www-dev.broadridge.com/press-release/2012/matrix-expands-trueopen-architecture-platform","page_id":"177726","page_campaign_id":"","ecid":"","elqCampaignId":"","Formmodel":"flyout","Pagetype":"Press Release","g-recaptcha-response":"0cAFcWeA71BW0t9FqtORrANkA5P9EQgsc45GkG9ISbS-CP03pC-edYwlEQ0P0U6WDcqyBbS4DZxCEKbZ_ABjdCLt6Ul-j4XPjnEYXA_w5lsBQxJxbIelgr-khZrzfYkCrIBIRnOlkGbwHWQlsFXxIERDiVK335FhqchWAyeGLQ6LIq8CYjEYQp_b12wSHpDiIdKDryIJiHqFvpV8Lgkje4dAGmBa1MzIgg8PMWKULMSan50XDuuXVZlJO9zan7s098BVMGY9A3Y45Me8D1vTFrHAGInPWDNbQKBOwWbFNwjFNvAo-4_CwA761pMkXxEF8VEupSA-LpPUMFvPt0VljO4zAJkdPQG9FgH7Xv5aoGOkGL_sjs1NHesEWUcxT_F_kF6bHvj3bkyj4lwOnSgSiniUwI7fpH7sooCiEm8iyh5kbqCSeDzk3JK-oYvYa90Qg9JCTHuKX1zwd7CKgNUYVH2dFyrNnvH86KGkLISjxD8ngtUD_Uj6Zhkq2UE8U1d5RAU4aP8Jnxk6iA3nf8nQjhHw0L-O7QCy3-qyo9zbD0DDVEJnyTUE9yTTKueMOmID4oSAxFDNfihVwWtfgVMvkwXDQGqd2lHP026f3ld8dQwU71NoZuZW40mGvBnY-WoQzqaUijl7rap7RMZl3RygIN2winrsuQGzOTGL_sGZOw-CVZZy5b39MqcVeys_Uh6Nbn3oMHKQoh0sJVEWocEw-IGkhRmODqr6ode5PKv4F7CG9S5LEaZOcjFKL2zJCJrvD1nO-jncWkfpy5v5P0JSDCs77CMpQ1OsJbgAy2BNwlX4ZFAY29ij-gKA1zTotIWM6HUkESEucKxhOl_x2f9zio26f2uku_kJERjixFP_1Fn71zt9J2WutVqeIJGbPVcedSpsBH9xFs_B00h3Nlhea1Lo8yQhNHXkL7X199_XrUgwffbofLYC1OohTO8A-91d--MF-ShUqMyZ1w4KFliC2_MNH98oZQOwRRAhTE2tuSKPWcP_WMm9LJmRQZVskZVY3LcP0uAg3ReaEokMo8_Q2X-YUmjNZPDM6opP5xX7m4LhSMuutaL5x1wH-uFPeL-6Jll9mkF703rsAHfB9d4qGUEesu90aDLaOyltXYzsc30GhgCX4IFNWrd2Iw4BKyMPqWuxrQmMBFbuVbOoynQgz06U5a1vvSWGjffISFJVstXCTRihPexqSCQZC1d81IpysapmVhEaxolkz6jaBsxwgA-iUXDier08gBAHvoEd5qc6U63H3p2scm9dJAwlapkg2WuE8us_9bPkwsalGH9dAnpx4PMs-mWoZCgtSxiU3IZpbO_z80ROiTQfVd3RS_6RXmenz7-UK4qDFtI7eRbfUbpueVnhDB1ZiQ5hhSXXr8enHVYodb4RfWdgcQdjJGJuOASTRuuDORyzqWy0UA1QriM38zsMHwdqBcr3C1kImfLy0UrO8awDppS89YFknfL9-UPqqgxP5fHLevaJwLfwp7lchyy1XeMDCO33eb9KUfDZgi-wf19Kkt9eIlWzy8DSQrpq2p6tk7YMcnIhWj1vrR-Z_qMwlG0tNcPJ50jn3bbyU5H00g3To4C8c1YmA1WBeo2vhMiG6NeAio0qNkpWXFOAajgrmyzZIRDTREcobW_cFYu8ITrHIkZ0agLp3rNds--M3AWDXiagC4ncvBWfCHe9LBVHWlvDEHXSWM4KIoIjGdtv9roIdtYLs"}
formSubmissionId = BRFARXEQ1-1769407121222
fullURL = https://www-dev.broadridge.com/press-release/2012/matrix-expands-trueopen-architecture-platform
page comparison URL = https://www-dev.broadridge.com/press-release/2012/matrix-expands-trueopen-architecture-platform
................Header Contact Us Form Filled...................
V2 ContactUs form NOT found on the bottom
V2 Download form NOT found on the bottom
no cookie button
header ContactUs button found = true
emailTimeStamp = automated_TESTTEST_2026-01-26_05_59_18@broadridge.com
📤 Form payload = {"formSubmissionId":"BRC05WXD8-1769407160562","elqFormName":"","elqSiteID":"","datalayerheader":"","contact":"","formgtm":"","elqCustomerGUID":"","elqCookieWrite":"","segment":"","name_first":"First_39412_TESTTEST","name_last":"Last_39412_TESTTEST","email_work":"automated_TESTTEST_2026-01-26_05_59_18@broadridge.com","phone_business":"999-999-9999","job_title":"Job_39412_TESTTEST","Company":"Company_39412_TESTTEST","country":"United States","comment":"This is an automated test submission.  Please ignore.","id":"","so":"","di":"","ct":"","ep":"","ot":"","mt":"","yr":"","rg":"","on":"","sub-source":"","campaignMostRecentID":"","content-id":"","orig-channel":"","campaign-name":"","campaignMostRecentName":"","campaignMostRecentSource":"","campaignMostRecentMedium":"","campaignMostRecentContent":"","campaignMostRecentTerm":"","campaignMostRecentContentID":"","campaignMostRecentSubSource":"","Persistent_utm_medium":"","Persistent_utm_source":"","Persistent_utm_term":"","Persistent_utm_campaign":"","Persistent_Sub_Source":"","Persistent_Content_ID":"","Persistent_Campaign_ID":"","Persistent_utm_content":"","Session_utm_medium":"","Session_utm_source":"","Session_utm_term":"","Session_utm_campaign":"","Session_Sub_Source":"","Session_Content_ID":"","Session_Campaign_ID":"701RN00000RbnVLYAZ","Session_utm_content":"","inquiry":"Gen Enq","fullURL":"https://www-dev.broadridge.com/press-release/2012/jose-contin-to-lead-broadridge-city-networks-expansion-in-emea","page_id":"177499","page_campaign_id":"","ecid":"","elqCampaignId":"","Formmodel":"flyout","Pagetype":"Press Release","g-recaptcha-response":"0cAFcWeA7LF4zPbJ9WSYuCrydxf4Mh3NdyZKp69NSp4QAPiP8aRGfP8G_TD30cCKxg1aFnLm6NihNWexxJFj092nGyvfmpVP2RVoRAi5E9U_chMMlyn2CiouTvVOXrJIlYDr-ZeWuD1IF7wJtLrPgaWLpJ_SwuJEtBtpSM-q4Va0yqmJwcLRyQv-Nh3mA1OsNbyr8XR0zjPBXFeapXm_zyn10y5oBm-nuFx0eMooErrJ15ZiniKiVLF1R7Sjq3n7tkg12uXymerLyw2Ak7Al_v9Xwobgn03axM5RN2IHH6jRY4BG77KJqjTcrdi7RItCWMfzZUTwYFO54b8yM1rIEePPYbFAAwA-O4RBOL0NR_xAqvqQn_vTkdF4gd5--1sC80O-ww_yyhrk7KZk6WzPEa4llK9CRTnTjYtu-m9mF_7nUEKD28bn-P45vno4-BYRHCjetz7QHGlbqk_P8jOR8ZYIDImKiqlaxnCk1YTdQfLuvtl9t9aHyDirjcGswBh0YDKu-nf5DL35jMUMyIIcuSvA91OqhD7XjqYmTXPe74TcKyxU-PZS0WuZ5zTcKZyMNLnH-IXKb45c5h5XzBISN6PsX02lrgB_42pWxhd_OhBJ14wPUHc67B5xkaz8zWcxI8Gfwx0OpA1nGpnqTGuwSt6Lw8NH8fQ-7ZFRBLmFmRKAlfnAK3oCQSHGc9qYgKYufZ6c0UBztb3Ulx4CdR4huQzVQMJ7_Tp3s5YYpYSJLb8ywm3apkBXqcMFJMkQHjBo8zGbev3CdeotdcLiKOLzD7gMgU5eoS0dxsukjFJPLBxaNRSgJOGSIsycyQty2780YUEM31YNyk3TWP03VNYDP6alH4eRu1H7b_7YHzlq6POgEnsEn9ic_gOob72gQzBuFfyWhUBwQYpEvDkHs2-DAQs2BLfO-mfcCPBAi5ZJWTpDwSWnTOZWDsOeAtBHuV1YdPKAmKw8RHeRA8KsOBLek7FYXfBUczt21EBWNGkwhExPxzyAxyMWkb-5oV_v5fj71QczcFevge3oTTYUiPXqKgAlJtVfCe9L1hEnoGTn_5Z_Sy5zE94OBmjW2U6kt1B6owcy5nC4JNa1C5_dIZ4iH8MQL873Ia4jNf4jj4SHmpO6CeYMiOXwM92BTMEVrqGjPWZ6MHSRWprywFaH3FInDNxAfV8ruPKdQs7UCJvu0mrp4iA2WcBGL0rOpTD7M5-tffCm4KX2ToFEJ_smNHaZB6T8mIceB67jQK1f5JTQErowWGcMFImCG4TfVxoIvJUMKAjPNSFuP-lxbTIKWvFSN1FdrtNu_DFyupaxIJHmmup3XdVjNUK-g84MGo0MGKcZ61h_L1ZYiVn8-H5A3bbCMBofS7LelhK_fFvLvQQrU3ZDSGk0Es660YKCy8xq6HrUH-2nlvTjwPwDzJhIgpmGc0fvNvHfNgMq-1RCtul_CkiOojOvP4QkidmWtihW9uWmKC7LSIo9E2iB_SMol3UnovfhV4VCwNIOf8TRpKHewRwanQl7IH-JqbiAVBBC-Fb0CY_SMNOm6Ar53AJ_J_0qlBfXiONPR7XMVzlhg-K4nKI0bePXDDPNr6_wreHyfsY1YAPgoU-vSyxUHp05pyYKHTVbwza26ai4bKl8UhXBgM71IwR2tDei0xn8cEBLL8CbBfrtcsDAH1tj_YO0MeGRUITFJRWThubmPPx-rHgDWj4dp5-KXK1Rq4YWY"}
form message = Thank you for your interest in Broadridge.
A representative will contact you within 24 business hours.
formpayload for validation = {"formSubmissionId":"BRC05WXD8-1769407160562","elqFormName":"","elqSiteID":"","datalayerheader":"","contact":"","formgtm":"","elqCustomerGUID":"","elqCookieWrite":"","segment":"","name_first":"First_39412_TESTTEST","name_last":"Last_39412_TESTTEST","email_work":"automated_TESTTEST_2026-01-26_05_59_18@broadridge.com","phone_business":"999-999-9999","job_title":"Job_39412_TESTTEST","Company":"Company_39412_TESTTEST","country":"United States","comment":"This is an automated test submission.  Please ignore.","id":"","so":"","di":"","ct":"","ep":"","ot":"","mt":"","yr":"","rg":"","on":"","sub-source":"","campaignMostRecentID":"","content-id":"","orig-channel":"","campaign-name":"","campaignMostRecentName":"","campaignMostRecentSource":"","campaignMostRecentMedium":"","campaignMostRecentContent":"","campaignMostRecentTerm":"","campaignMostRecentContentID":"","campaignMostRecentSubSource":"","Persistent_utm_medium":"","Persistent_utm_source":"","Persistent_utm_term":"","Persistent_utm_campaign":"","Persistent_Sub_Source":"","Persistent_Content_ID":"","Persistent_Campaign_ID":"","Persistent_utm_content":"","Session_utm_medium":"","Session_utm_source":"","Session_utm_term":"","Session_utm_campaign":"","Session_Sub_Source":"","Session_Content_ID":"","Session_Campaign_ID":"701RN00000RbnVLYAZ","Session_utm_content":"","inquiry":"Gen Enq","fullURL":"https://www-dev.broadridge.com/press-release/2012/jose-contin-to-lead-broadridge-city-networks-expansion-in-emea","page_id":"177499","page_campaign_id":"","ecid":"","elqCampaignId":"","Formmodel":"flyout","Pagetype":"Press Release","g-recaptcha-response":"0cAFcWeA7LF4zPbJ9WSYuCrydxf4Mh3NdyZKp69NSp4QAPiP8aRGfP8G_TD30cCKxg1aFnLm6NihNWexxJFj092nGyvfmpVP2RVoRAi5E9U_chMMlyn2CiouTvVOXrJIlYDr-ZeWuD1IF7wJtLrPgaWLpJ_SwuJEtBtpSM-q4Va0yqmJwcLRyQv-Nh3mA1OsNbyr8XR0zjPBXFeapXm_zyn10y5oBm-nuFx0eMooErrJ15ZiniKiVLF1R7Sjq3n7tkg12uXymerLyw2Ak7Al_v9Xwobgn03axM5RN2IHH6jRY4BG77KJqjTcrdi7RItCWMfzZUTwYFO54b8yM1rIEePPYbFAAwA-O4RBOL0NR_xAqvqQn_vTkdF4gd5--1sC80O-ww_yyhrk7KZk6WzPEa4llK9CRTnTjYtu-m9mF_7nUEKD28bn-P45vno4-BYRHCjetz7QHGlbqk_P8jOR8ZYIDImKiqlaxnCk1YTdQfLuvtl9t9aHyDirjcGswBh0YDKu-nf5DL35jMUMyIIcuSvA91OqhD7XjqYmTXPe74TcKyxU-PZS0WuZ5zTcKZyMNLnH-IXKb45c5h5XzBISN6PsX02lrgB_42pWxhd_OhBJ14wPUHc67B5xkaz8zWcxI8Gfwx0OpA1nGpnqTGuwSt6Lw8NH8fQ-7ZFRBLmFmRKAlfnAK3oCQSHGc9qYgKYufZ6c0UBztb3Ulx4CdR4huQzVQMJ7_Tp3s5YYpYSJLb8ywm3apkBXqcMFJMkQHjBo8zGbev3CdeotdcLiKOLzD7gMgU5eoS0dxsukjFJPLBxaNRSgJOGSIsycyQty2780YUEM31YNyk3TWP03VNYDP6alH4eRu1H7b_7YHzlq6POgEnsEn9ic_gOob72gQzBuFfyWhUBwQYpEvDkHs2-DAQs2BLfO-mfcCPBAi5ZJWTpDwSWnTOZWDsOeAtBHuV1YdPKAmKw8RHeRA8KsOBLek7FYXfBUczt21EBWNGkwhExPxzyAxyMWkb-5oV_v5fj71QczcFevge3oTTYUiPXqKgAlJtVfCe9L1hEnoGTn_5Z_Sy5zE94OBmjW2U6kt1B6owcy5nC4JNa1C5_dIZ4iH8MQL873Ia4jNf4jj4SHmpO6CeYMiOXwM92BTMEVrqGjPWZ6MHSRWprywFaH3FInDNxAfV8ruPKdQs7UCJvu0mrp4iA2WcBGL0rOpTD7M5-tffCm4KX2ToFEJ_smNHaZB6T8mIceB67jQK1f5JTQErowWGcMFImCG4TfVxoIvJUMKAjPNSFuP-lxbTIKWvFSN1FdrtNu_DFyupaxIJHmmup3XdVjNUK-g84MGo0MGKcZ61h_L1ZYiVn8-H5A3bbCMBofS7LelhK_fFvLvQQrU3ZDSGk0Es660YKCy8xq6HrUH-2nlvTjwPwDzJhIgpmGc0fvNvHfNgMq-1RCtul_CkiOojOvP4QkidmWtihW9uWmKC7LSIo9E2iB_SMol3UnovfhV4VCwNIOf8TRpKHewRwanQl7IH-JqbiAVBBC-Fb0CY_SMNOm6Ar53AJ_J_0qlBfXiONPR7XMVzlhg-K4nKI0bePXDDPNr6_wreHyfsY1YAPgoU-vSyxUHp05pyYKHTVbwza26ai4bKl8UhXBgM71IwR2tDei0xn8cEBLL8CbBfrtcsDAH1tj_YO0MeGRUITFJRWThubmPPx-rHgDWj4dp5-KXK1Rq4YWY"}
formSubmissionId = BRC05WXD8-1769407160562
fullURL = https://www-dev.broadridge.com/press-release/2012/jose-contin-to-lead-broadridge-city-networks-expansion-in-emea
page comparison URL = https://www-dev.broadridge.com/press-release/2012/jose-contin-to-lead-broadridge-city-networks-expansion-in-emea
................Header Contact Us Form Filled...................
V2 ContactUs form NOT found on the bottom
V2 Download form NOT found on the bottom
no cookie button
header ContactUs button found = true
emailTimeStamp = automated_TESTTEST_2026-01-26_05_59_57@broadridge.com
📤 Form payload = {"formSubmissionId":"BRWOQ7RY0-1769407199932","elqFormName":"","elqSiteID":"","datalayerheader":"","contact":"","formgtm":"","elqCustomerGUID":"","elqCookieWrite":"","segment":"","name_first":"First_39412_TESTTEST","name_last":"Last_39412_TESTTEST","email_work":"automated_TESTTEST_2026-01-26_05_59_57@broadridge.com","phone_business":"999-999-9999","job_title":"Job_39412_TESTTEST","Company":"Company_39412_TESTTEST","country":"United States","comment":"This is an automated test submission.  Please ignore.","id":"","so":"","di":"","ct":"","ep":"","ot":"","mt":"","yr":"","rg":"","on":"","sub-source":"","campaignMostRecentID":"","content-id":"","orig-channel":"","campaign-name":"","campaignMostRecentName":"","campaignMostRecentSource":"","campaignMostRecentMedium":"","campaignMostRecentContent":"","campaignMostRecentTerm":"","campaignMostRecentContentID":"","campaignMostRecentSubSource":"","Persistent_utm_medium":"","Persistent_utm_source":"","Persistent_utm_term":"","Persistent_utm_campaign":"","Persistent_Sub_Source":"","Persistent_Content_ID":"","Persistent_Campaign_ID":"","Persistent_utm_content":"","Session_utm_medium":"","Session_utm_source":"","Session_utm_term":"","Session_utm_campaign":"","Session_Sub_Source":"","Session_Content_ID":"","Session_Campaign_ID":"701RN00000RbnVLYAZ","Session_utm_content":"","inquiry":"Gen Enq","fullURL":"https://www-dev.broadridge.com/press-release/2012/broadridge-reports-fourth-quarter-and-fiscal-year-2012-results","page_id":"177479","page_campaign_id":"","ecid":"","elqCampaignId":"","Formmodel":"flyout","Pagetype":"Press Release","g-recaptcha-response":"0cAFcWeA7eRu2u71S9Gbty1nb_MyLHLxLA8y_qvG4SGo1t22PQR18dHcgxj6N5MAly10YqtJzg5vBLqEsNoEnEsZxQW2ejbVuq08zPEIUEAqgHGSaWWe0mAjbdHhb7TlM6k6K9Br3evokS1EX7zCKPuaAyXonf7B6RaXIeU8xnoWLem_Cieusp6bo3L4PxKVl5YbEjA5HerJvoDjcu4zyf_P-KO6z_hMRw-wEnhZ8zi10rBrWNUu1Fbr5cGMRkUkiktnl2AF4DQnJDMZWzJB6EvnR1stk0n8mh0J6lamio0hfg-ud7QWXIfBccYMz7G9EIuvc0eMmaLDRePCL9Gz8jKgBtlRCiymLmDbsZKM6DSg6hrxQLeXqmgDzQYP14y-Zl1JqSazuWfeOMjOiGb5AHhGtG8szQEtWl0mXLAxWCq-p8SGisvWG-T7E1QAJ5raiaw7XN069uwCpagdn136AIvv46_WXveA5TgsObm-xA4KUzwdeztNMfQyWe3GJHIvK2zuT8YVgkfyeIIWsrh_jGMPX0eAf5-RLAsMYlp2zjeocnKfni0HURpjnfaLfF8Q4NKRS373WL94T803OzGxDx4bKLyaL1J9O5TLl2eUP8_q_zfN0R1aptzqn967OL79Vo29ELIsUSDbozIw-zB3FcdEeRTb3ZabkNUGh8wafOMnxY941dnyVKdBvyg7y4Umb_fLBIczbJSqSDfKSni4kbhh-nZYm_9oHpZK7befg_7jadpEmyoGDEF7gAAU8PM3fCqdd6rXpi_81uFcGnrJB3XNQa-TE4WRvUxtP-ga8v4TV-_RjP4nS_ZEFEbm_N-hMkQafKDoFE0rGKIvO1IU13OkG9wvyP5q3qW4dP_rTopWqYCyAIviS95pNFVyWxMpsdj5D2raJqJz8OOWHgnH4GGAP3pLaWN6cK4j5ArtB5AHGM53tM5FB54nOfmhzj-VwqKEeSeMU2ebCjZlY6591Aw9bEy_LqWS1t0vebd0vAnGDRGAL3oc6ogi4pxj5HATaQshVLXLu-iqOetPVmskuvNIrVaKXIB21jWtnfRzy6e7GZMT6T9AuG2CZUOsH-yHPIvrCWGHODwPPI7aHbB1hdABEx3vIhpusfYucOgmS6HKOxYXqg8wP_er4BKe4vh6aySkrCEhVR1oLb1V8HSfzaZAJfBcveP-hvJoXZuOsw-lQ9Qnf3G3VKCjThbQ-9njEStP_lUlazi0ypL44hi_UYXbIzqhTwMpLiwESXw8IpLg1g6a8vz0FSjK3oH_iM_SxDSNB2ROTJqDpt1VBdJsur3vQaj-4NP-FoH5HBCqshcPJVmefAGVe034-FoW0Yzgval3LSGjzMg9ucIEeN5VE9S_xsC6PSnYCvsaJMkaBEDeShn1UeunrygprOwfkokQFJsbsK4dLIIX7UfoynAnNA-MgLYz0BpdSP5TVt3nWcbdzLlIW2kIGLWwEjCyBhC7UeToq3xASAfHhsr6AQt7c9AZJFB5UfU-knSdgGmsm4Icl4Ut2rUhnnyUwmnPpJ95pxCFg1SMJwqrZ-f0hMVG7h9Rr3mlAGPtVWZ3tTvwVGOz1iT3KYLyre1gshG2MH7fLp8NZ8hK-dWYD_7yTNb1SEPI2tbKkgnG124_FWJXSMw9QtAS5M91ezhNTTS4STW2-dWBhLPzJIraEA0JxG75RtLCuhscNLtNPT2jOOd7nW_D71CG3aSMdFgWQ"}
form message = Thank you for your interest in Broadridge.
A representative will contact you within 24 business hours.
formpayload for validation = {"formSubmissionId":"BRWOQ7RY0-1769407199932","elqFormName":"","elqSiteID":"","datalayerheader":"","contact":"","formgtm":"","elqCustomerGUID":"","elqCookieWrite":"","segment":"","name_first":"First_39412_TESTTEST","name_last":"Last_39412_TESTTEST","email_work":"automated_TESTTEST_2026-01-26_05_59_57@broadridge.com","phone_business":"999-999-9999","job_title":"Job_39412_TESTTEST","Company":"Company_39412_TESTTEST","country":"United States","comment":"This is an automated test submission.  Please ignore.","id":"","so":"","di":"","ct":"","ep":"","ot":"","mt":"","yr":"","rg":"","on":"","sub-source":"","campaignMostRecentID":"","content-id":"","orig-channel":"","campaign-name":"","campaignMostRecentName":"","campaignMostRecentSource":"","campaignMostRecentMedium":"","campaignMostRecentContent":"","campaignMostRecentTerm":"","campaignMostRecentContentID":"","campaignMostRecentSubSource":"","Persistent_utm_medium":"","Persistent_utm_source":"","Persistent_utm_term":"","Persistent_utm_campaign":"","Persistent_Sub_Source":"","Persistent_Content_ID":"","Persistent_Campaign_ID":"","Persistent_utm_content":"","Session_utm_medium":"","Session_utm_source":"","Session_utm_term":"","Session_utm_campaign":"","Session_Sub_Source":"","Session_Content_ID":"","Session_Campaign_ID":"701RN00000RbnVLYAZ","Session_utm_content":"","inquiry":"Gen Enq","fullURL":"https://www-dev.broadridge.com/press-release/2012/broadridge-reports-fourth-quarter-and-fiscal-year-2012-results","page_id":"177479","page_campaign_id":"","ecid":"","elqCampaignId":"","Formmodel":"flyout","Pagetype":"Press Release","g-recaptcha-response":"0cAFcWeA7eRu2u71S9Gbty1nb_MyLHLxLA8y_qvG4SGo1t22PQR18dHcgxj6N5MAly10YqtJzg5vBLqEsNoEnEsZxQW2ejbVuq08zPEIUEAqgHGSaWWe0mAjbdHhb7TlM6k6K9Br3evokS1EX7zCKPuaAyXonf7B6RaXIeU8xnoWLem_Cieusp6bo3L4PxKVl5YbEjA5HerJvoDjcu4zyf_P-KO6z_hMRw-wEnhZ8zi10rBrWNUu1Fbr5cGMRkUkiktnl2AF4DQnJDMZWzJB6EvnR1stk0n8mh0J6lamio0hfg-ud7QWXIfBccYMz7G9EIuvc0eMmaLDRePCL9Gz8jKgBtlRCiymLmDbsZKM6DSg6hrxQLeXqmgDzQYP14y-Zl1JqSazuWfeOMjOiGb5AHhGtG8szQEtWl0mXLAxWCq-p8SGisvWG-T7E1QAJ5raiaw7XN069uwCpagdn136AIvv46_WXveA5TgsObm-xA4KUzwdeztNMfQyWe3GJHIvK2zuT8YVgkfyeIIWsrh_jGMPX0eAf5-RLAsMYlp2zjeocnKfni0HURpjnfaLfF8Q4NKRS373WL94T803OzGxDx4bKLyaL1J9O5TLl2eUP8_q_zfN0R1aptzqn967OL79Vo29ELIsUSDbozIw-zB3FcdEeRTb3ZabkNUGh8wafOMnxY941dnyVKdBvyg7y4Umb_fLBIczbJSqSDfKSni4kbhh-nZYm_9oHpZK7befg_7jadpEmyoGDEF7gAAU8PM3fCqdd6rXpi_81uFcGnrJB3XNQa-TE4WRvUxtP-ga8v4TV-_RjP4nS_ZEFEbm_N-hMkQafKDoFE0rGKIvO1IU13OkG9wvyP5q3qW4dP_rTopWqYCyAIviS95pNFVyWxMpsdj5D2raJqJz8OOWHgnH4GGAP3pLaWN6cK4j5ArtB5AHGM53tM5FB54nOfmhzj-VwqKEeSeMU2ebCjZlY6591Aw9bEy_LqWS1t0vebd0vAnGDRGAL3oc6ogi4pxj5HATaQshVLXLu-iqOetPVmskuvNIrVaKXIB21jWtnfRzy6e7GZMT6T9AuG2CZUOsH-yHPIvrCWGHODwPPI7aHbB1hdABEx3vIhpusfYucOgmS6HKOxYXqg8wP_er4BKe4vh6aySkrCEhVR1oLb1V8HSfzaZAJfBcveP-hvJoXZuOsw-lQ9Qnf3G3VKCjThbQ-9njEStP_lUlazi0ypL44hi_UYXbIzqhTwMpLiwESXw8IpLg1g6a8vz0FSjK3oH_iM_SxDSNB2ROTJqDpt1VBdJsur3vQaj-4NP-FoH5HBCqshcPJVmefAGVe034-FoW0Yzgval3LSGjzMg9ucIEeN5VE9S_xsC6PSnYCvsaJMkaBEDeShn1UeunrygprOwfkokQFJsbsK4dLIIX7UfoynAnNA-MgLYz0BpdSP5TVt3nWcbdzLlIW2kIGLWwEjCyBhC7UeToq3xASAfHhsr6AQt7c9AZJFB5UfU-knSdgGmsm4Icl4Ut2rUhnnyUwmnPpJ95pxCFg1SMJwqrZ-f0hMVG7h9Rr3mlAGPtVWZ3tTvwVGOz1iT3KYLyre1gshG2MH7fLp8NZ8hK-dWYD_7yTNb1SEPI2tbKkgnG124_FWJXSMw9QtAS5M91ezhNTTS4STW2-dWBhLPzJIraEA0JxG75RtLCuhscNLtNPT2jOOd7nW_D71CG3aSMdFgWQ"}
formSubmissionId = BRWOQ7RY0-1769407199932
fullURL = https://www-dev.broadridge.com/press-release/2012/broadridge-reports-fourth-quarter-and-fiscal-year-2012-results
page comparison URL = https://www-dev.broadridge.com/press-release/2012/broadridge-reports-fourth-quarter-and-fiscal-year-2012-results
................Header Contact Us Form Filled...................
V2 ContactUs form NOT found on the bottom
V2 Download form NOT found on the bottom
no cookie button
header ContactUs button found = true
emailTimeStamp = automated_TESTTEST_2026-01-26_06_00_37@broadridge.com
📤 Form payload = {"formSubmissionId":"BRTMNMLOH-1769407238960","elqFormName":"","elqSiteID":"","datalayerheader":"","contact":"","formgtm":"","elqCustomerGUID":"","elqCookieWrite":"","segment":"","name_first":"First_39412_TESTTEST","name_last":"Last_39412_TESTTEST","email_work":"automated_TESTTEST_2026-01-26_06_00_37@broadridge.com","phone_business":"999-999-9999","job_title":"Job_39412_TESTTEST","Company":"Company_39412_TESTTEST","country":"United States","comment":"This is an automated test submission.  Please ignore.","id":"","so":"","di":"","ct":"","ep":"","ot":"","mt":"","yr":"","rg":"","on":"","sub-source":"","campaignMostRecentID":"","content-id":"","orig-channel":"","campaign-name":"","campaignMostRecentName":"","campaignMostRecentSource":"","campaignMostRecentMedium":"","campaignMostRecentContent":"","campaignMostRecentTerm":"","campaignMostRecentContentID":"","campaignMostRecentSubSource":"","Persistent_utm_medium":"","Persistent_utm_source":"","Persistent_utm_term":"","Persistent_utm_campaign":"","Persistent_Sub_Source":"","Persistent_Content_ID":"","Persistent_Campaign_ID":"","Persistent_utm_content":"","Session_utm_medium":"","Session_utm_source":"","Session_utm_term":"","Session_utm_campaign":"","Session_Sub_Source":"","Session_Content_ID":"","Session_Campaign_ID":"701RN00000RbnVLYAZ","Session_utm_content":"","inquiry":"Gen Enq","fullURL":"https://www-dev.broadridge.com/press-release/2012/renowned-keynote-speakers-to-take-stage","page_id":"177730","page_campaign_id":"","ecid":"","elqCampaignId":"","Formmodel":"flyout","Pagetype":"Press Release","g-recaptcha-response":"0cAFcWeA6xRMqz-BnuHnp2yCtZYKZ0o9eKmgZrUDOBk1NFpcYcdvV9w_HDkfak6RGZkYWIg3U8vJJ-QcL15gqlRP-SBInu3ybqyESnMZvca9ekWcmPwottS8cHYvvrruvz54IqDQDuAamr5tnJWuEzWAPXls9kyV451KESGpa1sG3dJmo9ZYJiWGI3iukOdDshHTrbl7wUASdev3uWb2wIwWcS3uF99fLXZo9Swr8vJqowG6yNijTvxTtBYgZItmxlvA6WRVu7AelqDwHO0knSVp0weDGFAhNP4KdHQAUxHJ05EMXhFj6O2dAJCZ5Ky2xg2SFYwJtQuG5kQALIPopB-kZa19Uti8m1y7jj_9KEg8VkXHcF6yWBMScVTSJ0HShQCzPChSqsvxcTrGMlTr7IatHAPD3fpsmw8c06uyQvTEvcKeq9gaBPSpp8ozDROAKsNnC5wvK0euUC6g_GU2Z3ZnCLnJR5trAHZSyf4Jp0maxhe7OhkgWYnDToxF1sAmQ3NHpn8eUwSdVZGIVZPHrpgW4Uuh2r_0bsftjYJGpigNNNtoKfNjYr7z7ZJyyxKqGW2dzpPGQh7HBHI10vA_1hH2NUhH7ZczvgIn8zZbusQAouR0T0HWcerST5XgDI9sb-pssMmaZS0_Yx0W0moaJf_Ov6gUXi1blb0qBewsb2ifZXwEBoGSdVDW6gpWIhTliLYV3KrNbNLoo5OHO5_z3E9QKvpMktUp6hIOxeV55WdSymslnuNkXCqdOOasmiVQSJzm2H52J9d91CJRRtM8IYPUKunxYCayDwYRvVk9342pJlOJtALYre_3kQsDE57EOLO0xxPCWCT0rtGee9fRc-UWrScpXgQs8uB_CJ9CtHePnJRz5n7HQyBBIRfY9wcwIGXlL3hvnbPCA4-cc1Eh6nGuNqVn85spnOOwIUW8NyyF0mmLec009EEXSpSW4-Ykit3R15Mj_xF0vXWGnuL5A1mDEibac1ecZeFaeDXTq53aj89PQ9f13fBGMm--J4wg0Px1LBXRYZRQJMUmhPQ03k1Xkl0XSru1nlos5QTE-35KBBJYl1ENbSlHVRMWEwm416XKskNJLYrrvrVffGAuhOnkYhRxAqPNlZMvhMunQPvIr7le8iwWPDhmZTn64Vsq3nuFSuq5Q9CTxFTMHBI2J_WdNJxtCdZD4QWUaMK6OGSVLKk6yGEUPiKXcKZFGf2tO0a2WhdGTJ9aQ0HS-RLUn6HPWdUwJq5OvV4Ldw06i9OxiSU9ppxCOroJUfptoTlGTZhGsvDjvJ-n600PV7_wSDx74UF2aSWEmf9o9wA965B91ZO_RvzTebLZ-OQfW2UfaWQE4mBXg7pnCLwxwKPd4h8FAJ8M_Y1hxRcGEp3NVZvGfWIoCSyJ5eU07MVg3h91lOkmSKabNto49kGiNz5hhBw4vfx0DFI5ZoY_1VHvVH4hPhLhqublkT9eZ1Gqj9kqRjUoXPO0gpF-9yq8NDFiKYT2gL5PCUrZdEk2t3N0aNcDmuzsVJnZ8cgWGAErM6TGj9RoREAnHj2IgjPZsK7roquVX2XR29OwPqBrY5-W72L64GF3f1mEGeRdn7WX5knMu-k_7LC5VXooYnuXtJjrNibbx__tg9ZK_Z64VMxpfTCeFMlA0HrWXg8HzdXbg6W2NU6GvzI8r90ginC_rQuJWuWBIOg6SkpmWiAAeOFuia5o37SDFo142lN6o"}
form message = Thank you for your interest in Broadridge.
A representative will contact you within 24 business hours.
formpayload for validation = {"formSubmissionId":"BRTMNMLOH-1769407238960","elqFormName":"","elqSiteID":"","datalayerheader":"","contact":"","formgtm":"","elqCustomerGUID":"","elqCookieWrite":"","segment":"","name_first":"First_39412_TESTTEST","name_last":"Last_39412_TESTTEST","email_work":"automated_TESTTEST_2026-01-26_06_00_37@broadridge.com","phone_business":"999-999-9999","job_title":"Job_39412_TESTTEST","Company":"Company_39412_TESTTEST","country":"United States","comment":"This is an automated test submission.  Please ignore.","id":"","so":"","di":"","ct":"","ep":"","ot":"","mt":"","yr":"","rg":"","on":"","sub-source":"","campaignMostRecentID":"","content-id":"","orig-channel":"","campaign-name":"","campaignMostRecentName":"","campaignMostRecentSource":"","campaignMostRecentMedium":"","campaignMostRecentContent":"","campaignMostRecentTerm":"","campaignMostRecentContentID":"","campaignMostRecentSubSource":"","Persistent_utm_medium":"","Persistent_utm_source":"","Persistent_utm_term":"","Persistent_utm_campaign":"","Persistent_Sub_Source":"","Persistent_Content_ID":"","Persistent_Campaign_ID":"","Persistent_utm_content":"","Session_utm_medium":"","Session_utm_source":"","Session_utm_term":"","Session_utm_campaign":"","Session_Sub_Source":"","Session_Content_ID":"","Session_Campaign_ID":"701RN00000RbnVLYAZ","Session_utm_content":"","inquiry":"Gen Enq","fullURL":"https://www-dev.broadridge.com/press-release/2012/renowned-keynote-speakers-to-take-stage","page_id":"177730","page_campaign_id":"","ecid":"","elqCampaignId":"","Formmodel":"flyout","Pagetype":"Press Release","g-recaptcha-response":"0cAFcWeA6xRMqz-BnuHnp2yCtZYKZ0o9eKmgZrUDOBk1NFpcYcdvV9w_HDkfak6RGZkYWIg3U8vJJ-QcL15gqlRP-SBInu3ybqyESnMZvca9ekWcmPwottS8cHYvvrruvz54IqDQDuAamr5tnJWuEzWAPXls9kyV451KESGpa1sG3dJmo9ZYJiWGI3iukOdDshHTrbl7wUASdev3uWb2wIwWcS3uF99fLXZo9Swr8vJqowG6yNijTvxTtBYgZItmxlvA6WRVu7AelqDwHO0knSVp0weDGFAhNP4KdHQAUxHJ05EMXhFj6O2dAJCZ5Ky2xg2SFYwJtQuG5kQALIPopB-kZa19Uti8m1y7jj_9KEg8VkXHcF6yWBMScVTSJ0HShQCzPChSqsvxcTrGMlTr7IatHAPD3fpsmw8c06uyQvTEvcKeq9gaBPSpp8ozDROAKsNnC5wvK0euUC6g_GU2Z3ZnCLnJR5trAHZSyf4Jp0maxhe7OhkgWYnDToxF1sAmQ3NHpn8eUwSdVZGIVZPHrpgW4Uuh2r_0bsftjYJGpigNNNtoKfNjYr7z7ZJyyxKqGW2dzpPGQh7HBHI10vA_1hH2NUhH7ZczvgIn8zZbusQAouR0T0HWcerST5XgDI9sb-pssMmaZS0_Yx0W0moaJf_Ov6gUXi1blb0qBewsb2ifZXwEBoGSdVDW6gpWIhTliLYV3KrNbNLoo5OHO5_z3E9QKvpMktUp6hIOxeV55WdSymslnuNkXCqdOOasmiVQSJzm2H52J9d91CJRRtM8IYPUKunxYCayDwYRvVk9342pJlOJtALYre_3kQsDE57EOLO0xxPCWCT0rtGee9fRc-UWrScpXgQs8uB_CJ9CtHePnJRz5n7HQyBBIRfY9wcwIGXlL3hvnbPCA4-cc1Eh6nGuNqVn85spnOOwIUW8NyyF0mmLec009EEXSpSW4-Ykit3R15Mj_xF0vXWGnuL5A1mDEibac1ecZeFaeDXTq53aj89PQ9f13fBGMm--J4wg0Px1LBXRYZRQJMUmhPQ03k1Xkl0XSru1nlos5QTE-35KBBJYl1ENbSlHVRMWEwm416XKskNJLYrrvrVffGAuhOnkYhRxAqPNlZMvhMunQPvIr7le8iwWPDhmZTn64Vsq3nuFSuq5Q9CTxFTMHBI2J_WdNJxtCdZD4QWUaMK6OGSVLKk6yGEUPiKXcKZFGf2tO0a2WhdGTJ9aQ0HS-RLUn6HPWdUwJq5OvV4Ldw06i9OxiSU9ppxCOroJUfptoTlGTZhGsvDjvJ-n600PV7_wSDx74UF2aSWEmf9o9wA965B91ZO_RvzTebLZ-OQfW2UfaWQE4mBXg7pnCLwxwKPd4h8FAJ8M_Y1hxRcGEp3NVZvGfWIoCSyJ5eU07MVg3h91lOkmSKabNto49kGiNz5hhBw4vfx0DFI5ZoY_1VHvVH4hPhLhqublkT9eZ1Gqj9kqRjUoXPO0gpF-9yq8NDFiKYT2gL5PCUrZdEk2t3N0aNcDmuzsVJnZ8cgWGAErM6TGj9RoREAnHj2IgjPZsK7roquVX2XR29OwPqBrY5-W72L64GF3f1mEGeRdn7WX5knMu-k_7LC5VXooYnuXtJjrNibbx__tg9ZK_Z64VMxpfTCeFMlA0HrWXg8HzdXbg6W2NU6GvzI8r90ginC_rQuJWuWBIOg6SkpmWiAAeOFuia5o37SDFo142lN6o"}
formSubmissionId = BRTMNMLOH-1769407238960
fullURL = https://www-dev.broadridge.com/press-release/2012/renowned-keynote-speakers-to-take-stage
page comparison URL = https://www-dev.broadridge.com/press-release/2012/renowned-keynote-speakers-to-take-stage
................Header Contact Us Form Filled...................
V2 ContactUs form NOT found on the bottom
V2 Download form NOT found on the bottom
no cookie button
header ContactUs button found = true
emailTimeStamp = automated_TESTTEST_2026-01-26_06_01_16@broadridge.com
📤 Form payload = {"formSubmissionId":"BR2CGAVBT-1769407278351","elqFormName":"","elqSiteID":"","datalayerheader":"","contact":"","formgtm":"","elqCustomerGUID":"","elqCookieWrite":"","segment":"","name_first":"First_39412_TESTTEST","name_last":"Last_39412_TESTTEST","email_work":"automated_TESTTEST_2026-01-26_06_01_16@broadridge.com","phone_business":"999-999-9999","job_title":"Job_39412_TESTTEST","Company":"Company_39412_TESTTEST","country":"United States","comment":"This is an automated test submission.  Please ignore.","id":"","so":"","di":"","ct":"","ep":"","ot":"","mt":"","yr":"","rg":"","on":"","sub-source":"","campaignMostRecentID":"","content-id":"","orig-channel":"","campaign-name":"","campaignMostRecentName":"","campaignMostRecentSource":"","campaignMostRecentMedium":"","campaignMostRecentContent":"","campaignMostRecentTerm":"","campaignMostRecentContentID":"","campaignMostRecentSubSource":"","Persistent_utm_medium":"","Persistent_utm_source":"","Persistent_utm_term":"","Persistent_utm_campaign":"","Persistent_Sub_Source":"","Persistent_Content_ID":"","Persistent_Campaign_ID":"","Persistent_utm_content":"","Session_utm_medium":"","Session_utm_source":"","Session_utm_term":"","Session_utm_campaign":"","Session_Sub_Source":"","Session_Content_ID":"","Session_Campaign_ID":"701RN00000RbnVLYAZ","Session_utm_content":"","inquiry":"Gen Enq","fullURL":"https://www-dev.broadridge.com/press-release/2012/united-planners-adds-broadridges-matrix-to-qualified-plan-platform","page_id":"177733","page_campaign_id":"","ecid":"","elqCampaignId":"","Formmodel":"flyout","Pagetype":"Press Release","g-recaptcha-response":"0cAFcWeA5plmCpnUTIX7kZHjq5Hyt8v9qTJ47rzaFHAjFHPhRseno62P4y_DiahqFJsJenVNdqeuccVior9DU7sLQsL2H5hC0huSakUy7eG4LBokH86dw0FLyOw_HrXBQHY1KUGcHsxkuHt0YvmbjF_G-nh7Cr7dsmBh86tLSs9SC98mFUvaIKpagP4CNDDarol_sFhjgTejwyLJnLw2xQRSmJzdJxXislGpZdY0hW9XkK5P-PLEHLWL-rtWXJVr4meE21NFnsKVjpzR7KhULJP3JJWHY1OFuH6TRkIR-eQEOBGGjJLck6tO5HGtupomkNjcsxAM4tgjzY_RhjA12atJo8E4rcWnw6QqTetfUfPUzg825DN-I5UC21c6afO0k4jd6OUoBCKVNKBPaV3q3qDwz_bVLpFPfRwU0bKtL_MKzeXHEzuY2WoWmVzKnj_3YQREBUTXIGAVsR85L16wd20FzQluv8zbsvTSHNWz0V_BdX0fBP6OqMLrOVOY3n__AVIahEsnkqQydrlX3MQd0M7j_EknVJFvMmWc5cYmepfow7hGbUQKXsyHDjaHAiWpO-Sh7pIdW1eFzV13BHRlvz0Z66gfb1qQ8JzaxDEkBmxixy9MSp6LQYhfc9kITq09UTtv2DJ2MQNhG8s63xQTL5e2pbGmWw3u7sgqxUV0idoF3cZ1xrB4yU-fWj7ioKdKl2bXtRnxO6Fx2bAlt-aFzTdDS1lk4jNrlE6hYaA53yxYQ_EvQaVCE5YOZZ5VRpxibiAY_Meq6ox0BJpR7561mShqz-N2KxzBh39I4X0R0Ap4DEaxgal1IED5EVEfwNWIkTiAOSEdUR_gdRXMSWJMzB4YmuURsXExMUindnTX5b2hv7c-LAxCWzVRs7SOQrQrqhMxxBVFpLMRV611LRra0HVZP3IL8YOMJ0CC0HXCEtkVsqOFTpTBADzLZxGrY8l0xewL7_xWmmp5S_hww9n7vFgaaqoV_OV7Rgr2x6zK1oAazeFpuKFUKhGQtSs5DPa_q2SqK64YAJMNnsYUV-aXnqpll3ZfXyDJnxR7J9Fw5XlFdn1InywTDp7xOqEB_IBCi1GXL_my46HdjrByDpOqsMd2VBNTNVS44a_TdGsOTjMUDMCp4nCpa8GA1aE0KkmkR_bSsrFDpS0NIh_lDpMOMUtjEdWl-z8-5S96-AXYz2GBq99JE7-Itr72e-1-qZXDH6SFiBoXIQ0u-jMc_-aa8NsYCz6Yl1b4ZAbU3VkZL7TNUMP21T3RgJku5ptu_9xnerUZjPnIQsAiE40p27IzuZCDlYcU2Slzn27SqjwacPGSCvWb-cYGMukvYNte4JMYv0VW2wUHRcmpmk9WgXTw7DqFBbx15tQ_b404cP7izlApJqQ9qftXpwtb6Tu3t0Orei43oH59AqKn26Ul5_0KGLLwBR4YNRf0XTCKRpLVfaRUoptZaBB25JG5-A3WGIN0_GruIP7puRCA59L6d7NZQDRyKGCP1ft7BJc6yM-a0cBrcoSDIxgdgFBJDRbCC0g9eGTm9ATSHF7dbdhY9R1IX2Edrbw6-uZ2UBM0v17MeaV5N0tEMscTHcYxXT3rpEJUzzYEjc2x_z-tmhbr83xUMOPO1FFKP3G7b-HArCg11mPy9BBUce6m0ERgwCmbswGmmvn5NPIY2Nre6bJUulKGxSxhoNipdq8IYzXXIAQ_ICAFgkBAoKidzQmzBmKCWQf989Bo7IFqXnp2Wx2x_4fP7_k5XPLIXhI2nPccuI1EWmTroALDyHrU0l9Eo"}
form message = Thank you for your interest in Broadridge.
A representative will contact you within 24 business hours.
formpayload for validation = {"formSubmissionId":"BR2CGAVBT-1769407278351","elqFormName":"","elqSiteID":"","datalayerheader":"","contact":"","formgtm":"","elqCustomerGUID":"","elqCookieWrite":"","segment":"","name_first":"First_39412_TESTTEST","name_last":"Last_39412_TESTTEST","email_work":"automated_TESTTEST_2026-01-26_06_01_16@broadridge.com","phone_business":"999-999-9999","job_title":"Job_39412_TESTTEST","Company":"Company_39412_TESTTEST","country":"United States","comment":"This is an automated test submission.  Please ignore.","id":"","so":"","di":"","ct":"","ep":"","ot":"","mt":"","yr":"","rg":"","on":"","sub-source":"","campaignMostRecentID":"","content-id":"","orig-channel":"","campaign-name":"","campaignMostRecentName":"","campaignMostRecentSource":"","campaignMostRecentMedium":"","campaignMostRecentContent":"","campaignMostRecentTerm":"","campaignMostRecentContentID":"","campaignMostRecentSubSource":"","Persistent_utm_medium":"","Persistent_utm_source":"","Persistent_utm_term":"","Persistent_utm_campaign":"","Persistent_Sub_Source":"","Persistent_Content_ID":"","Persistent_Campaign_ID":"","Persistent_utm_content":"","Session_utm_medium":"","Session_utm_source":"","Session_utm_term":"","Session_utm_campaign":"","Session_Sub_Source":"","Session_Content_ID":"","Session_Campaign_ID":"701RN00000RbnVLYAZ","Session_utm_content":"","inquiry":"Gen Enq","fullURL":"https://www-dev.broadridge.com/press-release/2012/united-planners-adds-broadridges-matrix-to-qualified-plan-platform","page_id":"177733","page_campaign_id":"","ecid":"","elqCampaignId":"","Formmodel":"flyout","Pagetype":"Press Release","g-recaptcha-response":"0cAFcWeA5plmCpnUTIX7kZHjq5Hyt8v9qTJ47rzaFHAjFHPhRseno62P4y_DiahqFJsJenVNdqeuccVior9DU7sLQsL2H5hC0huSakUy7eG4LBokH86dw0FLyOw_HrXBQHY1KUGcHsxkuHt0YvmbjF_G-nh7Cr7dsmBh86tLSs9SC98mFUvaIKpagP4CNDDarol_sFhjgTejwyLJnLw2xQRSmJzdJxXislGpZdY0hW9XkK5P-PLEHLWL-rtWXJVr4meE21NFnsKVjpzR7KhULJP3JJWHY1OFuH6TRkIR-eQEOBGGjJLck6tO5HGtupomkNjcsxAM4tgjzY_RhjA12atJo8E4rcWnw6QqTetfUfPUzg825DN-I5UC21c6afO0k4jd6OUoBCKVNKBPaV3q3qDwz_bVLpFPfRwU0bKtL_MKzeXHEzuY2WoWmVzKnj_3YQREBUTXIGAVsR85L16wd20FzQluv8zbsvTSHNWz0V_BdX0fBP6OqMLrOVOY3n__AVIahEsnkqQydrlX3MQd0M7j_EknVJFvMmWc5cYmepfow7hGbUQKXsyHDjaHAiWpO-Sh7pIdW1eFzV13BHRlvz0Z66gfb1qQ8JzaxDEkBmxixy9MSp6LQYhfc9kITq09UTtv2DJ2MQNhG8s63xQTL5e2pbGmWw3u7sgqxUV0idoF3cZ1xrB4yU-fWj7ioKdKl2bXtRnxO6Fx2bAlt-aFzTdDS1lk4jNrlE6hYaA53yxYQ_EvQaVCE5YOZZ5VRpxibiAY_Meq6ox0BJpR7561mShqz-N2KxzBh39I4X0R0Ap4DEaxgal1IED5EVEfwNWIkTiAOSEdUR_gdRXMSWJMzB4YmuURsXExMUindnTX5b2hv7c-LAxCWzVRs7SOQrQrqhMxxBVFpLMRV611LRra0HVZP3IL8YOMJ0CC0HXCEtkVsqOFTpTBADzLZxGrY8l0xewL7_xWmmp5S_hww9n7vFgaaqoV_OV7Rgr2x6zK1oAazeFpuKFUKhGQtSs5DPa_q2SqK64YAJMNnsYUV-aXnqpll3ZfXyDJnxR7J9Fw5XlFdn1InywTDp7xOqEB_IBCi1GXL_my46HdjrByDpOqsMd2VBNTNVS44a_TdGsOTjMUDMCp4nCpa8GA1aE0KkmkR_bSsrFDpS0NIh_lDpMOMUtjEdWl-z8-5S96-AXYz2GBq99JE7-Itr72e-1-qZXDH6SFiBoXIQ0u-jMc_-aa8NsYCz6Yl1b4ZAbU3VkZL7TNUMP21T3RgJku5ptu_9xnerUZjPnIQsAiE40p27IzuZCDlYcU2Slzn27SqjwacPGSCvWb-cYGMukvYNte4JMYv0VW2wUHRcmpmk9WgXTw7DqFBbx15tQ_b404cP7izlApJqQ9qftXpwtb6Tu3t0Orei43oH59AqKn26Ul5_0KGLLwBR4YNRf0XTCKRpLVfaRUoptZaBB25JG5-A3WGIN0_GruIP7puRCA59L6d7NZQDRyKGCP1ft7BJc6yM-a0cBrcoSDIxgdgFBJDRbCC0g9eGTm9ATSHF7dbdhY9R1IX2Edrbw6-uZ2UBM0v17MeaV5N0tEMscTHcYxXT3rpEJUzzYEjc2x_z-tmhbr83xUMOPO1FFKP3G7b-HArCg11mPy9BBUce6m0ERgwCmbswGmmvn5NPIY2Nre6bJUulKGxSxhoNipdq8IYzXXIAQ_ICAFgkBAoKidzQmzBmKCWQf989Bo7IFqXnp2Wx2x_4fP7_k5XPLIXhI2nPccuI1EWmTroALDyHrU0l9Eo"}
formSubmissionId = BR2CGAVBT-1769407278351
fullURL = https://www-dev.broadridge.com/press-release/2012/united-planners-adds-broadridges-matrix-to-qualified-plan-platform
page comparison URL = https://www-dev.broadridge.com/press-release/2012/united-planners-adds-broadridges-matrix-to-qualified-plan-platform
................Header Contact Us Form Filled...................
V2 ContactUs form NOT found on the bottom
V2 Download form NOT found on the bottom
no cookie button
header ContactUs button found = true
emailTimeStamp = automated_TESTTEST_2026-01-26_06_01_55@broadridge.com
📤 Form payload = {"formSubmissionId":"BR5JTPYNY-1769407317701","elqFormName":"","elqSiteID":"","datalayerheader":"","contact":"","formgtm":"","elqCustomerGUID":"","elqCookieWrite":"","segment":"","name_first":"First_39412_TESTTEST","name_last":"Last_39412_TESTTEST","email_work":"automated_TESTTEST_2026-01-26_06_01_55@broadridge.com","phone_business":"999-999-9999","job_title":"Job_39412_TESTTEST","Company":"Company_39412_TESTTEST","country":"United States","comment":"This is an automated test submission.  Please ignore.","id":"","so":"","di":"","ct":"","ep":"","ot":"","mt":"","yr":"","rg":"","on":"","sub-source":"","campaignMostRecentID":"","content-id":"","orig-channel":"","campaign-name":"","campaignMostRecentName":"","campaignMostRecentSource":"","campaignMostRecentMedium":"","campaignMostRecentContent":"","campaignMostRecentTerm":"","campaignMostRecentContentID":"","campaignMostRecentSubSource":"","Persistent_utm_medium":"","Persistent_utm_source":"","Persistent_utm_term":"","Persistent_utm_campaign":"","Persistent_Sub_Source":"","Persistent_Content_ID":"","Persistent_Campaign_ID":"","Persistent_utm_content":"","Session_utm_medium":"","Session_utm_source":"","Session_utm_term":"","Session_utm_campaign":"","Session_Sub_Source":"","Session_Content_ID":"","Session_Campaign_ID":"701RN00000RbnVLYAZ","Session_utm_content":"","inquiry":"Gen Enq","fullURL":"https://www-dev.broadridge.com/press-release/2012/matrix-enhances-retiretoolkit-offering","page_id":"177725","page_campaign_id":"","ecid":"","elqCampaignId":"","Formmodel":"flyout","Pagetype":"Press Release","g-recaptcha-response":"0cAFcWeA46a4wG2KvxgBPtXj6GhofAi0XCk0cg3LwsUaGxcGcgYEYKwfTL243N0XNYr_gVMUaGgvLwW9uLR_Y_DeR5vl9DhGcGC0MlIrvblRoWCd0HuVxBZqfRyGaEDas0-4ds37uwatRhhdwKz4x0fzN1TSdM7qLq-dlUZezgb2vvNWxV-jMY96s-Ah7_dltH23NDmxYFFOOPEBm79uhEWs5ue_-1r_kfYOCYYNXpV6MDlkDNLJzIRFGKKRNaHr8s6iccjj_R_ZNn_-0_2WWiC2BJWhSSJcMHeYOzxlYNSUqrtOi1ewvHNbvFY-7Er0D5qN3eYyAtHXcERqKkeSixiL3s9q6swqZEWT3RkPhKBftj5wqvPy3x-0GGqrWtg5O3fJrOmdkeoGqGyQ44VLMh2lOAKt8GFqRmqHrnk-2926vlEVje7g8h3NqP_fINRaF3hSAd9p_c1V229ensP2FZEEqYGN3-yGLW9Kc6jKAMcGJ1_pRKmpbKDzdTcSfZzcS_eY5F8jpBARy9S_tT7G0oZtYpLymxANuSM0HrXvA1hRt1JMwkeTYy3Z1U8OOh29pFvkuceBP1b23HYXcXL7OfEHv3Ut5RQMeBTnwNGLrwmPwZ3KkUhugu1VpVpNMmLYzroE1ATnrBCYyg1vStNaVksPPynKDEPtFrGIVJ2frTgslvwmj032fzW-ig7AssS5ZRlsj6K7zlQIo4FZvLkVtjIfMJD2Bj4ViPB6nEy8SwNI8lye0aATnNJnehmbU4e2Pz0yti3TXOHQJbd8UFj2NYVxZVMJAdQQ7ZlQjeS9I-JUlY92q_Ky6Y6ytV-kkZoFxiwXGItn_6ZL4bOvPo1d14ok9LGvICyvp0KlaoZHFNZoObI2MklnrlPTu7umD-VmYlX9e2YnqRec7OFB530ny9Kh1R3Zyqz1eC8U0su6umsLuMpfKFUSTLCyDC6YKw0eJ5NEZfVg-jH_9sTlu2RR3YGVlFeEl5lOWQpOBag7K-BljeTYVMcwXEBHZgTtRxIQZ8-9RdjK3jOdj8pWFg9HC5zTG6WSmh0Z5GaxMSsdLCBnOu9ITAkYIrUaauFm3IKWkCI0d8kVajr_e1zYXukrTVe542cecZbwTIuiNYZW9kmUpUVIZAKUt30O-3BbJS0NpCaFW_GaUKowumgfPXd0FGY8zypIrpGjqoSgkB8eOBM0J41x6L6b8-Kbzy8VWnIirH3DIpcVKwiRDNxoDHvOKMyIimM-F-zbWmVWiPC12rv5nilEmOMqPDS23BdDOFGjZPFHTOr8A7h_t3eayvgJ7NqSYnel4uzWGDRecxkjsiEPrKtd7Nb_bMotpmddDGOaw-Mi_ftvsKL0pK74GYIXEs4JE-ZV37j7lppriT_Yj4W6g0DrgA14DPKoXCLEyBjHH1TAsxi3XjI-NJVJ1intf3exp7-A6kBAvYEc08-_q0kvt155h1ZLFITTVO3B5lAJQxg819dhb5FMIQx2q1t2yiylmskL48g0dlE0NVhQrwnqvrjGEo7eo8Qy93TIDC3Z2N9P9rAmvFnlkWOB9iVyR1p0zIjin_kJcASYRatGWz5GntswICr9BqwtHwYa7v3HNXOsCAsTbFgcH_SZqrBn3_UydNR6goYt3Oi6BPjVPkFyc6KSTHcxB5MyySN3c1uMAhBFOibLbSQ9LpR8TNaEmBvtULRLqLiu1_8pPBKLmQvyT-mygb2Ha1ZdT5a89rgbUxWjbJnZhEZEsH"}
form message = Thank you for your interest in Broadridge.
A representative will contact you within 24 business hours.
formpayload for validation = {"formSubmissionId":"BR5JTPYNY-1769407317701","elqFormName":"","elqSiteID":"","datalayerheader":"","contact":"","formgtm":"","elqCustomerGUID":"","elqCookieWrite":"","segment":"","name_first":"First_39412_TESTTEST","name_last":"Last_39412_TESTTEST","email_work":"automated_TESTTEST_2026-01-26_06_01_55@broadridge.com","phone_business":"999-999-9999","job_title":"Job_39412_TESTTEST","Company":"Company_39412_TESTTEST","country":"United States","comment":"This is an automated test submission.  Please ignore.","id":"","so":"","di":"","ct":"","ep":"","ot":"","mt":"","yr":"","rg":"","on":"","sub-source":"","campaignMostRecentID":"","content-id":"","orig-channel":"","campaign-name":"","campaignMostRecentName":"","campaignMostRecentSource":"","campaignMostRecentMedium":"","campaignMostRecentContent":"","campaignMostRecentTerm":"","campaignMostRecentContentID":"","campaignMostRecentSubSource":"","Persistent_utm_medium":"","Persistent_utm_source":"","Persistent_utm_term":"","Persistent_utm_campaign":"","Persistent_Sub_Source":"","Persistent_Content_ID":"","Persistent_Campaign_ID":"","Persistent_utm_content":"","Session_utm_medium":"","Session_utm_source":"","Session_utm_term":"","Session_utm_campaign":"","Session_Sub_Source":"","Session_Content_ID":"","Session_Campaign_ID":"701RN00000RbnVLYAZ","Session_utm_content":"","inquiry":"Gen Enq","fullURL":"https://www-dev.broadridge.com/press-release/2012/matrix-enhances-retiretoolkit-offering","page_id":"177725","page_campaign_id":"","ecid":"","elqCampaignId":"","Formmodel":"flyout","Pagetype":"Press Release","g-recaptcha-response":"0cAFcWeA46a4wG2KvxgBPtXj6GhofAi0XCk0cg3LwsUaGxcGcgYEYKwfTL243N0XNYr_gVMUaGgvLwW9uLR_Y_DeR5vl9DhGcGC0MlIrvblRoWCd0HuVxBZqfRyGaEDas0-4ds37uwatRhhdwKz4x0fzN1TSdM7qLq-dlUZezgb2vvNWxV-jMY96s-Ah7_dltH23NDmxYFFOOPEBm79uhEWs5ue_-1r_kfYOCYYNXpV6MDlkDNLJzIRFGKKRNaHr8s6iccjj_R_ZNn_-0_2WWiC2BJWhSSJcMHeYOzxlYNSUqrtOi1ewvHNbvFY-7Er0D5qN3eYyAtHXcERqKkeSixiL3s9q6swqZEWT3RkPhKBftj5wqvPy3x-0GGqrWtg5O3fJrOmdkeoGqGyQ44VLMh2lOAKt8GFqRmqHrnk-2926vlEVje7g8h3NqP_fINRaF3hSAd9p_c1V229ensP2FZEEqYGN3-yGLW9Kc6jKAMcGJ1_pRKmpbKDzdTcSfZzcS_eY5F8jpBARy9S_tT7G0oZtYpLymxANuSM0HrXvA1hRt1JMwkeTYy3Z1U8OOh29pFvkuceBP1b23HYXcXL7OfEHv3Ut5RQMeBTnwNGLrwmPwZ3KkUhugu1VpVpNMmLYzroE1ATnrBCYyg1vStNaVksPPynKDEPtFrGIVJ2frTgslvwmj032fzW-ig7AssS5ZRlsj6K7zlQIo4FZvLkVtjIfMJD2Bj4ViPB6nEy8SwNI8lye0aATnNJnehmbU4e2Pz0yti3TXOHQJbd8UFj2NYVxZVMJAdQQ7ZlQjeS9I-JUlY92q_Ky6Y6ytV-kkZoFxiwXGItn_6ZL4bOvPo1d14ok9LGvICyvp0KlaoZHFNZoObI2MklnrlPTu7umD-VmYlX9e2YnqRec7OFB530ny9Kh1R3Zyqz1eC8U0su6umsLuMpfKFUSTLCyDC6YKw0eJ5NEZfVg-jH_9sTlu2RR3YGVlFeEl5lOWQpOBag7K-BljeTYVMcwXEBHZgTtRxIQZ8-9RdjK3jOdj8pWFg9HC5zTG6WSmh0Z5GaxMSsdLCBnOu9ITAkYIrUaauFm3IKWkCI0d8kVajr_e1zYXukrTVe542cecZbwTIuiNYZW9kmUpUVIZAKUt30O-3BbJS0NpCaFW_GaUKowumgfPXd0FGY8zypIrpGjqoSgkB8eOBM0J41x6L6b8-Kbzy8VWnIirH3DIpcVKwiRDNxoDHvOKMyIimM-F-zbWmVWiPC12rv5nilEmOMqPDS23BdDOFGjZPFHTOr8A7h_t3eayvgJ7NqSYnel4uzWGDRecxkjsiEPrKtd7Nb_bMotpmddDGOaw-Mi_ftvsKL0pK74GYIXEs4JE-ZV37j7lppriT_Yj4W6g0DrgA14DPKoXCLEyBjHH1TAsxi3XjI-NJVJ1intf3exp7-A6kBAvYEc08-_q0kvt155h1ZLFITTVO3B5lAJQxg819dhb5FMIQx2q1t2yiylmskL48g0dlE0NVhQrwnqvrjGEo7eo8Qy93TIDC3Z2N9P9rAmvFnlkWOB9iVyR1p0zIjin_kJcASYRatGWz5GntswICr9BqwtHwYa7v3HNXOsCAsTbFgcH_SZqrBn3_UydNR6goYt3Oi6BPjVPkFyc6KSTHcxB5MyySN3c1uMAhBFOibLbSQ9LpR8TNaEmBvtULRLqLiu1_8pPBKLmQvyT-mygb2Ha1ZdT5a89rgbUxWjbJnZhEZEsH"}
formSubmissionId = BR5JTPYNY-1769407317701
fullURL = https://www-dev.broadridge.com/press-release/2012/matrix-enhances-retiretoolkit-offering
page comparison URL = https://www-dev.broadridge.com/press-release/2012/matrix-enhances-retiretoolkit-offering
................Header Contact Us Form Filled...................
V2 ContactUs form NOT found on the bottom
V2 Download form NOT found on the bottom
no cookie button
header ContactUs button found = true
emailTimeStamp = automated_TESTTEST_2026-01-26_06_02_35@broadridge.com
📤 Form payload = {"formSubmissionId":"","elqFormName":"","elqSiteID":"","datalayerheader":"","contact":"","formgtm":"","elqCustomerGUID":"","elqCookieWrite":"","segment":"consumer-finance","name_first":"First_39412_TESTTEST","name_last":"Last_39412_TESTTEST","email_work":"automated_TESTTEST_2026-01-26_06_02_35@broadridge.com","phone_business":"999-999-9999","job_title":"Job_39412_TESTTEST","Company":"Company_39412_TESTTEST","country":"United States","comment":"This is an automated test submission. Please ignore.","id":"","so":"","di":"","ct":"","ep":"","ot":"","mt":"","yr":"","rg":"","on":"","sub-source":"","campaignMostRecentID":"","content-id":"","orig-channel":"","campaign-name":"","campaignMostRecentName":"","campaignMostRecentSource":"","campaignMostRecentMedium":"","campaignMostRecentContent":"","campaignMostRecentTerm":"","campaignMostRecentContentID":"","campaignMostRecentSubSource":"","Persistent_utm_medium":"","Persistent_utm_source":"","Persistent_utm_term":"","Persistent_utm_campaign":"","Persistent_Sub_Source":"","Persistent_Content_ID":"","Persistent_Campaign_ID":"","Persistent_utm_content":"","Session_utm_medium":"","Session_utm_source":"","Session_utm_term":"","Session_utm_campaign":"","Session_Sub_Source":"","Session_Content_ID":"","Session_Campaign_ID":"701RN00000RbnVLYAZ","Session_utm_content":"","inquiry":"","fullURL":"https://www-dev.broadridge.com/podcast/reimagining-communications-with-matt-swain","page_id":"62905","page_campaign_id":"0","ecid":"","elqCampaignId":"","Formmodel":"flyout","Pagetype":"","g-recaptcha-response":"0cAFcWeA4GEpZwwWTOepO50I7OtgHCc8KGEirlV9dI9AXriKL5y1hYR_jnqBx3L6fPbssdWS4JVfRQQClWQxxi2Hx4ejSpmjg9xyZQj9RoSy4ThEsLc31R68mpXmVkZl2eTOvDQBz_s3k1zSdlslNTUkaSV_i6evCRqTHIkI_x1VJ5dfymEBNrgddDs9sJugzJX3keCuCmylOpFSSM5xLsQI1n_Yy6axE7clfxErU6IVSVCGRDbuNlkM2BZvADMG1Zs41iQsd5dIWB3Y-CgmcU_hp5U-noRIqtp0HPR2kHQF0t3Th-YuVvPVT_V0_Ln9BJcQVOQpD5zVzObxUTnME7OjCKZ17VeEGUoJRaT14EGJ2_1bNzqRWwu8qjGazCeyUv3obbkDl41LmlRcEX70ee8bqyZSIzM_oonhl3aT8iMPAeXAzGNxu3TXxe2obsxfgitwBujB_kv931VNRXElD67r4iH8Pz4sLGo15jelrhezrzBZFnUAFe3cyirdPs7V4EuJNKVYtosoflDhWvEiHhyJ9sUak7Tl9FRixrTLeZUAwTXYi0U7WmhyB4gqCBxCEP_ZeSKHPME9M-wLJRTovpXa6ngSH2sKniMA10MPOu7JbQdMs-4ursmjqy5x-HAmTpTbsXKLLVWkPJtwkRPNb_8qVVeDFQ1096pC3siRDZQQ1sS1ioHzPtdTto0wy7ItDS5h_yi8iP1rO37KdXjoiXHO-5Yll-8LyyMyBTlwSpsSGGK183yRk0uRqDDJ9dxhVDahldd9nL1VN25_P5AM9WMWyyxAbnfaWhkb9t41E-VLUlgVTduLB9es3Zpa0DQWrUuijmMCKdJaZWb5NUya5sg31iJ4h7_28HNHc-s_dahtCyeHFQBqQ_6mXcnQ7vSTgYSpZJgxe-j4IVZ7GvRTzEepqGNLVvnI-da24DlkNizfDTYpVZorAWb4fINXeo4JktqxcoOpRbIf3dY7PBEwrkwl3z9jhR6aZ2GeyJwbTcm2t61O9UjkoxXbWBrB5CSc1WipLiWQpq9gW-ma75x5cUZgKQb5QDsAWt5RnkyRsTtdTkG9OwAnf9pGFmfIV514ZDgfyUGzyf1oVaTRThj-8o3rZ3friXB7uVrI_-NVB3yXUa92DWb6XKdvtL0MGJ7lu2m3t8EyXNFT87PLwl8rz0mRa1ahTQ0Nemk81XfrIRrrNw8kIoqIl0Y9oTY7uHxew18PrTsVb0PE4rERVbxHPGhJYho7sI84Siaz0ysxop0ugcrXiv7a8_EDhSm-HlGieY72LF8PmSJViOiTcmsw8dOzx7ysYmYIvhuIT8pP22WzavKRSt-S2w8rFsRbn2AOwhyj4Uz32RT_vlZ8Sg5Sbv1SB3Xbsf24byNx9359CPDoXTssd_y4F9ImFdBfAqMKAeFezOKT1CsZkYoP6B5EL4F3AANMLa4sICbyMaaWfBAcG1rZLlGPiRhrmEPQfuFP_Cb2k0P9Sp8ly1z9bEjHresrKvY7XuGaz8iXw5b4IpnVR94STsO5xQH91DOXs6vyeVgjApmPOQVW7mdBf85s95hHXWsUwqMUd42wNXpeVFXo-ApEIushJHB8wo0pIxfJVfcwYxe1WoyH7Fo-U3C8j-gp9X_YCrsP1a8YP79HJKFLcKNgpQ7_68w5ixWaJpXv7SWqIFy2hAJCh-Bn6OdKM3jMuYZ7hX40NB2NOn_dXRi11pG4UomHyOVl6yxK-jTYoZLlznfxnYe3j0"}
form message = Something went wrong with our form submission. Please try again.
[...]
form message = Thank you for your interest in Broadridge.
A representative will contact you within 24 business hours.
formpayload for validation = {"formSubmissionId":"BRNH92FGD-1769407655020","elqFormName":"","elqSiteID":"","datalayerheader":"","contact":"","formgtm":"","elqCustomerGUID":"","elqCookieWrite":"","segment":"","name_first":"First_39412_TESTTEST","name_last":"Last_39412_TESTTEST","email_work":"automated_TESTTEST_2026-01-26_06_07_33@broadridge.com","phone_business":"999-999-9999","job_title":"Job_39412_TESTTEST","Company":"Company_39412_TESTTEST","country":"United States","comment":"This is an automated test submission.  Please ignore.","id":"","so":"","di":"","ct":"","ep":"","ot":"","mt":"","yr":"","rg":"","on":"","sub-source":"","campaignMostRecentID":"","content-id":"","orig-channel":"","campaign-name":"","campaignMostRecentName":"","campaignMostRecentSource":"","campaignMostRecentMedium":"","campaignMostRecentContent":"","campaignMostRecentTerm":"","campaignMostRecentContentID":"","campaignMostRecentSubSource":"","Persistent_utm_medium":"","Persistent_utm_source":"","Persistent_utm_term":"","Persistent_utm_campaign":"","Persistent_Sub_Source":"","Persistent_Content_ID":"","Persistent_Campaign_ID":"","Persistent_utm_content":"","Session_utm_medium":"","Session_utm_source":"","Session_utm_term":"","Session_utm_campaign":"","Session_Sub_Source":"","Session_Content_ID":"","Session_Campaign_ID":"701RN00000RbnVLYAZ","Session_utm_content":"","inquiry":"Gen Enq","fullURL":"https://www-dev.broadridge.com/legal/broadridge-uk-tax-strategy","page_id":"180366","page_campaign_id":"","ecid":"","elqCampaignId":"","Formmodel":"flyout","Pagetype":"Insights Article","g-recaptcha-response":"0cAFcWeA765XK1zivpiEIR_ZXTmmSyll_JBS-VNLoRZPUEPVv7xROlA2TcS_w2c998AUfSRq9nbgJIGfjbqjs83LCYPHJMnsk01Tq29k0xYXp3LMyIgteGPD1G5l6iSraNc1CS2HwlI7n5TZxbu72gV63yQmaeDbWa5BXhj8TWsRRi1fUrF053ezAKhDP5X0ezvMlXzxhU3xOS7SA7LNTdknAoA-7qCJLusAM5htvvtvPbeCALhV_09kJ96jsaNjsnWryhP2WfK_jRwSPqX3FDb5Z_nJKjyj_uPjZ8D6UeA6X1vWycwjQ5uqFWUI2iN8hkPYXC_L9Nsln2f51IPj4J-6NQ7xQ6WhxvbmZZGO2wy8SGTl3iF5HMAVIL4wnfHCUoInU3BqV64VUE7sCWvaeMm7C2_yY679ydZv91uP3ezTE-jIm2rCet6fxxkPHM8f7h4qUcv6ht58UISJqa4FL_roKgm6MajvNtJLUHSkW1qi-GEGG9MFI3kRz15eGQ3STRo1EKGFR9885pKzW4TkZTLoHqEMx_xWGvYxBzV7t18PSKJ0UDZcXbVZlHhamI6s6CwNY6EEUaeAQEqEqEPKrtop9S1qcmfr4YhWNKHophzKw0ab-V3I2NE7TN4RvuOyN0Gv8ZHppUtyhPzJ2ZBe9jh-j7PFbDqUqRJ2pdQNDZlVWJ5j8wMEb29pcw29SOhEL-33-jXYeAA9HqYjR3j4WEfQlAJuod2rYt-C_q3UMFxfNKeWzadGn_knd7Ba3GpFse8kk54RfpfIzgIlLpD8k6p1LmK-p9Je2NCl3y2vb_di_aYmvJoy70lV5PEupHbxtdCtVmDxqD-cwGir-Nidu2C1coO-Rq6iqtoTM7yi6asM6U4GOKOqnrI9jIX7dOzSoRlRiZwdlBdZq39CZ2EtdeyRBaZ3UQFlgC4zFW6HqtjLvqWE8GbeUF0fkJri_6e3yYuXUd8AYjOg8DxbssTWNU9UzeU8xyxE7hKMdqngUSzinNBpH3Y3ozQCrlbkY10AgVj7rLOGd_aF8E_CPEdhB97HAfNhossIGIcsI85ERFRjMoD7HgB5eq0bRMJWIpHOt_4Vcr4Snidmzx9AVTt-usXfhy4AzbSGFQNy7xtysbu6jzZXoGpkVV3_Bl6tJ1lbDB6BfMa7ghgwrhu-Ub2oh6GSZRGWWMRyqhiOhDWfE9ZHfbn-VD0h64M3M_Hx9ZUTec_y2V0c85w20fjnx0YoNWpH7yE8XLCjnouUWLUmp5bS6GE_T12F79GXTeSA6dUg6GcWpEYrNEjxaYdl8UOx5MVUWCW8haGBQZN75dRLj-LGT5ezoCVnACMU9_znFKhoJPmi9FCwbQLOU5rr6wTZuyxcjV-67Fxf6Ats6egU7hAka9KLml9d8aH4RsQPvq3Eu33zoEdVTNT1_Ifgjd4TtmZrS0ISHKc84tgckvJiZbGDHUNrn0UbTQvlciqoK7X7-3eKwIPVI90ihDueykQwzjYm1DaUl_0ZK3FpMzOjDLOL9aCIadXXIbY_MTK_pmMXQf-jbMRTmLIwSvEznlhvmURLVl3lxs9WIJkmvMlhI72YP3k-vFJgZS4yJIhUFJAi4v0UEd2VIcIi_aAbDtO-EEkQaWunKWHPooJOMn48Lp895TpgT9VLi7L9JJDEVl22hpGTpqUzh7TTCnTDjVVCvy-wjvqqNwktOKSUOv9-NU_-PGgCV0HwjgvequozdE_jj7n44yZHvz2CfRDRAQiEPEg1fBrjiBwfmURg"}
formSubmissionId = BRNH92FGD-1769407655020
fullURL = https://www-dev.broadridge.com/legal/broadridge-uk-tax-strategy
page comparison URL = https://www-dev.broadridge.com/legal/broadridge-uk-tax-strategy
................Header Contact Us Form Filled...................
V2 ContactUs form NOT found on the bottom
V2 Download form NOT found on the bottom
no cookie button
header ContactUs button found = true
emailTimeStamp = automated_TESTTEST_2026-01-26_06_08_12@broadridge.com
📤 Form payload = {"formSubmissionId":"BRPO34FW4-1769407694633","elqFormName":"","elqSiteID":"","datalayerheader":"","contact":"","formgtm":"","elqCustomerGUID":"","elqCookieWrite":"","segment":"","name_first":"First_39412_TESTTEST","name_last":"Last_39412_TESTTEST","email_work":"automated_TESTTEST_2026-01-26_06_08_12@broadridge.com","phone_business":"999-999-9999","job_title":"Job_39412_TESTTEST","Company":"Company_39412_TESTTEST","country":"United States","comment":"This is an automated test submission.  Please ignore.","id":"","so":"","di":"","ct":"","ep":"","ot":"","mt":"","yr":"","rg":"","on":"","sub-source":"","campaignMostRecentID":"","content-id":"","orig-channel":"","campaign-name":"","campaignMostRecentName":"","campaignMostRecentSource":"","campaignMostRecentMedium":"","campaignMostRecentContent":"","campaignMostRecentTerm":"","campaignMostRecentContentID":"","campaignMostRecentSubSource":"","Persistent_utm_medium":"","Persistent_utm_source":"","Persistent_utm_term":"","Persistent_utm_campaign":"","Persistent_Sub_Source":"","Persistent_Content_ID":"","Persistent_Campaign_ID":"","Persistent_utm_content":"","Session_utm_medium":"","Session_utm_source":"","Session_utm_term":"","Session_utm_campaign":"","Session_Sub_Source":"","Session_Content_ID":"","Session_Campaign_ID":"701RN00000RbnVLYAZ","Session_utm_content":"","inquiry":"Gen Enq","fullURL":"https://www-dev.broadridge.com/insight-pages/broadridge-insights","page_id":"182907","page_campaign_id":"","ecid":"","elqCampaignId":"","Formmodel":"flyout","Pagetype":"Insights Front","g-recaptcha-response":"0cAFcWeA4SJAKIIYPkqD2JfS0n22KGse71THeJEdOA7T7rXkFaaWnEj4DLZ8GOV3isvCEGYD5AyfCMEIAnBz-_SDY0rgNaxf5K4lBmcBzRZooihTtI61bpA6ETFAGalfu4nx_uM8P2xlZt5v85fIfukZG68J9-oRViQ8R38pTJtYgbbQwqOE02Xw0Qy2zTuAq4T-PUvTd3_HAqGRitz6hZABkeOO1sgwxR2zE353RarDw9k7vk5QptBe3GM9HVW-3yhxe_zgxlL7rWCsfo5TPpGRV9tt8GlUvN6w1kKMsUe9ucIwgAtN8lcmEy1Q_0JbUOPNfrEJcstXbJ1CnsXVeQa9FmsJV6WiEIjbsE5fx1GhPgDWkRT7r4d6DGxnKyr_zCHwjO50laMj1oy3GXgX1SnHLUOeI93L7EJ8dL2vPG77HSE8b6dCbGSn9IqoLPOH5RP_C6m9RQg765HjS9fOWpzn-O3jIZKZ9Ijvku0Aeu10FKwBeAVG4YhxoZIel6SBt6GGxLvdRV_nIsZasCgEoUC2EnbObW9tI8f6u-pATzWoOJH4uTxybwLcqx_vNNUFUWauf5ejIF3GX_t1hpGxSROYfiftXOGYpBzt4RysSdWkBo15lAU8euvEpo3V4tyk8ZXUv5hDWaI-KfJ3vmEJ0sXCuMXINhYy1UKyPG9C5Vqc2EqFG5aMx1MvU2hJjh-43HzYcoRLkvxpyAupDZfailXtrEExESauXUvdqru16VSV-0HmgeUc9DQqVecu_3mqp7lDLqI4hGgwlRGeSFKHkdXDW65pUdUBytWa1ODdVxRyvD8_iJ9o34HMervYTsWsdPV-xK9WeCWCuXLGFfBmNu5iJkz1u-8qbGs4h-cyxPSy-BDIBxcBBGDovjJMyHXh-jlZvz6diyMUYixAJL0lHePLMdGahbCrPOjvkaVOm6cSNBJrnqDAf7rjljSvznzJE530vtQqFxvIooD-ZBgaig6X8HFrfZEKweEnvQAwJ8mORUTxMXBllddMbf5x-vtBfCZQN1O87pht2FGAkb5ESgZK3KkJq1NMjuxzHen21Ku3998hGgm_34eVV9kiQmNuUfkGan2uZmt01qu9GHDX6KXCIu8FD3I8L_CnnFnzcOa4lf5AufsZvdJ7cmJCmDY77Sy7jH51FUMNzSEWwYLsvycEv6nnPEUdqIYwd9lNipS-HdRXVFhAcWhMtM-8a_9lUY1FZZDpG5SVcWJ3p2_nnM6oVRzwMBdLfne7qon8sPddxDZBxEm17Ny3Ql4AeuoSS_Mmtc9yLTIaRtebyNMEf0xjSYCG3d7TKvbsQWkC70MVT3zRWTgawvpHINLvU74vncDYrIy3XJc5cAHTaW3csIuHt117Wtpm5CLKhp9NOArNr2ZHAGzBF1WIpgfZl68rge7eL-Tzc5QHapQilg_eUEoLoE8tGC6oPhL-nc6vGq0Teg9d2dpVDe-73YpyqgHh-s_ajw0xaq7IwX3VsszIm7bY16lAfGqbREDxMZpd5UpiZCWjj6crjet2zZTfPGKZEOUSGmJJnhGkZnN2ksELyGbFGt14NQEk80NOJYoSLYnF7RK1cBWVF-L1XPsWGq_DAZylIsUzCoEFXVZIuNEVNpVTQ7WSTO3ZBrE20qyAV9GKQDC5Wc9nJCeySWBXLOWjq-GmUJ2wXoVXf2WRjvQtmPcaXBt-wMq7mAnpjv7nJMKdsSvOlbXYfZanrBn-4-W-4oSousE3RYIoed"}
form message = Thank you for your interest in Broadridge.
A representative will contact you within 24 business hours.
formpayload for validation = {"formSubmissionId":"BRPO34FW4-1769407694633","elqFormName":"","elqSiteID":"","datalayerheader":"","contact":"","formgtm":"","elqCustomerGUID":"","elqCookieWrite":"","segment":"","name_first":"First_39412_TESTTEST","name_last":"Last_39412_TESTTEST","email_work":"automated_TESTTEST_2026-01-26_06_08_12@broadridge.com","phone_business":"999-999-9999","job_title":"Job_39412_TESTTEST","Company":"Company_39412_TESTTEST","country":"United States","comment":"This is an automated test submission.  Please ignore.","id":"","so":"","di":"","ct":"","ep":"","ot":"","mt":"","yr":"","rg":"","on":"","sub-source":"","campaignMostRecentID":"","content-id":"","orig-channel":"","campaign-name":"","campaignMostRecentName":"","campaignMostRecentSource":"","campaignMostRecentMedium":"","campaignMostRecentContent":"","campaignMostRecentTerm":"","campaignMostRecentContentID":"","campaignMostRecentSubSource":"","Persistent_utm_medium":"","Persistent_utm_source":"","Persistent_utm_term":"","Persistent_utm_campaign":"","Persistent_Sub_Source":"","Persistent_Content_ID":"","Persistent_Campaign_ID":"","Persistent_utm_content":"","Session_utm_medium":"","Session_utm_source":"","Session_utm_term":"","Session_utm_campaign":"","Session_Sub_Source":"","Session_Content_ID":"","Session_Campaign_ID":"701RN00000RbnVLYAZ","Session_utm_content":"","inquiry":"Gen Enq","fullURL":"https://www-dev.broadridge.com/insight-pages/broadridge-insights","page_id":"182907","page_campaign_id":"","ecid":"","elqCampaignId":"","Formmodel":"flyout","Pagetype":"Insights Front","g-recaptcha-response":"0cAFcWeA4SJAKIIYPkqD2JfS0n22KGse71THeJEdOA7T7rXkFaaWnEj4DLZ8GOV3isvCEGYD5AyfCMEIAnBz-_SDY0rgNaxf5K4lBmcBzRZooihTtI61bpA6ETFAGalfu4nx_uM8P2xlZt5v85fIfukZG68J9-oRViQ8R38pTJtYgbbQwqOE02Xw0Qy2zTuAq4T-PUvTd3_HAqGRitz6hZABkeOO1sgwxR2zE353RarDw9k7vk5QptBe3GM9HVW-3yhxe_zgxlL7rWCsfo5TPpGRV9tt8GlUvN6w1kKMsUe9ucIwgAtN8lcmEy1Q_0JbUOPNfrEJcstXbJ1CnsXVeQa9FmsJV6WiEIjbsE5fx1GhPgDWkRT7r4d6DGxnKyr_zCHwjO50laMj1oy3GXgX1SnHLUOeI93L7EJ8dL2vPG77HSE8b6dCbGSn9IqoLPOH5RP_C6m9RQg765HjS9fOWpzn-O3jIZKZ9Ijvku0Aeu10FKwBeAVG4YhxoZIel6SBt6GGxLvdRV_nIsZasCgEoUC2EnbObW9tI8f6u-pATzWoOJH4uTxybwLcqx_vNNUFUWauf5ejIF3GX_t1hpGxSROYfiftXOGYpBzt4RysSdWkBo15lAU8euvEpo3V4tyk8ZXUv5hDWaI-KfJ3vmEJ0sXCuMXINhYy1UKyPG9C5Vqc2EqFG5aMx1MvU2hJjh-43HzYcoRLkvxpyAupDZfailXtrEExESauXUvdqru16VSV-0HmgeUc9DQqVecu_3mqp7lDLqI4hGgwlRGeSFKHkdXDW65pUdUBytWa1ODdVxRyvD8_iJ9o34HMervYTsWsdPV-xK9WeCWCuXLGFfBmNu5iJkz1u-8qbGs4h-cyxPSy-BDIBxcBBGDovjJMyHXh-jlZvz6diyMUYixAJL0lHePLMdGahbCrPOjvkaVOm6cSNBJrnqDAf7rjljSvznzJE530vtQqFxvIooD-ZBgaig6X8HFrfZEKweEnvQAwJ8mORUTxMXBllddMbf5x-vtBfCZQN1O87pht2FGAkb5ESgZK3KkJq1NMjuxzHen21Ku3998hGgm_34eVV9kiQmNuUfkGan2uZmt01qu9GHDX6KXCIu8FD3I8L_CnnFnzcOa4lf5AufsZvdJ7cmJCmDY77Sy7jH51FUMNzSEWwYLsvycEv6nnPEUdqIYwd9lNipS-HdRXVFhAcWhMtM-8a_9lUY1FZZDpG5SVcWJ3p2_nnM6oVRzwMBdLfne7qon8sPddxDZBxEm17Ny3Ql4AeuoSS_Mmtc9yLTIaRtebyNMEf0xjSYCG3d7TKvbsQWkC70MVT3zRWTgawvpHINLvU74vncDYrIy3XJc5cAHTaW3csIuHt117Wtpm5CLKhp9NOArNr2ZHAGzBF1WIpgfZl68rge7eL-Tzc5QHapQilg_eUEoLoE8tGC6oPhL-nc6vGq0Teg9d2dpVDe-73YpyqgHh-s_ajw0xaq7IwX3VsszIm7bY16lAfGqbREDxMZpd5UpiZCWjj6crjet2zZTfPGKZEOUSGmJJnhGkZnN2ksELyGbFGt14NQEk80NOJYoSLYnF7RK1cBWVF-L1XPsWGq_DAZylIsUzCoEFXVZIuNEVNpVTQ7WSTO3ZBrE20qyAV9GKQDC5Wc9nJCeySWBXLOWjq-GmUJ2wXoVXf2WRjvQtmPcaXBt-wMq7mAnpjv7nJMKdsSvOlbXYfZanrBn-4-W-4oSousE3RYIoed"}
formSubmissionId = BRPO34FW4-1769407694633
fullURL = https://www-dev.broadridge.com/insight-pages/broadridge-insights
page comparison URL = https://www-dev.broadridge.com/webinar/webinar-program
..........!!!...Filling the form failed...!!!........
................Header Contact Us Form Filled...................
v2 ContactUs form found on the bottom = false
V2 ContactUs form NOT found on the bottom
V2 Download form NOT found on the bottom
no cookie button
header ContactUs button found = true
emailTimeStamp = automated_TESTTEST_2026-01-26_06_08_54@broadridge.com
📤 Form payload = {"formSubmissionId":"","elqFormName":"","elqSiteID":"","datalayerheader":"","contact":"","formgtm":"","elqCustomerGUID":"","elqCookieWrite":"","segment":"asset-management","name_first":"First_39412_TESTTEST","name_last":"Last_39412_TESTTEST","email_work":"automated_TESTTEST_2026-01-26_06_08_54@broadridge.com","phone_business":"999-999-9999","job_title":"Job_39412_TESTTEST","Company":"Company_39412_TESTTEST","country":"United States","comment":"This is an automated test submission. Please ignore.","id":"","so":"","di":"","ct":"","ep":"","ot":"","mt":"","yr":"","rg":"","on":"","sub-source":"","campaignMostRecentID":"","content-id":"","orig-channel":"","campaign-name":"","campaignMostRecentName":"","campaignMostRecentSource":"","campaignMostRecentMedium":"","campaignMostRecentContent":"","campaignMostRecentTerm":"","campaignMostRecentContentID":"","campaignMostRecentSubSource":"","Persistent_utm_medium":"","Persistent_utm_source":"","Persistent_utm_term":"","Persistent_utm_campaign":"","Persistent_Sub_Source":"","Persistent_Content_ID":"","Persistent_Campaign_ID":"","Persistent_utm_content":"","Session_utm_medium":"","Session_utm_source":"","Session_utm_term":"","Session_utm_campaign":"","Session_Sub_Source":"","Session_Content_ID":"","Session_Campaign_ID":"701RN00000RbnVLYAZ","Session_utm_content":"","inquiry":"","fullURL":"https://www-dev.broadridge.com/report/asset-management/tailored-shareholder-reports","page_id":"130411","page_campaign_id":"639ca36f01b0d5c80e77c6108137c4c5","ecid":"","elqCampaignId":"","Formmodel":"flyout","Pagetype":"","g-recaptcha-response":"0cAFcWeA5itQMzHQBudlcxIQe-cRh4rZqn7jcAK-PqH_JdmZsh83nKIx8hqWdnbvzrqOFn9X0XwIVbla2sAzoCCmmKwLwOWkY4BUG97nehggLiokTkwlrzSuJzNUTBLvMcnZBZ0tCQ4clw3-boPAZ0h_bxMgvr7OA7OKEPPn4jwmY0STiyaU8f1LkmOTqaYZ5PQMuBUZILFzNYuV0Ks-BfvxZZ-Fzz4g25c1CCwGBVvg25W6bxqZqU2aQ7ZXCG0hw710fUSO_6AArwXrQvpAQykmEk4ITTFscWDwTe9sizLCqYZIow2vaehXsYfm3pG4PxKl-6jYW6lHqw_uwheuJ_LcSffq7JCaEEm3j1XFoNREJLHA21PW1LigNKYIrBsTS8HnQyPWKP28UffQ0IXWVy0Q02PEeHa61iYsB6BBrAKDimDHikEXkJpvL902cS9Um-L5W-J6UkCJSsPWqUWj_uiAYIU8KEAqjBPZWUX0lnEQIGRdRSHc_MF5sCTWBOxfqBng1yAQ6JDiaul564W63h__UYmtb4iMSDLJrf5QVgM-9AXXiFcZu_yrVnutfKlXTQdoKZsr0SK4wdgF24NqwxiszulpQE58BkGRKPPO27OIumOIDe2D2ahextK9Cm4WF1Zpl488GdEpcmFesocn5hrCXDhc2SEfIK0jEvB1Wo781aC32L-5NSKUABC2PJu6cDMOcTGiQboeJlsDl8-krfPRlb2ZXYwZz0s8M7ta8nFdz_QOzzxWJJuNujJlBx82mVEhMtUwBdOAa9KyC7_wUoKjsYIc_tvSPDIo9mfSDLCYGRug8-f3wWwxdkU3l-ZQ3Tf5uso8SOt8KVVyfkHIiwI7CXlPWurh_4LQ7XX8hfR3ol6nqWzHavTxhc-R-h_lTj27f-qEKyh97lmcHJxo-hDDyBEbG2sGcW_JKmsRIbM7kxJ9Dz8cxmXVjX78CjOx2EJbMLpKVZd59jSp5ILLYrNtX1NCNf4y1AgXbB5if-NqoOGHPjcsW-zfx9vTS9rIDQi20NdMFUbl0a9MiCB28kbGVPNBXotOLETpzJIb46LSWOebjCANGifCCKMWnWXY1bNkcSHCiOh7n9bXqr3X-rJncy1-opCIZCvysGENoRymAMyHPi7De9Ie789e5JqwW-MtMFUHrxa27t6qvu3blvSl3F9xqViltSEyKuXd9AVFBqwLlNIOSELAPPbKU6U76WuxTFgSSUyAKmOwQE2NNGzkyrN2C7QbbyaCoqnZuUBaAbXGzQH9Ll4RRsiz2ODpl-HGG0AyGrdc70BUCM0kjdgnUr1H23xjEY04wQ6Me3LNBfvrxNvSkTxuRtByGdRKMpB4RaUkrWwXxddEDjLOaVtDM_FIXcEjO3jWlho9MzNbdPnYMSIUp5loWlQRpRhMr7s192KnzoBR9zfd5QKrnm-3IR20S2rIbCgA2anFJQ8tNkmR9h3rN5CyQYjbe5oXM5TGFTTVrQVvBhZW1L2Z9X3JSE4gveiE6wDns_dnJnRjKLqok1IolFu2I_p6Blxb464Y0fiZf362D9g0GLZeUHXMzIAAk0uERNuAjtY8zJ2QV26ayFwPAKSFF8M-KbNmBz0gQcBNQjvM_8f4s96VRLzy8ZPt8JrtVAa3EoibdauJj7sQOqRo88kK2S2-r7fbrQUqk--EOwwsythrVEOMjAOxnyEtYLIGeyZlYgo4bI7buTdiuE0PgnzYbN_qx7Msx8IC6W1qMRK7dUGjUYvyyvjntN6vEIcT49OMVVymIBKSIQQpNwJ6qOPyo"}
form message = Something went wrong with our form submission. Please try again.
formpayload for validation = {"formSubmissionId":"","elqFormName":"","elqSiteID":"","datalayerheader":"","contact":"","formgtm":"","elqCustomerGUID":"","elqCookieWrite":"","segment":"asset-management","name_first":"First_39412_TESTTEST","name_last":"Last_39412_TESTTEST","email_work":"automated_TESTTEST_2026-01-26_06_08_54@broadridge.com","phone_business":"999-999-9999","job_title":"Job_39412_TESTTEST","Company":"Company_39412_TESTTEST","country":"United States","comment":"This is an automated test submission. Please ignore.","id":"","so":"","di":"","ct":"","ep":"","ot":"","mt":"","yr":"","rg":"","on":"","sub-source":"","campaignMostRecentID":"","content-id":"","orig-channel":"","campaign-name":"","campaignMostRecentName":"","campaignMostRecentSource":"","campaignMostRecentMedium":"","campaignMostRecentContent":"","campaignMostRecentTerm":"","campaignMostRecentContentID":"","campaignMostRecentSubSource":"","Persistent_utm_medium":"","Persistent_utm_source":"","Persistent_utm_term":"","Persistent_utm_campaign":"","Persistent_Sub_Source":"","Persistent_Content_ID":"","Persistent_Campaign_ID":"","Persistent_utm_content":"","Session_utm_medium":"","Session_utm_source":"","Session_utm_term":"","Session_utm_campaign":"","Session_Sub_Source":"","Session_Content_ID":"","Session_Campaign_ID":"701RN00000RbnVLYAZ","Session_utm_content":"","inquiry":"","fullURL":"https://www-dev.broadridge.com/report/asset-management/tailored-shareholder-reports","page_id":"130411","page_campaign_id":"639ca36f01b0d5c80e77c6108137c4c5","ecid":"","elqCampaignId":"","Formmodel":"flyout","Pagetype":"","g-recaptcha-response":"0cAFcWeA5itQMzHQBudlcxIQe-cRh4rZqn7jcAK-PqH_JdmZsh83nKIx8hqWdnbvzrqOFn9X0XwIVbla2sAzoCCmmKwLwOWkY4BUG97nehggLiokTkwlrzSuJzNUTBLvMcnZBZ0tCQ4clw3-boPAZ0h_bxMgvr7OA7OKEPPn4jwmY0STiyaU8f1LkmOTqaYZ5PQMuBUZILFzNYuV0Ks-BfvxZZ-Fzz4g25c1CCwGBVvg25W6bxqZqU2aQ7ZXCG0hw710fUSO_6AArwXrQvpAQykmEk4ITTFscWDwTe9sizLCqYZIow2vaehXsYfm3pG4PxKl-6jYW6lHqw_uwheuJ_LcSffq7JCaEEm3j1XFoNREJLHA21PW1LigNKYIrBsTS8HnQyPWKP28UffQ0IXWVy0Q02PEeHa61iYsB6BBrAKDimDHikEXkJpvL902cS9Um-L5W-J6UkCJSsPWqUWj_uiAYIU8KEAqjBPZWUX0lnEQIGRdRSHc_MF5sCTWBOxfqBng1yAQ6JDiaul564W63h__UYmtb4iMSDLJrf5QVgM-9AXXiFcZu_yrVnutfKlXTQdoKZsr0SK4wdgF24NqwxiszulpQE58BkGRKPPO27OIumOIDe2D2ahextK9Cm4WF1Zpl488GdEpcmFesocn5hrCXDhc2SEfIK0jEvB1Wo781aC32L-5NSKUABC2PJu6cDMOcTGiQboeJlsDl8-krfPRlb2ZXYwZz0s8M7ta8nFdz_QOzzxWJJuNujJlBx82mVEhMtUwBdOAa9KyC7_wUoKjsYIc_tvSPDIo9mfSDLCYGRug8-f3wWwxdkU3l-ZQ3Tf5uso8SOt8KVVyfkHIiwI7CXlPWurh_4LQ7XX8hfR3ol6nqWzHavTxhc-R-h_lTj27f-qEKyh97lmcHJxo-hDDyBEbG2sGcW_JKmsRIbM7kxJ9Dz8cxmXVjX78CjOx2EJbMLpKVZd59jSp5ILLYrNtX1NCNf4y1AgXbB5if-NqoOGHPjcsW-zfx9vTS9rIDQi20NdMFUbl0a9MiCB28kbGVPNBXotOLETpzJIb46LSWOebjCANGifCCKMWnWXY1bNkcSHCiOh7n9bXqr3X-rJncy1-opCIZCvysGENoRymAMyHPi7De9Ie789e5JqwW-MtMFUHrxa27t6qvu3blvSl3F9xqViltSEyKuXd9AVFBqwLlNIOSELAPPbKU6U76WuxTFgSSUyAKmOwQE2NNGzkyrN2C7QbbyaCoqnZuUBaAbXGzQH9Ll4RRsiz2ODpl-HGG0AyGrdc70BUCM0kjdgnUr1H23xjEY04wQ6Me3LNBfvrxNvSkTxuRtByGdRKMpB4RaUkrWwXxddEDjLOaVtDM_FIXcEjO3jWlho9MzNbdPnYMSIUp5loWlQRpRhMr7s192KnzoBR9zfd5QKrnm-3IR20S2rIbCgA2anFJQ8tNkmR9h3rN5CyQYjbe5oXM5TGFTTVrQVvBhZW1L2Z9X3JSE4gveiE6wDns_dnJnRjKLqok1IolFu2I_p6Blxb464Y0fiZf362D9g0GLZeUHXMzIAAk0uERNuAjtY8zJ2QV26ayFwPAKSFF8M-KbNmBz0gQcBNQjvM_8f4s96VRLzy8ZPt8JrtVAa3EoibdauJj7sQOqRo88kK2S2-r7fbrQUqk--EOwwsythrVEOMjAOxnyEtYLIGeyZlYgo4bI7buTdiuE0PgnzYbN_qx7Msx8IC6W1qMRK7dUGjUYvyyvjntN6vEIcT49OMVVymIBKSIQQpNwJ6qOPyo"}
formSubmissionId = 
fullURL = https://www-dev.broadridge.com/report/asset-management/tailored-shareholder-reports
page comparison URL = https://www-dev.broadridge.com/report/asset-management/tailored-shareholder-reports
..........!!!...Filling the form failed...!!!........
................Header Contact Us Form Filled...................
V2 ContactUs form NOT found on the bottom
V2 Download form NOT found on the bottom
]]></system-out>
    <system-err><![CDATA[SLF4J(W): No SLF4J providers were found.
SLF4J(W): Defaulting to no-operation (NOP) logger implementation
SLF4J(W): See https://www.slf4j.org/codes.html#noProviders for further details.
Jan 26, 2026 5:55:47 AM org.openqa.selenium.devtools.CdpVersionFinder findNearestMatch
WARNING: Unable to find an exact match for CDP version 144, returning the closest version; found: 140; Please update to a Selenium version that supports CDP version 144
]]></system-err>
  </testcase>
</testsuite>