<?xml version="1.0" encoding="UTF-8"?>
<testsuite xmlns:xsi="http://www.w3.org/2001/XMLSchema-instance" xsi:noNamespaceSchemaLocation="https://maven.apache.org/surefire/maven-surefire-plugin/xsd/surefire-test-report-3.0.xsd" version="3.0" name="TestSuite" time="452.971" tests="10" errors="0" skipped="0" failures="0">
  <properties>
[...]
</properties>
  <testcase name="FormTester[https://broadridgedigital:broadridge1@www-dev.broadridge.com/2024-digital-transformation-study, https://www-dev.broadridge.com/2024-digital-transformation-study](1)" classname="com.broadridge.Tests" time="48.986">
    <system-out><![CDATA[-------------------------------TEST STARTED--------------------------------
page URL = https://broadridgedigital:broadridge1@www-dev.broadridge.com/2024-digital-transformation-study
current URL = https://broadridgedigital:broadridge1@www-dev.broadridge.com/2024-digital-transformation-study
header ContactUs button found = true
v1 ContactUs form found = true
v2 ContactUs form not found
v2 download form not found
emailTimeStamp = automated_TESTTEST_2025-09-29_22_09_21@broadridge.com
................Header Contact Us Form Filled...................
form message = Something went wrong with our form submission. Please try again.
formpayload for validation = {"formSubmissionId":"","elqFormName":"","elqSiteID":"","datalayerheader":"","contact":"","formgtm":"","elqCustomerGUID":"","elqCookieWrite":"","segment":"","name_first":"First_TESTTEST","name_last":"Last_TESTTEST","email_work":"automated_TESTTEST_2025-09-29_22_09_21@broadridge.com","phone_business":"999-999-9999","job_title":"Job_TESTTEST","Company":"Company_TESTTEST","country":"United States","comment":"This is an automated test submission. Please ignore.","id":"","so":"","di":"","ct":"","ep":"","ot":"","mt":"","yr":"","rg":"","on":"","sub-source":"","campaignMostRecentID":"","content-id":"","orig-channel":"","campaign-name":"","campaignMostRecentName":"","campaignMostRecentSource":"","campaignMostRecentMedium":"","campaignMostRecentContent":"","campaignMostRecentTerm":"","campaignMostRecentContentID":"","campaignMostRecentSubSource":"","Persistent_utm_medium":"","Persistent_utm_source":"","Persistent_utm_term":"","Persistent_utm_campaign":"","Persistent_Sub_Source":"","Persistent_Content_ID":"","Persistent_Campaign_ID":"","Persistent_utm_content":"","Session_utm_medium":"","Session_utm_source":"","Session_utm_term":"","Session_utm_campaign":"","Session_Sub_Source":"","Session_Content_ID":"","Session_Campaign_ID":"701RN00000RbnVLYAZ","Session_utm_content":"","inquiry":"","fullURL":"","page_id":"","page_campaign_id":"","ecid":"","elqCampaignId":"","Formmodel":"flyout","Pagetype":"","g-recaptcha-response":"0cAFcWeA6nfJTArQDuMJ3SvF7Hng1AQEAzfbJVEEUB3nwjUhMDbqeQn4ylzVRFIffENWSTXk4EEViIOllL0rqx2mTnHspnl39bywUfW4Wu-vywJpszm2jTsEOQDRfSeTa9tXb7Iwm9yXJjPGIUChB-nQ85gKHd2Wo0XqgiQChT7ZWyKU1k2BbhJ9ZO1hcjhcNPLjhwiasUce3fXx25XDUx4osLEvQA5YYOzlaG_gXPW65sSTpLvyw9fQfUhAz3nCKTmWOYGTFqO31fkr_a-6Jn-BACL3mnKdR5kZRhfsGkGyvpZelwuIt9KL1KKpuRph4LoQS6Uogu4qkjg3bdxyj87fToNd3FFM_FKCuneROVfKsqfaKr-yTH7US2Og7NpPdk8OUpeOwwa70auEi-2HWMIa8ehaaYuxmsyehT7Lo7UPUkWo085-1VrS3hd9YuifV3KfiLp5rHRRxWu1Ogh7nfNcR23j67YP3wPJp4oopZ7-HZxLYGRCt9lSe_n-9-dw5DBRWKjDc8rJGHAmTgsCwtMuK7QTpRhHIHWX3gYRIkofP-lPVkIbsp8VGxkTn_JxtSDc_-aLXjJ-RNVHe4QrPpDDMr4Cju9ikjhxrzcfx41-rVFEDxI8Tb3IA018su6GQF3IEBbd0L8AJT88kDNZMXi0dcCgmeQyfbWdtpeKteajt5gNXrcyB-ST6yocm4f1isieT3_PpU1TjQO4L9F_EtQ-mWJHwS1Jv84CZby7tjk9T7U_vY5Tv20ClJIjxLaBmH40pxEYXnmOSZoh8VcSyEifSZhZPgEgSofOMJxLlJfscxfJyyklCEbusbXz_PxMnIs9yJZKCI_3FDiMYOV0L3EJy2r3LPs8HuzzSLksRXCdcg3jqsrmpD9L5BllYidAdzP9BWOiqrUing355Cpj2FqlbYirNBupg8K_6tYaeqw9XtVxjIL4HWqJjb6QTYJKBAsOY3S6bPQGhTvZyiyDQiSand_ExrRgUQUP7RHa0JwWBaOp17MBPG5qHGmd1yA9E4ubO4goWBHyos9pwj--ZfbmE0zfpAmbDTBJafNW7pNWqbdvYVPrE9-YEdqC8txK1x-rDCrE8qGXKi9Q-PouKVm_WkMAoQvveTEb_rLQd-K0eqMrdBFdA1lZw5SusAY0e3sALWSecfGVFpLXNWX6uSuNos0QYEcm-Bl9EoJBmbPv9RWUbr87DrYJ-NWY8LKytMGRhV5eZtJ-jxgrDAEUtktGvQ-n_QcqotDwUL6EywxrS__lP3ZalEOMjbjOEk5KzLp0PkQ7p7QQ0AAeLxkBC6wqEBa0hLf0r-lyrvgCI3nCCcuqQ_D8kBLwJ936ltWXkoDQ4p4FSEGKbKHZerK4weXUK6p0KrwXJFLEHW178_nDf3Gec1kzM-TWF-gW5g1-Qe33TqukqT2At8JP8qA8-o7tgHE7_DHduCuurC3ogOyiiWbTheLfl-H6J9vQeKUNRqQXE4vVlywcRFuxeAKkmItEUpTfSB7mGJwZidNUdo8tg6jw3cckqIwgIdGsXXp96-Ir0bUOW-j5s4UTypIFD6eH2Y2QYrPmt4dm9x94WDMxP1W7XIzd51ua2hQMCjAMFeVHGimlz_N8XK"}
formSubmissionId = 
fullURL = 
formSubmissionId = 
fullURL = 
]]></system-out>
    <system-err><![CDATA[SLF4J(W): No SLF4J providers were found.
SLF4J(W): Defaulting to no-operation (NOP) logger implementation
SLF4J(W): See https://www.slf4j.org/codes.html#noProviders for further details.
Sep 29, 2025 10:08:52 PM org.openqa.selenium.devtools.CdpVersionFinder findNearestMatch
WARNING: Unable to find an exact match for CDP version 140, returning the closest version; found: 136; Please update to a Selenium version that supports CDP version 140
]]></system-err>
  </testcase>
  <testcase name="FormTester[https://broadridgedigital:broadridge1@www-dev.broadridge.com/insight-pages/bpo-case-study, https://www-dev.broadridge.com/insight-pages/bpo-case-study](2)" classname="com.broadridge.Tests" time="36.911">
    <system-out><![CDATA[page URL = https://broadridgedigital:broadridge1@www-dev.broadridge.com/insight-pages/bpo-case-study
current URL = https://broadridgedigital:broadridge1@www-dev.broadridge.com/insight-pages/bpo-case-study
header ContactUs button found = true
v1 ContactUs form found = true
v2 ContactUs form found = true
v2 download form not found
emailTimeStamp = automated_TESTTEST_2025-09-29_22_09_47@broadridge.com
................Header Contact Us Form Filled...................
form message = Something went wrong with our form submission. Please try again.
formpayload for validation = {"formSubmissionId":"BRHDHPG3M-1759183792287","elqFormName":"","elqSiteID":"","datalayerheader":"","contact":"","formgtm":"","elqCustomerGUID":"","elqCookieWrite":"","segment":"","name_first":"First_TESTTEST","name_last":"Last_TESTTEST","email_work":"automated_TESTTEST_2025-09-29_22_09_47@broadridge.com","phone_business":"999-999-9999","job_title":"Job_TESTTEST","Company":"Company_TESTTEST","country":"United States","comment":"This is an automated test submission.  Please ignore.","id":"","so":"","di":"","ct":"","ep":"","ot":"","mt":"","yr":"","rg":"","on":"","sub-source":"","campaignMostRecentID":"","content-id":"","orig-channel":"","campaign-name":"","campaignMostRecentName":"","campaignMostRecentSource":"","campaignMostRecentMedium":"","campaignMostRecentContent":"","campaignMostRecentTerm":"","campaignMostRecentContentID":"","campaignMostRecentSubSource":"","Persistent_utm_medium":"","Persistent_utm_source":"","Persistent_utm_term":"","Persistent_utm_campaign":"","Persistent_Sub_Source":"","Persistent_Content_ID":"","Persistent_Campaign_ID":"","Persistent_utm_content":"","Session_utm_medium":"","Session_utm_source":"","Session_utm_term":"","Session_utm_campaign":"","Session_Sub_Source":"","Session_Content_ID":"","Session_Campaign_ID":"701RN00000RbnVLYAZ","Session_utm_content":"","inquiry":"Gen Enq","fullURL":"https://www-dev.broadridge.com/insight-pages/bpo-case-study","page_id":"","page_campaign_id":"","ecid":"","elqCampaignId":"","Formmodel":"flyout","Pagetype":"","g-recaptcha-response":"0cAFcWeA4O06CDNtUV5YMBRnfFS1cyQ1fzRE-j5jO0pGwrDrP1dOkOagAKybqQYE43dMHhNfvHZ5W1V0NUUUIEaNWzYIwWkLeB_ZUde7qN_HTus5CJVpAwROGCSnGzxFh-Pq_EI3cyOGSRAG4jeERWv7EOQ7fHnklYV0mpFmqV5zMNkYsqJLxXywpOsp_GVGsec-BII1Udgf_CZfqzJodI-BAFoFQ5eSIuggB-C_2xUdXcxwlwzpZteC7di-wczZIhpyPlDdIfhPhHU9TYy9c3x90q0bnFqZuqtUKMZeOOdC0uzuK2-dR9LpAsmEZoDP5O3-2R7cgTDs2a7WfR-mr3rbQpGXYmNy7C5BKaXD77b9ffzdJMZGmGJ9e5xWObOQUUItQRs_sRes5WkkoF1EiVd0-MHv_n6SicaI1yqb6w6FRMZiQxe6TCGCWk_EoH3gOz2mbB178sEUqu92XkHe1U2gGDltz3vwSHcEtnjtE2SNje8Jq6OvexNShgNBOXUMvDkXCFYtjKKLqYp5Kz8Y5qR8zY5cJLDKQzMZOWAiS_jGXBznCjc2e_ReINH4HWr6eUqdj1xU7l8Tu9NWmM6-AGDXVuDIxqw5vQL9ApzkgbhEXdpdvyp8zCAvFpxWhx7rbqj5hwBJ7ntPVkB4z3Re8AubYdJR0sJy2b2QcvZ_N4E7aEqYYxZhinPdCS3pL0dsAvxDtSIPUgKN0_Bsvfr-2mOL_rqZKesRiJ_CWYmr9lSe5roQ6ylnLKKOZStwbNALVVmGYO2XOa38XKSMeBpQQpXL4qC-QsvY8MjD7Pnko-lbQwv5MxThHAXIt_VPOOWEuZ5Y9z1id4d-KZz4SJF3Sroqor5GSOGvplxm7MiNm525gMRk51S4Wk0_BJYjUcwySlnpperj3u9LBRS1xJdoJtTgmy0RLOpgiYYAm8o0G_EU_2UBZWg-r7sHOb3QYTi8SxENxVwgmIxoHKGKCbq7ODRi_2k2O-ad659Maum_m1-5TMHLOrTZOsJt8E23vsslYe14XK4nXEI615zQjTZyphbYAK_LCNWdKkCAKvHJrOk2UbX7E-FwVCbsD0waSD5HECIkvuHn-tm-E-1V2LpGB2gZpkNV3Hq6vL3IdoZsa1RcHwhuaODHkZyl8YgWIxQq2J0yEWTXuXnH17333IiGujoT4vBEbSpul7UzN3JPq9LRAxP_9EWSWq9RlRH63Q-coJEcwXm342bkp12bLqktloSK4hqC6pxAaT4m50O2AHECbRljPCqualanCI_XS2rC_2xSVFics2B3OMLPif_Oe692vtez4MRxuRmEzKjgQmmQ6XY2zGpDwqxKebbR40Yi29WlG9ATrXAk0fOr1cGQc1Sz5otGtu_HoP7_-uv3QOTyXQy6T9pJH3a_PvQxwYDoviajcunNJzoRnBdmwsSodaMnPLrk7RedRLcxfVp-8S6QQ-lyLUbBKhYDagLkGcirKqTf2D5Q6YkVwYXUqH6C40VmIIDohyxNbKJjntO1cpnUcYCGwYBi6bV9SjF1B4K_PbVaggjD3zxBD9rfNKG3jGXlG952Ku5MUKJP0BcU3jwCTIWnTKMp48R0lPl9OftjraG_mWXopfacF0"}
formSubmissionId = BRHDHPG3M-1759183792287
fullURL = https://www-dev.broadridge.com/insight-pages/bpo-case-study
formSubmissionId = BRHDHPG3M-1759183792287
fullURL = https://www-dev.broadridge.com/insight-pages/bpo-case-study
emailTimeStamp = automated_TESTTEST_2025-09-29_22_09_59@broadridge.com
................V2 Contact Us Form Filled...................
form message = 
formpayload for validation = {"formSubmissionId":"BRHAIJLIT-1759183803926","elqFormName":"","elqSiteID":"","datalayerheader":"","contact":"","formgtm":"","elqCustomerGUID":"","elqCookieWrite":"","segment":"","name_first":"First_TESTTEST","name_last":"Last_TESTTEST","email_work":"automated_TESTTEST_2025-09-29_22_09_59@broadridge.com","phone_business":"999-999-9999","job_title":"Job_TESTTEST","Company":"Company_TESTTEST","country":"United States","comment":"This is an automated test submission.  Please ignore.","id":"","so":"","di":"","ct":"","ep":"","ot":"","mt":"","yr":"","rg":"","on":"","sub-source":"","campaignMostRecentID":"","content-id":"","orig-channel":"","campaign-name":"","campaignMostRecentName":"","campaignMostRecentSource":"","campaignMostRecentMedium":"","campaignMostRecentContent":"","campaignMostRecentTerm":"","campaignMostRecentContentID":"","campaignMostRecentSubSource":"","Persistent_utm_medium":"","Persistent_utm_source":"","Persistent_utm_term":"","Persistent_utm_campaign":"","Persistent_Sub_Source":"","Persistent_Content_ID":"","Persistent_Campaign_ID":"","Persistent_utm_content":"","Session_utm_medium":"","Session_utm_source":"","Session_utm_term":"","Session_utm_campaign":"","Session_Sub_Source":"","Session_Content_ID":"","Session_Campaign_ID":"701RN00000RbnVLYAZ","Session_utm_content":"","inquiry":"Gen Enq","fullURL":"https://www-dev.broadridge.com/insight-pages/bpo-case-study","page_id":"","page_campaign_id":"","ecid":"","elqCampaignId":"","Formmodel":"ungated","Pagetype":"","g-recaptcha-response":"0cAFcWeA6_z_TdOm97xqSduNyQzRWibND90rBmGZneQuX0poDhDZ7EGZaUFRH7Gr3KWMU_uWrjW41GeBJvEFs3ssurPPnIuSJgyfDpzg4-5W9JZdGm2PrqQVy4mbgAgJW2IDgHGKuDcADcmUgQ4zoWU0fL0kzf23_SpNwosQj54DVNTBCg3znZKoZFiC2dSA7nG2kTxfOp7YjRYeMYFNmNm5NuemAyFoRhvCj_N_X6CehCWFW_AsHKnOqnNNE6cVX-BFhz-jwbg8DPVK2QkBZdavpvNGz9lfaw-MKm-007w_14yMQxq7EP9e-JdhMaSiUuKukD3YyOBEiwZ1JAi1rwViTY9JfGL8Rts1esXklre7Nc5F821apwFuWYu0qJTaxVbBhmrO5LWdfy23SARL5JDZqExSC8ZlpREOBHC5DPTHZaDs1cKIl4TslSJyvo_CSmf9F48I1wOUXmgcb7ydzUioT25R5EmqATunHsP3ajCA5gdug8o20CtrMs2Me5ob4Nky-kK4DdRDNGY-KJ5UHzBAckq5-3aRYdtaJdKwRIUqVRp3BAXzVVCRKZkWguvlrgRrChqPYeY2As4-f6kU4Tk8D9HN0yn-Y7RJ53dY0E87oW0F2r9jqQ-KK58j79Xen0BWnpKLTYpqxKJ80Izdoh0I-aTgLcJPboequyLwVj1hduoS2GljcAKEzEpi-YOkgXaXXLhP0SlJ26El6Q46B7kwuCyB7jz0u9e2P0T6UEgUGEHbYFNINwwkBWjtFA0MBOFViQ9laFNKNU9JYqBeYs3MeOb4isGhaPH96Ioz_j3iWV5cLwntj-EqBnHL18cKTFUL1KC3NE6xL_Y597d6a6gc287MUoBTRL6sJWVonp7jvRlN_0EvenFTbHs845nKi6qzqjSci_e0A7MqZyKKLkyW6gqCh1x1GFa_gaiBGsBiclirlrjVMUD77VuPqu4Tit-dHNTFekkRbgtw8ot0QsrF_fHOO2AdjXNUjZq8qK9ZsSj1Hkv6vkAHmO6ECB4FdWDYvAypk1c_7-fZqgcvk6xZuu6-PjkoNovT-Q7Tmm7TI-sJemQIQwRbV4eXC-MXOg5W5PZKW4HEb_5Q5-xEP3L6FiT6y9xcr5z3KG171DhDAZhYvfO-Pb7SX1cxgpYO8PUOp78cJNvbT1k7mb3hnTfLiKdHV8FAKSx3pC7STaUBWAHNJOQj03FNUZlVNk-Cy54FUWpZlehGCbFYE8iMZLHlgyTNrnSNGwKqoQXpcfPnPGEEb7VrJKdna3hyeLw48GbrrrK2FpOO0_N2pXR_nGoXAyDf_0uiHJYCBGfDiX_McUXFHkT7gCBQLeUucUWV51iu856wknGynSJRGOqVvKlz8sxVeHQb057arYTJKtN5kXKLHWNqGBCkYd-l5SeCQ1_D_IN2n9_NEXWa3KraY7EzpCOWDLhrFaFJXBHGvw75SGy42amuNhBZwZ6Nk9_RqAUbEy0Och4YAGd4eRXgqAf12SWDaIJ_rxefedFz1P7t44BaC63DSaumbi3ISifNacv9yDw_xBl7ZxriG7I0DNmD3NuhXHkVXrNmP3hMVZy5_EjSo6I_TcjIMVVkTUMWXz90ZzmWZPs8Cx"}
formSubmissionId = BRHAIJLIT-1759183803926
fullURL = https://www-dev.broadridge.com/insight-pages/bpo-case-study
formSubmissionId = BRHAIJLIT-1759183803926
fullURL = https://www-dev.broadridge.com/insight-pages/bpo-case-study
]]></system-out>
  </testcase>
  <testcase name="FormTester[https://broadridgedigital:broadridge1@www-dev.broadridge.com/article/asset-management/summary-of-latest-guidance-from-the-fca-on-consumer-duty-implementation, https://www-dev.broadridge.com/article/asset-management/summary-of-latest-guidance-from-the-fca-on-consumer-duty-implementation](3)" classname="com.broadridge.Tests" time="35.012">
    <system-out><![CDATA[page URL = https://broadridgedigital:broadridge1@www-dev.broadridge.com/article/asset-management/summary-of-latest-guidance-from-the-fca-on-consumer-duty-implementation
current URL = https://broadridgedigital:broadridge1@www-dev.broadridge.com/article/asset-management/summary-of-latest-guidance-from-the-fca-on-consumer-duty-implementation
header ContactUs button found = true
v1 ContactUs form found = true
v2 ContactUs form not found
v2 download form not found
emailTimeStamp = automated_TESTTEST_2025-09-29_22_10_33@broadridge.com
................Header Contact Us Form Filled...................
form message = Something went wrong with our form submission. Please try again.
formpayload for validation = {"formSubmissionId":"","elqFormName":"","elqSiteID":"","datalayerheader":"","contact":"","formgtm":"","elqCustomerGUID":"","elqCookieWrite":"","segment":"asset-management","name_first":"First_TESTTEST","name_last":"Last_TESTTEST","email_work":"automated_TESTTEST_2025-09-29_22_10_33@broadridge.com","phone_business":"999-999-9999","job_title":"Job_TESTTEST","Company":"Company_TESTTEST","country":"United States","comment":"This is an automated test submission. Please ignore.","id":"","so":"","di":"","ct":"","ep":"","ot":"","mt":"","yr":"","rg":"","on":"","sub-source":"","campaignMostRecentID":"","content-id":"","orig-channel":"","campaign-name":"","campaignMostRecentName":"","campaignMostRecentSource":"","campaignMostRecentMedium":"","campaignMostRecentContent":"","campaignMostRecentTerm":"","campaignMostRecentContentID":"","campaignMostRecentSubSource":"","Persistent_utm_medium":"","Persistent_utm_source":"","Persistent_utm_term":"","Persistent_utm_campaign":"","Persistent_Sub_Source":"","Persistent_Content_ID":"","Persistent_Campaign_ID":"","Persistent_utm_content":"","Session_utm_medium":"","Session_utm_source":"","Session_utm_term":"","Session_utm_campaign":"","Session_Sub_Source":"","Session_Content_ID":"","Session_Campaign_ID":"701RN00000RbnVLYAZ","Session_utm_content":"","inquiry":"","fullURL":"","page_id":"","page_campaign_id":"","ecid":"","elqCampaignId":"","Formmodel":"flyout","Pagetype":"","g-recaptcha-response":"0cAFcWeA5huI1cSh5OtAHHEj8Yt3f2I252GdK0kxtMnf1msN_I5DH7FsPORieyZNOrfLL90GDw0Rffb8MgCZu0_1UqGkj8uipJMs9NkuEqwBEPuEQ7LxMxo4kvrXLetjOftUILYmrclxdp7JJVRlgI0y_hgiIIsA5qM-V1f1bpp4sZPm_bfOKLfN-ekkMJ92pYUKXG__ZnH3sz44dMkNERPNtxt3FzsyNCTwd8oEHAhhhKtcsHyYVryLZK47sl10x_heV_28iYrRq2USER-5iGBiSsW9I8sx0HmDdPMlp3uFrck8sVWjIEzKS3o77XFT3OZMO8dW43woTu_9MlMEdXB1Fqe4v2CxW5vLtC3H5DtUtn2Cb72wC8Z-nZ1W-JdFZDVogxtmZANxDlHIxxL3J0AA6wxHtZ50E3kBbXWYzuCKeuN7HjyxkmAZF3v2ACZ2WmS-Lx4QCvnXRXirkcHJ_hmNq0Ijvb7uQUu-D-R1nl_KW4yOlsFvFW4qYLL5rraj6AUX7BJBv1OYGtXoPh6IuPfrHhjkf89Qo07p_iWQD3BYXWNL-TDqaUHu-DQcQT_av8k9Rf7DpwIxmbKO7US6BG6hZmCZlj6vox0dJwA0kxIvbDEN8L1e7kr2-zQNpcNmuUVzummfwP8CmlPYzh9XhNGfd75Q1sCITVoVopLTRNZZK3QbCvfmEmhfq4IZeyLZM0OUJGYekUvC66WUTSOGOr0aZHJGIJvXNeAhKF9X8z46elmk-rU3cz3KyUWyP33V5dNaSq9SAnjWNDf1gnzJx2bTGVKP1mZUkapUmVmIe6OkXebTHnt7sHagwj9z2Sgoap7dXfHt0K8_Wf5Z-tmXdUUEW10cokeBUPZ9bZH77aUajY0iSwGPNNyVsyZgxz-zOaUHab-lRnf_mbseVV3TCpgsQLL4k4hOVM8uhYroKgVXSUQvcJNnUyynj7y8cNT-HixzRuz6cchMV5ReBYN58y59JLEah7SICakSgbRc49uq8eMyUMUTqgmP82PisMEpFf4E3KW283SG7esp_vMIKxXWXFb2yHrAJJYRtNyhx4iDffT4EP_7fvvLIl741UCQO0j27s9mvKKUeyLVOcWv2cJUs_dpdS-0CbcIcHZnO3L0QjWAMCVVV6yjHZbv_Qjc32qwMw3wpMw0JcPmDV2uQZ2fUPoh4WHE4nNwtx9xGLGYw5_FjlWM36IBNunlrO0iAJK3CNNaM_0aU_QBIHEU0vhKlyQzQSkRxhBk_iQOxRFXQLE4W8Wpg-EMwF8fIJ_1vkRIv_uCascPMrHjw89aHHDcSoFT1PFgtYoWiWguT_tXgEJs9JaaLe2ltaYBsxalx4hTi3acalM_Ogyj0qc-cMlc-a-V3Aiw3ZZCyO0AJk_9tir-aaEcyjUo2Y_Geh6KM42AxaYwCm6o_XlB4Kj-CeoDaugnBGKCIdcNhwl1ChPeXufzdmqYkFTMgqNzO48CF4BIrdQNaS_nHAerezCjPgELbwHxN5h2RDSNHKMiL7u3vy9H0msC1wzfD-woQW3Z4_NGh4tC7tnin73aquMVKwkp41IP1ppgap2QC7vTEHW-IcT9rqVki6krA"}
formSubmissionId = 
fullURL = 
formSubmissionId = 
fullURL = 
]]></system-out>
  </testcase>
  <testcase name="FormTester[https://broadridgedigital:broadridge1@www-dev.broadridge.com/insight-pages/governance-regulatory-change, https://www-dev.broadridge.com/insight-pages/governance-regulatory-change](4)" classname="com.broadridge.Tests" time="49.286">
    <system-out><![CDATA[page URL = https://broadridgedigital:broadridge1@www-dev.broadridge.com/insight-pages/governance-regulatory-change
current URL = https://broadridgedigital:broadridge1@www-dev.broadridge.com/insight-pages/governance-regulatory-change
header ContactUs button found = true
v1 ContactUs form not found
v2 ContactUs form found = true
v2 download form not found
emailTimeStamp = automated_TESTTEST_2025-09-29_22_11_09@broadridge.com
................Header Contact Us Form Filled...................
form message = Something went wrong with our form submission. Please try again.
formpayload for validation = {"formSubmissionId":"BRVR984VP-1759183875451","elqFormName":"","elqSiteID":"","datalayerheader":"","contact":"","formgtm":"","elqCustomerGUID":"","elqCookieWrite":"","segment":"","name_first":"First_TESTTEST","name_last":"Last_TESTTEST","email_work":"automated_TESTTEST_2025-09-29_22_11_09@broadridge.com","phone_business":"999-999-9999","job_title":"Job_TESTTEST","Company":"Company_TESTTEST","country":"United States","comment":"This is an automated test submission.  Please ignore.","id":"","so":"","di":"","ct":"","ep":"","ot":"","mt":"","yr":"","rg":"","on":"","sub-source":"","campaignMostRecentID":"","content-id":"","orig-channel":"","campaign-name":"","campaignMostRecentName":"","campaignMostRecentSource":"","campaignMostRecentMedium":"","campaignMostRecentContent":"","campaignMostRecentTerm":"","campaignMostRecentContentID":"","campaignMostRecentSubSource":"","Persistent_utm_medium":"","Persistent_utm_source":"","Persistent_utm_term":"","Persistent_utm_campaign":"","Persistent_Sub_Source":"","Persistent_Content_ID":"","Persistent_Campaign_ID":"","Persistent_utm_content":"","Session_utm_medium":"","Session_utm_source":"","Session_utm_term":"","Session_utm_campaign":"","Session_Sub_Source":"","Session_Content_ID":"","Session_Campaign_ID":"701RN00000RbnVLYAZ","Session_utm_content":"","inquiry":"Gen Enq","fullURL":"https://www-dev.broadridge.com/insight-pages/governance-regulatory-change","page_id":"","page_campaign_id":"","ecid":"","elqCampaignId":"","Formmodel":"flyout","Pagetype":"","g-recaptcha-response":"0cAFcWeA5OBrJoLXhfDujWfyzkZ0TnaF0jnl3hljCqnqkEtjLEFiNgj-ZsYnBvrYFuEQDNF1LZUGTBvFm_vDKTWJiqx5yg-7mztjTL9Sg6xCTpDZkKaqnk80DlECPLbTVvtnRnLTJ6T4y4abtoLjjWBRRq2BUgH9oWZCS2sRikeCbJUHeCDTGgkQIAVHZR6U8Cz_fUPSvjSKG84Ci4ZSYvPZP2oM4snIVl3xKG2B7tEQe9OyrOVg8Q_t6f5PokxmeZMeQwFcBOkUF_FhHmNQkbXGKpqBjq1umpGcvR2yI9J-FDuYEwAB-fVseh95D5GTMtQnqM--bMBKnxfu6TIR3biJPacwBvz5g-jerbMYN7VuGWW2GuBqIa5FIk5-5y_V0w-QfS63icFoMVHp5ejNHFpZydL3l-BcL_t0-YfQQoFLP4fVwF-l-kSvWmdslEAEuTAGrWSI7nSQfDW3CXl1yW-8ULMRqUowz_Y5_2ObVb9ZnSwVB_UIpuaG1A1K37ef9inC5XAyrSSEE4TSV4978jU5-JZFTzCb2RECEM7pDAgReRwudPvAwc3GIkwwG0OvhyizCshzOtIBHCc-Fhpl5ON0fpHWIUdzjmK_SRAu6crfrpUj9CM-8RQBX1qPyfqJk78rYHawbKmqCYzyhiVLmwlCrluKPCYrUbc6TopAcJJM0FEUtBoSDF7NQx-6yboBcnnV0tbImGuix5OPd1-VbZCRdg9LX0qw8t6B-quEKO7LtPo7_lTJ6gsNEDtdrjK4MQr31pIDsYprH-6GMIaBagpMrJTyKTyFSkCCiaKPpFbEGLLpf8qcEFLIruJXRyiwGhvKN0lFP9ylRHGt1e5OvEnp0Uk5YNws7DUYO6o8M8PMgyltGLjWOArF565N71xh2MMCg41aLoTgBZHKqjgJec4s12k7HomAzx_QbZCdHnmXg7u8QBA0ONiWU8erR_9K5kIhJVsngAxxRc4q5v0y1r0QgPJJuPw6IEaSbK_nXsODGYCSIckKb_Fn8mMFNNj45CZoh2L8rEL4kt5_HD7IFUgWCJ_VqFyVUKInsE9BMQEr3ETTXCf5fNubuS1NMyPeGmsSoj7cjM1xZ_uCd7Z0LEHO4Bc1mMjDyeFjTY6rgQPLko7MrI4sYgypbVimv1DmJjuTQGsrxAwBVlWzV3-ZfviwP5mizKXaB-7Owub-6zUolhSo2QHPejp25DewhDs7rt3FsApCRCV8oyJgROOS-vIQGT4Vt3fos08qRCFkBrT57naExU7a24UJvNLg6CCiM8yipTcefAlLIymnCi6pBC61Z1DxGNwci5izG0474UevED_fkxCGBSjpUptrvO7qRgtI8DbElqcVrFu_W3ffrD-CaI07CU3IUeuU93A6RxjxturG2O3nr_aXID8ChkbTuPdmO0a6xaipglRO2eAl3kS81yl_TtC4WnDxBgpPs38Bc28TZTj4QNVIG8Ce2HlLS7ZzN3ZXivfUBC7EK_C-9s6ir2AwaopYdTa7f9Xvr1erxS92vlL2iOiz4raBSFjPDyyNg8po26NZsXHWHA098ZB3N_70VaQG73gfPQ4coOhQJNV3zF_Q0M-kpSRuGw28_PxJK_Ap3Hzvge"}
formSubmissionId = BRVR984VP-1759183875451
fullURL = https://www-dev.broadridge.com/insight-pages/governance-regulatory-change
formSubmissionId = BRVR984VP-1759183875451
fullURL = https://www-dev.broadridge.com/insight-pages/governance-regulatory-change
emailTimeStamp = automated_TESTTEST_2025-09-29_22_11_22@broadridge.com
................V2 Contact Us Form Filled...................
form message = 
formpayload for validation = {"formSubmissionId":"BRGM7L2KX-1759183888189","elqFormName":"","elqSiteID":"","datalayerheader":"","contact":"","formgtm":"","elqCustomerGUID":"","elqCookieWrite":"","segment":"","name_first":"First_TESTTEST","name_last":"Last_TESTTEST","email_work":"automated_TESTTEST_2025-09-29_22_11_22@broadridge.com","phone_business":"999-999-9999","job_title":"Job_TESTTEST","Company":"Company_TESTTEST","country":"United States","comment":"This is an automated test submission.  Please ignore.","id":"","so":"","di":"","ct":"","ep":"","ot":"","mt":"","yr":"","rg":"","on":"","sub-source":"","campaignMostRecentID":"","content-id":"","orig-channel":"","campaign-name":"","campaignMostRecentName":"","campaignMostRecentSource":"","campaignMostRecentMedium":"","campaignMostRecentContent":"","campaignMostRecentTerm":"","campaignMostRecentContentID":"","campaignMostRecentSubSource":"","Persistent_utm_medium":"","Persistent_utm_source":"","Persistent_utm_term":"","Persistent_utm_campaign":"","Persistent_Sub_Source":"","Persistent_Content_ID":"","Persistent_Campaign_ID":"","Persistent_utm_content":"","Session_utm_medium":"","Session_utm_source":"","Session_utm_term":"","Session_utm_campaign":"","Session_Sub_Source":"","Session_Content_ID":"","Session_Campaign_ID":"701RN00000RbnVLYAZ","Session_utm_content":"","inquiry":"Gen Enq","fullURL":"https://www-dev.broadridge.com/insight-pages/governance-regulatory-change","page_id":"","page_campaign_id":"","ecid":"","elqCampaignId":"","Formmodel":"ungated","Pagetype":"","g-recaptcha-response":"0cAFcWeA6sxd0zm_7puSuiR4JI--5Neg9TAnbf8twko0sx3XUIsNbEJ_b20oY5NTtg6VKQgX5onGgMttFCEqNyW8WmNb6a2tgs-x7AYFa2HLBIBpniYhHUPACQihOO7gXoRCHygV8NU2T_jQeJIllL8olml9-HAOM0-HGCKeIipB0lBLHyt1V9s7kiZvdEdFs8UaeqetZCcwQWTFU54UaLw6wtSEtM1XpWaO9a-QPPiCJfULM9psaVsyjRF7ta1WNYuXHYrfCn-gBBU0l5C2sg6bkH9hSEoUJfyD32IqZ0kEfQqwN0KKcUlFuG4v0hbpnyDQOP6_HHoBO5VCWfYSURyqCXsUPw7Vj2_UoK7ixt62aU40utiyrrW6Bntzsli_q_Ncb3rrI6fjMed2pEMUWjKolQzmuw4FLaYgunHyDgB6WtjE-l9enXCW9t6xFJC2ukf1J8E60RkbdJWNGqhMGRtTP3UcYl770Vhcxg87bEX1GVlOlFRss6LZB5R1-47_2gqAEYRUhfv2CWzGLJNDAVNabF64HJl_wfWMBOoJaHSUabuZX952aYPZTHiFwaS4k-NcjEh2D4TPpTCd2gFpzsl1kRKA2tjXJLQTYUEws3FIj_v7eHIK5TxXanRbys76_W9Ow3MsjYlqw03v_XfgPuhP8CU89hEpNravR1Wix87qFzk0cTkBpWj6NPY_yTUZMUpqMtFj-0URwvgTxeE0SRDQgy5_Xs3mJKFtBy_D_kRrVRbb3UzUqCoKmzsI2rt-pVnVEuIHoXLkZdT0rqfDt0JxW84bXG1XRFtpdb4bglU1AqfdqRGKNKgDhVBDtSwvrUsaOWAK2xP1AnHUtqL4j089ynXsen_8prwbeKbYJx355UrXWsc4nnCQD41BEvv7rztb6usF1unA8O96-mewPUAzCs7KiRl3WQ_aZqjWz056r8EO2lb0DdJ_C3q9RzGOtSFKpO_YW_SB-pbvrScj4GWOtUqQQFlb80ap4db9TF5rMxVojCc3AKHc5O9Hxt5fASXjCZtMwO0N4wXu-K6jXpY2TaQLUvfKPvQUzSscmMO9vcAk_fXVbD5R_7eN_9_bho_qqScaQTQCnSpfjoDoNV4NoCV20NxrOhpwDrXphHDxGrlXYf87Tq02nLIdhtRgwjF6S4MFhnUWKeWEC20DTkcCBb2zWO5cUtTsnadlO1K2y6jwJOZp3vN2eFb-hs6sqA2d3h-gNK9HUVJqXqytpW0WYTl12QgCcwxAry4TZyIIn-mQdrA8-h7GdnEWd-TfqlTr8v7lGs3VYjqjG6C0k_9W6iOkgiLtD_m6N7VUZDmDoWVUoYAI4iX0UPqqKF6JD5qaZinaRHkoNjCX32ltLK_O05BpiMXJ_FAoFxBATTWqEmGYMG1hFiXNqDtcFVFRYP5iMSZAB_pmcNaU-SzGV0BbMkZvUurQh-_t6NUu6yla-LIu_Zc2Nday_j4lZg6AEIWhAhkiQ9wRPrOun7Fp1MCULJka7HbsroWaM38ivLaDxxokdPGQcQ4guVS1ALQhSd4tRfsr1LhNUDGJ_YvBnoWMUuvNhn9_2APhZtbxhDSHh9NKwK4vg2mKxt6QjRWUOqsK7gGyoN6XTQ"}
formSubmissionId = BRGM7L2KX-1759183888189
fullURL = https://www-dev.broadridge.com/insight-pages/governance-regulatory-change
formSubmissionId = BRGM7L2KX-1759183888189
fullURL = https://www-dev.broadridge.com/insight-pages/governance-regulatory-change
]]></system-out>
  </testcase>
  <testcase name="FormTester[https://broadridgedigital:broadridge1@www-dev.broadridge.com/campaign/all-in-the-family-active-etf, https://www-dev.broadridge.com/campaign/all-in-the-family-active-etf](5)" classname="com.broadridge.Tests" time="48.821">
    <system-out><![CDATA[page URL = https://broadridgedigital:broadridge1@www-dev.broadridge.com/campaign/all-in-the-family-active-etf
current URL = https://broadridgedigital:broadridge1@www-dev.broadridge.com/campaign/all-in-the-family-active-etf
header ContactUs button found = true
v1 ContactUs form not found
v2 ContactUs form not found
v2 download form found = true
emailTimeStamp = automated_TESTTEST_2025-09-29_22_11_58@broadridge.com
................Header Contact Us Form Filled...................
form message = Something went wrong with our form submission. Please try again.
formpayload for validation = {"formSubmissionId":"BR7M71CSF-1759183923401","elqFormName":"","elqSiteID":"","datalayerheader":"","contact":"","formgtm":"","elqCustomerGUID":"","elqCookieWrite":"","segment":"","name_first":"First_TESTTEST","name_last":"Last_TESTTEST","email_work":"automated_TESTTEST_2025-09-29_22_11_58@broadridge.com","phone_business":"999-999-9999","job_title":"Job_TESTTEST","Company":"Company_TESTTEST","country":"United States","comment":"This is an automated test submission.  Please ignore.","id":"","so":"","di":"","ct":"","ep":"","ot":"","mt":"","yr":"","rg":"","on":"","sub-source":"","campaignMostRecentID":"","content-id":"","orig-channel":"","campaign-name":"","campaignMostRecentName":"","campaignMostRecentSource":"","campaignMostRecentMedium":"","campaignMostRecentContent":"","campaignMostRecentTerm":"","campaignMostRecentContentID":"","campaignMostRecentSubSource":"","Persistent_utm_medium":"","Persistent_utm_source":"","Persistent_utm_term":"","Persistent_utm_campaign":"","Persistent_Sub_Source":"","Persistent_Content_ID":"","Persistent_Campaign_ID":"","Persistent_utm_content":"","Session_utm_medium":"","Session_utm_source":"","Session_utm_term":"","Session_utm_campaign":"","Session_Sub_Source":"","Session_Content_ID":"","Session_Campaign_ID":"701RN00000RbnVLYAZ","Session_utm_content":"","inquiry":"Gen Enq","fullURL":"https://www-dev.broadridge.com/campaign/all-in-the-family-active-etf","page_id":"","page_campaign_id":"","ecid":"","elqCampaignId":"","Formmodel":"flyout","Pagetype":"","g-recaptcha-response":"0cAFcWeA5ITQosye8pk7p79dgQRoIPBil98NvuFOURan9YlNpy80FohGUsqDFcYvD0t-twaEzSIK9Nyopunkh6DbPEvAIgsbDvdniehAyhF0ZXcgXeNjlJa4EGTomgIUqiAVlONGLoenpjDrcMmBk8OAo2a9b7we8fnN2NJ9WD2W_7Fx3Soguu6VmHr7jtbLXAXnJOQE_m007njTsG_7CNI3godjZgO3DNudqfMI4UvZexGPKNkY-FeLELSV4rEdk4gbgvohTS14d2x2VkHyjB1qHvDHIiagxYxtx0LxYJVWPcxWxE4V2KtNAAoGz5ET0NkcHUNRF_4YYiA6zJ73JlgnaBr439Xe1Q6aFRUQa5lAxJoUA7Hfs-BrDlsOOTOMepfg58-NClAzJktoabGwP6LSMzbaT4_H-CERNfrrmmjkY0f9kSVGOYhesbTUz0NTmYyK9ods76Xl7lJ2F3aqgcdm2svx1LIYbDjfH4TtU2KZiYdROc8aFIn6vejBCyB8LONbGdTQTEOJpefAlwgMM3jdRPIe3b7M_ARrHQbHED_BLD9rtQ4r7yvnqFwoDIxQE5Bw9eG3dtmqX04nw3uaLeets6V82PJ2u33paXVAL-VV5o1C_hVX_5KVW-5bIreDRd5yMoITKwBdErmEIu3ppwiQmcGmcBOl830TWJpUQkgGxpNxbQghWEzc5KTRK1UhmQRBttnTdD_xmCa7DgmdWpASLUy8RWwg3n4JA-WGTnR3Z_fVBy4DA8izL2DBLAlpqPad9tpidDn87V-NzyPnDkXeUoLElHaPctL2NS9-203mkXYdXEdgYSF5d7nZZn2GTytpwH4wIV6_Og9Q_nY7D3wgCFwsEtc64D9aUZNcUoo5nvlOiUPlC5kYH1iQUpQLueri8urcAsH_P1y8q58aDuN6-QamJ9PKfZVjRoTjvroSyFJbubciKN_3fY7nq8h0_UKVCyhcS50fbyzxXze13oltOJec1RKfJw_BROxCdfVH-rYTXZvScWOnuTxRnu1FIZXvTkmqD-iiLKAoK0pV1Ius_xpO7ehSzHmrq7CdfCvjZC7yNWnIhT-jdqlMkxJxl7K6sYtWt8wPgaOTRb4rue0Sh9DnvxhW6tMa4jPZz7zv5t2G7C2Ru_JDZxxBDGGtjjFr0bjnXjRrC51Wz-HgfiYtxFE6sdusBEot_lfdRr73L18xJ7T84EOmN2-KzjRuV4rPIAcx89fRs35JmURelv4-pEGRPtgNUquwQIM0n2PYh51BHR0VLRu7hH0F0_KCMXuIuAt79m5sT34cTMm5AcqzEAiOg50E6B-uM5dDGf3pJz4iXUk0CR2CXrKS5uxWc15Pk2sJ_V5KTfMEujXmupqTLqzrDrfBlTd1XqGO7PrVt1QTTer4lC-HRMC5VQk5yIau60WbitnY-ax0M8r8fVIGBn1TeYHkMrBuowIuWXY0ruAtylowaxdvIJj7TnNNsmfFTRIVyc26iBo3vJKl8IwgiQmT2YaT6zc0mMPxoBPWlg9L6g6HdrMmey0m1rLxy3jfe3rQkpFr4PyqJ6zDF4pzszx0K8fPZ8FLkRfF9NuwBLqQsKvnVN7f7yua4DJ2bKL_8D5cnyEx0I"}
formSubmissionId = BR7M71CSF-1759183923401
fullURL = https://www-dev.broadridge.com/campaign/all-in-the-family-active-etf
formSubmissionId = BR7M71CSF-1759183923401
fullURL = https://www-dev.broadridge.com/campaign/all-in-the-family-active-etf
emailTimeStamp = automated_TESTTEST_2025-09-29_22_12_09@broadridge.com
form message = 
formpayload for validation = {"formSubmissionId":"BR67C4M96-1759183936855","elqFormName":"","elqSiteID":"","datalayerheader":"","contact":"","formgtm":"","elqCustomerGUID":"","elqCookieWrite":"","segment":"","name_first":"First_TESTTEST","name_last":"Last_TESTTEST","email_work":"automated_TESTTEST_2025-09-29_22_12_09@broadridge.com","Company":"Company_TESTTEST","toggle-additional-fields":"","phone_business":"999-999-9999","job_title":"Job_TESTTEST","country":"United States","comment":"This is an automated test submission.  Please ignore.","id":"","so":"","di":"","ct":"","ep":"","ot":"","mt":"","yr":"","rg":"","on":"","sub-source":"","campaignMostRecentID":"","content-id":"","orig-channel":"","campaign-name":"","campaignMostRecentName":"","campaignMostRecentSource":"","campaignMostRecentMedium":"","campaignMostRecentContent":"","campaignMostRecentTerm":"","campaignMostRecentContentID":"","campaignMostRecentSubSource":"","Persistent_utm_medium":"","Persistent_utm_source":"","Persistent_utm_term":"","Persistent_utm_campaign":"","Persistent_Sub_Source":"","Persistent_Content_ID":"","Persistent_Campaign_ID":"","Persistent_utm_content":"","Session_utm_medium":"","Session_utm_source":"","Session_utm_term":"","Session_utm_campaign":"","Session_Sub_Source":"","Session_Content_ID":"","Session_Campaign_ID":"701RN00000RbnVLYAZ","Session_utm_content":"","inquiry":"Content Download","fullURL":"https://www-dev.broadridge.com/campaign/all-in-the-family-active-etf","page_id":"","page_campaign_id":"","ecid":"","elqCampaignId":"","Formmodel":"gated","Pagetype":""}
formSubmissionId = BR67C4M96-1759183936855
fullURL = https://www-dev.broadridge.com/campaign/all-in-the-family-active-etf
formSubmissionId = BR67C4M96-1759183936855
fullURL = https://www-dev.broadridge.com/campaign/all-in-the-family-active-etf
]]></system-out>
  </testcase>
  <testcase name="FormTester[https://broadridgedigital:broadridge1@www-dev.broadridge.com/who-we-serve/asset-management, https://www-dev.broadridge.com/who-we-serve/asset-management](6)" classname="com.broadridge.Tests" time="46.598">
    <system-out><![CDATA[page URL = https://broadridgedigital:broadridge1@www-dev.broadridge.com/who-we-serve/asset-management
current URL = https://broadridgedigital:broadridge1@www-dev.broadridge.com/who-we-serve/asset-management
header ContactUs button found = true
v1 ContactUs form not found
v2 ContactUs form found = true
v2 download form not found
emailTimeStamp = automated_TESTTEST_2025-09-29_22_12_47@broadridge.com
................Header Contact Us Form Filled...................
form message = Something went wrong with our form submission. Please try again.
formpayload for validation = {"formSubmissionId":"BRYH8TJ4G-1759183972134","elqFormName":"","elqSiteID":"","datalayerheader":"","contact":"","formgtm":"","elqCustomerGUID":"","elqCookieWrite":"","segment":"","name_first":"First_TESTTEST","name_last":"Last_TESTTEST","email_work":"automated_TESTTEST_2025-09-29_22_12_47@broadridge.com","phone_business":"999-999-9999","job_title":"Job_TESTTEST","Company":"Company_TESTTEST","country":"United States","comment":"This is an automated test submission.  Please ignore.","id":"","so":"","di":"","ct":"","ep":"","ot":"","mt":"","yr":"","rg":"","on":"","sub-source":"","campaignMostRecentID":"","content-id":"","orig-channel":"","campaign-name":"","campaignMostRecentName":"","campaignMostRecentSource":"","campaignMostRecentMedium":"","campaignMostRecentContent":"","campaignMostRecentTerm":"","campaignMostRecentContentID":"","campaignMostRecentSubSource":"","Persistent_utm_medium":"","Persistent_utm_source":"","Persistent_utm_term":"","Persistent_utm_campaign":"","Persistent_Sub_Source":"","Persistent_Content_ID":"","Persistent_Campaign_ID":"","Persistent_utm_content":"","Session_utm_medium":"","Session_utm_source":"","Session_utm_term":"","Session_utm_campaign":"","Session_Sub_Source":"","Session_Content_ID":"","Session_Campaign_ID":"701RN00000RbnVLYAZ","Session_utm_content":"","inquiry":"Gen Enq","fullURL":"https://www-dev.broadridge.com/who-we-serve/asset-management","page_id":"","page_campaign_id":"","ecid":"","elqCampaignId":"","Formmodel":"flyout","Pagetype":"","g-recaptcha-response":"0cAFcWeA6vLkn83vFS04d2Bvgpuh584EP7SeyXV1BuPag6CG9vdbxYgPSidvjX7mXhU-dr4IuYUOTOTFb0JGneGDs15idG1vJYUXlS1QYHWBW_1yLtpb24czR5eXP4-MhqG_7VEMPhbd0r56Qq6TKfBrZYJMDSA0dHBDPsasPE9Y0jR3WMXLHaxN1RVhmqsp7QKWOMTu5XSL1gz1oxZhfzr_S2tKYgoZIrq_cZL6t9hU2XSi6oJv8ijdipM0Cv6pDf-217mRQLuSJATdEYB_bfBCqDq0TIvkH-SuEVSH-nf8Cx0PwD8h-ui8sigJD2QLosvQjUTWbF21sOtF0yiWG3HCH_c8UYbcDSeSq4WoAF6UOhjCYzmeXQc3OBcdv2HXtCN4ZHIsEWuunK7iwEjgDe6Ibb-IkGzzyt-NIb1Cvc8xYQKWWvCzvvSsTHAir3_7CJmKG02Kr0pqVanVvVzuYBRMvZ361M9WXbfL4SMhd7FK2oWDLayN3KDLXxlUEafoPvaDQy5Jnd1YtgOY9d6aKetA9M4PPNzF-euJQoPkHPWuuTwzwNrm8hx3h5e6hpUZSByu7SWUxCmBsg52tiQ6LRuYCDmGauAlPMsWmqW5VZ-AV-BbVQtnWahFOc2VIoU98_08T9dtSoxSL1net7YMeEn6GcojEesvjXUJknXvYTAno-c8UOKFZGxRcg-PBjE7HY2gcRT9eSVXuwcRQvGQz-4YDJBevM3-4p_LnX_qej9f83zF3IZhu-hJkEDzZ0-yIR4bGDKR5bhaXqOiKDvpPoSDDLEvXr4cnhiNc17yCvgmZIMzctCJEbB56msfFVqf1oWgscUVq9XZOUeFRBXoKsPQOYVecFumjbNVfxAnbSXeZYYWPj6Qy_vzlIuavNBtRRdVzJYZyv77KxSjJsbbfnhf-mw3FFlDngOPq7gcq_VUOPwOc63W3WDWG5Zpd4PAZi9qg0jdPW7Xm8zYeaF9zEQsqKm4RPXrEn1xuUU3zQ59y6hGOBCiXq5XpFrgLgI2xQfTHhoBxTrBhWy61UoxYpPJbhCsDRT5jshbpc8swb2VFGoZxGYf3V7uP4UGvIu6by3CuKo6YvemXNC2bPL1nXqgvcL8j0wJr3xdBiUE4UgY7NAsauqKYrCL9rTaySaA3sHDKKvQBJfY_bk0O_JKnu2W94O5rvITnKuxSeMtfKEkow4egJ3556zxRAf7-EVMVuNg8nO_dkl3aoDISnaMgag7olJnE-xgmL3S96PuTOR1M9ItxP5NKgLG-0jvWO_63N8gUQshQ24ZZ4wi0qCmm3P2CzBUI14Zu_ZrFV3JZ_tQIFLmtIppXdsFeb9wliSoaHWX-LCSi0-b4zb_S8J8Ysp--KQBKax4XLWUMcbukqXO5QsKf4Zowiy-sxlDVdV9RZKgg7mIrtuvJrNbqwPUszVFDjkjJhed9VFHhCUTei6EikuiQQES9_51zl1K4gLKttxXzj6KtEJPMB8zFTUSCa12c_PwzSBUtXwviC-rYgIXOkOysU2pIbeUPvBJhYOKHVW6wCt57boM7vWemNdq9GGfUAaW1-3gL-VP_OJMa5hIcJ1b55a-LxEALwgJY3xt5-sfkFBJUHeYvO"}
formSubmissionId = BRYH8TJ4G-1759183972134
fullURL = https://www-dev.broadridge.com/who-we-serve/asset-management
formSubmissionId = BRYH8TJ4G-1759183972134
fullURL = https://www-dev.broadridge.com/who-we-serve/asset-management
emailTimeStamp = automated_TESTTEST_2025-09-29_22_12_58@broadridge.com
................V2 Contact Us Form Filled...................
form message = 
formpayload for validation = {"formSubmissionId":"BRE2GSW7N-1759183983646","elqFormName":"","elqSiteID":"","datalayerheader":"","contact":"","formgtm":"","elqCustomerGUID":"","elqCookieWrite":"","segment":"","name_first":"First_TESTTEST","name_last":"Last_TESTTEST","email_work":"automated_TESTTEST_2025-09-29_22_12_58@broadridge.com","phone_business":"999-999-9999","job_title":"Job_TESTTEST","Company":"Company_TESTTEST","country":"United States","comment":"This is an automated test submission.  Please ignore.","id":"","so":"","di":"","ct":"","ep":"","ot":"","mt":"","yr":"","rg":"","on":"","sub-source":"","campaignMostRecentID":"","content-id":"","orig-channel":"","campaign-name":"","campaignMostRecentName":"","campaignMostRecentSource":"","campaignMostRecentMedium":"","campaignMostRecentContent":"","campaignMostRecentTerm":"","campaignMostRecentContentID":"","campaignMostRecentSubSource":"","Persistent_utm_medium":"","Persistent_utm_source":"","Persistent_utm_term":"","Persistent_utm_campaign":"","Persistent_Sub_Source":"","Persistent_Content_ID":"","Persistent_Campaign_ID":"","Persistent_utm_content":"","Session_utm_medium":"","Session_utm_source":"","Session_utm_term":"","Session_utm_campaign":"","Session_Sub_Source":"","Session_Content_ID":"","Session_Campaign_ID":"701RN00000RbnVLYAZ","Session_utm_content":"","inquiry":"Gen Enq","fullURL":"https://www-dev.broadridge.com/who-we-serve/asset-management","page_id":"","page_campaign_id":"","ecid":"","elqCampaignId":"","Formmodel":"ungated","Pagetype":"","g-recaptcha-response":"0cAFcWeA5j1EVJhwZU5eIxldkLNvon_CuTj7VibPSf4zZAgU-KdHMTqEH_J-mQI2-g0vLOrgXk_rWTXcwrQparuPbBpomK417Ejiz8V1ixlrhhgw-3hRvTJLMV92AqoZqHYAX_Wl4-QD8ZkiX_6fRP7VXNxvywq8kg06n5bzMD1j-aGXRaWWQoVOxjUBhLs4II983CNHP0O1BzkM8vBawecUT0f-MCTmRwgjN2DkdGmr8TH4qRWkFEkf4WAwqPLpucObIl63d6p8KlK0MlRxtiZLm6gNicvPWL77H5wrO8qaJzWiZXjNrd3uqGhxx-feuDF8_1zPQwTlJK5pECCcxxA9XRRmXHYuZWqRCcU51a5Tv2CgWaKD7VHL79hTtWTfMTvH7rJDN39NIvUkts1zNIYMuJfnGYwxv6HUPxl9-7xZQzIUdmdwoReBUCh3nrgrbeNxTI9SoqigsF8Qx_kaIfSjaVXAqnMOmjppiW1hV51FkyQ2m3W1C_NDE4uN8C-xywLL3Oz44zivbK9GvXdR1HjSrJ0xOimTYGyG5xavzVrpgiKcIO6Ti4flM9A32V4DBklCZkDwnesq5Ncdg9JqADDdtErdHmeLPoFtmhywZVll6bfKfU1abq-HDvqjPU6vgu6ry0XFdxhwzAVv24PEooXSWitpFhx6Y6vTqw3eBqGFpmpD9K7s_6iYhrtcyl8Lt33QLYiKEdUbobeiccPsn5o9AXefDD1GeZ5-F0w3E7zkYDp_l5CG7KZxFh5hXx3yKbSXwy2ZUJsaEPZ_0ACtPo98wMVVQQdp3FRsVr9vensa9zwBlRV9R9xhzbEjpWhcayjuHdDW3Tol9bAMK2sV6Q_gkjemXZvcSOj9cHZnjBNBE5U7rOsHmXr2oE6E9Wt6Nd18AeW1vEGHW3cJR7r6di1ItrVLFayQ2W8G6VCtSWQ43Pe0KJQSNmp3gYGocSg8eoh9wazXbEBfPz6LVWUzmCFjF0-LnuKu57v1hdK7x_5Ekiawbq_outdBBk5CdwDjbGVsOgKYz-PcmpvD13zv4uDWQiZIpQ6h0GoKgljuuisTWHJr-TITpU91xNyWrRbVtbQ9SaGKTrqQ5S4ZGcNz_cijhcl3RHXHPOmAW5PkqwBEekWhaWFhSF0JsAMB52Oqbp6hr67h-G4gNFToe1jVEQKiykdWX-vl1YJvMTEtk65oTAoICN7-eGIbxQfoJGbCDxQlXL7eRmhJx8zy_LQLn-hIlJFV4QF9hjRzbPo7jwurvU2lmUeFdkcAEN7Up1ql-QNWioAj8NFDJ-LS-MpryIpyCjERp09OhwBgE7wP8VqtwdAR5_N_ukxdWoCK5zkcrinlrID8lc4PFkyy-P-tEY8GB-VrQmND3Id1VyaCc1EPitHiaWolo4kqxmCycQmIf_nP5kHaA0kN6BkQOL5VtDi2MKq1r7Og0rYjKI5JJFRgfoFEEuT4WAWqBNitJq2HWt_aKT5ll8mcJYe-kVBJ2085Tx3q3ebhZgQ63bTkb6H8mJHJMY2onufJp2GHdT0P7J1ACxv5rN_ss6jbv5LDKM24npDVTRZVkmMifgdLaVL2iGAYX-oIqmDF2EnEWCmO7YrcNDsYN-nhdK"}
formSubmissionId = BRE2GSW7N-1759183983646
fullURL = https://www-dev.broadridge.com/who-we-serve/asset-management
formSubmissionId = BRE2GSW7N-1759183983646
fullURL = https://www-dev.broadridge.com/who-we-serve/asset-management
]]></system-out>
  </testcase>
  <testcase name="FormTester[https://broadridgedigital:broadridge1@www-dev.broadridge.com/who-we-serve/wealth-management, https://www-dev.broadridge.com/who-we-serve/wealth-management](7)" classname="com.broadridge.Tests" time="46.714">
    <system-out><![CDATA[page URL = https://broadridgedigital:broadridge1@www-dev.broadridge.com/who-we-serve/wealth-management
current URL = https://broadridgedigital:broadridge1@www-dev.broadridge.com/who-we-serve/wealth-management
header ContactUs button found = true
v1 ContactUs form not found
v2 ContactUs form found = true
v2 download form not found
emailTimeStamp = automated_TESTTEST_2025-09-29_22_13_33@broadridge.com
................Header Contact Us Form Filled...................
form message = Something went wrong with our form submission. Please try again.
formpayload for validation = {"formSubmissionId":"BRIZHZHV8-1759184018697","elqFormName":"","elqSiteID":"","datalayerheader":"","contact":"","formgtm":"","elqCustomerGUID":"","elqCookieWrite":"","segment":"","name_first":"First_TESTTEST","name_last":"Last_TESTTEST","email_work":"automated_TESTTEST_2025-09-29_22_13_33@broadridge.com","phone_business":"999-999-9999","job_title":"Job_TESTTEST","Company":"Company_TESTTEST","country":"United States","comment":"This is an automated test submission.  Please ignore.","id":"","so":"","di":"","ct":"","ep":"","ot":"","mt":"","yr":"","rg":"","on":"","sub-source":"","campaignMostRecentID":"","content-id":"","orig-channel":"","campaign-name":"","campaignMostRecentName":"","campaignMostRecentSource":"","campaignMostRecentMedium":"","campaignMostRecentContent":"","campaignMostRecentTerm":"","campaignMostRecentContentID":"","campaignMostRecentSubSource":"","Persistent_utm_medium":"","Persistent_utm_source":"","Persistent_utm_term":"","Persistent_utm_campaign":"","Persistent_Sub_Source":"","Persistent_Content_ID":"","Persistent_Campaign_ID":"","Persistent_utm_content":"","Session_utm_medium":"","Session_utm_source":"","Session_utm_term":"","Session_utm_campaign":"","Session_Sub_Source":"","Session_Content_ID":"","Session_Campaign_ID":"701RN00000RbnVLYAZ","Session_utm_content":"","inquiry":"Gen Enq","fullURL":"https://www-dev.broadridge.com/who-we-serve/wealth-management","page_id":"","page_campaign_id":"","ecid":"","elqCampaignId":"","Formmodel":"flyout","Pagetype":"","g-recaptcha-response":"0cAFcWeA5IwiIvG8cKn9eUFBgjH-JYAKHeJaZEwFoVzBFisIwj2RnS3v0gNBw4hFzWpd7geJwTKmXore7kfnKU-iDrngBQM1P4etprJrhfIr30reHlJictN3fCNv-momaxKW4HXxBkPOq8usYhUWxi_4Mmrb0UPY54JmGRlymiF01czp4dP2cXrf-svJVmfWdivR9igNQ86cmgG0sSeVjHPbGoWjyu15SOQdqvp_xrjkdv_MGVRmv68uIM_gRJWGOyoPBFR0opu0J5M1m6TRFaNjOfnzhZHxoC3qWfbauaucUd-eF7d26889NbATae5jWtzlkdkMnpCLm9C_SZLZBoecp36BaweXy9u2Dsf4LMYyIoUmFsjvTGQAp7y-MFRNb-uqBMRPGwhjtCoGKSuvfy_KY0C9lSzJ8FCC1iizhUwnGdPu0RllAA3cblVvTOAxexdpODak1LAdSY8XvBodhSeFk_PHZBaeYj0wMeCNAqP4uRgCZ8ra_WqsOOwPwVf045QCSxlUbxFfKcxCUMuAaKtv5fzF80viRYudgaepfNpBjQozAYQ7IB--b3fFmKM6LaSIvr7r8PRqaFPwdwyYUzb20B4McHR319GFq--bgdZNvyYVaAaVNysB_zccsjBzHl_m3FdDESHCKQyXx8N8MvIgjwFTgaYTeS-GImKWXnhYXhL7GiJqBwcoIgXVEStukkK8xRE23rCUuKtD_CMWPZ4grtB84l0CsNd0iZTVPRZ537it4ufppBt1GqKpvsajPlJZJHbWA7wXfniaf1_wbofWhS8Y3c1jS0dpdvMgWih2OfX0nalD3EGbcoy-Cs3J4jVD1LlWorEiCgl3zC81pVxfjiiS3x8TljxnkAhOb-e9znJOzF4xNsVTe6ODQss_KSCFixUwD5fPwpct0olxYSJxjwQZ5lgMcI-vxQVYh1rs4CL2-m0xjm-vEbaYyKrbIQu1YXizYzL0KKfqSUD1rTmc97T9g2usycy2PB3VaR2cRR-Ej7EqIo9pDCR3AYAozGIYOs2Li8LYWQMQh7Eqh7qsAVbeX6_8dBtZHzBftAfCxfIUW1X68mAv4CdwunaDtzpt5PI4aYIhpsRv5mxlgdKot5dBUdw20l_PkOeNUVQvYJa4GG7eMJbWW1NXJoZnDHuXNgXPYmrFcFkcMn3pkmMGZXxeidyiEgvKSI9S8a2I65Libio--GLjXIiRBNOPpJd93x_ab2u4eVTSvwgWvOywO6sZFHMZdfhiPYp_irHYBSeoH23org9gg9qHK94g4vaC0sKpWKiVQKfz4BNjSfdvHgTUtO-KZIfkeIBu5jJB9H5mWJ81BP_t0jEHNzgR7jACqYSD1cqyvr4uTkMiwqTF0il-mxR4KP4HOUpFiE3a93iG2Hq4RJ-Ft6-Cozo-X2DlbXTqHpwSLll7XBF4R2P52FgCsyONAAdRd94CyP7OjljTsOVN3c3iHL8_wvsSJSPpv96CF_ZaULlaIxRsKmspceVrJVi98qKXxAJnE8F-s29UPNlDkQ8ZqCMriOd6oZm7WfYeGdULpCxORfhUTu7eS6bRWOzGEf1elZmBlq34SLM5gafRZhKCXZTtumIcmb_ZZ3d296aAmX"}
formSubmissionId = BRIZHZHV8-1759184018697
fullURL = https://www-dev.broadridge.com/who-we-serve/wealth-management
formSubmissionId = BRIZHZHV8-1759184018697
fullURL = https://www-dev.broadridge.com/who-we-serve/wealth-management
emailTimeStamp = automated_TESTTEST_2025-09-29_22_13_45@broadridge.com
................V2 Contact Us Form Filled...................
form message = 
formpayload for validation = {"formSubmissionId":"BRPPY3P88-1759184030360","elqFormName":"","elqSiteID":"","datalayerheader":"","contact":"","formgtm":"","elqCustomerGUID":"","elqCookieWrite":"","segment":"","name_first":"First_TESTTEST","name_last":"Last_TESTTEST","email_work":"automated_TESTTEST_2025-09-29_22_13_45@broadridge.com","phone_business":"999-999-9999","job_title":"Job_TESTTEST","Company":"Company_TESTTEST","country":"United States","comment":"This is an automated test submission.  Please ignore.","id":"","so":"","di":"","ct":"","ep":"","ot":"","mt":"","yr":"","rg":"","on":"","sub-source":"","campaignMostRecentID":"","content-id":"","orig-channel":"","campaign-name":"","campaignMostRecentName":"","campaignMostRecentSource":"","campaignMostRecentMedium":"","campaignMostRecentContent":"","campaignMostRecentTerm":"","campaignMostRecentContentID":"","campaignMostRecentSubSource":"","Persistent_utm_medium":"","Persistent_utm_source":"","Persistent_utm_term":"","Persistent_utm_campaign":"","Persistent_Sub_Source":"","Persistent_Content_ID":"","Persistent_Campaign_ID":"","Persistent_utm_content":"","Session_utm_medium":"","Session_utm_source":"","Session_utm_term":"","Session_utm_campaign":"","Session_Sub_Source":"","Session_Content_ID":"","Session_Campaign_ID":"701RN00000RbnVLYAZ","Session_utm_content":"","inquiry":"Gen Enq","fullURL":"https://www-dev.broadridge.com/who-we-serve/wealth-management","page_id":"","page_campaign_id":"","ecid":"","elqCampaignId":"","Formmodel":"ungated","Pagetype":"","g-recaptcha-response":"0cAFcWeA5o-raYAuAgrobkmQt7FucuKMW4k_Rh7DDAO8bKBcSnfeWB4gVzmWEJy1zy5A25NH7YNHdXJjrlX1E3OxNA0Wze8QCBSrr9okZ6SAWTOijs03xB5RA-Z3qTbiyd0xxqAHwr6mRyU6Se87bkBf4zvhsZkzDD_YyypA-JWbUk__s_3A8GEyqbezcXAr1fGe34spmCgJ8hsCjmCMdNWfWcfF9D4LIXwkFkkjfL8oOaiksacNoT9hqUNcBBpLyvT44BcZikfZxrKJxMIpcQt1rZs6wjz-vr_bFtYx4SPHM7aRB2tlCQaM0bJXMdK0KQq_qPHXp-wTuONvyWkqjvrLMTkbomaYelJYdNuWvpYjKYtMxtFnlAjDoPaoqCf8dj_yTHMWSSEQhuvLE3t3DnfFjkVhlnwr_Uo2hR53ygifxN2l0eai0mibBQiCDa99LPJ2J4Q_1EqattRVR94X81nNUipVJ-_Hk-_SUpsYz4Vh-PZb1B59Vg2xP6MQFjBySZPzlLlywUrJq3xzF2x6V3b9FxoXw2bntX9dhV51CyDTmUQVuVFCOMVtbgQ3SrR4FqRmUGUGGU_k3z2AShYEkC-1qk3bpoYEGaXPKukRKDUMrR-SUlS3LjeGaTnJolVCcXghDnh5Ed_YeWYkTiOIO8RWJ6JSWHtCx9JEtTz_yKT5CA6eLuZkvKgPOjhhHSxbvBMhadDmFffcdsq91WvbG7zml62oYyMcyhttj9GCPhvAXLRo_5dcbk2RG2z85NwY6AF5T0mIHpep3cBdF5-UoOa1RZyM7YOBbXmOtrAhq1sLA9iBYx7xCE76OSxGe6l6pCIO4MQKLcM9tdSDZAh_AOYqOH4iwCgNvnGsg9MfrVVrMoGiJAGMvAidJlE1OEMdYIuwX99R2GWmaogljiBIRhTVrqsbM_Ih-nlNXnmXTBc-8p28P_J96ripMkbV-feswQdtWz5Y5D06qVn3UQZEB6aTJNzc4PeyncSMi_74FWRdCAswUF3U8WNvR-WE2vwokqiPdzTZWAvDVpXk3dWDtD3rb7mP0hihWoOf5Djfnr2DiqkhlBxGhZ3Vxf9i5JcQ350GHcghzIz0evlp2ZO5OEHo8LxGjxJ6OXyLxayamIEwhINUbCBaBJui5pBN5q-MlUQYI97p-iQXcf6wa3IuFC0DpqXyk0DdyjOqKiRBPzEpALB-sqrViWbCXpcUdtYOXRDY7mv4Xt5AdlH0y9clQPFkOigZEYJf1j8kfH0zXlN1JFLeRLmd4xOT6vu7tZ-F-NHo7ZWSMdPLTVzh1M8ifJVMe6rokY-1fBCzAzGksLu7yc3rDPA_ILn9jwIa0kmPfv5rBRG3d84qkdERf6IO4Ok0oe9aolc59IkhZeQSxiK8-gG_1teno3idWRCbCqV8o3SMgWYxonJycb8rCvOCN7YmgLMTR48bN8CQW5t9rUKrXz99Ra0VzzL7PQ66DZMduAJWeuAsvTsTO4C9DueR0uDOM-FjReJZY6820WCjASkaQrVaQIzlYPpDSlHyQ7FrmgesqCCwHKOQSqE7MfvEW3cSKhNi8-pEK2AWnTL0aHN_cu-qkrKRa9TxA"}
formSubmissionId = BRPPY3P88-1759184030360
fullURL = https://www-dev.broadridge.com/who-we-serve/wealth-management
formSubmissionId = BRPPY3P88-1759184030360
fullURL = https://www-dev.broadridge.com/who-we-serve/wealth-management
]]></system-out>
  </testcase>
  <testcase name="FormTester[https://broadridgedigital:broadridge1@www-dev.broadridge.com/who-we-serve/consumer-industries, https://www-dev.broadridge.com/who-we-serve/consumer-industries](8)" classname="com.broadridge.Tests" time="46.381">
    <system-out><![CDATA[page URL = https://broadridgedigital:broadridge1@www-dev.broadridge.com/who-we-serve/consumer-industries
current URL = https://broadridgedigital:broadridge1@www-dev.broadridge.com/who-we-serve/consumer-industries
header ContactUs button found = true
v1 ContactUs form not found
v2 ContactUs form found = true
v2 download form not found
emailTimeStamp = automated_TESTTEST_2025-09-29_22_14_20@broadridge.com
................Header Contact Us Form Filled...................
form message = Something went wrong with our form submission. Please try again.
formpayload for validation = {"formSubmissionId":"BR7FDKOAM-1759184065302","elqFormName":"","elqSiteID":"","datalayerheader":"","contact":"","formgtm":"","elqCustomerGUID":"","elqCookieWrite":"","segment":"","name_first":"First_TESTTEST","name_last":"Last_TESTTEST","email_work":"automated_TESTTEST_2025-09-29_22_14_20@broadridge.com","phone_business":"999-999-9999","job_title":"Job_TESTTEST","Company":"Company_TESTTEST","country":"United States","comment":"This is an automated test submission.  Please ignore.","id":"","so":"","di":"","ct":"","ep":"","ot":"","mt":"","yr":"","rg":"","on":"","sub-source":"","campaignMostRecentID":"","content-id":"","orig-channel":"","campaign-name":"","campaignMostRecentName":"","campaignMostRecentSource":"","campaignMostRecentMedium":"","campaignMostRecentContent":"","campaignMostRecentTerm":"","campaignMostRecentContentID":"","campaignMostRecentSubSource":"","Persistent_utm_medium":"","Persistent_utm_source":"","Persistent_utm_term":"","Persistent_utm_campaign":"","Persistent_Sub_Source":"","Persistent_Content_ID":"","Persistent_Campaign_ID":"","Persistent_utm_content":"","Session_utm_medium":"","Session_utm_source":"","Session_utm_term":"","Session_utm_campaign":"","Session_Sub_Source":"","Session_Content_ID":"","Session_Campaign_ID":"701RN00000RbnVLYAZ","Session_utm_content":"","inquiry":"Gen Enq","fullURL":"https://www-dev.broadridge.com/who-we-serve/consumer-industries","page_id":"","page_campaign_id":"","ecid":"","elqCampaignId":"","Formmodel":"flyout","Pagetype":"","g-recaptcha-response":"0cAFcWeA6QCWGr0GEfkRhFzcwHfpXAMkPaGM0wDIA665D9kt4NGTmAfVjgjB0G1hvbEHqYQSBgBCp_yX1hpD9d9WZQ_SCoA-6atVm_yRYt3Zo9hbvYCQtIon_gpGDf51vg4IHJPRVi4XVLPmzeFWglIFhRFzsr2snMrVjP-jZS7OpvSV8C2rnf1STlMowG9Jn7_1apkCFcMJvvWXRgTs9qHaWGdYaPiMvWLhB1ND9GMf1HoMiwVMqwIAaoov2bN3qJJ4Z51qT3NG3xvDC3PhVE0gDPULC5-YApmZXRCx0cWO-iNiQA1ZxJlEf87PC8G78j7Wq__Ux-eNWIOn8OvzsAgzzbyMBtv2EYOsR6VcuIiZn2b-2wR7iMImazvEbYxRiDhj_0Q5eaf9iBPqpkJlo30Yg4vVK-yuRmT8CVtOdscJQET-QeMs-iFugWhhGtaRMu3B04hqMdnF78qdl9oMnOn0dWVzOO7AvYEtC_wBGhitzRWGtkvj-3j4LJcZprI0uHvwGXKTXRPv8i3QQF6fmRE9fSlOdTsAxObSnhTHyOlooWsXHzwpOffWI9jbOgFzCLezC6eC4xydwz9nyblXLfKWHFY7PAW1dgNaj1TZzPe_O2pHiOO1-2OhWMHdZolGAR400F6grEO0pwAXZQm4cLjjG2udQNQumUNBnBWVD2IUBb0UAS6_FifgXod9fdiOK66jqZTxHYYZiQNMnPSwBl8MOngdQA4Rh84bKki5y4JPqqKhKYR2JMPpuO3O8LnbUrdSLGNmV8-v0ukIifHK-br5qNlNaioNQxc0gVeEGVdD2fjqH56tsq3u3--dsSGYL0SxPM4p2pW1okPvO1d_9h-3NXsK1zXKJBgrmVqAe7ZAUIRRSY-ylyr4iLvXTqfhZkmrVWQYYtLs_hve1zKvgD9kZ7om9bogDtvhJP1m5ssjlCT9fYymJ6OvXlwOsA3PHqVkNEFIb0UWCRuk8bL_C-jZSUy4kvmZ9mqvbFduF9HIBjavz5zQ0qAY0AxZsSaJjlWjYPWuXcfZgu_lMeOxVp1ZAGJ4XI9PqVnpjaRAJwmhhMygUstklyHKiREDugQpDm8x5ycXgeJyXiSHgHLCns3lJZaWjzJ9Tu590FZVccogV06jlyQ863TFnSWCtHFxifJuUzTBIfU7zvSPKDHMf2uQn4tk0PNa_nKU93eyaS1UUHrU9Jr0UqCuqXNTO5lxOOmgFRWRgVRmkxFUnpxylF0Dvz7mdtKF1J_BiinTvagYAv20sgC0JJnMlTayiFuCPylC8tRBe0KM1Ro1FL_wVfhajTytkyxV2yXPkxlWEw4DMgzb2jsRtSQT_xidvss-fx-4ufMkhftmVodiYMYeTDs8FSZO8f-tTvWu854cq1ymwIML2b2bOAAm5rh3EWUXdgNAkJ0xytMH2XwI3cNSj_sRNsF_1Me_DE0oKrCo3DoHaiC9vk6YhjFh5NzFykPwYqc41wkMs5BlnhWiQ3G5d8nyXIXTmyTzcbsZgSR2cklEYYakAYwpwFX_r4ZNpqNX4-VADHLjmoVZ-zA6Vu9BJ45yWecAwhrt58QwO0SJpEcrEEIcis8X74o5nB0B-KuNtuxrOdrR8fEIf6"}
formSubmissionId = BR7FDKOAM-1759184065302
fullURL = https://www-dev.broadridge.com/who-we-serve/consumer-industries
formSubmissionId = BR7FDKOAM-1759184065302
fullURL = https://www-dev.broadridge.com/who-we-serve/consumer-industries
emailTimeStamp = automated_TESTTEST_2025-09-29_22_14_31@broadridge.com
................V2 Contact Us Form Filled...................
form message = 
formpayload for validation = {"formSubmissionId":"BRAZDX52X-1759184076743","elqFormName":"","elqSiteID":"","datalayerheader":"","contact":"","formgtm":"","elqCustomerGUID":"","elqCookieWrite":"","segment":"","name_first":"First_TESTTEST","name_last":"Last_TESTTEST","email_work":"automated_TESTTEST_2025-09-29_22_14_31@broadridge.com","phone_business":"999-999-9999","job_title":"Job_TESTTEST","Company":"Company_TESTTEST","country":"United States","comment":"This is an automated test submission.  Please ignore.","id":"","so":"","di":"","ct":"","ep":"","ot":"","mt":"","yr":"","rg":"","on":"","sub-source":"","campaignMostRecentID":"","content-id":"","orig-channel":"","campaign-name":"","campaignMostRecentName":"","campaignMostRecentSource":"","campaignMostRecentMedium":"","campaignMostRecentContent":"","campaignMostRecentTerm":"","campaignMostRecentContentID":"","campaignMostRecentSubSource":"","Persistent_utm_medium":"","Persistent_utm_source":"","Persistent_utm_term":"","Persistent_utm_campaign":"","Persistent_Sub_Source":"","Persistent_Content_ID":"","Persistent_Campaign_ID":"","Persistent_utm_content":"","Session_utm_medium":"","Session_utm_source":"","Session_utm_term":"","Session_utm_campaign":"","Session_Sub_Source":"","Session_Content_ID":"","Session_Campaign_ID":"701RN00000RbnVLYAZ","Session_utm_content":"","inquiry":"Gen Enq","fullURL":"https://www-dev.broadridge.com/who-we-serve/consumer-industries","page_id":"","page_campaign_id":"","ecid":"","elqCampaignId":"","Formmodel":"ungated","Pagetype":"","g-recaptcha-response":"0cAFcWeA6PZS04Wp1P33h8T_CfoNa4nJv_lmOZEg3NBVAprMF2G30VCDDBdgodYrSaaeDRb-g1ysLoF6RGDiRWr-l0oOGYqPU0g5kTjqaTqOQtYNIXYBNgJ9HrJrlv4nRFurOtr4DN-O8NT1rcA5w5J59m7tMZFzailXJKG2VgC9T5QWMeaCPTZZSh5VsGVIj3KVp5F8VEDXMag4a-OLnuT_cNJWrjxO4JNgDVENYNFk8wmAtx-POisTfZdfUrYpjynYmBZ8bklEmiKLDV2pGimeq7Td6EsE0sAL-n-MzIMp8_2Va6-k6StcC0uRJ3G5MummVDQq3BTE0XTnsX5y3f8WfybzxLYXJZu9gopoq2lAfASGD3dWtf-GCXpH6NxvXEIjV_pUVUxauR5OEHo6R_sfZgYVHseK-431U9sbmnY7hi09iabiMIsqRjxdSIajBlyVWJG0aGY-agsT70E-4ziK5K5JWoMtue6ZxE33s5eMpyORg8wlf9bRPfoioGHLiqkbgJx-L2sB4XEX3FWJAHoZhZStzto1Coc7WmjT36IP7Lw6AxKNfQVMe9Ng3Imp576ciph7En_JSe4xPG5Fnc0msPLn50KDcwRy34Rn_LAXOfA1FbuwccqcTvUSuw5LwH1UdtyqmcYFAUrbZ2o8QOg5YTUFae8HvS_KK8S1I9Ekg6BGr724b8Qfurlpk6ZLqTb1AdzzgLQCYQrZbx-dnqORIslgprUUFmYGu2wj1YrqqGkoTOvIEyuXaFSTjEd7DTVxTHDc7PyXcS1v8xqLfSZm8sKZZau8shd1bwPog-iLHmXVOXHNQFDZnRQe8oAmVi2NCPi1RIBB8xzkHQ5lqe6NqXcLi_SLeySnaz-aJa8lM5F1ABkKW00dIBbY9xga-wcUiXjKLGChB0CQxEB2zYWJDaBZ6SZI_pyl_S4wt8c-YG6Z1OsQThCSgfGbanYWEZtw9s0ogWsCp4fv4Ux7MQpKVd-Q1Tm4Bh9D_C0uUNri9uzPKqmBkK5GSTw3dTMO7wIUktszamxvgLA05382RiFjMKdfnuOalmChWH2uDohRWifzkKOOv3ekIEBvvu8IXh7Zf5jSKTmAJMnNnsIIKVcZX7vlTcovqWurDIoZzbB4gp48wgQr9_GXthEi6Qq6LWfPWJ9E3x6V6pys3pBkjm8EXk7ESShEW7_Xr98YQAtxULwnkzJnq0o3_xw-iOMmAFGabuV_Ok6lMhQN3blVd5qzbpf3u_4-0CuvX6dMcxaON2LQw09Kyqo8Qm7pzFOPyuP0uiuQOHZCTI_lg8SoSFpnRIAa9cOFfAB6o1oGhvaB1lOj9di9jZ7K43FQc2yg2NbIzRekFeNhpWL73o_FkR7FiSZjX_4_1xkpCIM_bnT8dWONaI3_wj-ndtrDo9S8lvsRcdaKhR6hoT2Q8t8OfiXZxceKsqQ_Kw21IqAKaY05HVUtdrikINmOUzTQMUvk_iA-9LilznVHhf_IMMuC968sjUBeJ9o47LKj5E94AQc5jumUqyF8k5lPoApvXRcYtJT8mO-o40YJZmqvwvwiSwp2RKp0QmuQC1MRY1imrH3gIhDelTp7E25pnbO2nESTzl238qLYFNs8oXplaHCugoqyMoyfyvf0WpeD9D__G8AAbhVVDoJN0-f2U"}
formSubmissionId = BRAZDX52X-1759184076743
fullURL = https://www-dev.broadridge.com/who-we-serve/consumer-industries
formSubmissionId = BRAZDX52X-1759184076743
fullURL = https://www-dev.broadridge.com/who-we-serve/consumer-industries
]]></system-out>
  </testcase>
  <testcase name="FormTester[https://broadridgedigital:broadridge1@www.broadridge.com/insight-pages/broadridge-insights, https://www.broadridge.com/insight-pages/broadridge-insights](9)" classname="com.broadridge.Tests" time="49.391">
    <system-out><![CDATA[page URL = https://broadridgedigital:broadridge1@www.broadridge.com/insight-pages/broadridge-insights
current URL = https://broadridgedigital:broadridge1@www.broadridge.com/insight-pages/broadridge-insights
header ContactUs button found = true
v1 ContactUs form not found
v2 ContactUs form found = true
v2 download form not found
emailTimeStamp = automated_TESTTEST_2025-09-29_22_15_07@broadridge.com
................Header Contact Us Form Filled...................
form message = Something went wrong with our form submission. Please try again.
formpayload for validation = {"formSubmissionId":"BRAZDX52X-1759184076743","elqFormName":"","elqSiteID":"","datalayerheader":"","contact":"","formgtm":"","elqCustomerGUID":"","elqCookieWrite":"","segment":"","name_first":"First_TESTTEST","name_last":"Last_TESTTEST","email_work":"automated_TESTTEST_2025-09-29_22_14_31@broadridge.com","phone_business":"999-999-9999","job_title":"Job_TESTTEST","Company":"Company_TESTTEST","country":"United States","comment":"This is an automated test submission.  Please ignore.","id":"","so":"","di":"","ct":"","ep":"","ot":"","mt":"","yr":"","rg":"","on":"","sub-source":"","campaignMostRecentID":"","content-id":"","orig-channel":"","campaign-name":"","campaignMostRecentName":"","campaignMostRecentSource":"","campaignMostRecentMedium":"","campaignMostRecentContent":"","campaignMostRecentTerm":"","campaignMostRecentContentID":"","campaignMostRecentSubSource":"","Persistent_utm_medium":"","Persistent_utm_source":"","Persistent_utm_term":"","Persistent_utm_campaign":"","Persistent_Sub_Source":"","Persistent_Content_ID":"","Persistent_Campaign_ID":"","Persistent_utm_content":"","Session_utm_medium":"","Session_utm_source":"","Session_utm_term":"","Session_utm_campaign":"","Session_Sub_Source":"","Session_Content_ID":"","Session_Campaign_ID":"701RN00000RbnVLYAZ","Session_utm_content":"","inquiry":"Gen Enq","fullURL":"https://www-dev.broadridge.com/who-we-serve/consumer-industries","page_id":"","page_campaign_id":"","ecid":"","elqCampaignId":"","Formmodel":"ungated","Pagetype":"","g-recaptcha-response":"0cAFcWeA6PZS04Wp1P33h8T_CfoNa4nJv_lmOZEg3NBVAprMF2G30VCDDBdgodYrSaaeDRb-g1ysLoF6RGDiRWr-l0oOGYqPU0g5kTjqaTqOQtYNIXYBNgJ9HrJrlv4nRFurOtr4DN-O8NT1rcA5w5J59m7tMZFzailXJKG2VgC9T5QWMeaCPTZZSh5VsGVIj3KVp5F8VEDXMag4a-OLnuT_cNJWrjxO4JNgDVENYNFk8wmAtx-POisTfZdfUrYpjynYmBZ8bklEmiKLDV2pGimeq7Td6EsE0sAL-n-MzIMp8_2Va6-k6StcC0uRJ3G5MummVDQq3BTE0XTnsX5y3f8WfybzxLYXJZu9gopoq2lAfASGD3dWtf-GCXpH6NxvXEIjV_pUVUxauR5OEHo6R_sfZgYVHseK-431U9sbmnY7hi09iabiMIsqRjxdSIajBlyVWJG0aGY-agsT70E-4ziK5K5JWoMtue6ZxE33s5eMpyORg8wlf9bRPfoioGHLiqkbgJx-L2sB4XEX3FWJAHoZhZStzto1Coc7WmjT36IP7Lw6AxKNfQVMe9Ng3Imp576ciph7En_JSe4xPG5Fnc0msPLn50KDcwRy34Rn_LAXOfA1FbuwccqcTvUSuw5LwH1UdtyqmcYFAUrbZ2o8QOg5YTUFae8HvS_KK8S1I9Ekg6BGr724b8Qfurlpk6ZLqTb1AdzzgLQCYQrZbx-dnqORIslgprUUFmYGu2wj1YrqqGkoTOvIEyuXaFSTjEd7DTVxTHDc7PyXcS1v8xqLfSZm8sKZZau8shd1bwPog-iLHmXVOXHNQFDZnRQe8oAmVi2NCPi1RIBB8xzkHQ5lqe6NqXcLi_SLeySnaz-aJa8lM5F1ABkKW00dIBbY9xga-wcUiXjKLGChB0CQxEB2zYWJDaBZ6SZI_pyl_S4wt8c-YG6Z1OsQThCSgfGbanYWEZtw9s0ogWsCp4fv4Ux7MQpKVd-Q1Tm4Bh9D_C0uUNri9uzPKqmBkK5GSTw3dTMO7wIUktszamxvgLA05382RiFjMKdfnuOalmChWH2uDohRWifzkKOOv3ekIEBvvu8IXh7Zf5jSKTmAJMnNnsIIKVcZX7vlTcovqWurDIoZzbB4gp48wgQr9_GXthEi6Qq6LWfPWJ9E3x6V6pys3pBkjm8EXk7ESShEW7_Xr98YQAtxULwnkzJnq0o3_xw-iOMmAFGabuV_Ok6lMhQN3blVd5qzbpf3u_4-0CuvX6dMcxaON2LQw09Kyqo8Qm7pzFOPyuP0uiuQOHZCTI_lg8SoSFpnRIAa9cOFfAB6o1oGhvaB1lOj9di9jZ7K43FQc2yg2NbIzRekFeNhpWL73o_FkR7FiSZjX_4_1xkpCIM_bnT8dWONaI3_wj-ndtrDo9S8lvsRcdaKhR6hoT2Q8t8OfiXZxceKsqQ_Kw21IqAKaY05HVUtdrikINmOUzTQMUvk_iA-9LilznVHhf_IMMuC968sjUBeJ9o47LKj5E94AQc5jumUqyF8k5lPoApvXRcYtJT8mO-o40YJZmqvwvwiSwp2RKp0QmuQC1MRY1imrH3gIhDelTp7E25pnbO2nESTzl238qLYFNs8oXplaHCugoqyMoyfyvf0WpeD9D__G8AAbhVVDoJN0-f2U"}
formSubmissionId = BRAZDX52X-1759184076743
fullURL = https://www-dev.broadridge.com/who-we-serve/consumer-industries
formSubmissionId = BRAZDX52X-1759184076743
fullURL = https://www-dev.broadridge.com/who-we-serve/consumer-industries
emailTimeStamp = automated_TESTTEST_2025-09-29_22_15_20@broadridge.com
................V2 Contact Us Form Filled...................
form message = 
formpayload for validation = {"formSubmissionId":"BRAZDX52X-1759184076743","elqFormName":"","elqSiteID":"","datalayerheader":"","contact":"","formgtm":"","elqCustomerGUID":"","elqCookieWrite":"","segment":"","name_first":"First_TESTTEST","name_last":"Last_TESTTEST","email_work":"automated_TESTTEST_2025-09-29_22_14_31@broadridge.com","phone_business":"999-999-9999","job_title":"Job_TESTTEST","Company":"Company_TESTTEST","country":"United States","comment":"This is an automated test submission.  Please ignore.","id":"","so":"","di":"","ct":"","ep":"","ot":"","mt":"","yr":"","rg":"","on":"","sub-source":"","campaignMostRecentID":"","content-id":"","orig-channel":"","campaign-name":"","campaignMostRecentName":"","campaignMostRecentSource":"","campaignMostRecentMedium":"","campaignMostRecentContent":"","campaignMostRecentTerm":"","campaignMostRecentContentID":"","campaignMostRecentSubSource":"","Persistent_utm_medium":"","Persistent_utm_source":"","Persistent_utm_term":"","Persistent_utm_campaign":"","Persistent_Sub_Source":"","Persistent_Content_ID":"","Persistent_Campaign_ID":"","Persistent_utm_content":"","Session_utm_medium":"","Session_utm_source":"","Session_utm_term":"","Session_utm_campaign":"","Session_Sub_Source":"","Session_Content_ID":"","Session_Campaign_ID":"701RN00000RbnVLYAZ","Session_utm_content":"","inquiry":"Gen Enq","fullURL":"https://www-dev.broadridge.com/who-we-serve/consumer-industries","page_id":"","page_campaign_id":"","ecid":"","elqCampaignId":"","Formmodel":"ungated","Pagetype":"","g-recaptcha-response":"0cAFcWeA6PZS04Wp1P33h8T_CfoNa4nJv_lmOZEg3NBVAprMF2G30VCDDBdgodYrSaaeDRb-g1ysLoF6RGDiRWr-l0oOGYqPU0g5kTjqaTqOQtYNIXYBNgJ9HrJrlv4nRFurOtr4DN-O8NT1rcA5w5J59m7tMZFzailXJKG2VgC9T5QWMeaCPTZZSh5VsGVIj3KVp5F8VEDXMag4a-OLnuT_cNJWrjxO4JNgDVENYNFk8wmAtx-POisTfZdfUrYpjynYmBZ8bklEmiKLDV2pGimeq7Td6EsE0sAL-n-MzIMp8_2Va6-k6StcC0uRJ3G5MummVDQq3BTE0XTnsX5y3f8WfybzxLYXJZu9gopoq2lAfASGD3dWtf-GCXpH6NxvXEIjV_pUVUxauR5OEHo6R_sfZgYVHseK-431U9sbmnY7hi09iabiMIsqRjxdSIajBlyVWJG0aGY-agsT70E-4ziK5K5JWoMtue6ZxE33s5eMpyORg8wlf9bRPfoioGHLiqkbgJx-L2sB4XEX3FWJAHoZhZStzto1Coc7WmjT36IP7Lw6AxKNfQVMe9Ng3Imp576ciph7En_JSe4xPG5Fnc0msPLn50KDcwRy34Rn_LAXOfA1FbuwccqcTvUSuw5LwH1UdtyqmcYFAUrbZ2o8QOg5YTUFae8HvS_KK8S1I9Ekg6BGr724b8Qfurlpk6ZLqTb1AdzzgLQCYQrZbx-dnqORIslgprUUFmYGu2wj1YrqqGkoTOvIEyuXaFSTjEd7DTVxTHDc7PyXcS1v8xqLfSZm8sKZZau8shd1bwPog-iLHmXVOXHNQFDZnRQe8oAmVi2NCPi1RIBB8xzkHQ5lqe6NqXcLi_SLeySnaz-aJa8lM5F1ABkKW00dIBbY9xga-wcUiXjKLGChB0CQxEB2zYWJDaBZ6SZI_pyl_S4wt8c-YG6Z1OsQThCSgfGbanYWEZtw9s0ogWsCp4fv4Ux7MQpKVd-Q1Tm4Bh9D_C0uUNri9uzPKqmBkK5GSTw3dTMO7wIUktszamxvgLA05382RiFjMKdfnuOalmChWH2uDohRWifzkKOOv3ekIEBvvu8IXh7Zf5jSKTmAJMnNnsIIKVcZX7vlTcovqWurDIoZzbB4gp48wgQr9_GXthEi6Qq6LWfPWJ9E3x6V6pys3pBkjm8EXk7ESShEW7_Xr98YQAtxULwnkzJnq0o3_xw-iOMmAFGabuV_Ok6lMhQN3blVd5qzbpf3u_4-0CuvX6dMcxaON2LQw09Kyqo8Qm7pzFOPyuP0uiuQOHZCTI_lg8SoSFpnRIAa9cOFfAB6o1oGhvaB1lOj9di9jZ7K43FQc2yg2NbIzRekFeNhpWL73o_FkR7FiSZjX_4_1xkpCIM_bnT8dWONaI3_wj-ndtrDo9S8lvsRcdaKhR6hoT2Q8t8OfiXZxceKsqQ_Kw21IqAKaY05HVUtdrikINmOUzTQMUvk_iA-9LilznVHhf_IMMuC968sjUBeJ9o47LKj5E94AQc5jumUqyF8k5lPoApvXRcYtJT8mO-o40YJZmqvwvwiSwp2RKp0QmuQC1MRY1imrH3gIhDelTp7E25pnbO2nESTzl238qLYFNs8oXplaHCugoqyMoyfyvf0WpeD9D__G8AAbhVVDoJN0-f2U"}
formSubmissionId = BRAZDX52X-1759184076743
fullURL = https://www-dev.broadridge.com/who-we-serve/consumer-industries
formSubmissionId = BRAZDX52X-1759184076743
fullURL = https://www-dev.broadridge.com/who-we-serve/consumer-industries
]]></system-out>
  </testcase>
  <testcase name="FormTester[https://broadridgedigital:broadridge1@www-dev.broadridge.com/financial-services/asset-management/retirement-services/fiduciary-software-and-technology/fiduciary-focus-toolkit, https://www-dev.broadridge.com/financial-services/asset-management/retirement-services/fiduciary-software-and-technology/fiduciary-focus-toolkit](10)" classname="com.broadridge.Tests" time="44.166">
    <system-out><![CDATA[page URL = https://broadridgedigital:broadridge1@www-dev.broadridge.com/financial-services/asset-management/retirement-services/fiduciary-software-and-technology/fiduciary-focus-toolkit
current URL = https://broadridgedigital:broadridge1@www-dev.broadridge.com/financial-services/asset-management/retirement-services/fiduciary-software-and-technology/fiduciary-focus-toolkit
Header ContactUs button not found
v1 ContactUs form not found
v2 ContactUs form not found
v2 download form not found
--------!!! NO FORM IS FOUND ON THE PAGE !!!--------
]]></system-out>
  </testcase>
</testsuite>