<?xml version="1.0" encoding="UTF-8"?>
<testsuite xmlns:xsi="http://www.w3.org/2001/XMLSchema-instance" xsi:noNamespaceSchemaLocation="https://maven.apache.org/surefire/maven-surefire-plugin/xsd/surefire-test-report-3.0.xsd" version="3.0" name="TestSuite" time="453.089" tests="10" errors="0" skipped="0" failures="0">
  <properties>
[...]
</properties>
  <testcase name="FormTester[https://broadridgedigital:broadridge1@www-dev.broadridge.com/2024-digital-transformation-study, https://www-dev.broadridge.com/2024-digital-transformation-study](1)" classname="com.broadridge.Tests" time="46.582">
    <system-out><![CDATA[-------------------------------TEST STARTED--------------------------------
page URL = https://broadridgedigital:broadridge1@www-dev.broadridge.com/2024-digital-transformation-study
current URL = https://broadridgedigital:broadridge1@www-dev.broadridge.com/2024-digital-transformation-study
header ContactUs button found = true
v1 ContactUs form found = true
v2 ContactUs form not found
v2 download form not found
emailTimeStamp = automated_TESTTEST_2025-10-07_13_32_16@broadridge.com
................Header Contact Us Form Filled...................
form message = Something went wrong with our form submission. Please try again.
formpayload for validation = {"formSubmissionId":"","elqFormName":"","elqSiteID":"","datalayerheader":"","contact":"","formgtm":"","elqCustomerGUID":"","elqCookieWrite":"","segment":"","name_first":"First_TESTTEST","name_last":"Last_TESTTEST","email_work":"automated_TESTTEST_2025-10-07_13_32_16@broadridge.com","phone_business":"999-999-9999","job_title":"Job_TESTTEST","Company":"Company_TESTTEST","country":"United States","comment":"This is an automated test submission. Please ignore.","id":"","so":"","di":"","ct":"","ep":"","ot":"","mt":"","yr":"","rg":"","on":"","sub-source":"","campaignMostRecentID":"","content-id":"","orig-channel":"","campaign-name":"","campaignMostRecentName":"","campaignMostRecentSource":"","campaignMostRecentMedium":"","campaignMostRecentContent":"","campaignMostRecentTerm":"","campaignMostRecentContentID":"","campaignMostRecentSubSource":"","Persistent_utm_medium":"","Persistent_utm_source":"","Persistent_utm_term":"","Persistent_utm_campaign":"","Persistent_Sub_Source":"","Persistent_Content_ID":"","Persistent_Campaign_ID":"","Persistent_utm_content":"","Session_utm_medium":"","Session_utm_source":"","Session_utm_term":"","Session_utm_campaign":"","Session_Sub_Source":"","Session_Content_ID":"","Session_Campaign_ID":"701RN00000RbnVLYAZ","Session_utm_content":"","inquiry":"","fullURL":"","page_id":"","page_campaign_id":"","ecid":"","elqCampaignId":"","Formmodel":"flyout","Pagetype":"","g-recaptcha-response":"0cAFcWeA4I7ogvfYytqsn4QwTL1WqUlH6OA8LqcWChgc_ZB1burqDd1Mf8AKeKIuTuLU55h-X6ptA5PLXnFlJogaFPxWve5Wk4iQwGv0U6WsANZxAsXGctNj-kKB1v-3LG8Dt7dABE9IFQQY4UBoKafLNM3jMUTqgsCuuTeTnQbTDgBTDXjFdOJKlh48uk1--C-MDs-1360ksoc320L6tLwgg5-PdBlNXgT5Ar9fSz79Roi8Ru8e0tYvVObdJPf4FjUZQgCTQ8EvrCWUnIggC8m-1X7BL7Y2xGqnoIvKye6pQ3O6_pvc3-ZwDga-eIeDoCgFvTywR34ZI2RxmYlRAR7dbW3vjLEDTwANIdTFyNEVa5g5Dhrvf_qU7uqPE4bZ87q5AqnDr2yM363ok-LJvDx7F5NZC6Mnkh2stlTSivTSh1b6Yw3JHx_1Op0wpCXjtVo7MWmjCElCr0Y4Bsb5_WYrq8s0jTyQyLhl8-PaFB3S-u8R_Sxu8-jDlftmhl4DjMZK39AdjRi3hGUF0BlxB7KYYRCjDrw0yvbWskXAYnyJFkN3fJr_JxVmALpXh4TY6FLH-s53K3m5WC7Vo3I05hwUNUvirlm5Ea_zTIJD9xCVbB31Gu1Wl2bUdKF_gS92n5HLYAMkDM7waS1z5V-mkKOssZrfpfHKnvWThcixoT7Z9zajI-fSYUHQ5AmLH9tLx2oxneXJO72Txai84mdZ6E6llQTkn6WEm7Q7DUcMtyvIVvxw8ESnKCMJ0paQlf12BAxODZqzrcAsA8zlpyPg90LXIpsFPTyG04PRZs_uKqRGW5QVn4oCAI3L41XbB5JwDy2Dk71ZoFqe1U-tv7KAFkyMS_4PJtoo3m96YqYzUgz5udPXNJY7hK_SqbhKlojHHrAlYCyGS8U5I63mkHa4hoA9k99nHMp6ubXQDd4G6-k9TkRWcMV1wsNIFehdC_55s0chvQb68I0UB1jeBm99YOKjx-_g6fCOILc0AgLKIjFXIkowK9VmneYlD6efNueUISxrZt1SO_tcNLLVw5ml3VJqVa2KLAvQd0t7Hb0E53k6JAfqZTYbw5oCI0xaGCHSdKw1bWuYN3WyshhUbj7_NwiAjC_0MQmAcXYw_hLG5fNpYzLIuviHF65P3Ac-AULNJdlX6L2V3_WTNiA4DxUzarxnEI_80qz8h_CEU4_XMh0sw6GYrMuMFlenHb-iON00vxYtDhZRxJMRUyW78D7WFzQD4icrhRN6zjhIiK_TtdGsTpOF8Tval8mYFsDdyqK5XnsHvbR7CeQXlleneF2TeQToz-SmdcoTx_31ykashdRRTnAnLDvvSxWTvk79AecTaHmY4G8YpKGwTEiLrCahTkDFSD5AmwBQI3IzCPlZW-RpOi79UfKFlXZK6KqeKfCkxkHn0NxZpUOwTJt1HUgL_tbeSlB8L_jXyobhQyMBquatvgJHoIFqt3JJRlQ23--cDupw675u5ku4qT1SXsuhQTPEoCbyyo0RkQXRsXqJbko5rkYbUWVfcq6_mXA-d3P6CL0v1XUO-TAVzszUjisEswihfpw8uT610YesDtEES6TmQdrwdu2Vqsb5I"}
formSubmissionId = 
fullURL = 
formSubmissionId = 
fullURL = 
]]></system-out>
    <system-err><![CDATA[SLF4J(W): No SLF4J providers were found.
SLF4J(W): Defaulting to no-operation (NOP) logger implementation
SLF4J(W): See https://www.slf4j.org/codes.html#noProviders for further details.
Oct 07, 2025 1:31:46 PM org.openqa.selenium.devtools.CdpVersionFinder findNearestMatch
WARNING: Unable to find an exact match for CDP version 140, returning the closest version; found: 136; Please update to a Selenium version that supports CDP version 140
]]></system-err>
  </testcase>
  <testcase name="FormTester[https://broadridgedigital:broadridge1@www-dev.broadridge.com/insight-pages/bpo-case-study, https://www-dev.broadridge.com/insight-pages/bpo-case-study](2)" classname="com.broadridge.Tests" time="37.681">
    <system-out><![CDATA[page URL = https://broadridgedigital:broadridge1@www-dev.broadridge.com/insight-pages/bpo-case-study
current URL = https://broadridgedigital:broadridge1@www-dev.broadridge.com/insight-pages/bpo-case-study
header ContactUs button found = true
v1 ContactUs form found = true
v2 ContactUs form found = true
v2 download form not found
emailTimeStamp = automated_TESTTEST_2025-10-07_13_32_42@broadridge.com
................Header Contact Us Form Filled...................
form message = Something went wrong with our form submission. Please try again.
formpayload for validation = {"formSubmissionId":"BRLVPH3MX-1759843967317","elqFormName":"","elqSiteID":"","datalayerheader":"","contact":"","formgtm":"","elqCustomerGUID":"","elqCookieWrite":"","segment":"","name_first":"First_TESTTEST","name_last":"Last_TESTTEST","email_work":"automated_TESTTEST_2025-10-07_13_32_42@broadridge.com","phone_business":"999-999-9999","job_title":"Job_TESTTEST","Company":"Company_TESTTEST","country":"United States","comment":"This is an automated test submission.  Please ignore.","id":"","so":"","di":"","ct":"","ep":"","ot":"","mt":"","yr":"","rg":"","on":"","sub-source":"","campaignMostRecentID":"","content-id":"","orig-channel":"","campaign-name":"","campaignMostRecentName":"","campaignMostRecentSource":"","campaignMostRecentMedium":"","campaignMostRecentContent":"","campaignMostRecentTerm":"","campaignMostRecentContentID":"","campaignMostRecentSubSource":"","Persistent_utm_medium":"","Persistent_utm_source":"","Persistent_utm_term":"","Persistent_utm_campaign":"","Persistent_Sub_Source":"","Persistent_Content_ID":"","Persistent_Campaign_ID":"","Persistent_utm_content":"","Session_utm_medium":"","Session_utm_source":"","Session_utm_term":"","Session_utm_campaign":"","Session_Sub_Source":"","Session_Content_ID":"","Session_Campaign_ID":"701RN00000RbnVLYAZ","Session_utm_content":"","inquiry":"Gen Enq","fullURL":"https://www-dev.broadridge.com/insight-pages/bpo-case-study","page_id":"","page_campaign_id":"","ecid":"","elqCampaignId":"","Formmodel":"flyout","Pagetype":"","g-recaptcha-response":"0cAFcWeA45-Ikl8hVZkcbf1AnaXARll18Cx6S6uIl3suiz-1Gp0WBxcVIxiMFha-kTCZkE8B_U9WS-9dnvI5c6_nEr2DQU18P7L_jM7MaRSXhSnHSzLAuIleaCAQQCYlwoHNNHMmh0S7Omi7JH8GQQk8SRbmbxYloxEzs0GhTB31sHptuCs--ztTTOcOA7QeM1XlH0ynxkzNb2VxzvTJob8j7ws2CT9Rvb2AMAJmlvWmkmX2x0RVwuKd0TnClPHYjhRCzWgx1ExG39-Bwv8F1I430vZn9SuvlyYG3Q20fqiDfYp71sIsPnmq-yER8rOby6wSLMMYQaD7spH5v1Ygeu1iNY2uFfPmbNwEDRYpD6GJK2oNupt5jaGLkX-7FqmbrH6Od75qxca5bXqcO7b2gDmqgYIrV2ZfIFelD82ficHsIRDb5nF1ZtilFDzQ4BaFnj49GqBMGSr1GFwb25VRCNiQE1s0D0eZlSqN18FJPHvjVs36Az34ai_R4DJhjuU-k_cyFBY9mWwWq0ciVFWcZnNuOwEVIG6Vt8VzxGAT1J9OWnI44oyOhVUyzmirV8C9518YQHcOxokDqHo2NsUIi7_gfwBtYkEOFaVxnGeF6bZNpFPT7SyFwyGdHc8KV4OcQ1X7jSr_zfw7Q5_eUTN7gOannGPPc-QIe-Tbbb5LudcW2nsb5Vyrx0-TV6-cxMRt4DGJWVILzMCzxqhhyx93a2cXu939vRgRg9nGkI2nsEWLsHu-dUhWJHumDhnZEhwVKEBv4hFrhrNEU03mWd43rpWfVNH1VD47Ch4-_Qgvf9-6t6ln3JB3gm3Escasf1iNUx7eHmAxbZ07xiWyXiLeIotYByKU-0KHsaxvB321LZkTMhgA641KH3QeHBpOIYEACT5QDereDZQ8f5NOnQcKOLMMf8sw3NBPyCsL2udbXrHy-OB1jUhK_j3aWfgj4PmryJGQ26sY4NZZ6pxVSjnLbxYsloeuMh21xcT6ZfuFxzuHDe_A_3trcbIDLlneX72P8AfH_NHmHQPFA8YyUwpPVim7L5eSmd8bWiqu_xNVA_z0Nzvdv8sYJ-foyHVDkJ10s1idwSlc-pZvbpZAOzeH3-a4CTKGYThb0Nl0pqgf89_KAg-A6jPQdYICq-CU9Fc8408eY7lEpkPtMy5j4z-zLQBWns0D035tPrFnF_YjPSbJCuwixxDX1yHTlZMp2NfTNpU4-L8Dp08Ug5xsxSk2qLO3TKDPHFt4D1ZM8F1-hO9w84AN8kcfLxJKxhfbDIsMqzYcvLwkmMCxRnqgPiwngk8eLIvhisvN4HCXVbW6arokBsfzKeRXEWbt_kikpCQ6v5XQIYzYf7HfAm9eKQVynB2exSynH6696vf04hFs0GKM9evKS1Ceof3ZgRWmOP0DT0rKRJEFjfug-H59A7tupNginsoD5vwIh2Celcqpqbxu7CGQeA_30py5vtVzbxtJo3AN1p4qtMFTnvzxqVKeFNpSX_J34QfvlQfKDVJI3Ff8X0JXrpn6Bv768oMk7eHbwe4LxCrogtEbh8ULkv0td0DUd4Lk6hVV8R0GAHGR2cQ74nKCh_YhHs7U5kIcvqFnKw5hxSUBTrr_hNvUWq250oZEifxopA1XGehw"}
formSubmissionId = BRLVPH3MX-1759843967317
fullURL = https://www-dev.broadridge.com/insight-pages/bpo-case-study
formSubmissionId = BRLVPH3MX-1759843967317
fullURL = https://www-dev.broadridge.com/insight-pages/bpo-case-study
emailTimeStamp = automated_TESTTEST_2025-10-07_13_32_54@broadridge.com
................V2 Contact Us Form Filled...................
form message = 
formpayload for validation = {"formSubmissionId":"BRPYXXHF4-1759843979292","elqFormName":"","elqSiteID":"","datalayerheader":"","contact":"","formgtm":"","elqCustomerGUID":"","elqCookieWrite":"","segment":"","name_first":"First_TESTTEST","name_last":"Last_TESTTEST","email_work":"automated_TESTTEST_2025-10-07_13_32_54@broadridge.com","phone_business":"999-999-9999","job_title":"Job_TESTTEST","Company":"Company_TESTTEST","country":"United States","comment":"This is an automated test submission.  Please ignore.","id":"","so":"","di":"","ct":"","ep":"","ot":"","mt":"","yr":"","rg":"","on":"","sub-source":"","campaignMostRecentID":"","content-id":"","orig-channel":"","campaign-name":"","campaignMostRecentName":"","campaignMostRecentSource":"","campaignMostRecentMedium":"","campaignMostRecentContent":"","campaignMostRecentTerm":"","campaignMostRecentContentID":"","campaignMostRecentSubSource":"","Persistent_utm_medium":"","Persistent_utm_source":"","Persistent_utm_term":"","Persistent_utm_campaign":"","Persistent_Sub_Source":"","Persistent_Content_ID":"","Persistent_Campaign_ID":"","Persistent_utm_content":"","Session_utm_medium":"","Session_utm_source":"","Session_utm_term":"","Session_utm_campaign":"","Session_Sub_Source":"","Session_Content_ID":"","Session_Campaign_ID":"701RN00000RbnVLYAZ","Session_utm_content":"","inquiry":"Gen Enq","fullURL":"https://www-dev.broadridge.com/insight-pages/bpo-case-study","page_id":"","page_campaign_id":"","ecid":"","elqCampaignId":"","Formmodel":"ungated","Pagetype":"","g-recaptcha-response":"0cAFcWeA5HOsPK_Ei5G1uYzqf-umxcCt7_0PmJPMadIYpdeK2bUjE5bTwPL5UfzI63GES3uyD6p59g5mx9vRXKULYIKfFfZb-Nl0BJKnblhQRWVQURemhfKRISyTD1RXF4rmkptSFlaztOlhu3hfC3OixqZY_-B0KrX769WuQXwSQjwEhRXOuXEQMPEwLcp8tvl5ri6lagVWZ-z7J7lHbgL7dpHeC4ApXnaXB704KbJx4iphUcio8rCSs6OY33ORYGQeSV_95SZGvYzdF2GBfADHa8rP1g1vSe8rrqu4gYW5XiCyJremaXWp9CtAjYEKA__vV5iulaiduxWdbnWeoTGXk_dFr7i9vfXXef2rOnHokZQ9FznQVvHok2GebZ2mv6iRNUCNh9bglaVuK-J79k5LNVdkZCBKGwI8R4HuJTZNdGe5mObdG5AeG9obwhuHJ1DF1gnPXop0CIZ5bDSTPS4Z-F3dOOL4VoTJJ3Qu6FgpuhwqFk3XKzPqSBc15_2oj_mzmDndSYpe9Ye7v03R1X6bpRnJjLQAzTlPSomg_3DDQCELY2-3J70oWJRgnQ48QmajVfyZxQcExiSB4-dQGdpeAiAo4a9dCEnFF9Nr7BJSuHWSo7sYc5KJplAaRzeK8w6H7K15PakehkEHCn2TLVTHv4LErqJDhggHr4zdDJT34jKiDObcO4TJAuvDtYzifg6py7p0uQoOY5hYtZbmnEo9IxnfFH81atNSXC0wTavLRFWz0t-elicspwzkp-dXIBR4Za2xSYuPjzQpLhqA42n8cxuhCneYJ5egjRtApHiPSylbA435cUNhWfikM-hg_8KdglrWk7lGJDMyMg3LuLCN4AbdY5OZf5PCjcVt0Pdg7K3w0-BQLgc8qraz3X7rWq-j0dYr1MKir-ENYWzSeevsojUDYwUkhC-Cue6IlV-TNyqRNtUw0HvHDr7XOn3A-u01T3Ck7IiMmw9jr4KXyscGeLrHCwVONKm4HcGa4lUdiK6TkqUc1XH2jHPfvzhwpryp3eDCKHSNsY9PaRePt-1xjPkc2nn-Oc6sWFWwIH13qqZoNVzQkARzX79x1_dAjS0b0upOYadlUj1e7WocGp5gQFjiJL3yQ0T5vIHfDtW_DO5tclDOktbIkInkktIbNnr0tx8CgnmjyH894wMkdBySXEIBvnuGPBSkdTmAXLIXOh0eS18rpLaq3g-R2H8BSvdEVl0qtgEw51qc95hx3nqMuhkYjzDK54fmBCGeDp8WpYRbRyS-UPmNTeT0yVUude6DDy3fjh6TQOO8pKMOGBXiRDMm4ikGULKnbXonrNTbebtntGpFRJuzGa5jUCLmOGXq-YSza5H1ZqcGQA-lIC3WJZPKe1G36Bjel5XzWs3WHKWQtUnsLy5KRy4oZbde5av4hxh8mAnu9hkTAKtxlt14MxLBOWpchTntLwPArunyZ2_nTY-Z1rLg-FvI4XjQBLUn8SW3JkAWOX_v75SKkRxF9a5BD7Z6y3XnDEklcdGpnvgidADXsp9uLxXqfp69Ft0RS9Ez9HP60D3fjCe-4f2YN_J7HdZ3f30p4sSMJyBml_0Q9b_BbPW1E"}
formSubmissionId = BRPYXXHF4-1759843979292
fullURL = https://www-dev.broadridge.com/insight-pages/bpo-case-study
formSubmissionId = BRPYXXHF4-1759843979292
fullURL = https://www-dev.broadridge.com/insight-pages/bpo-case-study
]]></system-out>
  </testcase>
  <testcase name="FormTester[https://broadridgedigital:broadridge1@www-dev.broadridge.com/article/asset-management/summary-of-latest-guidance-from-the-fca-on-consumer-duty-implementation, https://www-dev.broadridge.com/article/asset-management/summary-of-latest-guidance-from-the-fca-on-consumer-duty-implementation](3)" classname="com.broadridge.Tests" time="34.927">
    <system-out><![CDATA[page URL = https://broadridgedigital:broadridge1@www-dev.broadridge.com/article/asset-management/summary-of-latest-guidance-from-the-fca-on-consumer-duty-implementation
current URL = https://broadridgedigital:broadridge1@www-dev.broadridge.com/article/asset-management/summary-of-latest-guidance-from-the-fca-on-consumer-duty-implementation
header ContactUs button found = true
v1 ContactUs form found = true
v2 ContactUs form not found
v2 download form not found
emailTimeStamp = automated_TESTTEST_2025-10-07_13_33_29@broadridge.com
................Header Contact Us Form Filled...................
form message = Something went wrong with our form submission. Please try again.
formpayload for validation = {"formSubmissionId":"","elqFormName":"","elqSiteID":"","datalayerheader":"","contact":"","formgtm":"","elqCustomerGUID":"","elqCookieWrite":"","segment":"asset-management","name_first":"First_TESTTEST","name_last":"Last_TESTTEST","email_work":"automated_TESTTEST_2025-10-07_13_33_29@broadridge.com","phone_business":"999-999-9999","job_title":"Job_TESTTEST","Company":"Company_TESTTEST","country":"United States","comment":"This is an automated test submission. Please ignore.","id":"","so":"","di":"","ct":"","ep":"","ot":"","mt":"","yr":"","rg":"","on":"","sub-source":"","campaignMostRecentID":"","content-id":"","orig-channel":"","campaign-name":"","campaignMostRecentName":"","campaignMostRecentSource":"","campaignMostRecentMedium":"","campaignMostRecentContent":"","campaignMostRecentTerm":"","campaignMostRecentContentID":"","campaignMostRecentSubSource":"","Persistent_utm_medium":"","Persistent_utm_source":"","Persistent_utm_term":"","Persistent_utm_campaign":"","Persistent_Sub_Source":"","Persistent_Content_ID":"","Persistent_Campaign_ID":"","Persistent_utm_content":"","Session_utm_medium":"","Session_utm_source":"","Session_utm_term":"","Session_utm_campaign":"","Session_Sub_Source":"","Session_Content_ID":"","Session_Campaign_ID":"701RN00000RbnVLYAZ","Session_utm_content":"","inquiry":"","fullURL":"","page_id":"","page_campaign_id":"","ecid":"","elqCampaignId":"","Formmodel":"flyout","Pagetype":"","g-recaptcha-response":"0cAFcWeA5SPhnRx_Yy9yih7FEEtlCor-HAi-LH_nAWNbjJ52rA-tZ93eqAH7o0UQhHIhvDsediEE6WcxJNJmYRvALSOmVqjVKua8wiYjZC2BNyFrbvrPFltfCYLjTnaeJZo1UepWZP367KftQjWdZQg8_zUvYzC6ywiWqXi6lI_Mp6ZI2n5wD_-dmwLAHGfN97UKxqWSOi1UXeDLYWbapEGNhA5js4hLAs945cgXC5pUrp93l1Ds9tlXog1zBhJP3beEZWPFyC8TJjdbFnyFkAuPXH8PS_xDHhdV40nwKbOLz4IGlwLCSlT4ayMkbDU4av3FtKIwYA4DRbZjtfXfjFks8xl29uMSDX_utvxvKpC75GY2gN6vkp1ohL5MYNwiFRfgamrNlJpWgVC2YNJJSaxj7IwOv7Zhg-j7APKFag8ym_M7I88PJm3tDwjF2ANIg2l5Zq_qzvf8b3jKMLnuYu_lhvqfzN0j7QVOPALA6iZmS5R0aoJcz4S9ZRJo5cYb9YFkzAh9fIq1kq34H_k6sL0lZIomyC4W7UnYckJbRM16OWyZ096VdCTvdOM0pBiiclXqHCZjoddjssPoP_Cjuk7NC-3IytN_wuswe3yHI4zwFaCYmlvhejToNhPrPcRpFqb42J_Y2-vSe8wONs-OBXXd7iuazSOc8fwFlP6V0jFoVa5y9YlN-kCvK6Gg2CCs3Dw4iBwX7YGfKHVgYlPionJpDN6Xk8Mlh75RX2RKBwA2jDAwZiAfkqvbxV5yehyhNEjB34eVkRz3vidLHJdBnmLyPXCQI09BOF_gnBftGYeB22MfPXuUTAdV0PlVlvEOMI-bkuNJPb0DsuXnnFsov21riOqIQTNHzwOhodlvkjuq1RSkUGNi_U9BKaj8QnaRfN9Df7MezyUanM_OskYXVrBjWtS8paGAh3QOPBaE7LLRVgMZDB6Uh0kAx6wV94lKC5WLgJj-3eP7LEs1DihOzMI6VdA3lsyVBe_T5lFaQLUvz9irvS6g94g-W-BfCsZaZeAwQbHKMDRA6VDI83krb-rBO2h5xnEj3ksMaYR1OYxnO45E8lD-DyMJN7slMP7Hfn4TNDSjfNwzA_AGujxJ0PGroEIT4xvTrKRdY0GA1yn6k31DQseqlW4vPf4W7sos3GFMN5jOvGK-VIcDuytl1FqD8PdExg6_Vwt4rZ1oV-fwUwJvvrxfpdmwX4qj93Kk2MaUjce4QsvH3HWRcvfYH-q3qXmX3JjJCOxi2_4kNkcLUCZeJ1bbTD8hp7ySCNIB-jxOTpt6OyeEfCjEPYYD8KgoOju0deNLQrVW1u2QWR2Txkmdf8422tEK7iYpup9110Y_Fh2IxwNKe_1mQkZ2badzbRq4PKHDg71J_pAq8tkkskIGU20o_C2RKUi0dFDtqy0hHnmh9q6Zf1EDeKj_jwDhwP_z35gUZeQUklvx7Wb90oSqshmsDExK3fnbir8U8VYvRuE4v7wwSRskkhDRWcubIgvPTiwuFbta0kEavYAu4UL2doHK1uD8EuZWkZr8iCL10yb6TdozNfO6c-aA31S1dqv6H_kpA9yI2oqAVPEZ2iRd4SVxyzDTTAYyP6jPSTgJ2MiXndItNw"}
formSubmissionId = 
fullURL = 
formSubmissionId = 
fullURL = 
]]></system-out>
  </testcase>
  <testcase name="FormTester[https://broadridgedigital:broadridge1@www-dev.broadridge.com/insight-pages/governance-regulatory-change, https://www-dev.broadridge.com/insight-pages/governance-regulatory-change](4)" classname="com.broadridge.Tests" time="49.289">
    <system-out><![CDATA[page URL = https://broadridgedigital:broadridge1@www-dev.broadridge.com/insight-pages/governance-regulatory-change
current URL = https://broadridgedigital:broadridge1@www-dev.broadridge.com/insight-pages/governance-regulatory-change
header ContactUs button found = true
v1 ContactUs form not found
v2 ContactUs form found = true
v2 download form not found
emailTimeStamp = automated_TESTTEST_2025-10-07_13_34_04@broadridge.com
................Header Contact Us Form Filled...................
form message = Something went wrong with our form submission. Please try again.
formpayload for validation = {"formSubmissionId":"BRVRFZAH5-1759844050733","elqFormName":"","elqSiteID":"","datalayerheader":"","contact":"","formgtm":"","elqCustomerGUID":"","elqCookieWrite":"","segment":"","name_first":"First_TESTTEST","name_last":"Last_TESTTEST","email_work":"automated_TESTTEST_2025-10-07_13_34_04@broadridge.com","phone_business":"999-999-9999","job_title":"Job_TESTTEST","Company":"Company_TESTTEST","country":"United States","comment":"This is an automated test submission.  Please ignore.","id":"","so":"","di":"","ct":"","ep":"","ot":"","mt":"","yr":"","rg":"","on":"","sub-source":"","campaignMostRecentID":"","content-id":"","orig-channel":"","campaign-name":"","campaignMostRecentName":"","campaignMostRecentSource":"","campaignMostRecentMedium":"","campaignMostRecentContent":"","campaignMostRecentTerm":"","campaignMostRecentContentID":"","campaignMostRecentSubSource":"","Persistent_utm_medium":"","Persistent_utm_source":"","Persistent_utm_term":"","Persistent_utm_campaign":"","Persistent_Sub_Source":"","Persistent_Content_ID":"","Persistent_Campaign_ID":"","Persistent_utm_content":"","Session_utm_medium":"","Session_utm_source":"","Session_utm_term":"","Session_utm_campaign":"","Session_Sub_Source":"","Session_Content_ID":"","Session_Campaign_ID":"701RN00000RbnVLYAZ","Session_utm_content":"","inquiry":"Gen Enq","fullURL":"https://www-dev.broadridge.com/insight-pages/governance-regulatory-change","page_id":"","page_campaign_id":"","ecid":"","elqCampaignId":"","Formmodel":"flyout","Pagetype":"","g-recaptcha-response":"0cAFcWeA5rBeIaOM-JkbzNz6pDuZDG4NC3svI2wsLqmsAOeHFyE7uCnuqmQNNS3f0iGQkVFFaDOd8k0Yf4xzujzuTFyNqgXuTperNXSiW0em-Escc_lPoiM-rMVnt6z3IJoS_0cRKwDWwgmD5DL5ZQJf0fK0M6kzcRoMhFB2aOvR172Bb-P_JRb2uaHLjFM1kAko4jw8kyl6ejQZRsl8UU1h5FEA8hglRud2eltm-27Vrm2uqb6Jb3VIE5E8R9Lt_YvjnwpOAcjQJr0PZ0jK4_0eQz7VSmkZXvvN305267Fn0Z5GR6qjsNwRZaJyw8KTlGASP5bvMhfs6Iwl5U1nKTzifV7Q8MDorizO2-t_ZEyKVLQrZHTBqEXTUt8Z70RYvLl1NcnOByudfaWbhhjHCrQ0YvofyqLuxNMMA4AeutaBrMevKh-05oAHql4FuguanI1ptXNu2XOgkAx5dc2i8eZ41WfPTuoZltuxNQI9qP8YoIYHHPDQZTyostKMRUQUfp22F9iqKDdjkASSKtlWE5I4n9XBemO13KAfvuWzF-ENFR8wIGX0Fuxu1wi-K_MgNDVc4zwUXb0L_lBWtEwI0P24HJCo7O6qF-hmzxAOzyMcJH7H52USkjIPMTK2ggueh4OY7Pkt8744OnfMDGE2fnpVOmWaauDH4MFIPDpOmkxtflX-T6eVS9BIfqjZu0Tl87MH32W9Dgr3krlSgQbcaphDYyxoDeojwPFtMRJbRMdbeDQuV8VTaL1gfsTUDz9bDIGISwlR-zs9N41RIS3XxvPuCfnovP9mbPL_ovcJ0imFo0r7WtfyYBYq5oVUk2pJxORH-I_W33YGV6s-L3aZ1xYVKuXOnhyNBWdIQyrUvRDsAFa_e4kg6mQZI3l15kPJi64XkieVCYAmCzil06b5p4xvaP_Bfa2EETJxRF3830ujmYj-AXzXvYDafVTUFTi7I2d2giz9qsG659WCjeVfCnEQsyV570YpEk3a6_3yomKdmJQ60lPpmrfCHghu7rgPQ8BSSZQERK0ZNgpm3wysLoXV8AllRaWk0D6hCKqOxopvbAHDzwb2jknzVtY8wSZTV7Jf7SxavR3aJqlX70PoIIN4Ts-G0JYGu2rQpoKAkQaUe-Y7fLZL_DGn7akptL2f6RqukfS2T6FhiZophQwrfcDNzJ-CMZpRdzJFIt2emJqct3YCrqm6JSpf7hs3Lps6sqFXP4NzzlUD9v8nz6YR8r-Ty4g1EZS4-bX_RUTQI8PHw8e6wHIRCQUxNundiA6aVt2GVahjUK2LNRD3DuZrzCH0_Xbt9IqNw2mmpZaPD5k-BHJ4LER9LjsT5-TUj_oNF6P7CpHodCDVANJfP0ulzJGZUI5NjYBfsG4FfuxULMA8rV3b5WB0bRGPArUcL5evPLCvaEqZA9ZyYIjtR1Wp1-E6jl51veFFfbVM0PjkbT4uH83Apo5pJyuTPSkuUaOf8-fQimzNlp9Ns6If3CRR5BjwWj60fIb8lkUYDZe2KJ3Y3v_SmWKr31kle4qDKZqRa7YmIr88o3NqNx4C3L1qDiooto3FGlrSSRDryDDVtQrqjxbTKOKUaAakOeN3itBbJ_CO7-jV85TC10GhXCuXbx84qj0ZPmnmEWLA"}
formSubmissionId = BRVRFZAH5-1759844050733
fullURL = https://www-dev.broadridge.com/insight-pages/governance-regulatory-change
formSubmissionId = BRVRFZAH5-1759844050733
fullURL = https://www-dev.broadridge.com/insight-pages/governance-regulatory-change
emailTimeStamp = automated_TESTTEST_2025-10-07_13_34_17@broadridge.com
................V2 Contact Us Form Filled...................
form message = 
formpayload for validation = {"formSubmissionId":"BRRAMCONM-1759844063491","elqFormName":"","elqSiteID":"","datalayerheader":"","contact":"","formgtm":"","elqCustomerGUID":"","elqCookieWrite":"","segment":"","name_first":"First_TESTTEST","name_last":"Last_TESTTEST","email_work":"automated_TESTTEST_2025-10-07_13_34_17@broadridge.com","phone_business":"999-999-9999","job_title":"Job_TESTTEST","Company":"Company_TESTTEST","country":"United States","comment":"This is an automated test submission.  Please ignore.","id":"","so":"","di":"","ct":"","ep":"","ot":"","mt":"","yr":"","rg":"","on":"","sub-source":"","campaignMostRecentID":"","content-id":"","orig-channel":"","campaign-name":"","campaignMostRecentName":"","campaignMostRecentSource":"","campaignMostRecentMedium":"","campaignMostRecentContent":"","campaignMostRecentTerm":"","campaignMostRecentContentID":"","campaignMostRecentSubSource":"","Persistent_utm_medium":"","Persistent_utm_source":"","Persistent_utm_term":"","Persistent_utm_campaign":"","Persistent_Sub_Source":"","Persistent_Content_ID":"","Persistent_Campaign_ID":"","Persistent_utm_content":"","Session_utm_medium":"","Session_utm_source":"","Session_utm_term":"","Session_utm_campaign":"","Session_Sub_Source":"","Session_Content_ID":"","Session_Campaign_ID":"701RN00000RbnVLYAZ","Session_utm_content":"","inquiry":"Gen Enq","fullURL":"https://www-dev.broadridge.com/insight-pages/governance-regulatory-change","page_id":"","page_campaign_id":"","ecid":"","elqCampaignId":"","Formmodel":"ungated","Pagetype":"","g-recaptcha-response":"0cAFcWeA4Gvrq7Tld8JxStA9e14veWH0_gRwPxFtFvmxrIh9JMN0rVbFNiqeX9MzmG35qPqs1C6efA1Ypc1ftFQlTlsVzerDJV6YlQHFaOmHcQ4__DjmWdA5F0233B6FHpK7SUlX0euCdU1TEh3ZILORv0AGP7RCz3GkFc5PKhHAfgdvSkdrfCncaeS6Sy_heyCXx2WeJuI9Uv0u1pCByQvf1UKgR835twCy8iQDSlLk5Jm_FoQioxiDDbUeLtjcB7UUww9bWmo-WTVuUMf6nm4SE7_6YOYkrKxH0sBmZCNNaJIMRA632XBtz5bnZprjLrzPZ3v9exUIgTOxuxD3vuIi6P4NFAAqD4DP0PIVmoJhTKWXz4DRRAr6z4RrZWNDjXLpZuEOvE9KaFvntLU7Y4-pq44p2rPOXc8w3LYq1XOJpiCMKAlbRBDbaNiI3DqMr7bv40bx_49wwLTknXGhVL7BiToLsYJpsJJ--aaBdWTzpUqnzpM2q6WH66HOLBSTugoqwU5CSnJDiMXsV32LYVrsoni6gs624Q_KKUKDvplCzrMcKIKvN4EW-IOq8y11tLNqDFgO7J1U_GxHQVDCoW6nrPgAQqHliSoEgOXbz0YQ9sx91B1B6pdMSxs0ahp1zgMrHPh7GWoRGyUtoXAmDBVtqwmqbXUbPQNUsMxnQhAyPYqHEI_NgB_OXIT4e2yZUNZKZNXatx4kG-zcmSCJvRWt_9dXmB598102Lu2KNnrLIk68vGX38GVJIO2u3l_RQUHEKGukMSZPfcbCPJKiCDZPlu0ZSDFz6zuURQDRQp9MUJP74571WDQiN87vPZ0lZvrHCYCALq2OKlJzTe12GX0KSboVXdrT2rfwOI1WJFDTqM_l2UoWBvQRKGXBm7Wraw0K_ExDmjgj-yb2Gal2-WJ6Pjlm4ZUIPOuz88bZcxIXmD90yM-E61swnPJk3zp0hl0z8gglY1zm5Zo0UKwGQhRsxQ8sG404Mbx9qmMEcGzw1dHJrFWECRqC-4MmOxswevkrrVHXpCgm1an8QnSYfpOUtRhgsXQKBIZTmeCbuQVl9uXMBs4B69wliU01frMvfSitB_f92m8rcpHXbBbgAJQFfFnCBVBbNo4sUyOz3QuxF9GCiWyelB2vj1Ly6KRtwc9IW47oyh4cRpuH4oOJ7reSeVDa3AlejqjgQX7tBSHi6WboWG4BsKNJi9d_qfle6CSU9GShFjuNB5ZGkSpl3vHMKD5XgcwDUof5UpblMOaZF1tVZkWrpTl_fnlf5OeDWxFKNr27NO56NrKeMmbtjvTr57a8ni5fzyXaX9_ukVIHHN-nIKaSSKuvcbidg0MlmPDHk8dWYOmXcG6QXVZLJVxQt6dC_Yg8pY2JIy-dsRDsqsp4PUaKwaeev-dJDQZVx0P6-lqZO35rrGdC5Z_1gSiMK6yahipz_0LcYB9anwaX5Q0quaUcGDJxszUCFXnE1zF9JCHB5IzKfwN4JRmYgq6KC-HmLsRTpExTCFbkkl3OPINO-LsIkf4goKY9GFp8BKmN5koROoT3C8mA5ypCA-EfSbZgpFGO5cN7mM4bVKy9oQ7F6ZNBQ_Wp2RA7Q405uuI0jaad1qT_Eq"}
formSubmissionId = BRRAMCONM-1759844063491
fullURL = https://www-dev.broadridge.com/insight-pages/governance-regulatory-change
formSubmissionId = BRRAMCONM-1759844063491
fullURL = https://www-dev.broadridge.com/insight-pages/governance-regulatory-change
]]></system-out>
  </testcase>
  <testcase name="FormTester[https://broadridgedigital:broadridge1@www-dev.broadridge.com/campaign/all-in-the-family-active-etf, https://www-dev.broadridge.com/campaign/all-in-the-family-active-etf](5)" classname="com.broadridge.Tests" time="49.575">
    <system-out><![CDATA[page URL = https://broadridgedigital:broadridge1@www-dev.broadridge.com/campaign/all-in-the-family-active-etf
current URL = https://broadridgedigital:broadridge1@www-dev.broadridge.com/campaign/all-in-the-family-active-etf
header ContactUs button found = true
v1 ContactUs form not found
v2 ContactUs form not found
v2 download form found = true
emailTimeStamp = automated_TESTTEST_2025-10-07_13_34_53@broadridge.com
................Header Contact Us Form Filled...................
form message = Something went wrong with our form submission. Please try again.
formpayload for validation = {"formSubmissionId":"BR10VJ3G0-1759844099008","elqFormName":"","elqSiteID":"","datalayerheader":"","contact":"","formgtm":"","elqCustomerGUID":"","elqCookieWrite":"","segment":"","name_first":"First_TESTTEST","name_last":"Last_TESTTEST","email_work":"automated_TESTTEST_2025-10-07_13_34_53@broadridge.com","phone_business":"999-999-9999","job_title":"Job_TESTTEST","Company":"Company_TESTTEST","country":"United States","comment":"This is an automated test submission.  Please ignore.","id":"","so":"","di":"","ct":"","ep":"","ot":"","mt":"","yr":"","rg":"","on":"","sub-source":"","campaignMostRecentID":"","content-id":"","orig-channel":"","campaign-name":"","campaignMostRecentName":"","campaignMostRecentSource":"","campaignMostRecentMedium":"","campaignMostRecentContent":"","campaignMostRecentTerm":"","campaignMostRecentContentID":"","campaignMostRecentSubSource":"","Persistent_utm_medium":"","Persistent_utm_source":"","Persistent_utm_term":"","Persistent_utm_campaign":"","Persistent_Sub_Source":"","Persistent_Content_ID":"","Persistent_Campaign_ID":"","Persistent_utm_content":"","Session_utm_medium":"","Session_utm_source":"","Session_utm_term":"","Session_utm_campaign":"","Session_Sub_Source":"","Session_Content_ID":"","Session_Campaign_ID":"701RN00000RbnVLYAZ","Session_utm_content":"","inquiry":"Gen Enq","fullURL":"https://www-dev.broadridge.com/campaign/all-in-the-family-active-etf","page_id":"","page_campaign_id":"","ecid":"","elqCampaignId":"","Formmodel":"flyout","Pagetype":"","g-recaptcha-response":"0cAFcWeA7z5FtEG-Ms6vlRd2H3qHdzBA3yvLFUkEKFatNImsRd4WKJpIhnNOWb9Aoi7mBNsJpEMc60lb4lIsL45oJ1cbcADSAG9j800ljSxkASEFIPQO_X5Y0L2Uj4rTTXcsabHVmEnNF0oX1HjYdKOKVeD-i4qNxgIcmWmOJLvxFGPXfzOYmgHb1ZkcsBxlc6DV8GQxYaKWZM5rWICAV7TKm1Fhw2YdDQR_qbsCpHtuKliHEmdFAslG4SihkkuSYm-2qq-DCtNEm9BjYv4_KPtSUjr7hMS2Um8zCQv_Zb7sQpcpWUBhj5d6IzyK2IRhfTFVpIcZSYBG4qyJgra8bu_j3uvwwBLE8DxXhIAJesVZnSnyNAJraYioUDSeZFlb1tb_YubSRmkTxY3mqBdXCAMLpUU0VbOy5WiRfRm8WiLCX03n2AHT_1off_h0_h6-GjxVGMnUZr8r5sZ-rQMZW9UsZ3Coohr-8jYwCQb04KYxGFL8HGCjSZ4bzLHSb4GEv1d_tQwKdTzT745zxYFv-_3yVVJeOu29lAoyFcjfz5rWrh5o-Fz_1_WxP2QeDuS7WBFB113mvvFcv-jeiQBdSj-Kid-413CLpOoJHDYOfk_jtHE3lSY44fOqrpv_jGugyebGBX1LoObTGH6-7nzCWkskimL65ufyDBLjHE8xehQQSwvyuZaIS2lYetZXNIibevSI-WH75fZz1-dzXAmmn5UV5hb_2ixGspMnm1atP9Y-T5OTknWTmzHuCOqVvVapTvGg8nNx2mk5WAq9HyXR9AWXfwXLeDni3ZLsRDFVTjXRsCW3QjiNOP87kjHBsdYFkExQ5YQ_ecj4EclxLtGhCYYFEfada09BEGvCAdnxJ3lwirpyqcJJ5Id2h2sUB_Ck4MNAT1HkpATVePCWh83RWB607pi3bk9XsS25_SnDQRpWSFgsDdsdKzA_2PKEaL8w2mpVTz8cUFoi0hpOx0qyd_vpiuOjt2QjobI6Qg6HnzC3PNn0rk4YJKTYAtahouM68trX0CJqC7cBu39I6dstcNQl0RoZza5wwRqKw9Iqaay8JGPCXPrTxLFnrroP4P9gJS6KbxnuXvZMKnlH5M8batLvL_JQjkux1QexQGXCb4Kx3AeL4PHm4_-mPwtw27Ay_EgcQWaHETuyV0DTLdDMalWqJ1icBooAdxriPZauwQi-YvhG_g1vzq7EajALEUREywjF6XsAf71us5sN1MtMRnByWhekGhvyGPaNienuXJRDkEQoe8kUn9j4CoridcdDBySsRdYgh0pYjK3Hqwe8KdXF5YFldkIYtFtGg0gwihF4WNv5pFsGJBZHwu-oq4fAcSMDxwkswD40CuHzpWwhF3WI1olHk_y7Bj6f0M4-gUO8s2sRg7r3Ox65Aogu7LLDHpc5e63uCDa2eRpZHGJmGFkoEwps_SRqVJxVNeUYUlwc8sh2Y5nZnHpiroVqFvjPRuQR4QJ0JkLmT6NGJ90S7qCO98-zLR1Faet19xl2jM26PgLoFMuiuJr9Ie8d69F-PEq4CuP_M49PNYW-Nr-2DSfG3h61l_qjMs1YUk41mVZ1ciQCEF7NbnlB3BDv2ZNDJFbMgBXg5NesYN1iHKa-LePZFk2FMpBC-1NQ"}
formSubmissionId = BR10VJ3G0-1759844099008
fullURL = https://www-dev.broadridge.com/campaign/all-in-the-family-active-etf
formSubmissionId = BR10VJ3G0-1759844099008
fullURL = https://www-dev.broadridge.com/campaign/all-in-the-family-active-etf
emailTimeStamp = automated_TESTTEST_2025-10-07_13_35_06@broadridge.com
form message = 
formpayload for validation = {"formSubmissionId":"BR5ME0O8Q-1759844112898","elqFormName":"","elqSiteID":"","datalayerheader":"","contact":"","formgtm":"","elqCustomerGUID":"","elqCookieWrite":"","segment":"","name_first":"First_TESTTEST","name_last":"Last_TESTTEST","email_work":"automated_TESTTEST_2025-10-07_13_35_06@broadridge.com","Company":"Company_TESTTEST","toggle-additional-fields":"","phone_business":"999-999-9999","job_title":"Job_TESTTEST","country":"United States","comment":"This is an automated test submission.  Please ignore.","id":"","so":"","di":"","ct":"","ep":"","ot":"","mt":"","yr":"","rg":"","on":"","sub-source":"","campaignMostRecentID":"","content-id":"","orig-channel":"","campaign-name":"","campaignMostRecentName":"","campaignMostRecentSource":"","campaignMostRecentMedium":"","campaignMostRecentContent":"","campaignMostRecentTerm":"","campaignMostRecentContentID":"","campaignMostRecentSubSource":"","Persistent_utm_medium":"","Persistent_utm_source":"","Persistent_utm_term":"","Persistent_utm_campaign":"","Persistent_Sub_Source":"","Persistent_Content_ID":"","Persistent_Campaign_ID":"","Persistent_utm_content":"","Session_utm_medium":"","Session_utm_source":"","Session_utm_term":"","Session_utm_campaign":"","Session_Sub_Source":"","Session_Content_ID":"","Session_Campaign_ID":"701RN00000RbnVLYAZ","Session_utm_content":"","inquiry":"Content Download","fullURL":"https://www-dev.broadridge.com/campaign/all-in-the-family-active-etf","page_id":"","page_campaign_id":"","ecid":"","elqCampaignId":"","Formmodel":"gated","Pagetype":""}
formSubmissionId = BR5ME0O8Q-1759844112898
fullURL = https://www-dev.broadridge.com/campaign/all-in-the-family-active-etf
formSubmissionId = BR5ME0O8Q-1759844112898
fullURL = https://www-dev.broadridge.com/campaign/all-in-the-family-active-etf
]]></system-out>
  </testcase>
  <testcase name="FormTester[https://broadridgedigital:broadridge1@www-dev.broadridge.com/who-we-serve/asset-management, https://www-dev.broadridge.com/who-we-serve/asset-management](6)" classname="com.broadridge.Tests" time="46.832">
    <system-out><![CDATA[page URL = https://broadridgedigital:broadridge1@www-dev.broadridge.com/who-we-serve/asset-management
current URL = https://broadridgedigital:broadridge1@www-dev.broadridge.com/who-we-serve/asset-management
header ContactUs button found = true
v1 ContactUs form not found
v2 ContactUs form found = true
v2 download form not found
emailTimeStamp = automated_TESTTEST_2025-10-07_13_35_43@broadridge.com
................Header Contact Us Form Filled...................
form message = Something went wrong with our form submission. Please try again.
formpayload for validation = {"formSubmissionId":"BRZ1AVVQU-1759844148198","elqFormName":"","elqSiteID":"","datalayerheader":"","contact":"","formgtm":"","elqCustomerGUID":"","elqCookieWrite":"","segment":"","name_first":"First_TESTTEST","name_last":"Last_TESTTEST","email_work":"automated_TESTTEST_2025-10-07_13_35_43@broadridge.com","phone_business":"999-999-9999","job_title":"Job_TESTTEST","Company":"Company_TESTTEST","country":"United States","comment":"This is an automated test submission.  Please ignore.","id":"","so":"","di":"","ct":"","ep":"","ot":"","mt":"","yr":"","rg":"","on":"","sub-source":"","campaignMostRecentID":"","content-id":"","orig-channel":"","campaign-name":"","campaignMostRecentName":"","campaignMostRecentSource":"","campaignMostRecentMedium":"","campaignMostRecentContent":"","campaignMostRecentTerm":"","campaignMostRecentContentID":"","campaignMostRecentSubSource":"","Persistent_utm_medium":"","Persistent_utm_source":"","Persistent_utm_term":"","Persistent_utm_campaign":"","Persistent_Sub_Source":"","Persistent_Content_ID":"","Persistent_Campaign_ID":"","Persistent_utm_content":"","Session_utm_medium":"","Session_utm_source":"","Session_utm_term":"","Session_utm_campaign":"","Session_Sub_Source":"","Session_Content_ID":"","Session_Campaign_ID":"701RN00000RbnVLYAZ","Session_utm_content":"","inquiry":"Gen Enq","fullURL":"https://www-dev.broadridge.com/who-we-serve/asset-management","page_id":"","page_campaign_id":"","ecid":"","elqCampaignId":"","Formmodel":"flyout","Pagetype":"","g-recaptcha-response":"0cAFcWeA5gOT7u46ehwH5dBMu4VbDv5W87Li8i6g6s5ny4bSzYBbEhkViaCCnLemXJNhNcjfnxG3QWMZ1gFVdVV4CnzJMHy7VmGXctQCBAwfwdgS5JXL_5NxEttusx9ld9oE9uHxDzttuFH0wr5dri-RJ-ClK0QY0YYaty24tctg3pZ-1bNMoIK2SM2TYW0G7vYfVMv-PLwk108Ns-ftNSN5hsOg03W_UVjTQy1U6uR8mvxKvN5VyBejoob3AzhXyd7uzYAyKDFSMhFQSr1F3Z7FVIAlNXPaY0NI5p3WxIPkmEbxqm5kOzOnJwoJcIcVJUl8wR929zl66DpXD0KeZYdFtGk1sz1H5On_0w8ccSZz16Ui1HywhB7-UdpcnGGr3uMF6TFvNABXmBkLDSDsaBxHG6qWG74u13penzkA3-3WKqITsBPUhg7FegtqKA0YDqMYa7NFs6is5ILKie_Ypa_icHTsS2DnYCaTJ3Oq1AorFQRDgPs126EsjgziTLTYe_tZ1B2JVO0v_4mCUxjZZQAGN6gaB81a3PZzbawNhbcUT7MAAY8Vi6MgDxRkLoOigbdx5qBPsAKMpyJ9j_EKpK4qWSr5Sa8t5BF0Hn-UDBtawEODfmBEdpDzUj_dGIkWtkkDqtVyIiGHEJBGwjhnEC4tP2qFBA_QKWzP1bCO-6xWNp7n7c3gv8K8ciV8S4dAcDnMPjan9HTLTGr_Q1hgwovmLXiDd6sQVpIZexuxjT_JkCh1YubRfn2dsDalCgSi1BLU3G1tIgwd5K2pU5Wx1RSYJ_SLpX0NnMfqx628yd9a0R-HRGZwcvbJnugVsMcCxXJbnBWWuBJ48IBRhX3iWulFNv7vqe1OpSDoWwMVacGWcdK2NHXxYHWOsm8vUg9jR98C2KOhTIIa2w1bKIYrXfByBCtQ4yhMqaT18ZnK8GqYW6FM2F9wTEXAnCr6AJ6Khy7dgL2f3BmxMbPMw648DocitZj6t8Qj9J7_77fJlynlNfMsUcFDQtcJnXXOL2ZJkOZM8h66ReG5iggfVaXK6SUzcXXUM3vQKocWVMXLA0SFGECyb8wXX46enI_yL8pOvEI4mHXAd1wRU9CFAbydnz69e5nAHrJ7byTKz9Wz1Bn0m1qQJGBmKN1EYbEKaf9LDhnmEzRHRE__yctfMFXXTPLpMKDE5bxiT6HS0VGJ6nS8F1gfU139ic8sK3uIAJIOWuterl_xgC2hQVupfHUsFI2CSWT_gDf1uAv4BFlzKSAzmRQKnNPN8tclKijV2Ua1hxy_YZY01ZpHAoB7CzNd26QJWSoHt9RrqnyGaBezbeupm5DvDnQcSKGljpH1gPJUVY_Tuh4CutuoMLxVxkcsCdj-bfGgZAk6fi1yjATt3JF78uvBt-WLpiCQ5r7KstV4RoiIq-HuN-yK99LDaXuB3Cf7OX473KngB9JqOqY3dHddXj9VPbQvEmk1lSmSNyJONpIpLDcPH_ihVRd4xRSJBY8Tn9NWT6kfmEcmM3gqjt1Ox_5M_XPusN27zV7taGEkVj16ZYuzD0yIsoFwgbUn8HQjp8QPI05StYYtEwXXTPpscUHn92oKKvEu09avsL4C0hMO-Y71Qv_e67"}
formSubmissionId = BRZ1AVVQU-1759844148198
fullURL = https://www-dev.broadridge.com/who-we-serve/asset-management
formSubmissionId = BRZ1AVVQU-1759844148198
fullURL = https://www-dev.broadridge.com/who-we-serve/asset-management
emailTimeStamp = automated_TESTTEST_2025-10-07_13_35_54@broadridge.com
................V2 Contact Us Form Filled...................
form message = 
formpayload for validation = {"formSubmissionId":"BRIWF2QDL-1759844159893","elqFormName":"","elqSiteID":"","datalayerheader":"","contact":"","formgtm":"","elqCustomerGUID":"","elqCookieWrite":"","segment":"","name_first":"First_TESTTEST","name_last":"Last_TESTTEST","email_work":"automated_TESTTEST_2025-10-07_13_35_54@broadridge.com","phone_business":"999-999-9999","job_title":"Job_TESTTEST","Company":"Company_TESTTEST","country":"United States","comment":"This is an automated test submission.  Please ignore.","id":"","so":"","di":"","ct":"","ep":"","ot":"","mt":"","yr":"","rg":"","on":"","sub-source":"","campaignMostRecentID":"","content-id":"","orig-channel":"","campaign-name":"","campaignMostRecentName":"","campaignMostRecentSource":"","campaignMostRecentMedium":"","campaignMostRecentContent":"","campaignMostRecentTerm":"","campaignMostRecentContentID":"","campaignMostRecentSubSource":"","Persistent_utm_medium":"","Persistent_utm_source":"","Persistent_utm_term":"","Persistent_utm_campaign":"","Persistent_Sub_Source":"","Persistent_Content_ID":"","Persistent_Campaign_ID":"","Persistent_utm_content":"","Session_utm_medium":"","Session_utm_source":"","Session_utm_term":"","Session_utm_campaign":"","Session_Sub_Source":"","Session_Content_ID":"","Session_Campaign_ID":"701RN00000RbnVLYAZ","Session_utm_content":"","inquiry":"Gen Enq","fullURL":"https://www-dev.broadridge.com/who-we-serve/asset-management","page_id":"","page_campaign_id":"","ecid":"","elqCampaignId":"","Formmodel":"ungated","Pagetype":"","g-recaptcha-response":"0cAFcWeA57HVp91UjV7--NGY-K0EmJ48lRaBeiYH0_ITipWVSOA_Vpg4ENENibaxhXLbpSMqOy0YWt46uV7iuSYdLNfCQvRDFYm5skyxIYiBAI9y6MBaVVImqCEIGi9jGLLVC8bSYYty6lgRJLI9yHYDe-J3aCygANw1HmV5DFmFYwmC3AOQMBGhqT6fl7Irp2ZhnQ1v7ldxOvrJSbaB1XRyymnLvTx_z2MAbiC9FjII-UFzAf-Heormcp2ydl22who1RIMw7xFoJazk38J7rl_1QzmbnKl03M2TFXezXDghxUgXwIKT8R_1ocmE7aBKJpjE2IEqHYhdzs4J9CR6nzI4dsHapMAUw5oxsEPR_9kYOo7hD74gmeaZZjtH95cfPdu9IQKjthg7SPBGNjZRhwpL8CJfJrsC9XhWJDVaYYeB_n35g9fd4-O_x3JzpYTx5FBsFPxkbOtpP_ovIAjPSgiR9oQqqOGltwwcGcc11cjrxgf5QNwMMXFmRBTWB1XdrV6JtvmoNzYg7sdnNXcRz5ITdWPRBAlS172CJoM0WbjNdzbaVyRycffQBCipxImq1Z0PoXOdxjLBkwjvuExb9V3o7ippKgtClua-GKpCa6e8lGBIlL3kvff1RRljhX8rOgO5exyNYLBdnKjpOQK0CS1FC7ACB6LvQH1IAy5MfJH-sy30jZL3dTNzZ1kxHFseW5BATJftld6QZbCzq2safIkt3urk4aV1us55inlYcPzSH37hmLvXc_1zVISiHgs_0XDTgtYFB8Wcy_YmhURM73qGWvTWrSOPWzIDz_7mHlL3uerm7pFZeVKvJwMU4z0hnqIYvBSMCL1EAUaTqfOcmKhlVkhEIR57sDS0FvSiSF7YTyK9YpeeBE3tu-iHrthpwa2kWfOZpNhGy4lif7J9nJLCVFLOavCvUfYWL5v6feEW11YFyQJOk3cOb7GKNvA1wrAi5UTOBa1wNYm44Pw7e7M8lDXghVHYUI9-gwfkzX5fk4ZyAIvPkVwbP46zLBWfhc4vR28S3DiYXq1xB33c01U05IEf-lGxPnkFMLNDwcxv01La2DdyenY2-r5EifRWYmvQyssafZJ6gdWXqjYTmbZQ98kFeh5OnlAwL2ou49HndsSdIfaZyqkynZsWC4-BH-jj8WwwCp3_ujQaRw228yT9duNmfcZdkBH77aHgoBiKevCpEeIKcauNna4-49GUgVFVFLQtjJO5YO4QPsj2cTKmO-5HFVSWnz2sDl0a_XlXHUi_mABvjbDCDUC3s5sk1Iov5aujjtzGmJlfXxI9X6i33QpeQ4XElxzMgFK-6fEfGs73N9QoiMw_m41tWxE_w1nHeDVXQnq8QYcOBW0Qi0-7lYUBOur-BhT5yMn-UL3Gia4a70rqFCSDbODj1x0WU-Fz-BUnwZwvfSp84wscz-j5_RqXBf6CquXei6FUwA-YmV0nP83GroWu0P2JuN2KfFxrpQ-3G2lG4PHqeG1AfIk-DjRxN3MCKvQrrQ9JeTz9LZzn0oyjk5JjjlRGJ-nU-i6xpSkDxQ7MsoKKjWsmIOnOcjJ-UU8rdIj_32cCzT751BqDOqGjSqwDoNkGFl2nQrPUQLSpIwVfxwVORGltKgcenn8hs_k97gYabJ6DuVXy8ZJTQvCnBBPgY"}
formSubmissionId = BRIWF2QDL-1759844159893
fullURL = https://www-dev.broadridge.com/who-we-serve/asset-management
formSubmissionId = BRIWF2QDL-1759844159893
fullURL = https://www-dev.broadridge.com/who-we-serve/asset-management
]]></system-out>
  </testcase>
  <testcase name="FormTester[https://broadridgedigital:broadridge1@www-dev.broadridge.com/who-we-serve/wealth-management, https://www-dev.broadridge.com/who-we-serve/wealth-management](7)" classname="com.broadridge.Tests" time="47.182">
    <system-out><![CDATA[page URL = https://broadridgedigital:broadridge1@www-dev.broadridge.com/who-we-serve/wealth-management
current URL = https://broadridgedigital:broadridge1@www-dev.broadridge.com/who-we-serve/wealth-management
header ContactUs button found = true
v1 ContactUs form not found
v2 ContactUs form found = true
v2 download form not found
emailTimeStamp = automated_TESTTEST_2025-10-07_13_36_30@broadridge.com
................Header Contact Us Form Filled...................
form message = Something went wrong with our form submission. Please try again.
formpayload for validation = {"formSubmissionId":"BRVQ6PV3F-1759844195206","elqFormName":"","elqSiteID":"","datalayerheader":"","contact":"","formgtm":"","elqCustomerGUID":"","elqCookieWrite":"","segment":"","name_first":"First_TESTTEST","name_last":"Last_TESTTEST","email_work":"automated_TESTTEST_2025-10-07_13_36_30@broadridge.com","phone_business":"999-999-9999","job_title":"Job_TESTTEST","Company":"Company_TESTTEST","country":"United States","comment":"This is an automated test submission.  Please ignore.","id":"","so":"","di":"","ct":"","ep":"","ot":"","mt":"","yr":"","rg":"","on":"","sub-source":"","campaignMostRecentID":"","content-id":"","orig-channel":"","campaign-name":"","campaignMostRecentName":"","campaignMostRecentSource":"","campaignMostRecentMedium":"","campaignMostRecentContent":"","campaignMostRecentTerm":"","campaignMostRecentContentID":"","campaignMostRecentSubSource":"","Persistent_utm_medium":"","Persistent_utm_source":"","Persistent_utm_term":"","Persistent_utm_campaign":"","Persistent_Sub_Source":"","Persistent_Content_ID":"","Persistent_Campaign_ID":"","Persistent_utm_content":"","Session_utm_medium":"","Session_utm_source":"","Session_utm_term":"","Session_utm_campaign":"","Session_Sub_Source":"","Session_Content_ID":"","Session_Campaign_ID":"701RN00000RbnVLYAZ","Session_utm_content":"","inquiry":"Gen Enq","fullURL":"https://www-dev.broadridge.com/who-we-serve/wealth-management","page_id":"","page_campaign_id":"","ecid":"","elqCampaignId":"","Formmodel":"flyout","Pagetype":"","g-recaptcha-response":"0cAFcWeA5Ts4fsVGpwYHqrx-By8gqNVSfd1frC1PxSit1CXu3P2N2jQFXyb890UYK-3XGuvXXwUEQTWm1WYlA5XTrSQcMrx_ylBFoE_oT7jZBmk6eiD0xjEONaOBIQ5VgRHpIz6RcHS3_UQ2y9ZF_MKRGamxADJHqryVDK2gc9JmIQbP3IeeLS46oN74IOdsJoO34ZiogLqchCiwtVZDeOoUxphCy6YzUI0BSauwpxHWYh7d77Vm9Pq0Vj9DaPVLPKyzZQaXeR9zr-dbScmVmzhtaGCbvQZD0Dw9urjRUzNDmTnM62cbaIH0kEqUQEfr0NhPvI0Pzv-jenrc4KIfozt5S3GyhmorlPdcfCSE_30RALH1bDj5IWbYV-lh3uAFXuqxDULS2D4ic5yRO2i_Ool2R7Vk20WtD5M8k3ib6PIEcHk6VujrNd1nfAvQrGqEC12lVAqFVDRCdkGrEqBaVTcChoWEpnwRUMyYPw7DZiocWfUywetuqh2fhp-QU6zM9Gi2AnEjBSrAOKwVqNhiMfs7ZerOkfxpxzsAo_tAtu75i0CJ29nqb_jkmkYm5A2dRiUO1SB3lpiPrUfzk72J2bd3Obo51Cbdz4oWUTEbpzP9yl4_f6iCTzFlSENdrMJQ0rQCp-q6PHxp6Gxm9Fs2pD7nZOyhLbovdzGMNzocnWT6RoYEfuxEXAENQRTyYbU-MoYQBd76pIrHo_2RbcSBMsjYVaZDEtBbIOxbyIrkcGPEg2PUXsMElp-K9caYF1PZjowfkatoat-JiFKE6D2yaBUd-HKpI0-Js609w3RaCLcz2tuTPa1SA32qFVA9l73ddX0FXsceSNXIKO8WDe-n4BJRD7Fqp4wiLxvL7HzzUuyhXu05LoWQg0OINu7CScaOBk7zB0GmW0uJk0qhEZTSD28YtoCX09fdiH1p0nE2XrLicOZKTsqGkCdePiTwmXiR0GJq1CjXSZUkM2xK6oPNLpfg4lAxwx6nmQT233g9_l3VTvEZmpsi3PDsBzrYiQGtwQstY8g5wUWDPIEUtkuCEoz9yD1iWQkvevIgt5lBl6F_LUAbhWIcmTRfgQPfuO_2lm5_jyVDO15icVkJSu4blUbFdIA18jeIo3KJww0dLZoHE5Oh7L3Inf18fGKM21DCKaVZHsv972s08olPL_GLBTqPvhKtTcOpq8qdzfPYCh1EydEHXA-C0A-fuOpPD1Tws_Gp8VberlRVjg6v0_d60rzBOq8su0I3VqvGxMeEEXeqDKy2_YLXMNC5yewO5I2Bb_QmB70EmBojwQF3CTKDR7SmLH2xA-fV3Fy77tYAsTRF11YTdJHN9KzIV8VbSftRMWVdEvi5JteM32JP3d-5XFrJRgQc6JD3wopMQxf9RQcxty-nhOB4fEkPQv3YHzNBEvTouMo_APPlWqlp5aJFWJLs8Vi8Bi3mFj-AfYPCvzB2VGkgj8LGnRFI9-mXnpvnlnHcHk11-m2MgPjXbmuC9aFxfa7EA2Qve_0HVpN_ztdfxdZDnFQdiiQYKBVpTLxZCrmFSbK9ZcnQ4dtHVqxXCBelVfLH23pi0RrFY_yF1LOwQ029TFkD0wEcq4qxec-LfAENlU9eZS2g3q"}
formSubmissionId = BRVQ6PV3F-1759844195206
fullURL = https://www-dev.broadridge.com/who-we-serve/wealth-management
formSubmissionId = BRVQ6PV3F-1759844195206
fullURL = https://www-dev.broadridge.com/who-we-serve/wealth-management
emailTimeStamp = automated_TESTTEST_2025-10-07_13_36_42@broadridge.com
................V2 Contact Us Form Filled...................
form message = 
formpayload for validation = {"formSubmissionId":"BRUSA96OP-1759844207078","elqFormName":"","elqSiteID":"","datalayerheader":"","contact":"","formgtm":"","elqCustomerGUID":"","elqCookieWrite":"","segment":"","name_first":"First_TESTTEST","name_last":"Last_TESTTEST","email_work":"automated_TESTTEST_2025-10-07_13_36_42@broadridge.com","phone_business":"999-999-9999","job_title":"Job_TESTTEST","Company":"Company_TESTTEST","country":"United States","comment":"This is an automated test submission.  Please ignore.","id":"","so":"","di":"","ct":"","ep":"","ot":"","mt":"","yr":"","rg":"","on":"","sub-source":"","campaignMostRecentID":"","content-id":"","orig-channel":"","campaign-name":"","campaignMostRecentName":"","campaignMostRecentSource":"","campaignMostRecentMedium":"","campaignMostRecentContent":"","campaignMostRecentTerm":"","campaignMostRecentContentID":"","campaignMostRecentSubSource":"","Persistent_utm_medium":"","Persistent_utm_source":"","Persistent_utm_term":"","Persistent_utm_campaign":"","Persistent_Sub_Source":"","Persistent_Content_ID":"","Persistent_Campaign_ID":"","Persistent_utm_content":"","Session_utm_medium":"","Session_utm_source":"","Session_utm_term":"","Session_utm_campaign":"","Session_Sub_Source":"","Session_Content_ID":"","Session_Campaign_ID":"701RN00000RbnVLYAZ","Session_utm_content":"","inquiry":"Gen Enq","fullURL":"https://www-dev.broadridge.com/who-we-serve/wealth-management","page_id":"","page_campaign_id":"","ecid":"","elqCampaignId":"","Formmodel":"ungated","Pagetype":"","g-recaptcha-response":"0cAFcWeA4pQfgE6Iw_pieIIDSyIhUi0UOzH9Cc6-UmPsTq5T58oARA6Uto6G6yavIBjFYwUPq9lkc5vVH3G-HPccm8sezkFoamGkxAtBPMdCMb_AcdmcY8YI6HHpyuwI2gUEDDuV8gEjtY1ohN9Ok10vLLipKNVbTG_HDixwm38lDnNSHBGdn4IPUse0v-ys8oZDZFVZknSj6Qr0BTHBqyDmoHWhVEDCClF1halRXfOSdaXtWhyRd4kN4WtuQhTXiDi0OwmbRUwZi_ZdIWz4Ldm4kWAE3UH7SjUjKrlED2zuJRCkKFscoYjuunIutInXVyOISYPa6J3qQsiSOG-EqvgcSThIwbKZYvwBMAOL3xFVKYNa0VrSrELO7AfAZf7lOcuVpwqr-0GUI9VXh6qX-QetxPlKjBchwagVg8ESvzc_NdPQYJeY8CBOZpLXaRo93RvBQHTHOo6xQ7ZDsu_2gFiMJLgllJdVjsNryF8NZOn5HEA4Yg_AS5Fs1uObH_cWRlnT_UM6edobNoV8Ms7vWyNHEaKR2GZb0tOOm_WmkXruMS4Rclu-hFAFfeOn-C_Uy7ES_bcGTlO05OlRvmMDAh5JR90Fe5V2kC_nIag5goq4nPiyg-Id2z6adHubv_uzjB7TA1VfCOrcUKXpQHSZsNOqSDtQQBW9-VY0xESrsl8OaubJROmbjPVTSIM_3N7_qk7EZ7pjKM_O3kBgawjFl7hQAp_VszPr39CiriOqdRiJyhzanExCnkO5KJSuLEva7c6jrHriiqBaC_ErjA5VhDdbOg3VZnxGc1SfvDM0-s4EOriQCX3quPBaa89ChuG9IsG_VQdNJ_7gJAaQinz28n653kYbjspuzHq7XNr2qhnu7qWGsEPmx82HWGACPNcOVyRDpPU1-7Rh9mEvwQz7Jz_4XU2Ko3kJbwCYHQcVjPUXZ84U9w5Nc0N2SA_exywVj-ELyyFLroo5l5i8marHMUqlDD-gSs2jXL91pV42N3VP-Jot8iG5_MoaZGCqugFP211KBCIKZvHIY4YUpvJ5K79aDv5PUXwB0l5N5-su4BSSQ1Ppn__B6PEdh1YLbPXAvE7xjdG7vooLtTKPfH9V67fxyQDDHgkWGQCAGzOpX3hhB5c4WQjH_Avu5ct1WMsh3-4pN9iQMsReCdH_J-LGgBlCltx0MRH8BjUO5fFfulANDoFvdYDKLgO1SDtPd-5_s4D3XzruCUvNT9-EYho3P5HQMXuKkoxIKqyydEk02XZaw4K28RRlK7Dym6G3pR26lpUzkNHo9GiBk8n3GkBU-C1guNvc_i9X80srNKAhjhxqLbRlDN-RHs3lkK8utSTbC8VSOIS9Og1weOG093O3MO3azXFBB_knsX7hLIMReHQR6-G-X1goOGd608mjxV91SOAlgKOeyHC4-8NzP9nvXw3_Ss0jvjNv1pyECkhwwbUEHvZwCbviBnaGy0f8h-AuH0y8wUNv295F7LtzwmqIx_IqwWbDKfs8q3sVkpEpIerUAY3KlI_Li2ntAxNnPKHf6-3hqEUfkNGf_6Miw9Byd9cgwQuC31l0qpOoleJPjEClVoFca89dF5c2yQ-ajfSfV5dVwExFN_yNUe"}
formSubmissionId = BRUSA96OP-1759844207078
fullURL = https://www-dev.broadridge.com/who-we-serve/wealth-management
formSubmissionId = BRUSA96OP-1759844207078
fullURL = https://www-dev.broadridge.com/who-we-serve/wealth-management
]]></system-out>
  </testcase>
  <testcase name="FormTester[https://broadridgedigital:broadridge1@www-dev.broadridge.com/who-we-serve/consumer-industries, https://www-dev.broadridge.com/who-we-serve/consumer-industries](8)" classname="com.broadridge.Tests" time="46.572">
    <system-out><![CDATA[page URL = https://broadridgedigital:broadridge1@www-dev.broadridge.com/who-we-serve/consumer-industries
current URL = https://broadridgedigital:broadridge1@www-dev.broadridge.com/who-we-serve/consumer-industries
header ContactUs button found = true
v1 ContactUs form not found
v2 ContactUs form found = true
v2 download form not found
emailTimeStamp = automated_TESTTEST_2025-10-07_13_37_17@broadridge.com
................Header Contact Us Form Filled...................
form message = Something went wrong with our form submission. Please try again.
formpayload for validation = {"formSubmissionId":"BRZPXDYLF-1759844242125","elqFormName":"","elqSiteID":"","datalayerheader":"","contact":"","formgtm":"","elqCustomerGUID":"","elqCookieWrite":"","segment":"","name_first":"First_TESTTEST","name_last":"Last_TESTTEST","email_work":"automated_TESTTEST_2025-10-07_13_37_17@broadridge.com","phone_business":"999-999-9999","job_title":"Job_TESTTEST","Company":"Company_TESTTEST","country":"United States","comment":"This is an automated test submission.  Please ignore.","id":"","so":"","di":"","ct":"","ep":"","ot":"","mt":"","yr":"","rg":"","on":"","sub-source":"","campaignMostRecentID":"","content-id":"","orig-channel":"","campaign-name":"","campaignMostRecentName":"","campaignMostRecentSource":"","campaignMostRecentMedium":"","campaignMostRecentContent":"","campaignMostRecentTerm":"","campaignMostRecentContentID":"","campaignMostRecentSubSource":"","Persistent_utm_medium":"","Persistent_utm_source":"","Persistent_utm_term":"","Persistent_utm_campaign":"","Persistent_Sub_Source":"","Persistent_Content_ID":"","Persistent_Campaign_ID":"","Persistent_utm_content":"","Session_utm_medium":"","Session_utm_source":"","Session_utm_term":"","Session_utm_campaign":"","Session_Sub_Source":"","Session_Content_ID":"","Session_Campaign_ID":"701RN00000RbnVLYAZ","Session_utm_content":"","inquiry":"Gen Enq","fullURL":"https://www-dev.broadridge.com/who-we-serve/consumer-industries","page_id":"","page_campaign_id":"","ecid":"","elqCampaignId":"","Formmodel":"flyout","Pagetype":"","g-recaptcha-response":"0cAFcWeA7yAMCKp1LJEPabGA6o7O3vEFgAPvjBsGWegtlBawrSKS0ZlQYHbc3iXYgEjH70WyiaITuhRCuKy8i3YAPRMuwWQ2HBfIICEh8oLxZB2S4FLJbIOQRVDu-yPfYl8UiPg4kBH-1wl5yM3LEikjpEUYlo3PstKE4GotCl0XMh9_teHyH0Geye8B_oi8JOk6na6mKpRlu-czDzlqlyiE4DKaAgO_v-rw5CtZAN16O4nOInp1dGEnE6IOq6ggjVapeENZDoJlTRFo-TCO7X6lzZsEhmUiuEl5EFHL4nsitUMPqPI-_LJiIimTqUfFm93Zrvhst9-Ijmu647vRqaD62bv4QuzIGinvAc0v5nW5zqIsWrGC7TtM-GSSZskDY9_5Et7dysLTikr-sIWYS5a7ACQa7JqulFPDk2tAA7LYGyjt-WHwU_rekT3-rcT2w1fnzYUIVRNaJWpj5-luFJjzgnTmPAGwICXWVq4polTEoWRDAOLCJNir4MGYRpLuFyxHZbjbptEJMY0RcGBcWnItJcc0iT23dak_95ysF5kjIul3lWWZG4et3DhGhkvtBeiDFOoCAK2evHDwtesuwAcDyJcTnsX0sYVyxeaeyDpYcrg3Jeb8nr8ccGpUEZ_OE_K2_JconfuUyZKAo19HAG0n6XfgDC1Kt_dVCHyVeAz0sIT-q_iV26ImsLckuq6BbW9TMg_umbb6C1HY9qaJQZOZ1b8RoDD-b12LBRrgVs7exqGpxv0Y-eUipdY02JO1HnByM3li4k-KFFzUfeRCFC53QpleUQtVhZc6VYtCaQ_g8ZuC549uBp32-v-zt1a1V134nw1OhhH2BkL6o2jWxjOFKSbTNNJmvsVUT6lF56nrDMc1MoQTxpMHthtf4WlBhOV4U-FnPWdLdDA8S_dDKhW1kEWttnlyi4Rydk1G7xZjhJjmae9Oqo4HzpgUO5cRmExas6fA3CSAJox5ReXfz2Ua_SMlFgaWfQ2uLQNESVqwpR-EyKoAD8DFBAvNzif7NDg1lzfWSSr94nzPL8Eg3s1GVc7-vfGZFbDaUsNoQnmD3iiAMxTBBjkvjBE1wOWDvJm2R67MfCBCFWAvrMyNf_tihaWsDnx-ynSss8Af1eLcwp7L3xX2tz5Nd98xod_j1rtrV06kYtoe_pU-E_CUAxrE4HUzdRX5eG-mIGJSzJ_Af6YePvnRWCAqG-PjdRfrzkYffNU92iKxkeTKKZzEVY8B_Hsxxt6JAHdNtM79Bvy1ozYtDd-DGkOZz2MmEzVUPfTpaNIei8MgxKGBPUv_O5GEWbBMnCOAxrLGcsQCA2fzrDvI6f8ZFEcyo1jQ0cHoTzeZ_PfvOfqJ2H-uKeNsOdRnMekX3sTGNWx47gyj-tCkgYqUBJgje3hzdfZaCmPAZTPyIIrcasf4UGW3U9W8xLS18wyrwnJ1YViQ1RhJ3AX7ERUtuG7T5F1E5KUpYQDXTbIseHg5c7XQrCXcV4W_vc-p8VCwVW2or2qdmLZQAngV-LFxE6tNfEOuZepleVl8h_3r35oL_9ky-x1IgTKLOHjXXFyUapMzxeXh21uL4Zz8d9mtnIm3WgNX5qSeS-G9j9I4P8dkc6Lu8peLfOw-BdzpoXc-fBwcb3W_qJKlzXD6C3hmMsHmVr8wo"}
formSubmissionId = BRZPXDYLF-1759844242125
fullURL = https://www-dev.broadridge.com/who-we-serve/consumer-industries
formSubmissionId = BRZPXDYLF-1759844242125
fullURL = https://www-dev.broadridge.com/who-we-serve/consumer-industries
emailTimeStamp = automated_TESTTEST_2025-10-07_13_37_28@broadridge.com
................V2 Contact Us Form Filled...................
form message = 
formpayload for validation = {"formSubmissionId":"BRVHZCZUQ-1759844253680","elqFormName":"","elqSiteID":"","datalayerheader":"","contact":"","formgtm":"","elqCustomerGUID":"","elqCookieWrite":"","segment":"","name_first":"First_TESTTEST","name_last":"Last_TESTTEST","email_work":"automated_TESTTEST_2025-10-07_13_37_28@broadridge.com","phone_business":"999-999-9999","job_title":"Job_TESTTEST","Company":"Company_TESTTEST","country":"United States","comment":"This is an automated test submission.  Please ignore.","id":"","so":"","di":"","ct":"","ep":"","ot":"","mt":"","yr":"","rg":"","on":"","sub-source":"","campaignMostRecentID":"","content-id":"","orig-channel":"","campaign-name":"","campaignMostRecentName":"","campaignMostRecentSource":"","campaignMostRecentMedium":"","campaignMostRecentContent":"","campaignMostRecentTerm":"","campaignMostRecentContentID":"","campaignMostRecentSubSource":"","Persistent_utm_medium":"","Persistent_utm_source":"","Persistent_utm_term":"","Persistent_utm_campaign":"","Persistent_Sub_Source":"","Persistent_Content_ID":"","Persistent_Campaign_ID":"","Persistent_utm_content":"","Session_utm_medium":"","Session_utm_source":"","Session_utm_term":"","Session_utm_campaign":"","Session_Sub_Source":"","Session_Content_ID":"","Session_Campaign_ID":"701RN00000RbnVLYAZ","Session_utm_content":"","inquiry":"Gen Enq","fullURL":"https://www-dev.broadridge.com/who-we-serve/consumer-industries","page_id":"","page_campaign_id":"","ecid":"","elqCampaignId":"","Formmodel":"ungated","Pagetype":"","g-recaptcha-response":"0cAFcWeA4OT_OssNWWRZVzBV4wQ_7oVd7wtlzRAGG1xl1eMMCEYOMCS25N9CBSRjIpqZQhSRkZ1kH9KDdllkEMBFyfTaSUdnjBSQjA5u3SRR1BXXGWO5OUMz5_mqlzJCTDPTrFdJ3wjBHfEOtT686Et53ynbHZ-ChqQ1DiqTopK75JuduIxzlmnfh_xJS80xzJYuUlb6YIaP_Vudq_IdKBNOBQu3J2xnXk73e-YjSEEGb-H_AovimZueGptBB-pUdUPpVIpRNwsozKVy3nV2GXjk3Ko7btUZv3zJHGMsXYS2yV8pjeZsknqxykFkqgFz9lzru-Dn4PR_e_tmqjdD4gun7jDmmHvXt3Ly2ZIsLKQpBalXQI6AV3g4W5y-HeVDlWsFenWdBis3dx3z9UIBYoPonZLaRCg3VnyJl4Jqd1FSUC_bgzY7zPmKMjjH1iKqtrZf1RPustgCylK3NYyRk8q1Ph84yRPY1qNUwu555GgrQJE6DOE1b-2asoB8uaf95iqc8I3SGB4rECruJOjzfoL59lyl8XcWZICVkUrl2YaYa9WZ7OS1PiRqaPkwB2OXYHZyOEANMVk88eI2kTqmwiUMSmuohPgZTsG4SSkkqN0BxWCrqHoXKR_-YNU2lgaVxtyHm1G1qq9SXhSFkKqaO_yg6Ypv9L3CZdbtz-hFAvR48s1r27GxC9ljFAXh2UHO4HvWMJiAQDvr_ZV1lTZFDP1dIrYFC5Uf-EeqrkatTqzd351wLqccMQr9woIMJe3I1_b_ymScCtTZpnsJe34TmbQpYlbWXSducv7pjF3_u9D2qcHi3GcID7JiPb_rZ3sDkm45QKq_aqJz64tUCT-9UilZeiSnt02mpWiI4JC3wPusR5HvZxcC6wRleZVCP3MaXib6LoCwghxX4rKZmJSVCFpaCUKnETMHQmuRBrTWXSdSWb80KVrBE5e89ijn8IW7tDiE1j-qjr50t0ZI3sznhaUgxclILzxEgO_MynEHHN9jyDkdAuv1c5TxY-ukeYgvIwIHagb_bhvIFTQLuB60XH5dp4OYkYm5_PFQyr081mdf6D7GY0-c5zeyzP7inS-vVItGUsrvXWD5G1KTQ_TlBZOqb-xVj_veH6c6vwropZax8iNcQfzBxtukhyJ-6KZY8yACANcvCrkNUZgIH5OvE52yyK72ELZIgNCGWxQskdKJeFOaOmE5tiRZekT1WcbYOLd-TWcDoHpGNCdT5nEjWbkePLSvaSoDw3zHgF2eNJUn-6HlTSLFlT715bsfHJj4pXN-Epz7CaQZ-Z5V2xRD4x1gLEHH3a_3WQzOrXCpQxi8RWmrx0I852jEZ__73n-nBcLFBZFLPTMTG8UGFQfk-LDE5eOrTT8OvWL_Atm1X6KmPSgwo-ExU5epAe3eW_5b4VE8-QuXe4JfLf59jdyQrSDFdGugAIkl9fPUnkvQrFisdJcHcVr_DJoL2NJQJkjzboRo54byBzQtd3wfBgkIIPrqHGwcYXEAP3bGMMwSTZi4G4RaP_lywzdvcbSESFtoNHvGBWPZlBM4UipjQd5AtFO-7UKcnlg97NpB8hh-qJdZEPTMcBWMAyjNHHSXCUleL_gwcrf46ToQBS"}
formSubmissionId = BRVHZCZUQ-1759844253680
fullURL = https://www-dev.broadridge.com/who-we-serve/consumer-industries
formSubmissionId = BRVHZCZUQ-1759844253680
fullURL = https://www-dev.broadridge.com/who-we-serve/consumer-industries
]]></system-out>
  </testcase>
  <testcase name="FormTester[https://broadridgedigital:broadridge1@www.broadridge.com/insight-pages/broadridge-insights, https://www.broadridge.com/insight-pages/broadridge-insights](9)" classname="com.broadridge.Tests" time="49.05">
    <system-out><![CDATA[page URL = https://broadridgedigital:broadridge1@www.broadridge.com/insight-pages/broadridge-insights
current URL = https://broadridgedigital:broadridge1@www.broadridge.com/insight-pages/broadridge-insights
header ContactUs button found = true
v1 ContactUs form not found
v2 ContactUs form found = true
v2 download form not found
emailTimeStamp = automated_TESTTEST_2025-10-07_13_38_04@broadridge.com
................Header Contact Us Form Filled...................
form message = Something went wrong with our form submission. Please try again.
formpayload for validation = {"formSubmissionId":"BRVHZCZUQ-1759844253680","elqFormName":"","elqSiteID":"","datalayerheader":"","contact":"","formgtm":"","elqCustomerGUID":"","elqCookieWrite":"","segment":"","name_first":"First_TESTTEST","name_last":"Last_TESTTEST","email_work":"automated_TESTTEST_2025-10-07_13_37_28@broadridge.com","phone_business":"999-999-9999","job_title":"Job_TESTTEST","Company":"Company_TESTTEST","country":"United States","comment":"This is an automated test submission.  Please ignore.","id":"","so":"","di":"","ct":"","ep":"","ot":"","mt":"","yr":"","rg":"","on":"","sub-source":"","campaignMostRecentID":"","content-id":"","orig-channel":"","campaign-name":"","campaignMostRecentName":"","campaignMostRecentSource":"","campaignMostRecentMedium":"","campaignMostRecentContent":"","campaignMostRecentTerm":"","campaignMostRecentContentID":"","campaignMostRecentSubSource":"","Persistent_utm_medium":"","Persistent_utm_source":"","Persistent_utm_term":"","Persistent_utm_campaign":"","Persistent_Sub_Source":"","Persistent_Content_ID":"","Persistent_Campaign_ID":"","Persistent_utm_content":"","Session_utm_medium":"","Session_utm_source":"","Session_utm_term":"","Session_utm_campaign":"","Session_Sub_Source":"","Session_Content_ID":"","Session_Campaign_ID":"701RN00000RbnVLYAZ","Session_utm_content":"","inquiry":"Gen Enq","fullURL":"https://www-dev.broadridge.com/who-we-serve/consumer-industries","page_id":"","page_campaign_id":"","ecid":"","elqCampaignId":"","Formmodel":"ungated","Pagetype":"","g-recaptcha-response":"0cAFcWeA4OT_OssNWWRZVzBV4wQ_7oVd7wtlzRAGG1xl1eMMCEYOMCS25N9CBSRjIpqZQhSRkZ1kH9KDdllkEMBFyfTaSUdnjBSQjA5u3SRR1BXXGWO5OUMz5_mqlzJCTDPTrFdJ3wjBHfEOtT686Et53ynbHZ-ChqQ1DiqTopK75JuduIxzlmnfh_xJS80xzJYuUlb6YIaP_Vudq_IdKBNOBQu3J2xnXk73e-YjSEEGb-H_AovimZueGptBB-pUdUPpVIpRNwsozKVy3nV2GXjk3Ko7btUZv3zJHGMsXYS2yV8pjeZsknqxykFkqgFz9lzru-Dn4PR_e_tmqjdD4gun7jDmmHvXt3Ly2ZIsLKQpBalXQI6AV3g4W5y-HeVDlWsFenWdBis3dx3z9UIBYoPonZLaRCg3VnyJl4Jqd1FSUC_bgzY7zPmKMjjH1iKqtrZf1RPustgCylK3NYyRk8q1Ph84yRPY1qNUwu555GgrQJE6DOE1b-2asoB8uaf95iqc8I3SGB4rECruJOjzfoL59lyl8XcWZICVkUrl2YaYa9WZ7OS1PiRqaPkwB2OXYHZyOEANMVk88eI2kTqmwiUMSmuohPgZTsG4SSkkqN0BxWCrqHoXKR_-YNU2lgaVxtyHm1G1qq9SXhSFkKqaO_yg6Ypv9L3CZdbtz-hFAvR48s1r27GxC9ljFAXh2UHO4HvWMJiAQDvr_ZV1lTZFDP1dIrYFC5Uf-EeqrkatTqzd351wLqccMQr9woIMJe3I1_b_ymScCtTZpnsJe34TmbQpYlbWXSducv7pjF3_u9D2qcHi3GcID7JiPb_rZ3sDkm45QKq_aqJz64tUCT-9UilZeiSnt02mpWiI4JC3wPusR5HvZxcC6wRleZVCP3MaXib6LoCwghxX4rKZmJSVCFpaCUKnETMHQmuRBrTWXSdSWb80KVrBE5e89ijn8IW7tDiE1j-qjr50t0ZI3sznhaUgxclILzxEgO_MynEHHN9jyDkdAuv1c5TxY-ukeYgvIwIHagb_bhvIFTQLuB60XH5dp4OYkYm5_PFQyr081mdf6D7GY0-c5zeyzP7inS-vVItGUsrvXWD5G1KTQ_TlBZOqb-xVj_veH6c6vwropZax8iNcQfzBxtukhyJ-6KZY8yACANcvCrkNUZgIH5OvE52yyK72ELZIgNCGWxQskdKJeFOaOmE5tiRZekT1WcbYOLd-TWcDoHpGNCdT5nEjWbkePLSvaSoDw3zHgF2eNJUn-6HlTSLFlT715bsfHJj4pXN-Epz7CaQZ-Z5V2xRD4x1gLEHH3a_3WQzOrXCpQxi8RWmrx0I852jEZ__73n-nBcLFBZFLPTMTG8UGFQfk-LDE5eOrTT8OvWL_Atm1X6KmPSgwo-ExU5epAe3eW_5b4VE8-QuXe4JfLf59jdyQrSDFdGugAIkl9fPUnkvQrFisdJcHcVr_DJoL2NJQJkjzboRo54byBzQtd3wfBgkIIPrqHGwcYXEAP3bGMMwSTZi4G4RaP_lywzdvcbSESFtoNHvGBWPZlBM4UipjQd5AtFO-7UKcnlg97NpB8hh-qJdZEPTMcBWMAyjNHHSXCUleL_gwcrf46ToQBS"}
formSubmissionId = BRVHZCZUQ-1759844253680
fullURL = https://www-dev.broadridge.com/who-we-serve/consumer-industries
formSubmissionId = BRVHZCZUQ-1759844253680
fullURL = https://www-dev.broadridge.com/who-we-serve/consumer-industries
emailTimeStamp = automated_TESTTEST_2025-10-07_13_38_16@broadridge.com
................V2 Contact Us Form Filled...................
form message = 
formpayload for validation = {"formSubmissionId":"BRVHZCZUQ-1759844253680","elqFormName":"","elqSiteID":"","datalayerheader":"","contact":"","formgtm":"","elqCustomerGUID":"","elqCookieWrite":"","segment":"","name_first":"First_TESTTEST","name_last":"Last_TESTTEST","email_work":"automated_TESTTEST_2025-10-07_13_37_28@broadridge.com","phone_business":"999-999-9999","job_title":"Job_TESTTEST","Company":"Company_TESTTEST","country":"United States","comment":"This is an automated test submission.  Please ignore.","id":"","so":"","di":"","ct":"","ep":"","ot":"","mt":"","yr":"","rg":"","on":"","sub-source":"","campaignMostRecentID":"","content-id":"","orig-channel":"","campaign-name":"","campaignMostRecentName":"","campaignMostRecentSource":"","campaignMostRecentMedium":"","campaignMostRecentContent":"","campaignMostRecentTerm":"","campaignMostRecentContentID":"","campaignMostRecentSubSource":"","Persistent_utm_medium":"","Persistent_utm_source":"","Persistent_utm_term":"","Persistent_utm_campaign":"","Persistent_Sub_Source":"","Persistent_Content_ID":"","Persistent_Campaign_ID":"","Persistent_utm_content":"","Session_utm_medium":"","Session_utm_source":"","Session_utm_term":"","Session_utm_campaign":"","Session_Sub_Source":"","Session_Content_ID":"","Session_Campaign_ID":"701RN00000RbnVLYAZ","Session_utm_content":"","inquiry":"Gen Enq","fullURL":"https://www-dev.broadridge.com/who-we-serve/consumer-industries","page_id":"","page_campaign_id":"","ecid":"","elqCampaignId":"","Formmodel":"ungated","Pagetype":"","g-recaptcha-response":"0cAFcWeA4OT_OssNWWRZVzBV4wQ_7oVd7wtlzRAGG1xl1eMMCEYOMCS25N9CBSRjIpqZQhSRkZ1kH9KDdllkEMBFyfTaSUdnjBSQjA5u3SRR1BXXGWO5OUMz5_mqlzJCTDPTrFdJ3wjBHfEOtT686Et53ynbHZ-ChqQ1DiqTopK75JuduIxzlmnfh_xJS80xzJYuUlb6YIaP_Vudq_IdKBNOBQu3J2xnXk73e-YjSEEGb-H_AovimZueGptBB-pUdUPpVIpRNwsozKVy3nV2GXjk3Ko7btUZv3zJHGMsXYS2yV8pjeZsknqxykFkqgFz9lzru-Dn4PR_e_tmqjdD4gun7jDmmHvXt3Ly2ZIsLKQpBalXQI6AV3g4W5y-HeVDlWsFenWdBis3dx3z9UIBYoPonZLaRCg3VnyJl4Jqd1FSUC_bgzY7zPmKMjjH1iKqtrZf1RPustgCylK3NYyRk8q1Ph84yRPY1qNUwu555GgrQJE6DOE1b-2asoB8uaf95iqc8I3SGB4rECruJOjzfoL59lyl8XcWZICVkUrl2YaYa9WZ7OS1PiRqaPkwB2OXYHZyOEANMVk88eI2kTqmwiUMSmuohPgZTsG4SSkkqN0BxWCrqHoXKR_-YNU2lgaVxtyHm1G1qq9SXhSFkKqaO_yg6Ypv9L3CZdbtz-hFAvR48s1r27GxC9ljFAXh2UHO4HvWMJiAQDvr_ZV1lTZFDP1dIrYFC5Uf-EeqrkatTqzd351wLqccMQr9woIMJe3I1_b_ymScCtTZpnsJe34TmbQpYlbWXSducv7pjF3_u9D2qcHi3GcID7JiPb_rZ3sDkm45QKq_aqJz64tUCT-9UilZeiSnt02mpWiI4JC3wPusR5HvZxcC6wRleZVCP3MaXib6LoCwghxX4rKZmJSVCFpaCUKnETMHQmuRBrTWXSdSWb80KVrBE5e89ijn8IW7tDiE1j-qjr50t0ZI3sznhaUgxclILzxEgO_MynEHHN9jyDkdAuv1c5TxY-ukeYgvIwIHagb_bhvIFTQLuB60XH5dp4OYkYm5_PFQyr081mdf6D7GY0-c5zeyzP7inS-vVItGUsrvXWD5G1KTQ_TlBZOqb-xVj_veH6c6vwropZax8iNcQfzBxtukhyJ-6KZY8yACANcvCrkNUZgIH5OvE52yyK72ELZIgNCGWxQskdKJeFOaOmE5tiRZekT1WcbYOLd-TWcDoHpGNCdT5nEjWbkePLSvaSoDw3zHgF2eNJUn-6HlTSLFlT715bsfHJj4pXN-Epz7CaQZ-Z5V2xRD4x1gLEHH3a_3WQzOrXCpQxi8RWmrx0I852jEZ__73n-nBcLFBZFLPTMTG8UGFQfk-LDE5eOrTT8OvWL_Atm1X6KmPSgwo-ExU5epAe3eW_5b4VE8-QuXe4JfLf59jdyQrSDFdGugAIkl9fPUnkvQrFisdJcHcVr_DJoL2NJQJkjzboRo54byBzQtd3wfBgkIIPrqHGwcYXEAP3bGMMwSTZi4G4RaP_lywzdvcbSESFtoNHvGBWPZlBM4UipjQd5AtFO-7UKcnlg97NpB8hh-qJdZEPTMcBWMAyjNHHSXCUleL_gwcrf46ToQBS"}
formSubmissionId = BRVHZCZUQ-1759844253680
fullURL = https://www-dev.broadridge.com/who-we-serve/consumer-industries
formSubmissionId = BRVHZCZUQ-1759844253680
fullURL = https://www-dev.broadridge.com/who-we-serve/consumer-industries
]]></system-out>
  </testcase>
  <testcase name="FormTester[https://broadridgedigital:broadridge1@www-dev.broadridge.com/financial-services/asset-management/retirement-services/fiduciary-software-and-technology/fiduciary-focus-toolkit, https://www-dev.broadridge.com/financial-services/asset-management/retirement-services/fiduciary-software-and-technology/fiduciary-focus-toolkit](10)" classname="com.broadridge.Tests" time="44.666">
    <system-out><![CDATA[page URL = https://broadridgedigital:broadridge1@www-dev.broadridge.com/financial-services/asset-management/retirement-services/fiduciary-software-and-technology/fiduciary-focus-toolkit
current URL = https://broadridgedigital:broadridge1@www-dev.broadridge.com/financial-services/asset-management/retirement-services/fiduciary-software-and-technology/fiduciary-focus-toolkit
Header ContactUs button not found
v1 ContactUs form not found
v2 ContactUs form not found
v2 download form not found
--------!!! NO FORM IS FOUND ON THE PAGE !!!--------
]]></system-out>
  </testcase>
</testsuite>