<?xml version="1.0" encoding="UTF-8"?>
<testsuite xmlns:xsi="http://www.w3.org/2001/XMLSchema-instance" xsi:noNamespaceSchemaLocation="https://maven.apache.org/surefire/maven-surefire-plugin/xsd/surefire-test-report-3.0.xsd" version="3.0" name="TestSuite" time="809.641" tests="1" errors="0" skipped="0" failures="0">
  <properties>
[...]
</properties>
  <testcase name="formTest" classname="com.broadridge.Tests" time="809.012">
    <system-out><![CDATA[-------------------------------TEST STARTED--------------------------------
2026-02-09T06:42:46.068129666Z main ERROR Log4j API could not find a logging provider.
lastRow = 19
66848
header ContactUs button found = true
emailTimeStamp = automated_TESTTEST_2026-02-09_06_42_56@broadridge.com
📤 Form payload = {"formSubmissionId":"","elqFormName":"","elqSiteID":"","datalayerheader":"","contact":"","formgtm":"","elqCustomerGUID":"","elqCookieWrite":"","segment":"capital-markets","name_first":"First_66848_TESTTEST","name_last":"Last_66848_TESTTEST","email_work":"automated_TESTTEST_2026-02-09_06_42_56@broadridge.com","phone_business":"999-999-9999","job_title":"Job_66848_TESTTEST","Company":"Company_66848_TESTTEST","country":"United States","comment":"This is an automated test submission. Please ignore.","id":"","so":"","di":"","ct":"","ep":"","ot":"","mt":"","yr":"","rg":"","on":"","sub-source":"","campaignMostRecentID":"","content-id":"","orig-channel":"","campaign-name":"","campaignMostRecentName":"","campaignMostRecentSource":"","campaignMostRecentMedium":"","campaignMostRecentContent":"","campaignMostRecentTerm":"","campaignMostRecentContentID":"","campaignMostRecentSubSource":"","Persistent_utm_medium":"","Persistent_utm_source":"","Persistent_utm_term":"","Persistent_utm_campaign":"","Persistent_Sub_Source":"","Persistent_Content_ID":"","Persistent_Campaign_ID":"","Persistent_utm_content":"","Session_utm_medium":"","Session_utm_source":"","Session_utm_term":"","Session_utm_campaign":"","Session_Sub_Source":"","Session_Content_ID":"","Session_Campaign_ID":"701RN00000RbnVLYAZ","Session_utm_content":"","inquiry":"","fullURL":"https://www-dev.broadridge.com/white-paper/the-service-value-chain-how-data-management-powers-performance","page_id":"14926","page_campaign_id":"0","ecid":"","elqCampaignId":"","Formmodel":"flyout","Pagetype":"","g-recaptcha-response":"0cAFcWeA4rdm28QTTShnKeBltQTfXFm-6vt5tkxjqO_Cshf_i4b1etLme_pz03yZbDO_MNgznxEsSaSJnWfeYZq5Fe6Yo_Vrgfq2jg32xuolqIXclREq7SxhYpD-fRE_i0T6AcNh2U_JUQY2XElTX14gLLJCfJ4aBkDaDgGCblspT1Wf9CSXQfaY3SVjUWEIqwDL_QExc2RLpuz-IV5Z78rTguSbl8eT24RI3hfdKrS_ha4ulr-_VPq1ohBwpFRM0uMzO18Mqfwf18290AnYDsKVFz6Ycot_fEN80IALOdYiy3S38bABJQUlTmgkM4lJbzcg5kIXGqp_RpyM-RPOIwwDRbfWEzOla5a0LL-b_IFAwBJ2v8uvNDkAgCnYb-5TBCSHjKJbF1UN2JBsiVPDDW1ZKVEwDFcP_bfsoTz6pU0MhCd_pBjZ9l5zEKbrL6OAHeYk2FIXwHB6Esf8qr4iiawq7DhAnyHjIGHNSnt66Qd66wlrq4SrAjhwUQrklgTW8o7In0_zqUZ5ljEsu7N1VZHHyfRqVEzkp2Geqzln-zSt1jcaw-ws2E6vGRoeNQu_c_vlSvdvgHQpTpsYs6jV-E3GYAtgfzefkc2X1lDiMYl82e6cjFFjDklDM3veU_D7Z56lV6n-bYDXy8FWRSx2cB7wJedK2TYvc9NaOAc0H7xscg2j0EE7rHvkv6wJBsC89zfe1Q0fqy9vivoDhB7YNrZoUsDmS52nkJE1R7YIQI2ese4FZHI7aEBsEs--dH-JuMMUugvFU62AF15DonQryAg83u7ZZ3to0xA_VZ_2Vr27dgqhUM-AjsRSkNmFQL5rbMhjgxWCp9XNPS4Om2h7ve7M_Jv83a1_O3GXFhBxRtmsogWTrtyxGfI7V1inlLg1Mq-3WK2wrUzsbqN613etEj675kh1VlDWaBzKnDjna55UXqy4zZTCrMOMDw40oCdREc-HyJ1d5_I-OFGa1xJ5dgjOrcxFeg7VZekQWK_wdFxplZqjz1UImiZcXyx7ndsSVgMnYK80wE7tSR_zsCeMMqHFdqX-kFvPutEVWJW4Lq-tuWMa3u5JFa1IODG8GQxHzUCrougk-VkC9_9Ij5tVgpVDg5PtmL9MHUO53IDxd52E2V3Zkc3hVOIEp0KsCPtiXdFFJUpRgJtnvnSGRgoE9U5A_Rg-b9wjXs95z8ecbGFttAgFrTMP7EGY3M6ILj82qwgob69-idvjyCeIoFsAzAwsB2h9cebzCXAw8nqxu6JB5YXh39QfH-NDp88KvLX-vx1ppcjOpcz8HDruW4IIbHGLqcByH3Xd3eXOmRnxMqlWf1TLa-n8AB3_oKXjd7w_cMuTpzkhBVRtlEZ2Ey45gOmGJXN48ILQF2EhgOCtbZmtfiEF_47ysFnmxP5a5kiupE8Sl51qB38V-2Up2_TPVLJEUQHKih0Cf9Jdr0POMPkwcz7w_sXtJ_vwthzvAak6F49VzhJMSQhFrbkmhEhZS-XrtVhkw2ufpZAXETDV5OdSKa5T34OLn2YQRhZXvp6RAWV-2NlITyfc0D61cy6dFCtOPNIGUa4xUcuLObBdigBZBCHQuz-4MfQiVhsNMdxEfEPwqhI-O0l0ln5vfYhG6hUpm6fw9ymn41U_40Fu0mQH8_s_yqfS4vit7JpDTViJG9IN5c_iF0SVH0bbNIkl8Q1DKocn0OYGsUwLVotAUcq95K9ZwJmY7rOAORujF2r5WZFYOqbsyijHbmHYxIpG7puMdoR0qO631m4XkmyDmV3AzAk4seT0YJfRUXP5y-VoO1yF6ya8dHKoC7RvDQqdoe7rfv5Wp4GE3J1DliWoJYxzBPg1OFlfGWiaBfwWnAd9X1D1_eqH10SxTsjuh8SJH3Tr6TodQjSLNf_NHWYaPEO7amno2Hnv37dOh2TS1Vk8ZPQL47o3GTt1x7df-hN93UhhiLhZrCPJy-TA76TZZ_CAM2SEX-yDbS5zkwQ14WhARLu7LkfCF1wpmHXnvqA61A3zmjgCmVFs-cJ0IXbi7bD1gPMBeZZmMxvvF6QUuroIfJ3j9MoFfruoawljbZwKgnsVyiNIN5bTqr-92lhuM0hzkqNcexgFSY4jEuNjzH2KNHPkhfmWVTm2UN5jAImMgTFhHaMgZEEVieTkqb2PvYF-x4MJKhxczRecNnTQpwM_Z4q0-puu4elm4osaJBWHlpoYcK_wTG0F4_wvIjuWMzQNvcyMkFMJ_lUEmiv9yUXlCN0tCH2uRN2JrQhbJnRh5fqU5gNodLwC6GiSMDQ4-TAXctHV7d1Z0Y6QMUAB744WCRvo02Z_M-DvX8vRYtKfFEQ-Hg_UUfwQk9YzDQnEutkBB2RDa2hRKSI9NrQ1iNNuGwvzxBJ89csotIeETlBkrYctBHNcPcs4EHRStSSaB_U6TNENTXwPDwbKw"}
form message = Something went wrong with our form submission. Please try again.
formpayload for validation = {"formSubmissionId":"","elqFormName":"","elqSiteID":"","datalayerheader":"","contact":"","formgtm":"","elqCustomerGUID":"","elqCookieWrite":"","segment":"capital-markets","name_first":"First_66848_TESTTEST","name_last":"Last_66848_TESTTEST","email_work":"automated_TESTTEST_2026-02-09_06_42_56@broadridge.com","phone_business":"999-999-9999","job_title":"Job_66848_TESTTEST","Company":"Company_66848_TESTTEST","country":"United States","comment":"This is an automated test submission. Please ignore.","id":"","so":"","di":"","ct":"","ep":"","ot":"","mt":"","yr":"","rg":"","on":"","sub-source":"","campaignMostRecentID":"","content-id":"","orig-channel":"","campaign-name":"","campaignMostRecentName":"","campaignMostRecentSource":"","campaignMostRecentMedium":"","campaignMostRecentContent":"","campaignMostRecentTerm":"","campaignMostRecentContentID":"","campaignMostRecentSubSource":"","Persistent_utm_medium":"","Persistent_utm_source":"","Persistent_utm_term":"","Persistent_utm_campaign":"","Persistent_Sub_Source":"","Persistent_Content_ID":"","Persistent_Campaign_ID":"","Persistent_utm_content":"","Session_utm_medium":"","Session_utm_source":"","Session_utm_term":"","Session_utm_campaign":"","Session_Sub_Source":"","Session_Content_ID":"","Session_Campaign_ID":"701RN00000RbnVLYAZ","Session_utm_content":"","inquiry":"","fullURL":"https://www-dev.broadridge.com/white-paper/the-service-value-chain-how-data-management-powers-performance","page_id":"14926","page_campaign_id":"0","ecid":"","elqCampaignId":"","Formmodel":"flyout","Pagetype":"","g-recaptcha-response":"0cAFcWeA4rdm28QTTShnKeBltQTfXFm-6vt5tkxjqO_Cshf_i4b1etLme_pz03yZbDO_MNgznxEsSaSJnWfeYZq5Fe6Yo_Vrgfq2jg32xuolqIXclREq7SxhYpD-fRE_i0T6AcNh2U_JUQY2XElTX14gLLJCfJ4aBkDaDgGCblspT1Wf9CSXQfaY3SVjUWEIqwDL_QExc2RLpuz-IV5Z78rTguSbl8eT24RI3hfdKrS_ha4ulr-_VPq1ohBwpFRM0uMzO18Mqfwf18290AnYDsKVFz6Ycot_fEN80IALOdYiy3S38bABJQUlTmgkM4lJbzcg5kIXGqp_RpyM-RPOIwwDRbfWEzOla5a0LL-b_IFAwBJ2v8uvNDkAgCnYb-5TBCSHjKJbF1UN2JBsiVPDDW1ZKVEwDFcP_bfsoTz6pU0MhCd_pBjZ9l5zEKbrL6OAHeYk2FIXwHB6Esf8qr4iiawq7DhAnyHjIGHNSnt66Qd66wlrq4SrAjhwUQrklgTW8o7In0_zqUZ5ljEsu7N1VZHHyfRqVEzkp2Geqzln-zSt1jcaw-ws2E6vGRoeNQu_c_vlSvdvgHQpTpsYs6jV-E3GYAtgfzefkc2X1lDiMYl82e6cjFFjDklDM3veU_D7Z56lV6n-bYDXy8FWRSx2cB7wJedK2TYvc9NaOAc0H7xscg2j0EE7rHvkv6wJBsC89zfe1Q0fqy9vivoDhB7YNrZoUsDmS52nkJE1R7YIQI2ese4FZHI7aEBsEs--dH-JuMMUugvFU62AF15DonQryAg83u7ZZ3to0xA_VZ_2Vr27dgqhUM-AjsRSkNmFQL5rbMhjgxWCp9XNPS4Om2h7ve7M_Jv83a1_O3GXFhBxRtmsogWTrtyxGfI7V1inlLg1Mq-3WK2wrUzsbqN613etEj675kh1VlDWaBzKnDjna55UXqy4zZTCrMOMDw40oCdREc-HyJ1d5_I-OFGa1xJ5dgjOrcxFeg7VZekQWK_wdFxplZqjz1UImiZcXyx7ndsSVgMnYK80wE7tSR_zsCeMMqHFdqX-kFvPutEVWJW4Lq-tuWMa3u5JFa1IODG8GQxHzUCrougk-VkC9_9Ij5tVgpVDg5PtmL9MHUO53IDxd52E2V3Zkc3hVOIEp0KsCPtiXdFFJUpRgJtnvnSGRgoE9U5A_Rg-b9wjXs95z8ecbGFttAgFrTMP7EGY3M6ILj82qwgob69-idvjyCeIoFsAzAwsB2h9cebzCXAw8nqxu6JB5YXh39QfH-NDp88KvLX-vx1ppcjOpcz8HDruW4IIbHGLqcByH3Xd3eXOmRnxMqlWf1TLa-n8AB3_oKXjd7w_cMuTpzkhBVRtlEZ2Ey45gOmGJXN48ILQF2EhgOCtbZmtfiEF_47ysFnmxP5a5kiupE8Sl51qB38V-2Up2_TPVLJEUQHKih0Cf9Jdr0POMPkwcz7w_sXtJ_vwthzvAak6F49VzhJMSQhFrbkmhEhZS-XrtVhkw2ufpZAXETDV5OdSKa5T34OLn2YQRhZXvp6RAWV-2NlITyfc0D61cy6dFCtOPNIGUa4xUcuLObBdigBZBCHQuz-4MfQiVhsNMdxEfEPwqhI-O0l0ln5vfYhG6hUpm6fw9ymn41U_40Fu0mQH8_s_yqfS4vit7JpDTViJG9IN5c_iF0SVH0bbNIkl8Q1DKocn0OYGsUwLVotAUcq95K9ZwJmY7rOAORujF2r5WZFYOqbsyijHbmHYxIpG7puMdoR0qO631m4XkmyDmV3AzAk4seT0YJfRUXP5y-VoO1yF6ya8dHKoC7RvDQqdoe7rfv5Wp4GE3J1DliWoJYxzBPg1OFlfGWiaBfwWnAd9X1D1_eqH10SxTsjuh8SJH3Tr6TodQjSLNf_NHWYaPEO7amno2Hnv37dOh2TS1Vk8ZPQL47o3GTt1x7df-hN93UhhiLhZrCPJy-TA76TZZ_CAM2SEX-yDbS5zkwQ14WhARLu7LkfCF1wpmHXnvqA61A3zmjgCmVFs-cJ0IXbi7bD1gPMBeZZmMxvvF6QUuroIfJ3j9MoFfruoawljbZwKgnsVyiNIN5bTqr-92lhuM0hzkqNcexgFSY4jEuNjzH2KNHPkhfmWVTm2UN5jAImMgTFhHaMgZEEVieTkqb2PvYF-x4MJKhxczRecNnTQpwM_Z4q0-puu4elm4osaJBWHlpoYcK_wTG0F4_wvIjuWMzQNvcyMkFMJ_lUEmiv9yUXlCN0tCH2uRN2JrQhbJnRh5fqU5gNodLwC6GiSMDQ4-TAXctHV7d1Z0Y6QMUAB744WCRvo02Z_M-DvX8vRYtKfFEQ-Hg_UUfwQk9YzDQnEutkBB2RDa2hRKSI9NrQ1iNNuGwvzxBJ89csotIeETlBkrYctBHNcPcs4EHRStSSaB_U6TNENTXwPDwbKw"}
formSubmissionId = 
fullURL = https://www-dev.broadridge.com/white-paper/the-service-value-chain-how-data-management-powers-performance
page comparison URL = https://www-dev.broadridge.com/white-paper/the-service-value-chain-how-data-management-powers-performance
..........!!!...Filling the form failed...!!!........
................Header Contact Us Form Filled...................
V2 ContactUs form NOT found on the bottom
V2 Download form NOT found on the bottom
no cookie button
header ContactUs button found = true
emailTimeStamp = automated_TESTTEST_2026-02-09_06_43_36@broadridge.com
📤 Form payload = {"formSubmissionId":"BRA0XJT84-1770619419160","elqFormName":"","elqSiteID":"","datalayerheader":"","contact":"","formgtm":"","elqCustomerGUID":"","elqCookieWrite":"","segment":"","name_first":"First_66848_TESTTEST","name_last":"Last_66848_TESTTEST","email_work":"automated_TESTTEST_2026-02-09_06_43_36@broadridge.com","phone_business":"999-999-9999","job_title":"Job_66848_TESTTEST","Company":"Company_66848_TESTTEST","country":"United States","comment":"This is an automated test submission.  Please ignore.","id":"","so":"","di":"","ct":"","ep":"","ot":"","mt":"","yr":"","rg":"","on":"","sub-source":"","campaignMostRecentID":"","content-id":"","orig-channel":"","campaign-name":"","campaignMostRecentName":"","campaignMostRecentSource":"","campaignMostRecentMedium":"","campaignMostRecentContent":"","campaignMostRecentTerm":"","campaignMostRecentContentID":"","campaignMostRecentSubSource":"","Persistent_utm_medium":"","Persistent_utm_source":"","Persistent_utm_term":"","Persistent_utm_campaign":"","Persistent_Sub_Source":"","Persistent_Content_ID":"","Persistent_Campaign_ID":"","Persistent_utm_content":"","Session_utm_medium":"","Session_utm_source":"","Session_utm_term":"","Session_utm_campaign":"","Session_Sub_Source":"","Session_Content_ID":"","Session_Campaign_ID":"701RN00000RbnVLYAZ","Session_utm_content":"","inquiry":"Gen Enq","fullURL":"https://www-dev.broadridge.com/capability/governance-and-regulatory-compliance/proxy-services/issuer-proxy","page_id":"182853","page_campaign_id":"0","ecid":"","elqCampaignId":"","Formmodel":"flyout","Pagetype":"Products","g-recaptcha-response":"0cAFcWeA7KfAOB6Brfu2mE2o-p_A23P0fsBpMBTummJnRlJEDQgU_lboW-833eEI2LnERERP1myo-sU0WP2MuVArPYK7sbWDEJ5boCBQYF_RuG2rxdmh3cctzZGVezXm580sseLdTf-kAF3XKky6dcYEtQ1ul-3oWwHGX3NR0_pxuDpGk4j8XlcwZau7rCw7zm-JUWw6mrnC7LqQWwyFV9bFwds3puOnzBQZPL92t1FmiHy4PZwgqE-rbm1ilLYOC2JZr4MSZn8O2xOwlD9WPSmcHvHPYuWdlGuv0zYxPDdepOiEmK9wsph3oFXpP3vMN5q3chwBVCaKNqbFhQ7N4_lo4RtK3yxdeid7fN68tYaiGFQxuiKeyaBg3hXk0cQsC4XF8XOXiW0zLisYKIqqOBr34TX150qARU9sv8_BjgdIViOT8fL9RLZDbHxRRQq-XsyMXoZHtY_NXgXmzrCMLmIRGd7-llrDiyGJVwONe4uxh2ho90q7hwaVOSfpwjZlAQAReGLfL9I-1WCCGQtxACc8h7txDxWTsCn48LB5vqkIZxcRKxoB8SepJ4AYBGMq8-tinSasdYV1rmKQ-cB7Hy1Q1SKDinAJqhXxhEJ_VghRgmWPy9jFo5m7CzmHcAsL2s1boP5GyAlrPa_S6HBxRo5ZQ0HgkbfGIG2GyRSGryBKv9bX7f-05SEClTuEScKGlshBioN5BV3Ebt809G3ZwjZ1Bx4OmuUE4wS4RRi1K05OyqnSudjyty9ZQ7JbvtXvI0RhHaLOTA_vahbrwJpnA1OSHIHzbarGx2ThVFj61rkkQ0NsuY73dH-BDRLZOuFRXnEiratM2wyugCuNAxCnq-p8tgHwrx_pk9q4ZXzKisXtus3jyD9rGYSh-7MZrvRwHSVpOwsLslB_KGTGDVy3FLKKYaprnHh4CEKj3NsbHvKOKL4DenVzW3Guo2EMFxjqd8GC_hgD0heuJ_YJAlQos5RIoHon6g7Dx-sa0JPQcdcbMz8i03VREWBtmjs8kI5FYEEyuXUOnUE-2UwAYoyoZYeLe2eAkFXbdLTihL1UnuQ-jkclVAW-ZbgljDNtWZDMsBU1z3sRw2D6y5dNJJ5UuoD0knGoLssmw3FriChcJBmi1zgmpxlCfuyEQToBYM6nQo4Eqq_aL7unSfi-onJY8XeAly5dUxM-bMiim08W0TBkMun2ipJbN2zhh26sfMk-v3sC-VPzs6N7N_nF_TohItnq3LMPrS_9YwqzItsrPesnB6PnLjLa0hdJxkh3JDyqzsA1vm3mXHgfNtGDvpSdX1U2w7ruW7AcA8Kb6o4L2YN6lgzVTpDP-Fw980zu0XMp2z0rpvahgJCOoswt6G_UJSYpdrqArvnyTRtIHYL4HKdlCQvGJgMreP_kzY7YyzZyL4nkAQwm-_xVaYuVoT3qFiBq0VxxfO6p4OvKiglKme9D6_aW3rkNP39kqydfEq8mVfWRkrS6wcvWunb_j-CTUYqQKi_RIte-uIdcn1EcxdaROtvV3CysoObpPUGi5l7uMuEqSWg8TOfhDpR6y6VYjSVCgwuNiZAKFuJXCXMz7fYg504PuaubPfKoWL0d0adSIS9IL4fz2ph7shV2oLrEU6qwxe9mVFVysAg-tDIrXfkigW4fH-0VNcZ1nEP3MmKnPKDFIO54c4z51vyWrGRxhtinCm2XxCuVFDh_1DAOHxVytzXvoNcujHmcU8wlrRwgmr2WQonInhI2pe0PaeYx21litGdwx48KkegKWcKOLMF2MPFx5H29lQlDH_AeSLQQ7bwEkJ9ZLRM7y10GDs60GlPrRSAxOLrnCCDcaZNKOyGft6kcqeAK-5OiVBhuryS3VZxK9N6IXmOAjjSEgr7OwVGrRMT2nM0OtKkYIa1JcsH6fPwZ-J9XHdAv-qasPpNwrWqOjSw_SeCnrIGFJzXShCIyWz1AAUvSoSe84X3ZD0Fuqi_YwA_iyCvKgrtjKy_TKqAOxtRYq9ImqGADQWpMG08lOwihde6dDUfuBc-ZEAMy9ZX4Szu5bGIHxGtzMocvjqZN-Zz4u3kPdlqLeQhtBJ_KJDyCtjc1DZ5qTtbAUERFJii0yNLGeainSXMOlevPwdsEzmsHiZ15Vm1JMeT-UHN9vBK8EtmxhdFV7kOmkU79i5RTFWS-pX8riu5r69t2KJBt-7v76QMoYMbyi28H5bUnTol41Px-dIMUC8UDbanzN1GVeQfU9WLfichLq9V5w47B6ZuXCo92r5Mik6NEiBwSCNjbDEYIjIlLUXi0P3BfJpnl4qoWNIp2ZbnUTkG0ur2kObCmvTZfZo"}
📤 Form payload = {"formSubmissionId":"BRC6IJHI2-1770619419310","elqFormName":"","elqSiteID":"","datalayerheader":"","contact":"","formgtm":"","elqCustomerGUID":"","elqCookieWrite":"","segment":"","name_first":"First_66848_TESTTEST","name_last":"Last_66848_TESTTEST","email_work":"automated_TESTTEST_2026-02-09_06_43_36@broadridge.com","phone_business":"999-999-9999","job_title":"Job_66848_TESTTEST","Company":"Company_66848_TESTTEST","country":"United States","comment":"This is an automated test submission.  Please ignore.","id":"","so":"","di":"","ct":"","ep":"","ot":"","mt":"","yr":"","rg":"","on":"","sub-source":"","campaignMostRecentID":"","content-id":"","orig-channel":"","campaign-name":"","campaignMostRecentName":"","campaignMostRecentSource":"","campaignMostRecentMedium":"","campaignMostRecentContent":"","campaignMostRecentTerm":"","campaignMostRecentContentID":"","campaignMostRecentSubSource":"","Persistent_utm_medium":"","Persistent_utm_source":"","Persistent_utm_term":"","Persistent_utm_campaign":"","Persistent_Sub_Source":"","Persistent_Content_ID":"","Persistent_Campaign_ID":"","Persistent_utm_content":"","Session_utm_medium":"","Session_utm_source":"","Session_utm_term":"","Session_utm_campaign":"","Session_Sub_Source":"","Session_Content_ID":"","Session_Campaign_ID":"701RN00000RbnVLYAZ","Session_utm_content":"","inquiry":"Gen Enq","fullURL":"https://www-dev.broadridge.com/capability/governance-and-regulatory-compliance/proxy-services/issuer-proxy","page_id":"182853","page_campaign_id":"0","ecid":"","elqCampaignId":"","Formmodel":"flyout","Pagetype":"Products","g-recaptcha-response":"0cAFcWeA5IEgEXLHCy0tMi9G42mH2VTNghu2atuqCWSUwknHUVr4U_nICidFJeWdyDAI1y4gAtXcNaG7Tig8SSmH2lj_xFdqBZOa19UTR6Qp-mXUdMKUhhsNzW15HLq2K-j8uMs66XoojtrLUZEG9tSZkPHzfoWMS5W_gcBiIyMaPnPRtf5FfQmke19Dkoa-JOlOoX7-aXOHRZGTT4sC4Y2HY0EcHun2mJhr13BMCTribgTZRcRktlNK-Z3sSlJiVNqGaW1Mlle4K31dBBzgVZH7GcatFMoT6m9sUo_dGlDrOGXPHyqrJce3zwsQ7UWvjiG4mpiylqOSPct3g2eKL3xfCHmD7ndDxo0fJFoYK20Ld74R8y7L88boIWBBSB12JBfgb3GONoAVI5pp7tFU4dEYGs-Vf8p0vdMBJQOgKe2idy-yMKYoiKIzbenpQvuF7McFwjL_DFY6gbR95H-fNEFciBUo15GRteqzDndJgHLG4ccnFoC7iUnCHlwNVGuPGbIYXrYy51FPUCoOEPOoWXMHCXhiXRfU_9aT_-_pImrJH7UnjwUqmU8UsbrfBNd43xkz39fOAX6Pc5cmroEGBDSfJRAqmjGpZXxlISi2ymWsnY5nQrtPqmRVRmon8HFhaM2DfP4nZbQ_BnZ14tqsPAcqHWt-pA39Jl_xzqoHbBS-Cb00sMRZpot0ZKQi5vU-DmkOY88snA2PFp99wDahCkIJcqzXydwaOumwd0-GxUQGEcuD14M0PcDdKarCeTJh97J7qyYSeA8TTmXyMayiu9ZsSd26QN9rgLnitz-NEVHN4TMGN68bcr7jukRFhnAXuIfpgmgAGFNab-rAsHqa7rYe_v6z0S9gf6_HzvABl_cc7aQhZJYSOkTSFruu_qbVd-Lfw4jE5NFZqtsYXEL08bLMGo-jgjEEJMkSayVIVYiYX5hE0JiO1oS2oPUocyqoo2ENKT7ZyHtPS6CSjo1bYmnO2KA2PJQ0_G3cxyKUO8rSO243e0U8pZk98_Ft2mhglf89ynzlAlXGg908Xd1PhjiE6_XVoO1uJOXvhN_JC9u1Ys5JiHTMMTAlk29vyci8fVDABRL6iBr0q8sbO1Recy7oNZhBKDsux1m717Ykjhh1_yv5di6uqwB8b4qPI6dAwaD5v5-9nNY42ebn6lRbzpiFSI0oQ_tTr_1Un7ZgmdH_SoVrSQW8-0E1JtRaEjEqn3Z-pNlkBQsc06Z2Y_6FZjm4Vgp6akuGeNLQQmx5wAZ19hLeSnLWtGsv0TBFNS-FSxUHfbm4XkabFGp6FCQUuqGtwNmul2njn7Foc-f35JrIx0aoDN-pPtv2NQ1f5kjD57D9TwsS6fy0v5Gi-a9dH2Y-SZ_Hk5ryHnFNkZDlsgubn_t1oK9US5FgHpqbarYChFgGGxa16Llr6MzqbMhP7_JwQ3MHApmTWj__OZAXH_nb-bS3pyrdkEViyJgHkHn5U35zSPGCBLuNfKfyk2sfFU7vr1CfIQRO4cJfM6P4otNf-w_NXYIaXYFZtzUCvWyhlwEIafTPwl4aHfaEkzHA48wkn9mcz2kDauy8HW9ZgDZTU3mzKHUPrMl2zSRleZtTzUNJsGprDTqtCs6x_5Q-NI8x5sJnkFgcHVjOUCZvMqWBk1JCy4t5vHf9u4jZ_kTqy7qNJrLUsR1ObwFivrnHAWgofvf3yeJ6UvVPRagvZ65OTBPjJvmewVPi4cyR5LI0T3r0QIQzkOE78nMG9N_x3zXi0JXMVdRxBsFssHkD7QsHswcl_TA5f9ONWOf1IqQnBx-zHr5vSYm9qLLjei1gATFXirvoiOia8V9FYNaMieZgnqSs97m-kOjyIAjQuu95RmhthF4-RXWEpl8WODQsKrkizoc0Gqb0VwlCumXR6Ks5pNV1BsIHI_zBNxL73E6-4fjcQpwlaX9jwUDS0HJV6r3Scip7ATePsa15GCE6wx2KkRKTjM5WUwnzSWh8a-fs7gIaB8xbFKMZ7ZISWUAL-o-Vt8ypKT-kDDJLxRkQUKf1yrCBpdHlNWcqMGioTdrOoOdIB5v26snYv9Oqoti1iIjTxBoTjC_V-TqamK0pPJcy88CrF3uBTsWKaIbgbkxnsP-Wj-LAug2Z4gpXYBZWyZlauLfWHNMWV9ccOLo8HxgNkc2sMFAZEZhk6Cxug3Cd9wk3sZEYhvVrsXdBaKe4i0e2ZNBbBuW6Bn6EVb7_UIrDz-xSmA-gk08LttXvLGU9bLjKgBqIC5sdSlmz8VdZE4BtAZ3rdxElc5SYDDZtjSIQwIjz1hbqLtp-g"}
form message = Thank you for your interest in Broadridge.
A representative will contact you within 24 business hours.
formpayload for validation = {"formSubmissionId":"BRC6IJHI2-1770619419310","elqFormName":"","elqSiteID":"","datalayerheader":"","contact":"","formgtm":"","elqCustomerGUID":"","elqCookieWrite":"","segment":"","name_first":"First_66848_TESTTEST","name_last":"Last_66848_TESTTEST","email_work":"automated_TESTTEST_2026-02-09_06_43_36@broadridge.com","phone_business":"999-999-9999","job_title":"Job_66848_TESTTEST","Company":"Company_66848_TESTTEST","country":"United States","comment":"This is an automated test submission.  Please ignore.","id":"","so":"","di":"","ct":"","ep":"","ot":"","mt":"","yr":"","rg":"","on":"","sub-source":"","campaignMostRecentID":"","content-id":"","orig-channel":"","campaign-name":"","campaignMostRecentName":"","campaignMostRecentSource":"","campaignMostRecentMedium":"","campaignMostRecentContent":"","campaignMostRecentTerm":"","campaignMostRecentContentID":"","campaignMostRecentSubSource":"","Persistent_utm_medium":"","Persistent_utm_source":"","Persistent_utm_term":"","Persistent_utm_campaign":"","Persistent_Sub_Source":"","Persistent_Content_ID":"","Persistent_Campaign_ID":"","Persistent_utm_content":"","Session_utm_medium":"","Session_utm_source":"","Session_utm_term":"","Session_utm_campaign":"","Session_Sub_Source":"","Session_Content_ID":"","Session_Campaign_ID":"701RN00000RbnVLYAZ","Session_utm_content":"","inquiry":"Gen Enq","fullURL":"https://www-dev.broadridge.com/capability/governance-and-regulatory-compliance/proxy-services/issuer-proxy","page_id":"182853","page_campaign_id":"0","ecid":"","elqCampaignId":"","Formmodel":"flyout","Pagetype":"Products","g-recaptcha-response":"0cAFcWeA5IEgEXLHCy0tMi9G42mH2VTNghu2atuqCWSUwknHUVr4U_nICidFJeWdyDAI1y4gAtXcNaG7Tig8SSmH2lj_xFdqBZOa19UTR6Qp-mXUdMKUhhsNzW15HLq2K-j8uMs66XoojtrLUZEG9tSZkPHzfoWMS5W_gcBiIyMaPnPRtf5FfQmke19Dkoa-JOlOoX7-aXOHRZGTT4sC4Y2HY0EcHun2mJhr13BMCTribgTZRcRktlNK-Z3sSlJiVNqGaW1Mlle4K31dBBzgVZH7GcatFMoT6m9sUo_dGlDrOGXPHyqrJce3zwsQ7UWvjiG4mpiylqOSPct3g2eKL3xfCHmD7ndDxo0fJFoYK20Ld74R8y7L88boIWBBSB12JBfgb3GONoAVI5pp7tFU4dEYGs-Vf8p0vdMBJQOgKe2idy-yMKYoiKIzbenpQvuF7McFwjL_DFY6gbR95H-fNEFciBUo15GRteqzDndJgHLG4ccnFoC7iUnCHlwNVGuPGbIYXrYy51FPUCoOEPOoWXMHCXhiXRfU_9aT_-_pImrJH7UnjwUqmU8UsbrfBNd43xkz39fOAX6Pc5cmroEGBDSfJRAqmjGpZXxlISi2ymWsnY5nQrtPqmRVRmon8HFhaM2DfP4nZbQ_BnZ14tqsPAcqHWt-pA39Jl_xzqoHbBS-Cb00sMRZpot0ZKQi5vU-DmkOY88snA2PFp99wDahCkIJcqzXydwaOumwd0-GxUQGEcuD14M0PcDdKarCeTJh97J7qyYSeA8TTmXyMayiu9ZsSd26QN9rgLnitz-NEVHN4TMGN68bcr7jukRFhnAXuIfpgmgAGFNab-rAsHqa7rYe_v6z0S9gf6_HzvABl_cc7aQhZJYSOkTSFruu_qbVd-Lfw4jE5NFZqtsYXEL08bLMGo-jgjEEJMkSayVIVYiYX5hE0JiO1oS2oPUocyqoo2ENKT7ZyHtPS6CSjo1bYmnO2KA2PJQ0_G3cxyKUO8rSO243e0U8pZk98_Ft2mhglf89ynzlAlXGg908Xd1PhjiE6_XVoO1uJOXvhN_JC9u1Ys5JiHTMMTAlk29vyci8fVDABRL6iBr0q8sbO1Recy7oNZhBKDsux1m717Ykjhh1_yv5di6uqwB8b4qPI6dAwaD5v5-9nNY42ebn6lRbzpiFSI0oQ_tTr_1Un7ZgmdH_SoVrSQW8-0E1JtRaEjEqn3Z-pNlkBQsc06Z2Y_6FZjm4Vgp6akuGeNLQQmx5wAZ19hLeSnLWtGsv0TBFNS-FSxUHfbm4XkabFGp6FCQUuqGtwNmul2njn7Foc-f35JrIx0aoDN-pPtv2NQ1f5kjD57D9TwsS6fy0v5Gi-a9dH2Y-SZ_Hk5ryHnFNkZDlsgubn_t1oK9US5FgHpqbarYChFgGGxa16Llr6MzqbMhP7_JwQ3MHApmTWj__OZAXH_nb-bS3pyrdkEViyJgHkHn5U35zSPGCBLuNfKfyk2sfFU7vr1CfIQRO4cJfM6P4otNf-w_NXYIaXYFZtzUCvWyhlwEIafTPwl4aHfaEkzHA48wkn9mcz2kDauy8HW9ZgDZTU3mzKHUPrMl2zSRleZtTzUNJsGprDTqtCs6x_5Q-NI8x5sJnkFgcHVjOUCZvMqWBk1JCy4t5vHf9u4jZ_kTqy7qNJrLUsR1ObwFivrnHAWgofvf3yeJ6UvVPRagvZ65OTBPjJvmewVPi4cyR5LI0T3r0QIQzkOE78nMG9N_x3zXi0JXMVdRxBsFssHkD7QsHswcl_TA5f9ONWOf1IqQnBx-zHr5vSYm9qLLjei1gATFXirvoiOia8V9FYNaMieZgnqSs97m-kOjyIAjQuu95RmhthF4-RXWEpl8WODQsKrkizoc0Gqb0VwlCumXR6Ks5pNV1BsIHI_zBNxL73E6-4fjcQpwlaX9jwUDS0HJV6r3Scip7ATePsa15GCE6wx2KkRKTjM5WUwnzSWh8a-fs7gIaB8xbFKMZ7ZISWUAL-o-Vt8ypKT-kDDJLxRkQUKf1yrCBpdHlNWcqMGioTdrOoOdIB5v26snYv9Oqoti1iIjTxBoTjC_V-TqamK0pPJcy88CrF3uBTsWKaIbgbkxnsP-Wj-LAug2Z4gpXYBZWyZlauLfWHNMWV9ccOLo8HxgNkc2sMFAZEZhk6Cxug3Cd9wk3sZEYhvVrsXdBaKe4i0e2ZNBbBuW6Bn6EVb7_UIrDz-xSmA-gk08LttXvLGU9bLjKgBqIC5sdSlmz8VdZE4BtAZ3rdxElc5SYDDZtjSIQwIjz1hbqLtp-g"}
formSubmissionId = BRC6IJHI2-1770619419310
fullURL = https://www-dev.broadridge.com/capability/governance-and-regulatory-compliance/proxy-services/issuer-proxy
page comparison URL = https://www-dev.broadridge.com/financial-services/corporate-issuer/issuer/simplify-the-annual-meeting-process/interactive-online-document-management
..........!!!...Filling the form failed...!!!........
................Header Contact Us Form Filled...................
v2 ContactUs form found on the bottom = false
V2 ContactUs form NOT found on the bottom
V2 Download form NOT found on the bottom
no cookie button
header ContactUs button found = true
emailTimeStamp = automated_TESTTEST_2026-02-09_06_44_18@broadridge.com
📤 Form payload = {"formSubmissionId":"BRUE9UDNA-1770619460604","elqFormName":"","elqSiteID":"","datalayerheader":"","contact":"","formgtm":"","elqCustomerGUID":"","elqCookieWrite":"","segment":"","name_first":"First_66848_TESTTEST","name_last":"Last_66848_TESTTEST","email_work":"automated_TESTTEST_2026-02-09_06_44_18@broadridge.com","phone_business":"999-999-9999","job_title":"Job_66848_TESTTEST","Company":"Company_66848_TESTTEST","country":"United States","comment":"This is an automated test submission.  Please ignore.","id":"","so":"","di":"","ct":"","ep":"","ot":"","mt":"","yr":"","rg":"","on":"","sub-source":"","campaignMostRecentID":"","content-id":"","orig-channel":"","campaign-name":"","campaignMostRecentName":"","campaignMostRecentSource":"","campaignMostRecentMedium":"","campaignMostRecentContent":"","campaignMostRecentTerm":"","campaignMostRecentContentID":"","campaignMostRecentSubSource":"","Persistent_utm_medium":"","Persistent_utm_source":"","Persistent_utm_term":"","Persistent_utm_campaign":"","Persistent_Sub_Source":"","Persistent_Content_ID":"","Persistent_Campaign_ID":"","Persistent_utm_content":"","Session_utm_medium":"","Session_utm_source":"","Session_utm_term":"","Session_utm_campaign":"","Session_Sub_Source":"","Session_Content_ID":"","Session_Campaign_ID":"701RN00000RbnVLYAZ","Session_utm_content":"","inquiry":"Gen Enq","fullURL":"https://www-dev.broadridge.com/capability/governance-and-regulatory-compliance/proxy-services/issuer-proxy","page_id":"182853","page_campaign_id":"0","ecid":"","elqCampaignId":"","Formmodel":"flyout","Pagetype":"Products","g-recaptcha-response":"0cAFcWeA5yIophqkV7kMpe2xJYkYZzk4BBGXYxj9KltgiWI7W15j8RIcVJf3MpM6nOGRYem9SAN8TNbT304aUU3PSsIx9g_95ve9epoBAsHQ0L-LKJYSDilgogGjTvrFDw6enAFGFSrmMep7qWRAxulcgLMQl1DFqnJxigeyR1uhcSTlx2-V980bvAY2kAUXW5J0mhCQtsTF3k_8Whu54xGjuSVwalnM-K7w-v55dcs0cjN1BRpvIaD51zhot9pUXE6hJCOeH4zVscEPFnugEY0-ml16SkRCpHBOmYg7royL1Zw88yAH14EgB3OxLbAUX8HIDSieVTtpV1k6aYxM3ta5ArdfJlVXHsXE48TfgWE4dG3hZa0e7gLPdycYHL6RadA6Bw2wc8uPWM9aF_lVL8-gIb27mtLWZZVq48ocJOBAwVS5n16Y4xRBNweJz3j4_sad7RlaUQV_VWNSczUNUMs9-lpaS7zXgDKWXt3s1fJ8E9ekTldCBeMadDrZKByqjsfZR-0N84oIdKAlVL-LGT4GfteqBbtzka4xtl4e9HkoyZqW6ZxjTBKwRZiufbZimknF940Ta4tHBz6aU_t7JchrbrF6b_aULjxoc5-zhyoTd7Yz2OQtBbFdjSEj_y8weETZNSq5MuxfogfMfv2ucG9lgtzx4V2GHT6pvgH2RG7rp7M6OlfsQxPZf8GLs188VWIEr8wrCVHNPwPB7OonKtuVvS2l2InasK4Euw-BwoU94eP_PieMnuQ7H18ALrevZfCNTR3K8ZyhE09H2So3Y9ujIjgOXuyDpyAjh8ro1X55ApoXx_7NRu5Egbu0zl5fqakV_aZW-6UJ9UWsBYT90MAT579dmKcNJh6mu6zHdVZnS-KsexAOrQDxzXNo4u49eT9zrbhYMhGXUtdAlwqRyEm-Ajma4FgkBCGeIRQ6-Z9Ryo0rAreDnxd7L6mQX0PDUC6z6jkLfPB0HrFREmNm2ltm5sJaIYTm_YyxeBiNFT97A8aTBQPTIZzhT8QoaRx0xvwa6obDyUWol-o8_DtZIeCT4VQ6gLdUipwzeyOSxtQWcjY1mWEJL-J9VeeOot9uELhcZMMYPGrhX9w--JUdfl1d6FwXlr0_ywEMtwkjU6BNU8xP7E8MpTTzCmLFrhfgQCZzH30YZV60S_5MwLg1DMWq2CdCs7lCEaVjdMIMtw0Ri_HjoneuvxgsTTQuWC2kstOE_JAm2ncYi_zquqWPY3TBn4Oxd7fDbGWDcYLuIJIi881X8rLulhLcz7IlvAG-IcuBsOqE9RZyLaixEgu26-Fk52NnJsosAFa1IDKX8JNZbbWDTQXmGtrr4l7qcyaD7gXXzmlKn_oK8WhbX3EhCWRLTltKluCitq0nMlMB3GJ5mUjpiw17pzxfqdb3YxM79TYq_Fpr_mUPA59FHztCV6x83DQZegtrPkwaAPtGOhuD2d-EdGO7EbkPuzJIMC8kOQ1MQ3Lx_21b3Ma2Gkj79W8lNQUBvTb0y7P01HqppfysXInEhMBMmF5Zp1ZvjQb_Q_gVskY1Xv6DUbkVt20FK2KBv9J3z9kKlnXYNCDs2b1e2rDldVG-egnRh4EVHSyRtdAzBOdqY6Tne6cduxY3FIK-EpBR7w04HErj2r2gXBxz6aBDV_x-C-O6GTZbg-kPOzP4zrBj8jIesm0t9c0JAXW8e7ZNFaOnWkdOYZfMll7BhEOktPp33EHbQOzTiyGrZoX-7WvcMmk2u0UHSqbivBRtf0NWbGN9dinRpVPrXZlHcnxBNiRcH8IzNvdSbbCb6v8gKZtPKTh6ZYqWNqwZ_yBCfmV5eUqLPDGCpdlQlW0qj902ZzluRyV_YFZRNWe6xW9A9T7aog1ann70tTiZYwRX0WET_lVX25DGjLQHeM0FtCFKR-XmvVYXYBQZYQCdRD2HvIXdqnyoD7s2MQiBwwidN3BJQlDrJL0PbryNfaIi4U2ZiltWw0ZRGH7NOVkdhwi7gdXGpLcDX_7gz4bGpr1uC_e2SEvCoiLdXqsKvt8GWaOWWzqUIuLQ83ZmP-O3YN4977Hi5pc_Sd9kA6qM3nTNobxTpSwtpSjCrtP27nAVbnM22axQJ8zp1USkvbjCo0f2OnJNVbWc26toGAZiNaC8Umu4bRmPERjpeMpQ8ZWrFeDWWIKLaeeNCSbROl3Q49s3xncF6W_8_W-rKRxK8uoqaZ91l4Y4WNPoDmbwVYO4RETZfdGzSbN27W56QKT9fPZ2DBzTWer9UK0JueSFIK8h-4s1J-FcrPf-CGAqGZIfi_Bqy6PVGR9N8Q9_lclCX3sPTwPjDbTPE5tohBLXOtWb42igl4COIiG4InTFEngPvsKfEptN-rM-o"}
📤 Form payload = {"formSubmissionId":"BRIAE03Z3-1770619460750","elqFormName":"","elqSiteID":"","datalayerheader":"","contact":"","formgtm":"","elqCustomerGUID":"","elqCookieWrite":"","segment":"","name_first":"First_66848_TESTTEST","name_last":"Last_66848_TESTTEST","email_work":"automated_TESTTEST_2026-02-09_06_44_18@broadridge.com","phone_business":"999-999-9999","job_title":"Job_66848_TESTTEST","Company":"Company_66848_TESTTEST","country":"United States","comment":"This is an automated test submission.  Please ignore.","id":"","so":"","di":"","ct":"","ep":"","ot":"","mt":"","yr":"","rg":"","on":"","sub-source":"","campaignMostRecentID":"","content-id":"","orig-channel":"","campaign-name":"","campaignMostRecentName":"","campaignMostRecentSource":"","campaignMostRecentMedium":"","campaignMostRecentContent":"","campaignMostRecentTerm":"","campaignMostRecentContentID":"","campaignMostRecentSubSource":"","Persistent_utm_medium":"","Persistent_utm_source":"","Persistent_utm_term":"","Persistent_utm_campaign":"","Persistent_Sub_Source":"","Persistent_Content_ID":"","Persistent_Campaign_ID":"","Persistent_utm_content":"","Session_utm_medium":"","Session_utm_source":"","Session_utm_term":"","Session_utm_campaign":"","Session_Sub_Source":"","Session_Content_ID":"","Session_Campaign_ID":"701RN00000RbnVLYAZ","Session_utm_content":"","inquiry":"Gen Enq","fullURL":"https://www-dev.broadridge.com/capability/governance-and-regulatory-compliance/proxy-services/issuer-proxy","page_id":"182853","page_campaign_id":"0","ecid":"","elqCampaignId":"","Formmodel":"flyout","Pagetype":"Products","g-recaptcha-response":"0cAFcWeA5fPREtZ4q4DU2py59vHOCosXKmz8FRsE0C4_7FABIuXLt9wwB0nlNVfRn7EIwhvujBJ5CrFyMA6g1n3AMYA9RbfCHgXuQKkW8cBRxriyEEJn9EeyGg82DNbv94cev0LIp_DkP7rX6gf0aK5wqpQNJnJXiOU757wAKnNHseNaXc0g4qTo_M76JxqbHugZ0LOJPP4_lKZvcvV03NaGDGP8m8rcVz9Ei_S3DkYNZPgLCZBlCjg5N8Zq1wcVipTXQWnuLZjiG1BNwc7PHYJyPn9bj4IL2E160ODtMsIv3iOr2g-K6rx-pvvmY0wkdWMCtCOX1Bsx08sAJPomIBloUGmFQuELS9xMkAEdvq9PquA_RG5GCcA6fHTAIZXru66Z2DYflv53VYHA-WRZVNkoNZSGa5F1aBI-5rZgFGbL8qtyVa_bDYXxaKRtfgWVFWo79JNt8rEEgIKK48b_0AGVKqPt6B4a98usSXqvqPMlIj8bLGYHKm21fYJSK3BuLXsMEzwf-mKqiIUplh3EF3rh0sYzj0IjF3Ebc34YFOpMaRZUOy-UFI52CuGmFCdqGU-xurKah4HKyiEcISwsf5qVVjTMb7QZ7au8OYFYNmIL5dAilz6U56HslGWdK14fxvL4FioTXigdQDhLex7k1a3DYr0DSXM35d1729ZYhfXXZHblz5MeHQoLswnNI_mWPAKDbN6UiFZK_bNNsI1jmcMvWuD_1IhROg2ZtvNEBqTavRZ4Qlf1gkyNCfMjTPR8EjFEZ2wGLHc2jVml9RvdN2Ev5DUU50oVNW6Re3-7Iy3cQa3T2HejRrEVQofvr3o3X2Xhnl1KlulcuUL6oAyYsjucfkScO8cUd7ZCpJCxOWt3aAKPkB3qMUQ_hwlMjZd-TSRIMvo8cNMxQeDlCHvVYU0pvzVh3Ln-wYcfbnjghGKBuQnK6h412e7ChMU_kr3_iiu3m8TtzzhuXxQR_etsLRDlAUNlS1DP8vshRmm2lfFlOskaijpUsIjIT0mPYIWyJgMpj0Y-_9292qzY35t4XzSgKHBEKmXHjz2mIxHVoPw06VoMwEkmzIUnC_E5em2M4liigCbcVcriptlFMf5dQiQAwWfi1EmyJNz3ZnyFps5BozwfpnT8u5csypsdJsPyjmkea3edQ22jN1hLh5rWpeW4JayDJxu6UyPLjXiJ_lZJJ1p7AUdWLdKoR0hmrXLRO9zXVrub9pHrNKhliN0AvJJAOWmPpk4yQBYQq0ZguACuynuOxXmZvAjRoJ3PMDjR7uyqRnCkEKHK31DyBGC-BtEpr4qcuddhnmVgqPd2sspoegrP1opWINF9ymCkdpemRj3pI4N3EeGFelhX6nqFgw_MdHoGzObj8f2JcOkfJyGC3mWXhfWkB3ORU3RMXnngK_xfRcDpbfHepY4bDb2nPqu7TEMqsevZhWYfo7BxGY-yjzgN_Yhw8RGJheSaO44LtGRSlS73yI8Cc82LSseLVJCDxFTBrceUFWIw-kR5Dcs6V473fO_Gn-ulVDfyobyDzRwGJDGG0Xa13Yfw0wB1Ozk9G2xMu1Kl-QBEHmnL5haM6Gd3QKerJ1ZrCkRjTx-zeKveWQCnJ5mNRjMosCcl7n6tDXCEO8KCGXKD2Xa_sr6DtNsjRQmcGPmQwxKumeI1KzUhAzmh1J6haaZM1GUCGiOr1aOcSBz4005HY7qGLCYt7ljd-tM0M6RjTkgL9-e3zK_d2JjYSkqqqncl_15lBXEHxfhz4lbQvl884jalJTJtudTuz-gAh_PcqMixkcpOEUEBpD_zELa1Nr475BiILMTOkcp_5OdIhkbf5w9-_6FLXeSzz4I4blC_XLWzwqBDkWKbDnHEpui4J6pW6PeLbGU7Zox8_cWJi04nmw4b58wXwDA3S05aYoL4rbmkD84upyCeGaz04BszOZIfpARfvqvalAyVgrtiwR-EYKvyNys5D0AGLqLScI6OWpWlw9jlliEwQ55UBArKoyAJUYZx7db1cmjlKY643o7EOMrZ5Xn9X545LpWw6vd2RkdOwIFcD0GWZTKWB1Alb5bZBeBCBK2tISLWMn5o72IDeZ3jgZXP8hYbacr7gUqemqbN0mPm8ydYepcxcrEa8rPCEWJp-Ji9WfNlu1dghvZh6FreyIoGazr1QLpZIl06Jyf1W2LUXw2z2p7DyqbauvATkl6Gs3-9kx78He1OmDduNeHa0R0eEQurWaBk5os-4y-g_0NN8g6lsAWnVB47OhqpVa2v861sQyzbUkeb_O8kSa-BkBas6pc62ncxKvIF-N171Q-swY3RSTUcUmz4cQREHiPklGG9FPU4VAarxooA"}
form message = Thank you for your interest in Broadridge.
A representative will contact you within 24 business hours.
formpayload for validation = {"formSubmissionId":"BRIAE03Z3-1770619460750","elqFormName":"","elqSiteID":"","datalayerheader":"","contact":"","formgtm":"","elqCustomerGUID":"","elqCookieWrite":"","segment":"","name_first":"First_66848_TESTTEST","name_last":"Last_66848_TESTTEST","email_work":"automated_TESTTEST_2026-02-09_06_44_18@broadridge.com","phone_business":"999-999-9999","job_title":"Job_66848_TESTTEST","Company":"Company_66848_TESTTEST","country":"United States","comment":"This is an automated test submission.  Please ignore.","id":"","so":"","di":"","ct":"","ep":"","ot":"","mt":"","yr":"","rg":"","on":"","sub-source":"","campaignMostRecentID":"","content-id":"","orig-channel":"","campaign-name":"","campaignMostRecentName":"","campaignMostRecentSource":"","campaignMostRecentMedium":"","campaignMostRecentContent":"","campaignMostRecentTerm":"","campaignMostRecentContentID":"","campaignMostRecentSubSource":"","Persistent_utm_medium":"","Persistent_utm_source":"","Persistent_utm_term":"","Persistent_utm_campaign":"","Persistent_Sub_Source":"","Persistent_Content_ID":"","Persistent_Campaign_ID":"","Persistent_utm_content":"","Session_utm_medium":"","Session_utm_source":"","Session_utm_term":"","Session_utm_campaign":"","Session_Sub_Source":"","Session_Content_ID":"","Session_Campaign_ID":"701RN00000RbnVLYAZ","Session_utm_content":"","inquiry":"Gen Enq","fullURL":"https://www-dev.broadridge.com/capability/governance-and-regulatory-compliance/proxy-services/issuer-proxy","page_id":"182853","page_campaign_id":"0","ecid":"","elqCampaignId":"","Formmodel":"flyout","Pagetype":"Products","g-recaptcha-response":"0cAFcWeA5fPREtZ4q4DU2py59vHOCosXKmz8FRsE0C4_7FABIuXLt9wwB0nlNVfRn7EIwhvujBJ5CrFyMA6g1n3AMYA9RbfCHgXuQKkW8cBRxriyEEJn9EeyGg82DNbv94cev0LIp_DkP7rX6gf0aK5wqpQNJnJXiOU757wAKnNHseNaXc0g4qTo_M76JxqbHugZ0LOJPP4_lKZvcvV03NaGDGP8m8rcVz9Ei_S3DkYNZPgLCZBlCjg5N8Zq1wcVipTXQWnuLZjiG1BNwc7PHYJyPn9bj4IL2E160ODtMsIv3iOr2g-K6rx-pvvmY0wkdWMCtCOX1Bsx08sAJPomIBloUGmFQuELS9xMkAEdvq9PquA_RG5GCcA6fHTAIZXru66Z2DYflv53VYHA-WRZVNkoNZSGa5F1aBI-5rZgFGbL8qtyVa_bDYXxaKRtfgWVFWo79JNt8rEEgIKK48b_0AGVKqPt6B4a98usSXqvqPMlIj8bLGYHKm21fYJSK3BuLXsMEzwf-mKqiIUplh3EF3rh0sYzj0IjF3Ebc34YFOpMaRZUOy-UFI52CuGmFCdqGU-xurKah4HKyiEcISwsf5qVVjTMb7QZ7au8OYFYNmIL5dAilz6U56HslGWdK14fxvL4FioTXigdQDhLex7k1a3DYr0DSXM35d1729ZYhfXXZHblz5MeHQoLswnNI_mWPAKDbN6UiFZK_bNNsI1jmcMvWuD_1IhROg2ZtvNEBqTavRZ4Qlf1gkyNCfMjTPR8EjFEZ2wGLHc2jVml9RvdN2Ev5DUU50oVNW6Re3-7Iy3cQa3T2HejRrEVQofvr3o3X2Xhnl1KlulcuUL6oAyYsjucfkScO8cUd7ZCpJCxOWt3aAKPkB3qMUQ_hwlMjZd-TSRIMvo8cNMxQeDlCHvVYU0pvzVh3Ln-wYcfbnjghGKBuQnK6h412e7ChMU_kr3_iiu3m8TtzzhuXxQR_etsLRDlAUNlS1DP8vshRmm2lfFlOskaijpUsIjIT0mPYIWyJgMpj0Y-_9292qzY35t4XzSgKHBEKmXHjz2mIxHVoPw06VoMwEkmzIUnC_E5em2M4liigCbcVcriptlFMf5dQiQAwWfi1EmyJNz3ZnyFps5BozwfpnT8u5csypsdJsPyjmkea3edQ22jN1hLh5rWpeW4JayDJxu6UyPLjXiJ_lZJJ1p7AUdWLdKoR0hmrXLRO9zXVrub9pHrNKhliN0AvJJAOWmPpk4yQBYQq0ZguACuynuOxXmZvAjRoJ3PMDjR7uyqRnCkEKHK31DyBGC-BtEpr4qcuddhnmVgqPd2sspoegrP1opWINF9ymCkdpemRj3pI4N3EeGFelhX6nqFgw_MdHoGzObj8f2JcOkfJyGC3mWXhfWkB3ORU3RMXnngK_xfRcDpbfHepY4bDb2nPqu7TEMqsevZhWYfo7BxGY-yjzgN_Yhw8RGJheSaO44LtGRSlS73yI8Cc82LSseLVJCDxFTBrceUFWIw-kR5Dcs6V473fO_Gn-ulVDfyobyDzRwGJDGG0Xa13Yfw0wB1Ozk9G2xMu1Kl-QBEHmnL5haM6Gd3QKerJ1ZrCkRjTx-zeKveWQCnJ5mNRjMosCcl7n6tDXCEO8KCGXKD2Xa_sr6DtNsjRQmcGPmQwxKumeI1KzUhAzmh1J6haaZM1GUCGiOr1aOcSBz4005HY7qGLCYt7ljd-tM0M6RjTkgL9-e3zK_d2JjYSkqqqncl_15lBXEHxfhz4lbQvl884jalJTJtudTuz-gAh_PcqMixkcpOEUEBpD_zELa1Nr475BiILMTOkcp_5OdIhkbf5w9-_6FLXeSzz4I4blC_XLWzwqBDkWKbDnHEpui4J6pW6PeLbGU7Zox8_cWJi04nmw4b58wXwDA3S05aYoL4rbmkD84upyCeGaz04BszOZIfpARfvqvalAyVgrtiwR-EYKvyNys5D0AGLqLScI6OWpWlw9jlliEwQ55UBArKoyAJUYZx7db1cmjlKY643o7EOMrZ5Xn9X545LpWw6vd2RkdOwIFcD0GWZTKWB1Alb5bZBeBCBK2tISLWMn5o72IDeZ3jgZXP8hYbacr7gUqemqbN0mPm8ydYepcxcrEa8rPCEWJp-Ji9WfNlu1dghvZh6FreyIoGazr1QLpZIl06Jyf1W2LUXw2z2p7DyqbauvATkl6Gs3-9kx78He1OmDduNeHa0R0eEQurWaBk5os-4y-g_0NN8g6lsAWnVB47OhqpVa2v861sQyzbUkeb_O8kSa-BkBas6pc62ncxKvIF-N171Q-swY3RSTUcUmz4cQREHiPklGG9FPU4VAarxooA"}
formSubmissionId = BRIAE03Z3-1770619460750
fullURL = https://www-dev.broadridge.com/capability/governance-and-regulatory-compliance/proxy-services/issuer-proxy
page comparison URL = https://www-dev.broadridge.com/financial-services/corporate-issuer/issuer/simplify-the-annual-meeting-process/shareholder-meeting-registration
..........!!!...Filling the form failed...!!!........
................Header Contact Us Form Filled...................
v2 ContactUs form found on the bottom = false
V2 ContactUs form NOT found on the bottom
V2 Download form NOT found on the bottom
no cookie button
header ContactUs button found = true
emailTimeStamp = automated_TESTTEST_2026-02-09_06_44_59@broadridge.com
📤 Form payload = {"formSubmissionId":"BRWM1LNEO-1770619501804","elqFormName":"","elqSiteID":"","datalayerheader":"","contact":"","formgtm":"","elqCustomerGUID":"","elqCookieWrite":"","segment":"","name_first":"First_66848_TESTTEST","name_last":"Last_66848_TESTTEST","email_work":"automated_TESTTEST_2026-02-09_06_44_59@broadridge.com","phone_business":"999-999-9999","job_title":"Job_66848_TESTTEST","Company":"Company_66848_TESTTEST","country":"United States","comment":"This is an automated test submission.  Please ignore.","id":"","so":"","di":"","ct":"","ep":"","ot":"","mt":"","yr":"","rg":"","on":"","sub-source":"","campaignMostRecentID":"","content-id":"","orig-channel":"","campaign-name":"","campaignMostRecentName":"","campaignMostRecentSource":"","campaignMostRecentMedium":"","campaignMostRecentContent":"","campaignMostRecentTerm":"","campaignMostRecentContentID":"","campaignMostRecentSubSource":"","Persistent_utm_medium":"","Persistent_utm_source":"","Persistent_utm_term":"","Persistent_utm_campaign":"","Persistent_Sub_Source":"","Persistent_Content_ID":"","Persistent_Campaign_ID":"","Persistent_utm_content":"","Session_utm_medium":"","Session_utm_source":"","Session_utm_term":"","Session_utm_campaign":"","Session_Sub_Source":"","Session_Content_ID":"","Session_Campaign_ID":"701RN00000RbnVLYAZ","Session_utm_content":"","inquiry":"Gen Enq","fullURL":"https://www-dev.broadridge.com/press-release/2012/broadridge-trade-confirmation-matching-solution","page_id":"177489","page_campaign_id":"","ecid":"","elqCampaignId":"","Formmodel":"flyout","Pagetype":"Press Release","g-recaptcha-response":"0cAFcWeA6X4f26Br-bUZkPvSnh8yfn6M-tlq9Ykb3gbsQkJkANirfigdOu9ZCM-Zlm-7eIPtNDREP3684qGNwqR6ovuYWkSfxEHPO_Uxu_nYQXPImIoUj0xuZcNNkacNOsDUmtGJzR0ecBT5ue-JFlMQXDhcVpSjxOtEA2kWPzBN_-eVV6n4pMG7bJtfHnky7wcFfeju_AeUvulx3IwugMI7NQa993pWm-N3vzVEyFF2mIvytRAqKZSj1bs45Mxt-QOmEEJRWeTu2MLakZcFvNP802ATBGsN0eL08W4GcwjO2RHOOGqPRJU9yIgfU5wAbSB7ekcJnNE2X8XfEZMDyjwM1rwybQD8cFMVXsvL-wDbMpjKag9_iuE4pMjtktINbLId0OfP2PzgIOJmi9JrXGDhrTJQldrMGoNCCMrMcWOOoUo0N7rvYxwObbIika2XguJEpZ9_GPcAhnWyr5BeMfup-_VReQAGCXzTcxHH3toJmN3UmSKAcu9nbKLDmW-j76OiHGhrbSonmdBM-sFiGvT_1K_fkVd1LVSqPx7NaJmKY4u5Rny4tV544WS0GIY3472yp-qUsVXelZVixj6PMyHkmdNVhoKYJz5brD78_Noz6EEBpZMjvAhcTIsY81UaxA-d4z6GqlRfmJP3zV9Fjwp92yqbWqpY7WCipj3H4Ver-U5aOH3MzaVYHw0nwuq-4SjCK1xfMQRBHlC9MxWwiTCnBqncTHS1ZXtg0VNCIOiNUSvdcTu86p3bHBIvM1OxAEnZHcb6vx5L2ZYX_RHU0er0rcG7DdN5py-DnCzgk7DLSCLZqiyERvvqFaQb3AqIv9IO8LGAtRr7I65kjBSjJwpP26gOIueq1loAdgqYtabqCJ4pKXoXn3MxdA5o5kV7q5R7KFL7C0GlFHWmpO9trwsc63_DE7-nXyIPz-ppZTH1C4px_1lG-3pFkbmgpep_jApF5FrM_dH3708A2N5Xhd9NtJ0JGAkGYc9L4QelUJ-8gs1ozG0Jrx8GpTRQJPyWg6QN5IJKuQzHpvyVQUCYIJGWq93Q95sQhj8FcvaCuguEKg64M5zBqf252uq7eG6NYrLoUv8A5Iaxo3b0q_UpkSWib4d5Tr5fs0z5X9CvrzYIVWYzlGXsAmeML73_uB282VZd-Z9RjJAZ8PL5HcTxcun2sMmjaZlDmeqVZJtuSSHLcO8QXDJ2LL-A7wSIkN9fQ8779bgyb-LhrMGyd_rIVMauRkA77sUZBQ6_DKEC9NrQRXt5s16PQI2o-tAuM-Dr4d0NhjuUijrKKyVGJdHzSxIf-sD50M1ntk6toyg0iS31vSXS1gwdo1xyyZ1Xa7cHakaeePL4gFtfppsZjMkO8Qsg7fJAjQ1LlyYlNjQjMpyM8camY2WyFQctXAelL6J9EPgTR0do3AmfK-7bWQx8xu0MIdp3fqPorV4iSathfunTdxOlFVj7GOOJIi3nr-D2Yh5r8V9b47hrMK6tYNHp-A-W2VAxb__WwHquD30FLmoRCnh36AJiGzqHr_bXuyg6KnC7Yr_27caPuoIHIoIaT-lRPY-SpCdOy4QF3CQkGTg5lXL5B5N1a_S5nI_CM2QIUKKG85J3o-HZNaemGUAKBXq9WuR42Zl67SVJ2t8JqFaKcSQOFhsxUt1r8H1wKrChUO976KZj7Q4VDntitpysVv0qfvAqSiB53GR9zkoKU-z0047g0Oh8AnE9ajRtUnl7WU9ug_Bf05WcEUr9VI_PTo2I53fFZ68fBGZ5N0Nah6YiJDm2l9sfQIB9-gjhBc9ji5VAO8Iv6izQil10-_ujU6z9Chqy9qOltb6u-PCRRBiNtlIh2OvX_51-xU4WQZticoUuubFa0ktXsZ5PkG3KLnQebqcPlt1fg1GUV6prG6szRDlaP4Bgr8eikq-BjoI9T61YEWoK5n73UkEFITszLIPY5rQaAzBprCtsHK4_AKpASumVOJGRreOtwo0FWsocyNe6H5sYHkXwpnw42sNT8sWKFkWi6Y6FnaaNPSFLoGhHo315A1YY9xtgasYPIWD9ZWyd1YFQf7uPao5UevnHwYA1ltRclbLgNr26ziknrMUPlEnIu7cnbk7VCMNjwT9B7drs28TZh0neEiHFEHUssCwe-jqzhy5buLEVT45SCxq_nh475s6haSXvd31XteAJH8pgTGO3UIUvlYXHwR1qq99TjxJzpHn7q52DCR3H0hUgPJ-l0VNDqFxhcAKArMwc_s0l7ab2YuNwCeVbq_FkD-lgOqOEoStmPcr8sUHkn12hvvXWLlrgsUxlr7Ke_sQo_iaJH-x4EWL9_yVjCgbMYMRCYN_gUphFj6ag"}
📤 Form payload = {"formSubmissionId":"BRTP3MNYB-1770619501929","elqFormName":"","elqSiteID":"","datalayerheader":"","contact":"","formgtm":"","elqCustomerGUID":"","elqCookieWrite":"","segment":"","name_first":"First_66848_TESTTEST","name_last":"Last_66848_TESTTEST","email_work":"automated_TESTTEST_2026-02-09_06_44_59@broadridge.com","phone_business":"999-999-9999","job_title":"Job_66848_TESTTEST","Company":"Company_66848_TESTTEST","country":"United States","comment":"This is an automated test submission.  Please ignore.","id":"","so":"","di":"","ct":"","ep":"","ot":"","mt":"","yr":"","rg":"","on":"","sub-source":"","campaignMostRecentID":"","content-id":"","orig-channel":"","campaign-name":"","campaignMostRecentName":"","campaignMostRecentSource":"","campaignMostRecentMedium":"","campaignMostRecentContent":"","campaignMostRecentTerm":"","campaignMostRecentContentID":"","campaignMostRecentSubSource":"","Persistent_utm_medium":"","Persistent_utm_source":"","Persistent_utm_term":"","Persistent_utm_campaign":"","Persistent_Sub_Source":"","Persistent_Content_ID":"","Persistent_Campaign_ID":"","Persistent_utm_content":"","Session_utm_medium":"","Session_utm_source":"","Session_utm_term":"","Session_utm_campaign":"","Session_Sub_Source":"","Session_Content_ID":"","Session_Campaign_ID":"701RN00000RbnVLYAZ","Session_utm_content":"","inquiry":"Gen Enq","fullURL":"https://www-dev.broadridge.com/press-release/2012/broadridge-trade-confirmation-matching-solution","page_id":"177489","page_campaign_id":"","ecid":"","elqCampaignId":"","Formmodel":"flyout","Pagetype":"Press Release","g-recaptcha-response":"0cAFcWeA5T_81nzzRL9mx6nuB2k7zWQmw7h51hjpeWgLtbzde7K3Qx2fQqYgRhpb0459-iXQM682anUEWl2neP2ZvGGCZyTIf52c7ol6vpAmGXL7_0pFyMEDfMvO911VJX6PD_J_zP7cmXX1AyfaPYOeqWeYGI84RqBOJH0tlOPpCCQNBeVPnbchi7l70cZfK-7tW61o14u7iO4lATLcEApSHvapBEatqNQ1XCXsfpznsnVpiq1P57z1DyAIE3XFu1ijy71xPQP5EqARnr7rCAe_qsZ68keRe_bcL1af509LKs3mXxEiT35BOfSef-sHfu12k7nF0cNWHbOnznmcMqSQX7zCs7XbyhNQv5WiOzXpJRlktpL41Ilyk9g7mfSv_ejDkzPw6tt40qc9Hvp6TrOuoCPJykpvKteEKJHBpMiM7X5IDQU6MhTSV-lsdnEMy_0tL8COYQGA4_S5UrFB1Zt-luS6VZ3CoC6eCKfS5GcCOh_4gpYmBn4rcv-Ty1Pr4Ze_ljf8gLqeYwfCMepDyioc_IeQjm9TYkNe32cdQzdH3VYKTln5XSrYEaqFLgekQdVEK2cgadXBHABWxiThZjzuEZoPFinQLoETvb0PHoq5FqOGglGZfnbNahnD2lHmtsHMdOhhutxs4ag1i7gBudGoFAShgjbw8d_M8IRYsYvE_auE152P1N58san7-CFpFfquZS4xYwMXWosppbkNPtIiocz0aHGOdBIudKWxJW92yRkTKlSpzuSbF69g1MYvcBCZhO3eTt6zjwCln0Mv_Sq0OedHUuzg73AxIh6KqOPWLraat9W-8XwtDM2oGt8gSz4dUxMVcrSHwcfk8bRmkmZJPF-96haXPvfaKg-aUGUAmIkDMc4Hsr4247JpxY8cxjtgsUbcSNCzOqLPkiFmodvhZbjH2i6WB8LomjM_aJU1EEW631_EpdOG5-7WdnZ9Ry7q57jbA2l2QqbCD3VUlowzMhLUQY8hCWAlCUBoUQFbjYY18C8a8iSF1_ktiLNFOjPgk6eYRI7RzPPirRwYvk2x0Jg9B73TLQAakRUbVgYB4MeafC7kmI7X-uridCveIZhsQ-P-uCDLdNdk4MaArbuvQXY3gjheX31g8L9o7isjd4Zx1RAcG1PjLjvjWpwxaH2nfhNGNMAzw0K8db8hxUf1zh4swX8CgRiiAX_WQwZaYObCwJIC0ghrpOGCfDzojNHqofUKkSJWu28Zi3idI28zxOZycN96HJ3_J8PNIMnTcFBNr9LymF1rXATbljbzNDLTB03Es6I5hiBOcWFDS1HFQIHkRHp_KxT__JU1AY0MhoYhhyPt305e7H0lPmlrJooRH6SJLSWOWibAgNz27xMVUq4O0VIsNAuoIentzJ461DAHb5MHz0L7--qFsF3KUVVerxLvqWuFiy8SN883bSV2UiHPBgxWhKJ7DrCXgd6pQGAC-NQiDS9OgmykUoiv1RZtuDV3fzZfWvBgGaNCOMnRjpLCNjsV_PKJUONhpnZr3bw4KzMrSlNBJcOADu6kf6fNzwnahKTVlzlZJiQEE8J4MrQjNFsG7mmUKzTJEUD70E0djeu4uvR4Cew95CKKQMvex7NdxKfJFpF1gsMr8iw1WIXHR0_1A64uSwtYiR1K3qMWe8UfUJ1QS1AL5QX58AVohX69oGn5nkzML_De7Bjc4M_BB7l-0J3l_v_7ydVzNnY5GwN86fBXHI1Aax3LSxaAF5TMTZp4Q24711HGFtqLsi5Xc7Gu-MhpbrWtvjc0IjWVG5iE-_qEoKB2sdgELHCq8p9vo9qjYJWUBWt6OgIrxuqF4vyCIB0NGqcfU5r04OwduvSWXKDX_yhOTIgnomnm9HS_Okx5a0YYJgltg2-pzFvKGI9ryWaTJmdnZYLNJm59lafN11sAl5OAplnH6GcXko_XW1Zpy_BiLVVqH2Ip8H7tTI1nZHnGfbPX_C-yDiibBBKcC0yLmGOg9D5NOAhbTVbNgDaYBjiJReyrCGaKccgR4mb21by-HvtSJOuLc_9VFCv7HjgBqEoF0MqE5_fmELe7ebolsYnWzr5FslWXuaMs8utxRhEb1vf29Q2YXaKtsN7h7JduHI7gBMuAAhOZpd8Uudox8Muevtp4MyijvrzkjscOPw1_SiX0SGctFOi3PHyXkmoeCk-kA1Za0-iAB9AuFY1iSy3wjai6UUT--CYt922eCF-uH2gWp8zWN3erbWZHawqmsYvysizmJ9oG_a7o-TXGIIoIpWK8l9V19IzqYiihkLPJP01BRg-k7Dni0C-Jt8KsAGXp8QJJMtOSofKxiGkaWrvjOyKQuZID5P6yCTaQYGvtv4tICRlSbmFjVi2w7d6SRfGAEsjRC_ahA83v0sYdAa6FD5nnPhXvM_8GnQwtwRuiYBwK9lK49_r5nffjFvH4E"}
form message = Thank you for your interest in Broadridge.
A representative will contact you within 24 business hours.
formpayload for validation = {"formSubmissionId":"BRTP3MNYB-1770619501929","elqFormName":"","elqSiteID":"","datalayerheader":"","contact":"","formgtm":"","elqCustomerGUID":"","elqCookieWrite":"","segment":"","name_first":"First_66848_TESTTEST","name_last":"Last_66848_TESTTEST","email_work":"automated_TESTTEST_2026-02-09_06_44_59@broadridge.com","phone_business":"999-999-9999","job_title":"Job_66848_TESTTEST","Company":"Company_66848_TESTTEST","country":"United States","comment":"This is an automated test submission.  Please ignore.","id":"","so":"","di":"","ct":"","ep":"","ot":"","mt":"","yr":"","rg":"","on":"","sub-source":"","campaignMostRecentID":"","content-id":"","orig-channel":"","campaign-name":"","campaignMostRecentName":"","campaignMostRecentSource":"","campaignMostRecentMedium":"","campaignMostRecentContent":"","campaignMostRecentTerm":"","campaignMostRecentContentID":"","campaignMostRecentSubSource":"","Persistent_utm_medium":"","Persistent_utm_source":"","Persistent_utm_term":"","Persistent_utm_campaign":"","Persistent_Sub_Source":"","Persistent_Content_ID":"","Persistent_Campaign_ID":"","Persistent_utm_content":"","Session_utm_medium":"","Session_utm_source":"","Session_utm_term":"","Session_utm_campaign":"","Session_Sub_Source":"","Session_Content_ID":"","Session_Campaign_ID":"701RN00000RbnVLYAZ","Session_utm_content":"","inquiry":"Gen Enq","fullURL":"https://www-dev.broadridge.com/press-release/2012/broadridge-trade-confirmation-matching-solution","page_id":"177489","page_campaign_id":"","ecid":"","elqCampaignId":"","Formmodel":"flyout","Pagetype":"Press Release","g-recaptcha-response":"0cAFcWeA5T_81nzzRL9mx6nuB2k7zWQmw7h51hjpeWgLtbzde7K3Qx2fQqYgRhpb0459-iXQM682anUEWl2neP2ZvGGCZyTIf52c7ol6vpAmGXL7_0pFyMEDfMvO911VJX6PD_J_zP7cmXX1AyfaPYOeqWeYGI84RqBOJH0tlOPpCCQNBeVPnbchi7l70cZfK-7tW61o14u7iO4lATLcEApSHvapBEatqNQ1XCXsfpznsnVpiq1P57z1DyAIE3XFu1ijy71xPQP5EqARnr7rCAe_qsZ68keRe_bcL1af509LKs3mXxEiT35BOfSef-sHfu12k7nF0cNWHbOnznmcMqSQX7zCs7XbyhNQv5WiOzXpJRlktpL41Ilyk9g7mfSv_ejDkzPw6tt40qc9Hvp6TrOuoCPJykpvKteEKJHBpMiM7X5IDQU6MhTSV-lsdnEMy_0tL8COYQGA4_S5UrFB1Zt-luS6VZ3CoC6eCKfS5GcCOh_4gpYmBn4rcv-Ty1Pr4Ze_ljf8gLqeYwfCMepDyioc_IeQjm9TYkNe32cdQzdH3VYKTln5XSrYEaqFLgekQdVEK2cgadXBHABWxiThZjzuEZoPFinQLoETvb0PHoq5FqOGglGZfnbNahnD2lHmtsHMdOhhutxs4ag1i7gBudGoFAShgjbw8d_M8IRYsYvE_auE152P1N58san7-CFpFfquZS4xYwMXWosppbkNPtIiocz0aHGOdBIudKWxJW92yRkTKlSpzuSbF69g1MYvcBCZhO3eTt6zjwCln0Mv_Sq0OedHUuzg73AxIh6KqOPWLraat9W-8XwtDM2oGt8gSz4dUxMVcrSHwcfk8bRmkmZJPF-96haXPvfaKg-aUGUAmIkDMc4Hsr4247JpxY8cxjtgsUbcSNCzOqLPkiFmodvhZbjH2i6WB8LomjM_aJU1EEW631_EpdOG5-7WdnZ9Ry7q57jbA2l2QqbCD3VUlowzMhLUQY8hCWAlCUBoUQFbjYY18C8a8iSF1_ktiLNFOjPgk6eYRI7RzPPirRwYvk2x0Jg9B73TLQAakRUbVgYB4MeafC7kmI7X-uridCveIZhsQ-P-uCDLdNdk4MaArbuvQXY3gjheX31g8L9o7isjd4Zx1RAcG1PjLjvjWpwxaH2nfhNGNMAzw0K8db8hxUf1zh4swX8CgRiiAX_WQwZaYObCwJIC0ghrpOGCfDzojNHqofUKkSJWu28Zi3idI28zxOZycN96HJ3_J8PNIMnTcFBNr9LymF1rXATbljbzNDLTB03Es6I5hiBOcWFDS1HFQIHkRHp_KxT__JU1AY0MhoYhhyPt305e7H0lPmlrJooRH6SJLSWOWibAgNz27xMVUq4O0VIsNAuoIentzJ461DAHb5MHz0L7--qFsF3KUVVerxLvqWuFiy8SN883bSV2UiHPBgxWhKJ7DrCXgd6pQGAC-NQiDS9OgmykUoiv1RZtuDV3fzZfWvBgGaNCOMnRjpLCNjsV_PKJUONhpnZr3bw4KzMrSlNBJcOADu6kf6fNzwnahKTVlzlZJiQEE8J4MrQjNFsG7mmUKzTJEUD70E0djeu4uvR4Cew95CKKQMvex7NdxKfJFpF1gsMr8iw1WIXHR0_1A64uSwtYiR1K3qMWe8UfUJ1QS1AL5QX58AVohX69oGn5nkzML_De7Bjc4M_BB7l-0J3l_v_7ydVzNnY5GwN86fBXHI1Aax3LSxaAF5TMTZp4Q24711HGFtqLsi5Xc7Gu-MhpbrWtvjc0IjWVG5iE-_qEoKB2sdgELHCq8p9vo9qjYJWUBWt6OgIrxuqF4vyCIB0NGqcfU5r04OwduvSWXKDX_yhOTIgnomnm9HS_Okx5a0YYJgltg2-pzFvKGI9ryWaTJmdnZYLNJm59lafN11sAl5OAplnH6GcXko_XW1Zpy_BiLVVqH2Ip8H7tTI1nZHnGfbPX_C-yDiibBBKcC0yLmGOg9D5NOAhbTVbNgDaYBjiJReyrCGaKccgR4mb21by-HvtSJOuLc_9VFCv7HjgBqEoF0MqE5_fmELe7ebolsYnWzr5FslWXuaMs8utxRhEb1vf29Q2YXaKtsN7h7JduHI7gBMuAAhOZpd8Uudox8Muevtp4MyijvrzkjscOPw1_SiX0SGctFOi3PHyXkmoeCk-kA1Za0-iAB9AuFY1iSy3wjai6UUT--CYt922eCF-uH2gWp8zWN3erbWZHawqmsYvysizmJ9oG_a7o-TXGIIoIpWK8l9V19IzqYiihkLPJP01BRg-k7Dni0C-Jt8KsAGXp8QJJMtOSofKxiGkaWrvjOyKQuZID5P6yCTaQYGvtv4tICRlSbmFjVi2w7d6SRfGAEsjRC_ahA83v0sYdAa6FD5nnPhXvM_8GnQwtwRuiYBwK9lK49_r5nffjFvH4E"}
formSubmissionId = BRTP3MNYB-1770619501929
fullURL = https://www-dev.broadridge.com/press-release/2012/broadridge-trade-confirmation-matching-solution
page comparison URL = https://www-dev.broadridge.com/press-release/2012/broadridge-trade-confirmation-matching-solution
................Header Contact Us Form Filled...................
V2 ContactUs form NOT found on the bottom
V2 Download form NOT found on the bottom
no cookie button
header ContactUs button found = true
emailTimeStamp = automated_TESTTEST_2026-02-09_06_45_38@broadridge.com
📤 Form payload = {"formSubmissionId":"BRXB9YY8V-1770619540758","elqFormName":"","elqSiteID":"","datalayerheader":"","contact":"","formgtm":"","elqCustomerGUID":"","elqCookieWrite":"","segment":"","name_first":"First_66848_TESTTEST","name_last":"Last_66848_TESTTEST","email_work":"automated_TESTTEST_2026-02-09_06_45_38@broadridge.com","phone_business":"999-999-9999","job_title":"Job_66848_TESTTEST","Company":"Company_66848_TESTTEST","country":"United States","comment":"This is an automated test submission.  Please ignore.","id":"","so":"","di":"","ct":"","ep":"","ot":"","mt":"","yr":"","rg":"","on":"","sub-source":"","campaignMostRecentID":"","content-id":"","orig-channel":"","campaign-name":"","campaignMostRecentName":"","campaignMostRecentSource":"","campaignMostRecentMedium":"","campaignMostRecentContent":"","campaignMostRecentTerm":"","campaignMostRecentContentID":"","campaignMostRecentSubSource":"","Persistent_utm_medium":"","Persistent_utm_source":"","Persistent_utm_term":"","Persistent_utm_campaign":"","Persistent_Sub_Source":"","Persistent_Content_ID":"","Persistent_Campaign_ID":"","Persistent_utm_content":"","Session_utm_medium":"","Session_utm_source":"","Session_utm_term":"","Session_utm_campaign":"","Session_Sub_Source":"","Session_Content_ID":"","Session_Campaign_ID":"701RN00000RbnVLYAZ","Session_utm_content":"","inquiry":"Gen Enq","fullURL":"https://www-dev.broadridge.com/press-release/2012/matrix-expands-trueopen-architecture-platform","page_id":"177726","page_campaign_id":"","ecid":"","elqCampaignId":"","Formmodel":"flyout","Pagetype":"Press Release","g-recaptcha-response":"0cAFcWeA7CQvFFwVoNSUOfcOzeCXaF-birseJqanGQ2nFKVDeKGMAZ5zrc_lcHA28RuHKJdof4Pcbcp5xmiqilDU4P1te4FkbkJeX-A7sqI2Um3P3MLN2ztOORY2KWzqxiEl9ACeb6utP7hAP6aQnKgWSoY3i3bu3J6apNV3u7lNhkWrdO5WfyfagqSBEKaYhoowY4y62IC_eCeBKbIyXyfjln6bO6bZN5qLsm7jLmF10YZ3WzZECfjSRZlkFdIs90rz7xwwZgTFNy5gIj8F3NE6CFSmRqlQ5jggrmu-7LrAbhbPV_npeX4EUW-P1eyfoW6lMiF_PPY99XnvEysRf4AnvuzjeyGCMQa4ku7gt4IV1MG0ZQwXSZZjkN-zyAsAOU2AHSSrdzy6yGCRi476BWaVAsp1rZbgh_tSBb3Rx9N_4lN2hs_YLgVGPrculJwHEy8N9Kl2WpxcRRhtzwcZgdnahG14LpK9r8sNm13lmr9xcZd_NRyO5wghO5y52amRzVt2uqbEyJ20HfBmwxIwlPoD-Ah9vHZurMEcsCF6vZsmOzk9m-TJtO3k11vacb_IOHzsxecuYwrFtXAPxknaqjdJRUU97i6J0GyfSyCTnwvQaZFcydegAsSfrZY5YADfHQs5HWcL9tMvwY_0jaq8ZhG4lU1dz2wEFNpESB9hn0qqr1d_AjA2Y7o9EZoQthQObVnGHTZkzftpWGBTtEXEzzXOmucvUpUiR69lblIObfvv_ybfvGOCjSPEH9jIsj3HoPbB6fWOSrU7elJIENnRC9Lr5moxPeuOyefowEt_zMYNLnJ7sc2bHwVBZ84Vmn5F7zcH1kgHf5Q9ggs2DumimQGv-WqoLLc2XQxctDzXBg75iZkzTIEztzw5Pgh_nqoJtyKp36OGZi77004rG2Q9X3QxRgZquKd1UQ5i_qjtKCsLOACQPBRKTjPq7V7cDjmH3v9rayDLSJhhfIAQXaRc96AVGbfuaNoR19Okk_Vy7_M4lliSUYGy_zaM8vBuXFvNZ0PZ9cPl72HDZne3ALq3KAw8wTSQtqVV2SVOkrSlFAmg0JaytNpJ0vXOmCZ0Y8n1wKH9tutir7ZQeNQmAlH_-d9IeDew0TNAxK9ukdRffpeAPxAJt_BsB8UkRZn9BWiVDyAHn-F1LEvxmdwz8LthOyqpU5EIik8RPfOeP5vLVnj-iW4i5g8z0ufNW3HFKrk3QPlLDbZroiZ9yVm2WJpvJBHmXa0R723eF2b1Ze6vMtht5_reOBMDQH66SEyomkpcKzXzNNfAg0U7qZTECmurY6R5uUm_3Njf0W3QkU4cyYpKE9EdeT5vsMrNz3wxKErYp0bgygqWRRZzO81eLejZr35JXDbbOuyn0oSIN6JhbIgtiTZFhdjkIE3jQF3_jFDETj9f1TLVpGN6HC7SQt4i_c-0hjHMMgKsbHSX-kkHZDbX5XI-Ne3SovKMvxcBaGwUHkCIBIrUrJJUiMGTxcAEljP4DutlJ1PLFdF1xl25zcOy-UsskfhgT5e14rwHSzw4JqXU_nkuuqUBKb6ZpoB33LRd2yyq9zdQSTR2fpR_ZYoojKHVaViMR_GLpq-vT30byc1oZpVbFv2Rl7ggzEP1F3k9WfdN42y0R2YxeZO2YzzSIjhFOccKpwOVNPUifBFIOr6M6I1HcQbA7D2omgzEg5iajptojf_jC4qmujfT72JMRt5isnP3hfgiYgqDEAqcePwOKoMZHRLb1S94h9Yh5wSFfEoqPXbowq8LBAw8PXtgbyEpmN7V1W41clxHO6HbJJtiG0V_Gh-y0N6jAaFiTDSy92PQaEFno3ijzDcZv8kswa4rMMrHFwhSghrviIu5BeKt5o3YUwHXr85B1kzvTn-fNcGvE8z33q731m9H7ND2LGrIKnguQWarJ3N9r5cUs2AfM9teWoJaWts981tacd1lZlvRlc0GtOjCYOi7Ge1Q0Dt12XwWgPWdhnV5-rawuqIcp2ERSgj-NU0EnoLj9W2IvhCiOdNrKuHwnpCcZbmBmJQEyawPbg4fP7JCv-DFkwUUn-wEDK3_xxEa6Vxa-RNsuTZyLq1QdmSWDlZg_cLcSst3xLYSe4vxJ1_-ipfkGnC6KEKLneh8BEgA1V7jLPoq1hGhTIuvSL3Dx5sR3gbZHnuA7hwcoNVzaP1AMBcDXDNAaaydGVDNkSZYkAVu4dVbiQ3bS0Z-FedBf5g5oF62rQtDOWQYnyclnUQsWLpu6L5B70RSVSWxRzs9hwJeyu0dUfEnd-L8FJ80gGqApIWPcMfmoEIstLkDNEgsTxx-63nY6SAAdyD3u6mJspkFS4G3JXNLeCTWdX5IjB_pDkJQuKTzuMxFqWmDY"}
📤 Form payload = {"formSubmissionId":"BRJE8OEK9-1770619540876","elqFormName":"","elqSiteID":"","datalayerheader":"","contact":"","formgtm":"","elqCustomerGUID":"","elqCookieWrite":"","segment":"","name_first":"First_66848_TESTTEST","name_last":"Last_66848_TESTTEST","email_work":"automated_TESTTEST_2026-02-09_06_45_38@broadridge.com","phone_business":"999-999-9999","job_title":"Job_66848_TESTTEST","Company":"Company_66848_TESTTEST","country":"United States","comment":"This is an automated test submission.  Please ignore.","id":"","so":"","di":"","ct":"","ep":"","ot":"","mt":"","yr":"","rg":"","on":"","sub-source":"","campaignMostRecentID":"","content-id":"","orig-channel":"","campaign-name":"","campaignMostRecentName":"","campaignMostRecentSource":"","campaignMostRecentMedium":"","campaignMostRecentContent":"","campaignMostRecentTerm":"","campaignMostRecentContentID":"","campaignMostRecentSubSource":"","Persistent_utm_medium":"","Persistent_utm_source":"","Persistent_utm_term":"","Persistent_utm_campaign":"","Persistent_Sub_Source":"","Persistent_Content_ID":"","Persistent_Campaign_ID":"","Persistent_utm_content":"","Session_utm_medium":"","Session_utm_source":"","Session_utm_term":"","Session_utm_campaign":"","Session_Sub_Source":"","Session_Content_ID":"","Session_Campaign_ID":"701RN00000RbnVLYAZ","Session_utm_content":"","inquiry":"Gen Enq","fullURL":"https://www-dev.broadridge.com/press-release/2012/matrix-expands-trueopen-architecture-platform","page_id":"177726","page_campaign_id":"","ecid":"","elqCampaignId":"","Formmodel":"flyout","Pagetype":"Press Release","g-recaptcha-response":"0cAFcWeA445pwIivcgnhyI-OCHkPMrE-kjQ1u-hx4ew0Iq6dt954awCFNc4i3fgDkfxw1jiVkZRtcqNXISVdHZUDTsWIqM014StDbzGfKcvmy-csoE-3aYzwqyXxf5KRVYcIDtIlCtqYbnBPG-Fzw9SWjp8fozlESJ40UJqJwZpQloHIgZCmGjpp8rCnRKFht0f9gTrU4lZR-RMyrzBF5pPMnLHNbGOsHg0FEPwMCjz2eC_pMHjub0ygjYUS8HwCoDEeJiz6sdrKAT4dGnkvenTTHrtI0ueJGp5wXUVOBGdWB0a1mSX079s73krS92upI4_0UF_hvGJhs9-q7sp9TDvoKLfa6Y1zkOFwV1quvXC4SvR2FHw9IMYz6xSpr20mckk-Mt905_GVigg82HrNePxziD2q-dXYVGEmuNARlZ2XToykA99eG4b3VKSzpfhcfRwjviUO_LSum5Ja9t32yBX3xa9psslFjN-3pDiKYjrfFLOTYMdhA8BUF5mmjOXkFHlWtwz9c3aHNapsda9JlarVgmMOWIl0TIDYqXsaABJWzzQ40Pr3DYd0Sq0XW6vywkEi0UXLTW-fAK1w5tsT27joI-oPccafeyc2RgGttu5sY_72-m8Jj2zwtaMV-OfBSfzQXCZ7MF3JRauRRrgp04SANhCLj7lcbR_sXUlAi1cDEIalkb_RYJVHKtjuek_1auornG4NOUiI5v_GNiXKTPPUzvZ32n08S3WDhL7rJmysRo98LKiJaECXbo8ZbJNeetnsiDnosCetdSCYo3dpfakZWCRqhyVSW5z3mD9fqdKNVLlYZrP0Chyx3cDoq1k2Dyr0bhvd-ssPZKXdhSuLFCtuIpX8d-z06albSMrTWC9Ce6rjjTwDR9Slc14O9IS1GIiPd5FP-wFjTVqtmUI5HfH_rbQIjDj-khjDT7lAVuWI-hD4-_8o1dDIwM1y95ICaAMZcQf6B4WU_yI7W-dULbh6z2Ef8wxihD1_Q5mWqqkDSEW9VZj4QE36h5cuayzhLW9Da8W6zQopQXeSOYJs0pUo1pp2_U5mA2nBGK9rK7OXPVs-HZUCvOIuz2rv3EauhdNMGZPqCCq39A1BiSqfDmAT65bYMrZNMrfyq3yyZPoTGb6a_zxqE-0fXT4JKwEB6yis-y9Y_iy_9f13H91ocmBUzfUt5a4bKKz-vbZZJn-WWjbhPRdCKiMS_Yf78bPZ6V1lvToc553yIa2hVFvtg0t0nP6A_wo1aF1F8y7uKlkHaOEAkOmmBlC6AQpnjh1iTKmXvIematCkWSXaW27SSCzCIDnax4C4-ks7EKqia-ao4uCKbS0XdrSi7JkutZLDIXdZtcIv0rwkyxYUN6zN479DfdAUBAOkJVVCIrod58ljeLHdDaVr0subm8dZU9Rg-j0Nrnu_Atv4bsdYfFmGLUxKm_ZhFT8c8iEo-KauUOSitF8RvezyuiJzbpT1X8N0uF2iA4bqxL-cWUJT9rMLOio-KLmv_r4z5yfEw3JoyrjC_o6u6N9790AaLT4YLsttin9pIt7porgN7jPwcB7IYPGShprE2A8OzkAVU43sX6j1iTCFkCNN8devf7LrK7Vtw6H3P1bANYj8JLtzQ1EjXPcDylqdm6aVVIsByFeRIf29DI9Qv-AcCOFPOarHuTdy4DCbJrPZQCXyHT4FO_lN6_KaraI_sS9YPbjLOcH57nNhk3nVTaqZqcp6nOdfcBeq4nzYHyhpSaa4Z2RU8Y6aLbsbvf1pHYcN35GIuUADwzLslSxmf85cXE9VW0QFFCcY67eqiFPBXsSQFP3aMi-_PEBv6ikjD3d5tk-BGxVycvF-71qFBBSB0_MFQn6chyzVa5FC0fsVyMGHLVsr1t9Qw_O7SrS7XGznGfPTDdiAZK2l5_6f6ittb3aLdn_x6S_gQYfu1kRQDRQqPj1tv8ZE8faIEtMLbR9OGZ_f7iIJBpYzQpUrszKwv7a4RN4aAfgHT-rSJPRjRmwdYBJBRn97aXiK0ioOVE8k7pbcYSXBuRaoWPkWIR_9UMmq9m3AY3UNgQATPrruhdd7dyhSXnqDdZu7qwwzb-bdt66tzaJrrzSInzjdY5P0l2W1T4A6Mg0Da397BTg9UMGWsO6PC6lghXy6ggQEUmxLOBbSwWKg9uIXic6Cqzdo6uDlvPlh38-PHq_TGTJy8BOrrJqCMY87HpXXEaAJO6Ok_WGkct9wW32vAreqAbAtaH1MEUR4e_M0QoPYV4s_8AaTE91Xgk--yCZXBa1v0HQyBjY2P81GKBXOUjymwhNs9AzJCTGPU7rsHyBjN94AfU9CnBjx88TM8IC8opcbi-ptf_8w"}
form message = Thank you for your interest in Broadridge.
A representative will contact you within 24 business hours.
formpayload for validation = {"formSubmissionId":"BRJE8OEK9-1770619540876","elqFormName":"","elqSiteID":"","datalayerheader":"","contact":"","formgtm":"","elqCustomerGUID":"","elqCookieWrite":"","segment":"","name_first":"First_66848_TESTTEST","name_last":"Last_66848_TESTTEST","email_work":"automated_TESTTEST_2026-02-09_06_45_38@broadridge.com","phone_business":"999-999-9999","job_title":"Job_66848_TESTTEST","Company":"Company_66848_TESTTEST","country":"United States","comment":"This is an automated test submission.  Please ignore.","id":"","so":"","di":"","ct":"","ep":"","ot":"","mt":"","yr":"","rg":"","on":"","sub-source":"","campaignMostRecentID":"","content-id":"","orig-channel":"","campaign-name":"","campaignMostRecentName":"","campaignMostRecentSource":"","campaignMostRecentMedium":"","campaignMostRecentContent":"","campaignMostRecentTerm":"","campaignMostRecentContentID":"","campaignMostRecentSubSource":"","Persistent_utm_medium":"","Persistent_utm_source":"","Persistent_utm_term":"","Persistent_utm_campaign":"","Persistent_Sub_Source":"","Persistent_Content_ID":"","Persistent_Campaign_ID":"","Persistent_utm_content":"","Session_utm_medium":"","Session_utm_source":"","Session_utm_term":"","Session_utm_campaign":"","Session_Sub_Source":"","Session_Content_ID":"","Session_Campaign_ID":"701RN00000RbnVLYAZ","Session_utm_content":"","inquiry":"Gen Enq","fullURL":"https://www-dev.broadridge.com/press-release/2012/matrix-expands-trueopen-architecture-platform","page_id":"177726","page_campaign_id":"","ecid":"","elqCampaignId":"","Formmodel":"flyout","Pagetype":"Press Release","g-recaptcha-response":"0cAFcWeA445pwIivcgnhyI-OCHkPMrE-kjQ1u-hx4ew0Iq6dt954awCFNc4i3fgDkfxw1jiVkZRtcqNXISVdHZUDTsWIqM014StDbzGfKcvmy-csoE-3aYzwqyXxf5KRVYcIDtIlCtqYbnBPG-Fzw9SWjp8fozlESJ40UJqJwZpQloHIgZCmGjpp8rCnRKFht0f9gTrU4lZR-RMyrzBF5pPMnLHNbGOsHg0FEPwMCjz2eC_pMHjub0ygjYUS8HwCoDEeJiz6sdrKAT4dGnkvenTTHrtI0ueJGp5wXUVOBGdWB0a1mSX079s73krS92upI4_0UF_hvGJhs9-q7sp9TDvoKLfa6Y1zkOFwV1quvXC4SvR2FHw9IMYz6xSpr20mckk-Mt905_GVigg82HrNePxziD2q-dXYVGEmuNARlZ2XToykA99eG4b3VKSzpfhcfRwjviUO_LSum5Ja9t32yBX3xa9psslFjN-3pDiKYjrfFLOTYMdhA8BUF5mmjOXkFHlWtwz9c3aHNapsda9JlarVgmMOWIl0TIDYqXsaABJWzzQ40Pr3DYd0Sq0XW6vywkEi0UXLTW-fAK1w5tsT27joI-oPccafeyc2RgGttu5sY_72-m8Jj2zwtaMV-OfBSfzQXCZ7MF3JRauRRrgp04SANhCLj7lcbR_sXUlAi1cDEIalkb_RYJVHKtjuek_1auornG4NOUiI5v_GNiXKTPPUzvZ32n08S3WDhL7rJmysRo98LKiJaECXbo8ZbJNeetnsiDnosCetdSCYo3dpfakZWCRqhyVSW5z3mD9fqdKNVLlYZrP0Chyx3cDoq1k2Dyr0bhvd-ssPZKXdhSuLFCtuIpX8d-z06albSMrTWC9Ce6rjjTwDR9Slc14O9IS1GIiPd5FP-wFjTVqtmUI5HfH_rbQIjDj-khjDT7lAVuWI-hD4-_8o1dDIwM1y95ICaAMZcQf6B4WU_yI7W-dULbh6z2Ef8wxihD1_Q5mWqqkDSEW9VZj4QE36h5cuayzhLW9Da8W6zQopQXeSOYJs0pUo1pp2_U5mA2nBGK9rK7OXPVs-HZUCvOIuz2rv3EauhdNMGZPqCCq39A1BiSqfDmAT65bYMrZNMrfyq3yyZPoTGb6a_zxqE-0fXT4JKwEB6yis-y9Y_iy_9f13H91ocmBUzfUt5a4bKKz-vbZZJn-WWjbhPRdCKiMS_Yf78bPZ6V1lvToc553yIa2hVFvtg0t0nP6A_wo1aF1F8y7uKlkHaOEAkOmmBlC6AQpnjh1iTKmXvIematCkWSXaW27SSCzCIDnax4C4-ks7EKqia-ao4uCKbS0XdrSi7JkutZLDIXdZtcIv0rwkyxYUN6zN479DfdAUBAOkJVVCIrod58ljeLHdDaVr0subm8dZU9Rg-j0Nrnu_Atv4bsdYfFmGLUxKm_ZhFT8c8iEo-KauUOSitF8RvezyuiJzbpT1X8N0uF2iA4bqxL-cWUJT9rMLOio-KLmv_r4z5yfEw3JoyrjC_o6u6N9790AaLT4YLsttin9pIt7porgN7jPwcB7IYPGShprE2A8OzkAVU43sX6j1iTCFkCNN8devf7LrK7Vtw6H3P1bANYj8JLtzQ1EjXPcDylqdm6aVVIsByFeRIf29DI9Qv-AcCOFPOarHuTdy4DCbJrPZQCXyHT4FO_lN6_KaraI_sS9YPbjLOcH57nNhk3nVTaqZqcp6nOdfcBeq4nzYHyhpSaa4Z2RU8Y6aLbsbvf1pHYcN35GIuUADwzLslSxmf85cXE9VW0QFFCcY67eqiFPBXsSQFP3aMi-_PEBv6ikjD3d5tk-BGxVycvF-71qFBBSB0_MFQn6chyzVa5FC0fsVyMGHLVsr1t9Qw_O7SrS7XGznGfPTDdiAZK2l5_6f6ittb3aLdn_x6S_gQYfu1kRQDRQqPj1tv8ZE8faIEtMLbR9OGZ_f7iIJBpYzQpUrszKwv7a4RN4aAfgHT-rSJPRjRmwdYBJBRn97aXiK0ioOVE8k7pbcYSXBuRaoWPkWIR_9UMmq9m3AY3UNgQATPrruhdd7dyhSXnqDdZu7qwwzb-bdt66tzaJrrzSInzjdY5P0l2W1T4A6Mg0Da397BTg9UMGWsO6PC6lghXy6ggQEUmxLOBbSwWKg9uIXic6Cqzdo6uDlvPlh38-PHq_TGTJy8BOrrJqCMY87HpXXEaAJO6Ok_WGkct9wW32vAreqAbAtaH1MEUR4e_M0QoPYV4s_8AaTE91Xgk--yCZXBa1v0HQyBjY2P81GKBXOUjymwhNs9AzJCTGPU7rsHyBjN94AfU9CnBjx88TM8IC8opcbi-ptf_8w"}
formSubmissionId = BRJE8OEK9-1770619540876
fullURL = https://www-dev.broadridge.com/press-release/2012/matrix-expands-trueopen-architecture-platform
page comparison URL = https://www-dev.broadridge.com/press-release/2012/matrix-expands-trueopen-architecture-platform
................Header Contact Us Form Filled...................
V2 ContactUs form NOT found on the bottom
V2 Download form NOT found on the bottom
no cookie button
header ContactUs button found = true
emailTimeStamp = automated_TESTTEST_2026-02-09_06_46_17@broadridge.com
📤 Form payload = {"formSubmissionId":"BRL8WBTQU-1770619579781","elqFormName":"","elqSiteID":"","datalayerheader":"","contact":"","formgtm":"","elqCustomerGUID":"","elqCookieWrite":"","segment":"","name_first":"First_66848_TESTTEST","name_last":"Last_66848_TESTTEST","email_work":"automated_TESTTEST_2026-02-09_06_46_17@broadridge.com","phone_business":"999-999-9999","job_title":"Job_66848_TESTTEST","Company":"Company_66848_TESTTEST","country":"United States","comment":"This is an automated test submission.  Please ignore.","id":"","so":"","di":"","ct":"","ep":"","ot":"","mt":"","yr":"","rg":"","on":"","sub-source":"","campaignMostRecentID":"","content-id":"","orig-channel":"","campaign-name":"","campaignMostRecentName":"","campaignMostRecentSource":"","campaignMostRecentMedium":"","campaignMostRecentContent":"","campaignMostRecentTerm":"","campaignMostRecentContentID":"","campaignMostRecentSubSource":"","Persistent_utm_medium":"","Persistent_utm_source":"","Persistent_utm_term":"","Persistent_utm_campaign":"","Persistent_Sub_Source":"","Persistent_Content_ID":"","Persistent_Campaign_ID":"","Persistent_utm_content":"","Session_utm_medium":"","Session_utm_source":"","Session_utm_term":"","Session_utm_campaign":"","Session_Sub_Source":"","Session_Content_ID":"","Session_Campaign_ID":"701RN00000RbnVLYAZ","Session_utm_content":"","inquiry":"Gen Enq","fullURL":"https://www-dev.broadridge.com/press-release/2012/jose-contin-to-lead-broadridge-city-networks-expansion-in-emea","page_id":"177499","page_campaign_id":"","ecid":"","elqCampaignId":"","Formmodel":"flyout","Pagetype":"Press Release","g-recaptcha-response":"0cAFcWeA7W155JzHsryGdCWEY46KdjRsGmiuywF6r3Euz-uSnVPpjAQpvmLuPHP1hbdTd8eDSHhmpOHmo9q6khUmp-7Pb5aj_J_jtVxQn8nYyKaBvwztGIznlBtOUXXiPGlIYZSnyrRFmfNT0-Wfwil0rq5VmcUldQenWYwWG8HILUo8zHZpOKq7kX1ZFq-xa7gSXHemWbVIzZp8a3ZVQOly3R-BLVd2adMJgvsPYIBXXhibw9vb0EPu7y3_6Ydg2KRCiTY04Q6OD4b5paXsW3vcttDrKtkXyg3tp4vRoOvFKAAhnMlQOpMPSNfV7zsuSk7oFg2149US97_u-sgbT9DccoJovpTnlTP24psoUYj3Wb_FxVqgpQdeQtRKQq3AyJ6-K6WWxkUJ5tFXZRNzM9LL2ukuHUS1Zm-EWd0tBvR3t9yFVx1nRNQR0oqeR-80vswxAyKtk38N2-OxHWzjhmayVQI0kS8CIqi79GQGpD0PK4k1cEnL2Yaroe8bb-yA0qV1mP7GecjaIy1P7CEG_Os8EW96hLfLJuAD_GYAtirYolkR7hGekP52OO8djldQRq4z2RJiAEvTbcvPJB8-8LZqe__Eb4e4V1rNt1LsohRBcWS4QqGDkmlputeCkoDKd1JpJHRXnL0Wrvn-qJILOTTx9ds5CklwyMbeTiMWQ-Pfuqwp7526tL1pQK1CWi8ai32rcaIcWmpGL3Tx1tynXfoqZuDyha-EBW_2WP-vwoz2vwMfPknl2v-tvi1Y_N5LWZuLrExkWd6a7pbuAYEF0DPGL-14AwdlreXzZa3jOjijrTIfWUWRki7-7DVahru5IsOAri_ABTKyNQBYNNAai4420WteKmfILRDJQKfQH-jLfbM5SfvAuo28OgpXDkL4yYdL-A_HW1GNcDfHC0GisO3G7BJiQ7KmrKmUoEQaQjMctqywikJL_PKJm9T8K_Idn4i97Myt8cIH1EaKZrwt3obCKJA2vTcUCja-lhkzOboO8xOrJhxnDu6-xS-SKlyd5dm3C23i7JXQOGM0E2vRuIYrMfHaMpSvKc47l15i4sqxtSIiSm0EoTj0cx1oDIyZyrgQ9fXfvyCu7VzS464vYP41kfBMCdizv_vYpCQLx_svmgi4l_9izSVUcGwQsW1swCfdiK5ZyollvS53iRGMqX490GszHQmPKkgDKuldhX0PWCLz_zIKiqCLIaS3LOPFre7JdS8gIsU4L1s-SN9haK6YYPbCpX1UHJX1dC8mwdAh6YecBK1jvjXEJUBKnVR8rSyxi0ovsHs_8HdRYQzf49kbg_b0L3stniCw-EMsBbLgMbYSV57oH0v1esSC29mx8TVlwBnq4V5o4JJ8pWqHCRDRSqE3rGRUtX2tqaRi6q43NUl2peGhwJIHWtN4MXIXZrOmTBrku56cX51h4r9OklStFNJZIgtBHDRJU2eT4agaEXPhAeei2FCO_BW9joKM7jLTo3sVmrkOx8mwdLWnolCPH4pTmWKxddlXxIvGnI07UXf7mMrEsfrwuHjUOBcmM1724GNHp5TK_O1FTkw1kV7mvYkPTvD-eSuj7INEnBw0GuOHTC0bbJICLwlNwcUFvEmn2KmwwKEzqxnqVU11QY4yoiyrqM0LE8qB6ayqkaLU5wbglTTT_zQZHQlQzFfPStlz2Une4jx3k07zZtv2rvYIdFb--ukgw6e5-gNE2iT-KyPfB34b7D-Qv01bbWXU_F9wLbJe5y6g3qtN9uw-ncMXkP7d6dRz1dMaBfDTaU7aplpVVBDBU0JZ6xtnN_-tqmVHCxAGlPCJw6UPqT_pBugWW2mfWkKG-8Gcnj1C-VWwwWf95AXGOOgJxXUxzwzd7HkGns3QvuNwk7ulsVXky3SQZpkwfndc25oN1FR0h79w698etgWPr9YcSqdIM9eWikCv4KXSgMnnTI_GTlbNumTl6I76y8G6IXn5ujqVUWOJ69hOrAZ4H7ZCy8H6AVmpU4Ovtcqweh1w9MOeFHZaL3rAjw9HcYbw9Kg-bKh8TmqJm0_PYTV-VAdTx84-Qy0CMr9o2qyE4_wfimuZCCyoM4ZPO_FKYPjj8lGNtU-Ea9XsZXBksAQbZ2hAcOiqS2lb-lnF746TNpaSyBwMPY4IbDjJjIoj7c5SKFvlPuyg2RkMv00J_VXq5fqHLdEszG3akvbONmUqq32lyp-47OKeh0rEsBOH9R7IDcdJ4VN4B0zoXnuYVijORErLuwu1L3MRd5EUtB4jJut9sRpVzexoLeOpR91FZMzbgPsq0DFyOyzkNx5pE-NrvTzw9vHlo40NpjY0I19whRpdrq8dTLPZT3Kp6s7ivVL6dLiA"}
📤 Form payload = {"formSubmissionId":"BR05ZMQWE-1770619579915","elqFormName":"","elqSiteID":"","datalayerheader":"","contact":"","formgtm":"","elqCustomerGUID":"","elqCookieWrite":"","segment":"","name_first":"First_66848_TESTTEST","name_last":"Last_66848_TESTTEST","email_work":"automated_TESTTEST_2026-02-09_06_46_17@broadridge.com","phone_business":"999-999-9999","job_title":"Job_66848_TESTTEST","Company":"Company_66848_TESTTEST","country":"United States","comment":"This is an automated test submission.  Please ignore.","id":"","so":"","di":"","ct":"","ep":"","ot":"","mt":"","yr":"","rg":"","on":"","sub-source":"","campaignMostRecentID":"","content-id":"","orig-channel":"","campaign-name":"","campaignMostRecentName":"","campaignMostRecentSource":"","campaignMostRecentMedium":"","campaignMostRecentContent":"","campaignMostRecentTerm":"","campaignMostRecentContentID":"","campaignMostRecentSubSource":"","Persistent_utm_medium":"","Persistent_utm_source":"","Persistent_utm_term":"","Persistent_utm_campaign":"","Persistent_Sub_Source":"","Persistent_Content_ID":"","Persistent_Campaign_ID":"","Persistent_utm_content":"","Session_utm_medium":"","Session_utm_source":"","Session_utm_term":"","Session_utm_campaign":"","Session_Sub_Source":"","Session_Content_ID":"","Session_Campaign_ID":"701RN00000RbnVLYAZ","Session_utm_content":"","inquiry":"Gen Enq","fullURL":"https://www-dev.broadridge.com/press-release/2012/jose-contin-to-lead-broadridge-city-networks-expansion-in-emea","page_id":"177499","page_campaign_id":"","ecid":"","elqCampaignId":"","Formmodel":"flyout","Pagetype":"Press Release","g-recaptcha-response":"0cAFcWeA5J7XQ1W2suiZak-CFukq0QFQnuY3e3YddbgfBePXKE7ueSrmUYug5x4cy0UHhbRGL3e__IOX5AE7PxBEYLnVnVpBP8lZ-oj_upzZ1jzPxhlMPLR4bm8gEWcDOPWOJp6-ufm17sUDglKiAJ3hMVDwFKqTuSLirKcj4KvyW8qi_C8w0h3DN3erOu0eKz-VG5BjXAz_Z12kmfhk42KbssBvim2UhrICl5fautW5TgmhJs6VuWAuVD3jniW5DYDKwt_yLuaqZcDzt-keTfHc9kgiPjrsg-FoJOAeFrmX9C1TVuLAN8SA8w6vR-dBwNyu_8uaxR6m3cK8ywXkGMtcpaUEZCXQP0mOHkIUFAJtjuYtWW9Rmif1QGsXx_lQPl5lNqz9M3R1JwjXIqUQfxGhefl7u2c63CU2WT7nR0Nnp1ecVjbRDSeIopavijadAdAlqxxJjsGOsGDSrl3Zf_aQSsHpqHZEUTgxkabik3gudt42SlWyWi7xvcGb9b5N6DOuu6XGQWpNBzogsckbz5gDRxxqe4NwERixqOTYOjtsMUg-ny_19MuWJtMgkAxLWKaRum5UJsU-XrXX6d-p2CUF9wfr3ThYOR0x0bNGdpMOhyLdz7iDbB0jlX7l-QyI-xLSCxoP3NJeT2YDVAH8Ny9ZVajuLplNl_tVzNixn50CcOZeAONUx0Q6oNL4nBTBQtNhmnxdMdR9Ak9VNJYoYA_7dBlsfVAjuBdcgHpYG_KcC1-XX2AbFx-0k6vwqaWE_0WpOITonwy92wT13CqbmJgMyEP7Wv1vmOl0UFtQoJI-b5VCd8GWVVW7lf2B48cIzBxQ00Hmddbs_4Y9KUenyut5bb0zvPHILdLTqg6LPeZHo9lDYWBA47JQjbMpb4zE1pd-2W7MFYvnPAGHPqiy9cGzarhwYpMV4BvGtjjYQW7lEmA8wfg_qoKTMMoY1uCMyDl--kmvW28LX2zxeRqL9pQzJuX2QienKjWu9tKdSvcGTjOuR1IPlUCaN-bDwbgm4JFakNfeSSu0GnNC7fDWevBKxB_EGPLc0TisVL_c7hrS9RrzWPFcxAQGLa3kcrq_CZG3lL1AiOOH9uoKpxZ8bW8DK3v97Tj0o1AMmRyn7mf9-OTV3V9sKK2We7N8pp7zT824J-ujSwSattGqX4QOyhhKLN7JAVmuSJAUBlSPDTz-fH8P9n6gcmXclqOjd4gm0SmPvwyAFOxoF2-QkD-dqzdsIEhOb8jV_Oyhu_Zmetx0_gdfq2raT71LRJ9_sN474h7jCOQMHLDepm18izkwUUChmsTeo86lbtAGOopAVKt38cjTiaMocu9cfxn1RK-F1UgZmZe0cCQchWPA8fUyUxHfP_Xr-T40sAJq-9_89L1LTKDnwnTyjHw_tQTUvKakOXmjjGmgTot3xrrZsgDtmrff-1syJ7uwAEXT0Bg3jP_9PW8HNYYLzIwX120DJH4aeYmUl057FClKKOr2fHnze9hhB0MksQvdPMdOfyUfSFI0FArA0uB9zoLyFNagCCrdhSIb1sFwuh-bOYKVObbmW6LdoYkt-_JlaeVK5M5UbDQyZO6swXlU7BwHFu8gEAt-a-_XZ_WmQnISdlHLqJXgTv1lk6M7kar98KrVhVcO9EhouFT2Q2VEwzh6_PoMJJEPhYbbljb_q_UaVOmm3xn1ItkYOgNpNE1WDCG-QRE29pzcWUN7uJhyr5R9yQMIUm74uhEI7OWz7hslfYWHg8xFQcoKY6hXjJKwmFj03yIZaO8oHpva_gsf1a51pGCPLpNkeCecgBifapEhEyGViJ8z8c3NyJ5YA4f3PDD68gqKIdcnRQ7zKxSnowxTHDq314UaEeGu9qYYS7SFF-_FaHI4JUYOgNFjyhjkUSyNL_FvcxxhNjvsAYcWTyP7LGeSFrmliZcspWDg0u335PMAZ7eZNAOcn4cTuXbwichjMTFP3iGHBx2j289glx1yW4zQk1-t8s-oL2K6A-z3dJ8axDOg8RO4MAUoFVs86RN_pSLIfBU1OJf1mXY9z1gNbfRnWbqlvzcZ3O5dilGOsHSUP4tjQ9FgyqNEAiiBtFsBMImyAfjzFWwoX5KaPlZ5s0Qmt9iTketwBESUy0CBbcwOqN0u23XRVQO1lI9qc_etUakzxKdnWX2D_eKLmD2J8Pxr-P1qopuS8wotJkqUsIf0TISiwZ1jaufY6mlAfyEiDCmje9vsWF3bQTdNl5C1ZxZlIARGN3g9UuyC59VeZk37vn2zMBRqAXHnetnBD7ytO5n3ekuFzFAX4fW1_x9HdGWykubw6HNhzZepk-0qwbpfSN9Qgy-6MiPwnn1tYFpw"}
form message = Thank you for your interest in Broadridge.
A representative will contact you within 24 business hours.
formpayload for validation = {"formSubmissionId":"BR05ZMQWE-1770619579915","elqFormName":"","elqSiteID":"","datalayerheader":"","contact":"","formgtm":"","elqCustomerGUID":"","elqCookieWrite":"","segment":"","name_first":"First_66848_TESTTEST","name_last":"Last_66848_TESTTEST","email_work":"automated_TESTTEST_2026-02-09_06_46_17@broadridge.com","phone_business":"999-999-9999","job_title":"Job_66848_TESTTEST","Company":"Company_66848_TESTTEST","country":"United States","comment":"This is an automated test submission.  Please ignore.","id":"","so":"","di":"","ct":"","ep":"","ot":"","mt":"","yr":"","rg":"","on":"","sub-source":"","campaignMostRecentID":"","content-id":"","orig-channel":"","campaign-name":"","campaignMostRecentName":"","campaignMostRecentSource":"","campaignMostRecentMedium":"","campaignMostRecentContent":"","campaignMostRecentTerm":"","campaignMostRecentContentID":"","campaignMostRecentSubSource":"","Persistent_utm_medium":"","Persistent_utm_source":"","Persistent_utm_term":"","Persistent_utm_campaign":"","Persistent_Sub_Source":"","Persistent_Content_ID":"","Persistent_Campaign_ID":"","Persistent_utm_content":"","Session_utm_medium":"","Session_utm_source":"","Session_utm_term":"","Session_utm_campaign":"","Session_Sub_Source":"","Session_Content_ID":"","Session_Campaign_ID":"701RN00000RbnVLYAZ","Session_utm_content":"","inquiry":"Gen Enq","fullURL":"https://www-dev.broadridge.com/press-release/2012/jose-contin-to-lead-broadridge-city-networks-expansion-in-emea","page_id":"177499","page_campaign_id":"","ecid":"","elqCampaignId":"","Formmodel":"flyout","Pagetype":"Press Release","g-recaptcha-response":"0cAFcWeA5J7XQ1W2suiZak-CFukq0QFQnuY3e3YddbgfBePXKE7ueSrmUYug5x4cy0UHhbRGL3e__IOX5AE7PxBEYLnVnVpBP8lZ-oj_upzZ1jzPxhlMPLR4bm8gEWcDOPWOJp6-ufm17sUDglKiAJ3hMVDwFKqTuSLirKcj4KvyW8qi_C8w0h3DN3erOu0eKz-VG5BjXAz_Z12kmfhk42KbssBvim2UhrICl5fautW5TgmhJs6VuWAuVD3jniW5DYDKwt_yLuaqZcDzt-keTfHc9kgiPjrsg-FoJOAeFrmX9C1TVuLAN8SA8w6vR-dBwNyu_8uaxR6m3cK8ywXkGMtcpaUEZCXQP0mOHkIUFAJtjuYtWW9Rmif1QGsXx_lQPl5lNqz9M3R1JwjXIqUQfxGhefl7u2c63CU2WT7nR0Nnp1ecVjbRDSeIopavijadAdAlqxxJjsGOsGDSrl3Zf_aQSsHpqHZEUTgxkabik3gudt42SlWyWi7xvcGb9b5N6DOuu6XGQWpNBzogsckbz5gDRxxqe4NwERixqOTYOjtsMUg-ny_19MuWJtMgkAxLWKaRum5UJsU-XrXX6d-p2CUF9wfr3ThYOR0x0bNGdpMOhyLdz7iDbB0jlX7l-QyI-xLSCxoP3NJeT2YDVAH8Ny9ZVajuLplNl_tVzNixn50CcOZeAONUx0Q6oNL4nBTBQtNhmnxdMdR9Ak9VNJYoYA_7dBlsfVAjuBdcgHpYG_KcC1-XX2AbFx-0k6vwqaWE_0WpOITonwy92wT13CqbmJgMyEP7Wv1vmOl0UFtQoJI-b5VCd8GWVVW7lf2B48cIzBxQ00Hmddbs_4Y9KUenyut5bb0zvPHILdLTqg6LPeZHo9lDYWBA47JQjbMpb4zE1pd-2W7MFYvnPAGHPqiy9cGzarhwYpMV4BvGtjjYQW7lEmA8wfg_qoKTMMoY1uCMyDl--kmvW28LX2zxeRqL9pQzJuX2QienKjWu9tKdSvcGTjOuR1IPlUCaN-bDwbgm4JFakNfeSSu0GnNC7fDWevBKxB_EGPLc0TisVL_c7hrS9RrzWPFcxAQGLa3kcrq_CZG3lL1AiOOH9uoKpxZ8bW8DK3v97Tj0o1AMmRyn7mf9-OTV3V9sKK2We7N8pp7zT824J-ujSwSattGqX4QOyhhKLN7JAVmuSJAUBlSPDTz-fH8P9n6gcmXclqOjd4gm0SmPvwyAFOxoF2-QkD-dqzdsIEhOb8jV_Oyhu_Zmetx0_gdfq2raT71LRJ9_sN474h7jCOQMHLDepm18izkwUUChmsTeo86lbtAGOopAVKt38cjTiaMocu9cfxn1RK-F1UgZmZe0cCQchWPA8fUyUxHfP_Xr-T40sAJq-9_89L1LTKDnwnTyjHw_tQTUvKakOXmjjGmgTot3xrrZsgDtmrff-1syJ7uwAEXT0Bg3jP_9PW8HNYYLzIwX120DJH4aeYmUl057FClKKOr2fHnze9hhB0MksQvdPMdOfyUfSFI0FArA0uB9zoLyFNagCCrdhSIb1sFwuh-bOYKVObbmW6LdoYkt-_JlaeVK5M5UbDQyZO6swXlU7BwHFu8gEAt-a-_XZ_WmQnISdlHLqJXgTv1lk6M7kar98KrVhVcO9EhouFT2Q2VEwzh6_PoMJJEPhYbbljb_q_UaVOmm3xn1ItkYOgNpNE1WDCG-QRE29pzcWUN7uJhyr5R9yQMIUm74uhEI7OWz7hslfYWHg8xFQcoKY6hXjJKwmFj03yIZaO8oHpva_gsf1a51pGCPLpNkeCecgBifapEhEyGViJ8z8c3NyJ5YA4f3PDD68gqKIdcnRQ7zKxSnowxTHDq314UaEeGu9qYYS7SFF-_FaHI4JUYOgNFjyhjkUSyNL_FvcxxhNjvsAYcWTyP7LGeSFrmliZcspWDg0u335PMAZ7eZNAOcn4cTuXbwichjMTFP3iGHBx2j289glx1yW4zQk1-t8s-oL2K6A-z3dJ8axDOg8RO4MAUoFVs86RN_pSLIfBU1OJf1mXY9z1gNbfRnWbqlvzcZ3O5dilGOsHSUP4tjQ9FgyqNEAiiBtFsBMImyAfjzFWwoX5KaPlZ5s0Qmt9iTketwBESUy0CBbcwOqN0u23XRVQO1lI9qc_etUakzxKdnWX2D_eKLmD2J8Pxr-P1qopuS8wotJkqUsIf0TISiwZ1jaufY6mlAfyEiDCmje9vsWF3bQTdNl5C1ZxZlIARGN3g9UuyC59VeZk37vn2zMBRqAXHnetnBD7ytO5n3ekuFzFAX4fW1_x9HdGWykubw6HNhzZepk-0qwbpfSN9Qgy-6MiPwnn1tYFpw"}
formSubmissionId = BR05ZMQWE-1770619579915
fullURL = https://www-dev.broadridge.com/press-release/2012/jose-contin-to-lead-broadridge-city-networks-expansion-in-emea
page comparison URL = https://www-dev.broadridge.com/press-release/2012/jose-contin-to-lead-broadridge-city-networks-expansion-in-emea
................Header Contact Us Form Filled...................
V2 ContactUs form NOT found on the bottom
V2 Download form NOT found on the bottom
no cookie button
header ContactUs button found = true
emailTimeStamp = automated_TESTTEST_2026-02-09_06_46_56@broadridge.com
📤 Form payload = {"formSubmissionId":"BRBEAWF5Y-1770619618937","elqFormName":"","elqSiteID":"","datalayerheader":"","contact":"","formgtm":"","elqCustomerGUID":"","elqCookieWrite":"","segment":"","name_first":"First_66848_TESTTEST","name_last":"Last_66848_TESTTEST","email_work":"automated_TESTTEST_2026-02-09_06_46_56@broadridge.com","phone_business":"999-999-9999","job_title":"Job_66848_TESTTEST","Company":"Company_66848_TESTTEST","country":"United States","comment":"This is an automated test submission.  Please ignore.","id":"","so":"","di":"","ct":"","ep":"","ot":"","mt":"","yr":"","rg":"","on":"","sub-source":"","campaignMostRecentID":"","content-id":"","orig-channel":"","campaign-name":"","campaignMostRecentName":"","campaignMostRecentSource":"","campaignMostRecentMedium":"","campaignMostRecentContent":"","campaignMostRecentTerm":"","campaignMostRecentContentID":"","campaignMostRecentSubSource":"","Persistent_utm_medium":"","Persistent_utm_source":"","Persistent_utm_term":"","Persistent_utm_campaign":"","Persistent_Sub_Source":"","Persistent_Content_ID":"","Persistent_Campaign_ID":"","Persistent_utm_content":"","Session_utm_medium":"","Session_utm_source":"","Session_utm_term":"","Session_utm_campaign":"","Session_Sub_Source":"","Session_Content_ID":"","Session_Campaign_ID":"701RN00000RbnVLYAZ","Session_utm_content":"","inquiry":"Gen Enq","fullURL":"https://www-dev.broadridge.com/press-release/2012/broadridge-reports-fourth-quarter-and-fiscal-year-2012-results","page_id":"177479","page_campaign_id":"","ecid":"","elqCampaignId":"","Formmodel":"flyout","Pagetype":"Press Release","g-recaptcha-response":"0cAFcWeA4Tdeag4OPpi_kMyS8KVFU7zFx36Ji4obdDLY0PZw0SdDhZo01vdzI6u9yhivbLZEuzehhhEmGw5tCvMvCmW6BB_-zuXSdEUWvnPc8p_ZVD0iUF-wU97oIifHDsDoQIEgW46O_1g4r6qi8iizMYGFZtdyqneFBNTj1SrZYMoqGGtWLSHs9ip4nsepzCuzJiS33_j2GQR1UG-30MyzwidWqMIzZfntkLKJZxF1dIKxFWqPmUcGm9n2wQyZsPW0Ck9tkopSBsjdsnS3-ipJBhI6V249y1j8TNMv_dsX0U0ZAhd7dIp53iqGfCMXbOpFo2fF6NCrhqd0r3INTyOvL1TB6I5WgQ5YMNNICT8Wo-VL7R6lInV9dKDO7Yj8tyr-wx33S8P02MLbHx-Jv0xhy6YPYdBDGpcBVBN207PMbZDOlXwccOwCMhLkA-MxAlfZCdXmQyoyrfB1ew2LdFJZfhTtHHHKTOZegD0-bySnCmW1jtA_wHpq522GIFxSu2jVMEZ43ycigC2c0bcWLvfWVhTDAHwVqDuwz6LvG7bj14FJkWxaQjR-S_gylCoeHss2cSCip2w8z2w361L6CoaYB6BE3yVLlrAL6dxYuOgG_PY6CqHhgbOgCqNs0ORdgOsay675nG3bsOpQFWRvEll1xuEvzsClTClculbwdVQK938N0ohVEESP7atyXvBqRuJEVb8lj12sP50hQO1V7sWLuY4xya4pse9V2rwUdkMhwdhSEDoZrDb9PX3xwtA--U5bTTcpa3bRr5HOz9E8TkElkDzbmMHCsdRE-owpPWXA8Ahw9c298tFcHsDW3Rn2oG9E4bcZHJo-ew0zeUUMVn6cTAyBEyMoRl7ZcXNcwmoHEuM1i5WjcIHlRXoumIyofU1Is0uZDFAIT8gEQ8NgQa7fFIGPwG7qCbAIhP0qiQB5vbsmT5N5krJzfE589ZgD_GY-E0_6Kt2gnHrOWbcXsm70Y_KA6T0RF0ZzzbzZv0Ia2kNisj8LlO8DyzIBihAIswAxXpRVpenETrHrZW6uqGZqIL-gbblC8_YZ5FdIJ3Lhda5USBx67RdAUfZN-MrgQd-RtZ_UNMpCWuQ22SxsZsMUpRFw6XQfy50TdCBQlAlo4R8qoIKqarVkgEE15GrTl0USnhhGreEY_TiKzozCou5dhPlCvoe0k_K4kuePPniXgF6uUmLoMEAL4F1OnHKoqmkb7oLK5ThZAgK-izdFxN2MocJC6Y00hsqSSP2HPWzFi3qqVTSbEmLCwAZK9Tu833uRu1621lYfs2-ciGvq85-xZgxBEplIE8KiYjBJcSdIzOzujAT2KK2Yk-gWu5FzeIgOXBhPNOaLQ_GLXm121VPl5FjwKTGrFmqKSNTLAXoFuO_aJSoTn2uHD-s8dn1sw-VpcXsUZGWeevOg8rCza0v537AcbRImhtczmX1wOq6dLLSi2qzu4k2TtuXcWREAcnQLSat6OstdzLgsVUyc9bKMlv2bnVOZ2thK4aIkeXjSU4FYoHW78ou_SjF1a5KW4EsXz5Cxa3_fWq8txEfOD1lMo6CVdP2VNrztB08wyxxZJdwuhAgruEgLpX9zNufhgt108zd8UJRfvMT7G3RPEidjWqIeLAZM_XTQaYxlh3w5iOGtbnEg-d0jyfFu7An6Zh6ZPKD9PyOXJxpYJmm2ebJXwu6SOwBmIr1n2ktxn7XjSvHd4SS0p6UghTx00wnRaVt9MMmuSkwDq_Y6cOviXPIAd8c3Z-PZ6KFbEgWZSAMuBDsZCjN3OIjX5UvKuIgSX1JVH1x8z1u_OP4dWSQ2lh0YPwX4LDQo3rIxgNDWIZ7nYCSiqf-H4HSjw-WcyvyABRPVytRGZtr2ui7FC9seUI48Dk96fqbpdr-OLcHfh8_DOy4odbXxY3Mp69803nRXfhjSA3KFGOxUqX3OIZd3sssAvDr66j-4Tz7z797WcviD7xrIchE8l6cYVFLT2lgHbNbLrhKvaVQTQafHtp4Up3-iv8HdnGFUXk3D9RzzeoqcS1CqS6_PdW4S1hqD0tlEgRFoSYw-XAxxnC42fpGBTuc41Nz9-9pUX-7YFDt2j_XkxZInIp74cGRVPwZTFdfwhX-jt8jmxB03HT5i0ZOX7KkMkiyudgCL2F2xJrtCWYPPfdw0ybXWqs06hWxSDCW_LmW_EbSLJ9WYID4e4FKs-TEB6A3BY2vsmVN8wJ2PMP3Qr4BLwSoLRFAeUFeDG8yyisiWyf6zimX6PRIB7UVi15oG7zyuJYMWCIARhlbsRSMd7hiHpgaH2MyOycs8MwWNg6F6-koFBAr7fghyqOQccNELifpP1x9wa-h3F9s3ExDL8FvCenrZ0KxFI"}
📤 Form payload = {"formSubmissionId":"BRJWIQGA9-1770619619096","elqFormName":"","elqSiteID":"","datalayerheader":"","contact":"","formgtm":"","elqCustomerGUID":"","elqCookieWrite":"","segment":"","name_first":"First_66848_TESTTEST","name_last":"Last_66848_TESTTEST","email_work":"automated_TESTTEST_2026-02-09_06_46_56@broadridge.com","phone_business":"999-999-9999","job_title":"Job_66848_TESTTEST","Company":"Company_66848_TESTTEST","country":"United States","comment":"This is an automated test submission.  Please ignore.","id":"","so":"","di":"","ct":"","ep":"","ot":"","mt":"","yr":"","rg":"","on":"","sub-source":"","campaignMostRecentID":"","content-id":"","orig-channel":"","campaign-name":"","campaignMostRecentName":"","campaignMostRecentSource":"","campaignMostRecentMedium":"","campaignMostRecentContent":"","campaignMostRecentTerm":"","campaignMostRecentContentID":"","campaignMostRecentSubSource":"","Persistent_utm_medium":"","Persistent_utm_source":"","Persistent_utm_term":"","Persistent_utm_campaign":"","Persistent_Sub_Source":"","Persistent_Content_ID":"","Persistent_Campaign_ID":"","Persistent_utm_content":"","Session_utm_medium":"","Session_utm_source":"","Session_utm_term":"","Session_utm_campaign":"","Session_Sub_Source":"","Session_Content_ID":"","Session_Campaign_ID":"701RN00000RbnVLYAZ","Session_utm_content":"","inquiry":"Gen Enq","fullURL":"https://www-dev.broadridge.com/press-release/2012/broadridge-reports-fourth-quarter-and-fiscal-year-2012-results","page_id":"177479","page_campaign_id":"","ecid":"","elqCampaignId":"","Formmodel":"flyout","Pagetype":"Press Release","g-recaptcha-response":"0cAFcWeA7gTqZtRr8S_Pj7O7oj5LedRhq3ABwkU0a5F-O0VBFs5gT-py6_XLSNEilOL3MPlA9SxntY654SYd5cnn_ZYQn84XZbqJZV4RQTfyvamzFDXWAFgrKYbQRdeaG7j9UcK4YfmBotvHbZ7U_MAgjGzSU5wA_cJS88o3YZWoAMUN6w5RyBkE7Gd9mJxEaI17P3n8qdoSB6KG4vpN_zAj7fwMbsRV1LQfJaeBaf2V7ilp7H1XcyU3dLU1Tj-ZmbJum4Khz3bQlJSrAg1k836muVRghYsxQ7942R22sh18nrZTKkMJ_nP-QyizplAnRikjvLmYGU8LynzAupmDa-bFSEGGwlQdNQ8kr2P7q7x1mrFH1-C5yjm-NNxmuOyVMNCM0HIMdbgAlzHYTHUwsnaEekE-bH_89kmhgg316L6dWwfKTqsOB2TeKS712Ovj-tKTbLo9pz-rkIMLCWeDBjNtbEXoAsLw9XkPhlRYb1pu-jmAQtTbKq0A45TDWk9ZtmnbvC1E0Aw_j2UQf2651p7LLljapyLAYSXDYkgGML_aYSoKFWRs5_3YLwOgW6pSUWA2aHdmweF0GPF2KSOaWYHJWiuq2bvpAY_NOAfbGx-WPvM_to13JjPlbIPr9PTw07sE8wJy2x0n59_akhr4-QqggmznuTIO39gVcy30pk2__n7zWP2jOrJcgbMKc3hypf300iltpN9B2frWfoKOGjgemmxTPwurHV6AGaleUYGBFd6C5dZLzt4swQsC3pK1CwH7K9dQNk953vYGGJYEBtdjtGIVgaJnB0HkSAMJS7SkVtIpt39HdW6-Tv4ngYI8dUSbVv7Ush0sMAs5aS5RN9kcPC9ktQZLYtSLqPhBMtM7C5Tg4UHaNnmmV3aI0JI9LkYCzC40GTIOBsU1boTmOQS6O617FlsR6q3l9T5pQYvbKR9ME7TEtjIm0zABupud_rA9vkNsRwib6sNsY-Gs59xHJAUORoYp-0JQbtioIGQpjd2AN4pi8VcdyQ6_9aYf6Oupmk_2u0A1oRnWOyO89rbut1lKSFXYBAOxfSE9FKOyjhcprK0AyYrx_AzahwLydf-O0DFML69ra0EMzimF4imuK_ljppQGHOKe6hasC22e829_Wvp7XdWoWqj8-ezPOFjDVsx9A7p3tDTBKFK4bKlGmeO-KK-GA6tvQEM-14uwOQyLZYnGB3TfYxMncoTF1CZVEueieGFOntxF1VgqLN07JqpRSiSZEu5nYiTWGWAn8JOYCcHWLBKQOdfJx1sPKidHIP8VVvTFS-MQRr9rd_L_cD0Ee5Nc5zdI-GBVXFeiUIHq3wieoBFOIHRTQM1kdLPOyKAnbMgGcaxDz7xQQ2fiODVpgDAWBiTsoIG48a4hoPah0wM_s8WHBhoxsMdovCKlioD7R07i9GWh7smj9LGdGKiqi0dFY79mGToulUQxzbswh82ZLj5n3v1tm3Nkho3RAeAhPzG6egHBs-eLbDCq10W758_50VUgGVWHx2fnngmNjyP2QXXkxvFHa3ALWI08vakRd19Dl2n7ngPgSTWwLJ4PWa3K3lANEi3bLOB9ovnpfMLkq3Xyl-pCWVlcQGt-S96V1r7-x
[...]
jjYnfq9JH_LrUqFlVzHxfFVb_o6Wm2Q5K9JFg9HWhDMV3idXiV_L2QcK75pyZJlJLb0dRUG3cMepE5ZdGr-tb4S9sk74E6B9k-OT2x2tTIv_XY9FYzR--2sWbkfoCniPdePEgdaAuMkPFRVpUfBELfjstK4rHBBHcBdB1c8Di89_oTc0jgjwxXEx9qx-Qmgx9Sfc6RN8MNEciRu0DJZrzMfhOXYwGeQdB1MzXd9VIXpKLEiNmCfiVQ_R_1WzrKoa-wjuVrdPX1IkSsW-Yd-I3iygmKkswlKfEk_zDCZD10ZROWhoyKmHp5yvcOwZYQWAk-KEwbxi61eJMU43n3kJCSkeZLAI0DalxvHhGRrnDZTgbQpKJSUq9pfFEow98iad8YbBynGUYXJ8WoO5YttkBjofavmE_bDEwJ-QeBljbgkpDesmyC_g98f4w9nZccqEKjugubgQyU_ESZ4CgpHjg7ZJhk1770TM7GjZt2URkTsQkxvWbfH4lywMz2o9jaE5ggBD1sZots7hQgEsXbIfid1vSPbqD38teYFRjjvXwMXj69szpm4I2qzkio6CphzP3EmOFNV4R2mDvwdK1r1Mdk4sdBmnd8PKGE47KB-PfPbRJUhO4Dro69BZBOZcBxqVKWkhF8p_k8QW-59zkycc8p9b18yBvTULWMg9YMn0oJYqIugw4jSdpVZUSRnMlaO5TdbBe0yTIQGd20ddGmj7UchRG4Eg9rT7MGpV5wejXTgiY_rU7ejsirTum3Cvt2-dbxbGklDEIIBdVZ3nUBFS1M2XUOzikabJbSF1zBGzhakJQcz8qnUEghpqCVm33YWVjq1ACE2hOWPtqqhzuIp1FxBRUqZbbIoAPoDjFTMMvFm-15gsmpd6nCLtc2LwOdslxSWrcu3svtP44MRj1ns3PSmovhFfKtZstPJcUFw25fQaCfDvJwFvTeQfJbR4Na4XU3BOHowy1mYVjoWKb9BQdMdTnNWgsqT8g2sKUifCm4wkEbrzloDREN1ncN2pRlHi3s-Bu8bBUrs2AfQKsRM5YrGDoxLo0osr5gEqJfP0TKFhenvI3n6UW3ls1gi3Nv5nBTjiFvtj-_2rn0MX56C9DjJ0fqd0aXupi2SiHU4wLAS6JR9iUzFalH4ANGacwWkswDEeu6RYT_KxJewGzWZ1k126ARMLePaXh7o5QSoC5yXiCRpCbv8SGuGZIocwm4zz3bgqalDntAb8yKLLYUaDChPMWnGwFrfMokoT7tEpisXW_mp7B-PtaUsJiSdySzrPZ5fFno5ErPh8xZRj6X8zg1ESQk_M3xrHTPYCGQsASadypVfXFzpnJ87oD3PCVNCR5yWZtjpOvfKnjXfUnaWqnCMC1uXQA8NAxO3csJ1UDEvjjKMCF-dW5RT4fOrTFeMhMlNHRa7O41KUe0KVXjSp4FZjnDkduLRzf1J7jEHkW6NqalS-fwLniZlXwHU4-VAW2EWe_FqTRsXNtOAEpo-XtPE9JXb-AM8h0SznqZ6ifGOfsjnX2MN7cpmn6nMCN5Dr3xMO0mW2kYqBi9h7G_ZykNoP8u3guOu-gBm61PSTPYPC_eEKJMSbRsHFEWeOIwZuUF9ymNM5TIhvBLtAwVe1mOxZ4vabXclYGgbU2VMRGozH3g2gEF49z21sol--76FuvjKDP3a3eF9FY4YpU3VIfs4medzIxnlp5PX_8wz1y6F21ZJW5pI-pgD-zm4Ntf_sGT7eOyziLOExYSUYVvjQfl14VGpaIsUNaSflrQ06IMG-P0Qj4fsMgAFaCksPzy6hi0u24PV6M9gUFATT1EUyT6_0Iy2Oj8ZqDufjjTzH5AiTJxnZYcZUyKELqkz94kxkoelGmFlf4YHXeZG5v5d72r8c-UssYXDNjefyO-Vc5-nbBF7E9UGLznziYUJi060EnbA3jP8YbkBJTGVPpn84QM3h27DRCOaXTTKVdfto-UVOis2Xj5UdrzPr_jFEqnpqofPXdhA5efoI4UzeU_ePVr2ArI_HoKeuXQLiYWpqOiqjzrKOkcEMMaxTNrhpiPC4HvYUYcGXXLIrEieZ5CB1Ybrc2X9vVNhNHZwfnXhglgdgJ5fPp5xYlozY7CGFdCn6avToKjS4XXkageomcU2Q9mNoTVAYcGRwK0CAroQjwHbzVVQGU2kN25fFhKhMvY6ZrN3cN8SE9DoKXzBfcZFbGjBa49RQ8x"}
📤 Form payload = {"formSubmissionId":"BRUCDPLTP-1770620111789","elqFormName":"","elqSiteID":"","datalayerheader":"","contact":"","formgtm":"","elqCustomerGUID":"","elqCookieWrite":"","segment":"","name_first":"First_66848_TESTTEST","name_last":"Last_66848_TESTTEST","email_work":"automated_TESTTEST_2026-02-09_06_55_09@broadridge.com","phone_business":"999-999-9999","job_title":"Job_66848_TESTTEST","Company":"Company_66848_TESTTEST","country":"United States","comment":"This is an automated test submission.  Please ignore.","id":"","so":"","di":"","ct":"","ep":"","ot":"","mt":"","yr":"","rg":"","on":"","sub-source":"","campaignMostRecentID":"","content-id":"","orig-channel":"","campaign-name":"","campaignMostRecentName":"","campaignMostRecentSource":"","campaignMostRecentMedium":"","campaignMostRecentContent":"","campaignMostRecentTerm":"","campaignMostRecentContentID":"","campaignMostRecentSubSource":"","Persistent_utm_medium":"","Persistent_utm_source":"","Persistent_utm_term":"","Persistent_utm_campaign":"","Persistent_Sub_Source":"","Persistent_Content_ID":"","Persistent_Campaign_ID":"","Persistent_utm_content":"","Session_utm_medium":"","Session_utm_source":"","Session_utm_term":"","Session_utm_campaign":"","Session_Sub_Source":"","Session_Content_ID":"","Session_Campaign_ID":"701RN00000RbnVLYAZ","Session_utm_content":"","inquiry":"Gen Enq","fullURL":"https://www-dev.broadridge.com/insight-pages/broadridge-insights","page_id":"182907","page_campaign_id":"","ecid":"","elqCampaignId":"","Formmodel":"flyout","Pagetype":"Insights Front","g-recaptcha-response":"0cAFcWeA6NMbcxsobffvzQLyq9de2drpNGGu7Y3IgIbFwSccbowScNa_UB9idStsIlnsOTbWSkXx2rvSpRzjsXYtb-_N8L04-Revl5iYyu6JX_T_Dwix2qTbVL0BYGe292gbEUwEvXHFTgMj_KwLRTaU4fcDU-PKCUATTj3b0qBch987SpjBh4jish61DYwE4WgG5fyrP3zCOO1_1ZwotL9p8VVJ7t42kmoYIi-qJVOxTIvM5Zxfn0snaAmM9zv9Gx4YoT7aQEEMwNju4_AoHuhH2v3InbQBWsDZP-dtryRUCbMxYctBqWGAIFd_N54OENmglGHPtxNYoVON9a8oYM5sHSMGS7dE0I9Y39bzzwo80QeBYtZSB_Jn71Jn9TKHZJcH2Lx1_pIOQj_-RZ4m_rmD_Ff7ei38fuFFhfdW-isYoNjSZjtRzmFabkD_NdN0S3O1jMv4hX7-v6823L7ORUJxclMRqsgM48Z6erbZOH42nYtebXL0PNBGoJFanTDhpl4DN7aLFCuPxsMxsnvwBE_uUbSVBSIKxaULHwpOdOd-Ftc0j657yDw4SuNjJm1MurjnPFd4STYDpFo-McqkawZml6foNv5W3MUKJkZJOfaiju-K-kKa02Q9eylJtXrltKTbKLAFK0Ng3mg_TLmBkyPIzCwHuYRRIL8y4fS42l9GxPfb0a5Y-SMkfbidJhAEOJ54JOofqy9j2GITAIip7FNCqBarCdZ6voW5aU6zBeE1qHfviyGCsdxKq0L3LTgj_rGumsmCEL1Le0FqdF2ZrCBqTHhYLHNLy-sRUxYuC9BMaVRazx0GCglIdkM3Ls1lNFXPxSQZGevl-qDn7rzO0tF0fc06fAnbiXXRLWwefXA0o8C-phiE5ysVQhuYo0D2ZOT2YHAe8EafsBzIsn4e4M561maUMDpOjn1D-9zqU9EFQa4j60mSkCF-WOYqP5J0Qt92Ogu0_q4RgWQAyxTQxw2FNUFdC8m1RqydJt3zKusmCQrepwcRgv1KW0YjA3v6TdfpkrE1FlOdAM2dEKOBcHkryZrVBWLYWK3dGZy0xLC8YRXrQkUH32-e2HWG1TH0VhmVshd15NWywdiQeP1vC20gvsl5ypxrNZBccv3dmUcWERi-gJjdtv-p5Mun2pIuO-lsyOHguEgbc4Tb3C-InTxI4j5GRb3KkDDITKUJtlSfPTaHq99xjlzJ_FRMBXHBnSRcSRH7oKoGA7Pkmn_-o7tce0j_nrNonanrIxbGnwsxBXAgN9GCRzbXy92g-e4_mn0_slmIzo5op5fr1zb2ri6FBfu0Bu0d7UPYhzpn9VhfnGDZBtthymh5I9J703qJhFszU1f7huU01uvUA13Jw5j54BPvN66s870VmYDX3EfE0G6kI_DTePmw_Z1BmSxdbbVIwkEJkRUIMlkniizXC_5199FL49z6OFM9gWO-6hGDzSvNYnJlnC2ugZo3QG8bBSqq8GJ2RLL584ddmAqBj4CuKeI7_YAfV7DQndIORF6p5PqKBn5Rd4_YniZl5spRXp3mZIy35pkEXSJgSyViIE-uxviG4TEwLOYpmuSBm2dc9bE0F2cemo4t-PL__CcA5ROuD1w7BcW5HpK8QqVSa2XvrpXjftPiYOt7-0Dbo5-SkdCxPRZ7tGEHq54rpdabkl90IqXT-jpDKgieqQqfDmBTfSI5DvR4qfdRa4rno4X1X1iCF71ny2m1gOVDbevqwcib34bReVwAeuKI-PnJ2W1VRyWD8yW95h7d3cRJ62pJuKmNhAFXfL-nZK6oqUu8EHM0AvV4pKk8HNQw43wIQzfMjqZXea_OD4Qt15VhRqiyUv8residlF2srfUu6MgM8ERev1Q0TSqEbRLeAOu4X5mr3GDUoSwQX_J-NIsDjIzVEQe4yKboyggPkMfN-TkMK6Z13J053kQ4TkxLY9vWUVJTCxcSJOHQEvxCs0IkiBzPdah4l8v34gqJ-D2WFI61yUcz8t7N51diXrztWYWX3BJerUHKYbTKm9CX2JOyKflscOBPHOY2ILE25BZOt9vh06xXq1pYZGE2YlWCgCVInatLtBbJKK4SidMnDPkEkvmV6Nex9ICmwF_bwjxGPmpSTcQJtR0EZy_lokEZfBJKy55eS0s3WjoyQ5XGiUVdim6JTvOAe-eQpg9ww5gFStMbBGpHc7ILRpd-kof8I4r12rffWE75yftgllBM3oOgtjI7unJ9X-VEgLFRU7h1-Zt_eC6LRmD41dVgSFPEzwQeaNE-KkjZ6jdtlpkn5D6cai0mz_3EOLtXop2aYazEbkHFSjb77fJBatWaWhW9IWYfpyvU823LSysvAv0n1DoVMVYuoUKWZjZZKi4AV1Nr17vqhsJE6gVAHEmvMF"}
form message = Thank you for your interest in Broadridge.
A representative will contact you within 24 business hours.
formpayload for validation = {"formSubmissionId":"BRUCDPLTP-1770620111789","elqFormName":"","elqSiteID":"","datalayerheader":"","contact":"","formgtm":"","elqCustomerGUID":"","elqCookieWrite":"","segment":"","name_first":"First_66848_TESTTEST","name_last":"Last_66848_TESTTEST","email_work":"automated_TESTTEST_2026-02-09_06_55_09@broadridge.com","phone_business":"999-999-9999","job_title":"Job_66848_TESTTEST","Company":"Company_66848_TESTTEST","country":"United States","comment":"This is an automated test submission.  Please ignore.","id":"","so":"","di":"","ct":"","ep":"","ot":"","mt":"","yr":"","rg":"","on":"","sub-source":"","campaignMostRecentID":"","content-id":"","orig-channel":"","campaign-name":"","campaignMostRecentName":"","campaignMostRecentSource":"","campaignMostRecentMedium":"","campaignMostRecentContent":"","campaignMostRecentTerm":"","campaignMostRecentContentID":"","campaignMostRecentSubSource":"","Persistent_utm_medium":"","Persistent_utm_source":"","Persistent_utm_term":"","Persistent_utm_campaign":"","Persistent_Sub_Source":"","Persistent_Content_ID":"","Persistent_Campaign_ID":"","Persistent_utm_content":"","Session_utm_medium":"","Session_utm_source":"","Session_utm_term":"","Session_utm_campaign":"","Session_Sub_Source":"","Session_Content_ID":"","Session_Campaign_ID":"701RN00000RbnVLYAZ","Session_utm_content":"","inquiry":"Gen Enq","fullURL":"https://www-dev.broadridge.com/insight-pages/broadridge-insights","page_id":"182907","page_campaign_id":"","ecid":"","elqCampaignId":"","Formmodel":"flyout","Pagetype":"Insights Front","g-recaptcha-response":"0cAFcWeA6NMbcxsobffvzQLyq9de2drpNGGu7Y3IgIbFwSccbowScNa_UB9idStsIlnsOTbWSkXx2rvSpRzjsXYtb-_N8L04-Revl5iYyu6JX_T_Dwix2qTbVL0BYGe292gbEUwEvXHFTgMj_KwLRTaU4fcDU-PKCUATTj3b0qBch987SpjBh4jish61DYwE4WgG5fyrP3zCOO1_1ZwotL9p8VVJ7t42kmoYIi-qJVOxTIvM5Zxfn0snaAmM9zv9Gx4YoT7aQEEMwNju4_AoHuhH2v3InbQBWsDZP-dtryRUCbMxYctBqWGAIFd_N54OENmglGHPtxNYoVON9a8oYM5sHSMGS7dE0I9Y39bzzwo80QeBYtZSB_Jn71Jn9TKHZJcH2Lx1_pIOQj_-RZ4m_rmD_Ff7ei38fuFFhfdW-isYoNjSZjtRzmFabkD_NdN0S3O1jMv4hX7-v6823L7ORUJxclMRqsgM48Z6erbZOH42nYtebXL0PNBGoJFanTDhpl4DN7aLFCuPxsMxsnvwBE_uUbSVBSIKxaULHwpOdOd-Ftc0j657yDw4SuNjJm1MurjnPFd4STYDpFo-McqkawZml6foNv5W3MUKJkZJOfaiju-K-kKa02Q9eylJtXrltKTbKLAFK0Ng3mg_TLmBkyPIzCwHuYRRIL8y4fS42l9GxPfb0a5Y-SMkfbidJhAEOJ54JOofqy9j2GITAIip7FNCqBarCdZ6voW5aU6zBeE1qHfviyGCsdxKq0L3LTgj_rGumsmCEL1Le0FqdF2ZrCBqTHhYLHNLy-sRUxYuC9BMaVRazx0GCglIdkM3Ls1lNFXPxSQZGevl-qDn7rzO0tF0fc06fAnbiXXRLWwefXA0o8C-phiE5ysVQhuYo0D2ZOT2YHAe8EafsBzIsn4e4M561maUMDpOjn1D-9zqU9EFQa4j60mSkCF-WOYqP5J0Qt92Ogu0_q4RgWQAyxTQxw2FNUFdC8m1RqydJt3zKusmCQrepwcRgv1KW0YjA3v6TdfpkrE1FlOdAM2dEKOBcHkryZrVBWLYWK3dGZy0xLC8YRXrQkUH32-e2HWG1TH0VhmVshd15NWywdiQeP1vC20gvsl5ypxrNZBccv3dmUcWERi-gJjdtv-p5Mun2pIuO-lsyOHguEgbc4Tb3C-InTxI4j5GRb3KkDDITKUJtlSfPTaHq99xjlzJ_FRMBXHBnSRcSRH7oKoGA7Pkmn_-o7tce0j_nrNonanrIxbGnwsxBXAgN9GCRzbXy92g-e4_mn0_slmIzo5op5fr1zb2ri6FBfu0Bu0d7UPYhzpn9VhfnGDZBtthymh5I9J703qJhFszU1f7huU01uvUA13Jw5j54BPvN66s870VmYDX3EfE0G6kI_DTePmw_Z1BmSxdbbVIwkEJkRUIMlkniizXC_5199FL49z6OFM9gWO-6hGDzSvNYnJlnC2ugZo3QG8bBSqq8GJ2RLL584ddmAqBj4CuKeI7_YAfV7DQndIORF6p5PqKBn5Rd4_YniZl5spRXp3mZIy35pkEXSJgSyViIE-uxviG4TEwLOYpmuSBm2dc9bE0F2cemo4t-PL__CcA5ROuD1w7BcW5HpK8QqVSa2XvrpXjftPiYOt7-0Dbo5-SkdCxPRZ7tGEHq54rpdabkl90IqXT-jpDKgieqQqfDmBTfSI5DvR4qfdRa4rno4X1X1iCF71ny2m1gOVDbevqwcib34bReVwAeuKI-PnJ2W1VRyWD8yW95h7d3cRJ62pJuKmNhAFXfL-nZK6oqUu8EHM0AvV4pKk8HNQw43wIQzfMjqZXea_OD4Qt15VhRqiyUv8residlF2srfUu6MgM8ERev1Q0TSqEbRLeAOu4X5mr3GDUoSwQX_J-NIsDjIzVEQe4yKboyggPkMfN-TkMK6Z13J053kQ4TkxLY9vWUVJTCxcSJOHQEvxCs0IkiBzPdah4l8v34gqJ-D2WFI61yUcz8t7N51diXrztWYWX3BJerUHKYbTKm9CX2JOyKflscOBPHOY2ILE25BZOt9vh06xXq1pYZGE2YlWCgCVInatLtBbJKK4SidMnDPkEkvmV6Nex9ICmwF_bwjxGPmpSTcQJtR0EZy_lokEZfBJKy55eS0s3WjoyQ5XGiUVdim6JTvOAe-eQpg9ww5gFStMbBGpHc7ILRpd-kof8I4r12rffWE75yftgllBM3oOgtjI7unJ9X-VEgLFRU7h1-Zt_eC6LRmD41dVgSFPEzwQeaNE-KkjZ6jdtlpkn5D6cai0mz_3EOLtXop2aYazEbkHFSjb77fJBatWaWhW9IWYfpyvU823LSysvAv0n1DoVMVYuoUKWZjZZKi4AV1Nr17vqhsJE6gVAHEmvMF"}
formSubmissionId = BRUCDPLTP-1770620111789
fullURL = https://www-dev.broadridge.com/insight-pages/broadridge-insights
page comparison URL = https://www-dev.broadridge.com/webinar/webinar-program
..........!!!...Filling the form failed...!!!........
................Header Contact Us Form Filled...................
v2 ContactUs form found on the bottom = false
V2 ContactUs form NOT found on the bottom
V2 Download form NOT found on the bottom
no cookie button
header ContactUs button found = true
emailTimeStamp = automated_TESTTEST_2026-02-09_06_55_51@broadridge.com
📤 Form payload = {"formSubmissionId":"","elqFormName":"","elqSiteID":"","datalayerheader":"","contact":"","formgtm":"","elqCustomerGUID":"","elqCookieWrite":"","segment":"asset-management","name_first":"First_66848_TESTTEST","name_last":"Last_66848_TESTTEST","email_work":"automated_TESTTEST_2026-02-09_06_55_51@broadridge.com","phone_business":"999-999-9999","job_title":"Job_66848_TESTTEST","Company":"Company_66848_TESTTEST","country":"United States","comment":"This is an automated test submission. Please ignore.","id":"","so":"","di":"","ct":"","ep":"","ot":"","mt":"","yr":"","rg":"","on":"","sub-source":"","campaignMostRecentID":"","content-id":"","orig-channel":"","campaign-name":"","campaignMostRecentName":"","campaignMostRecentSource":"","campaignMostRecentMedium":"","campaignMostRecentContent":"","campaignMostRecentTerm":"","campaignMostRecentContentID":"","campaignMostRecentSubSource":"","Persistent_utm_medium":"","Persistent_utm_source":"","Persistent_utm_term":"","Persistent_utm_campaign":"","Persistent_Sub_Source":"","Persistent_Content_ID":"","Persistent_Campaign_ID":"","Persistent_utm_content":"","Session_utm_medium":"","Session_utm_source":"","Session_utm_term":"","Session_utm_campaign":"","Session_Sub_Source":"","Session_Content_ID":"","Session_Campaign_ID":"701RN00000RbnVLYAZ","Session_utm_content":"","inquiry":"","fullURL":"https://www-dev.broadridge.com/report/asset-management/tailored-shareholder-reports","page_id":"130411","page_campaign_id":"639ca36f01b0d5c80e77c6108137c4c5","ecid":"","elqCampaignId":"","Formmodel":"flyout","Pagetype":"","g-recaptcha-response":"0cAFcWeA5F2FxYbD4pUQ_zq4dH_-jpZFKijAyGSjlut-kPEJXx2HdjKtcQfIFtXZ1xP-qsyGng6yf3KYbS9FDY8iAf0BkuDsanezAzNGQN6RaPsxM-9MgBg4zLdEL-s74B5YJkQx5vE0k9G32QnEdmhaYtcGCxu8zxd85V7Qa-0ki9fCkEeddgQKPCJ8kmDBI9AGdgtXPPtCAqGZvhC_-UOt8Y5-SdprcGd6ad29I0kG9-8a09lcmJvHPZ0MfSfeg5iqEpOiPD_3h0tdiGYA2hAw2D4-GXxQulTuAIxH6VYtxuBYs0b8ws5V9gFxLlJz5n3TYy-nWSjPHXkXlZesb16fDtZZySjz9y_1mkp068yITZaEl3z8ElCRkXElexOxsB09aGFAwdD248l0Yhcao-AbKLnMPVWYSne9hMpsJHrG12rDM4WUhaVcTHtrXxftAw1Yy337OAf-SP9vu0goFA-ypmZvzllkgPC3rWuVLxqrLAlALi_Zt4EZQO5dO4jrFdbTosooBQG5waPPvOFSSgRqPuAgcvHydWLZgsrm1Ln9pTHVpExAygwVpuu0v-z_8D576-mOfBOFVhOLsnLN7qCq9jBd0ITMBXeA8i3C3Ln7QHJlbh-wn4o0mxXTpOu_7HN9XKKQt8Ey8QvpMvnxSTUwaEqjGTuAVawJPxreEErmShnBlrhgPuiF5KZKvCLTkjK4oACjYzWq19UMJ2Ar52RvSOH4RSidmg_T5nYnF3QdmvxvNypEUtQXnLUWxAFDFUbX_RAj4TvGSIP8E8KuTM0pizPY3RhjSpYxG6QbXQfZXnFN4XirKg8fmCusubjGil4REojw8ZUoZCqIk9wMwOx7aWsYO_NGI6BcGnv1fJveywEroScr3EFZzGd5BlQb-2hJZgbCqEpZyIrexQoCmOSf2tDp3VaMH4sZwDopEDrC1hAx7ZvTrkkvhbEioUOv3jiw3VoM0XTOUv47oAAxPsRbzXyxWoysPC6cCN6ggDmSPPlxpL70KSux_UatxvC6UlbzgEeGSR1OZHgrgE11O6Js_NXcTjZVRiTQ6iozLG4jF5xYuiHUSeWQLvzgfK9AU8aAG9CuqUhWjgjuCAVJ2X4nNQtr_vWfD8yoyTC-w1tQECaB-AJ1ef2q8wWQa2nELtHnDrUyXyyPq4SOgxYKCmVr7WeR82odc0tVPEQ0o_7z7jzm2tjiJgiiJ71j-ut8FKVz1qzV4VukFlHJ2Z6hMLjuTeQDnpRPlcHSADKdlC-Ty2nkfaC2V4eS5r-X-8YbV9bq3p7kzbOC6AXjoEIfXkPe3Tx6NDLmjYAITn-oK1GBFhNp5Us0dGStWhva8qfRGz-q7OuNQbSShUxiZUAzK9IvXqbmitTdPX37-5W8auwuL2lbFzpR8ZhnxfeSms893SnUD3Gk_--LqSRf0HQp5to5NHDbJAP2l-rd3g2CmqgAqT3LHy--ooMZhVQFwoVXbEdkLFty6gYcL-zGhCvkaVNTkP4iQ2JmjKpmWGSvbvoSuMy7lEw9wyf8YFl2jjKI1sHlU47QoeYfAtwVHJSr7CQFykN2ZGxuo7px_snSLpof1v3_Z74KmEupXVp_vmmOp9Qi5Ws9aL1Jz5WkSjCgjQcHCWD-vsAukNm-AOQdCry4vKQShPD3yduH7h_2ZQHQ-Y-0Ib5il3ZaSGJ_9SwPGoR2NiKonoaBO0a-D0njLnJ9C2iZ99NBTlRs6WYeBvU6lyll2gCEdB2n0a6yNoGVIlUfhhli00mzYKyYlkfiSyAlxWhNZv-xMCMOSrAael89ZtYqhjLZvHAl35RXL87LKP2N7xSKUnhuPWIbsgw4UDraP0keJzMAl9Eg-MiP9RXaSdBrNRCTQPKWIg_WUtaKvnLSftX-6VDtyTsGwv6CIrHoMmPof--juLxr1_nn2i2hv1LwPiZr-MiMWn0JOH0mOy7wOQTCmDVUecGcKYvyO1yX9KGRB9jqJPcVEA-7u1YqUsViV4RqB01SGEIYLrv-kZgxevmscHAMKimNWemlSF_T2J_Y44lMm_0ckiiIj9nXGmw6g_21nhwro1jqv7J-L9XWeUWmrnDnhLOa9UMrZZeJ2l4iFqEINIQXZe5Ze0fEcTx9_gkTEkGgAwUSf5hV2Y3GmLrW7hpp9ZA3UBfGdk-X6t-4AlnLYI7MmZW3fbYXnCphe913gkGI5er2RItRm1TLx0sal1akLCxqQwcr4KtgQDMI-Aqeuvi4WvdjSn7dix4k1dLgmIaaIOOVgcaKcD_CgmeNBPZxNVrRHZdHBAih8GlPGSKLdJ8Exr4aO0pEwSEaky8tFQinYkqj5CJicyE8EvfJJWOKz98HTT31ixWyQbweMfAmPmEnwA-Um_EWLZ526bV-2hDXyEdn3a6dSds2Y4f8jhvoeKqfZXE1w9KwBp6FVUJJqsxHj0M9qJ5ijSeVWgpjQs68JT"}
form message = Something went wrong with our form submission. Please try again.
formpayload for validation = {"formSubmissionId":"","elqFormName":"","elqSiteID":"","datalayerheader":"","contact":"","formgtm":"","elqCustomerGUID":"","elqCookieWrite":"","segment":"asset-management","name_first":"First_66848_TESTTEST","name_last":"Last_66848_TESTTEST","email_work":"automated_TESTTEST_2026-02-09_06_55_51@broadridge.com","phone_business":"999-999-9999","job_title":"Job_66848_TESTTEST","Company":"Company_66848_TESTTEST","country":"United States","comment":"This is an automated test submission. Please ignore.","id":"","so":"","di":"","ct":"","ep":"","ot":"","mt":"","yr":"","rg":"","on":"","sub-source":"","campaignMostRecentID":"","content-id":"","orig-channel":"","campaign-name":"","campaignMostRecentName":"","campaignMostRecentSource":"","campaignMostRecentMedium":"","campaignMostRecentContent":"","campaignMostRecentTerm":"","campaignMostRecentContentID":"","campaignMostRecentSubSource":"","Persistent_utm_medium":"","Persistent_utm_source":"","Persistent_utm_term":"","Persistent_utm_campaign":"","Persistent_Sub_Source":"","Persistent_Content_ID":"","Persistent_Campaign_ID":"","Persistent_utm_content":"","Session_utm_medium":"","Session_utm_source":"","Session_utm_term":"","Session_utm_campaign":"","Session_Sub_Source":"","Session_Content_ID":"","Session_Campaign_ID":"701RN00000RbnVLYAZ","Session_utm_content":"","inquiry":"","fullURL":"https://www-dev.broadridge.com/report/asset-management/tailored-shareholder-reports","page_id":"130411","page_campaign_id":"639ca36f01b0d5c80e77c6108137c4c5","ecid":"","elqCampaignId":"","Formmodel":"flyout","Pagetype":"","g-recaptcha-response":"0cAFcWeA5F2FxYbD4pUQ_zq4dH_-jpZFKijAyGSjlut-kPEJXx2HdjKtcQfIFtXZ1xP-qsyGng6yf3KYbS9FDY8iAf0BkuDsanezAzNGQN6RaPsxM-9MgBg4zLdEL-s74B5YJkQx5vE0k9G32QnEdmhaYtcGCxu8zxd85V7Qa-0ki9fCkEeddgQKPCJ8kmDBI9AGdgtXPPtCAqGZvhC_-UOt8Y5-SdprcGd6ad29I0kG9-8a09lcmJvHPZ0MfSfeg5iqEpOiPD_3h0tdiGYA2hAw2D4-GXxQulTuAIxH6VYtxuBYs0b8ws5V9gFxLlJz5n3TYy-nWSjPHXkXlZesb16fDtZZySjz9y_1mkp068yITZaEl3z8ElCRkXElexOxsB09aGFAwdD248l0Yhcao-AbKLnMPVWYSne9hMpsJHrG12rDM4WUhaVcTHtrXxftAw1Yy337OAf-SP9vu0goFA-ypmZvzllkgPC3rWuVLxqrLAlALi_Zt4EZQO5dO4jrFdbTosooBQG5waPPvOFSSgRqPuAgcvHydWLZgsrm1Ln9pTHVpExAygwVpuu0v-z_8D576-mOfBOFVhOLsnLN7qCq9jBd0ITMBXeA8i3C3Ln7QHJlbh-wn4o0mxXTpOu_7HN9XKKQt8Ey8QvpMvnxSTUwaEqjGTuAVawJPxreEErmShnBlrhgPuiF5KZKvCLTkjK4oACjYzWq19UMJ2Ar52RvSOH4RSidmg_T5nYnF3QdmvxvNypEUtQXnLUWxAFDFUbX_RAj4TvGSIP8E8KuTM0pizPY3RhjSpYxG6QbXQfZXnFN4XirKg8fmCusubjGil4REojw8ZUoZCqIk9wMwOx7aWsYO_NGI6BcGnv1fJveywEroScr3EFZzGd5BlQb-2hJZgbCqEpZyIrexQoCmOSf2tDp3VaMH4sZwDopEDrC1hAx7ZvTrkkvhbEioUOv3jiw3VoM0XTOUv47oAAxPsRbzXyxWoysPC6cCN6ggDmSPPlxpL70KSux_UatxvC6UlbzgEeGSR1OZHgrgE11O6Js_NXcTjZVRiTQ6iozLG4jF5xYuiHUSeWQLvzgfK9AU8aAG9CuqUhWjgjuCAVJ2X4nNQtr_vWfD8yoyTC-w1tQECaB-AJ1ef2q8wWQa2nELtHnDrUyXyyPq4SOgxYKCmVr7WeR82odc0tVPEQ0o_7z7jzm2tjiJgiiJ71j-ut8FKVz1qzV4VukFlHJ2Z6hMLjuTeQDnpRPlcHSADKdlC-Ty2nkfaC2V4eS5r-X-8YbV9bq3p7kzbOC6AXjoEIfXkPe3Tx6NDLmjYAITn-oK1GBFhNp5Us0dGStWhva8qfRGz-q7OuNQbSShUxiZUAzK9IvXqbmitTdPX37-5W8auwuL2lbFzpR8ZhnxfeSms893SnUD3Gk_--LqSRf0HQp5to5NHDbJAP2l-rd3g2CmqgAqT3LHy--ooMZhVQFwoVXbEdkLFty6gYcL-zGhCvkaVNTkP4iQ2JmjKpmWGSvbvoSuMy7lEw9wyf8YFl2jjKI1sHlU47QoeYfAtwVHJSr7CQFykN2ZGxuo7px_snSLpof1v3_Z74KmEupXVp_vmmOp9Qi5Ws9aL1Jz5WkSjCgjQcHCWD-vsAukNm-AOQdCry4vKQShPD3yduH7h_2ZQHQ-Y-0Ib5il3ZaSGJ_9SwPGoR2NiKonoaBO0a-D0njLnJ9C2iZ99NBTlRs6WYeBvU6lyll2gCEdB2n0a6yNoGVIlUfhhli00mzYKyYlkfiSyAlxWhNZv-xMCMOSrAael89ZtYqhjLZvHAl35RXL87LKP2N7xSKUnhuPWIbsgw4UDraP0keJzMAl9Eg-MiP9RXaSdBrNRCTQPKWIg_WUtaKvnLSftX-6VDtyTsGwv6CIrHoMmPof--juLxr1_nn2i2hv1LwPiZr-MiMWn0JOH0mOy7wOQTCmDVUecGcKYvyO1yX9KGRB9jqJPcVEA-7u1YqUsViV4RqB01SGEIYLrv-kZgxevmscHAMKimNWemlSF_T2J_Y44lMm_0ckiiIj9nXGmw6g_21nhwro1jqv7J-L9XWeUWmrnDnhLOa9UMrZZeJ2l4iFqEINIQXZe5Ze0fEcTx9_gkTEkGgAwUSf5hV2Y3GmLrW7hpp9ZA3UBfGdk-X6t-4AlnLYI7MmZW3fbYXnCphe913gkGI5er2RItRm1TLx0sal1akLCxqQwcr4KtgQDMI-Aqeuvi4WvdjSn7dix4k1dLgmIaaIOOVgcaKcD_CgmeNBPZxNVrRHZdHBAih8GlPGSKLdJ8Exr4aO0pEwSEaky8tFQinYkqj5CJicyE8EvfJJWOKz98HTT31ixWyQbweMfAmPmEnwA-Um_EWLZ526bV-2hDXyEdn3a6dSds2Y4f8jhvoeKqfZXE1w9KwBp6FVUJJqsxHj0M9qJ5ijSeVWgpjQs68JT"}
formSubmissionId = 
fullURL = https://www-dev.broadridge.com/report/asset-management/tailored-shareholder-reports
page comparison URL = https://www-dev.broadridge.com/report/asset-management/tailored-shareholder-reports
..........!!!...Filling the form failed...!!!........
................Header Contact Us Form Filled...................
V2 ContactUs form NOT found on the bottom
V2 Download form NOT found on the bottom
]]></system-out>
    <system-err><![CDATA[SLF4J(W): No SLF4J providers were found.
SLF4J(W): Defaulting to no-operation (NOP) logger implementation
SLF4J(W): See https://www.slf4j.org/codes.html#noProviders for further details.
Feb 09, 2026 6:42:49 AM org.openqa.selenium.devtools.CdpVersionFinder findNearestMatch
WARNING: Unable to find an exact match for CDP version 144, returning the closest version; found: 140; Please update to a Selenium version that supports CDP version 144
]]></system-err>
  </testcase>
</testsuite>