<?xml version="1.0" encoding="UTF-8"?>
<testsuite xmlns:xsi="http://www.w3.org/2001/XMLSchema-instance" xsi:noNamespaceSchemaLocation="https://maven.apache.org/surefire/maven-surefire-plugin/xsd/surefire-test-report-3.0.xsd" version="3.0" name="TestSuite" time="389.48" tests="10" errors="0" skipped="0" failures="6">
  <properties>
[...]
</properties>
  <testcase name="FormTester[https://broadridgedigital:broadridge1@www-dev.broadridge.com/2024-digital-transformation-study, https://www-dev.broadridge.com/2024-digital-transformation-study](1)" classname="com.broadridge.Tests" time="45.923">
    <system-out><![CDATA[-------------------------------TEST STARTED--------------------------------
page URL = https://broadridgedigital:broadridge1@www-dev.broadridge.com/2024-digital-transformation-study
current URL = https://broadridgedigital:broadridge1@www-dev.broadridge.com/2024-digital-transformation-study
header ContactUs button found = true
v1 ContactUs form found = true
v2 ContactUs form not found
v2 download form not found
emailTimeStamp = automated_TESTTEST_2025-10-06_05_42_15@broadridge.com
................Header Contact Us Form Filled...................
form message = Something went wrong with our form submission. Please try again.
formpayload for validation = {"formSubmissionId":"","elqFormName":"","elqSiteID":"","datalayerheader":"","contact":"","formgtm":"","elqCustomerGUID":"","elqCookieWrite":"","segment":"","name_first":"First_TESTTEST","name_last":"Last_TESTTEST","email_work":"automated_TESTTEST_2025-10-06_05_42_15@broadridge.com","phone_business":"999-999-9999","job_title":"Job_TESTTEST","Company":"Company_TESTTEST","country":"United States","comment":"This is an automated test submission. Please ignore.","id":"","so":"","di":"","ct":"","ep":"","ot":"","mt":"","yr":"","rg":"","on":"","sub-source":"","campaignMostRecentID":"","content-id":"","orig-channel":"","campaign-name":"","campaignMostRecentName":"","campaignMostRecentSource":"","campaignMostRecentMedium":"","campaignMostRecentContent":"","campaignMostRecentTerm":"","campaignMostRecentContentID":"","campaignMostRecentSubSource":"","Persistent_utm_medium":"","Persistent_utm_source":"","Persistent_utm_term":"","Persistent_utm_campaign":"","Persistent_Sub_Source":"","Persistent_Content_ID":"","Persistent_Campaign_ID":"","Persistent_utm_content":"","Session_utm_medium":"","Session_utm_source":"","Session_utm_term":"","Session_utm_campaign":"","Session_Sub_Source":"","Session_Content_ID":"","Session_Campaign_ID":"701RN00000RbnVLYAZ","Session_utm_content":"","inquiry":"","fullURL":"","page_id":"","page_campaign_id":"","ecid":"","elqCampaignId":"","Formmodel":"flyout","Pagetype":"","g-recaptcha-response":"0cAFcWeA4zB8Sg8wxFcTM7EUi5-zo60DynScxrX0aqRJvQOxKGenj95_mo3zsSlJ907NadLDYgqZ3AA_9QMWMlH9jdG8-J6tdXpXHXxwgx_fnwtBn-bmjvt4pooQs_BHN7kEv8US6aWa7VZiPVB1vcaxYAocVzF8bK1Ixcr1ON4yhycLAFo3bPDX4FF8dAoj6DWfStv411RG_bh3i36Yeiv06CRS3VKtWE2J_gDdOO3Kwpp2484fPlMoKav5zkCEgpzd-i6oWluN_r8px11Pom0gYHncxhEEr8_YPZXqOa5aAy61UMzPl10xoLL8hQCGN0sg5roWj1socg2zauvH5qzaUeN7GiQzvbBcKd7mYvI3CaY1jHuQriC2prEuoqZMgaEKnXl0hgiu1b2MX9s31LzUFP-SnE-1cbSDPLxt7UJZZ9zgEIU6lyyJzuSPG3t8rE3F8zw8FsadKVHha8JMBRkEuEkvsbU9hx-YKhVyj6yz9GNYN6vKL5F8D3aG9pDR6Ali_HzN6qCktFgK0kD8EgAcf6kT-HrW8F38dfNPFVpqyyXwn34bpIEPSq633TRf6-29VWWG-8OESJMyCkX_z5LeKyg6REPVSK-yADYr-4SKxLOVOW84ZdTpTsAKY9FsBDqMsaKAW8xZKxxm5A-JI-hihUcgo2bUogIZlNEjuNRZM5KKvN1_WxnxfeasuNtxGyK7BSFdX2pDz4tJVyFJkDm5QL668joIXnzHCO8CCCTcEXHiZrkuKqEmdOX95ePb7PALmtSHGy3yrldg0QuUngQw8IdbdGf5dYCQSnvKOR1cXKx5spql8UHhC8MjYKN-JKDLuHYa04GsItFbsNkxklDZaycPY1ALAW1dfRxJBrUrufbRMSu8ZnVDy1NB32vyVkADqQzb84HOPslVLLp54gXAxKk1rdBq1b4cjTS8tie814AVLZ9_cyYIRGSNCL8DNmRVwKnugyD7ug-A2rhTlIgVAxhgaZuaCDe7b9bglLLmOqwsM5-cmkKGxqcfyY87pSH8MujE5xLRSqDZ1ebQ_8DVTPlJtJfHZB543Dr3qBAvB6D5dI_K7wpVYaQyYdRaBMXvSTcRS3o0-OaTPkCp5HKYCes3Hwh01SCeiQvFnF6m4B-xlM6XwTnFfk8_mE9Im2nSPxAILM4AOVFvrP-MiAjNiERnouOcZGkBD26Ky3d1Q2TW_2GRYX6v0P8POfr2b417iKvaaqiGCCkZkC9UmKw0dpeFlR9S0_U2TNOkS0Qzem8O3_1HJmM_Ux2A69K4Y7OEnJJP_mjWHRaMM_Go4pTmOlLV9j3x7LxL1q7P1YWve5reQqzcwvKLt7nyJiPLIvM2ZNb-89Xu6wnR2aT5OEYc18J8egD7H0oeWP9jsImdsvZ_Ht--2KaWKwp7JGo9f3DkydobQ4FTIIk_-3K17D-rHscSao56_XP_iItdCi8gNbNGsdXNz3Tj3wNbaJbA-X3SvsgxRZ6DNtLffVhp3iODZHsIlccQ4tTxl0VVH3YK2e9ZU1f_rfdpH_xawYlp18TV-DnJan5Ez5Qru4dC7UHT5dwnopDWr-WN8657Ls5WzqhjyhVqb_IcspNzwvwjo1apTKdDcoOGfQ"}
formSubmissionId = 
fullURL = 
formSubmissionId = 
fullURL = 
]]></system-out>
    <system-err><![CDATA[SLF4J(W): No SLF4J providers were found.
SLF4J(W): Defaulting to no-operation (NOP) logger implementation
SLF4J(W): See https://www.slf4j.org/codes.html#noProviders for further details.
Oct 06, 2025 5:41:45 AM org.openqa.selenium.devtools.CdpVersionFinder findNearestMatch
WARNING: Unable to find an exact match for CDP version 140, returning the closest version; found: 136; Please update to a Selenium version that supports CDP version 140
]]></system-err>
  </testcase>
  <testcase name="FormTester[https://broadridgedigital:broadridge1@www-dev.broadridge.com/insight-pages/bpo-case-study, https://www-dev.broadridge.com/insight-pages/bpo-case-study](2)" classname="com.broadridge.Tests" time="27.292">
    <failure message="element not interactable&#10;  (Session info: chrome=140.0.7339.207)&#10;Build info: version: &apos;4.32.0&apos;, revision: &apos;d17c8aa950&apos;&#10;System info: os.name: &apos;Linux&apos;, os.arch: &apos;amd64&apos;, os.version: &apos;6.11.0-1018-azure&apos;, java.version: &apos;20.0.2&apos;&#10;Driver info: org.openqa.selenium.chrome.ChromeDriver&#10;Command: [f94164bac83ea2d9d5b59a26e2c2d33b, sendKeysToElement {id=f.F2821306A86DA5683D24EDA3B2A516D5.d.D8C750E41CC1E0A1A06924F59317751A.e.131, value=[Ljava.lang.CharSequence;@1729ec00}]&#10;Capabilities {acceptInsecureCerts: false, browserName: chrome, browserVersion: 140.0.7339.207, chrome: {chromedriverVersion: 140.0.7339.207 (17230b545fd..., userDataDir: /tmp/chrome-user-data999276...}, fedcm:accounts: true, goog:chromeOptions: {debuggerAddress: localhost:34111}, networkConnectionEnabled: false, pageLoadStrategy: normal, platformName: linux, proxy: Proxy(), se:cdp: ws://localhost:34111/devtoo..., se:cdpVersion: 140.0.7339.207, setWindowRect: true, strictFileInteractability: false, timeouts: {implicit: 0, pageLoad: 300000, script: 30000}, unhandledPromptBehavior: dismiss and notify, webauthn:extension:credBlob: true, webauthn:extension:largeBlob: true, webauthn:extension:minPinLength: true, webauthn:extension:prf: true, webauthn:virtualAuthenticators: true}&#10;Element: [[ChromeDriver: chrome on linux (f94164bac83ea2d9d5b59a26e2c2d33b)] -&gt; xpath: (//input[@placeholder=&apos;First name&apos;])[1]]&#10;Session ID: f94164bac83ea2d9d5b59a26e2c2d33b" type="org.openqa.selenium.ElementNotInteractableException"><![CDATA[org.openqa.selenium.ElementNotInteractableException: 
element not interactable
  (Session info: chrome=140.0.7339.207)
Build info: version: '4.32.0', revision: 'd17c8aa950'
System info: os.name: 'Linux', os.arch: 'amd64', os.version: '6.11.0-1018-azure', java.version: '20.0.2'
Driver info: org.openqa.selenium.chrome.ChromeDriver
Command: [f94164bac83ea2d9d5b59a26e2c2d33b, sendKeysToElement {id=f.F2821306A86DA5683D24EDA3B2A516D5.d.D8C750E41CC1E0A1A06924F59317751A.e.131, value=[Ljava.lang.CharSequence;@1729ec00}]
Capabilities {acceptInsecureCerts: false, browserName: chrome, browserVersion: 140.0.7339.207, chrome: {chromedriverVersion: 140.0.7339.207 (17230b545fd..., userDataDir: /tmp/chrome-user-data999276...}, fedcm:accounts: true, goog:chromeOptions: {debuggerAddress: localhost:34111}, networkConnectionEnabled: false, pageLoadStrategy: normal, platformName: linux, proxy: Proxy(), se:cdp: ws://localhost:34111/devtoo..., se:cdpVersion: 140.0.7339.207, setWindowRect: true, strictFileInteractability: false, timeouts: {implicit: 0, pageLoad: 300000, script: 30000}, unhandledPromptBehavior: dismiss and notify, webauthn:extension:credBlob: true, webauthn:extension:largeBlob: true, webauthn:extension:minPinLength: true, webauthn:extension:prf: true, webauthn:virtualAuthenticators: true}
Element: [[ChromeDriver: chrome on linux (f94164bac83ea2d9d5b59a26e2c2d33b)] -> xpath: (//input[@placeholder='First name'])[1]]
Session ID: f94164bac83ea2d9d5b59a26e2c2d33b
	at java.base/jdk.internal.reflect.DirectConstructorHandleAccessor.newInstance(DirectConstructorHandleAccessor.java:67)
	at java.base/java.lang.reflect.Constructor.newInstanceWithCaller(Constructor.java:500)
	at java.base/java.lang.reflect.Constructor.newInstance(Constructor.java:484)
	at org.openqa.selenium.remote.ErrorCodec.decode(ErrorCodec.java:167)
	at org.openqa.selenium.remote.codec.w3c.W3CHttpResponseCodec.decode(W3CHttpResponseCodec.java:138)
	at org.openqa.selenium.remote.codec.w3c.W3CHttpResponseCodec.decode(W3CHttpResponseCodec.java:50)
	at org.openqa.selenium.remote.HttpCommandExecutor.execute(HttpCommandExecutor.java:215)
	at org.openqa.selenium.remote.service.DriverCommandExecutor.invokeExecute(DriverCommandExecutor.java:216)
	at org.openqa.selenium.remote.service.DriverCommandExecutor.execute(DriverCommandExecutor.java:174)
	at org.openqa.selenium.remote.RemoteWebDriver.execute(RemoteWebDriver.java:545)
	at org.openqa.selenium.remote.RemoteWebElement.execute(RemoteWebElement.java:223)
	at org.openqa.selenium.remote.RemoteWebElement.sendKeys(RemoteWebElement.java:110)
	at com.broadridge.utils.BrowserUtils.headerContactUsFiller(BrowserUtils.java:71)
	at com.broadridge.Tests.FormTester(Tests.java:109)
	at java.base/jdk.internal.reflect.DirectMethodHandleAccessor.invoke(DirectMethodHandleAccessor.java:104)
	at java.base/java.lang.reflect.Method.invoke(Method.java:578)
	at org.testng.internal.invokers.MethodInvocationHelper.invokeMethod(MethodInvocationHelper.java:141)
	at org.testng.internal.invokers.TestInvoker.invokeMethod(TestInvoker.java:686)
	at org.testng.internal.invokers.TestInvoker.invokeTestMethod(TestInvoker.java:230)
	at org.testng.internal.invokers.MethodRunner.runInSequence(MethodRunner.java:63)
	at org.testng.internal.invokers.TestInvoker$MethodInvocationAgent.invoke(TestInvoker.java:992)
	at org.testng.internal.invokers.TestInvoker.invokeTestMethods(TestInvoker.java:203)
	at org.testng.internal.invokers.TestMethodWorker.invokeTestMethods(TestMethodWorker.java:154)
	at org.testng.internal.invokers.TestMethodWorker.run(TestMethodWorker.java:134)
	at java.base/java.util.ArrayList.forEach(ArrayList.java:1511)
	at org.testng.TestRunner.privateRun(TestRunner.java:739)
	at org.testng.TestRunner.run(TestRunner.java:614)
	at org.testng.SuiteRunner.runTest(SuiteRunner.java:421)
	at org.testng.SuiteRunner.runSequentially(SuiteRunner.java:413)
	at org.testng.SuiteRunner.privateRun(SuiteRunner.java:373)
	at org.testng.SuiteRunner.run(SuiteRunner.java:312)
	at org.testng.SuiteRunnerWorker.runSuite(SuiteRunnerWorker.java:52)
	at org.testng.SuiteRunnerWorker.run(SuiteRunnerWorker.java:95)
	at org.testng.TestNG.runSuitesSequentially(TestNG.java:1274)
	at org.testng.TestNG.runSuitesLocally(TestNG.java:1208)
	at org.testng.TestNG.runSuites(TestNG.java:1112)
	at org.testng.TestNG.run(TestNG.java:1079)
	at org.apache.maven.surefire.testng.TestNGExecutor.run(TestNGExecutor.java:155)
	at org.apache.maven.surefire.testng.TestNGDirectoryTestSuite.executeMulti(TestNGDirectoryTestSuite.java:169)
	at org.apache.maven.surefire.testng.TestNGDirectoryTestSuite.execute(TestNGDirectoryTestSuite.java:88)
	at org.apache.maven.surefire.testng.TestNGProvider.invoke(TestNGProvider.java:137)
	at org.apache.maven.surefire.booter.ForkedBooter.runSuitesInProcess(ForkedBooter.java:385)
	at org.apache.maven.surefire.booter.ForkedBooter.execute(ForkedBooter.java:162)
	at org.apache.maven.surefire.booter.ForkedBooter.run(ForkedBooter.java:507)
	at org.apache.maven.surefire.booter.ForkedBooter.main(ForkedBooter.java:495)
]]></failure>
    <system-out><![CDATA[page URL = https://broadridgedigital:broadridge1@www-dev.broadridge.com/insight-pages/bpo-case-study
current URL = https://broadridgedigital:broadridge1@www-dev.broadridge.com/insight-pages/bpo-case-study
header ContactUs button found = true
v1 ContactUs form found = true
v2 ContactUs form found = true
v2 download form not found
]]></system-out>
  </testcase>
  <testcase name="FormTester[https://broadridgedigital:broadridge1@www-dev.broadridge.com/article/asset-management/summary-of-latest-guidance-from-the-fca-on-consumer-duty-implementation, https://www-dev.broadridge.com/article/asset-management/summary-of-latest-guidance-from-the-fca-on-consumer-duty-implementation](3)" classname="com.broadridge.Tests" time="35.331">
    <system-out><![CDATA[page URL = https://broadridgedigital:broadridge1@www-dev.broadridge.com/article/asset-management/summary-of-latest-guidance-from-the-fca-on-consumer-duty-implementation
current URL = https://broadridgedigital:broadridge1@www-dev.broadridge.com/article/asset-management/summary-of-latest-guidance-from-the-fca-on-consumer-duty-implementation
header ContactUs button found = true
v1 ContactUs form found = true
v2 ContactUs form not found
v2 download form not found
emailTimeStamp = automated_TESTTEST_2025-10-06_05_43_18@broadridge.com
................Header Contact Us Form Filled...................
form message = Something went wrong with our form submission. Please try again.
formpayload for validation = {"formSubmissionId":"","elqFormName":"","elqSiteID":"","datalayerheader":"","contact":"","formgtm":"","elqCustomerGUID":"","elqCookieWrite":"","segment":"asset-management","name_first":"First_TESTTEST","name_last":"Last_TESTTEST","email_work":"automated_TESTTEST_2025-10-06_05_43_18@broadridge.com","phone_business":"999-999-9999","job_title":"Job_TESTTEST","Company":"Company_TESTTEST","country":"United States","comment":"This is an automated test submission. Please ignore.","id":"","so":"","di":"","ct":"","ep":"","ot":"","mt":"","yr":"","rg":"","on":"","sub-source":"","campaignMostRecentID":"","content-id":"","orig-channel":"","campaign-name":"","campaignMostRecentName":"","campaignMostRecentSource":"","campaignMostRecentMedium":"","campaignMostRecentContent":"","campaignMostRecentTerm":"","campaignMostRecentContentID":"","campaignMostRecentSubSource":"","Persistent_utm_medium":"","Persistent_utm_source":"","Persistent_utm_term":"","Persistent_utm_campaign":"","Persistent_Sub_Source":"","Persistent_Content_ID":"","Persistent_Campaign_ID":"","Persistent_utm_content":"","Session_utm_medium":"","Session_utm_source":"","Session_utm_term":"","Session_utm_campaign":"","Session_Sub_Source":"","Session_Content_ID":"","Session_Campaign_ID":"701RN00000RbnVLYAZ","Session_utm_content":"","inquiry":"","fullURL":"","page_id":"","page_campaign_id":"","ecid":"","elqCampaignId":"","Formmodel":"flyout","Pagetype":"","g-recaptcha-response":"0cAFcWeA6dzyR5pyd79Wc84KSzfCHxOZe8sXUvWZlY8XkWU_08V0TcZXP2tQmA4sqdcYjFvMPKEI0SFXVmvik0PgvEgv-P1OMuCz4-EjEAfDwvO3tFD5WvwdUBkxBkUwWRNOUmvH0z0TgeAfXFpfYb37NEy2kaXo-OlnVWV0AVlUMm8z9dTr7acft4G5mC-s73Qg5d7aUwvm5-wpi_-uN53-kRvdd3EUr3eYdZFc933FlNansHJiCpGBuRQ4f0wkeslWewyd70YnCevG5GgKxBItFKYIFutI9Fx6VMFjiCqsTrxfzCH_CpLB5p_WdsdB-87r0yShw9m6R1LQLMw85e31pUv0ZFsHdcNHk4dteCci60rRiTji6LftqopkMYqad3e3zaIwCum52dTwu32D_qlA79P-Kgvrmq6guU5NlVdZzNIrJneZFS5aX_ixx_D0uXg93OaJw32HACTAK2DWsvtFZ0--D4KyVXYbbvklsjxEYZDEExusbCoG91UGey2sI0duZ1SNngGrsFhdinDXK4xmVpYL30XJu46XnWZEBMHKFvCowmsXZM9O1qjiCPiStT3iIsdluM8R49mAo62SITaHcqfimB4Z-ZbO-_mzdQOs8IzvFQzkiBr7NOYjpKOxEr3OY2zRwturM66ffqnj1kHRQ2ZcbETcXJ_Zgmv6o3b4jqY6wwAmF_udB_jy71NfyuC4mV_3rC1Z7T4nmXe8eXYkMixwZH6z2YQMjUq5n9d5AMgEDjfGFdfVPCnnY4XhDfd8DLGqq2wMquzXaerHqACo-MiG6hGLGr7zpcm_EUxsP5EOA-XtOroPsK99yMYsVtC5rcNLpUSr7-JxvDoYV18DyWD1ZaS3g2b4DyfRRiDNTtTlsJkjOsHBI56vNeEJIK2o8rCKn2YQYFbI4-V0GP8pnhe1YVvUt7AJInS6sUijl8xCISAcWZ6M-kGy76SjfUf4mDdirh-KT3GkKErmsj2lSZZXoC6j3g9Dm7caDvDlrhSsENYq-GQKAxQwpj_90AhO54N0sBHtjrvbtSeENGzpO2t01ckpiZMSzYWC_QuPKIqkGEXWbYJh307KAiojmoxg3ADP3QKbjIJs0A_TR_b8bRSiEzmQkkcrMjPZCeKuF0CVqY2ZGkxRgFEEi3Jz-obGecdp4N7_toB-JeKTJuVvs-JcyLYpnQLeQom6g_RHyWJdsyRlP4id-HwXBdhqim6x8A-QJhw1DvSfW-D5tDT3_DOjkwi_Y29UCDkhkKACAdlFfXrxZfhBZw9NjEsODHUYfOCDtHZeMOswwuRzjeE_EiQNGsjf1dxSHV9nyllckqED2TrzGAZi1PAKksSe2ZpbVrfUR1YUBQxPiWcS-QELdfwJjMHqWxAryb9VJk6YsVWLYIvP70aF0PekZPY_TnY95wItVaVZwIpHlAji9YXmdiZE6sfnv0LTOqI5FbFr3A2eLZOO54M8m5btE1aQuPzV6xD26oFSj3KX8t84I4WjGwTi48OGcq7a8BAW3Oj3rvHUeoa6xY8sk0EBnG93CG4JljePfOTIS-sUvKKdPdfap57K5XVV4B4I-vuXEv2q_e1UaBMJOrW_RZsrmxf2sk2IreHA1fCD8S"}
formSubmissionId = 
fullURL = 
formSubmissionId = 
fullURL = 
]]></system-out>
  </testcase>
  <testcase name="FormTester[https://broadridgedigital:broadridge1@www-dev.broadridge.com/insight-pages/governance-regulatory-change, https://www-dev.broadridge.com/insight-pages/governance-regulatory-change](4)" classname="com.broadridge.Tests" time="37.349">
    <failure message="element not interactable&#10;  (Session info: chrome=140.0.7339.207)&#10;Build info: version: &apos;4.32.0&apos;, revision: &apos;d17c8aa950&apos;&#10;System info: os.name: &apos;Linux&apos;, os.arch: &apos;amd64&apos;, os.version: &apos;6.11.0-1018-azure&apos;, java.version: &apos;20.0.2&apos;&#10;Driver info: org.openqa.selenium.chrome.ChromeDriver&#10;Command: [f94164bac83ea2d9d5b59a26e2c2d33b, sendKeysToElement {id=f.F2821306A86DA5683D24EDA3B2A516D5.d.E6022DC911268946140881B0428811CD.e.261, value=[Ljava.lang.CharSequence;@1f9f381d}]&#10;Capabilities {acceptInsecureCerts: false, browserName: chrome, browserVersion: 140.0.7339.207, chrome: {chromedriverVersion: 140.0.7339.207 (17230b545fd..., userDataDir: /tmp/chrome-user-data999276...}, fedcm:accounts: true, goog:chromeOptions: {debuggerAddress: localhost:34111}, networkConnectionEnabled: false, pageLoadStrategy: normal, platformName: linux, proxy: Proxy(), se:cdp: ws://localhost:34111/devtoo..., se:cdpVersion: 140.0.7339.207, setWindowRect: true, strictFileInteractability: false, timeouts: {implicit: 0, pageLoad: 300000, script: 30000}, unhandledPromptBehavior: dismiss and notify, webauthn:extension:credBlob: true, webauthn:extension:largeBlob: true, webauthn:extension:minPinLength: true, webauthn:extension:prf: true, webauthn:virtualAuthenticators: true}&#10;Element: [[ChromeDriver: chrome on linux (f94164bac83ea2d9d5b59a26e2c2d33b)] -&gt; xpath: (//input[@placeholder=&apos;First name&apos;])[1]]&#10;Session ID: f94164bac83ea2d9d5b59a26e2c2d33b" type="org.openqa.selenium.ElementNotInteractableException"><![CDATA[org.openqa.selenium.ElementNotInteractableException: 
element not interactable
  (Session info: chrome=140.0.7339.207)
Build info: version: '4.32.0', revision: 'd17c8aa950'
System info: os.name: 'Linux', os.arch: 'amd64', os.version: '6.11.0-1018-azure', java.version: '20.0.2'
Driver info: org.openqa.selenium.chrome.ChromeDriver
Command: [f94164bac83ea2d9d5b59a26e2c2d33b, sendKeysToElement {id=f.F2821306A86DA5683D24EDA3B2A516D5.d.E6022DC911268946140881B0428811CD.e.261, value=[Ljava.lang.CharSequence;@1f9f381d}]
Capabilities {acceptInsecureCerts: false, browserName: chrome, browserVersion: 140.0.7339.207, chrome: {chromedriverVersion: 140.0.7339.207 (17230b545fd..., userDataDir: /tmp/chrome-user-data999276...}, fedcm:accounts: true, goog:chromeOptions: {debuggerAddress: localhost:34111}, networkConnectionEnabled: false, pageLoadStrategy: normal, platformName: linux, proxy: Proxy(), se:cdp: ws://localhost:34111/devtoo..., se:cdpVersion: 140.0.7339.207, setWindowRect: true, strictFileInteractability: false, timeouts: {implicit: 0, pageLoad: 300000, script: 30000}, unhandledPromptBehavior: dismiss and notify, webauthn:extension:credBlob: true, webauthn:extension:largeBlob: true, webauthn:extension:minPinLength: true, webauthn:extension:prf: true, webauthn:virtualAuthenticators: true}
Element: [[ChromeDriver: chrome on linux (f94164bac83ea2d9d5b59a26e2c2d33b)] -> xpath: (//input[@placeholder='First name'])[1]]
Session ID: f94164bac83ea2d9d5b59a26e2c2d33b
	at java.base/jdk.internal.reflect.DirectConstructorHandleAccessor.newInstance(DirectConstructorHandleAccessor.java:67)
	at java.base/java.lang.reflect.Constructor.newInstanceWithCaller(Constructor.java:500)
	at java.base/java.lang.reflect.Constructor.newInstance(Constructor.java:484)
	at org.openqa.selenium.remote.ErrorCodec.decode(ErrorCodec.java:167)
	at org.openqa.selenium.remote.codec.w3c.W3CHttpResponseCodec.decode(W3CHttpResponseCodec.java:138)
	at org.openqa.selenium.remote.codec.w3c.W3CHttpResponseCodec.decode(W3CHttpResponseCodec.java:50)
	at org.openqa.selenium.remote.HttpCommandExecutor.execute(HttpCommandExecutor.java:215)
	at org.openqa.selenium.remote.service.DriverCommandExecutor.invokeExecute(DriverCommandExecutor.java:216)
	at org.openqa.selenium.remote.service.DriverCommandExecutor.execute(DriverCommandExecutor.java:174)
	at org.openqa.selenium.remote.RemoteWebDriver.execute(RemoteWebDriver.java:545)
	at org.openqa.selenium.remote.RemoteWebElement.execute(RemoteWebElement.java:223)
	at org.openqa.selenium.remote.RemoteWebElement.sendKeys(RemoteWebElement.java:110)
	at com.broadridge.utils.BrowserUtils.headerContactUsFiller(BrowserUtils.java:71)
	at com.broadridge.Tests.FormTester(Tests.java:109)
	at java.base/jdk.internal.reflect.DirectMethodHandleAccessor.invoke(DirectMethodHandleAccessor.java:104)
	at java.base/java.lang.reflect.Method.invoke(Method.java:578)
	at org.testng.internal.invokers.MethodInvocationHelper.invokeMethod(MethodInvocationHelper.java:141)
	at org.testng.internal.invokers.TestInvoker.invokeMethod(TestInvoker.java:686)
	at org.testng.internal.invokers.TestInvoker.invokeTestMethod(TestInvoker.java:230)
	at org.testng.internal.invokers.MethodRunner.runInSequence(MethodRunner.java:63)
	at org.testng.internal.invokers.TestInvoker$MethodInvocationAgent.invoke(TestInvoker.java:992)
	at org.testng.internal.invokers.TestInvoker.invokeTestMethods(TestInvoker.java:203)
	at org.testng.internal.invokers.TestMethodWorker.invokeTestMethods(TestMethodWorker.java:154)
	at org.testng.internal.invokers.TestMethodWorker.run(TestMethodWorker.java:134)
	at java.base/java.util.ArrayList.forEach(ArrayList.java:1511)
	at org.testng.TestRunner.privateRun(TestRunner.java:739)
	at org.testng.TestRunner.run(TestRunner.java:614)
	at org.testng.SuiteRunner.runTest(SuiteRunner.java:421)
	at org.testng.SuiteRunner.runSequentially(SuiteRunner.java:413)
	at org.testng.SuiteRunner.privateRun(SuiteRunner.java:373)
	at org.testng.SuiteRunner.run(SuiteRunner.java:312)
	at org.testng.SuiteRunnerWorker.runSuite(SuiteRunnerWorker.java:52)
	at org.testng.SuiteRunnerWorker.run(SuiteRunnerWorker.java:95)
	at org.testng.TestNG.runSuitesSequentially(TestNG.java:1274)
	at org.testng.TestNG.runSuitesLocally(TestNG.java:1208)
	at org.testng.TestNG.runSuites(TestNG.java:1112)
	at org.testng.TestNG.run(TestNG.java:1079)
	at org.apache.maven.surefire.testng.TestNGExecutor.run(TestNGExecutor.java:155)
	at org.apache.maven.surefire.testng.TestNGDirectoryTestSuite.executeMulti(TestNGDirectoryTestSuite.java:169)
	at org.apache.maven.surefire.testng.TestNGDirectoryTestSuite.execute(TestNGDirectoryTestSuite.java:88)
	at org.apache.maven.surefire.testng.TestNGProvider.invoke(TestNGProvider.java:137)
	at org.apache.maven.surefire.booter.ForkedBooter.runSuitesInProcess(ForkedBooter.java:385)
	at org.apache.maven.surefire.booter.ForkedBooter.execute(ForkedBooter.java:162)
	at org.apache.maven.surefire.booter.ForkedBooter.run(ForkedBooter.java:507)
	at org.apache.maven.surefire.booter.ForkedBooter.main(ForkedBooter.java:495)
]]></failure>
    <system-out><![CDATA[page URL = https://broadridgedigital:broadridge1@www-dev.broadridge.com/insight-pages/governance-regulatory-change
current URL = https://broadridgedigital:broadridge1@www-dev.broadridge.com/insight-pages/governance-regulatory-change
header ContactUs button found = true
v1 ContactUs form not found
v2 ContactUs form found = true
v2 download form not found
]]></system-out>
  </testcase>
  <testcase name="FormTester[https://broadridgedigital:broadridge1@www-dev.broadridge.com/campaign/all-in-the-family-active-etf, https://www-dev.broadridge.com/campaign/all-in-the-family-active-etf](5)" classname="com.broadridge.Tests" time="37.298">
    <failure message="element not interactable&#10;  (Session info: chrome=140.0.7339.207)&#10;Build info: version: &apos;4.32.0&apos;, revision: &apos;d17c8aa950&apos;&#10;System info: os.name: &apos;Linux&apos;, os.arch: &apos;amd64&apos;, os.version: &apos;6.11.0-1018-azure&apos;, java.version: &apos;20.0.2&apos;&#10;Driver info: org.openqa.selenium.chrome.ChromeDriver&#10;Command: [f94164bac83ea2d9d5b59a26e2c2d33b, sendKeysToElement {id=f.F2821306A86DA5683D24EDA3B2A516D5.d.4E5864098089C0A688EB769985F35023.e.318, value=[Ljava.lang.CharSequence;@435cc7f9}]&#10;Capabilities {acceptInsecureCerts: false, browserName: chrome, browserVersion: 140.0.7339.207, chrome: {chromedriverVersion: 140.0.7339.207 (17230b545fd..., userDataDir: /tmp/chrome-user-data999276...}, fedcm:accounts: true, goog:chromeOptions: {debuggerAddress: localhost:34111}, networkConnectionEnabled: false, pageLoadStrategy: normal, platformName: linux, proxy: Proxy(), se:cdp: ws://localhost:34111/devtoo..., se:cdpVersion: 140.0.7339.207, setWindowRect: true, strictFileInteractability: false, timeouts: {implicit: 0, pageLoad: 300000, script: 30000}, unhandledPromptBehavior: dismiss and notify, webauthn:extension:credBlob: true, webauthn:extension:largeBlob: true, webauthn:extension:minPinLength: true, webauthn:extension:prf: true, webauthn:virtualAuthenticators: true}&#10;Element: [[ChromeDriver: chrome on linux (f94164bac83ea2d9d5b59a26e2c2d33b)] -&gt; xpath: (//input[@placeholder=&apos;First name&apos;])[1]]&#10;Session ID: f94164bac83ea2d9d5b59a26e2c2d33b" type="org.openqa.selenium.ElementNotInteractableException"><![CDATA[org.openqa.selenium.ElementNotInteractableException: 
element not interactable
  (Session info: chrome=140.0.7339.207)
Build info: version: '4.32.0', revision: 'd17c8aa950'
System info: os.name: 'Linux', os.arch: 'amd64', os.version: '6.11.0-1018-azure', java.version: '20.0.2'
Driver info: org.openqa.selenium.chrome.ChromeDriver
Command: [f94164bac83ea2d9d5b59a26e2c2d33b, sendKeysToElement {id=f.F2821306A86DA5683D24EDA3B2A516D5.d.4E5864098089C0A688EB769985F35023.e.318, value=[Ljava.lang.CharSequence;@435cc7f9}]
Capabilities {acceptInsecureCerts: false, browserName: chrome, browserVersion: 140.0.7339.207, chrome: {chromedriverVersion: 140.0.7339.207 (17230b545fd..., userDataDir: /tmp/chrome-user-data999276...}, fedcm:accounts: true, goog:chromeOptions: {debuggerAddress: localhost:34111}, networkConnectionEnabled: false, pageLoadStrategy: normal, platformName: linux, proxy: Proxy(), se:cdp: ws://localhost:34111/devtoo..., se:cdpVersion: 140.0.7339.207, setWindowRect: true, strictFileInteractability: false, timeouts: {implicit: 0, pageLoad: 300000, script: 30000}, unhandledPromptBehavior: dismiss and notify, webauthn:extension:credBlob: true, webauthn:extension:largeBlob: true, webauthn:extension:minPinLength: true, webauthn:extension:prf: true, webauthn:virtualAuthenticators: true}
Element: [[ChromeDriver: chrome on linux (f94164bac83ea2d9d5b59a26e2c2d33b)] -> xpath: (//input[@placeholder='First name'])[1]]
Session ID: f94164bac83ea2d9d5b59a26e2c2d33b
	at java.base/jdk.internal.reflect.DirectConstructorHandleAccessor.newInstance(DirectConstructorHandleAccessor.java:67)
	at java.base/java.lang.reflect.Constructor.newInstanceWithCaller(Constructor.java:500)
	at java.base/java.lang.reflect.Constructor.newInstance(Constructor.java:484)
	at org.openqa.selenium.remote.ErrorCodec.decode(ErrorCodec.java:167)
	at org.openqa.selenium.remote.codec.w3c.W3CHttpResponseCodec.decode(W3CHttpResponseCodec.java:138)
	at org.openqa.selenium.remote.codec.w3c.W3CHttpResponseCodec.decode(W3CHttpResponseCodec.java:50)
	at org.openqa.selenium.remote.HttpCommandExecutor.execute(HttpCommandExecutor.java:215)
	at org.openqa.selenium.remote.service.DriverCommandExecutor.invokeExecute(DriverCommandExecutor.java:216)
	at org.openqa.selenium.remote.service.DriverCommandExecutor.execute(DriverCommandExecutor.java:174)
	at org.openqa.selenium.remote.RemoteWebDriver.execute(RemoteWebDriver.java:545)
	at org.openqa.selenium.remote.RemoteWebElement.execute(RemoteWebElement.java:223)
	at org.openqa.selenium.remote.RemoteWebElement.sendKeys(RemoteWebElement.java:110)
	at com.broadridge.utils.BrowserUtils.headerContactUsFiller(BrowserUtils.java:71)
	at com.broadridge.Tests.FormTester(Tests.java:115)
	at java.base/jdk.internal.reflect.DirectMethodHandleAccessor.invoke(DirectMethodHandleAccessor.java:104)
	at java.base/java.lang.reflect.Method.invoke(Method.java:578)
	at org.testng.internal.invokers.MethodInvocationHelper.invokeMethod(MethodInvocationHelper.java:141)
	at org.testng.internal.invokers.TestInvoker.invokeMethod(TestInvoker.java:686)
	at org.testng.internal.invokers.TestInvoker.invokeTestMethod(TestInvoker.java:230)
	at org.testng.internal.invokers.MethodRunner.runInSequence(MethodRunner.java:63)
	at org.testng.internal.invokers.TestInvoker$MethodInvocationAgent.invoke(TestInvoker.java:992)
	at org.testng.internal.invokers.TestInvoker.invokeTestMethods(TestInvoker.java:203)
	at org.testng.internal.invokers.TestMethodWorker.invokeTestMethods(TestMethodWorker.java:154)
	at org.testng.internal.invokers.TestMethodWorker.run(TestMethodWorker.java:134)
	at java.base/java.util.ArrayList.forEach(ArrayList.java:1511)
	at org.testng.TestRunner.privateRun(TestRunner.java:739)
	at org.testng.TestRunner.run(TestRunner.java:614)
	at org.testng.SuiteRunner.runTest(SuiteRunner.java:421)
	at org.testng.SuiteRunner.runSequentially(SuiteRunner.java:413)
	at org.testng.SuiteRunner.privateRun(SuiteRunner.java:373)
	at org.testng.SuiteRunner.run(SuiteRunner.java:312)
	at org.testng.SuiteRunnerWorker.runSuite(SuiteRunnerWorker.java:52)
	at org.testng.SuiteRunnerWorker.run(SuiteRunnerWorker.java:95)
	at org.testng.TestNG.runSuitesSequentially(TestNG.java:1274)
	at org.testng.TestNG.runSuitesLocally(TestNG.java:1208)
	at org.testng.TestNG.runSuites(TestNG.java:1112)
	at org.testng.TestNG.run(TestNG.java:1079)
	at org.apache.maven.surefire.testng.TestNGExecutor.run(TestNGExecutor.java:155)
	at org.apache.maven.surefire.testng.TestNGDirectoryTestSuite.executeMulti(TestNGDirectoryTestSuite.java:169)
	at org.apache.maven.surefire.testng.TestNGDirectoryTestSuite.execute(TestNGDirectoryTestSuite.java:88)
	at org.apache.maven.surefire.testng.TestNGProvider.invoke(TestNGProvider.java:137)
	at org.apache.maven.surefire.booter.ForkedBooter.runSuitesInProcess(ForkedBooter.java:385)
	at org.apache.maven.surefire.booter.ForkedBooter.execute(ForkedBooter.java:162)
	at org.apache.maven.surefire.booter.ForkedBooter.run(ForkedBooter.java:507)
	at org.apache.maven.surefire.booter.ForkedBooter.main(ForkedBooter.java:495)
]]></failure>
    <system-out><![CDATA[page URL = https://broadridgedigital:broadridge1@www-dev.broadridge.com/campaign/all-in-the-family-active-etf
current URL = https://broadridgedigital:broadridge1@www-dev.broadridge.com/campaign/all-in-the-family-active-etf
header ContactUs button found = true
v1 ContactUs form not found
v2 ContactUs form not found
v2 download form found = true
]]></system-out>
  </testcase>
  <testcase name="FormTester[https://broadridgedigital:broadridge1@www-dev.broadridge.com/who-we-serve/asset-management, https://www-dev.broadridge.com/who-we-serve/asset-management](6)" classname="com.broadridge.Tests" time="37.247">
    <failure message="element not interactable&#10;  (Session info: chrome=140.0.7339.207)&#10;Build info: version: &apos;4.32.0&apos;, revision: &apos;d17c8aa950&apos;&#10;System info: os.name: &apos;Linux&apos;, os.arch: &apos;amd64&apos;, os.version: &apos;6.11.0-1018-azure&apos;, java.version: &apos;20.0.2&apos;&#10;Driver info: org.openqa.selenium.chrome.ChromeDriver&#10;Command: [f94164bac83ea2d9d5b59a26e2c2d33b, sendKeysToElement {id=f.F2821306A86DA5683D24EDA3B2A516D5.d.96EE88246352C6CE3BCC05951F112ACA.e.375, value=[Ljava.lang.CharSequence;@2fdf17dc}]&#10;Capabilities {acceptInsecureCerts: false, browserName: chrome, browserVersion: 140.0.7339.207, chrome: {chromedriverVersion: 140.0.7339.207 (17230b545fd..., userDataDir: /tmp/chrome-user-data999276...}, fedcm:accounts: true, goog:chromeOptions: {debuggerAddress: localhost:34111}, networkConnectionEnabled: false, pageLoadStrategy: normal, platformName: linux, proxy: Proxy(), se:cdp: ws://localhost:34111/devtoo..., se:cdpVersion: 140.0.7339.207, setWindowRect: true, strictFileInteractability: false, timeouts: {implicit: 0, pageLoad: 300000, script: 30000}, unhandledPromptBehavior: dismiss and notify, webauthn:extension:credBlob: true, webauthn:extension:largeBlob: true, webauthn:extension:minPinLength: true, webauthn:extension:prf: true, webauthn:virtualAuthenticators: true}&#10;Element: [[ChromeDriver: chrome on linux (f94164bac83ea2d9d5b59a26e2c2d33b)] -&gt; xpath: (//input[@placeholder=&apos;First name&apos;])[1]]&#10;Session ID: f94164bac83ea2d9d5b59a26e2c2d33b" type="org.openqa.selenium.ElementNotInteractableException"><![CDATA[org.openqa.selenium.ElementNotInteractableException: 
element not interactable
  (Session info: chrome=140.0.7339.207)
Build info: version: '4.32.0', revision: 'd17c8aa950'
System info: os.name: 'Linux', os.arch: 'amd64', os.version: '6.11.0-1018-azure', java.version: '20.0.2'
Driver info: org.openqa.selenium.chrome.ChromeDriver
Command: [f94164bac83ea2d9d5b59a26e2c2d33b, sendKeysToElement {id=f.F2821306A86DA5683D24EDA3B2A516D5.d.96EE88246352C6CE3BCC05951F112ACA.e.375, value=[Ljava.lang.CharSequence;@2fdf17dc}]
Capabilities {acceptInsecureCerts: false, browserName: chrome, browserVersion: 140.0.7339.207, chrome: {chromedriverVersion: 140.0.7339.207 (17230b545fd..., userDataDir: /tmp/chrome-user-data999276...}, fedcm:accounts: true, goog:chromeOptions: {debuggerAddress: localhost:34111}, networkConnectionEnabled: false, pageLoadStrategy: normal, platformName: linux, proxy: Proxy(), se:cdp: ws://localhost:34111/devtoo..., se:cdpVersion: 140.0.7339.207, setWindowRect: true, strictFileInteractability: false, timeouts: {implicit: 0, pageLoad: 300000, script: 30000}, unhandledPromptBehavior: dismiss and notify, webauthn:extension:credBlob: true, webauthn:extension:largeBlob: true, webauthn:extension:minPinLength: true, webauthn:extension:prf: true, webauthn:virtualAuthenticators: true}
Element: [[ChromeDriver: chrome on linux (f94164bac83ea2d9d5b59a26e2c2d33b)] -> xpath: (//input[@placeholder='First name'])[1]]
Session ID: f94164bac83ea2d9d5b59a26e2c2d33b
	at java.base/jdk.internal.reflect.DirectConstructorHandleAccessor.newInstance(DirectConstructorHandleAccessor.java:67)
	at java.base/java.lang.reflect.Constructor.newInstanceWithCaller(Constructor.java:500)
	at java.base/java.lang.reflect.Constructor.newInstance(Constructor.java:484)
	at org.openqa.selenium.remote.ErrorCodec.decode(ErrorCodec.java:167)
	at org.openqa.selenium.remote.codec.w3c.W3CHttpResponseCodec.decode(W3CHttpResponseCodec.java:138)
	at org.openqa.selenium.remote.codec.w3c.W3CHttpResponseCodec.decode(W3CHttpResponseCodec.java:50)
	at org.openqa.selenium.remote.HttpCommandExecutor.execute(HttpCommandExecutor.java:215)
	at org.openqa.selenium.remote.service.DriverCommandExecutor.invokeExecute(DriverCommandExecutor.java:216)
	at org.openqa.selenium.remote.service.DriverCommandExecutor.execute(DriverCommandExecutor.java:174)
	at org.openqa.selenium.remote.RemoteWebDriver.execute(RemoteWebDriver.java:545)
	at org.openqa.selenium.remote.RemoteWebElement.execute(RemoteWebElement.java:223)
	at org.openqa.selenium.remote.RemoteWebElement.sendKeys(RemoteWebElement.java:110)
	at com.broadridge.utils.BrowserUtils.headerContactUsFiller(BrowserUtils.java:71)
	at com.broadridge.Tests.FormTester(Tests.java:109)
	at java.base/jdk.internal.reflect.DirectMethodHandleAccessor.invoke(DirectMethodHandleAccessor.java:104)
	at java.base/java.lang.reflect.Method.invoke(Method.java:578)
	at org.testng.internal.invokers.MethodInvocationHelper.invokeMethod(MethodInvocationHelper.java:141)
	at org.testng.internal.invokers.TestInvoker.invokeMethod(TestInvoker.java:686)
	at org.testng.internal.invokers.TestInvoker.invokeTestMethod(TestInvoker.java:230)
	at org.testng.internal.invokers.MethodRunner.runInSequence(MethodRunner.java:63)
	at org.testng.internal.invokers.TestInvoker$MethodInvocationAgent.invoke(TestInvoker.java:992)
	at org.testng.internal.invokers.TestInvoker.invokeTestMethods(TestInvoker.java:203)
	at org.testng.internal.invokers.TestMethodWorker.invokeTestMethods(TestMethodWorker.java:154)
	at org.testng.internal.invokers.TestMethodWorker.run(TestMethodWorker.java:134)
	at java.base/java.util.ArrayList.forEach(ArrayList.java:1511)
	at org.testng.TestRunner.privateRun(TestRunner.java:739)
	at org.testng.TestRunner.run(TestRunner.java:614)
	at org.testng.SuiteRunner.runTest(SuiteRunner.java:421)
	at org.testng.SuiteRunner.runSequentially(SuiteRunner.java:413)
	at org.testng.SuiteRunner.privateRun(SuiteRunner.java:373)
	at org.testng.SuiteRunner.run(SuiteRunner.java:312)
	at org.testng.SuiteRunnerWorker.runSuite(SuiteRunnerWorker.java:52)
	at org.testng.SuiteRunnerWorker.run(SuiteRunnerWorker.java:95)
	at org.testng.TestNG.runSuitesSequentially(TestNG.java:1274)
	at org.testng.TestNG.runSuitesLocally(TestNG.java:1208)
	at org.testng.TestNG.runSuites(TestNG.java:1112)
	at org.testng.TestNG.run(TestNG.java:1079)
	at org.apache.maven.surefire.testng.TestNGExecutor.run(TestNGExecutor.java:155)
	at org.apache.maven.surefire.testng.TestNGDirectoryTestSuite.executeMulti(TestNGDirectoryTestSuite.java:169)
	at org.apache.maven.surefire.testng.TestNGDirectoryTestSuite.execute(TestNGDirectoryTestSuite.java:88)
	at org.apache.maven.surefire.testng.TestNGProvider.invoke(TestNGProvider.java:137)
	at org.apache.maven.surefire.booter.ForkedBooter.runSuitesInProcess(ForkedBooter.java:385)
	at org.apache.maven.surefire.booter.ForkedBooter.execute(ForkedBooter.java:162)
	at org.apache.maven.surefire.booter.ForkedBooter.run(ForkedBooter.java:507)
	at org.apache.maven.surefire.booter.ForkedBooter.main(ForkedBooter.java:495)
]]></failure>
    <system-out><![CDATA[page URL = https://broadridgedigital:broadridge1@www-dev.broadridge.com/who-we-serve/asset-management
current URL = https://broadridgedigital:broadridge1@www-dev.broadridge.com/who-we-serve/asset-management
header ContactUs button found = true
v1 ContactUs form not found
v2 ContactUs form found = true
v2 download form not found
]]></system-out>
  </testcase>
  <testcase name="FormTester[https://broadridgedigital:broadridge1@www-dev.broadridge.com/who-we-serve/wealth-management, https://www-dev.broadridge.com/who-we-serve/wealth-management](7)" classname="com.broadridge.Tests" time="37.432">
    <failure message="element not interactable&#10;  (Session info: chrome=140.0.7339.207)&#10;Build info: version: &apos;4.32.0&apos;, revision: &apos;d17c8aa950&apos;&#10;System info: os.name: &apos;Linux&apos;, os.arch: &apos;amd64&apos;, os.version: &apos;6.11.0-1018-azure&apos;, java.version: &apos;20.0.2&apos;&#10;Driver info: org.openqa.selenium.chrome.ChromeDriver&#10;Command: [f94164bac83ea2d9d5b59a26e2c2d33b, sendKeysToElement {id=f.F2821306A86DA5683D24EDA3B2A516D5.d.3740F556FD43519211E9C50B69447EEE.e.422, value=[Ljava.lang.CharSequence;@7c72ecc}]&#10;Capabilities {acceptInsecureCerts: false, browserName: chrome, browserVersion: 140.0.7339.207, chrome: {chromedriverVersion: 140.0.7339.207 (17230b545fd..., userDataDir: /tmp/chrome-user-data999276...}, fedcm:accounts: true, goog:chromeOptions: {debuggerAddress: localhost:34111}, networkConnectionEnabled: false, pageLoadStrategy: normal, platformName: linux, proxy: Proxy(), se:cdp: ws://localhost:34111/devtoo..., se:cdpVersion: 140.0.7339.207, setWindowRect: true, strictFileInteractability: false, timeouts: {implicit: 0, pageLoad: 300000, script: 30000}, unhandledPromptBehavior: dismiss and notify, webauthn:extension:credBlob: true, webauthn:extension:largeBlob: true, webauthn:extension:minPinLength: true, webauthn:extension:prf: true, webauthn:virtualAuthenticators: true}&#10;Element: [[ChromeDriver: chrome on linux (f94164bac83ea2d9d5b59a26e2c2d33b)] -&gt; xpath: (//input[@placeholder=&apos;First name&apos;])[1]]&#10;Session ID: f94164bac83ea2d9d5b59a26e2c2d33b" type="org.openqa.selenium.ElementNotInteractableException"><![CDATA[org.openqa.selenium.ElementNotInteractableException: 
element not interactable
  (Session info: chrome=140.0.7339.207)
Build info: version: '4.32.0', revision: 'd17c8aa950'
System info: os.name: 'Linux', os.arch: 'amd64', os.version: '6.11.0-1018-azure', java.version: '20.0.2'
Driver info: org.openqa.selenium.chrome.ChromeDriver
Command: [f94164bac83ea2d9d5b59a26e2c2d33b, sendKeysToElement {id=f.F2821306A86DA5683D24EDA3B2A516D5.d.3740F556FD43519211E9C50B69447EEE.e.422, value=[Ljava.lang.CharSequence;@7c72ecc}]
Capabilities {acceptInsecureCerts: false, browserName: chrome, browserVersion: 140.0.7339.207, chrome: {chromedriverVersion: 140.0.7339.207 (17230b545fd..., userDataDir: /tmp/chrome-user-data999276...}, fedcm:accounts: true, goog:chromeOptions: {debuggerAddress: localhost:34111}, networkConnectionEnabled: false, pageLoadStrategy: normal, platformName: linux, proxy: Proxy(), se:cdp: ws://localhost:34111/devtoo..., se:cdpVersion: 140.0.7339.207, setWindowRect: true, strictFileInteractability: false, timeouts: {implicit: 0, pageLoad: 300000, script: 30000}, unhandledPromptBehavior: dismiss and notify, webauthn:extension:credBlob: true, webauthn:extension:largeBlob: true, webauthn:extension:minPinLength: true, webauthn:extension:prf: true, webauthn:virtualAuthenticators: true}
Element: [[ChromeDriver: chrome on linux (f94164bac83ea2d9d5b59a26e2c2d33b)] -> xpath: (//input[@placeholder='First name'])[1]]
Session ID: f94164bac83ea2d9d5b59a26e2c2d33b
	at java.base/jdk.internal.reflect.DirectConstructorHandleAccessor.newInstance(DirectConstructorHandleAccessor.java:67)
	at java.base/java.lang.reflect.Constructor.newInstanceWithCaller(Constructor.java:500)
	at java.base/java.lang.reflect.Constructor.newInstance(Constructor.java:484)
	at org.openqa.selenium.remote.ErrorCodec.decode(ErrorCodec.java:167)
	at org.openqa.selenium.remote.codec.w3c.W3CHttpResponseCodec.decode(W3CHttpResponseCodec.java:138)
	at org.openqa.selenium.remote.codec.w3c.W3CHttpResponseCodec.decode(W3CHttpResponseCodec.java:50)
	at org.openqa.selenium.remote.HttpCommandExecutor.execute(HttpCommandExecutor.java:215)
	at org.openqa.selenium.remote.service.DriverCommandExecutor.invokeExecute(DriverCommandExecutor.java:216)
	at org.openqa.selenium.remote.service.DriverCommandExecutor.execute(DriverCommandExecutor.java:174)
	at org.openqa.selenium.remote.RemoteWebDriver.execute(RemoteWebDriver.java:545)
	at org.openqa.selenium.remote.RemoteWebElement.execute(RemoteWebElement.java:223)
	at org.openqa.selenium.remote.RemoteWebElement.sendKeys(RemoteWebElement.java:110)
	at com.broadridge.utils.BrowserUtils.headerContactUsFiller(BrowserUtils.java:71)
	at com.broadridge.Tests.FormTester(Tests.java:109)
	at java.base/jdk.internal.reflect.DirectMethodHandleAccessor.invoke(DirectMethodHandleAccessor.java:104)
	at java.base/java.lang.reflect.Method.invoke(Method.java:578)
	at org.testng.internal.invokers.MethodInvocationHelper.invokeMethod(MethodInvocationHelper.java:141)
	at org.testng.internal.invokers.TestInvoker.invokeMethod(TestInvoker.java:686)
	at org.testng.internal.invokers.TestInvoker.invokeTestMethod(TestInvoker.java:230)
	at org.testng.internal.invokers.MethodRunner.runInSequence(MethodRunner.java:63)
	at org.testng.internal.invokers.TestInvoker$MethodInvocationAgent.invoke(TestInvoker.java:992)
	at org.testng.internal.invokers.TestInvoker.invokeTestMethods(TestInvoker.java:203)
	at org.testng.internal.invokers.TestMethodWorker.invokeTestMethods(TestMethodWorker.java:154)
	at org.testng.internal.invokers.TestMethodWorker.run(TestMethodWorker.java:134)
	at java.base/java.util.ArrayList.forEach(ArrayList.java:1511)
	at org.testng.TestRunner.privateRun(TestRunner.java:739)
	at org.testng.TestRunner.run(TestRunner.java:614)
	at org.testng.SuiteRunner.runTest(SuiteRunner.java:421)
	at org.testng.SuiteRunner.runSequentially(SuiteRunner.java:413)
	at org.testng.SuiteRunner.privateRun(SuiteRunner.java:373)
	at org.testng.SuiteRunner.run(SuiteRunner.java:312)
	at org.testng.SuiteRunnerWorker.runSuite(SuiteRunnerWorker.java:52)
	at org.testng.SuiteRunnerWorker.run(SuiteRunnerWorker.java:95)
	at org.testng.TestNG.runSuitesSequentially(TestNG.java:1274)
	at org.testng.TestNG.runSuitesLocally(TestNG.java:1208)
	at org.testng.TestNG.runSuites(TestNG.java:1112)
	at org.testng.TestNG.run(TestNG.java:1079)
	at org.apache.maven.surefire.testng.TestNGExecutor.run(TestNGExecutor.java:155)
	at org.apache.maven.surefire.testng.TestNGDirectoryTestSuite.executeMulti(TestNGDirectoryTestSuite.java:169)
	at org.apache.maven.surefire.testng.TestNGDirectoryTestSuite.execute(TestNGDirectoryTestSuite.java:88)
	at org.apache.maven.surefire.testng.TestNGProvider.invoke(TestNGProvider.java:137)
	at org.apache.maven.surefire.booter.ForkedBooter.runSuitesInProcess(ForkedBooter.java:385)
	at org.apache.maven.surefire.booter.ForkedBooter.execute(ForkedBooter.java:162)
	at org.apache.maven.surefire.booter.ForkedBooter.run(ForkedBooter.java:507)
	at org.apache.maven.surefire.booter.ForkedBooter.main(ForkedBooter.java:495)
]]></failure>
    <system-out><![CDATA[page URL = https://broadridgedigital:broadridge1@www-dev.broadridge.com/who-we-serve/wealth-management
current URL = https://broadridgedigital:broadridge1@www-dev.broadridge.com/who-we-serve/wealth-management
header ContactUs button found = true
v1 ContactUs form not found
v2 ContactUs form found = true
v2 download form not found
]]></system-out>
  </testcase>
  <testcase name="FormTester[https://broadridgedigital:broadridge1@www-dev.broadridge.com/who-we-serve/consumer-industries, https://www-dev.broadridge.com/who-we-serve/consumer-industries](8)" classname="com.broadridge.Tests" time="36.995">
    <failure message="element not interactable&#10;  (Session info: chrome=140.0.7339.207)&#10;Build info: version: &apos;4.32.0&apos;, revision: &apos;d17c8aa950&apos;&#10;System info: os.name: &apos;Linux&apos;, os.arch: &apos;amd64&apos;, os.version: &apos;6.11.0-1018-azure&apos;, java.version: &apos;20.0.2&apos;&#10;Driver info: org.openqa.selenium.chrome.ChromeDriver&#10;Command: [f94164bac83ea2d9d5b59a26e2c2d33b, sendKeysToElement {id=f.F2821306A86DA5683D24EDA3B2A516D5.d.B24FBA0780DCFAC0B0164653F7E23F28.e.472, value=[Ljava.lang.CharSequence;@77ab22be}]&#10;Capabilities {acceptInsecureCerts: false, browserName: chrome, browserVersion: 140.0.7339.207, chrome: {chromedriverVersion: 140.0.7339.207 (17230b545fd..., userDataDir: /tmp/chrome-user-data999276...}, fedcm:accounts: true, goog:chromeOptions: {debuggerAddress: localhost:34111}, networkConnectionEnabled: false, pageLoadStrategy: normal, platformName: linux, proxy: Proxy(), se:cdp: ws://localhost:34111/devtoo..., se:cdpVersion: 140.0.7339.207, setWindowRect: true, strictFileInteractability: false, timeouts: {implicit: 0, pageLoad: 300000, script: 30000}, unhandledPromptBehavior: dismiss and notify, webauthn:extension:credBlob: true, webauthn:extension:largeBlob: true, webauthn:extension:minPinLength: true, webauthn:extension:prf: true, webauthn:virtualAuthenticators: true}&#10;Element: [[ChromeDriver: chrome on linux (f94164bac83ea2d9d5b59a26e2c2d33b)] -&gt; xpath: (//input[@placeholder=&apos;First name&apos;])[1]]&#10;Session ID: f94164bac83ea2d9d5b59a26e2c2d33b" type="org.openqa.selenium.ElementNotInteractableException"><![CDATA[org.openqa.selenium.ElementNotInteractableException: 
element not interactable
  (Session info: chrome=140.0.7339.207)
Build info: version: '4.32.0', revision: 'd17c8aa950'
System info: os.name: 'Linux', os.arch: 'amd64', os.version: '6.11.0-1018-azure', java.version: '20.0.2'
Driver info: org.openqa.selenium.chrome.ChromeDriver
Command: [f94164bac83ea2d9d5b59a26e2c2d33b, sendKeysToElement {id=f.F2821306A86DA5683D24EDA3B2A516D5.d.B24FBA0780DCFAC0B0164653F7E23F28.e.472, value=[Ljava.lang.CharSequence;@77ab22be}]
Capabilities {acceptInsecureCerts: false, browserName: chrome, browserVersion: 140.0.7339.207, chrome: {chromedriverVersion: 140.0.7339.207 (17230b545fd..., userDataDir: /tmp/chrome-user-data999276...}, fedcm:accounts: true, goog:chromeOptions: {debuggerAddress: localhost:34111}, networkConnectionEnabled: false, pageLoadStrategy: normal, platformName: linux, proxy: Proxy(), se:cdp: ws://localhost:34111/devtoo..., se:cdpVersion: 140.0.7339.207, setWindowRect: true, strictFileInteractability: false, timeouts: {implicit: 0, pageLoad: 300000, script: 30000}, unhandledPromptBehavior: dismiss and notify, webauthn:extension:credBlob: true, webauthn:extension:largeBlob: true, webauthn:extension:minPinLength: true, webauthn:extension:prf: true, webauthn:virtualAuthenticators: true}
Element: [[ChromeDriver: chrome on linux (f94164bac83ea2d9d5b59a26e2c2d33b)] -> xpath: (//input[@placeholder='First name'])[1]]
Session ID: f94164bac83ea2d9d5b59a26e2c2d33b
	at java.base/jdk.internal.reflect.DirectConstructorHandleAccessor.newInstance(DirectConstructorHandleAccessor.java:67)
	at java.base/java.lang.reflect.Constructor.newInstanceWithCaller(Constructor.java:500)
	at java.base/java.lang.reflect.Constructor.newInstance(Constructor.java:484)
	at org.openqa.selenium.remote.ErrorCodec.decode(ErrorCodec.java:167)
	at org.openqa.selenium.remote.codec.w3c.W3CHttpResponseCodec.decode(W3CHttpResponseCodec.java:138)
	at org.openqa.selenium.remote.codec.w3c.W3CHttpResponseCodec.decode(W3CHttpResponseCodec.java:50)
	at org.openqa.selenium.remote.HttpCommandExecutor.execute(HttpCommandExecutor.java:215)
	at org.openqa.selenium.remote.service.DriverCommandExecutor.invokeExecute(DriverCommandExecutor.java:216)
	at org.openqa.selenium.remote.service.DriverCommandExecutor.execute(DriverCommandExecutor.java:174)
	at org.openqa.selenium.remote.RemoteWebDriver.execute(RemoteWebDriver.java:545)
	at org.openqa.selenium.remote.RemoteWebElement.execute(RemoteWebElement.java:223)
	at org.openqa.selenium.remote.RemoteWebElement.sendKeys(RemoteWebElement.java:110)
	at com.broadridge.utils.BrowserUtils.headerContactUsFiller(BrowserUtils.java:71)
	at com.broadridge.Tests.FormTester(Tests.java:109)
	at java.base/jdk.internal.reflect.DirectMethodHandleAccessor.invoke(DirectMethodHandleAccessor.java:104)
	at java.base/java.lang.reflect.Method.invoke(Method.java:578)
	at org.testng.internal.invokers.MethodInvocationHelper.invokeMethod(MethodInvocationHelper.java:141)
	at org.testng.internal.invokers.TestInvoker.invokeMethod(TestInvoker.java:686)
	at org.testng.internal.invokers.TestInvoker.invokeTestMethod(TestInvoker.java:230)
	at org.testng.internal.invokers.MethodRunner.runInSequence(MethodRunner.java:63)
	at org.testng.internal.invokers.TestInvoker$MethodInvocationAgent.invoke(TestInvoker.java:992)
	at org.testng.internal.invokers.TestInvoker.invokeTestMethods(TestInvoker.java:203)
	at org.testng.internal.invokers.TestMethodWorker.invokeTestMethods(TestMethodWorker.java:154)
	at org.testng.internal.invokers.TestMethodWorker.run(TestMethodWorker.java:134)
	at java.base/java.util.ArrayList.forEach(ArrayList.java:1511)
	at org.testng.TestRunner.privateRun(TestRunner.java:739)
	at org.testng.TestRunner.run(TestRunner.java:614)
	at org.testng.SuiteRunner.runTest(SuiteRunner.java:421)
	at org.testng.SuiteRunner.runSequentially(SuiteRunner.java:413)
	at org.testng.SuiteRunner.privateRun(SuiteRunner.java:373)
	at org.testng.SuiteRunner.run(SuiteRunner.java:312)
	at org.testng.SuiteRunnerWorker.runSuite(SuiteRunnerWorker.java:52)
	at org.testng.SuiteRunnerWorker.run(SuiteRunnerWorker.java:95)
	at org.testng.TestNG.runSuitesSequentially(TestNG.java:1274)
	at org.testng.TestNG.runSuitesLocally(TestNG.java:1208)
	at org.testng.TestNG.runSuites(TestNG.java:1112)
	at org.testng.TestNG.run(TestNG.java:1079)
	at org.apache.maven.surefire.testng.TestNGExecutor.run(TestNGExecutor.java:155)
	at org.apache.maven.surefire.testng.TestNGDirectoryTestSuite.executeMulti(TestNGDirectoryTestSuite.java:169)
	at org.apache.maven.surefire.testng.TestNGDirectoryTestSuite.execute(TestNGDirectoryTestSuite.java:88)
	at org.apache.maven.surefire.testng.TestNGProvider.invoke(TestNGProvider.java:137)
	at org.apache.maven.surefire.booter.ForkedBooter.runSuitesInProcess(ForkedBooter.java:385)
	at org.apache.maven.surefire.booter.ForkedBooter.execute(ForkedBooter.java:162)
	at org.apache.maven.surefire.booter.ForkedBooter.run(ForkedBooter.java:507)
	at org.apache.maven.surefire.booter.ForkedBooter.main(ForkedBooter.java:495)
]]></failure>
    <system-out><![CDATA[page URL = https://broadridgedigital:broadridge1@www-dev.broadridge.com/who-we-serve/consumer-industries
current URL = https://broadridgedigital:broadridge1@www-dev.broadridge.com/who-we-serve/consumer-industries
header ContactUs button found = true
v1 ContactUs form not found
v2 ContactUs form found = true
v2 download form not found
]]></system-out>
  </testcase>
  <testcase name="FormTester[https://broadridgedigital:broadridge1@www.broadridge.com/insight-pages/broadridge-insights, https://www.broadridge.com/insight-pages/broadridge-insights](9)" classname="com.broadridge.Tests" time="49.285">
    <system-out><![CDATA[page URL = https://broadridgedigital:broadridge1@www.broadridge.com/insight-pages/broadridge-insights
current URL = https://broadridgedigital:broadridge1@www.broadridge.com/insight-pages/broadridge-insights
header ContactUs button found = true
v1 ContactUs form not found
v2 ContactUs form found = true
v2 download form not found
emailTimeStamp = automated_TESTTEST_2025-10-06_05_47_00@broadridge.com
................Header Contact Us Form Filled...................
form message = Something went wrong with our form submission. Please try again.
formpayload for validation = {"formSubmissionId":"","elqFormName":"","elqSiteID":"","datalayerheader":"","contact":"","formgtm":"","elqCustomerGUID":"","elqCookieWrite":"","segment":"asset-management","name_first":"First_TESTTEST","name_last":"Last_TESTTEST","email_work":"automated_TESTTEST_2025-10-06_05_43_18@broadridge.com","phone_business":"999-999-9999","job_title":"Job_TESTTEST","Company":"Company_TESTTEST","country":"United States","comment":"This is an automated test submission. Please ignore.","id":"","so":"","di":"","ct":"","ep":"","ot":"","mt":"","yr":"","rg":"","on":"","sub-source":"","campaignMostRecentID":"","content-id":"","orig-channel":"","campaign-name":"","campaignMostRecentName":"","campaignMostRecentSource":"","campaignMostRecentMedium":"","campaignMostRecentContent":"","campaignMostRecentTerm":"","campaignMostRecentContentID":"","campaignMostRecentSubSource":"","Persistent_utm_medium":"","Persistent_utm_source":"","Persistent_utm_term":"","Persistent_utm_campaign":"","Persistent_Sub_Source":"","Persistent_Content_ID":"","Persistent_Campaign_ID":"","Persistent_utm_content":"","Session_utm_medium":"","Session_utm_source":"","Session_utm_term":"","Session_utm_campaign":"","Session_Sub_Source":"","Session_Content_ID":"","Session_Campaign_ID":"701RN00000RbnVLYAZ","Session_utm_content":"","inquiry":"","fullURL":"","page_id":"","page_campaign_id":"","ecid":"","elqCampaignId":"","Formmodel":"flyout","Pagetype":"","g-recaptcha-response":"0cAFcWeA6dzyR5pyd79Wc84KSzfCHxOZe8sXUvWZlY8XkWU_08V0TcZXP2tQmA4sqdcYjFvMPKEI0SFXVmvik0PgvEgv-P1OMuCz4-EjEAfDwvO3tFD5WvwdUBkxBkUwWRNOUmvH0z0TgeAfXFpfYb37NEy2kaXo-OlnVWV0AVlUMm8z9dTr7acft4G5mC-s73Qg5d7aUwvm5-wpi_-uN53-kRvdd3EUr3eYdZFc933FlNansHJiCpGBuRQ4f0wkeslWewyd70YnCevG5GgKxBItFKYIFutI9Fx6VMFjiCqsTrxfzCH_CpLB5p_WdsdB-87r0yShw9m6R1LQLMw85e31pUv0ZFsHdcNHk4dteCci60rRiTji6LftqopkMYqad3e3zaIwCum52dTwu32D_qlA79P-Kgvrmq6guU5NlVdZzNIrJneZFS5aX_ixx_D0uXg93OaJw32HACTAK2DWsvtFZ0--D4KyVXYbbvklsjxEYZDEExusbCoG91UGey2sI0duZ1SNngGrsFhdinDXK4xmVpYL30XJu46XnWZEBMHKFvCowmsXZM9O1qjiCPiStT3iIsdluM8R49mAo62SITaHcqfimB4Z-ZbO-_mzdQOs8IzvFQzkiBr7NOYjpKOxEr3OY2zRwturM66ffqnj1kHRQ2ZcbETcXJ_Zgmv6o3b4jqY6wwAmF_udB_jy71NfyuC4mV_3rC1Z7T4nmXe8eXYkMixwZH6z2YQMjUq5n9d5AMgEDjfGFdfVPCnnY4XhDfd8DLGqq2wMquzXaerHqACo-MiG6hGLGr7zpcm_EUxsP5EOA-XtOroPsK99yMYsVtC5rcNLpUSr7-JxvDoYV18DyWD1ZaS3g2b4DyfRRiDNTtTlsJkjOsHBI56vNeEJIK2o8rCKn2YQYFbI4-V0GP8pnhe1YVvUt7AJInS6sUijl8xCISAcWZ6M-kGy76SjfUf4mDdirh-KT3GkKErmsj2lSZZXoC6j3g9Dm7caDvDlrhSsENYq-GQKAxQwpj_90AhO54N0sBHtjrvbtSeENGzpO2t01ckpiZMSzYWC_QuPKIqkGEXWbYJh307KAiojmoxg3ADP3QKbjIJs0A_TR_b8bRSiEzmQkkcrMjPZCeKuF0CVqY2ZGkxRgFEEi3Jz-obGecdp4N7_toB-JeKTJuVvs-JcyLYpnQLeQom6g_RHyWJdsyRlP4id-HwXBdhqim6x8A-QJhw1DvSfW-D5tDT3_DOjkwi_Y29UCDkhkKACAdlFfXrxZfhBZw9NjEsODHUYfOCDtHZeMOswwuRzjeE_EiQNGsjf1dxSHV9nyllckqED2TrzGAZi1PAKksSe2ZpbVrfUR1YUBQxPiWcS-QELdfwJjMHqWxAryb9VJk6YsVWLYIvP70aF0PekZPY_TnY95wItVaVZwIpHlAji9YXmdiZE6sfnv0LTOqI5FbFr3A2eLZOO54M8m5btE1aQuPzV6xD26oFSj3KX8t84I4WjGwTi48OGcq7a8BAW3Oj3rvHUeoa6xY8sk0EBnG93CG4JljePfOTIS-sUvKKdPdfap57K5XVV4B4I-vuXEv2q_e1UaBMJOrW_RZsrmxf2sk2IreHA1fCD8S"}
formSubmissionId = 
fullURL = 
formSubmissionId = 
fullURL = 
emailTimeStamp = automated_TESTTEST_2025-10-06_05_47_13@broadridge.com
................V2 Contact Us Form Filled...................
form message = 
formpayload for validation = {"formSubmissionId":"","elqFormName":"","elqSiteID":"","datalayerheader":"","contact":"","formgtm":"","elqCustomerGUID":"","elqCookieWrite":"","segment":"asset-management","name_first":"First_TESTTEST","name_last":"Last_TESTTEST","email_work":"automated_TESTTEST_2025-10-06_05_43_18@broadridge.com","phone_business":"999-999-9999","job_title":"Job_TESTTEST","Company":"Company_TESTTEST","country":"United States","comment":"This is an automated test submission. Please ignore.","id":"","so":"","di":"","ct":"","ep":"","ot":"","mt":"","yr":"","rg":"","on":"","sub-source":"","campaignMostRecentID":"","content-id":"","orig-channel":"","campaign-name":"","campaignMostRecentName":"","campaignMostRecentSource":"","campaignMostRecentMedium":"","campaignMostRecentContent":"","campaignMostRecentTerm":"","campaignMostRecentContentID":"","campaignMostRecentSubSource":"","Persistent_utm_medium":"","Persistent_utm_source":"","Persistent_utm_term":"","Persistent_utm_campaign":"","Persistent_Sub_Source":"","Persistent_Content_ID":"","Persistent_Campaign_ID":"","Persistent_utm_content":"","Session_utm_medium":"","Session_utm_source":"","Session_utm_term":"","Session_utm_campaign":"","Session_Sub_Source":"","Session_Content_ID":"","Session_Campaign_ID":"701RN00000RbnVLYAZ","Session_utm_content":"","inquiry":"","fullURL":"","page_id":"","page_campaign_id":"","ecid":"","elqCampaignId":"","Formmodel":"flyout","Pagetype":"","g-recaptcha-response":"0cAFcWeA6dzyR5pyd79Wc84KSzfCHxOZe8sXUvWZlY8XkWU_08V0TcZXP2tQmA4sqdcYjFvMPKEI0SFXVmvik0PgvEgv-P1OMuCz4-EjEAfDwvO3tFD5WvwdUBkxBkUwWRNOUmvH0z0TgeAfXFpfYb37NEy2kaXo-OlnVWV0AVlUMm8z9dTr7acft4G5mC-s73Qg5d7aUwvm5-wpi_-uN53-kRvdd3EUr3eYdZFc933FlNansHJiCpGBuRQ4f0wkeslWewyd70YnCevG5GgKxBItFKYIFutI9Fx6VMFjiCqsTrxfzCH_CpLB5p_WdsdB-87r0yShw9m6R1LQLMw85e31pUv0ZFsHdcNHk4dteCci60rRiTji6LftqopkMYqad3e3zaIwCum52dTwu32D_qlA79P-Kgvrmq6guU5NlVdZzNIrJneZFS5aX_ixx_D0uXg93OaJw32HACTAK2DWsvtFZ0--D4KyVXYbbvklsjxEYZDEExusbCoG91UGey2sI0duZ1SNngGrsFhdinDXK4xmVpYL30XJu46XnWZEBMHKFvCowmsXZM9O1qjiCPiStT3iIsdluM8R49mAo62SITaHcqfimB4Z-ZbO-_mzdQOs8IzvFQzkiBr7NOYjpKOxEr3OY2zRwturM66ffqnj1kHRQ2ZcbETcXJ_Zgmv6o3b4jqY6wwAmF_udB_jy71NfyuC4mV_3rC1Z7T4nmXe8eXYkMixwZH6z2YQMjUq5n9d5AMgEDjfGFdfVPCnnY4XhDfd8DLGqq2wMquzXaerHqACo-MiG6hGLGr7zpcm_EUxsP5EOA-XtOroPsK99yMYsVtC5rcNLpUSr7-JxvDoYV18DyWD1ZaS3g2b4DyfRRiDNTtTlsJkjOsHBI56vNeEJIK2o8rCKn2YQYFbI4-V0GP8pnhe1YVvUt7AJInS6sUijl8xCISAcWZ6M-kGy76SjfUf4mDdirh-KT3GkKErmsj2lSZZXoC6j3g9Dm7caDvDlrhSsENYq-GQKAxQwpj_90AhO54N0sBHtjrvbtSeENGzpO2t01ckpiZMSzYWC_QuPKIqkGEXWbYJh307KAiojmoxg3ADP3QKbjIJs0A_TR_b8bRSiEzmQkkcrMjPZCeKuF0CVqY2ZGkxRgFEEi3Jz-obGecdp4N7_toB-JeKTJuVvs-JcyLYpnQLeQom6g_RHyWJdsyRlP4id-HwXBdhqim6x8A-QJhw1DvSfW-D5tDT3_DOjkwi_Y29UCDkhkKACAdlFfXrxZfhBZw9NjEsODHUYfOCDtHZeMOswwuRzjeE_EiQNGsjf1dxSHV9nyllckqED2TrzGAZi1PAKksSe2ZpbVrfUR1YUBQxPiWcS-QELdfwJjMHqWxAryb9VJk6YsVWLYIvP70aF0PekZPY_TnY95wItVaVZwIpHlAji9YXmdiZE6sfnv0LTOqI5FbFr3A2eLZOO54M8m5btE1aQuPzV6xD26oFSj3KX8t84I4WjGwTi48OGcq7a8BAW3Oj3rvHUeoa6xY8sk0EBnG93CG4JljePfOTIS-sUvKKdPdfap57K5XVV4B4I-vuXEv2q_e1UaBMJOrW_RZsrmxf2sk2IreHA1fCD8S"}
formSubmissionId = 
fullURL = 
formSubmissionId = 
fullURL = 
]]></system-out>
  </testcase>
  <testcase name="FormTester[https://broadridgedigital:broadridge1@www-dev.broadridge.com/financial-services/asset-management/retirement-services/fiduciary-software-and-technology/fiduciary-focus-toolkit, https://www-dev.broadridge.com/financial-services/asset-management/retirement-services/fiduciary-software-and-technology/fiduciary-focus-toolkit](10)" classname="com.broadridge.Tests" time="44.614">
    <system-out><![CDATA[page URL = https://broadridgedigital:broadridge1@www-dev.broadridge.com/financial-services/asset-management/retirement-services/fiduciary-software-and-technology/fiduciary-focus-toolkit
current URL = https://broadridgedigital:broadridge1@www-dev.broadridge.com/financial-services/asset-management/retirement-services/fiduciary-software-and-technology/fiduciary-focus-toolkit
Header ContactUs button not found
v1 ContactUs form not found
v2 ContactUs form not found
v2 download form not found
--------!!! NO FORM IS FOUND ON THE PAGE !!!--------
]]></system-out>
  </testcase>
</testsuite>