<?xml version="1.0" encoding="UTF-8"?>
<testsuite xmlns:xsi="http://www.w3.org/2001/XMLSchema-instance" xsi:noNamespaceSchemaLocation="https://maven.apache.org/surefire/maven-surefire-plugin/xsd/surefire-test-report-3.0.xsd" version="3.0" name="TestSuite" time="2.553" tests="1" errors="0" skipped="0" failures="1">
  <properties>
[...]
</properties>
  <testcase name="formTest" classname="com.broadridge.Tests" time="2.183">
    <failure message="You are using a no-op implementation of the CDP. The most likely reason for this is that Selenium was unable to find an implementation of the CDP protocol that matches your browser. Please be sure to include an implementation on the classpath, possibly by adding a new (maven) dependency of `org.seleniumhq.selenium:selenium-devtools-vNN:4.36.0` where `NN` matches the major version of the browser you&apos;re using.&#10;Build info: version: &apos;4.36.0&apos;, revision: &apos;6d115cfd87&apos;&#10;System info: os.name: &apos;Linux&apos;, os.arch: &apos;amd64&apos;, os.version: &apos;6.17.0-1018-azure&apos;, java.version: &apos;20.0.2&apos;&#10;Driver info: DevTools Connection" type="org.openqa.selenium.devtools.DevToolsException"><![CDATA[org.openqa.selenium.devtools.DevToolsException: 
You are using a no-op implementation of the CDP. The most likely reason for this is that Selenium was unable to find an implementation of the CDP protocol that matches your browser. Please be sure to include an implementation on the classpath, possibly by adding a new (maven) dependency of `org.seleniumhq.selenium:selenium-devtools-vNN:4.36.0` where `NN` matches the major version of the browser you're using.
Build info: version: '4.36.0', revision: '6d115cfd87'
System info: os.name: 'Linux', os.arch: 'amd64', os.version: '6.17.0-1018-azure', java.version: '20.0.2'
Driver info: DevTools Connection
	at org.openqa.selenium.devtools.noop.NoOpDomains.target(NoOpDomains.java:60)
	at org.openqa.selenium.devtools.DevTools.findTarget(DevTools.java:199)
	at org.openqa.selenium.devtools.DevTools.createSession(DevTools.java:159)
	at org.openqa.selenium.devtools.DevTools.createSession(DevTools.java:145)
	at com.broadridge.utils.Driver.getDriver(Driver.java:71)
	at com.broadridge.Tests.formTest(Tests.java:140)
	at java.base/jdk.internal.reflect.DirectMethodHandleAccessor.invoke(DirectMethodHandleAccessor.java:104)
	at java.base/java.lang.reflect.Method.invoke(Method.java:578)
	at org.testng.internal.invokers.MethodInvocationHelper.invokeMethod(MethodInvocationHelper.java:141)
	at org.testng.internal.invokers.TestInvoker.invokeMethod(TestInvoker.java:686)
	at org.testng.internal.invokers.TestInvoker.invokeTestMethod(TestInvoker.java:230)
	at org.testng.internal.invokers.MethodRunner.runInSequence(MethodRunner.java:63)
	at org.testng.internal.invokers.TestInvoker$MethodInvocationAgent.invoke(TestInvoker.java:992)
	at org.testng.internal.invokers.TestInvoker.invokeTestMethods(TestInvoker.java:203)
	at org.testng.internal.invokers.TestMethodWorker.invokeTestMethods(TestMethodWorker.java:154)
	at org.testng.internal.invokers.TestMethodWorker.run(TestMethodWorker.java:134)
	at java.base/java.util.ArrayList.forEach(ArrayList.java:1511)
	at org.testng.TestRunner.privateRun(TestRunner.java:739)
	at org.testng.TestRunner.run(TestRunner.java:614)
	at org.testng.SuiteRunner.runTest(SuiteRunner.java:421)
	at org.testng.SuiteRunner.runSequentially(SuiteRunner.java:413)
	at org.testng.SuiteRunner.privateRun(SuiteRunner.java:373)
	at org.testng.SuiteRunner.run(SuiteRunner.java:312)
	at org.testng.SuiteRunnerWorker.runSuite(SuiteRunnerWorker.java:52)
	at org.testng.SuiteRunnerWorker.run(SuiteRunnerWorker.java:95)
	at org.testng.TestNG.runSuitesSequentially(TestNG.java:1274)
	at org.testng.TestNG.runSuitesLocally(TestNG.java:1208)
	at org.testng.TestNG.runSuites(TestNG.java:1112)
	at org.testng.TestNG.run(TestNG.java:1079)
	at org.apache.maven.surefire.testng.TestNGExecutor.run(TestNGExecutor.java:155)
	at org.apache.maven.surefire.testng.TestNGDirectoryTestSuite.executeMulti(TestNGDirectoryTestSuite.java:169)
	at org.apache.maven.surefire.testng.TestNGDirectoryTestSuite.execute(TestNGDirectoryTestSuite.java:88)
	at org.apache.maven.surefire.testng.TestNGProvider.invoke(TestNGProvider.java:137)
	at org.apache.maven.surefire.booter.ForkedBooter.runSuitesInProcess(ForkedBooter.java:385)
	at org.apache.maven.surefire.booter.ForkedBooter.execute(ForkedBooter.java:162)
	at org.apache.maven.surefire.booter.ForkedBooter.run(ForkedBooter.java:507)
	at org.apache.maven.surefire.booter.ForkedBooter.main(ForkedBooter.java:495)
]]></failure>
    <system-out><![CDATA[-------------------------------TEST STARTED--------------------------------
2026-06-29T10:09:10.226848214Z main ERROR Log4j API could not find a logging provider.
lastRow = 19
50682
]]></system-out>
    <system-err><![CDATA[SLF4J(W): No SLF4J providers were found.
SLF4J(W): Defaulting to no-operation (NOP) logger implementation
SLF4J(W): See https://www.slf4j.org/codes.html#noProviders for further details.
Jun 29, 2026 10:09:12 AM org.openqa.selenium.devtools.CdpVersionFinder findNearestMatch
WARNING: Unable to find CDP implementation matching 149
Jun 29, 2026 10:09:12 AM org.openqa.selenium.chromium.ChromiumDriver lambda$new$4
WARNING: Unable to find version of CDP to use for 149.0.7827.155. You may need to include a dependency on a specific version of the CDP using something similar to `org.seleniumhq.selenium:selenium-devtools-v86:4.36.0` where the version ("v86") matches the version of the chromium-based browser you're using and the version number of the artifact is the same as Selenium's.
]]></system-err>
  </testcase>
</testsuite>