<?xml version="1.0" encoding="UTF-8"?>
<testsuite xmlns:xsi="http://www.w3.org/2001/XMLSchema-instance" xsi:noNamespaceSchemaLocation="https://maven.apache.org/surefire/maven-surefire-plugin/xsd/surefire-test-report-3.0.xsd" version="3.0" name="TestSuite" time="848.252" tests="1" errors="0" skipped="0" failures="0">
  <properties>
[...]
</properties>
  <testcase name="formTest" classname="com.broadridge.Tests" time="847.615">
    <system-out><![CDATA[-------------------------------TEST STARTED--------------------------------
2026-01-12T05:53:12.795636573Z main ERROR Log4j API could not find a logging provider.
lastRow = 19
93619
header ContactUs button found = true
emailTimeStamp = automated_TESTTEST_2026-01-12_05_53_30@broadridge.com
📤 Form payload = {"formSubmissionId":"","elqFormName":"","elqSiteID":"","datalayerheader":"","contact":"","formgtm":"","elqCustomerGUID":"","elqCookieWrite":"","segment":"capital-markets","name_first":"First_93619_TESTTEST","name_last":"Last_93619_TESTTEST","email_work":"automated_TESTTEST_2026-01-12_05_53_30@broadridge.com","phone_business":"999-999-9999","job_title":"Job_93619_TESTTEST","Company":"Company_93619_TESTTEST","country":"United States","comment":"This is an automated test submission. Please ignore.","id":"","so":"","di":"","ct":"","ep":"","ot":"","mt":"","yr":"","rg":"","on":"","sub-source":"","campaignMostRecentID":"","content-id":"","orig-channel":"","campaign-name":"","campaignMostRecentName":"","campaignMostRecentSource":"","campaignMostRecentMedium":"","campaignMostRecentContent":"","campaignMostRecentTerm":"","campaignMostRecentContentID":"","campaignMostRecentSubSource":"","Persistent_utm_medium":"","Persistent_utm_source":"","Persistent_utm_term":"","Persistent_utm_campaign":"","Persistent_Sub_Source":"","Persistent_Content_ID":"","Persistent_Campaign_ID":"","Persistent_utm_content":"","Session_utm_medium":"","Session_utm_source":"","Session_utm_term":"","Session_utm_campaign":"","Session_Sub_Source":"","Session_Content_ID":"","Session_Campaign_ID":"701RN00000RbnVLYAZ","Session_utm_content":"","inquiry":"","fullURL":"https://www-dev.broadridge.com/white-paper/the-service-value-chain-how-data-management-powers-performance","page_id":"14926","page_campaign_id":"0","ecid":"","elqCampaignId":"","Formmodel":"flyout","Pagetype":"","g-recaptcha-response":"0cAFcWeA4ezzDxpw8HGw5vlFJa8m_iMFS9Sh_-49taB7_l9uNflEzdUkXqUlIePzPRz-Mz524akO65UP32l82kqCOj69aG5B0_lSEPj046B1CXe7UPxDyFBJa4tOGMNyQl0HuahBVYRP9p8JiDHFVfvuXgkX-LVzVqNgyytugKAClVnCu6ITtrcp6WQiFZTz1iMQkfV-w_LteBcrc85LFte-Slauk_VXlKI1o_snMVYsOjxmgjnuu-EsiH2rNFKwy83DwKng0L1ElPnFOEUM2IFZ_YroGImg4koKIcBQpL9CjOKDCHLpuyXLQPhxOrpAa34enf9ZeT4SdJuoWfBfFiSfvZ4cX-BKdy9jy4JrUN6A1g7umsa8LEiF68BKtC-fPhl1GoIejXFPt_PNd0H6JbBCVHJ-tdMR1_XvtdwcC0gGWiT5FIi4KZw_FJPjCVob-Xnl-8ZjIyhnK1Wtbo39cvL5PVX__RQ98Z90zfyt2o7uPsHunEpHjJMWVQrj8yBVXFOkvHS-pA3TFoWo6y-IVhphrjhZ49dZgQqhfcuIiptHqnxPQskHGDpJLc8ng3wnefaflm4uUfFM9LGRYm3D1poQGPOzV13JJ6sMSdBt61Ovq-RdfOI6JZdyPFJYHaCJSqHYwshkKZmxhXN-sHNdb0SrnGxhPZtUwo8ufzTNGluRqdtVzieOcfpq-sM6XTjJ4nE8hrBBRIslSfOBavDri3CdWyWKxEbH0tfBEXWU5PV_72tDuXrV_m5Fe9YJO1ZAKTxkJGBqfwxTDXbHLLL7lG9OrwYmbmuJjjNbUQ1oc40nMNftMDgvk6Lyp89IC08-ILy7ACz6bF90Z3qYmCJROVlRaKEKn2617MnO3tM114xaJ9cHHKLDnLoNy7pchIDYyfZ3bnIP7j51lJWy8-2ksZHDr9q63RvuCfMZuGpRL9uTX7YRJZ-IpR-WvL7clpaGN00jTOeliUQwkySKqJcTh5dRRz9E48jGl6iAmdTAuVVO1Vre74V_23xdZXB-RrmHzCq_vJmeLpTjBrVToJc_6NQFC9XnOlAkLeeBJ-jv4IQt_SmYP75f4EjZw41yvqsE8rIHqaL0hyywfOH8wcCBw2F2ZrvfgSR5N7YrldnLLATCFtR4IJLfXZPO-aitDdezkLHy9_ky6JjaxWUbVzB3hncHMJQwEn6aRt4PB3FLu5Z-V91AhScMetUlb1crofpWpTyj3m7jza0NQxUE6TjRm-G1aX3leWby6BM-v6VvQAof2K1QrcRvphIETA77mKvgIUVXqa7oGuUlpRN54IO7qAK_ZIPCFEvn_7YSwGa7dXkCJAn6URfLGZA0yjQxtXAvyNDsnh4ToGvnfHRB_fXYac5SUidErf21-ycwur4fhMd2P9Kyy7zv3ZY7UOIMremRnlNbc3n7rJQ3ZxHNQbDVwdHuAcrkfHf0TVThSHODaOwVIbemJFxdTgmRfx7tTJPIf169N_Luc2m8jSwtHe77Zg8DgUZjJ_6iVDLj8oriLq7WwukhkZeO13V3wogUzt-IKzqlQC7mwMZW1sgmlef6716LdtGGimC4_kc_A7STOj5qptHvoYWMr2ma1W4wNtJSPy8yt1KcbxAHsq8rR9f61yZHj68lJCb7Pn01is6vmssfTheZzlsKeLA4KSCUWEYwzk127L1fcfmyVe"}
form message = Something went wrong with our form submission. Please try again.
formpayload for validation = {"formSubmissionId":"","elqFormName":"","elqSiteID":"","datalayerheader":"","contact":"","formgtm":"","elqCustomerGUID":"","elqCookieWrite":"","segment":"capital-markets","name_first":"First_93619_TESTTEST","name_last":"Last_93619_TESTTEST","email_work":"automated_TESTTEST_2026-01-12_05_53_30@broadridge.com","phone_business":"999-999-9999","job_title":"Job_93619_TESTTEST","Company":"Company_93619_TESTTEST","country":"United States","comment":"This is an automated test submission. Please ignore.","id":"","so":"","di":"","ct":"","ep":"","ot":"","mt":"","yr":"","rg":"","on":"","sub-source":"","campaignMostRecentID":"","content-id":"","orig-channel":"","campaign-name":"","campaignMostRecentName":"","campaignMostRecentSource":"","campaignMostRecentMedium":"","campaignMostRecentContent":"","campaignMostRecentTerm":"","campaignMostRecentContentID":"","campaignMostRecentSubSource":"","Persistent_utm_medium":"","Persistent_utm_source":"","Persistent_utm_term":"","Persistent_utm_campaign":"","Persistent_Sub_Source":"","Persistent_Content_ID":"","Persistent_Campaign_ID":"","Persistent_utm_content":"","Session_utm_medium":"","Session_utm_source":"","Session_utm_term":"","Session_utm_campaign":"","Session_Sub_Source":"","Session_Content_ID":"","Session_Campaign_ID":"701RN00000RbnVLYAZ","Session_utm_content":"","inquiry":"","fullURL":"https://www-dev.broadridge.com/white-paper/the-service-value-chain-how-data-management-powers-performance","page_id":"14926","page_campaign_id":"0","ecid":"","elqCampaignId":"","Formmodel":"flyout","Pagetype":"","g-recaptcha-response":"0cAFcWeA4ezzDxpw8HGw5vlFJa8m_iMFS9Sh_-49taB7_l9uNflEzdUkXqUlIePzPRz-Mz524akO65UP32l82kqCOj69aG5B0_lSEPj046B1CXe7UPxDyFBJa4tOGMNyQl0HuahBVYRP9p8JiDHFVfvuXgkX-LVzVqNgyytugKAClVnCu6ITtrcp6WQiFZTz1iMQkfV-w_LteBcrc85LFte-Slauk_VXlKI1o_snMVYsOjxmgjnuu-EsiH2rNFKwy83DwKng0L1ElPnFOEUM2IFZ_YroGImg4koKIcBQpL9CjOKDCHLpuyXLQPhxOrpAa34enf9ZeT4SdJuoWfBfFiSfvZ4cX-BKdy9jy4JrUN6A1g7umsa8LEiF68BKtC-fPhl1GoIejXFPt_PNd0H6JbBCVHJ-tdMR1_XvtdwcC0gGWiT5FIi4KZw_FJPjCVob-Xnl-8ZjIyhnK1Wtbo39cvL5PVX__RQ98Z90zfyt2o7uPsHunEpHjJMWVQrj8yBVXFOkvHS-pA3TFoWo6y-IVhphrjhZ49dZgQqhfcuIiptHqnxPQskHGDpJLc8ng3wnefaflm4uUfFM9LGRYm3D1poQGPOzV13JJ6sMSdBt61Ovq-RdfOI6JZdyPFJYHaCJSqHYwshkKZmxhXN-sHNdb0SrnGxhPZtUwo8ufzTNGluRqdtVzieOcfpq-sM6XTjJ4nE8hrBBRIslSfOBavDri3CdWyWKxEbH0tfBEXWU5PV_72tDuXrV_m5Fe9YJO1ZAKTxkJGBqfwxTDXbHLLL7lG9OrwYmbmuJjjNbUQ1oc40nMNftMDgvk6Lyp89IC08-ILy7ACz6bF90Z3qYmCJROVlRaKEKn2617MnO3tM114xaJ9cHHKLDnLoNy7pchIDYyfZ3bnIP7j51lJWy8-2ksZHDr9q63RvuCfMZuGpRL9uTX7YRJZ-IpR-WvL7clpaGN00jTOeliUQwkySKqJcTh5dRRz9E48jGl6iAmdTAuVVO1Vre74V_23xdZXB-RrmHzCq_vJmeLpTjBrVToJc_6NQFC9XnOlAkLeeBJ-jv4IQt_SmYP75f4EjZw41yvqsE8rIHqaL0hyywfOH8wcCBw2F2ZrvfgSR5N7YrldnLLATCFtR4IJLfXZPO-aitDdezkLHy9_ky6JjaxWUbVzB3hncHMJQwEn6aRt4PB3FLu5Z-V91AhScMetUlb1crofpWpTyj3m7jza0NQxUE6TjRm-G1aX3leWby6BM-v6VvQAof2K1QrcRvphIETA77mKvgIUVXqa7oGuUlpRN54IO7qAK_ZIPCFEvn_7YSwGa7dXkCJAn6URfLGZA0yjQxtXAvyNDsnh4ToGvnfHRB_fXYac5SUidErf21-ycwur4fhMd2P9Kyy7zv3ZY7UOIMremRnlNbc3n7rJQ3ZxHNQbDVwdHuAcrkfHf0TVThSHODaOwVIbemJFxdTgmRfx7tTJPIf169N_Luc2m8jSwtHe77Zg8DgUZjJ_6iVDLj8oriLq7WwukhkZeO13V3wogUzt-IKzqlQC7mwMZW1sgmlef6716LdtGGimC4_kc_A7STOj5qptHvoYWMr2ma1W4wNtJSPy8yt1KcbxAHsq8rR9f61yZHj68lJCb7Pn01is6vmssfTheZzlsKeLA4KSCUWEYwzk127L1fcfmyVe"}
formSubmissionId = 
fullURL = https://www-dev.broadridge.com/white-paper/the-service-value-chain-how-data-management-powers-performance
page comparison URL = https://www-dev.broadridge.com/white-paper/the-service-value-chain-how-data-management-powers-performance
..........!!!...Filling the form failed...!!!........
................Header Contact Us Form Filled...................
V2 ContactUs form NOT found on the bottom
V2 Download form NOT found on the bottom
no cookie button
header ContactUs button found = true
emailTimeStamp = automated_TESTTEST_2026-01-12_05_54_12@broadridge.com
📤 Form payload = {"formSubmissionId":"BR8J313TB-1768197256035","elqFormName":"","elqSiteID":"","datalayerheader":"","contact":"","formgtm":"","elqCustomerGUID":"","elqCookieWrite":"","segment":"","name_first":"First_93619_TESTTEST","name_last":"Last_93619_TESTTEST","email_work":"automated_TESTTEST_2026-01-12_05_54_12@broadridge.com","phone_business":"999-999-9999","job_title":"Job_93619_TESTTEST","Company":"Company_93619_TESTTEST","country":"United States","comment":"This is an automated test submission.  Please ignore.","id":"","so":"","di":"","ct":"","ep":"","ot":"","mt":"","yr":"","rg":"","on":"","sub-source":"","campaignMostRecentID":"","content-id":"","orig-channel":"","campaign-name":"","campaignMostRecentName":"","campaignMostRecentSource":"","campaignMostRecentMedium":"","campaignMostRecentContent":"","campaignMostRecentTerm":"","campaignMostRecentContentID":"","campaignMostRecentSubSource":"","Persistent_utm_medium":"","Persistent_utm_source":"","Persistent_utm_term":"","Persistent_utm_campaign":"","Persistent_Sub_Source":"","Persistent_Content_ID":"","Persistent_Campaign_ID":"","Persistent_utm_content":"","Session_utm_medium":"","Session_utm_source":"","Session_utm_term":"","Session_utm_campaign":"","Session_Sub_Source":"","Session_Content_ID":"","Session_Campaign_ID":"701RN00000RbnVLYAZ","Session_utm_content":"","inquiry":"Gen Enq","fullURL":"https://www-dev.broadridge.com/capability/governance-and-regulatory-compliance/proxy-services/issuer-proxy","page_id":"182853","page_campaign_id":"0","ecid":"","elqCampaignId":"","Formmodel":"flyout","Pagetype":"Products","g-recaptcha-response":"0cAFcWeA58tCW6c8QNBaZQ8A2W31Hvvc_B-cT67v_sEQ_dLdU5zOQIcMss6oFa73VwrYlnUdGmyU01ZDY2tCoJ6utJ-iNx2yHD5pTJ7UJP0mN1SK2Dxc9rYDNOlnoGJDe2-9m8--Usr_X_sHHrOtd4iXZcTeCmKzJNfFrojai2BlYfsL47gga2qyQgLiLM82RqbPG3le-OrrzBb_cZ3Di3fRX-4ygLqCe91DRoO8uGGjL_JGgp40Y-pPi0efo9DlsojFrFRmMpWk7RyCeRSIeFYY3jGhOlOR1yVLzcIkKkZoKSrkVKUudsITxYmF7WcloWW7egBCQTsRurLlXzcWrmg_Wvrrrf4oGK0NkTPnYm_5cApDYovWMIsvZAxvOC2RbKl0FQKbmL6JiEL3SOSR48GschYCAWmL5OnKiEhG1HDMkAxNnxPojcpvJ7jNxiyekMqjY3dPXME_7-gwVarL-Mr-UUfF3V4xcU1EPHM39jVknnztvfjMzGyC-vd_GrKIK4vLWZzTu6MMvtM6CfRWyZ-D3YDm4LWmt4TnzNKiDdlFQ0Qd_JNhb7pLsLUUKE3pBw5tGwqAAMZkgIUrEkAqeMJzMotZisAwaPcb_DyE4oLSb8ZXGFx_HRnXVySUD3dZL9Yl6E663BryVVVwSSsPjNK1sCsECKKyAQBDo6pKpBWFdNhrTUui-gefWRIttoIrDqpgMnmIDHEBnby6Nf7jCZbs3SqRP3PEcoNKOy_6TV_MhoKuZs5LKGAZuLoaYJRKqCgJIw5YLzO1qJhf1layV-83nxAiSeLVaY_R9mSl0n9njIISw9sL4uvM_GIVIdeagmGx4WyOYTLQcU4BoumX98elBp1BXiPXkjzl5XQ98mRVSA_E20xw0lGH_HTWiLzvaJ_T5ghLea6iqYzYrKSppujg7gKG2jygdPlZVrtXqBP95GddOiI51EIdcLfE8T7KOaM3oCiUq6TczWkH-suP2_XbTYTTLEF0rVcuCbLT0IqtRpu7e3JM81yaNze8qEUnpOUM8WtJbW1K7H-B0g1GZjHAr79DCPFFQNq8tI-j8rEHSRKKEP0bgPVM39tBlOks3lhTr27jN1wVtiuaLCalGXkM8c16YsryMddaV198Kq7OqdyyPrFUImvr4w1_HqP9FmHyRxcrCSEJwKK9JlrOn6l27xA0h3bXTZ1-WURT0vvCyWdfvzsdGKTWrtAGzskAcC3s5aB84povET7kOmTi0C3mlEIuqG61n3dUX8hHBe-NnMfLoMOjK_DvnbdtiTXb9CpxalLNi_5pX36eiHPETcwJzBtzX-pQhKk723b7Vhv2jqSSUXAbwofCIkE3phFUkqKEfCPbQ3yJJzGINxVoKCor5sxEY_GxGMcd8lNNlcVg6BPH2f2Wl15qML__5bJJvyhGX5cqNsBXZYcD59jW75Q2luxfJhhdgvLJ1VhVTLCri46_PLMCp3PN03CQGl19zyUhc8bZDVPzgFsAjewwlbMpWbQOU9PaA6MjnoeGgBmxFwaYn0qkggrUsB4cQ8SwP51oXrTmfYhxLI2FIWdKRxkmIF9zw4gyryI5U0EKTttfrvW9C41HsyBaMxYOWx8WhXQmftHZqA7Qfjv5xD6zYFt3qxiPhAOAU8WVSg2gJAqsoK3wuCygbuisfXkQ8BIROMWhWaK2rVl4wDWgg0N95WwGvtZ6VxIjWZXg"}
form message = Thank you for your interest in Broadridge.
A representative will contact you within 24 business hours.
formpayload for validation = {"formSubmissionId":"BR8J313TB-1768197256035","elqFormName":"","elqSiteID":"","datalayerheader":"","contact":"","formgtm":"","elqCustomerGUID":"","elqCookieWrite":"","segment":"","name_first":"First_93619_TESTTEST","name_last":"Last_93619_TESTTEST","email_work":"automated_TESTTEST_2026-01-12_05_54_12@broadridge.com","phone_business":"999-999-9999","job_title":"Job_93619_TESTTEST","Company":"Company_93619_TESTTEST","country":"United States","comment":"This is an automated test submission.  Please ignore.","id":"","so":"","di":"","ct":"","ep":"","ot":"","mt":"","yr":"","rg":"","on":"","sub-source":"","campaignMostRecentID":"","content-id":"","orig-channel":"","campaign-name":"","campaignMostRecentName":"","campaignMostRecentSource":"","campaignMostRecentMedium":"","campaignMostRecentContent":"","campaignMostRecentTerm":"","campaignMostRecentContentID":"","campaignMostRecentSubSource":"","Persistent_utm_medium":"","Persistent_utm_source":"","Persistent_utm_term":"","Persistent_utm_campaign":"","Persistent_Sub_Source":"","Persistent_Content_ID":"","Persistent_Campaign_ID":"","Persistent_utm_content":"","Session_utm_medium":"","Session_utm_source":"","Session_utm_term":"","Session_utm_campaign":"","Session_Sub_Source":"","Session_Content_ID":"","Session_Campaign_ID":"701RN00000RbnVLYAZ","Session_utm_content":"","inquiry":"Gen Enq","fullURL":"https://www-dev.broadridge.com/capability/governance-and-regulatory-compliance/proxy-services/issuer-proxy","page_id":"182853","page_campaign_id":"0","ecid":"","elqCampaignId":"","Formmodel":"flyout","Pagetype":"Products","g-recaptcha-response":"0cAFcWeA58tCW6c8QNBaZQ8A2W31Hvvc_B-cT67v_sEQ_dLdU5zOQIcMss6oFa73VwrYlnUdGmyU01ZDY2tCoJ6utJ-iNx2yHD5pTJ7UJP0mN1SK2Dxc9rYDNOlnoGJDe2-9m8--Usr_X_sHHrOtd4iXZcTeCmKzJNfFrojai2BlYfsL47gga2qyQgLiLM82RqbPG3le-OrrzBb_cZ3Di3fRX-4ygLqCe91DRoO8uGGjL_JGgp40Y-pPi0efo9DlsojFrFRmMpWk7RyCeRSIeFYY3jGhOlOR1yVLzcIkKkZoKSrkVKUudsITxYmF7WcloWW7egBCQTsRurLlXzcWrmg_Wvrrrf4oGK0NkTPnYm_5cApDYovWMIsvZAxvOC2RbKl0FQKbmL6JiEL3SOSR48GschYCAWmL5OnKiEhG1HDMkAxNnxPojcpvJ7jNxiyekMqjY3dPXME_7-gwVarL-Mr-UUfF3V4xcU1EPHM39jVknnztvfjMzGyC-vd_GrKIK4vLWZzTu6MMvtM6CfRWyZ-D3YDm4LWmt4TnzNKiDdlFQ0Qd_JNhb7pLsLUUKE3pBw5tGwqAAMZkgIUrEkAqeMJzMotZisAwaPcb_DyE4oLSb8ZXGFx_HRnXVySUD3dZL9Yl6E663BryVVVwSSsPjNK1sCsECKKyAQBDo6pKpBWFdNhrTUui-gefWRIttoIrDqpgMnmIDHEBnby6Nf7jCZbs3SqRP3PEcoNKOy_6TV_MhoKuZs5LKGAZuLoaYJRKqCgJIw5YLzO1qJhf1layV-83nxAiSeLVaY_R9mSl0n9njIISw9sL4uvM_GIVIdeagmGx4WyOYTLQcU4BoumX98elBp1BXiPXkjzl5XQ98mRVSA_E20xw0lGH_HTWiLzvaJ_T5ghLea6iqYzYrKSppujg7gKG2jygdPlZVrtXqBP95GddOiI51EIdcLfE8T7KOaM3oCiUq6TczWkH-suP2_XbTYTTLEF0rVcuCbLT0IqtRpu7e3JM81yaNze8qEUnpOUM8WtJbW1K7H-B0g1GZjHAr79DCPFFQNq8tI-j8rEHSRKKEP0bgPVM39tBlOks3lhTr27jN1wVtiuaLCalGXkM8c16YsryMddaV198Kq7OqdyyPrFUImvr4w1_HqP9FmHyRxcrCSEJwKK9JlrOn6l27xA0h3bXTZ1-WURT0vvCyWdfvzsdGKTWrtAGzskAcC3s5aB84povET7kOmTi0C3mlEIuqG61n3dUX8hHBe-NnMfLoMOjK_DvnbdtiTXb9CpxalLNi_5pX36eiHPETcwJzBtzX-pQhKk723b7Vhv2jqSSUXAbwofCIkE3phFUkqKEfCPbQ3yJJzGINxVoKCor5sxEY_GxGMcd8lNNlcVg6BPH2f2Wl15qML__5bJJvyhGX5cqNsBXZYcD59jW75Q2luxfJhhdgvLJ1VhVTLCri46_PLMCp3PN03CQGl19zyUhc8bZDVPzgFsAjewwlbMpWbQOU9PaA6MjnoeGgBmxFwaYn0qkggrUsB4cQ8SwP51oXrTmfYhxLI2FIWdKRxkmIF9zw4gyryI5U0EKTttfrvW9C41HsyBaMxYOWx8WhXQmftHZqA7Qfjv5xD6zYFt3qxiPhAOAU8WVSg2gJAqsoK3wuCygbuisfXkQ8BIROMWhWaK2rVl4wDWgg0N95WwGvtZ6VxIjWZXg"}
formSubmissionId = BR8J313TB-1768197256035
fullURL = https://www-dev.broadridge.com/capability/governance-and-regulatory-compliance/proxy-services/issuer-proxy
page comparison URL = https://www-dev.broadridge.com/financial-services/corporate-issuer/issuer/simplify-the-annual-meeting-process/interactive-online-document-management
..........!!!...Filling the form failed...!!!........
................Header Contact Us Form Filled...................
v2 ContactUs form found on the bottom = false
V2 ContactUs form NOT found on the bottom
V2 Download form NOT found on the bottom
no cookie button
header ContactUs button found = true
emailTimeStamp = automated_TESTTEST_2026-01-12_05_54_56@broadridge.com
📤 Form payload = {"formSubmissionId":"BRGSFFQFN-1768197299077","elqFormName":"","elqSiteID":"","datalayerheader":"","contact":"","formgtm":"","elqCustomerGUID":"","elqCookieWrite":"","segment":"","name_first":"First_93619_TESTTEST","name_last":"Last_93619_TESTTEST","email_work":"automated_TESTTEST_2026-01-12_05_54_56@broadridge.com","phone_business":"999-999-9999","job_title":"Job_93619_TESTTEST","Company":"Company_93619_TESTTEST","country":"United States","comment":"This is an automated test submission.  Please ignore.","id":"","so":"","di":"","ct":"","ep":"","ot":"","mt":"","yr":"","rg":"","on":"","sub-source":"","campaignMostRecentID":"","content-id":"","orig-channel":"","campaign-name":"","campaignMostRecentName":"","campaignMostRecentSource":"","campaignMostRecentMedium":"","campaignMostRecentContent":"","campaignMostRecentTerm":"","campaignMostRecentContentID":"","campaignMostRecentSubSource":"","Persistent_utm_medium":"","Persistent_utm_source":"","Persistent_utm_term":"","Persistent_utm_campaign":"","Persistent_Sub_Source":"","Persistent_Content_ID":"","Persistent_Campaign_ID":"","Persistent_utm_content":"","Session_utm_medium":"","Session_utm_source":"","Session_utm_term":"","Session_utm_campaign":"","Session_Sub_Source":"","Session_Content_ID":"","Session_Campaign_ID":"701RN00000RbnVLYAZ","Session_utm_content":"","inquiry":"Gen Enq","fullURL":"https://www-dev.broadridge.com/capability/governance-and-regulatory-compliance/proxy-services/issuer-proxy","page_id":"182853","page_campaign_id":"0","ecid":"","elqCampaignId":"","Formmodel":"flyout","Pagetype":"Products","g-recaptcha-response":"0cAFcWeA6IskC_0JQU0G6Vi7KtTzhN1kqys1Glh0y-op64Yx1GyINGng3qnLoIdzy1VDNqBNPUvlsDqsxIPMU2iLVlglJG17_9Rh-ftetgpCKHwM_wJpBzn_xKvr35WJ7UNfUQRLqSBRTLOApYxV-czVSmw4z3zqoRlXTI4UK8J7tjefuQS7tlCtAYR3PS6GNk2Ds3VZWnCbz3MO4SKs9UAPSMMfE1qfVX_LZLzBRMphrgyjxGx5qZJIKZq1lJjV8mnK28RRPuor6BaaqEUWRmTYR3f671FbN2viEatosnp_WPhU8vLFVUGOjnAOw8KkYZy98C0zF2qzCRtRd3mk00REdm6Xk6SVqd8sATZx0Kec3HuhGFlw6qsUH1irhbwaOQnpfSUmT44PwmsN7-HewFD8l-HYzmpOVpmtzY76fh0qrGfXlvlJcP3QfJ5RlpIqG3jIBfwMyIpRuif2dj7M9PlhxEZbwROqTkYQKPklZquy0DBFfzzTzQPF7pe0KwZLIldt89dFNRIM0ni6geDYFmxX8NSyAsFh7vtAGBVdEURCOfHpAKZlYrziQKI0byHhRg0l2xn10Mhp1iA4GRfGTqG8110xBOyzo5f7eAj2Y5weruWnIPnpSbZz9UvrKgq8p9vVPUMcPrUmWeRvEQ9jMlPSXe3WFibTFmbfpH5vvo-DvP6CsbVWa_r0-2gkyThpj1w1YwanRCiL35T5qNOqeqgZL2OB0l83oQK5g0lG0FZR30a9ud5I3F6VQxY6OI4CQ4ykDPNe3to8QVbCe1DWcxPS8xWnfcIra4CcdqIy9dUHSqkgITbmpDLAq8w3amj0af9rNIlqbm8tavtXYVBdQ-VI2AEJZu10hiu8S8pMp7HfTeZSrjKj97S3sL_AsVGxwXWiqAH3KDqgr5SS2oU2N1kAH6S6t2Dm59eBytNmIo2Gthqsl5pUNkc0O_yUc4GQBE672qqKIjnB3L7eozKHETuIEG644IW6-1s2tcOFiC-P966YaJ3w5OVVtzD9iC4bVr-1Rh0izaP23ZYXGgeUtCqWu6qC-Q-lHU1azTgGAci3LJJ9O_rgoX7C7xm7oTHNgxRSLkV_jMhrAlAmE6tdrOi6VtrhZ7B7RIaKnvyXclykeF9xt9GapuOEFNUGhm7L_HyXrGZsx2uvqDUqNGUg-pTBt6VAGVBFAnV6sn0V-239OEVLFJjjvKrtO_p5WsqJkSOepAA1ZjbzorgnusKPbCFWtDbeyUjRlbmSTykVIxvbXvaF3QD4HU4ikgxDAvo44-yWSMX8SsBwcCg1hkfKmcWgPe83Uw_dNb--7Byl8tPj5bsnU7XWaAGA-KAVlx1pXHvOjNTRu4_J1moIkWUlW6Wml7TQZp08zCPvwxPrvdcOWABcC44KiY32QDFUCfqXn9hyUw2qC6BJcvjh3zkh4QVbJ2fvlBZBUK1QurzwIF_7xKvxLDxXhoRhl-COhfDPgp1ofh4SFOchIsR5HwSLBi0tW9tdEZBXUP901KvvBe2_4cm86Ggni3-WZR9o1c21c4jTOvnzBPabPJze1GOYhx8RFM7_2TFd-us0limrNixwD7x5Hga_HNH7MBFsniPAQtu5RLXV1ot_XOXHqokPRN1PDNjTvql_g2uER36AssgQTAEKxUohib41fAE7tftvsYfhVt8rByf7QD8Ub4JDFeRZysp_nf2KxZLenie63RAWUyQltnDXL8_qQvSuaGVFIu1eeHwZckgYbN"}
form message = Thank you for your interest in Broadridge.
A representative will contact you within 24 business hours.
formpayload for validation = {"formSubmissionId":"BRGSFFQFN-1768197299077","elqFormName":"","elqSiteID":"","datalayerheader":"","contact":"","formgtm":"","elqCustomerGUID":"","elqCookieWrite":"","segment":"","name_first":"First_93619_TESTTEST","name_last":"Last_93619_TESTTEST","email_work":"automated_TESTTEST_2026-01-12_05_54_56@broadridge.com","phone_business":"999-999-9999","job_title":"Job_93619_TESTTEST","Company":"Company_93619_TESTTEST","country":"United States","comment":"This is an automated test submission.  Please ignore.","id":"","so":"","di":"","ct":"","ep":"","ot":"","mt":"","yr":"","rg":"","on":"","sub-source":"","campaignMostRecentID":"","content-id":"","orig-channel":"","campaign-name":"","campaignMostRecentName":"","campaignMostRecentSource":"","campaignMostRecentMedium":"","campaignMostRecentContent":"","campaignMostRecentTerm":"","campaignMostRecentContentID":"","campaignMostRecentSubSource":"","Persistent_utm_medium":"","Persistent_utm_source":"","Persistent_utm_term":"","Persistent_utm_campaign":"","Persistent_Sub_Source":"","Persistent_Content_ID":"","Persistent_Campaign_ID":"","Persistent_utm_content":"","Session_utm_medium":"","Session_utm_source":"","Session_utm_term":"","Session_utm_campaign":"","Session_Sub_Source":"","Session_Content_ID":"","Session_Campaign_ID":"701RN00000RbnVLYAZ","Session_utm_content":"","inquiry":"Gen Enq","fullURL":"https://www-dev.broadridge.com/capability/governance-and-regulatory-compliance/proxy-services/issuer-proxy","page_id":"182853","page_campaign_id":"0","ecid":"","elqCampaignId":"","Formmodel":"flyout","Pagetype":"Products","g-recaptcha-response":"0cAFcWeA6IskC_0JQU0G6Vi7KtTzhN1kqys1Glh0y-op64Yx1GyINGng3qnLoIdzy1VDNqBNPUvlsDqsxIPMU2iLVlglJG17_9Rh-ftetgpCKHwM_wJpBzn_xKvr35WJ7UNfUQRLqSBRTLOApYxV-czVSmw4z3zqoRlXTI4UK8J7tjefuQS7tlCtAYR3PS6GNk2Ds3VZWnCbz3MO4SKs9UAPSMMfE1qfVX_LZLzBRMphrgyjxGx5qZJIKZq1lJjV8mnK28RRPuor6BaaqEUWRmTYR3f671FbN2viEatosnp_WPhU8vLFVUGOjnAOw8KkYZy98C0zF2qzCRtRd3mk00REdm6Xk6SVqd8sATZx0Kec3HuhGFlw6qsUH1irhbwaOQnpfSUmT44PwmsN7-HewFD8l-HYzmpOVpmtzY76fh0qrGfXlvlJcP3QfJ5RlpIqG3jIBfwMyIpRuif2dj7M9PlhxEZbwROqTkYQKPklZquy0DBFfzzTzQPF7pe0KwZLIldt89dFNRIM0ni6geDYFmxX8NSyAsFh7vtAGBVdEURCOfHpAKZlYrziQKI0byHhRg0l2xn10Mhp1iA4GRfGTqG8110xBOyzo5f7eAj2Y5weruWnIPnpSbZz9UvrKgq8p9vVPUMcPrUmWeRvEQ9jMlPSXe3WFibTFmbfpH5vvo-DvP6CsbVWa_r0-2gkyThpj1w1YwanRCiL35T5qNOqeqgZL2OB0l83oQK5g0lG0FZR30a9ud5I3F6VQxY6OI4CQ4ykDPNe3to8QVbCe1DWcxPS8xWnfcIra4CcdqIy9dUHSqkgITbmpDLAq8w3amj0af9rNIlqbm8tavtXYVBdQ-VI2AEJZu10hiu8S8pMp7HfTeZSrjKj97S3sL_AsVGxwXWiqAH3KDqgr5SS2oU2N1kAH6S6t2Dm59eBytNmIo2Gthqsl5pUNkc0O_yUc4GQBE672qqKIjnB3L7eozKHETuIEG644IW6-1s2tcOFiC-P966YaJ3w5OVVtzD9iC4bVr-1Rh0izaP23ZYXGgeUtCqWu6qC-Q-lHU1azTgGAci3LJJ9O_rgoX7C7xm7oTHNgxRSLkV_jMhrAlAmE6tdrOi6VtrhZ7B7RIaKnvyXclykeF9xt9GapuOEFNUGhm7L_HyXrGZsx2uvqDUqNGUg-pTBt6VAGVBFAnV6sn0V-239OEVLFJjjvKrtO_p5WsqJkSOepAA1ZjbzorgnusKPbCFWtDbeyUjRlbmSTykVIxvbXvaF3QD4HU4ikgxDAvo44-yWSMX8SsBwcCg1hkfKmcWgPe83Uw_dNb--7Byl8tPj5bsnU7XWaAGA-KAVlx1pXHvOjNTRu4_J1moIkWUlW6Wml7TQZp08zCPvwxPrvdcOWABcC44KiY32QDFUCfqXn9hyUw2qC6BJcvjh3zkh4QVbJ2fvlBZBUK1QurzwIF_7xKvxLDxXhoRhl-COhfDPgp1ofh4SFOchIsR5HwSLBi0tW9tdEZBXUP901KvvBe2_4cm86Ggni3-WZR9o1c21c4jTOvnzBPabPJze1GOYhx8RFM7_2TFd-us0limrNixwD7x5Hga_HNH7MBFsniPAQtu5RLXV1ot_XOXHqokPRN1PDNjTvql_g2uER36AssgQTAEKxUohib41fAE7tftvsYfhVt8rByf7QD8Ub4JDFeRZysp_nf2KxZLenie63RAWUyQltnDXL8_qQvSuaGVFIu1eeHwZckgYbN"}
formSubmissionId = BRGSFFQFN-1768197299077
fullURL = https://www-dev.broadridge.com/capability/governance-and-regulatory-compliance/proxy-services/issuer-proxy
page comparison URL = https://www-dev.broadridge.com/financial-services/corporate-issuer/issuer/simplify-the-annual-meeting-process/shareholder-meeting-registration
..........!!!...Filling the form failed...!!!........
................Header Contact Us Form Filled...................
v2 ContactUs form found on the bottom = false
V2 ContactUs form NOT found on the bottom
V2 Download form NOT found on the bottom
no cookie button
header ContactUs button found = true
emailTimeStamp = automated_TESTTEST_2026-01-12_05_55_38@broadridge.com
📤 Form payload = {"formSubmissionId":"BRPNIWQ1G-1768197341750","elqFormName":"","elqSiteID":"","datalayerheader":"","contact":"","formgtm":"","elqCustomerGUID":"","elqCookieWrite":"","segment":"","name_first":"First_93619_TESTTEST","name_last":"Last_93619_TESTTEST","email_work":"automated_TESTTEST_2026-01-12_05_55_38@broadridge.com","phone_business":"999-999-9999","job_title":"Job_93619_TESTTEST","Company":"Company_93619_TESTTEST","country":"United States","comment":"This is an automated test submission.  Please ignore.","id":"","so":"","di":"","ct":"","ep":"","ot":"","mt":"","yr":"","rg":"","on":"","sub-source":"","campaignMostRecentID":"","content-id":"","orig-channel":"","campaign-name":"","campaignMostRecentName":"","campaignMostRecentSource":"","campaignMostRecentMedium":"","campaignMostRecentContent":"","campaignMostRecentTerm":"","campaignMostRecentContentID":"","campaignMostRecentSubSource":"","Persistent_utm_medium":"","Persistent_utm_source":"","Persistent_utm_term":"","Persistent_utm_campaign":"","Persistent_Sub_Source":"","Persistent_Content_ID":"","Persistent_Campaign_ID":"","Persistent_utm_content":"","Session_utm_medium":"","Session_utm_source":"","Session_utm_term":"","Session_utm_campaign":"","Session_Sub_Source":"","Session_Content_ID":"","Session_Campaign_ID":"701RN00000RbnVLYAZ","Session_utm_content":"","inquiry":"Gen Enq","fullURL":"https://www-dev.broadridge.com/press-release/2012/broadridge-trade-confirmation-matching-solution","page_id":"177489","page_campaign_id":"","ecid":"","elqCampaignId":"","Formmodel":"flyout","Pagetype":"Press Release","g-recaptcha-response":"0cAFcWeA5PDNJsFpqgQe8PT1Hzlm9MVCgtKeKQTCtRk39Fa1Jga8rbCDKTxlzuzBH9H-V1CLdMjRiVXu-obdsw1LNXibi1Jjim8ZRmnx8or15onsvBz47_AwBy3DsOs99m2QNKk0uml7h0x9__Ksoyema-J48LUrbMrxswffPClmsac-nCigWmQaBIu4PYo4cIcVCzB7CyvdghbtD0K4E-JpQEj7L5AegXRnu-heN4o1tYoY3d3YUfz9N2qM3RoZZ84W3XJHBFrnGh0C-scVo6xoGeqisT_emDhKn5NzQKUm3UBOc6bv_9wGRLg_9BM6nut-xMvQG0By5lBrPVAH7orRSrQF4dG8kKPHR9SU2mYR9OSRMljJNw3ryyDNsngF7KlSPEGxImXQCLOjW1ErNaAsWVzNyEx46KV7NOvOcFFGpwzCJbC8Ijze9Mde5tvCGJZrbOgg29epuyZW-D1hyNRZzPSREXlbnyM_HSj8x9Zw5XmW_ot_zwMiNVlls1hiqprI86n6lowjSUfCkAqYQ_FobOpy05m2WR59ZIyH1NRN79s373lMKZxCiKDF2nbH8PIrbqMGERHJi9KR07x1EFTgsDv6w1Kf5vr9K-6YcqlZQvGJudeyS9lbjUXONLEZM6UGJqIsCJy0Rir28TKhOc_p5fU3Rk4mal4sabxJWadtfNvzluaeMDm5vq8WTrlAY7Rn0VtQ3eIuM4hOWQtg9Eo6qDfEFgrXIhxz5sswlV95swVD-zWHQL_ZaNjmWRgxvvYIB3_1WiBBG1TfINx9NNTyk_mWsvgVBF1dn9mhU_JMEuDoVsMuw3IIo4Rcjy8wKyjVGHraCLn7WS43ivZHvVDvfQT0-HtNtNL6OfGi3WlxYZEdUbkS_uqSTtANkIo-6tBjD6TaASpM1VtbOeIwrARghMFtKf8T9zJRt7pjx6FavXTYLYMlN7dhF4qaVMQEd3S_HPBOuHWG022DdTMW3lSq2orDCWMVlYuXAZpWJck1TSy1ObCTWAl9IErgSDMGZwFcFgPwk7LAj5Vfgv1XjcwigKY-p0k2XppP7g0dd2dJ-OCTNN61HK0qvkD5hKLtCK_FQWdHQg94rnTbt19AxR4YPV2LNLgWyTpclRFEJdTFzS0Twse5F1xcr2c_TT8adaRZ4RMXhSplf5pwV1qu-ylxRGLJI0dDadgsNWtbTyMXjHd0UMs68sQQC91TpY_ugXDAvtprNgaUSSFgeVzYBUsvqjOPJbCik56nZNKO0eTiQ0ZKPd4b5wIXpUDvH2Wzc3ZGQOWp2jFRE9eHarQDcNvMRPFGaCbOxMi5p0en1eo4i3orN1JnSGrR7S-MXVHYD5HuRZT1OpuHIBHErCHENDxguGH904PbKX1w3h8V4FJBsfbI3DIf6lq-ukte08j_SB5tRj27A1xOWq1Y994Mq0CVCh5rzrmc7pMjFFr0VRF4YxZHeTY91enHXH2G6GzsoSyqKBPTZrzVLPaWdY3Qc_UBIWHnX1wlfpza3wmD2DipN4kooJhy29AZLIr159TNwVIveoHrzV30ZCyX7604vLHNQsz9TL9PAnoR-vtJLugFxjv8yfZjVfqtgh76-o5d9_7SiUyR2OddOe-XTXU0rZDcSZoPoRZXVlASEDvO0f8oxnJqQLrQTXvIsLIrla493dlIoOyUSAxvfRKblCO9ATzg07JS9hp7sY1vpWww0tlV88AvQZh3smt6U"}
form message = Thank you for your interest in Broadridge.
A representative will contact you within 24 business hours.
formpayload for validation = {"formSubmissionId":"BRPNIWQ1G-1768197341750","elqFormName":"","elqSiteID":"","datalayerheader":"","contact":"","formgtm":"","elqCustomerGUID":"","elqCookieWrite":"","segment":"","name_first":"First_93619_TESTTEST","name_last":"Last_93619_TESTTEST","email_work":"automated_TESTTEST_2026-01-12_05_55_38@broadridge.com","phone_business":"999-999-9999","job_title":"Job_93619_TESTTEST","Company":"Company_93619_TESTTEST","country":"United States","comment":"This is an automated test submission.  Please ignore.","id":"","so":"","di":"","ct":"","ep":"","ot":"","mt":"","yr":"","rg":"","on":"","sub-source":"","campaignMostRecentID":"","content-id":"","orig-channel":"","campaign-name":"","campaignMostRecentName":"","campaignMostRecentSource":"","campaignMostRecentMedium":"","campaignMostRecentContent":"","campaignMostRecentTerm":"","campaignMostRecentContentID":"","campaignMostRecentSubSource":"","Persistent_utm_medium":"","Persistent_utm_source":"","Persistent_utm_term":"","Persistent_utm_campaign":"","Persistent_Sub_Source":"","Persistent_Content_ID":"","Persistent_Campaign_ID":"","Persistent_utm_content":"","Session_utm_medium":"","Session_utm_source":"","Session_utm_term":"","Session_utm_campaign":"","Session_Sub_Source":"","Session_Content_ID":"","Session_Campaign_ID":"701RN00000RbnVLYAZ","Session_utm_content":"","inquiry":"Gen Enq","fullURL":"https://www-dev.broadridge.com/press-release/2012/broadridge-trade-confirmation-matching-solution","page_id":"177489","page_campaign_id":"","ecid":"","elqCampaignId":"","Formmodel":"flyout","Pagetype":"Press Release","g-recaptcha-response":"0cAFcWeA5PDNJsFpqgQe8PT1Hzlm9MVCgtKeKQTCtRk39Fa1Jga8rbCDKTxlzuzBH9H-V1CLdMjRiVXu-obdsw1LNXibi1Jjim8ZRmnx8or15onsvBz47_AwBy3DsOs99m2QNKk0uml7h0x9__Ksoyema-J48LUrbMrxswffPClmsac-nCigWmQaBIu4PYo4cIcVCzB7CyvdghbtD0K4E-JpQEj7L5AegXRnu-heN4o1tYoY3d3YUfz9N2qM3RoZZ84W3XJHBFrnGh0C-scVo6xoGeqisT_emDhKn5NzQKUm3UBOc6bv_9wGRLg_9BM6nut-xMvQG0By5lBrPVAH7orRSrQF4dG8kKPHR9SU2mYR9OSRMljJNw3ryyDNsngF7KlSPEGxImXQCLOjW1ErNaAsWVzNyEx46KV7NOvOcFFGpwzCJbC8Ijze9Mde5tvCGJZrbOgg29epuyZW-D1hyNRZzPSREXlbnyM_HSj8x9Zw5XmW_ot_zwMiNVlls1hiqprI86n6lowjSUfCkAqYQ_FobOpy05m2WR59ZIyH1NRN79s373lMKZxCiKDF2nbH8PIrbqMGERHJi9KR07x1EFTgsDv6w1Kf5vr9K-6YcqlZQvGJudeyS9lbjUXONLEZM6UGJqIsCJy0Rir28TKhOc_p5fU3Rk4mal4sabxJWadtfNvzluaeMDm5vq8WTrlAY7Rn0VtQ3eIuM4hOWQtg9Eo6qDfEFgrXIhxz5sswlV95swVD-zWHQL_ZaNjmWRgxvvYIB3_1WiBBG1TfINx9NNTyk_mWsvgVBF1dn9mhU_JMEuDoVsMuw3IIo4Rcjy8wKyjVGHraCLn7WS43ivZHvVDvfQT0-HtNtNL6OfGi3WlxYZEdUbkS_uqSTtANkIo-6tBjD6TaASpM1VtbOeIwrARghMFtKf8T9zJRt7pjx6FavXTYLYMlN7dhF4qaVMQEd3S_HPBOuHWG022DdTMW3lSq2orDCWMVlYuXAZpWJck1TSy1ObCTWAl9IErgSDMGZwFcFgPwk7LAj5Vfgv1XjcwigKY-p0k2XppP7g0dd2dJ-OCTNN61HK0qvkD5hKLtCK_FQWdHQg94rnTbt19AxR4YPV2LNLgWyTpclRFEJdTFzS0Twse5F1xcr2c_TT8adaRZ4RMXhSplf5pwV1qu-ylxRGLJI0dDadgsNWtbTyMXjHd0UMs68sQQC91TpY_ugXDAvtprNgaUSSFgeVzYBUsvqjOPJbCik56nZNKO0eTiQ0ZKPd4b5wIXpUDvH2Wzc3ZGQOWp2jFRE9eHarQDcNvMRPFGaCbOxMi5p0en1eo4i3orN1JnSGrR7S-MXVHYD5HuRZT1OpuHIBHErCHENDxguGH904PbKX1w3h8V4FJBsfbI3DIf6lq-ukte08j_SB5tRj27A1xOWq1Y994Mq0CVCh5rzrmc7pMjFFr0VRF4YxZHeTY91enHXH2G6GzsoSyqKBPTZrzVLPaWdY3Qc_UBIWHnX1wlfpza3wmD2DipN4kooJhy29AZLIr159TNwVIveoHrzV30ZCyX7604vLHNQsz9TL9PAnoR-vtJLugFxjv8yfZjVfqtgh76-o5d9_7SiUyR2OddOe-XTXU0rZDcSZoPoRZXVlASEDvO0f8oxnJqQLrQTXvIsLIrla493dlIoOyUSAxvfRKblCO9ATzg07JS9hp7sY1vpWww0tlV88AvQZh3smt6U"}
formSubmissionId = BRPNIWQ1G-1768197341750
fullURL = https://www-dev.broadridge.com/press-release/2012/broadridge-trade-confirmation-matching-solution
page comparison URL = https://www-dev.broadridge.com/press-release/2012/broadridge-trade-confirmation-matching-solution
................Header Contact Us Form Filled...................
V2 ContactUs form NOT found on the bottom
V2 Download form NOT found on the bottom
no cookie button
header ContactUs button found = true
emailTimeStamp = automated_TESTTEST_2026-01-12_05_56_19@broadridge.com
📤 Form payload = {"formSubmissionId":"BRZNHDLK9-1768197382036","elqFormName":"","elqSiteID":"","datalayerheader":"","contact":"","formgtm":"","elqCustomerGUID":"","elqCookieWrite":"","segment":"","name_first":"First_93619_TESTTEST","name_last":"Last_93619_TESTTEST","email_work":"automated_TESTTEST_2026-01-12_05_56_19@broadridge.com","phone_business":"999-999-9999","job_title":"Job_93619_TESTTEST","Company":"Company_93619_TESTTEST","country":"United States","comment":"This is an automated test submission.  Please ignore.","id":"","so":"","di":"","ct":"","ep":"","ot":"","mt":"","yr":"","rg":"","on":"","sub-source":"","campaignMostRecentID":"","content-id":"","orig-channel":"","campaign-name":"","campaignMostRecentName":"","campaignMostRecentSource":"","campaignMostRecentMedium":"","campaignMostRecentContent":"","campaignMostRecentTerm":"","campaignMostRecentContentID":"","campaignMostRecentSubSource":"","Persistent_utm_medium":"","Persistent_utm_source":"","Persistent_utm_term":"","Persistent_utm_campaign":"","Persistent_Sub_Source":"","Persistent_Content_ID":"","Persistent_Campaign_ID":"","Persistent_utm_content":"","Session_utm_medium":"","Session_utm_source":"","Session_utm_term":"","Session_utm_campaign":"","Session_Sub_Source":"","Session_Content_ID":"","Session_Campaign_ID":"701RN00000RbnVLYAZ","Session_utm_content":"","inquiry":"Gen Enq","fullURL":"https://www-dev.broadridge.com/press-release/2012/matrix-expands-trueopen-architecture-platform","page_id":"177726","page_campaign_id":"","ecid":"","elqCampaignId":"","Formmodel":"flyout","Pagetype":"Press Release","g-recaptcha-response":"0cAFcWeA65zzLUEiw_g17qgPgRbw38U5ikre3PiizRH-juSzhRG6VT-kDPkkjb4HGnFbOMrQGogVE8aW4jp9r5Y7mY5nV8E6NTUEn6OxN9_jF_PUG4oiuOmZqet7fCJ1ebR5MIGyGqmYvwrHX7BwZimrokXkGPB62gtpMYudtmvcRAb1Bti9Ep35NNSbQfzIWgaJlSBkUXi3t1deTYwKD0VcyUP7rmpqJSiKGCMZeOi4iYFjiIznbeWLChWkAc1WWIeCvXdf6hT63gkjXH0pNPb1Z8fst-OGRhbXriJW2VeS261zDjf9_Z0sz7hj1fhYtuiAXMUupfO8h3Mk86tVdjdSgs8U3vPir-R-8q3vxYA0gAKBLXjaKM3EglaM-GgwcS630Ae2RY6UMQy2OcdfaLhiX-6AwfjgInkCjzM_Ej-E2AWDrJ1-h2uGx3qDzDLHin-v1fQbC7V0zR8sako0lpXVtYlH6QadtnuvwqlmReBI107kTA3nSgACGIhen-8npYi6X3pKkIRjt4KbQwKPyfxT6SShj4hEONEMyfnPVWiW5Y-xiGED9YQvZjEgLMh5gD4hcNtdHIwmw4inZcoVueJ90wld1JVHaD_IBDdevDzc8HV5v4WzyS0W8-RDC-635wIDDCaqCxscZb6iEFXUEZfMXjXO1I0QRTirlPtG6RHBBb4fRHO-eVSBc3c9XSfMfpchLhijZbN9Z33paHgGP787i1xLlNgxdcbe1OCtF_STxIPdVaradvJ4wwh2FefGi9dLQRsbDbiz6v9P5MnQSqNHCZZBXhaPjD_5vIVRBOGG2XPqP2SyprZkw5JdIKddT2sDjTRcYE34xVPcYb0v6NcmAWYRP10rJtE0Cbcz73CweV7yLAbwJBBTc63dEf573q3cGa3XU7VE1Yc7JyzhfOpqJUGrtvAJJ99vpI8xlD7ecHqOXkHhWOPrQHElWpLdc-eRp55WZahx4kzqGY3F7Kn7tFaNmc9vc1usJZDan_obHDQ7EtY0_CrPiFms2YONW-RCuRrSRRZ_zMkXpczmxhLL_cvkRXU2GHSCVginhz4Pti1K3x4BtoTJS2tyy4djpAe4WHGf6ZD8WeHfQaCU6isXTn9nJV8gHAY5jxCyRbaE3USNlEUISOJBM0s269VSZa3ykk2O4y5AXDkpfWMi7QgwcM1sPqlUIyzIjfgZQ-1L9AHmyabCQCv_1wUplgLsGW_Jc7SLUTwYZK3Nj4afnFlwxFjmdQIg2pi2D1vVt0BrYpysmDIzVv-om3PkbjzJyqhoCwaRF1wxkNbVF0lqbmkGdmzXXEWnSKPB9fUNELubC3K8pousAqyJrtUmG_o9tGergrTG0wIbIEHUoIcPNARC9d5B19OgxGTCqjgG8zzbR5uopDLrveXiLapxgkvH3mQHGF0mtIVy-PqjdpcUZ6ha1q5YyWmr3q9uBG5HK8zL3lyW9TIqqAng82Jpr-uv7_9B4YP-22LotvRUQLDTucLAENZbVpeNGUXJGufo8xuO9ARcZhIsAsGXyGcvT_uEWMvXe8FTt6Mv4E62nqPEUCxk-LGzwHE1UODO8MU_3kNgSAs1JXqIITY2WoQeBBKmAXQznG-SkvhFtcU-XP2y4Akm3UJY26QaXxeGIb51sjWSpjcVvYiahS7JFVcSGgpgtc4D6PJGeqnRX3fB7VPs7zIHCy1gXNfFwAOw"}
form message = Thank you for your interest in Broadridge.
A representative will contact you within 24 business hours.
formpayload for validation = {"formSubmissionId":"BRZNHDLK9-1768197382036","elqFormName":"","elqSiteID":"","datalayerheader":"","contact":"","formgtm":"","elqCustomerGUID":"","elqCookieWrite":"","segment":"","name_first":"First_93619_TESTTEST","name_last":"Last_93619_TESTTEST","email_work":"automated_TESTTEST_2026-01-12_05_56_19@broadridge.com","phone_business":"999-999-9999","job_title":"Job_93619_TESTTEST","Company":"Company_93619_TESTTEST","country":"United States","comment":"This is an automated test submission.  Please ignore.","id":"","so":"","di":"","ct":"","ep":"","ot":"","mt":"","yr":"","rg":"","on":"","sub-source":"","campaignMostRecentID":"","content-id":"","orig-channel":"","campaign-name":"","campaignMostRecentName":"","campaignMostRecentSource":"","campaignMostRecentMedium":"","campaignMostRecentContent":"","campaignMostRecentTerm":"","campaignMostRecentContentID":"","campaignMostRecentSubSource":"","Persistent_utm_medium":"","Persistent_utm_source":"","Persistent_utm_term":"","Persistent_utm_campaign":"","Persistent_Sub_Source":"","Persistent_Content_ID":"","Persistent_Campaign_ID":"","Persistent_utm_content":"","Session_utm_medium":"","Session_utm_source":"","Session_utm_term":"","Session_utm_campaign":"","Session_Sub_Source":"","Session_Content_ID":"","Session_Campaign_ID":"701RN00000RbnVLYAZ","Session_utm_content":"","inquiry":"Gen Enq","fullURL":"https://www-dev.broadridge.com/press-release/2012/matrix-expands-trueopen-architecture-platform","page_id":"177726","page_campaign_id":"","ecid":"","elqCampaignId":"","Formmodel":"flyout","Pagetype":"Press Release","g-recaptcha-response":"0cAFcWeA65zzLUEiw_g17qgPgRbw38U5ikre3PiizRH-juSzhRG6VT-kDPkkjb4HGnFbOMrQGogVE8aW4jp9r5Y7mY5nV8E6NTUEn6OxN9_jF_PUG4oiuOmZqet7fCJ1ebR5MIGyGqmYvwrHX7BwZimrokXkGPB62gtpMYudtmvcRAb1Bti9Ep35NNSbQfzIWgaJlSBkUXi3t1deTYwKD0VcyUP7rmpqJSiKGCMZeOi4iYFjiIznbeWLChWkAc1WWIeCvXdf6hT63gkjXH0pNPb1Z8fst-OGRhbXriJW2VeS261zDjf9_Z0sz7hj1fhYtuiAXMUupfO8h3Mk86tVdjdSgs8U3vPir-R-8q3vxYA0gAKBLXjaKM3EglaM-GgwcS630Ae2RY6UMQy2OcdfaLhiX-6AwfjgInkCjzM_Ej-E2AWDrJ1-h2uGx3qDzDLHin-v1fQbC7V0zR8sako0lpXVtYlH6QadtnuvwqlmReBI107kTA3nSgACGIhen-8npYi6X3pKkIRjt4KbQwKPyfxT6SShj4hEONEMyfnPVWiW5Y-xiGED9YQvZjEgLMh5gD4hcNtdHIwmw4inZcoVueJ90wld1JVHaD_IBDdevDzc8HV5v4WzyS0W8-RDC-635wIDDCaqCxscZb6iEFXUEZfMXjXO1I0QRTirlPtG6RHBBb4fRHO-eVSBc3c9XSfMfpchLhijZbN9Z33paHgGP787i1xLlNgxdcbe1OCtF_STxIPdVaradvJ4wwh2FefGi9dLQRsbDbiz6v9P5MnQSqNHCZZBXhaPjD_5vIVRBOGG2XPqP2SyprZkw5JdIKddT2sDjTRcYE34xVPcYb0v6NcmAWYRP10rJtE0Cbcz73CweV7yLAbwJBBTc63dEf573q3cGa3XU7VE1Yc7JyzhfOpqJUGrtvAJJ99vpI8xlD7ecHqOXkHhWOPrQHElWpLdc-eRp55WZahx4kzqGY3F7Kn7tFaNmc9vc1usJZDan_obHDQ7EtY0_CrPiFms2YONW-RCuRrSRRZ_zMkXpczmxhLL_cvkRXU2GHSCVginhz4Pti1K3x4BtoTJS2tyy4djpAe4WHGf6ZD8WeHfQaCU6isXTn9nJV8gHAY5jxCyRbaE3USNlEUISOJBM0s269VSZa3ykk2O4y5AXDkpfWMi7QgwcM1sPqlUIyzIjfgZQ-1L9AHmyabCQCv_1wUplgLsGW_Jc7SLUTwYZK3Nj4afnFlwxFjmdQIg2pi2D1vVt0BrYpysmDIzVv-om3PkbjzJyqhoCwaRF1wxkNbVF0lqbmkGdmzXXEWnSKPB9fUNELubC3K8pousAqyJrtUmG_o9tGergrTG0wIbIEHUoIcPNARC9d5B19OgxGTCqjgG8zzbR5uopDLrveXiLapxgkvH3mQHGF0mtIVy-PqjdpcUZ6ha1q5YyWmr3q9uBG5HK8zL3lyW9TIqqAng82Jpr-uv7_9B4YP-22LotvRUQLDTucLAENZbVpeNGUXJGufo8xuO9ARcZhIsAsGXyGcvT_uEWMvXe8FTt6Mv4E62nqPEUCxk-LGzwHE1UODO8MU_3kNgSAs1JXqIITY2WoQeBBKmAXQznG-SkvhFtcU-XP2y4Akm3UJY26QaXxeGIb51sjWSpjcVvYiahS7JFVcSGgpgtc4D6PJGeqnRX3fB7VPs7zIHCy1gXNfFwAOw"}
formSubmissionId = BRZNHDLK9-1768197382036
fullURL = https://www-dev.broadridge.com/press-release/2012/matrix-expands-trueopen-architecture-platform
page comparison URL = https://www-dev.broadridge.com/press-release/2012/matrix-expands-trueopen-architecture-platform
................Header Contact Us Form Filled...................
V2 ContactUs form NOT found on the bottom
V2 Download form NOT found on the bottom
no cookie button
header ContactUs button found = true
emailTimeStamp = automated_TESTTEST_2026-01-12_05_56_59@broadridge.com
📤 Form payload = {"formSubmissionId":"BRCMKE4XP-1768197422363","elqFormName":"","elqSiteID":"","datalayerheader":"","contact":"","formgtm":"","elqCustomerGUID":"","elqCookieWrite":"","segment":"","name_first":"First_93619_TESTTEST","name_last":"Last_93619_TESTTEST","email_work":"automated_TESTTEST_2026-01-12_05_56_59@broadridge.com","phone_business":"999-999-9999","job_title":"Job_93619_TESTTEST","Company":"Company_93619_TESTTEST","country":"United States","comment":"This is an automated test submission.  Please ignore.","id":"","so":"","di":"","ct":"","ep":"","ot":"","mt":"","yr":"","rg":"","on":"","sub-source":"","campaignMostRecentID":"","content-id":"","orig-channel":"","campaign-name":"","campaignMostRecentName":"","campaignMostRecentSource":"","campaignMostRecentMedium":"","campaignMostRecentContent":"","campaignMostRecentTerm":"","campaignMostRecentContentID":"","campaignMostRecentSubSource":"","Persistent_utm_medium":"","Persistent_utm_source":"","Persistent_utm_term":"","Persistent_utm_campaign":"","Persistent_Sub_Source":"","Persistent_Content_ID":"","Persistent_Campaign_ID":"","Persistent_utm_content":"","Session_utm_medium":"","Session_utm_source":"","Session_utm_term":"","Session_utm_campaign":"","Session_Sub_Source":"","Session_Content_ID":"","Session_Campaign_ID":"701RN00000RbnVLYAZ","Session_utm_content":"","inquiry":"Gen Enq","fullURL":"https://www-dev.broadridge.com/press-release/2012/jose-contin-to-lead-broadridge-city-networks-expansion-in-emea","page_id":"177499","page_campaign_id":"","ecid":"","elqCampaignId":"","Formmodel":"flyout","Pagetype":"Press Release","g-recaptcha-response":"0cAFcWeA4sjcj1uRipxECR03WxnfL_0xFVwJrUJeGk0hndHRWmcjD0aaD6BW9OE1ZYN6I9j-aYAPXjhR1Kx5jXC3xM0tJkioVyKDy7OD29XdUOpzL7BmB4P2M-30y4P9-SICctdPPPEnrkZyKwlGDh9itl96yB40P8HkZBnIMkFBbbDGQGYzIMGM8T67UGsERiMkoaYnqQLjpLFisamznOv0QlWebBRpuPYve7SB2IKTELQTawTrCr3mXtcSPCQ5rFuMwvgYIsgftdKDizU_XhsMWEqae7GCHohbW2TgB_CaAFywQpPFhNe4GSYf_lOFy5sBpaaC2ryR8hvpJNJjmAZYPuxDoVa-oulimVJ_BFidmtYmcXOUEKsgiQHYs03t1pifwjrdqXmXJAh6aXayh9Q6fgGsmTQVMCB1vyLLel8wAy8rRryXvN3e3fxux4by3yAmUy_borStGSN_ZR_u6zHRZr-nip49_ZfE5-kHKZqOfKhvdWcBDh1GxgcRemTWETtQU6HA3Env_TsYuJgk9xwnDH5U4LAzxtOlXhTZR45CDrfWu_odTvyS_Wn2Q-LeGWtML3PCLvyyDy5CVGMhaZDjwDN0SiUYsaJEr6YPLVAHwIPrOnlBLQsb3q8JA_jYPV7zkmsRxG5284pHnZZsZ0WSrQy-iK4E3q0jYgHY7rcYY6dbmMguV3iky6o0BH7bwfNSCWiwvVpkAI3GH_8hK2OZfbfQ-AZXT_kdrbY2bdGesTmP88MCDBayE0J5r0dRAUJwjcr1LhiF94-7tzIF8gyaVN4ycwUywJGrCO8I-KNs0V63OAAcE8sbO2mQ-NBZDcv5DHfXfWYBqJ5S7ZCPxJuAwhk-dPkHobMYwvkMaFXfZ9aAaR0RSP17DIHoIc2wr-4a50kys_kEmPcBuhjDIDppbZQvIgb_i-DUGC0zPo-YOckCbiELRCQPRwbaGSeU6smjeR9GW6SarMim7YftrX7p40gZZnC6K2W2laqvosnfw81Xe3DTjUir8lRs9FJbPQhpRONBRaCoCYX4kbvUgAXyvJb9fiF8de3chOlkjjRVqR2J7-Hb2LWTLI8rmAJMDbzBYZfF7vWFZMUxlbABcsjD8EVQtVStRBK5s0cyybXvIfT8O7lVQeVLlqykexfS4QXW5Q9507E_zhQHP8godx3wytYrIOLrn3-GeFoW2JlTjYlaR1MSL-CcSB_UE273qKLLDEoHTWpCqAiVaipotGoDwhr9c5V5C7x0zWz5Vhz90rACxpMQx1JWxuP6IHLlNM5JYHWgPACC4MF10ysLOAIftuQvucQHZHXl6NZ1hzgt2jq3eirnyjYWa_UCaeCOC3GzL6jV1qcbkvW8jlcfmHF1u2JcxVJklrUCiW4hV0HZh9yPLMrrMh36jUt7TGRkO6XzFOjYdDCaxtvpFLeEiLBKteGHOWjXsnvpHgBvrc1uRiF23pG99HXdZhCY5WjTY_EI9nyMYJbUgzTn0ju6LYWmZ8QQPn8mToO9OzDNaYK3NumAotF2JoeJsvvrgnDNz4UXvxEPXKhFDrEmEr7_YH1iC4nW7sSgeLPkBThdF07-TCx1j-vLvr38hFh458_YJnrXMARB3gmf367byUO5KUP4gq5-4Bs-7vRVorqbbbx9qo8i7MKv6EOe9rxxMYLrwAcbMX6BT7klhMuGE0sbx1Rh93kO-j0XVSbvaRLmdKNnJnHUx7Jhu2LyodypRYodBtDE4BdKaGGxX22fqMt_2LsOrtEPR040ncZw"}
form message = Thank you for your interest in Broadridge.
A representative will contact you within 24 business hours.
formpayload for validation = {"formSubmissionId":"BRCMKE4XP-1768197422363","elqFormName":"","elqSiteID":"","datalayerheader":"","contact":"","formgtm":"","elqCustomerGUID":"","elqCookieWrite":"","segment":"","name_first":"First_93619_TESTTEST","name_last":"Last_93619_TESTTEST","email_work":"automated_TESTTEST_2026-01-12_05_56_59@broadridge.com","phone_business":"999-999-9999","job_title":"Job_93619_TESTTEST","Company":"Company_93619_TESTTEST","country":"United States","comment":"This is an automated test submission.  Please ignore.","id":"","so":"","di":"","ct":"","ep":"","ot":"","mt":"","yr":"","rg":"","on":"","sub-source":"","campaignMostRecentID":"","content-id":"","orig-channel":"","campaign-name":"","campaignMostRecentName":"","campaignMostRecentSource":"","campaignMostRecentMedium":"","campaignMostRecentContent":"","campaignMostRecentTerm":"","campaignMostRecentContentID":"","campaignMostRecentSubSource":"","Persistent_utm_medium":"","Persistent_utm_source":"","Persistent_utm_term":"","Persistent_utm_campaign":"","Persistent_Sub_Source":"","Persistent_Content_ID":"","Persistent_Campaign_ID":"","Persistent_utm_content":"","Session_utm_medium":"","Session_utm_source":"","Session_utm_term":"","Session_utm_campaign":"","Session_Sub_Source":"","Session_Content_ID":"","Session_Campaign_ID":"701RN00000RbnVLYAZ","Session_utm_content":"","inquiry":"Gen Enq","fullURL":"https://www-dev.broadridge.com/press-release/2012/jose-contin-to-lead-broadridge-city-networks-expansion-in-emea","page_id":"177499","page_campaign_id":"","ecid":"","elqCampaignId":"","Formmodel":"flyout","Pagetype":"Press Release","g-recaptcha-response":"0cAFcWeA4sjcj1uRipxECR03WxnfL_0xFVwJrUJeGk0hndHRWmcjD0aaD6BW9OE1ZYN6I9j-aYAPXjhR1Kx5jXC3xM0tJkioVyKDy7OD29XdUOpzL7BmB4P2M-30y4P9-SICctdPPPEnrkZyKwlGDh9itl96yB40P8HkZBnIMkFBbbDGQGYzIMGM8T67UGsERiMkoaYnqQLjpLFisamznOv0QlWebBRpuPYve7SB2IKTELQTawTrCr3mXtcSPCQ5rFuMwvgYIsgftdKDizU_XhsMWEqae7GCHohbW2TgB_CaAFywQpPFhNe4GSYf_lOFy5sBpaaC2ryR8hvpJNJjmAZYPuxDoVa-oulimVJ_BFidmtYmcXOUEKsgiQHYs03t1pifwjrdqXmXJAh6aXayh9Q6fgGsmTQVMCB1vyLLel8wAy8rRryXvN3e3fxux4by3yAmUy_borStGSN_ZR_u6zHRZr-nip49_ZfE5-kHKZqOfKhvdWcBDh1GxgcRemTWETtQU6HA3Env_TsYuJgk9xwnDH5U4LAzxtOlXhTZR45CDrfWu_odTvyS_Wn2Q-LeGWtML3PCLvyyDy5CVGMhaZDjwDN0SiUYsaJEr6YPLVAHwIPrOnlBLQsb3q8JA_jYPV7zkmsRxG5284pHnZZsZ0WSrQy-iK4E3q0jYgHY7rcYY6dbmMguV3iky6o0BH7bwfNSCWiwvVpkAI3GH_8hK2OZfbfQ-AZXT_kdrbY2bdGesTmP88MCDBayE0J5r0dRAUJwjcr1LhiF94-7tzIF8gyaVN4ycwUywJGrCO8I-KNs0V63OAAcE8sbO2mQ-NBZDcv5DHfXfWYBqJ5S7ZCPxJuAwhk-dPkHobMYwvkMaFXfZ9aAaR0RSP17DIHoIc2wr-4a50kys_kEmPcBuhjDIDppbZQvIgb_i-DUGC0zPo-YOckCbiELRCQPRwbaGSeU6smjeR9GW6SarMim7YftrX7p40gZZnC6K2W2laqvosnfw81Xe3DTjUir8lRs9FJbPQhpRONBRaCoCYX4kbvUgAXyvJb9fiF8de3chOlkjjRVqR2J7-Hb2LWTLI8rmAJMDbzBYZfF7vWFZMUxlbABcsjD8EVQtVStRBK5s0cyybXvIfT8O7lVQeVLlqykexfS4QXW5Q9507E_zhQHP8godx3wytYrIOLrn3-GeFoW2JlTjYlaR1MSL-CcSB_UE273qKLLDEoHTWpCqAiVaipotGoDwhr9c5V5C7x0zWz5Vhz90rACxpMQx1JWxuP6IHLlNM5JYHWgPACC4MF10ysLOAIftuQvucQHZHXl6NZ1hzgt2jq3eirnyjYWa_UCaeCOC3GzL6jV1qcbkvW8jlcfmHF1u2JcxVJklrUCiW4hV0HZh9yPLMrrMh36jUt7TGRkO6XzFOjYdDCaxtvpFLeEiLBKteGHOWjXsnvpHgBvrc1uRiF23pG99HXdZhCY5WjTY_EI9nyMYJbUgzTn0ju6LYWmZ8QQPn8mToO9OzDNaYK3NumAotF2JoeJsvvrgnDNz4UXvxEPXKhFDrEmEr7_YH1iC4nW7sSgeLPkBThdF07-TCx1j-vLvr38hFh458_YJnrXMARB3gmf367byUO5KUP4gq5-4Bs-7vRVorqbbbx9qo8i7MKv6EOe9rxxMYLrwAcbMX6BT7klhMuGE0sbx1Rh93kO-j0XVSbvaRLmdKNnJnHUx7Jhu2LyodypRYodBtDE4BdKaGGxX22fqMt_2LsOrtEPR040ncZw"}
formSubmissionId = BRCMKE4XP-1768197422363
fullURL = https://www-dev.broadridge.com/press-release/2012/jose-contin-to-lead-broadridge-city-networks-expansion-in-emea
page comparison URL = https://www-dev.broadridge.com/press-release/2012/jose-contin-to-lead-broadridge-city-networks-expansion-in-emea
................Header Contact Us Form Filled...................
V2 ContactUs form NOT found on the bottom
V2 Download form NOT found on the bottom
no cookie button
header ContactUs button found = true
emailTimeStamp = automated_TESTTEST_2026-01-12_05_57_40@broadridge.com
📤 Form payload = {"formSubmissionId":"BRREVRLTQ-1768197462861","elqFormName":"","elqSiteID":"","datalayerheader":"","contact":"","formgtm":"","elqCustomerGUID":"","elqCookieWrite":"","segment":"","name_first":"First_93619_TESTTEST","name_last":"Last_93619_TESTTEST","email_work":"automated_TESTTEST_2026-01-12_05_57_40@broadridge.com","phone_business":"999-999-9999","job_title":"Job_93619_TESTTEST","Company":"Company_93619_TESTTEST","country":"United States","comment":"This is an automated test submission.  Please ignore.","id":"","so":"","di":"","ct":"","ep":"","ot":"","mt":"","yr":"","rg":"","on":"","sub-source":"","campaignMostRecentID":"","content-id":"","orig-channel":"","campaign-name":"","campaignMostRecentName":"","campaignMostRecentSource":"","campaignMostRecentMedium":"","campaignMostRecentContent":"","campaignMostRecentTerm":"","campaignMostRecentContentID":"","campaignMostRecentSubSource":"","Persistent_utm_medium":"","Persistent_utm_source":"","Persistent_utm_term":"","Persistent_utm_campaign":"","Persistent_Sub_Source":"","Persistent_Content_ID":"","Persistent_Campaign_ID":"","Persistent_utm_content":"","Session_utm_medium":"","Session_utm_source":"","Session_utm_term":"","Session_utm_campaign":"","Session_Sub_Source":"","Session_Content_ID":"","Session_Campaign_ID":"701RN00000RbnVLYAZ","Session_utm_content":"","inquiry":"Gen Enq","fullURL":"https://www-dev.broadridge.com/press-release/2012/broadridge-reports-fourth-quarter-and-fiscal-year-2012-results","page_id":"177479","page_campaign_id":"","ecid":"","elqCampaignId":"","Formmodel":"flyout","Pagetype":"Press Release","g-recaptcha-response":"0cAFcWeA4QeFjHXSSe7PUYcqymg7UpcaLycJliMXbNAA4uj3z6EmXrXKvprW0KgRdKU0dvZ72b12dsjNPq0Zw67994uxE_eqL1XNtut11Jqrmgx0DnAbZwzjrQ9wl0jxZPrO8W16Bo2odQa6Qj-eBpJ_PLeYplZ05pB391rrVxNwQnhbIxdY9McQZjE7N1dDi6ogCa4Iwa-sg4M6eNWaTBOGPisgxWDd6DMZ-DB1ZfvOG5zrwK2sVy1sRKBKJd5mFCyJoKosOQLd966f3oEYdb0f5B8L6t_jdr8u6uX2RDkUlgi2ZKVGRUgZpSddUyTt0e_NJ13b9A1FH6zlyo5D8R2E3eQfhkLQosCDtDqE274bbjp5WJFMZmJKF-mCX9TPLsODaJsjPv6D13LE-sDrPAbDrXFHPVF9AySkPmE28gQxyF4oIASUUqVDQLrJZCK1QPeHJvM0MSaal1OYuy7ZFyLLTB_NsL5UCrge2Hh80PGBWQNjygLmlRpnmgEr4gq6-bQton4DyJafAX2AttutTce_OmqPI_PJjcmQNEXcpcJUmDuO14q0YHYSA_sN_ZYTDKzFMrC6nfl7YoDFVo1QfBOe-2am466ofhCSguxfs3uFFi_dGxK8gb3HpuoLXUfL0KW3RBSBAvFuu94KG6JSze4wGSSbXH1aqTxhdQM6WB-Go4qLAcdxGjJPl5yKJOx-HFR012or7ode25gvw1aYbKNt8-yMhWfTPXc7sF3UoI5po3K2pKeByhzwiwo6Nv4Zvfo26FFze8J_Ka-_c5NoCjYbA0pzRQx0_ytM2TZZV-C1h-j_gMZkcRRvsg820hU_pkScuTx0mQkHqhntHV_IpO_4V1NPokJ1uMGlT2vMW-KJBPnpCwSqyYhtlOVrZnsdEbx939BwGEaheifirlZOy_mkMky7NmPbSs-VMP9C6rL6UcxbJMdgH3mGy9ingPBXWfThFtYHgZ4BFkwf1QzYtBnBq_jFPy6xV_yfm5U0XZiPf9pgARFA3zq5kTqHOzqyoMbkMh9sGb9I8r-lWGivIBfA_LSo6SP_aZhRbXRrrq2WKmYqxtTRVhXHT_3FxU3RHfbQHbR7Rolmxi6--RB-EQNedAusFK49P2KglxmPjpgdNWnw9qy_87cGdSBxSIV1fuuhdR2gKHwcJFrYddFS6NFuFvXrSIgcgq_xXDtcQXV4oY-2F-0bhtHfcVgc56672FC6TBtPLncF1sKgGn9CuvByFBrTWq0H4BdKnIi6dIoL1RLwvK9fQ15Q5YFzMwpInWz0UpAD4OKjR_Q7b3Du0-Ta4rQDl8wwcNv2WnbuqAl7bKnnDcH0UJicbxHRDSzsKF5krML1xC_BvxfE7e3IpnVbOIDsmicxdz3sciBiUcDM-ywgpkodnwPXC4qxUWZYvW2HxiWZRLLDZVXQLvO2qeMjQuutjqOuZNCY7FUBP9E9DqsKpR6Bs87MwzhTpoHov4eG5KYmVyLeIJBRDviI9eR7WrO1GwU-fgD3viouJQZMqRzJGnUzPWFTAVyirukmOkwjV-SuHL8eu-ItRSy7VCWAQYRt_lqkZaBeBtLpA0fck4c9C-FmL6ZRA3e_cRol1KtVZJbTxRkSrRoZdVwg1KKpg4Tj8_KhlIGWt-Becl6xSV8234lqZQ3A8uU0ZcDDCiyKJw7neE2GV-k4_5CRiyDPscJHCUM0U6pPOjhayVS0ZZpa96qSBrc7c"}
form message = Thank you for your interest in Broadridge.
A representative will contact you within 24 business hours.
formpayload for validation = {"formSubmissionId":"BRREVRLTQ-1768197462861","elqFormName":"","elqSiteID":"","datalayerheader":"","contact":"","formgtm":"","elqCustomerGUID":"","elqCookieWrite":"","segment":"","name_first":"First_93619_TESTTEST","name_last":"Last_93619_TESTTEST","email_work":"automated_TESTTEST_2026-01-12_05_57_40@broadridge.com","phone_business":"999-999-9999","job_title":"Job_93619_TESTTEST","Company":"Company_93619_TESTTEST","country":"United States","comment":"This is an automated test submission.  Please ignore.","id":"","so":"","di":"","ct":"","ep":"","ot":"","mt":"","yr":"","rg":"","on":"","sub-source":"","campaignMostRecentID":"","content-id":"","orig-channel":"","campaign-name":"","campaignMostRecentName":"","campaignMostRecentSource":"","campaignMostRecentMedium":"","campaignMostRecentContent":"","campaignMostRecentTerm":"","campaignMostRecentContentID":"","campaignMostRecentSubSource":"","Persistent_utm_medium":"","Persistent_utm_source":"","Persistent_utm_term":"","Persistent_utm_campaign":"","Persistent_Sub_Source":"","Persistent_Content_ID":"","Persistent_Campaign_ID":"","Persistent_utm_content":"","Session_utm_medium":"","Session_utm_source":"","Session_utm_term":"","Session_utm_campaign":"","Session_Sub_Source":"","Session_Content_ID":"","Session_Campaign_ID":"701RN00000RbnVLYAZ","Session_utm_content":"","inquiry":"Gen Enq","fullURL":"https://www-dev.broadridge.com/press-release/2012/broadridge-reports-fourth-quarter-and-fiscal-year-2012-results","page_id":"177479","page_campaign_id":"","ecid":"","elqCampaignId":"","Formmodel":"flyout","Pagetype":"Press Release","g-recaptcha-response":"0cAFcWeA4QeFjHXSSe7PUYcqymg7UpcaLycJliMXbNAA4uj3z6EmXrXKvprW0KgRdKU0dvZ72b12dsjNPq0Zw67994uxE_eqL1XNtut11Jqrmgx0DnAbZwzjrQ9wl0jxZPrO8W16Bo2odQa6Qj-eBpJ_PLeYplZ05pB391rrVxNwQnhbIxdY9McQZjE7N1dDi6ogCa4Iwa-sg4M6eNWaTBOGPisgxWDd6DMZ-DB1ZfvOG5zrwK2sVy1sRKBKJd5mFCyJoKosOQLd966f3oEYdb0f5B8L6t_jdr8u6uX2RDkUlgi2ZKVGRUgZpSddUyTt0e_NJ13b9A1FH6zlyo5D8R2E3eQfhkLQosCDtDqE274bbjp5WJFMZmJKF-mCX9TPLsODaJsjPv6D13LE-sDrPAbDrXFHPVF9AySkPmE28gQxyF4oIASUUqVDQLrJZCK1QPeHJvM0MSaal1OYuy7ZFyLLTB_NsL5UCrge2Hh80PGBWQNjygLmlRpnmgEr4gq6-bQton4DyJafAX2AttutTce_OmqPI_PJjcmQNEXcpcJUmDuO14q0YHYSA_sN_ZYTDKzFMrC6nfl7YoDFVo1QfBOe-2am466ofhCSguxfs3uFFi_dGxK8gb3HpuoLXUfL0KW3RBSBAvFuu94KG6JSze4wGSSbXH1aqTxhdQM6WB-Go4qLAcdxGjJPl5yKJOx-HFR012or7ode25gvw1aYbKNt8-yMhWfTPXc7sF3UoI5po3K2pKeByhzwiwo6Nv4Zvfo26FFze8J_Ka-_c5NoCjYbA0pzRQx0_ytM2TZZV-C1h-j_gMZkcRRvsg820hU_pkScuTx0mQkHqhntHV_IpO_4V1NPokJ1uMGlT2vMW-KJBPnpCwSqyYhtlOVrZnsdEbx939BwGEaheifirlZOy_mkMky7NmPbSs-VMP9C6rL6UcxbJMdgH3mGy9ingPBXWfThFtYHgZ4BFkwf1QzYtBnBq_jFPy6xV_yfm5U0XZiPf9pgARFA3zq5kTqHOzqyoMbkMh9sGb9I8r-lWGivIBfA_LSo6SP_aZhRbXRrrq2WKmYqxtTRVhXHT_3FxU3RHfbQHbR7Rolmxi6--RB-EQNedAusFK49P2KglxmPjpgdNWnw9qy_87cGdSBxSIV1fuuhdR2gKHwcJFrYddFS6NFuFvXrSIgcgq_xXDtcQXV4oY-2F-0bhtHfcVgc56672FC6TBtPLncF1sKgGn9CuvByFBrTWq0H4BdKnIi6dIoL1RLwvK9fQ15Q5YFzMwpInWz0UpAD4OKjR_Q7b3Du0-Ta4rQDl8wwcNv2WnbuqAl7bKnnDcH0UJicbxHRDSzsKF5krML1xC_BvxfE7e3IpnVbOIDsmicxdz3sciBiUcDM-ywgpkodnwPXC4qxUWZYvW2HxiWZRLLDZVXQLvO2qeMjQuutjqOuZNCY7FUBP9E9DqsKpR6Bs87MwzhTpoHov4eG5KYmVyLeIJBRDviI9eR7WrO1GwU-fgD3viouJQZMqRzJGnUzPWFTAVyirukmOkwjV-SuHL8eu-ItRSy7VCWAQYRt_lqkZaBeBtLpA0fck4c9C-FmL6ZRA3e_cRol1KtVZJbTxRkSrRoZdVwg1KKpg4Tj8_KhlIGWt-Becl6xSV8234lqZQ3A8uU0ZcDDCiyKJw7neE2GV-k4_5CRiyDPscJHCUM0U6pPOjhayVS0ZZpa96qSBrc7c"}
formSubmissionId = BRREVRLTQ-1768197462861
fullURL = https://www-dev.broadridge.com/press-release/2012/broadridge-reports-fourth-quarter-and-fiscal-year-2012-results
page comparison URL = https://www-dev.broadridge.com/press-release/2012/broadridge-reports-fourth-quarter-and-fiscal-year-2012-results
................Header Contact Us Form Filled...................
V2 ContactUs form NOT found on the bottom
V2 Download form NOT found on the bottom
no cookie button
header ContactUs button found = true
emailTimeStamp = automated_TESTTEST_2026-01-12_05_58_20@broadridge.com
📤 Form payload = {"formSubmissionId":"BRN2W4MBI-1768197503052","elqFormName":"","elqSiteID":"","datalayerheader":"","contact":"","formgtm":"","elqCustomerGUID":"","elqCookieWrite":"","segment":"","name_first":"First_93619_TESTTEST","name_last":"Last_93619_TESTTEST","email_work":"automated_TESTTEST_2026-01-12_05_58_20@broadridge.com","phone_business":"999-999-9999","job_title":"Job_93619_TESTTEST","Company":"Company_93619_TESTTEST","country":"United States","comment":"This is an automated test submission.  Please ignore.","id":"","so":"","di":"","ct":"","ep":"","ot":"","mt":"","yr":"","rg":"","on":"","sub-source":"","campaignMostRecentID":"","content-id":"","orig-channel":"","campaign-name":"","campaignMostRecentName":"","campaignMostRecentSource":"","campaignMostRecentMedium":"","campaignMostRecentContent":"","campaignMostRecentTerm":"","campaignMostRecentContentID":"","campaignMostRecentSubSource":"","Persistent_utm_medium":"","Persistent_utm_source":"","Persistent_utm_term":"","Persistent_utm_campaign":"","Persistent_Sub_Source":"","Persistent_Content_ID":"","Persistent_Campaign_ID":"","Persistent_utm_content":"","Session_utm_medium":"","Session_utm_source":"","Session_utm_term":"","Session_utm_campaign":"","Session_Sub_Source":"","Session_Content_ID":"","Session_Campaign_ID":"701RN00000RbnVLYAZ","Session_utm_content":"","inquiry":"Gen Enq","fullURL":"https://www-dev.broadridge.com/press-release/2012/renowned-keynote-speakers-to-take-stage","page_id":"177730","page_campaign_id":"","ecid":"","elqCampaignId":"","Formmodel":"flyout","Pagetype":"Press Release","g-recaptcha-response":"0cAFcWeA4WkzN-ZX0SBzU70RdpPq_xRYPWnfOkoV7YiinFWSsefqkqMVlBrzfLTfWV20iouqVQT-GWi__mklVjEJ5bfUe0_Bmt0h_OOH37CZAb0SGfzbFKncI3XM9pRpJFB21oQrkxIHaemNXxZTY98k1lNevqDsptxwQdI9YQ7Tzi5fr0YG-wIi2e1D83TeU1qE2srOFfNYQQ-MV9COrYSqcb8hgH75l66FsUswcxjLPi9XXXTckNgHCsDVJpZb0mO0ituRu4ImckSePA10hnhCVJ1pd5e_rI5tWLof10HyDDEK_2vrWB81Ozw8TFPhdzMjXNzNQPL0iRYovZEvlZTH2T3SFUsJye-0STp7WOOTK_UAPInG1hbNI0oUSx-vljocRwDwibEuFgAd_9xwU_nAcxzrm2plkkuSr01vaRComGJZhzNFOXZe2GveydXwiSRgZXaEO7840cyAYW8uemzaJJweWR_p_VgsXR0NV5ZTkQtAKkadZN4TkTzCbw9Tg_RyWJH3m2EFWsRZroXTnQZF9xlmpMoxXwAxuJDsivh-ZkyMSC80JwJa6N6rXvjpLcPyPBuiXDXRISayPA5qTQlWyjzVpsEakP5L0Zg2UI6QtrQcxtih30dxXqY2qzLVTK7-IAjyhsD0oyAoHb-UtGqyvKJgU21jK_jRk5Cyldj_jzTaZCb2UUDPtlf_31ZePPkZ04MABPMc9pTHzBBRHOS4MN2AQ2frgbU-PCSJT2o_WPRVe1g-0rwaq7okIliuXD5I0VgkmpJHAQTV5dzKd01bTr1mxF9luef6dKX0tcBj1RJAanVUcvMg9acLd7_w7pkN5YHc4RDKqB2Qm7pGvkfFj9CFQDRzpQepSdbDz5wqB36afEyAb8VSY4SDgz1c7EoRbNofA0jt4h_XSI4crIlAVKmd9f3gY2sUzj19l7l4c2zXUH5C_rWVTpAU8R-wVJlOpZniH6KZytNXSWetFxSypgmRHUO5kqqGtevLWOI8P-vGUCVQK2xMOn7BArmYvgWm21j-XD3IYWMdUk3b6YPmXTm6TTXRzsPstxYu2Zj4MfkIx3hdYHUr15YjotL5RO5nA19YI4vb-Eci7cOMvMM4NhGERTgvWSk1NOtcVlXGRQe63aekA3_OA73B5JhYOo-6omXRFpAhJ6uulZP3R0-mZfgGBf0IccFXuFPOPtY7u63k_1BXM0CSQNp4x6UNYoPhGap7ZxllEnTQUh9asDef69ndggENfM8bvHPYpXHq2Wgpdk5fc7oCTfjmADEVOOXrcGVmRUddbwKIPJ1vUKwhE7AqblmOBd2mfL3wnKqN4ZfmfYljjOP_vIKdBPZaZQx45_y1IJ2rgXFGJZ222qKjkWqo2py3YJbfpjE0cWgHnc6CiADej_bCKOtSF6BBXeQrZJn1rpR8zV18WAdrErK0tTQocZb26LaJJKJbnBo7ubsmr0WUdqqeYtfAXdSrUf3Vt8EZjM5oS6FGBF1LgkC3AqrEKCHruqpTtJcg1ibVriN-ZTRAVkQrlIVOE5NguibYErenhC9ZJRYsoYOHyKYbP-yndJbO78gah2XZjL_7ftJKgTC3A5kr3v-PqJ129miSPpXI8AdrSrHmFtzpelcZ8M_18Jelvy2Qd38lG7OPCr9-oLzGz12PI_v4NRXOXzewovkyMdA_QaZI0afZUm3Nxp-A8AzgEaoA"}
form message = Thank you for your interest in Broadridge.
A representative will contact you within 24 business hours.
formpayload for validation = {"formSubmissionId":"BRN2W4MBI-1768197503052","elqFormName":"","elqSiteID":"","datalayerheader":"","contact":"","formgtm":"","elqCustomerGUID":"","elqCookieWrite":"","segment":"","name_first":"First_93619_TESTTEST","name_last":"Last_93619_TESTTEST","email_work":"automated_TESTTEST_2026-01-12_05_58_20@broadridge.com","phone_business":"999-999-9999","job_title":"Job_93619_TESTTEST","Company":"Company_93619_TESTTEST","country":"United States","comment":"This is an automated test submission.  Please ignore.","id":"","so":"","di":"","ct":"","ep":"","ot":"","mt":"","yr":"","rg":"","on":"","sub-source":"","campaignMostRecentID":"","content-id":"","orig-channel":"","campaign-name":"","campaignMostRecentName":"","campaignMostRecentSource":"","campaignMostRecentMedium":"","campaignMostRecentContent":"","campaignMostRecentTerm":"","campaignMostRecentContentID":"","campaignMostRecentSubSource":"","Persistent_utm_medium":"","Persistent_utm_source":"","Persistent_utm_term":"","Persistent_utm_campaign":"","Persistent_Sub_Source":"","Persistent_Content_ID":"","Persistent_Campaign_ID":"","Persistent_utm_content":"","Session_utm_medium":"","Session_utm_source":"","Session_utm_term":"","Session_utm_campaign":"","Session_Sub_Source":"","Session_Content_ID":"","Session_Campaign_ID":"701RN00000RbnVLYAZ","Session_utm_content":"","inquiry":"Gen Enq","fullURL":"https://www-dev.broadridge.com/press-release/2012/renowned-keynote-speakers-to-take-stage","page_id":"177730","page_campaign_id":"","ecid":"","elqCampaignId":"","Formmodel":"flyout","Pagetype":"Press Release","g-recaptcha-response":"0cAFcWeA4WkzN-ZX0SBzU70RdpPq_xRYPWnfOkoV7YiinFWSsefqkqMVlBrzfLTfWV20iouqVQT-GWi__mklVjEJ5bfUe0_Bmt0h_OOH37CZAb0SGfzbFKncI3XM9pRpJFB21oQrkxIHaemNXxZTY98k1lNevqDsptxwQdI9YQ7Tzi5fr0YG-wIi2e1D83TeU1qE2srOFfNYQQ-MV9COrYSqcb8hgH75l66FsUswcxjLPi9XXXTckNgHCsDVJpZb0mO0ituRu4ImckSePA10hnhCVJ1pd5e_rI5tWLof10HyDDEK_2vrWB81Ozw8TFPhdzMjXNzNQPL0iRYovZEvlZTH2T3SFUsJye-0STp7WOOTK_UAPInG1hbNI0oUSx-vljocRwDwibEuFgAd_9xwU_nAcxzrm2plkkuSr01vaRComGJZhzNFOXZe2GveydXwiSRgZXaEO7840cyAYW8uemzaJJweWR_p_VgsXR0NV5ZTkQtAKkadZN4TkTzCbw9Tg_RyWJH3m2EFWsRZroXTnQZF9xlmpMoxXwAxuJDsivh-ZkyMSC80JwJa6N6rXvjpLcPyPBuiXDXRISayPA5qTQlWyjzVpsEakP5L0Zg2UI6QtrQcxtih30dxXqY2qzLVTK7-IAjyhsD0oyAoHb-UtGqyvKJgU21jK_jRk5Cyldj_jzTaZCb2UUDPtlf_31ZePPkZ04MABPMc9pTHzBBRHOS4MN2AQ2frgbU-PCSJT2o_WPRVe1g-0rwaq7okIliuXD5I0VgkmpJHAQTV5dzKd01bTr1mxF9luef6dKX0tcBj1RJAanVUcvMg9acLd7_w7pkN5YHc4RDKqB2Qm7pGvkfFj9CFQDRzpQepSdbDz5wqB36afEyAb8VSY4SDgz1c7EoRbNofA0jt4h_XSI4crIlAVKmd9f3gY2sUzj19l7l4c2zXUH5C_rWVTpAU8R-wVJlOpZniH6KZytNXSWetFxSypgmRHUO5kqqGtevLWOI8P-vGUCVQK2xMOn7BArmYvgWm21j-XD3IYWMdUk3b6YPmXTm6TTXRzsPstxYu2Zj4MfkIx3hdYHUr15YjotL5RO5nA19YI4vb-Eci7cOMvMM4NhGERTgvWSk1NOtcVlXGRQe63aekA3_OA73B5JhYOo-6omXRFpAhJ6uulZP3R0-mZfgGBf0IccFXuFPOPtY7u63k_1BXM0CSQNp4x6UNYoPhGap7ZxllEnTQUh9asDef69ndggENfM8bvHPYpXHq2Wgpdk5fc7oCTfjmADEVOOXrcGVmRUddbwKIPJ1vUKwhE7AqblmOBd2mfL3wnKqN4ZfmfYljjOP_vIKdBPZaZQx45_y1IJ2rgXFGJZ222qKjkWqo2py3YJbfpjE0cWgHnc6CiADej_bCKOtSF6BBXeQrZJn1rpR8zV18WAdrErK0tTQocZb26LaJJKJbnBo7ubsmr0WUdqqeYtfAXdSrUf3Vt8EZjM5oS6FGBF1LgkC3AqrEKCHruqpTtJcg1ibVriN-ZTRAVkQrlIVOE5NguibYErenhC9ZJRYsoYOHyKYbP-yndJbO78gah2XZjL_7ftJKgTC3A5kr3v-PqJ129miSPpXI8AdrSrHmFtzpelcZ8M_18Jelvy2Qd38lG7OPCr9-oLzGz12PI_v4NRXOXzewovkyMdA_QaZI0afZUm3Nxp-A8AzgEaoA"}
formSubmissionId = BRN2W4MBI-1768197503052
fullURL = https://www-dev.broadridge.com/press-release/2012/renowned-keynote-speakers-to-take-stage
page comparison URL = https://www-dev.broadridge.com/press-release/2012/renowned-keynote-speakers-to-take-stage
................Header Contact Us Form Filled...................
V2 ContactUs form NOT found on the bottom
V2 Download form NOT found on the bottom
no cookie button
header ContactUs button found = true
emailTimeStamp = automated_TESTTEST_2026-01-12_05_59_00@broadridge.com
📤 Form payload = {"formSubmissionId":"BRF4OVVUV-1768197543561","elqFormName":"","elqSiteID":"","datalayerheader":"","contact":"","formgtm":"","elqCustomerGUID":"","elqCookieWrite":"","segment":"","name_first":"First_93619_TESTTEST","name_last":"Last_93619_TESTTEST","email_work":"automated_TESTTEST_2026-01-12_05_59_00@broadridge.com","phone_business":"999-999-9999","job_title":"Job_93619_TESTTEST","Company":"Company_93619_TESTTEST","country":"United States","comment":"This is an automated test submission.  Please ignore.","id":"","so":"","di":"","ct":"","ep":"","ot":"","mt":"","yr":"","rg":"","on":"","sub-source":"","campaignMostRecentID":"","content-id":"","orig-channel":"","campaign-name":"","campaignMostRecentName":"","campaignMostRecentSource":"","campaignMostRecentMedium":"","campaignMostRecentContent":"","campaignMostRecentTerm":"","campaignMostRecentContentID":"","campaignMostRecentSubSource":"","Persistent_utm_medium":"","Persistent_utm_source":"","Persistent_utm_term":"","Persistent_utm_campaign":"","Persistent_Sub_Source":"","Persistent_Content_ID":"","Persistent_Campaign_ID":"","Persistent_utm_content":"","Session_utm_medium":"","Session_utm_source":"","Session_utm_term":"","Session_utm_campaign":"","Session_Sub_Source":"","Session_Content_ID":"","Session_Campaign_ID":"701RN00000RbnVLYAZ","Session_utm_content":"","inquiry":"Gen Enq","fullURL":"https://www-dev.broadridge.com/press-release/2012/united-planners-adds-broadridges-matrix-to-qualified-plan-platform","page_id":"177733","page_campaign_id":"","ecid":"","elqCampaignId":"","Formmodel":"flyout","Pagetype":"Press Release","g-recaptcha-response":"0cAFcWeA5xFnw7j8bqwUKH4fdKOQjf1ERvl0iuClNRggdEIXSnPOLXcMe-3c1-wsdVTVU8pdg168hKk-xlWTOFum24a3eUg4Onq_xUgnYeuqN8IGN0za5Km0Bhw0ddscNl3D1rbOUkzpcrQjTnxr4nqloxpTJm0Pa4OyVqYbMhXCkVwTlboIskNiiJu7eaWLriPbK0YVPZlbSgON_rrhJ26H3ZLIqoedQ5BbcGyG3GnjhXGhkvpcvO6RzY_XFud1bB8bBsVAUXNPQpePo8-uMT4CvEmLC_iwudUqpLrL8hiyeGWCrPAHeViS3ihRn6bC7RMcq8R3zifwObNaFuts5yDDphlS8rl296iXmx_tpck7jcUx9r5BLi1XF72plzFO7GoaQ6ZGSjno0-qndMG96yIFek0SItgOgfXAkUdwf4_CejYCk32LtXzMgp2RmJPrbNpOtUcClo9ivy0RiiUeZT7f_-GNmhGMHZqe1AyDTQkwHwXZcwGYCjPHoXsaLeLWnjf9-jrqqGxw7TH9SRkkDe9sudXIOj_XLM_59PLjuHPqEJ97lI5NGNWwyyLapu80F1HycS5p3EwXkcB_6ThwHZl3LB9Pp-c26m4oczy47-3qlQMHAgd1tAHZ_dx__aPYgPClpm0wILcZx_-sPuTfaqb01Nnl7HBwo_Z8oou4Q2Kc0K9epQkJ1bWgrsWW3xNIDQ0HEaTrW-zzqI2_TWBx71eYGzU6A1YYmZiDR--qXoy9qbEd0YZEbW5OwaCPAhr1ETCDMFJK722-jXiQqew_nycYebZNezGzxrCObjjsc49EjadCm1aKpR7yVa8xnTAPz6MrVjb3cb44BHbagqOWDaCnmRQoO_e1xWl7rOKvUJP2Um38KsQR9uzh7Msl6rx-0uXEWCmBEsOO1P-Q4mawqwuzrCEr_UsiYfZYUISIEZmD3fgTT3BjaH1annOV83O27CkR0jHpDuTC4WsDoX1Nu8MvKvBt_oI4f6LmthE8LWg0y3EMZakNGnEOzQPlpINngMGrd0D3jZrYgUMf5MPZKmXI-gak08ZHLDpmNKQ6U5HcqNBAcWlZshR4UGmbb4a7MUKaF_cN031RwrZnr0d4ivCVvVI_EiOrCqc0oR3djz3yjQqoViBGHV8jwuNKP1Y7L9pvTG-T_uNj4DbUjf_g7vxQXnXOd8YpZDIEGG9pIYXQHV_GHEcCfksFrgXkcEF_zXk5zgYn3aiWNh5pSYvYJn83VnqK-wF-E3Wbz3TRH_8RSctLLcZ8cIQxuBudJMZVMiB7GvOElA0i-bJyPK1wiP1KEqqGKAN2vQcuphelH71mWK799UC6LbBR1SSGwWDbPCB6h7AO_GAYWBmxSWZdWEb2mPEdSnptYVwzZu0_3LFO0SltJL8zKWP_oueM-bC-_dFbkq28oTybSepqsjTowRM_AhUaRDpaE6Ong5C_XBX__7DeoSGJDEnZ0sVNEbpUa8ylJuIX6dV-OYb1VaNQuPQmfdxw9E7L5LEXFIdN6joIDVBfZvnnHaeM2WUXhf5AduN4I0aGTbE6BmrIabRBKLNNcOiD8_xTO_UrcAhDsIIVSei4IIHHgPMA_mOrLxwGAX1CF2sD6WfhwlFALMTAd5Yio_EjfghDHz5hMsCzTrtJGvGrhroAwzCqR6BIHfjAhpmoirFqcwlFtGC2lM30A8n-jGEzUWs6Ch7uoj3trtj_Xo5IGDrNz70W4"}
form message = Thank you for your interest in Broadridge.
A representative will contact you within 24 business hours.
formpayload for validation = {"formSubmissionId":"BRF4OVVUV-1768197543561","elqFormName":"","elqSiteID":"","datalayerheader":"","contact":"","formgtm":"","elqCustomerGUID":"","elqCookieWrite":"","segment":"","name_first":"First_93619_TESTTEST","name_last":"Last_93619_TESTTEST","email_work":"automated_TESTTEST_2026-01-12_05_59_00@broadridge.com","phone_business":"999-999-9999","job_title":"Job_93619_TESTTEST","Company":"Company_93619_TESTTEST","country":"United States","comment":"This is an automated test submission.  Please ignore.","id":"","so":"","di":"","ct":"","ep":"","ot":"","mt":"","yr":"","rg":"","on":"","sub-source":"","campaignMostRecentID":"","content-id":"","orig-channel":"","campaign-name":"","campaignMostRecentName":"","campaignMostRecentSource":"","campaignMostRecentMedium":"","campaignMostRecentContent":"","campaignMostRecentTerm":"","campaignMostRecentContentID":"","campaignMostRecentSubSource":"","Persistent_utm_medium":"","Persistent_utm_source":"","Persistent_utm_term":"","Persistent_utm_campaign":"","Persistent_Sub_Source":"","Persistent_Content_ID":"","Persistent_Campaign_ID":"","Persistent_utm_content":"","Session_utm_medium":"","Session_utm_source":"","Session_utm_term":"","Session_utm_campaign":"","Session_Sub_Source":"","Session_Content_ID":"","Session_Campaign_ID":"701RN00000RbnVLYAZ","Session_utm_content":"","inquiry":"Gen Enq","fullURL":"https://www-dev.broadridge.com/press-release/2012/united-planners-adds-broadridges-matrix-to-qualified-plan-platform","page_id":"177733","page_campaign_id":"","ecid":"","elqCampaignId":"","Formmodel":"flyout","Pagetype":"Press Release","g-recaptcha-response":"0cAFcWeA5xFnw7j8bqwUKH4fdKOQjf1ERvl0iuClNRggdEIXSnPOLXcMe-3c1-wsdVTVU8pdg168hKk-xlWTOFum24a3eUg4Onq_xUgnYeuqN8IGN0za5Km0Bhw0ddscNl3D1rbOUkzpcrQjTnxr4nqloxpTJm0Pa4OyVqYbMhXCkVwTlboIskNiiJu7eaWLriPbK0YVPZlbSgON_rrhJ26H3ZLIqoedQ5BbcGyG3GnjhXGhkvpcvO6RzY_XFud1bB8bBsVAUXNPQpePo8-uMT4CvEmLC_iwudUqpLrL8hiyeGWCrPAHeViS3ihRn6bC7RMcq8R3zifwObNaFuts5yDDphlS8rl296iXmx_tpck7jcUx9r5BLi1XF72plzFO7GoaQ6ZGSjno0-qndMG96yIFek0SItgOgfXAkUdwf4_CejYCk32LtXzMgp2RmJPrbNpOtUcClo9ivy0RiiUeZT7f_-GNmhGMHZqe1AyDTQkwHwXZcwGYCjPHoXsaLeLWnjf9-jrqqGxw7TH9SRkkDe9sudXIOj_XLM_59PLjuHPqEJ97lI5NGNWwyyLapu80F1HycS5p3EwXkcB_6ThwHZl3LB9Pp-c26m4oczy47-3qlQMHAgd1tAHZ_dx__aPYgPClpm0wILcZx_-sPuTfaqb01Nnl7HBwo_Z8oou4Q2Kc0K9epQkJ1bWgrsWW3xNIDQ0HEaTrW-zzqI2_TWBx71eYGzU6A1YYmZiDR--qXoy9qbEd0YZEbW5OwaCPAhr1ETCDMFJK722-jXiQqew_nycYebZNezGzxrCObjjsc49EjadCm1aKpR7yVa8xnTAPz6MrVjb3cb44BHbagqOWDaCnmRQoO_e1xWl7rOKvUJP2Um38KsQR9uzh7Msl6rx-0uXEWCmBEsOO1P-Q4mawqwuzrCEr_UsiYfZYUISIEZmD3fgTT3BjaH1annOV83O27CkR0jHpDuTC4WsDoX1Nu8MvKvBt_oI4f6LmthE8LWg0y3EMZakNGnEOzQPlpINngMGrd0D3jZrYgUMf5MPZKmXI-gak08ZHLDpmNKQ6U5HcqNBAcWlZshR4UGmbb4a7MUKaF_cN031RwrZnr0d4ivCVvVI_EiOrCqc0oR3djz3yjQqoViBGHV8jwuNKP1Y7L9pvTG-T_uNj4DbUjf_g7vxQXnXOd8YpZDIEGG9pIYXQHV_GHEcCfksFrgXkcEF_zXk5zgYn3aiWNh5pSYvYJn83VnqK-wF-E3Wbz3TRH_8RSctLLcZ8cIQxuBudJMZVMiB7GvOElA0i-bJyPK1wiP1KEqqGKAN2vQcuphelH71mWK799UC6LbBR1SSGwWDbPCB6h7AO_GAYWBmxSWZdWEb2mPEdSnptYVwzZu0_3LFO0SltJL8zKWP_oueM-bC-_dFbkq28oTybSepqsjTowRM_AhUaRDpaE6Ong5C_XBX__7DeoSGJDEnZ0sVNEbpUa8ylJuIX6dV-OYb1VaNQuPQmfdxw9E7L5LEXFIdN6joIDVBfZvnnHaeM2WUXhf5AduN4I0aGTbE6BmrIabRBKLNNcOiD8_xTO_UrcAhDsIIVSei4IIHHgPMA_mOrLxwGAX1CF2sD6WfhwlFALMTAd5Yio_EjfghDHz5hMsCzTrtJGvGrhroAwzCqR6BIHfjAhpmoirFqcwlFtGC2lM30A8n-jGEzUWs6Ch7uoj3trtj_Xo5IGDrNz70W4"}
formSubmissionId = BRF4OVVUV-1768197543561
fullURL = https://www-dev.broadridge.com/press-release/2012/united-planners-adds-broadridges-matrix-to-qualified-plan-platform
page comparison URL = https://www-dev.broadridge.com/press-release/2012/united-planners-adds-broadridges-matrix-to-qualified-plan-platform
................Header Contact Us Form Filled...................
V2 ContactUs form NOT found on the bottom
V2 Download form NOT found on the bottom
no cookie button
header ContactUs button found = true
emailTimeStamp = automated_TESTTEST_2026-01-12_05_59_41@broadridge.com
📤 Form payload = {"formSubmissionId":"BRFG6RHZ0-1768197584045","elqFormName":"","elqSiteID":"","datalayerheader":"","contact":"","formgtm":"","elqCustomerGUID":"","elqCookieWrite":"","segment":"","name_first":"First_93619_TESTTEST","name_last":"Last_93619_TESTTEST","email_work":"automated_TESTTEST_2026-01-12_05_59_41@broadridge.com","phone_business":"999-999-9999","job_title":"Job_93619_TESTTEST","Company":"Company_93619_TESTTEST","country":"United States","comment":"This is an automated test submission.  Please ignore.","id":"","so":"","di":"","ct":"","ep":"","ot":"","mt":"","yr":"","rg":"","on":"","sub-source":"","campaignMostRecentID":"","content-id":"","orig-channel":"","campaign-name":"","campaignMostRecentName":"","campaignMostRecentSource":"","campaignMostRecentMedium":"","campaignMostRecentContent":"","campaignMostRecentTerm":"","campaignMostRecentContentID":"","campaignMostRecentSubSource":"","Persistent_utm_medium":"","Persistent_utm_source":"","Persistent_utm_term":"","Persistent_utm_campaign":"","Persistent_Sub_Source":"","Persistent_Content_ID":"","Persistent_Campaign_ID":"","Persistent_utm_content":"","Session_utm_medium":"","Session_utm_source":"","Session_utm_term":"","Session_utm_campaign":"","Session_Sub_Source":"","Session_Content_ID":"","Session_Campaign_ID":"701RN00000RbnVLYAZ","Session_utm_content":"","inquiry":"Gen Enq","fullURL":"https://www-dev.broadridge.com/press-release/2012/matrix-enhances-retiretoolkit-offering","page_id":"177725","page_campaign_id":"","ecid":"","elqCampaignId":"","Formmodel":"flyout","Pagetype":"Press Release","g-recaptcha-response":"0cAFcWeA7fTUgFGubSYvcEQRO_WYnhB0HnCUyL2h6H0nRUAs4iH_58od_cUPENW9nM1vgVT8_rt1uzcMBiMbgTZy0WtHtzAsUMk_dYfwQqtpHy_2Bz54xtdeOM1o5eC6m1ntdXVB-uRyJkesdyPs8FgVEhVz6weYMkJ0whcrBZMc1GxEzDhAo7e3CSEECTX0SzABMTO2cQy4QLfMW5lWEBfOqabDJEqge337xNP7ZZhSNJBBhjpIffQAEHStRuDB_ct_J-zIzUBaRtfxNa50aCQRPXsJPLiFt5yDPY8dG2EHhe9h-zYPS6KktNFEqYuAaxMJDlUlMatQ1rFmB2s6SEu9ZSq-Fu0omnl3fnyAh76UDaDwKxKukZBbUEBPQCaTlgGVKGc0cDC31caSWx6ajlTfED1IgpOKtOjngfbcLlFJN6ykYvKGNMD76flhGv0cXbATPNoA7K2WHayk20mOqCHEYGhODVI5iyGIDYHmB4SCNQtzsVvYvGavYCUloxfvJmATsl6HRFTpfRjDre1HnrlPd77uB8iMV8DO1yaVU1P2IgsZ-IYk-ROHUZwnbuqR4FNNHCy6lsJMfH6k-M3hVJCgJRPurGfl33fpv9tPnsyQbzoyI94HEPTwmzKcKkA0ZW99Zm70x5NtcL9ZYiMeP3cclt129WyOqCnd24X3r8vJgmmldjubZj5sf4md5l9orMrWY1wQdwQzabDJDcWu7abGaP_IS7QnBN180q4-_sEF0pGlOkoSGF0ECNZ9r1lWC2ds6i3OHBzBgEEJI8FjNOJvcYJFF22QxZdpeulor5J-nfjp8WToU3etVlx2nbQGKsyPzfixTr4WOGbPePBWgzVBmSWWRSFyvcBcYEcQLLKTlZ0bbzQxaD7FMbRpfsg20vqirbx9YVtaRWOgCqFy8mtriSmU0eff7QxH7vH2U4sgOYQJbV07XwSdH-rU4vLKbkXZLp29C8XJD7vy2b17NbRWjVuSnD0SAYichjpPRLBhf_Xet8khgNJrLBrJGg-BRGAfbbjCMHN4Vjn3rU5X4dd8IxLwzalv6ZZsNrFXxbCWxuosHQPpnbQJO0jxIjwH6hIIG1ABnm839n1I59SfuvH_kF0oc2wKwvg8ZasaPfn4PaC4SnqW9pI5fzd5izKr18arc3jARc7QrnAFpOq0SjQyAK6ZsMarN7jxa1HDmOZwownlz1C7hSsM27BRhQQhfCivGgcn3IU168Pr5vCRRGrES2fYHNDXrlnFDyW-yXeJvs4etK2MkIELfvXh8VTmpbDj0whitljtBUODKw4qODCc_Lr6dRGkRFN3v6F-u0zwRTwJc30_SbijRUvF03eTRAg5uuD-CejWRK0elfKguljwkHexpJHbOr2BKPQbXtFUw0xulxl88xReuXd8k880F6ZT56dYS6It6iqqrr8JSbkPeCPdOcEd6QRddVncoHQx5rniyc5SC78UI80pun97yPkFOvHlHknVhf7R96Gxkw3cC3mKJxrsQEtnVs88yDy18Nm2RIYXBufc_2SWOUO-YgnEoltK6mfhly1QsXI-Sqns4Ovxx-YM4tVINlJ0yKnDu9HG7maBgMc8SehqSk09S_U7AehL6AQn1IyPSE-f7h3SbGy_PUr5V4xyQ7QGcQeNxKqnGBhKcCjBawdcO4mUTWtYhAWSSZO6e54psauAW9ECbQntVYOh7UFVq6Dd7HLYLgQqLw8joaw3BUeTVVJj9HOsL_4UyrUaJT4mHHyytmqc4JU648UxuheA"}
form message = Thank you for your interest in Broadridge.
A representative will contact you within 24 business hours.
formpayload for validation = {"formSubmissionId":"BRFG6RHZ0-1768197584045","elqFormName":"","elqSiteID":"","datalayerheader":"","contact":"","formgtm":"","elqCustomerGUID":"","elqCookieWrite":"","segment":"","name_first":"First_93619_TESTTEST","name_last":"Last_93619_TESTTEST","email_work":"automated_TESTTEST_2026-01-12_05_59_41@broadridge.com","phone_business":"999-999-9999","job_title":"Job_93619_TESTTEST","Company":"Company_93619_TESTTEST","country":"United States","comment":"This is an automated test submission.  Please ignore.","id":"","so":"","di":"","ct":"","ep":"","ot":"","mt":"","yr":"","rg":"","on":"","sub-source":"","campaignMostRecentID":"","content-id":"","orig-channel":"","campaign-name":"","campaignMostRecentName":"","campaignMostRecentSource":"","campaignMostRecentMedium":"","campaignMostRecentContent":"","campaignMostRecentTerm":"","campaignMostRecentContentID":"","campaignMostRecentSubSource":"","Persistent_utm_medium":"","Persistent_utm_source":"","Persistent_utm_term":"","Persistent_utm_campaign":"","Persistent_Sub_Source":"","Persistent_Content_ID":"","Persistent_Campaign_ID":"","Persistent_utm_content":"","Session_utm_medium":"","Session_utm_source":"","Session_utm_term":"","Session_utm_campaign":"","Session_Sub_Source":"","Session_Content_ID":"","Session_Campaign_ID":"701RN00000RbnVLYAZ","Session_utm_content":"","inquiry":"Gen Enq","fullURL":"https://www-dev.broadridge.com/press-release/2012/matrix-enhances-retiretoolkit-offering","page_id":"177725","page_campaign_id":"","ecid":"","elqCampaignId":"","Formmodel":"flyout","Pagetype":"Press Release","g-recaptcha-response":"0cAFcWeA7fTUgFGubSYvcEQRO_WYnhB0HnCUyL2h6H0nRUAs4iH_58od_cUPENW9nM1vgVT8_rt1uzcMBiMbgTZy0WtHtzAsUMk_dYfwQqtpHy_2Bz54xtdeOM1o5eC6m1ntdXVB-uRyJkesdyPs8FgVEhVz6weYMkJ0whcrBZMc1GxEzDhAo7e3CSEECTX0SzABMTO2cQy4QLfMW5lWEBfOqabDJEqge337xNP7ZZhSNJBBhjpIffQAEHStRuDB_ct_J-zIzUBaRtfxNa50aCQRPXsJPLiFt5yDPY8dG2EHhe9h-zYPS6KktNFEqYuAaxMJDlUlMatQ1rFmB2s6SEu9ZSq-Fu0omnl3fnyAh76UDaDwKxKukZBbUEBPQCaTlgGVKGc0cDC31caSWx6ajlTfED1IgpOKtOjngfbcLlFJN6ykYvKGNMD76flhGv0cXbATPNoA7K2WHayk20mOqCHEYGhODVI5iyGIDYHmB4SCNQtzsVvYvGavYCUloxfvJmATsl6HRFTpfRjDre1HnrlPd77uB8iMV8DO1yaVU1P2IgsZ-IYk-ROHUZwnbuqR4FNNHCy6lsJMfH6k-M3hVJCgJRPurGfl33fpv9tPnsyQbzoyI94HEPTwmzKcKkA0ZW99Zm70x5NtcL9ZYiMeP3cclt129WyOqCnd24X3r8vJgmmldjubZj5sf4md5l9orMrWY1wQdwQzabDJDcWu7abGaP_IS7QnBN180q4-_sEF0pGlOkoSGF0ECNZ9r1lWC2ds6i3OHBzBgEEJI8FjNOJvcYJFF22QxZdpeulor5J-nfjp8WToU3etVlx2nbQGKsyPzfixTr4WOGbPePBWgzVBmSWWRSFyvcBcYEcQLLKTlZ0bbzQxaD7FMbRpfsg20vqirbx9YVtaRWOgCqFy8mtriSmU0eff7QxH7vH2U4sgOYQJbV07XwSdH-rU4vLKbkXZLp29C8XJD7vy2b17NbRWjVuSnD0SAYichjpPRLBhf_Xet8khgNJrLBrJGg-BRGAfbbjCMHN4Vjn3rU5X4dd8IxLwzalv6ZZsNrFXxbCWxuosHQPpnbQJO0jxIjwH6hIIG1ABnm839n1I59SfuvH_kF0oc2wKwvg8ZasaPfn4PaC4SnqW9pI5fzd5izKr18arc3jARc7QrnAFpOq0SjQyAK6ZsMarN7jxa1HDmOZwownlz1C7hSsM27BRhQQhfCivGgcn3IU168Pr5vCRRGrES2fYHNDXrlnFDyW-yXeJvs4etK2MkIELfvXh8VTmpbDj0whitljtBUODKw4qODCc_Lr6dRGkRFN3v6F-u0zwRTwJc30_SbijRUvF03eTRAg5uuD-CejWRK0elfKguljwkHexpJHbOr2BKPQbXtFUw0xulxl88xReuXd8k880F6ZT56dYS6It6iqqrr8JSbkPeCPdOcEd6QRddVncoHQx5rniyc5SC78UI80pun97yPkFOvHlHknVhf7R96Gxkw3cC3mKJxrsQEtnVs88yDy18Nm2RIYXBufc_2SWOUO-YgnEoltK6mfhly1QsXI-Sqns4Ovxx-YM4tVINlJ0yKnDu9HG7maBgMc8SehqSk09S_U7AehL6AQn1IyPSE-f7h3SbGy_PUr5V4xyQ7QGcQeNxKqnGBhKcCjBawdcO4mUTWtYhAWSSZO6e54psauAW9ECbQntVYOh7UFVq6Dd7HLYLgQqLw8joaw3BUeTVVJj9HOsL_4UyrUaJT4mHHyytmqc4JU648UxuheA"}
formSubmissionId = BRFG6RHZ0-1768197584045
fullURL = https://www-dev.broadridge.com/press-release/2012/matrix-enhances-retiretoolkit-offering
page comparison URL = https://www-dev.broadridge.com/press-release/2012/matrix-enhances-retiretoolkit-offering
................Header Contact Us Form Filled...................
V2 ContactUs form NOT found on the bottom
V2 Download form NOT found on the bottom
no cookie button
header ContactUs button found = true
emailTimeStamp = automated_TESTTEST_2026-01-12_06_00_22@broadridge.com
📤 Form payload = {"formSubmissionId":"","elqFormName":"","elqSiteID":"","datalayerheader":"","contact":"","formgtm":"","elqCustomerGUID":"","elqCookieWrite":"","segment":"consumer-finance","name_first":"First_93619_TESTTEST","name_last":"Last_93619_TESTTEST","email_work":"automated_TESTTEST_2026-01-12_06_00_22@broadridge.com","phone_business":"999-999-9999","job_title":"Job_93619_TESTTEST","Company":"Company_93619_TESTTEST","country":"United States","comment":"This is an automated test submission. Please ignore.","id":"","so":"","di":"","ct":"","ep":"","ot":"","mt":"","yr":"","rg":"","on":"","sub-source":"","campaignMostRecentID":"","content-id":"","orig-channel":"","campaign-name":"","campaignMostRecentName":"","campaignMostRecentSource":"","campaignMostRecentMedium":"","campaignMostRecentContent":"","campaignMostRecentTerm":"","campaignMostRecentContentID":"","campaignMostRecentSubSource":"","Persistent_utm_medium":"","Persistent_utm_source":"","Persistent_utm_term":"","Persistent_utm_campaign":"","Persistent_Sub_Source":"","Persistent_Content_ID":"","Persistent_Campaign_ID":"","Persistent_utm_content":"","Session_utm_medium":"","Session_utm_source":"","Session_utm_term":"","Session_utm_campaign":"","Session_Sub_Source":"","Session_Content_ID":"","Session_Campaign_ID":"701RN00000RbnVLYAZ","Session_utm_content":"","inquiry":"","fullURL":"https://www-dev.broadridge.com/podcast/reimagining-communications-with-matt-swain","page_id":"62905","page_campaign_id":"0","ecid":"","elqCampaignId":"","Formmodel":"flyout","Pagetype":"","g-recaptcha-response":"0cAFcWeA5bCcP98dvD4p840ZefYJRqlfL8T7sCHkqjJlxEEipjrMLhXTYa8xtl0p9gnpy0a1WjSs2Af-t77jrLBI_A-BSx7usE46GtxD4FlPc8FvOvM2ZGZsR3Ja4IaKPVsu8jQtvlAwo5W5teZG_AGvD6ufgtxsww36H7F9CVaSeEdvYzakNxUQR-X16ijtp5nkNexz9n6yUcHpuhCslL-fGJwwv9q55rS-MgkI_lC43eDBuVPYDDykyC2QgZsPTkT1ZqgIRR_CVHtoN6CSBfGubBpDHRgvJsagGt5drWFadiRCKhwbQSKy_OgKTsAdAiCVppEbkpK_xcnkR75QgQRggGn1ydFgjutk-WSzqzcWjqO8ulXom2QfZFgUZEZylkDOvgkQRqHhhzA5PDrHoIVaaPztEB5XwuUbzZWUgYXdU5_C3puYrXGVeBls-3ELuPatqnZgox_MNXlOBpjRHGyUhiea5KGtaLhV-z4JD5WpfGZREzpPkhFzzFYMdH6sjE288EP2shODWkq9Lmh-prnOsB1XAL1jEhaXzkYo88R6O0H0JdD86Wux4VnC9mByYBsIERwD4u4Kn_Kww29vvl2RT5G5ECB_pTXwWa9H0eCTwLvchJANWGBNh_gx1Ez955NITuBz8g9sQSGxswQIqhusKbJx9cu-U-oFqr-AeE1HR5BE-v5vnXcM68Hw4z0pnEwoLxrkmdevYfyT2YLBXRUtKqu2E48rb-XKUiWgl-eQDg91Sx7tcT6b_KaJ65rVAoZkOzCrzhU_Dzr8xqtVTwU7YlpHIzy5QdJBqhz0WQYjVnL4k6Q8Lo5q9qrLl3K_1CVnuN9RY2zGGUgcSsOVTbOIQnX-8mEqCocsOjOcw2gH-21j3MPGYuKfLgTHqNBQnEp9TOBiThE2zm1Mdwp6i9vv-fEk_Juuu0fEJrClpkYixrjHWdNT5HQKrfjfxd1GiJnaf5GNGrMz-R8ZTbb5N3IDtbqZGREyUIxwBIa5l9T99NklW8gdiCUtO_yYRS_-DUqm8l3cBPLesfjdNGZq-64swP0zFC5BfwOUU-VWcCTshomicXxTlTCNoZKjkCkvcFxA6D8jUfVhyh7Lc2-r7HtvkwAE4grKi1xm_ZTPxAq7M1d3adIX_cMMMq55NcqlWvLLQ4fnEqCNEyrzLnJDj644p7SMiF3SksbPK9lZZbSAs5Vm0B1BeG154aXq-dzpzDT_uugm2LeMzt2QRWOkhSivWC6veX_V76lHAGJozaTTH0GvLiOG2RYTqLFTLsPOiRYrPr_gBKB2ReOecX1pRqfHsceE-e6vu1fVSBtmhQGgKDpOrYqsppRfwsRxhz70fB5wy3e2lzbaIYy70PC0XRzfVCVdpCbFo9GtD1ikDt0SMhlCGPrKkMsziV3gan2sC5K010SaCLxhzWNTgTr6PAn34X78cK1DO1I-7qYJrDmEkBjHf297qOPu1yHjLtqkSZphNOShVrIX0QRTvONG3jpHoCOKU4yQN890vZX8oxGirPxgbW9sRN79mjn7DKpSBzKtTATX9y2wfOkZYD-YWegxvnpvt1bQpRzIj72D6Mzxs2EZso-sG9eO31mrmAYU2mlxibWgRptgS-PGHh2OWHhf3KJ3CJfxGj5VuGSfUDen289PNUEEKL_T2Qbsdu8jdW2BA_f87Gp78yR3CBiDdyIFGlUnuvG7VhZw"}
form message = Something went wrong with our form submission. Please try again.
[...]
form message = Thank you for your interest in Broadridge.
A representative will contact you within 24 business hours.
formpayload for validation = {"formSubmissionId":"BRVHINWYM-1768197933270","elqFormName":"","elqSiteID":"","datalayerheader":"","contact":"","formgtm":"","elqCustomerGUID":"","elqCookieWrite":"","segment":"","name_first":"First_93619_TESTTEST","name_last":"Last_93619_TESTTEST","email_work":"automated_TESTTEST_2026-01-12_06_05_30@broadridge.com","phone_business":"999-999-9999","job_title":"Job_93619_TESTTEST","Company":"Company_93619_TESTTEST","country":"United States","comment":"This is an automated test submission.  Please ignore.","id":"","so":"","di":"","ct":"","ep":"","ot":"","mt":"","yr":"","rg":"","on":"","sub-source":"","campaignMostRecentID":"","content-id":"","orig-channel":"","campaign-name":"","campaignMostRecentName":"","campaignMostRecentSource":"","campaignMostRecentMedium":"","campaignMostRecentContent":"","campaignMostRecentTerm":"","campaignMostRecentContentID":"","campaignMostRecentSubSource":"","Persistent_utm_medium":"","Persistent_utm_source":"","Persistent_utm_term":"","Persistent_utm_campaign":"","Persistent_Sub_Source":"","Persistent_Content_ID":"","Persistent_Campaign_ID":"","Persistent_utm_content":"","Session_utm_medium":"","Session_utm_source":"","Session_utm_term":"","Session_utm_campaign":"","Session_Sub_Source":"","Session_Content_ID":"","Session_Campaign_ID":"701RN00000RbnVLYAZ","Session_utm_content":"","inquiry":"Gen Enq","fullURL":"https://www-dev.broadridge.com/legal/broadridge-uk-tax-strategy","page_id":"180366","page_campaign_id":"","ecid":"","elqCampaignId":"","Formmodel":"flyout","Pagetype":"Insights Article","g-recaptcha-response":"0cAFcWeA6XcB9MJg8LlsdI2XkPsjXdCGTq3xhWexWtSwim5bnqGWTcLW1kdGsTFOhnC1pN_QHHOlS1hRlmU0UoWXK81xH36PRNRVoCTsjEIaS7JziM4qH5x8Zc65huq5IIuHJeas6R4bbUca8qpSL8krkh_d3g-X3q_bGJuk1rLtlTAk1EI3gw-xr5RohFue01exC57Qj8brUxwxXLAyyY1zVv_aFkrkC0We5mRAfd8U0dHCxX42LkW4Y3gVhLsQ3vgVLD7nM2rCnZ320Qid9rCRBUsaJDNEjburPkfOB8zoxmMNPzuHCFbyMGA3rNq79FQt8EBn__DPhqiwuwCj-A4IL2VIcx7sdgX-vp_vxABGGjb0KxKbs-Ei2tQCN3x6B19q_GsnmLo2IQ9xOiXaIQjgy09C7k5H14nERshjg9qMYzNoRiNVX5ntVoiyKjdOW6gX-VuS32yt0x9wjrqmYRSh52jUKtHb__ppxBCLpEqbFitqyxxVvAqiRKAETBRJ38a5upqugQa0VOlwz1uMY72kPwbcgT3fZbuhcOB473P72EtAiOnwgLpK6LLR6RjENEbtoCBIzBcf5yr-JDjGkhbHbRn2JJeQotT2on3irIWqpFz-KRFrntwOVYLWr5xvHGmKv7ZbFJFvvQudQRn-u2x3b2uiC2vnHPNIwTwaT5274yLhq0DpTCSBUp2jljK3v9d2I4FQ5DiCtiGduurz7N3Dpwu7gN7lD1t88VRABOgzddnap4pw5P4L6YUduZ78aW0j3eYjg0mUQp8Az_sGitPgQnorqrpVR6yndqcnfdoa569e_Zye5RWqsIVgAKoaeInYpiM_dCIgSPfA54QVg_xoZwiB4RaGK2sUF7MSH_FdnAtUQRj7p3x6rGRbVPVYR35-j5FmuQEl07gNnk5ouLx-xBAAYb0zaGaGP9Dcpe2Eua_EFbBtDiuhOpdQYPMFCzZ-zh2NGFL9xoYOfcwUhxof5PK-5m6iMcgKfg4Y1Waqbu88OgeJWpfJK88x-F8iK2EpRm8LPLvb720gKxNPsyOhWdUlk4Qb3f9IJiae0gLi1rksvgWPJGWJxbCw-WSdsHOz9iQmfVpW03Ejx6fSkQLv003KQlLEbwIlkWmo-TByfTy5Ea7VV0l59nh9AmVnqyFlKYXBFDtLaz2M4z74uob1_cbnt3zI6UnR29Bgnra9IE7vrRiusOHgwDjx7BUnr0Z28JhLzK8q0nD87MGxmCZYe8gNYG-9-W2zYou1REFc-v-ssNnmOPtn3-lm6Tb6m3wiwHXNluTDvPj1g64CK7y64nH2hdvAipH_GRc3XVhdvNzr_sQsXa7znj4x0tgXD_CIhD-vuraehfhKl4q_zwtynCwcGOc5lUhymqbx6D1YAOZAJ-AfxEhPO_9a3t9mgzSIVZswpDRCjgT8hFMTEEPnP77K_u6PHEsbwuUI0veSBp2-dNvjiPqulfMq1wK-4OBdTbzrn72CZdCSDd1dQuisOMCjHfMJY2JXLX3oHZ2y1-SgM-9-cpDH5jIQTzDgbVD43MZsXzbVJ5NxBKdoF1ph2ngoJrBnONEA_YzTGAMof3KA96TvTbJvYWId99K0m1VlCv5TYzUn5_5cBHaZBmOAtPFw2lus3DOMXyGB-vmjft9dTAZd0qIkf-RLXJapXgLcLKm6IflctZTFxEJGv2pej7q9ta1AmHpg"}
formSubmissionId = BRVHINWYM-1768197933270
fullURL = https://www-dev.broadridge.com/legal/broadridge-uk-tax-strategy
page comparison URL = https://www-dev.broadridge.com/legal/broadridge-uk-tax-strategy
................Header Contact Us Form Filled...................
V2 ContactUs form NOT found on the bottom
V2 Download form NOT found on the bottom
no cookie button
header ContactUs button found = true
emailTimeStamp = automated_TESTTEST_2026-01-12_06_06_11@broadridge.com
📤 Form payload = {"formSubmissionId":"BRWZFM97W-1768197974448","elqFormName":"","elqSiteID":"","datalayerheader":"","contact":"","formgtm":"","elqCustomerGUID":"","elqCookieWrite":"","segment":"","name_first":"First_93619_TESTTEST","name_last":"Last_93619_TESTTEST","email_work":"automated_TESTTEST_2026-01-12_06_06_11@broadridge.com","phone_business":"999-999-9999","job_title":"Job_93619_TESTTEST","Company":"Company_93619_TESTTEST","country":"United States","comment":"This is an automated test submission.  Please ignore.","id":"","so":"","di":"","ct":"","ep":"","ot":"","mt":"","yr":"","rg":"","on":"","sub-source":"","campaignMostRecentID":"","content-id":"","orig-channel":"","campaign-name":"","campaignMostRecentName":"","campaignMostRecentSource":"","campaignMostRecentMedium":"","campaignMostRecentContent":"","campaignMostRecentTerm":"","campaignMostRecentContentID":"","campaignMostRecentSubSource":"","Persistent_utm_medium":"","Persistent_utm_source":"","Persistent_utm_term":"","Persistent_utm_campaign":"","Persistent_Sub_Source":"","Persistent_Content_ID":"","Persistent_Campaign_ID":"","Persistent_utm_content":"","Session_utm_medium":"","Session_utm_source":"","Session_utm_term":"","Session_utm_campaign":"","Session_Sub_Source":"","Session_Content_ID":"","Session_Campaign_ID":"701RN00000RbnVLYAZ","Session_utm_content":"","inquiry":"Gen Enq","fullURL":"https://www-dev.broadridge.com/insight-pages/broadridge-insights","page_id":"182907","page_campaign_id":"","ecid":"","elqCampaignId":"","Formmodel":"flyout","Pagetype":"Insights Front","g-recaptcha-response":"0cAFcWeA5P6AZ6wteokwntVfYkmBRQFNIlgzMykxLzM_5qer-c-mv4xYNrPuR4KTu2FERVPmsH5slA9M1VZ31rMU_0hULnfgGFk8A-JfMGaSm4DRwBpKvCGBqDsVAhruR7Jqi3I1PUmam1AY5MEzjwPmP20Q_RkIhK9VRIbvUBrkoBErkAnqhuyQwWvX82KGontcfCNpUnPb5wqx5OXpWtPsAdBqZbT7JUNsUjYybNMSjRrEKWG3auulvk1AakhTyf_9m3p3dUW8B1Ttfw4QPnY6nfeU4BHXzs2F00hswXQg5ZrulrXaG40ASi-7Gy--8VSx0HwVt-5moAcp1ZwZwPe2VMcMYzcVzGuUW9LTyLUVFZbmlX2j3h_jc35hGxLPdK32RlCaZkB_ovzBcltK1hy8h-H4mtkHxm1XSg1MAHaZghanlGN0bniT9QrPtQCWafXJRUKyLfOedw_TyVRwXHx-C04qxmAxxZYnsaCBrFh8tNBxtOz5wCdKXvPeZiz3iW2GPLwxwmeUvoezKf2-tvFDpkCrMbJjRYII3CxZK6mz91Idbpb_8GvQe7UrLL27DaoaL3axqQ891v9rhtRAQOHLISJPizMGdGUPE5mBxDqbI1na9LjySsbqyyR3d_YcrWR8QKSm3lUOxC08Fb4Wp80r3OO6NnhFNUDUgA-9gL-yXygUAzURHXRxhMe96HBjTxeJLb5AsQ88K1S-VBWBZJ6VMP8tNN0439MukoTshbpz2CGd3JqHX24QE6IrdRXtZViOTDiUEYR264-_a2Yv566Zl_hHXGhqYe0JgWoNkgBTQu6rfoxxmE5jRsOlyQVtfTypf_NSafOb6uVdZ-G0bQ-2KfK0wCWXitWT4d6-LnBfcp1dMssV00-agd0bBbbsZdXGmctUl_itG2Yp3tiMwJvO0Sra5Xpb5TJ2CntArieqgLg44D8yWmSmJaNIWHP8OizqUb9Ett0eFQUImAJMqsvi7iOMu5bvFod0oSvzYmQbtbBZUP5d85yONkd4-zIgg3Cxh5xLikZFM91tClcZaFLItbu-XuzWyFHukb5K6nQrG4ewumG9dBbGw8hNXxjatFuCylXwJf5KKeAUlx5P0a_rZ_zo9bZPJzVTAtS_fVGF7O8Mj5fBzRWMiCj9jUwcTpo-nVSYnR6RIAalnmZ8L7ZMqUTo-UHEPpjwAQ2ay40hxNiONzjZ8nof8uyTftqL2mSCqTID0mSuncRIVNdyjk0IpFXQLLR1pNh8bOXGN_9zfxvIMNdnvOA8BfiLBp1xCr1_50SQcxr6shDB6lZvTM_RD5lp3sTj3fB7-NZgtumGy-Hdyt36U7oOktsrbHbaYz1HarzFoT2AqeoLYnw6-ooxo8qMaToGLnuEgyGMLcn2DkY4tHe5UpUEAR1KDMphHrelNjBIMN0Y6Z5QryFHhzgsPf6u21nx4yPFoL4SLTPORxoChmr5wWvPipnjHR41Mc1FW_KtKUmHsnCeUCOPar30GXgUnqb0ZjR1VbOsJXEWyzlnaOYTl0cJhNqp1JBSFLmFndligbsmKO7ppDtwTIyniYJdkRsTBPp24yM62A0EKgIcnsd34fxV3KzzGo7OqVVQediNSaQS1Ui_vWKPxtBgjpFF-g5BatsZK2ZyTOACRJ80tZVtcbeBbpMb-kscMP3pFmn876BO3QYe0CpFP37OS2GG8ivq2eZBDlbPPlBQ3qrNjbWi8cnyc"}
form message = Thank you for your interest in Broadridge.
A representative will contact you within 24 business hours.
formpayload for validation = {"formSubmissionId":"BRWZFM97W-1768197974448","elqFormName":"","elqSiteID":"","datalayerheader":"","contact":"","formgtm":"","elqCustomerGUID":"","elqCookieWrite":"","segment":"","name_first":"First_93619_TESTTEST","name_last":"Last_93619_TESTTEST","email_work":"automated_TESTTEST_2026-01-12_06_06_11@broadridge.com","phone_business":"999-999-9999","job_title":"Job_93619_TESTTEST","Company":"Company_93619_TESTTEST","country":"United States","comment":"This is an automated test submission.  Please ignore.","id":"","so":"","di":"","ct":"","ep":"","ot":"","mt":"","yr":"","rg":"","on":"","sub-source":"","campaignMostRecentID":"","content-id":"","orig-channel":"","campaign-name":"","campaignMostRecentName":"","campaignMostRecentSource":"","campaignMostRecentMedium":"","campaignMostRecentContent":"","campaignMostRecentTerm":"","campaignMostRecentContentID":"","campaignMostRecentSubSource":"","Persistent_utm_medium":"","Persistent_utm_source":"","Persistent_utm_term":"","Persistent_utm_campaign":"","Persistent_Sub_Source":"","Persistent_Content_ID":"","Persistent_Campaign_ID":"","Persistent_utm_content":"","Session_utm_medium":"","Session_utm_source":"","Session_utm_term":"","Session_utm_campaign":"","Session_Sub_Source":"","Session_Content_ID":"","Session_Campaign_ID":"701RN00000RbnVLYAZ","Session_utm_content":"","inquiry":"Gen Enq","fullURL":"https://www-dev.broadridge.com/insight-pages/broadridge-insights","page_id":"182907","page_campaign_id":"","ecid":"","elqCampaignId":"","Formmodel":"flyout","Pagetype":"Insights Front","g-recaptcha-response":"0cAFcWeA5P6AZ6wteokwntVfYkmBRQFNIlgzMykxLzM_5qer-c-mv4xYNrPuR4KTu2FERVPmsH5slA9M1VZ31rMU_0hULnfgGFk8A-JfMGaSm4DRwBpKvCGBqDsVAhruR7Jqi3I1PUmam1AY5MEzjwPmP20Q_RkIhK9VRIbvUBrkoBErkAnqhuyQwWvX82KGontcfCNpUnPb5wqx5OXpWtPsAdBqZbT7JUNsUjYybNMSjRrEKWG3auulvk1AakhTyf_9m3p3dUW8B1Ttfw4QPnY6nfeU4BHXzs2F00hswXQg5ZrulrXaG40ASi-7Gy--8VSx0HwVt-5moAcp1ZwZwPe2VMcMYzcVzGuUW9LTyLUVFZbmlX2j3h_jc35hGxLPdK32RlCaZkB_ovzBcltK1hy8h-H4mtkHxm1XSg1MAHaZghanlGN0bniT9QrPtQCWafXJRUKyLfOedw_TyVRwXHx-C04qxmAxxZYnsaCBrFh8tNBxtOz5wCdKXvPeZiz3iW2GPLwxwmeUvoezKf2-tvFDpkCrMbJjRYII3CxZK6mz91Idbpb_8GvQe7UrLL27DaoaL3axqQ891v9rhtRAQOHLISJPizMGdGUPE5mBxDqbI1na9LjySsbqyyR3d_YcrWR8QKSm3lUOxC08Fb4Wp80r3OO6NnhFNUDUgA-9gL-yXygUAzURHXRxhMe96HBjTxeJLb5AsQ88K1S-VBWBZJ6VMP8tNN0439MukoTshbpz2CGd3JqHX24QE6IrdRXtZViOTDiUEYR264-_a2Yv566Zl_hHXGhqYe0JgWoNkgBTQu6rfoxxmE5jRsOlyQVtfTypf_NSafOb6uVdZ-G0bQ-2KfK0wCWXitWT4d6-LnBfcp1dMssV00-agd0bBbbsZdXGmctUl_itG2Yp3tiMwJvO0Sra5Xpb5TJ2CntArieqgLg44D8yWmSmJaNIWHP8OizqUb9Ett0eFQUImAJMqsvi7iOMu5bvFod0oSvzYmQbtbBZUP5d85yONkd4-zIgg3Cxh5xLikZFM91tClcZaFLItbu-XuzWyFHukb5K6nQrG4ewumG9dBbGw8hNXxjatFuCylXwJf5KKeAUlx5P0a_rZ_zo9bZPJzVTAtS_fVGF7O8Mj5fBzRWMiCj9jUwcTpo-nVSYnR6RIAalnmZ8L7ZMqUTo-UHEPpjwAQ2ay40hxNiONzjZ8nof8uyTftqL2mSCqTID0mSuncRIVNdyjk0IpFXQLLR1pNh8bOXGN_9zfxvIMNdnvOA8BfiLBp1xCr1_50SQcxr6shDB6lZvTM_RD5lp3sTj3fB7-NZgtumGy-Hdyt36U7oOktsrbHbaYz1HarzFoT2AqeoLYnw6-ooxo8qMaToGLnuEgyGMLcn2DkY4tHe5UpUEAR1KDMphHrelNjBIMN0Y6Z5QryFHhzgsPf6u21nx4yPFoL4SLTPORxoChmr5wWvPipnjHR41Mc1FW_KtKUmHsnCeUCOPar30GXgUnqb0ZjR1VbOsJXEWyzlnaOYTl0cJhNqp1JBSFLmFndligbsmKO7ppDtwTIyniYJdkRsTBPp24yM62A0EKgIcnsd34fxV3KzzGo7OqVVQediNSaQS1Ui_vWKPxtBgjpFF-g5BatsZK2ZyTOACRJ80tZVtcbeBbpMb-kscMP3pFmn876BO3QYe0CpFP37OS2GG8ivq2eZBDlbPPlBQ3qrNjbWi8cnyc"}
formSubmissionId = BRWZFM97W-1768197974448
fullURL = https://www-dev.broadridge.com/insight-pages/broadridge-insights
page comparison URL = https://www-dev.broadridge.com/webinar/webinar-program
..........!!!...Filling the form failed...!!!........
................Header Contact Us Form Filled...................
v2 ContactUs form found on the bottom = false
V2 ContactUs form NOT found on the bottom
V2 Download form NOT found on the bottom
no cookie button
header ContactUs button found = true
emailTimeStamp = automated_TESTTEST_2026-01-12_06_06_54@broadridge.com
📤 Form payload = {"formSubmissionId":"","elqFormName":"","elqSiteID":"","datalayerheader":"","contact":"","formgtm":"","elqCustomerGUID":"","elqCookieWrite":"","segment":"asset-management","name_first":"First_93619_TESTTEST","name_last":"Last_93619_TESTTEST","email_work":"automated_TESTTEST_2026-01-12_06_06_54@broadridge.com","phone_business":"999-999-9999","job_title":"Job_93619_TESTTEST","Company":"Company_93619_TESTTEST","country":"United States","comment":"This is an automated test submission. Please ignore.","id":"","so":"","di":"","ct":"","ep":"","ot":"","mt":"","yr":"","rg":"","on":"","sub-source":"","campaignMostRecentID":"","content-id":"","orig-channel":"","campaign-name":"","campaignMostRecentName":"","campaignMostRecentSource":"","campaignMostRecentMedium":"","campaignMostRecentContent":"","campaignMostRecentTerm":"","campaignMostRecentContentID":"","campaignMostRecentSubSource":"","Persistent_utm_medium":"","Persistent_utm_source":"","Persistent_utm_term":"","Persistent_utm_campaign":"","Persistent_Sub_Source":"","Persistent_Content_ID":"","Persistent_Campaign_ID":"","Persistent_utm_content":"","Session_utm_medium":"","Session_utm_source":"","Session_utm_term":"","Session_utm_campaign":"","Session_Sub_Source":"","Session_Content_ID":"","Session_Campaign_ID":"701RN00000RbnVLYAZ","Session_utm_content":"","inquiry":"","fullURL":"https://www-dev.broadridge.com/report/asset-management/tailored-shareholder-reports","page_id":"130411","page_campaign_id":"639ca36f01b0d5c80e77c6108137c4c5","ecid":"","elqCampaignId":"","Formmodel":"flyout","Pagetype":"","g-recaptcha-response":"0cAFcWeA4j2UcrOvOk6Nu10LvUomXJ6vb6-1MCnLAYC7c4tfiPpGy8BafvmQ_aTnIyYjS9ivoW0WuMponfala3xqzjygeKJb1hvU08a6rVirFE2s6jdhpmM_gDWsmJYgIHA8ixYXCDYZiFIkYtwzO-ldjQVsUAKmwPdSYTEyM1ExRGK0P9dwJnRoIgUTuCxBnC55DE-3OAfzFmQAZfTQWkV_lvDqOXNPU580I-oppOzuGa9MtmpYcPJ92isHanL5ArR5MhPQz6eI9PdjyA6zCpFfPAIlNK06FfWvpsCPalk7uASBkbSDu9-uosZ4OsomHwdCWMJE4TMGBLMjHyfg2kpogNYWSSUb-2byRPIBdQ_608cBJ5kByx4nFLplfrnKHh9jy7i-4iwyDRudeKx5BwcyspExvUlsKJLCJr46Zt3e4dZHKZ1Cx94NidACh4QxyDjJ4-zjL-deEgEXS7OAHBAYWu9V1k1fKinEICV6IesA0kKjXCEZFVEa7N6Lu4IBAC2wA1N2xNB-emqMlXFFBZxB0I-VwoRlSJmA6UBSxj6150oAi9O4cLnR6N_f4dvDQbde_cwXl23K7j9jvzkvL_0LDDL8C5il9xbB28aXbH-_MuGi5m-kkgYPyJNQCRXIOKhXTaaCg0j--kEaNXxQNJ2lQ5FvddZTMyFP3q8eRHpfCpKW2xPWGJbHNsKgqLatOFQ30wcrq1BcRdAFOVzlqYQeU955Hl6_u1rLhJ4hj4IpFsgu3dhAOxRDHjnBOmk3KRJEPz8quoyE4bjrwuLbUNATWeRfG1tvYZGbcWfJXxeb-INttoREHL-0JswbcMiKPJndy6GvRpa5xmuIJN0sDVuTNs6p0BLP4iKR0_CkOIvognwViSzBWQHjiLuPTIJFshWlLx_8gM_-ex-34j1PwuEBfFKVnzUnu1ZPAwXSAJxoqZHu59oYDXc8Hd0wzsp-1XkmrIr0tAktKIAdRaDr-hPZU0BDC5yFhczIXUWfIeT_pxwnKiwg099TmkXxLNF3ULBCFFBNrJF6sbNgxg3ALgMwhevLph3ZazrXaHJSVdZsmCAdBCxagEpyHcqO_BnC7PYTyovkhIqS5On_ZkVoyoO7lFbFQaegba8iY48qH1gAU80ZbSudrOiUWqV063pU6K73TX26iNscdurErJPzJEc-YPHbR9ItdLjzAK7Do2jTIiLiZXR5-094z-lkNXiVC-JvG8ev1FwLv-NAWz3XqYric4tMCklNMuu-RixnPJyV41WC-2dmcBL0i7BA0zSD3Hgh9h5SvpOaP7F_bZqezMpytw01WaQjRNF4eZZizv8jcLd2Q9-A16HMkWPVYSUiDoonAQntlWI4QwVAqQHPIR_GHWZMn39fYBjGjWLYt8P72xVxQDOOvrnoUfW6ANGQ-Ibj4TnBo7C96-E8BEAfJCWKaEdbh54ld1n1B6xKGcNM1oLq7EuBIFMNtPApZO2AngMR5MEIPkhONdVJbE89i9ofr3llLLYQ9wPRGnrGotk7owVmTpON6EJNP0vdPNDOT_NKip9CfqTHo8Uz_by-HM7FpmI3skWvM9ugOzBTshn0S4rJz2UGPV_pVtTULnJVSdwW8eYUob-zASdNAJauDIbN_md3Xm8RoNBxOi3sghy3scT3sfUzzBEI3qgwui5DxTiPyOFjISNkYidVuwxoRD-1N2YZcNOxrgKL4EMn5f6KO0PpOoZXAVxXQ"}
form message = Something went wrong with our form submission. Please try again.
formpayload for validation = {"formSubmissionId":"","elqFormName":"","elqSiteID":"","datalayerheader":"","contact":"","formgtm":"","elqCustomerGUID":"","elqCookieWrite":"","segment":"asset-management","name_first":"First_93619_TESTTEST","name_last":"Last_93619_TESTTEST","email_work":"automated_TESTTEST_2026-01-12_06_06_54@broadridge.com","phone_business":"999-999-9999","job_title":"Job_93619_TESTTEST","Company":"Company_93619_TESTTEST","country":"United States","comment":"This is an automated test submission. Please ignore.","id":"","so":"","di":"","ct":"","ep":"","ot":"","mt":"","yr":"","rg":"","on":"","sub-source":"","campaignMostRecentID":"","content-id":"","orig-channel":"","campaign-name":"","campaignMostRecentName":"","campaignMostRecentSource":"","campaignMostRecentMedium":"","campaignMostRecentContent":"","campaignMostRecentTerm":"","campaignMostRecentContentID":"","campaignMostRecentSubSource":"","Persistent_utm_medium":"","Persistent_utm_source":"","Persistent_utm_term":"","Persistent_utm_campaign":"","Persistent_Sub_Source":"","Persistent_Content_ID":"","Persistent_Campaign_ID":"","Persistent_utm_content":"","Session_utm_medium":"","Session_utm_source":"","Session_utm_term":"","Session_utm_campaign":"","Session_Sub_Source":"","Session_Content_ID":"","Session_Campaign_ID":"701RN00000RbnVLYAZ","Session_utm_content":"","inquiry":"","fullURL":"https://www-dev.broadridge.com/report/asset-management/tailored-shareholder-reports","page_id":"130411","page_campaign_id":"639ca36f01b0d5c80e77c6108137c4c5","ecid":"","elqCampaignId":"","Formmodel":"flyout","Pagetype":"","g-recaptcha-response":"0cAFcWeA4j2UcrOvOk6Nu10LvUomXJ6vb6-1MCnLAYC7c4tfiPpGy8BafvmQ_aTnIyYjS9ivoW0WuMponfala3xqzjygeKJb1hvU08a6rVirFE2s6jdhpmM_gDWsmJYgIHA8ixYXCDYZiFIkYtwzO-ldjQVsUAKmwPdSYTEyM1ExRGK0P9dwJnRoIgUTuCxBnC55DE-3OAfzFmQAZfTQWkV_lvDqOXNPU580I-oppOzuGa9MtmpYcPJ92isHanL5ArR5MhPQz6eI9PdjyA6zCpFfPAIlNK06FfWvpsCPalk7uASBkbSDu9-uosZ4OsomHwdCWMJE4TMGBLMjHyfg2kpogNYWSSUb-2byRPIBdQ_608cBJ5kByx4nFLplfrnKHh9jy7i-4iwyDRudeKx5BwcyspExvUlsKJLCJr46Zt3e4dZHKZ1Cx94NidACh4QxyDjJ4-zjL-deEgEXS7OAHBAYWu9V1k1fKinEICV6IesA0kKjXCEZFVEa7N6Lu4IBAC2wA1N2xNB-emqMlXFFBZxB0I-VwoRlSJmA6UBSxj6150oAi9O4cLnR6N_f4dvDQbde_cwXl23K7j9jvzkvL_0LDDL8C5il9xbB28aXbH-_MuGi5m-kkgYPyJNQCRXIOKhXTaaCg0j--kEaNXxQNJ2lQ5FvddZTMyFP3q8eRHpfCpKW2xPWGJbHNsKgqLatOFQ30wcrq1BcRdAFOVzlqYQeU955Hl6_u1rLhJ4hj4IpFsgu3dhAOxRDHjnBOmk3KRJEPz8quoyE4bjrwuLbUNATWeRfG1tvYZGbcWfJXxeb-INttoREHL-0JswbcMiKPJndy6GvRpa5xmuIJN0sDVuTNs6p0BLP4iKR0_CkOIvognwViSzBWQHjiLuPTIJFshWlLx_8gM_-ex-34j1PwuEBfFKVnzUnu1ZPAwXSAJxoqZHu59oYDXc8Hd0wzsp-1XkmrIr0tAktKIAdRaDr-hPZU0BDC5yFhczIXUWfIeT_pxwnKiwg099TmkXxLNF3ULBCFFBNrJF6sbNgxg3ALgMwhevLph3ZazrXaHJSVdZsmCAdBCxagEpyHcqO_BnC7PYTyovkhIqS5On_ZkVoyoO7lFbFQaegba8iY48qH1gAU80ZbSudrOiUWqV063pU6K73TX26iNscdurErJPzJEc-YPHbR9ItdLjzAK7Do2jTIiLiZXR5-094z-lkNXiVC-JvG8ev1FwLv-NAWz3XqYric4tMCklNMuu-RixnPJyV41WC-2dmcBL0i7BA0zSD3Hgh9h5SvpOaP7F_bZqezMpytw01WaQjRNF4eZZizv8jcLd2Q9-A16HMkWPVYSUiDoonAQntlWI4QwVAqQHPIR_GHWZMn39fYBjGjWLYt8P72xVxQDOOvrnoUfW6ANGQ-Ibj4TnBo7C96-E8BEAfJCWKaEdbh54ld1n1B6xKGcNM1oLq7EuBIFMNtPApZO2AngMR5MEIPkhONdVJbE89i9ofr3llLLYQ9wPRGnrGotk7owVmTpON6EJNP0vdPNDOT_NKip9CfqTHo8Uz_by-HM7FpmI3skWvM9ugOzBTshn0S4rJz2UGPV_pVtTULnJVSdwW8eYUob-zASdNAJauDIbN_md3Xm8RoNBxOi3sghy3scT3sfUzzBEI3qgwui5DxTiPyOFjISNkYidVuwxoRD-1N2YZcNOxrgKL4EMn5f6KO0PpOoZXAVxXQ"}
formSubmissionId = 
fullURL = https://www-dev.broadridge.com/report/asset-management/tailored-shareholder-reports
page comparison URL = https://www-dev.broadridge.com/report/asset-management/tailored-shareholder-reports
..........!!!...Filling the form failed...!!!........
................Header Contact Us Form Filled...................
V2 ContactUs form NOT found on the bottom
V2 Download form NOT found on the bottom
]]></system-out>
    <system-err><![CDATA[SLF4J(W): No SLF4J providers were found.
SLF4J(W): Defaulting to no-operation (NOP) logger implementation
SLF4J(W): See https://www.slf4j.org/codes.html#noProviders for further details.
Jan 12, 2026 5:53:21 AM org.openqa.selenium.devtools.CdpVersionFinder findNearestMatch
WARNING: Unable to find an exact match for CDP version 143, returning the closest version; found: 140; Please update to a Selenium version that supports CDP version 143
]]></system-err>
  </testcase>
</testsuite>