<?xml version="1.0" encoding="UTF-8"?>
<!-- Generated by org.testng.reporters.JUnitXMLReporter -->
<testsuite ignored="0" hostname="runnervmwhb2z" failures="9" tests="10" name="Surefire test" time="365.873" errors="0" timestamp="2025-10-13T05:48:49 UTC">
  <testcase classname="com.broadridge.Tests" name="FormTester" time="47.694">
    <failure type="java.lang.IllegalArgumentException" message="argument &amp;quot;content&amp;quot; is null">
      <![CDATA[java.lang.IllegalArgumentException: argument "content" is null
at com.fasterxml.jackson.databind.ObjectMapper._assertNotNull(ObjectMapper.java:5060)
at com.fasterxml.jackson.databind.ObjectMapper.readTree(ObjectMapper.java:3278)
at com.broadridge.utils.BrowserUtils.getJsonField(BrowserUtils.java:55)
at com.broadridge.utils.BrowserUtils.headerContactUsFiller(BrowserUtils.java:116)
at com.broadridge.Tests.FormTester(Tests.java:112)
at java.base/java.util.ArrayList.forEach(ArrayList.java:1511)
... Removed 30 stack frames]]>
    </failure>
  </testcase> <!-- FormTester -->
  <testcase classname="com.broadridge.Tests" name="FormTester" time="25.299">
    <failure type="java.lang.IllegalArgumentException" message="argument &amp;quot;content&amp;quot; is null">
      <![CDATA[java.lang.IllegalArgumentException: argument "content" is null
at com.fasterxml.jackson.databind.ObjectMapper._assertNotNull(ObjectMapper.java:5060)
at com.fasterxml.jackson.databind.ObjectMapper.readTree(ObjectMapper.java:3278)
at com.broadridge.utils.BrowserUtils.getJsonField(BrowserUtils.java:55)
at com.broadridge.utils.BrowserUtils.headerContactUsFiller(BrowserUtils.java:116)
at com.broadridge.Tests.FormTester(Tests.java:109)
at java.base/java.util.ArrayList.forEach(ArrayList.java:1511)
... Removed 30 stack frames]]>
    </failure>
  </testcase> <!-- FormTester -->
  <testcase classname="com.broadridge.Tests" name="FormTester" time="35.263">
    <failure type="java.lang.IllegalArgumentException" message="argument &amp;quot;content&amp;quot; is null">
      <![CDATA[java.lang.IllegalArgumentException: argument "content" is null
at com.fasterxml.jackson.databind.ObjectMapper._assertNotNull(ObjectMapper.java:5060)
at com.fasterxml.jackson.databind.ObjectMapper.readTree(ObjectMapper.java:3278)
at com.broadridge.utils.BrowserUtils.getJsonField(BrowserUtils.java:55)
at com.broadridge.utils.BrowserUtils.headerContactUsFiller(BrowserUtils.java:116)
at com.broadridge.Tests.FormTester(Tests.java:112)
at java.base/java.util.ArrayList.forEach(ArrayList.java:1511)
... Removed 30 stack frames]]>
    </failure>
  </testcase> <!-- FormTester -->
  <testcase classname="com.broadridge.Tests" name="FormTester" time="36.699">
    <failure type="java.lang.IllegalArgumentException" message="argument &amp;quot;content&amp;quot; is null">
      <![CDATA[java.lang.IllegalArgumentException: argument "content" is null
at com.fasterxml.jackson.databind.ObjectMapper._assertNotNull(ObjectMapper.java:5060)
at com.fasterxml.jackson.databind.ObjectMapper.readTree(ObjectMapper.java:3278)
at com.broadridge.utils.BrowserUtils.getJsonField(BrowserUtils.java:55)
at com.broadridge.utils.BrowserUtils.headerContactUsFiller(BrowserUtils.java:116)
at com.broadridge.Tests.FormTester(Tests.java:109)
at java.base/java.util.ArrayList.forEach(ArrayList.java:1511)
... Removed 30 stack frames]]>
    </failure>
  </testcase> <!-- FormTester -->
  <testcase classname="com.broadridge.Tests" name="FormTester" time="35.137">
    <failure type="java.lang.IllegalArgumentException" message="argument &amp;quot;content&amp;quot; is null">
      <![CDATA[java.lang.IllegalArgumentException: argument "content" is null
at com.fasterxml.jackson.databind.ObjectMapper._assertNotNull(ObjectMapper.java:5060)
at com.fasterxml.jackson.databind.ObjectMapper.readTree(ObjectMapper.java:3278)
at com.broadridge.utils.BrowserUtils.getJsonField(BrowserUtils.java:55)
at com.broadridge.utils.BrowserUtils.headerContactUsFiller(BrowserUtils.java:116)
at com.broadridge.Tests.FormTester(Tests.java:115)
at java.base/java.util.ArrayList.forEach(ArrayList.java:1511)
... Removed 30 stack frames]]>
    </failure>
  </testcase> <!-- FormTester -->
  <testcase classname="com.broadridge.Tests" name="FormTester" time="34.789">
    <failure type="java.lang.IllegalArgumentException" message="argument &amp;quot;content&amp;quot; is null">
      <![CDATA[java.lang.IllegalArgumentException: argument "content" is null
at com.fasterxml.jackson.databind.ObjectMapper._assertNotNull(ObjectMapper.java:5060)
at com.fasterxml.jackson.databind.ObjectMapper.readTree(ObjectMapper.java:3278)
at com.broadridge.utils.BrowserUtils.getJsonField(BrowserUtils.java:55)
at com.broadridge.utils.BrowserUtils.headerContactUsFiller(BrowserUtils.java:116)
at com.broadridge.Tests.FormTester(Tests.java:109)
at java.base/java.util.ArrayList.forEach(ArrayList.java:1511)
... Removed 30 stack frames]]>
    </failure>
  </testcase> <!-- FormTester -->
  <testcase classname="com.broadridge.Tests" name="FormTester" time="34.88">
    <failure type="java.lang.IllegalArgumentException" message="argument &amp;quot;content&amp;quot; is null">
      <![CDATA[java.lang.IllegalArgumentException: argument "content" is null
at com.fasterxml.jackson.databind.ObjectMapper._assertNotNull(ObjectMapper.java:5060)
at com.fasterxml.jackson.databind.ObjectMapper.readTree(ObjectMapper.java:3278)
at com.broadridge.utils.BrowserUtils.getJsonField(BrowserUtils.java:55)
at com.broadridge.utils.BrowserUtils.headerContactUsFiller(BrowserUtils.java:116)
at com.broadridge.Tests.FormTester(Tests.java:109)
at java.base/java.util.ArrayList.forEach(ArrayList.java:1511)
... Removed 30 stack frames]]>
    </failure>
  </testcase> <!-- FormTester -->
  <testcase classname="com.broadridge.Tests" name="FormTester" time="34.847">
    <failure type="java.lang.IllegalArgumentException" message="argument &amp;quot;content&amp;quot; is null">
      <![CDATA[java.lang.IllegalArgumentException: argument "content" is null
at com.fasterxml.jackson.databind.ObjectMapper._assertNotNull(ObjectMapper.java:5060)
at com.fasterxml.jackson.databind.ObjectMapper.readTree(ObjectMapper.java:3278)
at com.broadridge.utils.BrowserUtils.getJsonField(BrowserUtils.java:55)
at com.broadridge.utils.BrowserUtils.headerContactUsFiller(BrowserUtils.java:116)
at com.broadridge.Tests.FormTester(Tests.java:109)
at java.base/java.util.ArrayList.forEach(ArrayList.java:1511)
... Removed 30 stack frames]]>
    </failure>
  </testcase> <!-- FormTester -->
  <testcase classname="com.broadridge.Tests" name="FormTester" time="36.887">
    <failure type="java.lang.IllegalArgumentException" message="argument &amp;quot;content&amp;quot; is null">
      <![CDATA[java.lang.IllegalArgumentException: argument "content" is null
at com.fasterxml.jackson.databind.ObjectMapper._assertNotNull(ObjectMapper.java:5060)
at com.fasterxml.jackson.databind.ObjectMapper.readTree(ObjectMapper.java:3278)
at com.broadridge.utils.BrowserUtils.getJsonField(BrowserUtils.java:55)
at com.broadridge.utils.BrowserUtils.headerContactUsFiller(BrowserUtils.java:116)
at com.broadridge.Tests.FormTester(Tests.java:109)
at java.base/java.util.ArrayList.forEach(ArrayList.java:1511)
... Removed 30 stack frames]]>
    </failure>
  </testcase> <!-- FormTester -->
  <testcase classname="com.broadridge.Tests" name="FormTester" time="43.95"/>
</testsuite> <!-- Surefire test -->
