<?xml version="1.0" encoding="UTF-8"?>
<!-- Generated by org.testng.reporters.JUnitXMLReporter -->
<testsuite ignored="0" hostname="runnervmwhb2z" failures="9" tests="10" name="Surefire test" time="362.488" errors="0" timestamp="2025-10-27T05:50:16 UTC">
  <testcase classname="com.broadridge.Tests" name="FormTester" time="45.806">
    <failure type="java.lang.IllegalArgumentException" message="argument &amp;quot;content&amp;quot; is null">
      <![CDATA[java.lang.IllegalArgumentException: argument "content" is null
at com.fasterxml.jackson.databind.ObjectMapper._assertNotNull(ObjectMapper.java:5060)
at com.fasterxml.jackson.databind.ObjectMapper.readTree(ObjectMapper.java:3278)
at com.broadridge.utils.BrowserUtils.getJsonField(BrowserUtils.java:55)
at com.broadridge.utils.BrowserUtils.headerContactUsFiller(BrowserUtils.java:116)
at com.broadridge.Tests.FormTester(Tests.java:112)
at java.base/java.util.ArrayList.forEach(ArrayList.java:1511)
... Removed 30 stack frames]]>
    </failure>
  </testcase> <!-- FormTester -->
  <testcase classname="com.broadridge.Tests" name="FormTester" time="25.08">
    <failure type="java.lang.IllegalArgumentException" message="argument &amp;quot;content&amp;quot; is null">
      <![CDATA[java.lang.IllegalArgumentException: argument "content" is null
at com.fasterxml.jackson.databind.ObjectMapper._assertNotNull(ObjectMapper.java:5060)
at com.fasterxml.jackson.databind.ObjectMapper.readTree(ObjectMapper.java:3278)
at com.broadridge.utils.BrowserUtils.getJsonField(BrowserUtils.java:55)
at com.broadridge.utils.BrowserUtils.headerContactUsFiller(BrowserUtils.java:116)
at com.broadridge.Tests.FormTester(Tests.java:109)
at java.base/java.util.ArrayList.forEach(ArrayList.java:1511)
... Removed 30 stack frames]]>
    </failure>
  </testcase> <!-- FormTester -->
  <testcase classname="com.broadridge.Tests" name="FormTester" time="34.95">
    <failure type="java.lang.IllegalArgumentException" message="argument &amp;quot;content&amp;quot; is null">
      <![CDATA[java.lang.IllegalArgumentException: argument "content" is null
at com.fasterxml.jackson.databind.ObjectMapper._assertNotNull(ObjectMapper.java:5060)
at com.fasterxml.jackson.databind.ObjectMapper.readTree(ObjectMapper.java:3278)
at com.broadridge.utils.BrowserUtils.getJsonField(BrowserUtils.java:55)
at com.broadridge.utils.BrowserUtils.headerContactUsFiller(BrowserUtils.java:116)
at com.broadridge.Tests.FormTester(Tests.java:112)
at java.base/java.util.ArrayList.forEach(ArrayList.java:1511)
... Removed 30 stack frames]]>
    </failure>
  </testcase> <!-- FormTester -->
  <testcase classname="com.broadridge.Tests" name="FormTester" time="36.41">
    <failure type="java.lang.IllegalArgumentException" message="argument &amp;quot;content&amp;quot; is null">
      <![CDATA[java.lang.IllegalArgumentException: argument "content" is null
at com.fasterxml.jackson.databind.ObjectMapper._assertNotNull(ObjectMapper.java:5060)
at com.fasterxml.jackson.databind.ObjectMapper.readTree(ObjectMapper.java:3278)
at com.broadridge.utils.BrowserUtils.getJsonField(BrowserUtils.java:55)
at com.broadridge.utils.BrowserUtils.headerContactUsFiller(BrowserUtils.java:116)
at com.broadridge.Tests.FormTester(Tests.java:109)
at java.base/java.util.ArrayList.forEach(ArrayList.java:1511)
... Removed 30 stack frames]]>
    </failure>
  </testcase> <!-- FormTester -->
  <testcase classname="com.broadridge.Tests" name="FormTester" time="34.752">
    <failure type="java.lang.IllegalArgumentException" message="argument &amp;quot;content&amp;quot; is null">
      <![CDATA[java.lang.IllegalArgumentException: argument "content" is null
at com.fasterxml.jackson.databind.ObjectMapper._assertNotNull(ObjectMapper.java:5060)
at com.fasterxml.jackson.databind.ObjectMapper.readTree(ObjectMapper.java:3278)
at com.broadridge.utils.BrowserUtils.getJsonField(BrowserUtils.java:55)
at com.broadridge.utils.BrowserUtils.headerContactUsFiller(BrowserUtils.java:116)
at com.broadridge.Tests.FormTester(Tests.java:115)
at java.base/java.util.ArrayList.forEach(ArrayList.java:1511)
... Removed 30 stack frames]]>
    </failure>
  </testcase> <!-- FormTester -->
  <testcase classname="com.broadridge.Tests" name="FormTester" time="34.806">
    <failure type="java.lang.IllegalArgumentException" message="argument &amp;quot;content&amp;quot; is null">
      <![CDATA[java.lang.IllegalArgumentException: argument "content" is null
at com.fasterxml.jackson.databind.ObjectMapper._assertNotNull(ObjectMapper.java:5060)
at com.fasterxml.jackson.databind.ObjectMapper.readTree(ObjectMapper.java:3278)
at com.broadridge.utils.BrowserUtils.getJsonField(BrowserUtils.java:55)
at com.broadridge.utils.BrowserUtils.headerContactUsFiller(BrowserUtils.java:116)
at com.broadridge.Tests.FormTester(Tests.java:109)
at java.base/java.util.ArrayList.forEach(ArrayList.java:1511)
... Removed 30 stack frames]]>
    </failure>
  </testcase> <!-- FormTester -->
  <testcase classname="com.broadridge.Tests" name="FormTester" time="35.096">
    <failure type="java.lang.IllegalArgumentException" message="argument &amp;quot;content&amp;quot; is null">
      <![CDATA[java.lang.IllegalArgumentException: argument "content" is null
at com.fasterxml.jackson.databind.ObjectMapper._assertNotNull(ObjectMapper.java:5060)
at com.fasterxml.jackson.databind.ObjectMapper.readTree(ObjectMapper.java:3278)
at com.broadridge.utils.BrowserUtils.getJsonField(BrowserUtils.java:55)
at com.broadridge.utils.BrowserUtils.headerContactUsFiller(BrowserUtils.java:116)
at com.broadridge.Tests.FormTester(Tests.java:109)
at java.base/java.util.ArrayList.forEach(ArrayList.java:1511)
... Removed 30 stack frames]]>
    </failure>
  </testcase> <!-- FormTester -->
  <testcase classname="com.broadridge.Tests" name="FormTester" time="34.735">
    <failure type="java.lang.IllegalArgumentException" message="argument &amp;quot;content&amp;quot; is null">
      <![CDATA[java.lang.IllegalArgumentException: argument "content" is null
at com.fasterxml.jackson.databind.ObjectMapper._assertNotNull(ObjectMapper.java:5060)
at com.fasterxml.jackson.databind.ObjectMapper.readTree(ObjectMapper.java:3278)
at com.broadridge.utils.BrowserUtils.getJsonField(BrowserUtils.java:55)
at com.broadridge.utils.BrowserUtils.headerContactUsFiller(BrowserUtils.java:116)
at com.broadridge.Tests.FormTester(Tests.java:109)
at java.base/java.util.ArrayList.forEach(ArrayList.java:1511)
... Removed 30 stack frames]]>
    </failure>
  </testcase> <!-- FormTester -->
  <testcase classname="com.broadridge.Tests" name="FormTester" time="36.44">
    <failure type="java.lang.IllegalArgumentException" message="argument &amp;quot;content&amp;quot; is null">
      <![CDATA[java.lang.IllegalArgumentException: argument "content" is null
at com.fasterxml.jackson.databind.ObjectMapper._assertNotNull(ObjectMapper.java:5060)
at com.fasterxml.jackson.databind.ObjectMapper.readTree(ObjectMapper.java:3278)
at com.broadridge.utils.BrowserUtils.getJsonField(BrowserUtils.java:55)
at com.broadridge.utils.BrowserUtils.headerContactUsFiller(BrowserUtils.java:116)
at com.broadridge.Tests.FormTester(Tests.java:109)
at java.base/java.util.ArrayList.forEach(ArrayList.java:1511)
... Removed 30 stack frames]]>
    </failure>
  </testcase> <!-- FormTester -->
  <testcase classname="com.broadridge.Tests" name="FormTester" time="44.012"/>
</testsuite> <!-- Surefire test -->
