<?xml version="1.0" encoding="UTF-8"?>
<!-- Generated by org.testng.reporters.JUnitXMLReporter -->
<testsuite ignored="0" hostname="runnervm3ublj" failures="0" tests="10" name="Surefire test" time="452.697" errors="0" timestamp="2025-09-29T22:16:13 UTC">
  <testcase classname="com.broadridge.Tests" name="FormTester" time="48.985"/>
  <testcase classname="com.broadridge.Tests" name="FormTester" time="36.913"/>
  <testcase classname="com.broadridge.Tests" name="FormTester" time="35.013"/>
  <testcase classname="com.broadridge.Tests" name="FormTester" time="49.283"/>
  <testcase classname="com.broadridge.Tests" name="FormTester" time="48.822"/>
  <testcase classname="com.broadridge.Tests" name="FormTester" time="46.598"/>
  <testcase classname="com.broadridge.Tests" name="FormTester" time="46.715"/>
  <testcase classname="com.broadridge.Tests" name="FormTester" time="46.381"/>
  <testcase classname="com.broadridge.Tests" name="FormTester" time="49.387"/>
  <testcase classname="com.broadridge.Tests" name="FormTester" time="44.168"/>
</testsuite> <!-- Surefire test -->
