<?xml version="1.0" encoding="UTF-8"?>
<testsuite xmlns:xsi="http://www.w3.org/2001/XMLSchema-instance" xsi:noNamespaceSchemaLocation="https://maven.apache.org/surefire/maven-surefire-plugin/xsd/surefire-test-report-3.0.xsd" version="3.0" name="TestSuite" time="469.747" tests="10" errors="0" skipped="0" failures="0">
  <properties>
[...]
</properties>
  <testcase name="FormTester[https://broadridgedigital:broadridge1@www-dev.broadridge.com/2024-digital-transformation-study, https://www-dev.broadridge.com/2024-digital-transformation-study](1)" classname="com.broadridge.Tests" time="46.304">
    <system-out><![CDATA[-------------------------------TEST STARTED--------------------------------
page URL = https://broadridgedigital:broadridge1@www-dev.broadridge.com/2024-digital-transformation-study
current URL = https://broadridgedigital:broadridge1@www-dev.broadridge.com/2024-digital-transformation-study
header ContactUs button found = true
v1 ContactUs form found = true
v2 ContactUs form not found
v2 download form not found
emailTimeStamp = automated_TESTTEST_2025-09-29_23_30_11@broadridge.com
................Header Contact Us Form Filled...................
form message = Something went wrong with our form submission. Please try again.
formpayload for validation = {"formSubmissionId":"","elqFormName":"","elqSiteID":"","datalayerheader":"","contact":"","formgtm":"","elqCustomerGUID":"","elqCookieWrite":"","segment":"","name_first":"First_TESTTEST","name_last":"Last_TESTTEST","email_work":"automated_TESTTEST_2025-09-29_23_30_11@broadridge.com","phone_business":"999-999-9999","job_title":"Job_TESTTEST","Company":"Company_TESTTEST","country":"United States","comment":"This is an automated test submission. Please ignore.","id":"","so":"","di":"","ct":"","ep":"","ot":"","mt":"","yr":"","rg":"","on":"","sub-source":"","campaignMostRecentID":"","content-id":"","orig-channel":"","campaign-name":"","campaignMostRecentName":"","campaignMostRecentSource":"","campaignMostRecentMedium":"","campaignMostRecentContent":"","campaignMostRecentTerm":"","campaignMostRecentContentID":"","campaignMostRecentSubSource":"","Persistent_utm_medium":"","Persistent_utm_source":"","Persistent_utm_term":"","Persistent_utm_campaign":"","Persistent_Sub_Source":"","Persistent_Content_ID":"","Persistent_Campaign_ID":"","Persistent_utm_content":"","Session_utm_medium":"","Session_utm_source":"","Session_utm_term":"","Session_utm_campaign":"","Session_Sub_Source":"","Session_Content_ID":"","Session_Campaign_ID":"701RN00000RbnVLYAZ","Session_utm_content":"","inquiry":"","fullURL":"","page_id":"","page_campaign_id":"","ecid":"","elqCampaignId":"","Formmodel":"flyout","Pagetype":"","g-recaptcha-response":"0cAFcWeA48Lc5tLXWokein5S3gN7krCKPqvn9R0lqjh4Y963zZH1zTbGK31W_Pq8e2OkkGlpRrZtxr0cjnXFju7XbwYkQ5IJkuLEkwkFjZRVvEbdvqtmZR_5ThsoN9IoZerZvl9QboKD4YmJYUitM80wnGg7xfjqdKAv4t8X7wPdvPA_-ZicN-FtBczGfFLt6LuDjJWD51lalOQTx6gqZda_P5eNb5lDsoKAqiqdJbT43MOIWt59eeQvHANMRbVyn_c3RYNM4LCWouD31lXPntPllr9xXHnEZD9Y8CYyBjHQjTss0b8Umi4o_lP-ZbyYhNXLNeW0ruBIm4F1CoblT2qRsc6g35449qsm3bgbxQD6iB6G6zXkKmgCQ8F1of9qp1LgvJLoL2xcJokmdEqpz1En9oPkZKU9m862k_97pn7VkElH-ePrb6swFV7bEDIniqw3EkJx9K7j48uIGajMx6XKRRejcPhoGqzV9GGxzKVDTva00sg9BWupnooarbnxqB5h5QGmKxxTnMxb7SoC8PnnYgoJpHMUYTPyEqF4kHaXEtkRYLn1VZoaipqfu1PJ1rrxFh9eGKnGyRmGR67P8RAhL79HZCIgR8AjA8kPHwI8zhzp9SQeWua72HKsN8VbZrFNlLsHSzV3XQpr4S0m62LaEZPLU_UTaciO9HrcqEoZALuQjC-3SQrukcFFAoWEcCT_DnPVKe2p35NWXyVvjl1YG9agj-XVOVZseUq_50_i9VCz8VUkIDJKC8LfJvNeRHFhNU8gQRrlLRrTu-nzRQH11EeztxvMO6mBcBb_yiLG9qxvooAGP_WgNeJtKCYl6ahgC9nbN90suaGFiMFDnhM7GY78XY6EIi4ffqtT8Nu1EzodN5BXdTrV3tPTQn8hR-Lmab786gI4p1TZriNLgksQKvGyxk3UD03MVpiUZQANvvnQkxWilqz91xh3zzcIZkR8khLJlu1Fc5sgs_Z3D0JNdyjQObkrGHxeuvJrjbWcUo2KWw7fwne2RPqN_yJvLFWxjunG1cDWeIZRDpED8Gk5Pv3PjnEHhF491qYXwNwQ7lPuYKl69TnPYdY4T2CzhAYTiL_gH5-r5azBkVNEVXqTakwhiTi2YqjTx16RrD7dEtEJQc86o1lWH_039Ua2vp5oOTYp2CWZ0RP7SKYnSrJdLi-4feIfT55mzAzGN6MFEKKet2W9-YdcQilT9T7QmQUgSNkdxYxXpd6H76jxCsNb-vQVxhPDtsrFMCRGCZ_r1zeKkA11NE292hljU7J4_mToF3Na3g4IIGEGrm2g99U9Y6-PoUvNhODs1ONMQPLFEgZpXXLhWeZ_JBlclud10jJgTdSo3fqesJZOqILgAm6OsgdoREHP17DTrNBwx2eHO66ryyjp8gUUy76HFHtVmljoW3KwvHoUbtTUaex_KBwXkvWafIjA6Vy4sTjhRbTSAL-7F1brf1NYMICVxIlQf7BRinsWMSoHjRs-5Qa_Wyg5k7lhcr9wkVuYPvVxToUH1A5c3WqZUtGvSatjfhKSl8dkN13VtM0KWegT7Z3BF3iqbw0RK0nsSK6g"}
formSubmissionId = 
fullURL = 
formSubmissionId = 
fullURL = 
]]></system-out>
    <system-err><![CDATA[SLF4J(W): No SLF4J providers were found.
SLF4J(W): Defaulting to no-operation (NOP) logger implementation
SLF4J(W): See https://www.slf4j.org/codes.html#noProviders for further details.
Sep 29, 2025 11:29:41 PM org.openqa.selenium.devtools.CdpVersionFinder findNearestMatch
WARNING: Unable to find an exact match for CDP version 140, returning the closest version; found: 136; Please update to a Selenium version that supports CDP version 140
]]></system-err>
  </testcase>
  <testcase name="FormTester[https://broadridgedigital:broadridge1@www-dev.broadridge.com/insight-pages/bpo-case-study, https://www-dev.broadridge.com/insight-pages/bpo-case-study](2)" classname="com.broadridge.Tests" time="38.498">
    <system-out><![CDATA[page URL = https://broadridgedigital:broadridge1@www-dev.broadridge.com/insight-pages/bpo-case-study
current URL = https://broadridgedigital:broadridge1@www-dev.broadridge.com/insight-pages/bpo-case-study
header ContactUs button found = true
v1 ContactUs form found = true
v2 ContactUs form found = true
v2 download form not found
emailTimeStamp = automated_TESTTEST_2025-09-29_23_30_38@broadridge.com
................Header Contact Us Form Filled...................
form message = Something went wrong with our form submission. Please try again.
formpayload for validation = {"formSubmissionId":"BR31US5DG-1759177844295","elqFormName":"","elqSiteID":"","datalayerheader":"","contact":"","formgtm":"","elqCustomerGUID":"","elqCookieWrite":"","segment":"","name_first":"First_TESTTEST","name_last":"Last_TESTTEST","email_work":"automated_TESTTEST_2025-09-29_23_30_38@broadridge.com","phone_business":"999-999-9999","job_title":"Job_TESTTEST","Company":"Company_TESTTEST","country":"United States","comment":"This is an automated test submission.  Please ignore.","id":"","so":"","di":"","ct":"","ep":"","ot":"","mt":"","yr":"","rg":"","on":"","sub-source":"","campaignMostRecentID":"","content-id":"","orig-channel":"","campaign-name":"","campaignMostRecentName":"","campaignMostRecentSource":"","campaignMostRecentMedium":"","campaignMostRecentContent":"","campaignMostRecentTerm":"","campaignMostRecentContentID":"","campaignMostRecentSubSource":"","Persistent_utm_medium":"","Persistent_utm_source":"","Persistent_utm_term":"","Persistent_utm_campaign":"","Persistent_Sub_Source":"","Persistent_Content_ID":"","Persistent_Campaign_ID":"","Persistent_utm_content":"","Session_utm_medium":"","Session_utm_source":"","Session_utm_term":"","Session_utm_campaign":"","Session_Sub_Source":"","Session_Content_ID":"","Session_Campaign_ID":"701RN00000RbnVLYAZ","Session_utm_content":"","inquiry":"Gen Enq","fullURL":"https://www-dev.broadridge.com/insight-pages/bpo-case-study","page_id":"","page_campaign_id":"","ecid":"","elqCampaignId":"","Formmodel":"flyout","Pagetype":"","g-recaptcha-response":"0cAFcWeA5hab1qPxi70OSQEAIiJsu-Z-Fas99F5zIXR-1ArT3O9nJ9OsPyjPwQnQ_lKpm1oy3P8LMy_khfrLVos4RrrD1-Vd6OEWpa9dBW2ypsyScdlGgUnfuwlL0lX4CVOt42Fg_xFwkozRNMMHoPF_nc1pfwWwLyYKK1rBLdzxpWBinlB9X7mVtPjuq_AsRL4_ZCcxIdDnblOkItlyFmPO356QtnjenIZIPKIa8XIkqX7MnwIvNWRsPLiYdxsRbBBWWALOTKOI_KNoAXdcTRuEPBZZjTojd7ThcwiJb5BHXbxelRKTDVJrsaKjwxrJJV0fbf7n5ioroa-a61AI8gW4NIVGXfedIESDGE2tGFGFIa96BVrNyx-76Kk1lGEkztNrE8af6DwGpYb-XxVKdCfsiz3QC7uVWeDT3flGoQ5Wt9szmAK5FGnc6bNKI75tLmhWkaHyhvrYFMkkmZh6yJkY79VVqIy0HyCmfWNf6ocYExlTcUCG6pySlsz0EfYyMMsI7VmvZM_owBSoAZiRBZ9o0x2okZ_Zq4MGis_nerfCXtI3JDO7StBlURhKw47I7d6jhMwjCr4aufAGLWTGCKnFY_mojZ0lDzep1qi5NZQiDMvmjyIKdkyZjLmBMcv_QE3zSjj5TLeYojdat4ZJSI5yI6yGsPygChBz8MpPppi3FAyJBRcTSrXyXFv7W_lmkOxpE15gVqkEo9hGaRwVt3X63v7IcS4OIf8jLJbN_hSYCAdDlRKiHI0q3BFr6C0t4wKp7ojB199sSzbHLkP6AQg13-P0U2CsB_DuH8kgKFEOb0tzFCcrECg1QHQ4BFjB_TOvAhPk21FAp5-XwBEn-Hc03FFRfejMhO2NdF70dkFLyST81TAC9PHVd9HFNb9aJRFk49-TUGAL1j81KgNdJmP2Q-ZMf7nQJi1-geguGYlRyNHr46WeXzOIrRmnXM3fmfWtl29F1A34hOrsfoDOMgsvgd3x0GgMbSL4bafaVmLptX6JNaswewp8B23m8pdk6HxQ3Sq4E-YeLfoVMmGomn3HPgHRt-a4eW8gW3NqVC4cTLHCdMLY67WDNb18HTeDzMiONyNf1Rvi44tg_DQ4EYNUBdNRb65dJJiJWBirUEwKGiIMdV_yjKfIYKkwBhEVDIb1uGElN9OWSG-Hkn2KLXHJQ0jJzwVIGKKxFKTgO7g59GpHHtMq4vgydd6nBtyp8h4YU5bKXjhrR_HKBHvV2tabTCN0Rux3ZBCx1LrbFFd8dvQ5WD-M7p1e4FCstuYruhXkiSKOmq7DHpG0HC4c9RejHTr9Ev0lA7eKbrVhZSCqWcdaL5WQ3xBiXJPDHB0cDcrnrfD8oiwFx5DMm37VZMwPUdT0wnTEvJMESGoFeha25hFNrVk1FT2qIiJilLD7NcoUq0hsBOFZAZ4PMeu_0_1Ute2ef6NDC7iwzXQsv_jk3au0NW_wUXYYHtu8Ap-3JNBgtbTL295aczRwujxfoFrY9G-uHatTwdndSaOpF5lJAPs_W72CdEO3w8vE1mS7lAcBP8KpnL45NvQ0I3TcWI_e6GeKH1UIqrGaFKiH_hmQ4Ix43hdQNpXTc"}
formSubmissionId = BR31US5DG-1759177844295
fullURL = https://www-dev.broadridge.com/insight-pages/bpo-case-study
formSubmissionId = BR31US5DG-1759177844295
fullURL = https://www-dev.broadridge.com/insight-pages/bpo-case-study
emailTimeStamp = automated_TESTTEST_2025-09-29_23_30_51@broadridge.com
................V2 Contact Us Form Filled...................
form message = 
formpayload for validation = {"formSubmissionId":"BRP3O83JZ-1759177856339","elqFormName":"","elqSiteID":"","datalayerheader":"","contact":"","formgtm":"","elqCustomerGUID":"","elqCookieWrite":"","segment":"","name_first":"First_TESTTEST","name_last":"Last_TESTTEST","email_work":"automated_TESTTEST_2025-09-29_23_30_51@broadridge.com","phone_business":"999-999-9999","job_title":"Job_TESTTEST","Company":"Company_TESTTEST","country":"United States","comment":"This is an automated test submission.  Please ignore.","id":"","so":"","di":"","ct":"","ep":"","ot":"","mt":"","yr":"","rg":"","on":"","sub-source":"","campaignMostRecentID":"","content-id":"","orig-channel":"","campaign-name":"","campaignMostRecentName":"","campaignMostRecentSource":"","campaignMostRecentMedium":"","campaignMostRecentContent":"","campaignMostRecentTerm":"","campaignMostRecentContentID":"","campaignMostRecentSubSource":"","Persistent_utm_medium":"","Persistent_utm_source":"","Persistent_utm_term":"","Persistent_utm_campaign":"","Persistent_Sub_Source":"","Persistent_Content_ID":"","Persistent_Campaign_ID":"","Persistent_utm_content":"","Session_utm_medium":"","Session_utm_source":"","Session_utm_term":"","Session_utm_campaign":"","Session_Sub_Source":"","Session_Content_ID":"","Session_Campaign_ID":"701RN00000RbnVLYAZ","Session_utm_content":"","inquiry":"Gen Enq","fullURL":"https://www-dev.broadridge.com/insight-pages/bpo-case-study","page_id":"","page_campaign_id":"","ecid":"","elqCampaignId":"","Formmodel":"ungated","Pagetype":"","g-recaptcha-response":"0cAFcWeA4Ozn2LGik0ao98UgNpcTdEJhF16k2c4e2YMiAtdk0IQRhB37Uni8fTe63Em_5nXCWN9s7GHOe4g01rQlXA0sRkzVDTgOodIEUbKFvNMJRBR0urznQJPs-MKWzvziMTdxH3zzlBlyypzEunzN1LG_hTsEfQAVT-HhpXSNMZwPHQa5UCPJpp4HzVOcnfl3RSzZOsUWqresalcFkgdx8Ob4TkJ7Ko34UoR1k8S8c8s21SLHT7BrGrXpaiz5a-QDHkvtSArNyXWrLyXTxwkmQIP6UOXatQ9xazkSPHeRqWIC7GtTNMOrL6RcQUw32kaEHdwR5j46A2wBAn3tfoKt0K1AFJl3yj2HYMjtgdYSkZb8y2WdU9yaRug_5C7wE8ZSlC-oNmoxZ2xK8QLpmpuhxmhCih-9r0d4GuKJ7yo5tcV04ugvdMVILMslQpA873DJvV8-OVHi8bxnWT3C66M4Z0Cut9oS1KydhLHTghgmbTo0YG5l_QZMjo0nUliQ0AbnSZxd9LDMlMPwU4JsFxLv_Jehrq6g9kyvKGNClSXzkKOZg-r-MWiQvjdzXJmvdwMck0KLL1DIAHQCOKNpAgauE02ZnTDDDk2MbddthBfQxIjXMwq3pRX1Mu8gGJZcBjpBHRkjP82Jhj9jq8sqCTLzgKEsmqW5Sy-RsmPk25QFX7uno3SnrvkcwwB6CEsjwDgEO7BNoa3oard3YF4Xd65E9-XyH3y2YnzbDYwI1SB23A0uJ2XwrFyGzI0vXB0tIhDxg5TdWXmG2iRAeX3VjUV62fe-32cpTHrYWZFoXwtLW1qUobeIOf-6tRSHb1tE2ePHm4Awx3FajNaQHHTthDHakWrIFFD1t4zpd8LYb6p3jNUx4RW_0EzxilLNOYTg3IFrgkej-nhy4PUwlXp4fQHuZt_Z8hEioybbc3EEXiutsuFsjQ6G_ze0uDc6EscuVptmLmPo-Ny5jgGpcvxSTAOJSnga57vcZ_Na6mffrv-AX3860e6mAg7xCgLqMADdatQ4obc3kn7xlxhsqadp80NRm4FqwP4rXHLwQVnsLML8A1P2-KN6UTJq5PDRNXtQPvdUHDl4JqCEx8TRZ0Wf-JuVesTHMre_155-Z0reOv-HALNzxy8sIk3RHEl--9ZdZL1yoznHiHeMYqFqO1QUmlr_d42F6A7cHLFHBCXvqTEEsb-DC7PSY4Wi0LPAYW31ICAoSRotmTYefcZygUvTGFVKSeU8IGnIsYqDLvxLy8c9obltccfZuCk1-uGjhZMRTr8ydR_9cMRloL2lMoRv486XxbvExWfeQjCvP9w2Vsi4DdLTv0H5D1QmerHq-IOQr_h2zoy_mZDK_X7zAaAK0SPLR3PzJG9CnPHin3uBv7PI6_piOARKxwsgz4k7TeZ_7P0aLe31lpDZvE6hq53M1qyLraWzULcuRfIHpDqAT4A-Ll9mRK3cMp2LXlQw0TcrB9lP_3rWnkfhG8f83JNOAqoemdel506QxgvQKHmEyPVXSgzr3OZ8bCWAbksmNgidaYf-Qu4bc6FeWFng258wT1NeW7-UjUE_Dpgn7yq1MB1pUjWEQCjc9ZpKQ"}
formSubmissionId = BRP3O83JZ-1759177856339
fullURL = https://www-dev.broadridge.com/insight-pages/bpo-case-study
formSubmissionId = BRP3O83JZ-1759177856339
fullURL = https://www-dev.broadridge.com/insight-pages/bpo-case-study
]]></system-out>
  </testcase>
  <testcase name="FormTester[https://broadridgedigital:broadridge1@www-dev.broadridge.com/article/asset-management/summary-of-latest-guidance-from-the-fca-on-consumer-duty-implementation, https://www-dev.broadridge.com/article/asset-management/summary-of-latest-guidance-from-the-fca-on-consumer-duty-implementation](3)" classname="com.broadridge.Tests" time="35.833">
    <system-out><![CDATA[page URL = https://broadridgedigital:broadridge1@www-dev.broadridge.com/article/asset-management/summary-of-latest-guidance-from-the-fca-on-consumer-duty-implementation
current URL = https://broadridgedigital:broadridge1@www-dev.broadridge.com/article/asset-management/summary-of-latest-guidance-from-the-fca-on-consumer-duty-implementation
header ContactUs button found = true
v1 ContactUs form found = true
v2 ContactUs form not found
v2 download form not found
emailTimeStamp = automated_TESTTEST_2025-09-29_23_31_26@broadridge.com
................Header Contact Us Form Filled...................
form message = Something went wrong with our form submission. Please try again.
formpayload for validation = {"formSubmissionId":"","elqFormName":"","elqSiteID":"","datalayerheader":"","contact":"","formgtm":"","elqCustomerGUID":"","elqCookieWrite":"","segment":"asset-management","name_first":"First_TESTTEST","name_last":"Last_TESTTEST","email_work":"automated_TESTTEST_2025-09-29_23_31_26@broadridge.com","phone_business":"999-999-9999","job_title":"Job_TESTTEST","Company":"Company_TESTTEST","country":"United States","comment":"This is an automated test submission. Please ignore.","id":"","so":"","di":"","ct":"","ep":"","ot":"","mt":"","yr":"","rg":"","on":"","sub-source":"","campaignMostRecentID":"","content-id":"","orig-channel":"","campaign-name":"","campaignMostRecentName":"","campaignMostRecentSource":"","campaignMostRecentMedium":"","campaignMostRecentContent":"","campaignMostRecentTerm":"","campaignMostRecentContentID":"","campaignMostRecentSubSource":"","Persistent_utm_medium":"","Persistent_utm_source":"","Persistent_utm_term":"","Persistent_utm_campaign":"","Persistent_Sub_Source":"","Persistent_Content_ID":"","Persistent_Campaign_ID":"","Persistent_utm_content":"","Session_utm_medium":"","Session_utm_source":"","Session_utm_term":"","Session_utm_campaign":"","Session_Sub_Source":"","Session_Content_ID":"","Session_Campaign_ID":"701RN00000RbnVLYAZ","Session_utm_content":"","inquiry":"","fullURL":"","page_id":"","page_campaign_id":"","ecid":"","elqCampaignId":"","Formmodel":"flyout","Pagetype":"","g-recaptcha-response":"0cAFcWeA7YfVlvQM3CccraJtuAWeCPMc1rjISX6aXiWGwwwOTqJy3StdKXAeK0doMPQ1T9lEoaL9iTImJjnYW9OkCHhsujKZEWfn9WI4nrTeVLeQDkpSabLNhBDggnsLdX78ggRbnCEfp841sMA89-IUvxx9_OjsmuQ49JSSWU6FkejAeFOS614LH0jyjU6kdHuFcCJlO25HllAqReN4SYgJyNoEWz4pkIudwAhLvSgj1aeBapPVlRt5tXTLtIsK2sw1u7KRPgmicT4qA91pw8IlJjUv_a_vaCSwob8NMI3CLd0D61ReIfLTd6nvdLHLhDiNbs-C_SVFEv1N2igOu-C_Uha90AvwXEzrAf_u05FnKLW_NKpw1c6vfPWfIoQEnW8WfnNmA-IZlZlaqekgtxbNwtW2t7OglUPqy2VpA9PtMhoRV6bwW001WaQ1oErhQN_HxlkafWdkW-76pKCiOTXgucYGSmJL9uRRcyjxNovujSxDnJBFwi3prTgLJF-rVlTcdbGavaMqGuQ9kPQew5JVIHFbREGqP0nhTadXuPVzoQ7eGfS2ktbxkRZBY2n7YUx3HQkOrvYC34FYzkiyzuwYfRc1nhB8J4JXw1dt2W_TBLGBS1CbFWP9jBC7t8OCsl_H16v6etVCfh9hHeIwaHroB2udsfysjGzzTvmGXiwRdwdnlLw7PYjfS7gzlN4IIiST1Kp4gIrUtD3otDgvirJrIPi7vY9B1SUzuVL6isR4iUeDZSW-ZxAQ1axNr8Wn5ZUVVRI6jkWWvwTrJA0qoAA-KKMDuyBntidhZwqqp03yh7Vcx86ciUoWGpyeWE2Au4hxkZo72iTXqnbqFfmeaWs6V0-_mqrAERSnHreOvGyhdlqZG2G6r2B420YR2EndIXlPwpMBVojL30T2Mwjudga3P61JbgBuvarp0MvFbV5vTtS0DrN27vq_vUmWf28ehdknbV3EFoqp6R6rpD70HyIh5_ayFhtgVW2MBRuWV6_cBDLkAqH0QgoR4iuJJno2Ds6v6WDjZfbxpfp4FHNIkDQBFZpxNq1nmieCTQNsFDAYLPeFOfpmg8O44hbLV1_UmQWGgDklDs6Y1T3WeX60S8iHjgmH58InHsGEK0fORBwB5ZBtjg1GJe7KGItAxQKgctVic_BKGdNfqvycYvRvHjkprJYhrnOMl3VUUXnOuGhCoQhIsB0ieSB7VFDDYXXO9CQsTJOBeJMGAlIntAN9QO_oJJMf1lkEVbtma6Mw6YcioNeDqhJZ3GP2W4k1XtNXcVwhd98fwB0mCkIbjcW8J8_4Mrc8m6ZYmf4vNUewubHpYkYr0sPGT-aUHctBMQ8zLB8jTflilhY1t8ZIoMeVcnaUSARU5eMmMC0pUPvACb-kgMx40kYS2STZQUGZuQ6F5BZmAwlUmxY91tXsFZKFudItWpx-6chkmlob2E9ZePVmronSJqBHIpK1lgb_w05G7qIVnA0u85VadRqYVxSBLA_feNNwI7rTSuo1ve-NT-3HrAUpYtDaJLqugg-LvKe-0OmhNRx4eSC47o"}
formSubmissionId = 
fullURL = 
formSubmissionId = 
fullURL = 
]]></system-out>
  </testcase>
  <testcase name="FormTester[https://broadridgedigital:broadridge1@www-dev.broadridge.com/insight-pages/governance-regulatory-change, https://www-dev.broadridge.com/insight-pages/governance-regulatory-change](4)" classname="com.broadridge.Tests" time="51.28">
    <system-out><![CDATA[page URL = https://broadridgedigital:broadridge1@www-dev.broadridge.com/insight-pages/governance-regulatory-change
current URL = https://broadridgedigital:broadridge1@www-dev.broadridge.com/insight-pages/governance-regulatory-change
header ContactUs button found = true
v1 ContactUs form not found
v2 ContactUs form found = true
v2 download form not found
emailTimeStamp = automated_TESTTEST_2025-09-29_23_32_02@broadridge.com
................Header Contact Us Form Filled...................
form message = Something went wrong with our form submission. Please try again.
formpayload for validation = {"formSubmissionId":"BR7IGRB1I-1759177929835","elqFormName":"","elqSiteID":"","datalayerheader":"","contact":"","formgtm":"","elqCustomerGUID":"","elqCookieWrite":"","segment":"","name_first":"First_TESTTEST","name_last":"Last_TESTTEST","email_work":"automated_TESTTEST_2025-09-29_23_32_02@broadridge.com","phone_business":"999-999-9999","job_title":"Job_TESTTEST","Company":"Company_TESTTEST","country":"United States","comment":"This is an automated test submission.  Please ignore.","id":"","so":"","di":"","ct":"","ep":"","ot":"","mt":"","yr":"","rg":"","on":"","sub-source":"","campaignMostRecentID":"","content-id":"","orig-channel":"","campaign-name":"","campaignMostRecentName":"","campaignMostRecentSource":"","campaignMostRecentMedium":"","campaignMostRecentContent":"","campaignMostRecentTerm":"","campaignMostRecentContentID":"","campaignMostRecentSubSource":"","Persistent_utm_medium":"","Persistent_utm_source":"","Persistent_utm_term":"","Persistent_utm_campaign":"","Persistent_Sub_Source":"","Persistent_Content_ID":"","Persistent_Campaign_ID":"","Persistent_utm_content":"","Session_utm_medium":"","Session_utm_source":"","Session_utm_term":"","Session_utm_campaign":"","Session_Sub_Source":"","Session_Content_ID":"","Session_Campaign_ID":"701RN00000RbnVLYAZ","Session_utm_content":"","inquiry":"Gen Enq","fullURL":"https://www-dev.broadridge.com/insight-pages/governance-regulatory-change","page_id":"","page_campaign_id":"","ecid":"","elqCampaignId":"","Formmodel":"flyout","Pagetype":"","g-recaptcha-response":"0cAFcWeA5bvHozGtB804pMZCTWtfUJnEcxkHk7EoCEi5h0mfX4xv_mTCnTjX4xNpIBZGhElYP9KbhutVQRYVyiqhNfecE8uBBBhrT-cj3HrMvug1-il1uItJRwcO91cSiWhHsZRaU7Ex4qK6OsBc-eSOjDYuGTWxP7wh0joeRM4ogYhR8g4Wgg80pucUzLA76WqxezT6hbEYIwQDV2wENAeyTSleD_S881breqLMFWeB6L_W0U_MdxByHaW2PH2eOkee9V0gAtUn0LAjh4vSUe5aLeFdOlzt0zS-9mRdf9K2I54oC7KYU41vqyV0udteBShfaV43t7F6UccrNxRx0nojiE19S1QAwRSKJyVGvKoD5CV_OJBxkaQ2YHry-Eu3uhPAFQO6qTr9pZPnjIqxznvj6KedJGEnCVr4JhCL7-_5nm1yCDQly9gFYkWR5xSezUq1uYqQMw_0IAXJMcOqceTopuRRksH3uTYDvJSMrGUERHQNbRCD-3NsDqY2Zp34EpohCaGlLq7jhCQ1FQDcLvH6ht52u3nWmpVvnDagLuCn4ZXsZksxFBJV-lR49CrXEcKQGJ1UwxopGnQ-Y4R26IFan8GB60izrApnkJuqDVn1Wbj9RlquVUCupm-Vk26VZIxT2oscWh-EuCAGdZPm0yTZKafZLqIT-kaSyDj16Pyra-I2LGKeW03YSxL2qwwW4eDup-Z73D1yC4IOAky-81FP-ixJUmQw373aBVaJumfxhEQ-qJm1kClDPr_JYwdI9ZS2iQkKVaJ0bWcMfRDYT2DJhUd7K9cm4zP84hNb7UPDAz3KsmqVwAf7VP_HvkDV3kg7E8V5TARZhQ6gaq63XkamFvpo7IuCiy1u91tGaeryUKOEMfdzdIZD7-K00jcW1lF9qWwbUkA74RX38FdUX8GVyqHq87iSF4OAVusXB5aN12h6tLLuEIjxhQVier3kNPMe1WjrsNhKg32uDbwzpW7kTRRqhvrYGfO1gG9yDIJUM0BAMQvM62SEKSIBW2S2YBOqYc4G70jm5XnHZg2Gw-gRv1zyaCDigT-nI_16FzRXtgJkqkMpjUw7tkVq42mRa4XVQT4brplms6oVAmjXM_pLKKJ5GzMXARq4n0ztL31D8-BrDUE4ZnIHYigrLoLW39QjxiM9pRdWFkHJQuINmPb5-jTSAvdG0ix1gd9SKeJWmyeRl6N-qrzaVKXo_OI9vbEnygVwb6rcxJgfZD6IxqRRON397fUNsaG8TALdaJ50W4285vC8fgGFYXjoTRN-61E1PQpHq5OrdqMGqdVAqRvoLzajkdOTXFtNpXuTiVqSWicm-30yaaUWnBpuJw5Cl1tPhG24TWm6CGwyfWGCYDRuJzjZCEG1NDn9S_C6OYiWXF15l6wsp5dMrJ5Os9-AV4V2gaqqdRLbTHDcwNlH3O-Ed69Vphj-BY4vHk9mxPIsReLGflidjxClsBaC_CGrHrzy4ykR_XtXDAeOADTInismBi34AHzx1IR6VJLKtmxgvPirOWeNypw_E2pxiDKqwXBbAdijNuDuDwg-UTUEeXLcmoH3LbwdXWuA_IJ8OKtON40qUkXnBXIwePfPPuVbjUwKFz10J6pOOp"}
formSubmissionId = BR7IGRB1I-1759177929835
fullURL = https://www-dev.broadridge.com/insight-pages/governance-regulatory-change
formSubmissionId = BR7IGRB1I-1759177929835
fullURL = https://www-dev.broadridge.com/insight-pages/governance-regulatory-change
emailTimeStamp = automated_TESTTEST_2025-09-29_23_32_16@broadridge.com
................V2 Contact Us Form Filled...................
form message = 
formpayload for validation = {"formSubmissionId":"BRKJYO5QO-1759177943401","elqFormName":"","elqSiteID":"","datalayerheader":"","contact":"","formgtm":"","elqCustomerGUID":"","elqCookieWrite":"","segment":"","name_first":"First_TESTTEST","name_last":"Last_TESTTEST","email_work":"automated_TESTTEST_2025-09-29_23_32_16@broadridge.com","phone_business":"999-999-9999","job_title":"Job_TESTTEST","Company":"Company_TESTTEST","country":"United States","comment":"This is an automated test submission.  Please ignore.","id":"","so":"","di":"","ct":"","ep":"","ot":"","mt":"","yr":"","rg":"","on":"","sub-source":"","campaignMostRecentID":"","content-id":"","orig-channel":"","campaign-name":"","campaignMostRecentName":"","campaignMostRecentSource":"","campaignMostRecentMedium":"","campaignMostRecentContent":"","campaignMostRecentTerm":"","campaignMostRecentContentID":"","campaignMostRecentSubSource":"","Persistent_utm_medium":"","Persistent_utm_source":"","Persistent_utm_term":"","Persistent_utm_campaign":"","Persistent_Sub_Source":"","Persistent_Content_ID":"","Persistent_Campaign_ID":"","Persistent_utm_content":"","Session_utm_medium":"","Session_utm_source":"","Session_utm_term":"","Session_utm_campaign":"","Session_Sub_Source":"","Session_Content_ID":"","Session_Campaign_ID":"701RN00000RbnVLYAZ","Session_utm_content":"","inquiry":"Gen Enq","fullURL":"https://www-dev.broadridge.com/insight-pages/governance-regulatory-change","page_id":"","page_campaign_id":"","ecid":"","elqCampaignId":"","Formmodel":"ungated","Pagetype":"","g-recaptcha-response":"0cAFcWeA4REShzaQlMDzVRyfJlWB2ryWhCbMyCfyHp5Qnol94uXPsYKeBDVpHcVfF4Hqsc-yHLxwTwB-YlXkZk7rBD8M00Crxp4m0eoKsOnCvmOEbl_WrJ19SSo0jPvADpxwvWgwm0ux4farbOQZFDpeFn4eeco9z3GPXygA1tPOi0gnZrdTZ99AJ8hXg4rUJw-9gnmVU3dFbJWEVuBYzJXR7tCoSgheFMFPAwNQN0Bz8cjcmtXs05D3RGnkh2DAvD33b63zKpatKq__xUYrfTm3RIrBT9wr26JIuotOwYgKiWhGlqN9Wo1WZN6OpnCy80rr1mFHmmAkBWJteV8V304WKeAJPjrHOn8X81ZqEju9vGAl_BSIImV09PS0YhQKvfs9TvMePQW9lkd3uXzD2OcF7Fk-kZbnPYZTaCPtRzzEWapYeT3Rxeml8XJuQGm-WmDKxyS4yQWFlSUYW2QVXdYmC_HaAl5fazUzLYislekVtMGWT2rBfnf1-YuGwaknw8ew11gIpqHiiGu6fyF6DcL2UtDmTBeOgkmYFybLkwXBh8o3MjFNIn5MVuP4b7KEPa9yw2zEJ7TSz5ySTtYEwMEv6HK7RBc3aDFN9_CeL177b41yowzJTN2ftuDiLusRfXlmQPJvMmRUwTJ77NUbSCrUPFtIs2CLqOoVQw7FdTYsIQn5y-Vxp3KARE17UIy5TYhKLNI81dZ8Hiul7BBtuArVazEJSLqSRMfaqUK0cljk9MD-veAJ6i1BC_z-bUV5AA4WIrSIBWE_ciB8Wob53xRfgp3sDs1VPy20_RGBGt1qTbohMTc43oHXcxCImv2dxxBv6Z_90A6r_ue835NTiJcCpsy0vzkwmTR4XKSkrP6Dm0XAwV2HzARj71izET5V3nQ5UUdkyigTxQFA2oEUeQsvrw6b8MFkSyglWdJc1LEy2sKjtg2QgEgF-HCZpGmK9iWGusbAQk0ZfrQnIkllxNQufbpgDvWTFUDHZCBp9eX0gr68gmqbjiMpkinnk4NKjqCGbwpiIusNqeygbvTy6S5LoELaVJHmLeYEpr0-jFeJ_n9XUy2eSSfogTIuhFZ66ux87L50CFG1mJKL395yb6qFyww5GuUzC1WUW6hkY2aU3KSPKuuySAXyjcfiNJqepgj9CWlFoDwrCs-nYt0OSKmLNezufHhm3Gi-LYvol1BElm58qMsiOO5nhC917-GM5jPPAyhaKm3KsWoInMtJhdfabHUO3A5JcIxlgmj1GSQy6w9toC29Q-GR315dnZT9iLQ5le5I7xCfpwivCu1EAp75omLBN1rOnG-H8Tx_G4E1j2Uombd4J3ZzFuISicnyy8Tw3OckcXq63kVASOgAh0kXNtbSC6R6qGMdPyuqOEAYSJPgeTUFuaAAJRWFmhGI-a7pr7jq2Ef1cS74cHoX5B68Yve9wO4F-Skaq-JQ7-og28VF1dviV9r6bmt6cijnEuQ4KGgEytCP-vAgfYMcYSQyCbG6Z7p67qLWG4pM-NQTJz8X3hU2bugYsRHUeaI1XfPwWN0VmWDfik1JKz_XRymoRFqZO3N6g0iWno-ugzoHoW-e7v3gMGNp4"}
formSubmissionId = BRKJYO5QO-1759177943401
fullURL = https://www-dev.broadridge.com/insight-pages/governance-regulatory-change
formSubmissionId = BRKJYO5QO-1759177943401
fullURL = https://www-dev.broadridge.com/insight-pages/governance-regulatory-change
]]></system-out>
  </testcase>
  <testcase name="FormTester[https://broadridgedigital:broadridge1@www-dev.broadridge.com/campaign/all-in-the-family-active-etf, https://www-dev.broadridge.com/campaign/all-in-the-family-active-etf](5)" classname="com.broadridge.Tests" time="50.066">
    <system-out><![CDATA[page URL = https://broadridgedigital:broadridge1@www-dev.broadridge.com/campaign/all-in-the-family-active-etf
current URL = https://broadridgedigital:broadridge1@www-dev.broadridge.com/campaign/all-in-the-family-active-etf
header ContactUs button found = true
v1 ContactUs form not found
v2 ContactUs form not found
v2 download form found = true
emailTimeStamp = automated_TESTTEST_2025-09-29_23_32_53@broadridge.com
................Header Contact Us Form Filled...................
form message = Something went wrong with our form submission. Please try again.
formpayload for validation = {"formSubmissionId":"BRWN8V7J5-1759177978724","elqFormName":"","elqSiteID":"","datalayerheader":"","contact":"","formgtm":"","elqCustomerGUID":"","elqCookieWrite":"","segment":"","name_first":"First_TESTTEST","name_last":"Last_TESTTEST","email_work":"automated_TESTTEST_2025-09-29_23_32_53@broadridge.com","phone_business":"999-999-9999","job_title":"Job_TESTTEST","Company":"Company_TESTTEST","country":"United States","comment":"This is an automated test submission.  Please ignore.","id":"","so":"","di":"","ct":"","ep":"","ot":"","mt":"","yr":"","rg":"","on":"","sub-source":"","campaignMostRecentID":"","content-id":"","orig-channel":"","campaign-name":"","campaignMostRecentName":"","campaignMostRecentSource":"","campaignMostRecentMedium":"","campaignMostRecentContent":"","campaignMostRecentTerm":"","campaignMostRecentContentID":"","campaignMostRecentSubSource":"","Persistent_utm_medium":"","Persistent_utm_source":"","Persistent_utm_term":"","Persistent_utm_campaign":"","Persistent_Sub_Source":"","Persistent_Content_ID":"","Persistent_Campaign_ID":"","Persistent_utm_content":"","Session_utm_medium":"","Session_utm_source":"","Session_utm_term":"","Session_utm_campaign":"","Session_Sub_Source":"","Session_Content_ID":"","Session_Campaign_ID":"701RN00000RbnVLYAZ","Session_utm_content":"","inquiry":"Gen Enq","fullURL":"https://www-dev.broadridge.com/campaign/all-in-the-family-active-etf","page_id":"","page_campaign_id":"","ecid":"","elqCampaignId":"","Formmodel":"flyout","Pagetype":"","g-recaptcha-response":"0cAFcWeA7Mn4d7U1c0ODH8ft_CuGHt33rT9fDbkerjafgj2ZmDW0vHm5XTN_fIsvD94mUWmQGwa6ATeZzdPFRsR41kxHG2IgPcOYEqWDAXi0ofdghs9gz8HdchWwKmX6Uv9GQVCbLUaGOZTt6Dd6mBewk0VDzDJO_RnGFl0NKzYvSeJwYTghqM9nCtsNZO6c4r0pXsqiqPlUougo_yJx2w2kc1IJ6zFw1k5uZPjVg7CVcp0tm67QrZEyhkf4Ulrq32qd04QgRPmjjeTQg-2Q0k0UdDBKHhZldg8ywOomp3nWQCzA97DuvAXJw530wZhsPwOHC7rnq3ImgAspIax2WGH9jgP_KjH6AtAw7oOJAG0YIEZqX08m__RFrdHtRycFVsXKpM2qAHc_hTCNjEOVECjwCw8ph-fTD3rdwywiPlVB1Bhy44239i-J1DpX5-eGbFTAMuZPv0aPSz6QBWPkxLqvm14gqxFx2jtW2AgHSkguExWJxKiu_v3rhrmE0YpBVdyce-65gku1kS4qbcQgxYAu_mwGU543Eu-JFn50jBfR39p0QTh55ZoB2Byv6PVFlPamyiFczMjOPzpCs8eSelsqE9D7JJOGGGmAoDxDX36q_WafB2QNfwaDii04bbS32eDk6iwzwhOcjUKBSJAlqlLSd1INepLXYQzYCaHdeCymhfM55Pr4uDPhbH-YZBk26fTEhoHaUjI34oql8lwyM3aWIRqlQBTNuKGYddU19LDrKsAXlAo8oAKtVtiHeX5K6kIUX_csUgCklVHDFkzzaUe4mtGb4oPkQLTtzHzsAHFjirXkjBYv6Tw-0TjJupCeuVC6zsf0gdgx4i-4I0fsH-eFFFZSCZlLsHUBM5dBhmiM6sEWEF27lSvbklNAABMPzAStNLnyi4D6_EjQwCswUvULHQEzLsHs09gDKP5C1lrl0OFB2o8tLbjV2g3lNlV-1b0JSchDI0Pq161BTuP-pECCt_CqPxOVHyI__B2mBSZX7xjt0AxoCb0_WyofsN4KcRQpBDIzuTMqZCGn_8ujZqQzu0pAF41IkY0M8hMm6ZXrR7VmApUmron8u5RIuCvVGjWdXm04q7W9QmleT3zhGA-LuR89Jf_djVEocq4bz1KoImX1Y-WIkSEJCaLoCdLscJqc3QYxtTy_rhYb-e1iGD4WFNKB3_CzUOqMV7p9b94la6zxioW3M4X3UeliXmVXQmijx7RKh9mqRjs7CCCvz42b_jpA_a6i7gs-qHPOahVLjbEbL1IE6CbCcvpFQXqdtiO6Aq7sk6vgygM2k3Y3JQ0rTpeR69UZsyfmXmmNxqku_dShJTPMr0a1p1lcYzqaPgJkYNVlip0PlzTgZDAny_v97d-m26ZVD6OTS38XxJ9vC2SLmo7zbNRXoqUPW7RiFgjBVKIsSkTxNmHXLIjaUVKAnf2eny9clIZ6CehXEIqYLbutOzVWaw-MZ3VQ0C9Ou2NJXl9rrkcmVUbyp4lA-k6xH0gk8x2-xQTVY12Y6Oz-__FJEHcIMbbdnMO3702nlEOgCw2ltlTKwBJfAhvfLfrAc8Dl09aoMj7r9iOZJ8R5aTuCjjOwWQwCIST8-ZBGcoeuvK_iH7-YtS"}
formSubmissionId = BRWN8V7J5-1759177978724
fullURL = https://www-dev.broadridge.com/campaign/all-in-the-family-active-etf
formSubmissionId = BRWN8V7J5-1759177978724
fullURL = https://www-dev.broadridge.com/campaign/all-in-the-family-active-etf
emailTimeStamp = automated_TESTTEST_2025-09-29_23_33_06@broadridge.com
form message = 
formpayload for validation = {"formSubmissionId":"BRYG526MX-1759177993254","elqFormName":"","elqSiteID":"","datalayerheader":"","contact":"","formgtm":"","elqCustomerGUID":"","elqCookieWrite":"","segment":"","name_first":"First_TESTTEST","name_last":"Last_TESTTEST","email_work":"automated_TESTTEST_2025-09-29_23_33_06@broadridge.com","Company":"Company_TESTTEST","toggle-additional-fields":"","phone_business":"999-999-9999","job_title":"Job_TESTTEST","country":"United States","comment":"This is an automated test submission.  Please ignore.","id":"","so":"","di":"","ct":"","ep":"","ot":"","mt":"","yr":"","rg":"","on":"","sub-source":"","campaignMostRecentID":"","content-id":"","orig-channel":"","campaign-name":"","campaignMostRecentName":"","campaignMostRecentSource":"","campaignMostRecentMedium":"","campaignMostRecentContent":"","campaignMostRecentTerm":"","campaignMostRecentContentID":"","campaignMostRecentSubSource":"","Persistent_utm_medium":"","Persistent_utm_source":"","Persistent_utm_term":"","Persistent_utm_campaign":"","Persistent_Sub_Source":"","Persistent_Content_ID":"","Persistent_Campaign_ID":"","Persistent_utm_content":"","Session_utm_medium":"","Session_utm_source":"","Session_utm_term":"","Session_utm_campaign":"","Session_Sub_Source":"","Session_Content_ID":"","Session_Campaign_ID":"701RN00000RbnVLYAZ","Session_utm_content":"","inquiry":"Content Download","fullURL":"https://www-dev.broadridge.com/campaign/all-in-the-family-active-etf","page_id":"","page_campaign_id":"","ecid":"","elqCampaignId":"","Formmodel":"gated","Pagetype":""}
formSubmissionId = BRYG526MX-1759177993254
fullURL = https://www-dev.broadridge.com/campaign/all-in-the-family-active-etf
formSubmissionId = BRYG526MX-1759177993254
fullURL = https://www-dev.broadridge.com/campaign/all-in-the-family-active-etf
]]></system-out>
  </testcase>
  <testcase name="FormTester[https://broadridgedigital:broadridge1@www-dev.broadridge.com/who-we-serve/asset-management, https://www-dev.broadridge.com/who-we-serve/asset-management](6)" classname="com.broadridge.Tests" time="47.9">
    <system-out><![CDATA[page URL = https://broadridgedigital:broadridge1@www-dev.broadridge.com/who-we-serve/asset-management
current URL = https://broadridgedigital:broadridge1@www-dev.broadridge.com/who-we-serve/asset-management
header ContactUs button found = true
v1 ContactUs form not found
v2 ContactUs form found = true
v2 download form not found
emailTimeStamp = automated_TESTTEST_2025-09-29_23_33_43@broadridge.com
................Header Contact Us Form Filled...................
form message = Something went wrong with our form submission. Please try again.
formpayload for validation = {"formSubmissionId":"BRZQNP8SI-1759178029150","elqFormName":"","elqSiteID":"","datalayerheader":"","contact":"","formgtm":"","elqCustomerGUID":"","elqCookieWrite":"","segment":"","name_first":"First_TESTTEST","name_last":"Last_TESTTEST","email_work":"automated_TESTTEST_2025-09-29_23_33_43@broadridge.com","phone_business":"999-999-9999","job_title":"Job_TESTTEST","Company":"Company_TESTTEST","country":"United States","comment":"This is an automated test submission.  Please ignore.","id":"","so":"","di":"","ct":"","ep":"","ot":"","mt":"","yr":"","rg":"","on":"","sub-source":"","campaignMostRecentID":"","content-id":"","orig-channel":"","campaign-name":"","campaignMostRecentName":"","campaignMostRecentSource":"","campaignMostRecentMedium":"","campaignMostRecentContent":"","campaignMostRecentTerm":"","campaignMostRecentContentID":"","campaignMostRecentSubSource":"","Persistent_utm_medium":"","Persistent_utm_source":"","Persistent_utm_term":"","Persistent_utm_campaign":"","Persistent_Sub_Source":"","Persistent_Content_ID":"","Persistent_Campaign_ID":"","Persistent_utm_content":"","Session_utm_medium":"","Session_utm_source":"","Session_utm_term":"","Session_utm_campaign":"","Session_Sub_Source":"","Session_Content_ID":"","Session_Campaign_ID":"701RN00000RbnVLYAZ","Session_utm_content":"","inquiry":"Gen Enq","fullURL":"https://www-dev.broadridge.com/who-we-serve/asset-management","page_id":"","page_campaign_id":"","ecid":"","elqCampaignId":"","Formmodel":"flyout","Pagetype":"","g-recaptcha-response":"0cAFcWeA4-AM3vHU1wN4vXEoQymzK1ngeTcRmkQ9FJX4Xl-45l587b8bBVc_j2el0XiYlpMoFzmmIylDwpMei6JhbPJ4DVIXDwwL6aeXIeFLDmGU_4gezlrEMU-sXI0H5bpCFII0P6hR24DJN3CwiTs0ruEiVLtA8AinL_iAGwbrGA0iumqSsdDfpmba39TP95ihbQSKe_4DyiUBErsmB_MHUVVoZ_xCt_Py0tatN10PAGgXlnx--vbJuim_bGmxY6RK6hQZW34fu52rEjmjxs3pPytvEBAH6QvM1jFXq1X8AfX8olHZR06tCq7TGybXVSo3V9SFjqYlob2eLCCdUQ938yBaYR9jJ-m7W1JHdRAMFVjaM5JWgqsyiPsaVfJ7IWeBTA6FoBRh3ueg58atJj6MSXOprlbK6xHES9AHAILIlCtuU8n6SS6KslIffyyFkDWhVsv3ldQYJjMUHUlBXnj5UHJJcg32tR2WPVxym5ax6tAF735fQBkjGWPuUIhVZ-KgViqWN1oihe6jnXCtS0_DnLEe3Oy5mAfgIIGOB83wEXqIgPSdkEiQqpCUsgI80B5PFXjlWR-ZEdTEULddniKWlfhOkjbGKcfLIfHjNu3-ebNp1Z9NJ94f_rIJ7s857HT2kR8cyspTWy8VgHVBD9HvePLr9NmH9Wwp0Z3ccaaFbj2pIyN7vwMdNI2pCvt7gfPChv92Z9GCxD4rIum4aIJvwdaK2tzXO8B67v7GbERxxjeFNZIE0Oqu7TidBcUgS4s73bUQyLFMBfoRWjpX8CFTkGXCFTn7N8uMKJbCvNJ2lhRdRZ1-5GLesY4E1NBIr1POyIP4pyzK3XznL1oQJFf02zJhzTxOz5XjcdgqdSir2xQi_fXy4qRthMFtNazbX4xQIkuz23W71-sejEhMvOxaW55bT-MaQhXUEIZWCcUW-72icrWiFX8CxCRAg-nRt7KAsxFtaMzQgurhhxoJ8sH1fgf2gXNFcP3jvRgHJOshLxHMV88SbDgJ-2nRNgKgRO59sZ5fi2EDoGIaJGlvzP6298AsOJcbRQZohIDzpBAkJrH6qRYWTsfa8AZ2j1X-a_XgqJgMudr6xfEXXKeAzUrjLmZGAL_NnPmMARtRSkRwxIhLdsk_dwhrbM-GSGZY3FZ8fEEwdLix-9RqoEAnKl-XO3bSDnwpLfXJFD6V1B1IJjKEuXaqSuwbM7nQfWk3QK7xI_R87OPtLOwAO5tdZdNR4uymAqYQ9ynrgxbvbNy-SNS19IbfFMaMxCWN8x1CbdYr6s4NWSudIcWAP5SfP3MfQ5ZBWVCBZ1oNbhRdnmmheaxwYTljB_9__zagQpEusI65TWiRDqPgBlbuYsCN_nUlNK4S40KSB1jixtBARc-gTNpsZFRLjvXkEQWyoB28zsjxdPEX0-rkVe9yuA5PDXkQ6FGhB2ZlxfdZdrnmuAsIiWgZH6luAnXaCiZerwAZbtnrQsXEdZfYpJwbxvfhW_85_HKllJFTuqEE1HnWOh7EmQROUenOTh-r2bF1MiNRGFzBv458fugMJ0Un9XEtpBkIDVWRUFR0x6jpZuUEKgLvGhvtsjckqH6adkRg06s5FmTeIyALYgBb4h"}
formSubmissionId = BRZQNP8SI-1759178029150
fullURL = https://www-dev.broadridge.com/who-we-serve/asset-management
formSubmissionId = BRZQNP8SI-1759178029150
fullURL = https://www-dev.broadridge.com/who-we-serve/asset-management
emailTimeStamp = automated_TESTTEST_2025-09-29_23_33_56@broadridge.com
................V2 Contact Us Form Filled...................
form message = 
formpayload for validation = {"formSubmissionId":"BRCG7NF96-1759178041339","elqFormName":"","elqSiteID":"","datalayerheader":"","contact":"","formgtm":"","elqCustomerGUID":"","elqCookieWrite":"","segment":"","name_first":"First_TESTTEST","name_last":"Last_TESTTEST","email_work":"automated_TESTTEST_2025-09-29_23_33_56@broadridge.com","phone_business":"999-999-9999","job_title":"Job_TESTTEST","Company":"Company_TESTTEST","country":"United States","comment":"This is an automated test submission.  Please ignore.","id":"","so":"","di":"","ct":"","ep":"","ot":"","mt":"","yr":"","rg":"","on":"","sub-source":"","campaignMostRecentID":"","content-id":"","orig-channel":"","campaign-name":"","campaignMostRecentName":"","campaignMostRecentSource":"","campaignMostRecentMedium":"","campaignMostRecentContent":"","campaignMostRecentTerm":"","campaignMostRecentContentID":"","campaignMostRecentSubSource":"","Persistent_utm_medium":"","Persistent_utm_source":"","Persistent_utm_term":"","Persistent_utm_campaign":"","Persistent_Sub_Source":"","Persistent_Content_ID":"","Persistent_Campaign_ID":"","Persistent_utm_content":"","Session_utm_medium":"","Session_utm_source":"","Session_utm_term":"","Session_utm_campaign":"","Session_Sub_Source":"","Session_Content_ID":"","Session_Campaign_ID":"701RN00000RbnVLYAZ","Session_utm_content":"","inquiry":"Gen Enq","fullURL":"https://www-dev.broadridge.com/who-we-serve/asset-management","page_id":"","page_campaign_id":"","ecid":"","elqCampaignId":"","Formmodel":"ungated","Pagetype":"","g-recaptcha-response":"0cAFcWeA7Jk2nKryeZCGxZQf3zdh7qI3H80s-Hf9he9xPtds0GleIwxSKhQCrav98DpjP1D_e8UWqpTVZdfGJWjgni6m8E-Qv832z4A73s6MTH6bwAtC0RhXxvpQ-rkEz69rw8SGg5TOFjrPOkdkUxkWUUxNtpL8ZTfPzi0e7CEg12hUVdLJwQVIGQGwjRWXK9c6tqIYI1won3o1n7rYk9Qi7FP5re3sdeuULwR9MebvUW_S-cmxZuvs8qGwo991IXFMTGu39dHv4ONoN5ZuCL9y4273r-XA3BcXCziKR44dIulkIGvy_WA1IdcBHa2sS4VsEA5JTb6uLeRNw7yIwSZROnlllo7NGx9DfqCw0o-Yqhi-GdWlLzSpfVUBD7L-YCikPa6eocRgTg9dAjLEsSfEFf0OF_Osxxp2FGshB1AiKkgbNfNAPClABW6l16js49zaoVPupsJ_wudBFBUkVZYkHa5TUOgOC9EtBEctd28e_fvwS71lTyFhY3QqAUBXtVCkD-kFTtR8N4wS4se-0XiIJ6IuruDkKbsydBSFz8knTnxa2bdiNZBBbqx5YpAV2KUEkvosxIqj4ZukkMkI9psxVyLh6BEcLqCZb1Yio8Yi1RNo0pU3Ghor67TwHitq0TMBnbyE8J8j0oi3Qsb-AbinIxHOBbXfYJG575O4EQqklST5lhjKc1qBaxawrOIYjYr1cDlYAaeIT-mEPuR81VQP-iz3seYlOh1qku4xn2apMbtnUSDCMyzMHWwxota_qVGPXo-mUlavGw2zGBQTuwHxyzeHOQMtT0nyhwIrQD6-GlP5eZvxFn86RKC75ZOcSlsKd7ClyOy6QXFznPeAIVj3qr-RRK7-XF-ze7RblnujcWRrlnJCIMmlwanxw4eOED6qgo3CjkMpoFxYMLDPjCP1CBNk3eyaNVBqNIPIS3xrdM607Bb9ZBj8S_4wXoXCevwNIpx0OWFkXGTl-vSXpiOB7x2blq67iYGd6N-CkivLqdXALjuOkoBLg_xS9YscDWu7sd9uipB9d1f45Gkbo5_mmZVz7zvGVc8KwLBVTKK54V2k_K_3eEfgd43HI6vE8foA3VqTek2RtvnD8-S-YEaKWIpKdmfTm_4ZjaBqYVLP7FB-DS3YDtahMte_UHkgYpXAW_VI4qkTWlDgS9q_hYVQaFodtTtrmg_7FjHPrugju59yndrveHZYyQufNNEDWI5rCktDBqBrrucRj80h_g9I_XGS7PpJzo4Xo8xnOQGTC-BHtk06zg48lLFzgtLnQ8SHPlv8ttZ90yb0J6LcnCEQdmVyaUgCWhuo4m2pP2656ZMhWEeZLTzaD1hCjLDD-N6yzdbD_iRae2sNGwfhrnVffOA_CHeWmtAEpgy9kHuBreGBLWmCaNdyUQ6WgNgztUMTTrSzzAtG09YQ7EAXaC_pjBsW-Elmcxa7GMBIvadbC71ZJZIemLa3CtZIstJiC1IiYdJQUuCXs4DUrLUAkoTtELYu7h_284oNLKpCqGxiFeuJpyAxzI9DMLu3rCbrXWd72mssCgX8-LDboKZijkmq0KVScnwdL9RIavlIrltq1CSzmLfYLidF4"}
formSubmissionId = BRCG7NF96-1759178041339
fullURL = https://www-dev.broadridge.com/who-we-serve/asset-management
formSubmissionId = BRCG7NF96-1759178041339
fullURL = https://www-dev.broadridge.com/who-we-serve/asset-management
]]></system-out>
  </testcase>
  <testcase name="FormTester[https://broadridgedigital:broadridge1@www-dev.broadridge.com/who-we-serve/wealth-management, https://www-dev.broadridge.com/who-we-serve/wealth-management](7)" classname="com.broadridge.Tests" time="47.824">
    <system-out><![CDATA[page URL = https://broadridgedigital:broadridge1@www-dev.broadridge.com/who-we-serve/wealth-management
current URL = https://broadridgedigital:broadridge1@www-dev.broadridge.com/who-we-serve/wealth-management
header ContactUs button found = true
v1 ContactUs form not found
v2 ContactUs form found = true
v2 download form not found
emailTimeStamp = automated_TESTTEST_2025-09-29_23_34_31@broadridge.com
................Header Contact Us Form Filled...................
form message = Something went wrong with our form submission. Please try again.
formpayload for validation = {"formSubmissionId":"BR67RZS95-1759178077008","elqFormName":"","elqSiteID":"","datalayerheader":"","contact":"","formgtm":"","elqCustomerGUID":"","elqCookieWrite":"","segment":"","name_first":"First_TESTTEST","name_last":"Last_TESTTEST","email_work":"automated_TESTTEST_2025-09-29_23_34_31@broadridge.com","phone_business":"999-999-9999","job_title":"Job_TESTTEST","Company":"Company_TESTTEST","country":"United States","comment":"This is an automated test submission.  Please ignore.","id":"","so":"","di":"","ct":"","ep":"","ot":"","mt":"","yr":"","rg":"","on":"","sub-source":"","campaignMostRecentID":"","content-id":"","orig-channel":"","campaign-name":"","campaignMostRecentName":"","campaignMostRecentSource":"","campaignMostRecentMedium":"","campaignMostRecentContent":"","campaignMostRecentTerm":"","campaignMostRecentContentID":"","campaignMostRecentSubSource":"","Persistent_utm_medium":"","Persistent_utm_source":"","Persistent_utm_term":"","Persistent_utm_campaign":"","Persistent_Sub_Source":"","Persistent_Content_ID":"","Persistent_Campaign_ID":"","Persistent_utm_content":"","Session_utm_medium":"","Session_utm_source":"","Session_utm_term":"","Session_utm_campaign":"","Session_Sub_Source":"","Session_Content_ID":"","Session_Campaign_ID":"701RN00000RbnVLYAZ","Session_utm_content":"","inquiry":"Gen Enq","fullURL":"https://www-dev.broadridge.com/who-we-serve/wealth-management","page_id":"","page_campaign_id":"","ecid":"","elqCampaignId":"","Formmodel":"flyout","Pagetype":"","g-recaptcha-response":"0cAFcWeA6uMwEiWHyqIpIEmodreys7XCUvoWoEHeAX9PoSINtPDGe5_rOKewC3WyrHTfhczBRpgptaq2S6ZOVMGFTK4asLDjr5FQo8PoZxjqoKB3zYRH2NTF0Sq1Zw6ZaKP3xW7SzZyQ5aRVwC0oP8xzwyXab6WUj81UZErnBR3C2Wp-CEWwTGjxcV41X2I6uL8QTuDSUOkqPRNirMXPN1nMQoKSuk_z9jIXX3oqkdbOXjlKNLVTjpHEEOB8385mktPzpuaixsFCYIbfJ1IghaYa8Ou7prLXPkbwI9PLygrqQ4VONpwzFUQ5UURwryLVZ1CPjr6oQvQ0EMYca8LsUJNsIJhgTWQmqnn90xM-X1vocuSzP8jjSUOL2hwUyORBk_xMLJBFKDSHry9a_XDD8InuOH8qb6eZqwgsNCzrfV_0HajDtIG0b-jNpcgJUkqrC7gO6e8J3-5EdrjPvUaEGUO_jYZxoC26jD6aNsUYAVsE7STbtZLT9xfbHbK7BrdNcsig6CaQLabN7AVsQGvVA-lHae41QNGuO0RNBnXM2K-w9Bwn9tRx1zJ209bZ_BSM6jKgbCjt7eY4XO2ul9mu67wCYwKbYcJ2Aj_yuQHu80YTUidFq5AYRzzaqfqAWQQ-T39D3fbkMOcvfJvyh2cwYsmxD0MY6bj0AhgJoUOUQlfzFhBFju8V6_hOs6u6enGFPzSH8Y02UEnyoswwqgfq2KzYXfIOI1xDlTpYTgW-gHUxM8lyXZ9Qgsm1U93yquRFq8x1uG1ORnAV5a91MFqx5QMgPYQPzh_R2xdPzZBP9DVnIeIR7-ttgZPomjzXmkP2h6RTbpNaqlILBMEo4Y78QUHQZ81SdWgU3P1oHvgufw9yulotcl1443ifBkSKNz0_Fb7m0fTYAI02dj2-kO6uLYA2aBwea4s76B06Te9iPi8BJ-Zd3Kab7hha7OHuxwiq5osXuFZUcc5Kx6HfqA7_AxLwG7f7B75fdDujpb6kHvPdh1TjUR19W8Fg1nXIlqR3R7divz_pZII0NHkGOQ4sMyiWXZ1epGEU3-UvAztYo5JRgCpFcLMOGn8YOshOxUR1k1qNav6P4ccg7ID-rP-Hh87rhziZ0-uZX6x55YyXCge_HGBIiZ-DfPgV_JDJrIootQH0jNfCXaya8pjzWjhLooK5yJQnxZs3LG9In-ckEe4EI_FKOhlZ0YZ9XFNmDhXBAM5DUmUSigSm05lp4OXuZ0dX6omaObNjxIUVhd8_cEuWblx1tp-IjLtJ81TGPNXuFdVOb629qx_GdbqCTrXrc5MDFrn0dPQEAs0YLLbtEaa4kKGtmFFDb_oBpVWYXytTQyTvZcpLzOfSDdxhn4Rb-C0AraTcB7hiSdAL3NDwmG20FjvmoEgM4node8Twb5rOTwpjZ1OHt5TB8eQAhAb5aiKX8qdAgcdnSLlnDb6s6VQPl7j_Exm_0V2FxW4Tv6L22yRIq8yNQMkAKU4BO8CnZAi-Rdlr0KGk800E7Bd8y6a_4Cm7kxnX_kBE1T2qBGbEF-OQ2hu9jNdPD2MBq3W9Oit9JtjE-BoBoTqA"}
formSubmissionId = BR67RZS95-1759178077008
fullURL = https://www-dev.broadridge.com/who-we-serve/wealth-management
formSubmissionId = BR67RZS95-1759178077008
fullURL = https://www-dev.broadridge.com/who-we-serve/wealth-management
emailTimeStamp = automated_TESTTEST_2025-09-29_23_34_44@broadridge.com
................V2 Contact Us Form Filled...................
form message = 
formpayload for validation = {"formSubmissionId":"BREYO86CJ-1759178089184","elqFormName":"","elqSiteID":"","datalayerheader":"","contact":"","formgtm":"","elqCustomerGUID":"","elqCookieWrite":"","segment":"","name_first":"First_TESTTEST","name_last":"Last_TESTTEST","email_work":"automated_TESTTEST_2025-09-29_23_34_44@broadridge.com","phone_business":"999-999-9999","job_title":"Job_TESTTEST","Company":"Company_TESTTEST","country":"United States","comment":"This is an automated test submission.  Please ignore.","id":"","so":"","di":"","ct":"","ep":"","ot":"","mt":"","yr":"","rg":"","on":"","sub-source":"","campaignMostRecentID":"","content-id":"","orig-channel":"","campaign-name":"","campaignMostRecentName":"","campaignMostRecentSource":"","campaignMostRecentMedium":"","campaignMostRecentContent":"","campaignMostRecentTerm":"","campaignMostRecentContentID":"","campaignMostRecentSubSource":"","Persistent_utm_medium":"","Persistent_utm_source":"","Persistent_utm_term":"","Persistent_utm_campaign":"","Persistent_Sub_Source":"","Persistent_Content_ID":"","Persistent_Campaign_ID":"","Persistent_utm_content":"","Session_utm_medium":"","Session_utm_source":"","Session_utm_term":"","Session_utm_campaign":"","Session_Sub_Source":"","Session_Content_ID":"","Session_Campaign_ID":"701RN00000RbnVLYAZ","Session_utm_content":"","inquiry":"Gen Enq","fullURL":"https://www-dev.broadridge.com/who-we-serve/wealth-management","page_id":"","page_campaign_id":"","ecid":"","elqCampaignId":"","Formmodel":"ungated","Pagetype":"","g-recaptcha-response":"0cAFcWeA7SrDUw_R-7d7tE3iicz3hBsSc5xtXE-M_3WgeHvEcRt5aVgaHn78q1nIaiZWhfTeJ1WpFMozlATo0CYDDHLvlkvBEgf_jr9lSAepKku7I33LZFuL_lnLgyZyMkOs0AG-00sKqoOqZrn3VWg83B57rNP77ti7ewUCTsTLJHfmsBECsG_vWSOdc4DFrvKqF9QTt8V5b_R0APYysf4MrXjt8CB-8ZS3SJm8Cl-XARDBrCEp7SgDuhgo16b3y_IBB6eERwyZ0a-jTEzI3HQyVanabmlaGYPnLPYYeNo6NdA_Q0RMGZyaynJSlOIL4-96Rcc-UNwq78h4XQYOETygMIBnIUIs4qhvxYk5VjH-r-JP7mNv_CwRKu2Csa4WKNbLyi7lRQeL1nHWi1U3X2x9IC8carGuh9mB8XXQHpA0rLmMtx6oisBROhAcm4Xj9u-h0JkWc7W7b6XCrPsk-A8OMUr2Bp3Acp_g-48qZ8GhW5pNDo5I1u_B6hQe_8aGFet050muivgHjnlkOOdsJcQy0OjNomApBvHl1xfp_tTw7DMHJN3SAfYoZ3qEDJHmZUvA9PJ-cZI0C_CICczJ8d1wsnN14roHjAgSnEkXgPJRRWVaSFRO5hYy4LS_iujbBVuB4AveXUHgJ-ZpuC4VvIl7TqmI-bNoAunCmgl_HN1Pa6c2vV76bPK_nD31vYGWsRXfbuxdnC2Bd__lwYwfvL0idScjTjqkiSzghm28IuGYM22ryzXZNUzShcLHeLHD7oeES5-8ReQzVN-B9ZBQbfJ2OKVDo3WdQt1lU-W42RyOgqsp-4174k9krq5XLC9dsd_7O0uiH0OQYlooABwTQcRLKX2Vrms_E8aJDr6euj8CkMt01QwGJsx4zpkoJUmXRWl-7FQY_TJoawLNq0QWWNzsXfCY_qC5OEjmn6R9I7oXDiYMeUDm0Y9RmZPHvNLrxWq7Q-olFm5UtzgP_fCKgDypcn2S4aXbgbKmOkd7hZnqlaCdWGy76kq6zWvDBFJkDN8ZiSCkjoM6EBcgLRku6MYUbHGrMZV4Sf7kQLvJU23w1gptm7Hfqg7wMBtB58GtnlVl7NmCVTO31wWBXqwCqyf8xIryEEnF2y0sEnI_zC1X17Xr7-0N_0nK85OwqNRIXBQXLzQn1TJGotR0Oy73r8B4CUsveZZ60PNOOsx_RW2vcUWFjz3pw7Y6phopXSxSBH6DBHkf_JlgatZ-B_z9C0Q0qUBOBvRloCT0UFQ6jBBqFtR-CeU0tc0_Jx6DsoLoDBvs60cz8_yjuCYAHYwnMHIeIZ0u48olNWiEG4w3SfK85kp4W7W1po1sNapIbISkOcoJH9oYUUsSiINpdY6u-rf-arqfkgvrFXot5J_tie5oJHuLrQxXxIEKSMT4oEwsinw-2pulmDhY8n_X7DSZFCD4m_tjE76P_YU5Bfez8vF0oetk3Z2yH1mKfgR8fmQmyBPrDkQbmkOH_ytLd4FlhiCO70hgNjy0TKh6lS6UMqNVUPRJlwHXp5yXTobXjTHk4aRAbZ66wnUddN0PZkAOy-XYh9Nhb0gMVOBFnF2GeRlPTnyHQPkpgG1cg"}
formSubmissionId = BREYO86CJ-1759178089184
fullURL = https://www-dev.broadridge.com/who-we-serve/wealth-management
formSubmissionId = BREYO86CJ-1759178089184
fullURL = https://www-dev.broadridge.com/who-we-serve/wealth-management
]]></system-out>
  </testcase>
  <testcase name="FormTester[https://broadridgedigital:broadridge1@www-dev.broadridge.com/who-we-serve/consumer-industries, https://www-dev.broadridge.com/who-we-serve/consumer-industries](8)" classname="com.broadridge.Tests" time="48.886">
    <system-out><![CDATA[page URL = https://broadridgedigital:broadridge1@www-dev.broadridge.com/who-we-serve/consumer-industries
current URL = https://broadridgedigital:broadridge1@www-dev.broadridge.com/who-we-serve/consumer-industries
header ContactUs button found = true
v1 ContactUs form not found
v2 ContactUs form found = true
v2 download form not found
emailTimeStamp = automated_TESTTEST_2025-09-29_23_35_19@broadridge.com
................Header Contact Us Form Filled...................
form message = Something went wrong with our form submission. Please try again.
formpayload for validation = {"formSubmissionId":"BRKBAVF77-1759178125018","elqFormName":"","elqSiteID":"","datalayerheader":"","contact":"","formgtm":"","elqCustomerGUID":"","elqCookieWrite":"","segment":"","name_first":"First_TESTTEST","name_last":"Last_TESTTEST","email_work":"automated_TESTTEST_2025-09-29_23_35_19@broadridge.com","phone_business":"999-999-9999","job_title":"Job_TESTTEST","Company":"Company_TESTTEST","country":"United States","comment":"This is an automated test submission.  Please ignore.","id":"","so":"","di":"","ct":"","ep":"","ot":"","mt":"","yr":"","rg":"","on":"","sub-source":"","campaignMostRecentID":"","content-id":"","orig-channel":"","campaign-name":"","campaignMostRecentName":"","campaignMostRecentSource":"","campaignMostRecentMedium":"","campaignMostRecentContent":"","campaignMostRecentTerm":"","campaignMostRecentContentID":"","campaignMostRecentSubSource":"","Persistent_utm_medium":"","Persistent_utm_source":"","Persistent_utm_term":"","Persistent_utm_campaign":"","Persistent_Sub_Source":"","Persistent_Content_ID":"","Persistent_Campaign_ID":"","Persistent_utm_content":"","Session_utm_medium":"","Session_utm_source":"","Session_utm_term":"","Session_utm_campaign":"","Session_Sub_Source":"","Session_Content_ID":"","Session_Campaign_ID":"701RN00000RbnVLYAZ","Session_utm_content":"","inquiry":"Gen Enq","fullURL":"https://www-dev.broadridge.com/who-we-serve/consumer-industries","page_id":"","page_campaign_id":"","ecid":"","elqCampaignId":"","Formmodel":"flyout","Pagetype":"","g-recaptcha-response":"0cAFcWeA5JBLoxtcJ3BT0r6G8rctXhJSGyAKyeTPfNpdzrZoU5sI-4P178iMMQvRZVP_VMhRju4hzMmGm0DlJExb5pk8UleTw4oFJmuVCOOZjzczbwntuYbSTgvtmGwoEG4atazD16a7dOqw9ybDq8JL0j0OuFYoiK6Eqym6Xijv9SykfwvwAchnnIh4Sa_Zibl0-IbkeLCF9Qdnp60d8Vj9LPPkv5npg9EUfABYDkWLmRYxSY_5oj7nEjaUq5LnEPzxjWLkfmwTkhFj1lr3tccczB-wATGYt2sFti4ZisenA7NPqRd40y6KNjoEhCtlVVUSDo2aD291GbK-TgbD-0H0PCCIfbdE7WFBk9wxPcaaUQDUglCiQ9X1XTPXHTH3doLGla9QavwkVVzUqRMK8loW08-jzsURlMV39sh2px3dvq0pEFXFgc1ssr77OXRXiIlFK54PWCbItMbMXjhPMgWKVptOa10wkJQ3ue_Umk7nRZAdv2QNP_Ck6NNKxPUddc-hJLy3CZn4i6NYlr1ct34-gcWKFiWfwLC9-El2Gz_xSRLntGXeTPTBE_aBoEBeY-FRGfRvGUWRcKRed8Tq_gPjDoeKjScW0MMwvEGzh0OqEOlw2URigtmk6HwlMm_OPj4kyg3uyug_SBZ6txsPgZfRfHBjyqH-8b1PQIlFqz5sB2LaVCusaCK_zChQdHjfb_W2twyRbJsQg9H-VQsyRtu6tnZ-oAHYonsk7AgnF-S6oxv_Y-M6jujW7JoGabmzdQNOK4fuCDWuHy4GpavF0nX6ki74ikM4_auDMs_Qe6nE_U9rwPqMeZFkIWHWFe2MNZNGL1NKGFnZ3hsgVsUPh3ESkSeTHRvNSyqLgUXNB44ZlxDTGWh2CqFqoY6HELMfdSgDGWWIPUoAtsjdLVVAXBiDI7LFsvCj5AUxvYowK3v2_wRRW8Zk8t6IKfMHlUnAwEdjBz3c4j9Gyo2l1CHpSWLBQPazo_TS_COGZdm4x8xWvacTraov_hmoOndEc21ymoTERkNipU8Zjk_nMKPMZE3xrq454PFtryiCgVhq1lKI8xCYwcBCKol4u_FoboOYj3ZQtL-9cFBTDMkhszHTCTaztDV0JGXMnIXprqnQVQ6iuKYWWcDyUIqhtyPEd37ivRctefH3RJ4vum9GJ18K-idg4odbPq9yw497BS5MA-fjbpSQH83y-UhVJfMN8HOU9sNJbgXBBGO188NCxSofjOMJgqZ96T8qmV4yEpXrAoJfuZcdgh-9p2pT5SkRHisHScmdqYGE8kPI8651MrNEyioC-JJfmDwfRCh6UbhAjXubgKg_E0va_eoQJw3_VBeO3yXoM2OXiBuQBP7Gy6AKYFR6YsUIdIIq2uArSRBkgAB_wpXLOB08gQSIJWcByRycg28hYDfVXf8yspVFN4YDpkhCrmOPreKcsvQT9F7YCIM7KinOE-tM53czuo6uLUL4sHKv2UIFUyYNvxcwI8lTcT-nlcyDkjeKOqgbcE5uPVd7VItOCANcyGLHCWA-bGVMqcV_y2raoCZDI582wvuwe3lOy0LFwg1_Fe5M6gqOLmzTT5Sklk8te6rfk"}
formSubmissionId = BRKBAVF77-1759178125018
fullURL = https://www-dev.broadridge.com/who-we-serve/consumer-industries
formSubmissionId = BRKBAVF77-1759178125018
fullURL = https://www-dev.broadridge.com/who-we-serve/consumer-industries
emailTimeStamp = automated_TESTTEST_2025-09-29_23_35_32@broadridge.com
................V2 Contact Us Form Filled...................
form message = 
formpayload for validation = {"formSubmissionId":"BRTDUKNGE-1759178138055","elqFormName":"","elqSiteID":"","datalayerheader":"","contact":"","formgtm":"","elqCustomerGUID":"","elqCookieWrite":"","segment":"","name_first":"First_TESTTEST","name_last":"Last_TESTTEST","email_work":"automated_TESTTEST_2025-09-29_23_35_32@broadridge.com","phone_business":"999-999-9999","job_title":"Job_TESTTEST","Company":"Company_TESTTEST","country":"United States","comment":"This is an automated test submission.  Please ignore.","id":"","so":"","di":"","ct":"","ep":"","ot":"","mt":"","yr":"","rg":"","on":"","sub-source":"","campaignMostRecentID":"","content-id":"","orig-channel":"","campaign-name":"","campaignMostRecentName":"","campaignMostRecentSource":"","campaignMostRecentMedium":"","campaignMostRecentContent":"","campaignMostRecentTerm":"","campaignMostRecentContentID":"","campaignMostRecentSubSource":"","Persistent_utm_medium":"","Persistent_utm_source":"","Persistent_utm_term":"","Persistent_utm_campaign":"","Persistent_Sub_Source":"","Persistent_Content_ID":"","Persistent_Campaign_ID":"","Persistent_utm_content":"","Session_utm_medium":"","Session_utm_source":"","Session_utm_term":"","Session_utm_campaign":"","Session_Sub_Source":"","Session_Content_ID":"","Session_Campaign_ID":"701RN00000RbnVLYAZ","Session_utm_content":"","inquiry":"Gen Enq","fullURL":"https://www-dev.broadridge.com/who-we-serve/consumer-industries","page_id":"","page_campaign_id":"","ecid":"","elqCampaignId":"","Formmodel":"ungated","Pagetype":"","g-recaptcha-response":"0cAFcWeA67IjaG0qxafOlBnTIw9woEAmmaQt_KPMkDqjoHUHgxeb4twi_I6vkywhhu1dyAQtHanNfEGrVw1jpmfTgX795t9m6lxMpKzAOAWHBIUTUWnpUtxB4vhwplNi1iU_kdnuLA7hSp64e0HiW0XNKuh5nfKKH1iLMJxwIfZ0wGhEJoyb9jvvpm9UfZ7VhYG-l8iLNpYpA2GT8ejaKi2CwMEAyU-P3wws78Af99nF-sjdxLwwa72WzFb5_ODnYF3bmOQ4HIstnU6CkIcds6EKLcE89p4zDbQwxHssz7RbnSI8nK1N4oYm2GOp2BcYxKthP3i63egTzmVcwG_XrEZT3ejjbMly73w3xsEO0bnbX1wIcRBF52nZ1zsxKdIrmvkAwdizv1yrVWmEZmAimBZ80cCmeX2dKQF8AI8keLaoO6RPc3biC_XLrC71QMtUHWLWOxezMWqVIlnt1GURSd3VKDlikJYKF3FjUJyH0M7ZXzsVm44udGcLKnl5n88vboQ3aVSdq4T_4BcBRJA0cDNztVwBsJR4J5vE0hPl9tvFbtSjljBW3tJRe4M-Oe0oDJTmz4iI8QSwG5wI4jww_hPN3sHokKsxsM6TTTW6-LwDuylCKXWGMhnUsCy74s1pr7BGKAFjiu9F34lOasZ7Y4H0MkR-2MFu3VG6D3At_Jz40489vxphr78O7cICwlZBOG9BNE6Hxjm1wqS17v_uWIfh6uaufbcNmZEIVm0rNYdVxFud1sqa_pTSWNlmvPduGsYmFMkBp6afKjMWlhW-S8nAkcMYI-iQ1j7geHAhJxEWrOEJ2KpTT6NfvaTo3lGCMZuEfRaIOP8JVxtPHBctIjDjTpq2UavwmRZxRTj42XprXKyCMmfYWHZkRDQ9IMJYpTDVCNXxVcBKEiMNAg-0jnxbjWmm5nfr7i03SxAdqKYAudf5QGTWlz2Nlhmj-Aqqd_f7_68WdxBbFVPbzjM2LPcr2U9spjCGs5nEcd5G_Kid3QGxQbRbqe4tXqCHiDhy6xxXYPX-Jz1R_OX7cuNjR599KYyNraOPEJT5IcM-FXughYLfoEWa8nWBncDDrWTUDd_vu45yhT1udEdSJc29wclqlTfBnkuj5r8UeC3dQ0zRaSNVcFcYERmxrLETkAAwFqqFU8IAa0J9XiRr88yAjR6O87dpZHIvqpGkAM05jsLsNpA_PzbaS85nQvw3H1fMCosH6GTQXwd7quoTxp1FTXvHOSiFfXKBk6R1IPI0-61UgLGpJK760YldLNA4MLYAiuaHZt6pSnY6MRbF-Y-qYWnYEdOiSHuoCkt3P2lywIfWgykqcPimdIahvr1EpLkV6onj0IBoX5QCCBr33kGLMzliNAsDkUeNj_Zz1ZnDHeH-batzcQirnFTnUbs70-oqtdWdy1TmwijJhHFvKP8O4LMpVY1qPj2khunJeTnQRGyhSnyCvTnx7eAnQXvPkOCuQf2iWSewlSyfDlzszv7kuNf3r2W1mNXNRAQ2WEWYWOnbavVu-Ivlt2zriIkVqFct_GCZJJRg1UHtuAX1SP8jq02NfyIJ4iji4I-Tt-lmKiwxKDwfoLKYjTmIY"}
formSubmissionId = BRTDUKNGE-1759178138055
fullURL = https://www-dev.broadridge.com/who-we-serve/consumer-industries
formSubmissionId = BRTDUKNGE-1759178138055
fullURL = https://www-dev.broadridge.com/who-we-serve/consumer-industries
]]></system-out>
  </testcase>
  <testcase name="FormTester[https://broadridgedigital:broadridge1@www.broadridge.com/insight-pages/broadridge-insights, https://www.broadridge.com/insight-pages/broadridge-insights](9)" classname="com.broadridge.Tests" time="55.939">
    <system-out><![CDATA[page URL = https://broadridgedigital:broadridge1@www.broadridge.com/insight-pages/broadridge-insights
current URL = https://broadridgedigital:broadridge1@www.broadridge.com/insight-pages/broadridge-insights
header ContactUs button found = true
v1 ContactUs form not found
v2 ContactUs form found = true
v2 download form not found
emailTimeStamp = automated_TESTTEST_2025-09-29_23_36_12@broadridge.com
................Header Contact Us Form Filled...................
form message = Something went wrong with our form submission. Please try again.
formpayload for validation = {"formSubmissionId":"BRTDUKNGE-1759178138055","elqFormName":"","elqSiteID":"","datalayerheader":"","contact":"","formgtm":"","elqCustomerGUID":"","elqCookieWrite":"","segment":"","name_first":"First_TESTTEST","name_last":"Last_TESTTEST","email_work":"automated_TESTTEST_2025-09-29_23_35_32@broadridge.com","phone_business":"999-999-9999","job_title":"Job_TESTTEST","Company":"Company_TESTTEST","country":"United States","comment":"This is an automated test submission.  Please ignore.","id":"","so":"","di":"","ct":"","ep":"","ot":"","mt":"","yr":"","rg":"","on":"","sub-source":"","campaignMostRecentID":"","content-id":"","orig-channel":"","campaign-name":"","campaignMostRecentName":"","campaignMostRecentSource":"","campaignMostRecentMedium":"","campaignMostRecentContent":"","campaignMostRecentTerm":"","campaignMostRecentContentID":"","campaignMostRecentSubSource":"","Persistent_utm_medium":"","Persistent_utm_source":"","Persistent_utm_term":"","Persistent_utm_campaign":"","Persistent_Sub_Source":"","Persistent_Content_ID":"","Persistent_Campaign_ID":"","Persistent_utm_content":"","Session_utm_medium":"","Session_utm_source":"","Session_utm_term":"","Session_utm_campaign":"","Session_Sub_Source":"","Session_Content_ID":"","Session_Campaign_ID":"701RN00000RbnVLYAZ","Session_utm_content":"","inquiry":"Gen Enq","fullURL":"https://www-dev.broadridge.com/who-we-serve/consumer-industries","page_id":"","page_campaign_id":"","ecid":"","elqCampaignId":"","Formmodel":"ungated","Pagetype":"","g-recaptcha-response":"0cAFcWeA67IjaG0qxafOlBnTIw9woEAmmaQt_KPMkDqjoHUHgxeb4twi_I6vkywhhu1dyAQtHanNfEGrVw1jpmfTgX795t9m6lxMpKzAOAWHBIUTUWnpUtxB4vhwplNi1iU_kdnuLA7hSp64e0HiW0XNKuh5nfKKH1iLMJxwIfZ0wGhEJoyb9jvvpm9UfZ7VhYG-l8iLNpYpA2GT8ejaKi2CwMEAyU-P3wws78Af99nF-sjdxLwwa72WzFb5_ODnYF3bmOQ4HIstnU6CkIcds6EKLcE89p4zDbQwxHssz7RbnSI8nK1N4oYm2GOp2BcYxKthP3i63egTzmVcwG_XrEZT3ejjbMly73w3xsEO0bnbX1wIcRBF52nZ1zsxKdIrmvkAwdizv1yrVWmEZmAimBZ80cCmeX2dKQF8AI8keLaoO6RPc3biC_XLrC71QMtUHWLWOxezMWqVIlnt1GURSd3VKDlikJYKF3FjUJyH0M7ZXzsVm44udGcLKnl5n88vboQ3aVSdq4T_4BcBRJA0cDNztVwBsJR4J5vE0hPl9tvFbtSjljBW3tJRe4M-Oe0oDJTmz4iI8QSwG5wI4jww_hPN3sHokKsxsM6TTTW6-LwDuylCKXWGMhnUsCy74s1pr7BGKAFjiu9F34lOasZ7Y4H0MkR-2MFu3VG6D3At_Jz40489vxphr78O7cICwlZBOG9BNE6Hxjm1wqS17v_uWIfh6uaufbcNmZEIVm0rNYdVxFud1sqa_pTSWNlmvPduGsYmFMkBp6afKjMWlhW-S8nAkcMYI-iQ1j7geHAhJxEWrOEJ2KpTT6NfvaTo3lGCMZuEfRaIOP8JVxtPHBctIjDjTpq2UavwmRZxRTj42XprXKyCMmfYWHZkRDQ9IMJYpTDVCNXxVcBKEiMNAg-0jnxbjWmm5nfr7i03SxAdqKYAudf5QGTWlz2Nlhmj-Aqqd_f7_68WdxBbFVPbzjM2LPcr2U9spjCGs5nEcd5G_Kid3QGxQbRbqe4tXqCHiDhy6xxXYPX-Jz1R_OX7cuNjR599KYyNraOPEJT5IcM-FXughYLfoEWa8nWBncDDrWTUDd_vu45yhT1udEdSJc29wclqlTfBnkuj5r8UeC3dQ0zRaSNVcFcYERmxrLETkAAwFqqFU8IAa0J9XiRr88yAjR6O87dpZHIvqpGkAM05jsLsNpA_PzbaS85nQvw3H1fMCosH6GTQXwd7quoTxp1FTXvHOSiFfXKBk6R1IPI0-61UgLGpJK760YldLNA4MLYAiuaHZt6pSnY6MRbF-Y-qYWnYEdOiSHuoCkt3P2lywIfWgykqcPimdIahvr1EpLkV6onj0IBoX5QCCBr33kGLMzliNAsDkUeNj_Zz1ZnDHeH-batzcQirnFTnUbs70-oqtdWdy1TmwijJhHFvKP8O4LMpVY1qPj2khunJeTnQRGyhSnyCvTnx7eAnQXvPkOCuQf2iWSewlSyfDlzszv7kuNf3r2W1mNXNRAQ2WEWYWOnbavVu-Ivlt2zriIkVqFct_GCZJJRg1UHtuAX1SP8jq02NfyIJ4iji4I-Tt-lmKiwxKDwfoLKYjTmIY"}
formSubmissionId = BRTDUKNGE-1759178138055
fullURL = https://www-dev.broadridge.com/who-we-serve/consumer-industries
formSubmissionId = BRTDUKNGE-1759178138055
fullURL = https://www-dev.broadridge.com/who-we-serve/consumer-industries
emailTimeStamp = automated_TESTTEST_2025-09-29_23_36_27@broadridge.com
................V2 Contact Us Form Filled...................
form message = 
formpayload for validation = {"formSubmissionId":"BRTDUKNGE-1759178138055","elqFormName":"","elqSiteID":"","datalayerheader":"","contact":"","formgtm":"","elqCustomerGUID":"","elqCookieWrite":"","segment":"","name_first":"First_TESTTEST","name_last":"Last_TESTTEST","email_work":"automated_TESTTEST_2025-09-29_23_35_32@broadridge.com","phone_business":"999-999-9999","job_title":"Job_TESTTEST","Company":"Company_TESTTEST","country":"United States","comment":"This is an automated test submission.  Please ignore.","id":"","so":"","di":"","ct":"","ep":"","ot":"","mt":"","yr":"","rg":"","on":"","sub-source":"","campaignMostRecentID":"","content-id":"","orig-channel":"","campaign-name":"","campaignMostRecentName":"","campaignMostRecentSource":"","campaignMostRecentMedium":"","campaignMostRecentContent":"","campaignMostRecentTerm":"","campaignMostRecentContentID":"","campaignMostRecentSubSource":"","Persistent_utm_medium":"","Persistent_utm_source":"","Persistent_utm_term":"","Persistent_utm_campaign":"","Persistent_Sub_Source":"","Persistent_Content_ID":"","Persistent_Campaign_ID":"","Persistent_utm_content":"","Session_utm_medium":"","Session_utm_source":"","Session_utm_term":"","Session_utm_campaign":"","Session_Sub_Source":"","Session_Content_ID":"","Session_Campaign_ID":"701RN00000RbnVLYAZ","Session_utm_content":"","inquiry":"Gen Enq","fullURL":"https://www-dev.broadridge.com/who-we-serve/consumer-industries","page_id":"","page_campaign_id":"","ecid":"","elqCampaignId":"","Formmodel":"ungated","Pagetype":"","g-recaptcha-response":"0cAFcWeA67IjaG0qxafOlBnTIw9woEAmmaQt_KPMkDqjoHUHgxeb4twi_I6vkywhhu1dyAQtHanNfEGrVw1jpmfTgX795t9m6lxMpKzAOAWHBIUTUWnpUtxB4vhwplNi1iU_kdnuLA7hSp64e0HiW0XNKuh5nfKKH1iLMJxwIfZ0wGhEJoyb9jvvpm9UfZ7VhYG-l8iLNpYpA2GT8ejaKi2CwMEAyU-P3wws78Af99nF-sjdxLwwa72WzFb5_ODnYF3bmOQ4HIstnU6CkIcds6EKLcE89p4zDbQwxHssz7RbnSI8nK1N4oYm2GOp2BcYxKthP3i63egTzmVcwG_XrEZT3ejjbMly73w3xsEO0bnbX1wIcRBF52nZ1zsxKdIrmvkAwdizv1yrVWmEZmAimBZ80cCmeX2dKQF8AI8keLaoO6RPc3biC_XLrC71QMtUHWLWOxezMWqVIlnt1GURSd3VKDlikJYKF3FjUJyH0M7ZXzsVm44udGcLKnl5n88vboQ3aVSdq4T_4BcBRJA0cDNztVwBsJR4J5vE0hPl9tvFbtSjljBW3tJRe4M-Oe0oDJTmz4iI8QSwG5wI4jww_hPN3sHokKsxsM6TTTW6-LwDuylCKXWGMhnUsCy74s1pr7BGKAFjiu9F34lOasZ7Y4H0MkR-2MFu3VG6D3At_Jz40489vxphr78O7cICwlZBOG9BNE6Hxjm1wqS17v_uWIfh6uaufbcNmZEIVm0rNYdVxFud1sqa_pTSWNlmvPduGsYmFMkBp6afKjMWlhW-S8nAkcMYI-iQ1j7geHAhJxEWrOEJ2KpTT6NfvaTo3lGCMZuEfRaIOP8JVxtPHBctIjDjTpq2UavwmRZxRTj42XprXKyCMmfYWHZkRDQ9IMJYpTDVCNXxVcBKEiMNAg-0jnxbjWmm5nfr7i03SxAdqKYAudf5QGTWlz2Nlhmj-Aqqd_f7_68WdxBbFVPbzjM2LPcr2U9spjCGs5nEcd5G_Kid3QGxQbRbqe4tXqCHiDhy6xxXYPX-Jz1R_OX7cuNjR599KYyNraOPEJT5IcM-FXughYLfoEWa8nWBncDDrWTUDd_vu45yhT1udEdSJc29wclqlTfBnkuj5r8UeC3dQ0zRaSNVcFcYERmxrLETkAAwFqqFU8IAa0J9XiRr88yAjR6O87dpZHIvqpGkAM05jsLsNpA_PzbaS85nQvw3H1fMCosH6GTQXwd7quoTxp1FTXvHOSiFfXKBk6R1IPI0-61UgLGpJK760YldLNA4MLYAiuaHZt6pSnY6MRbF-Y-qYWnYEdOiSHuoCkt3P2lywIfWgykqcPimdIahvr1EpLkV6onj0IBoX5QCCBr33kGLMzliNAsDkUeNj_Zz1ZnDHeH-batzcQirnFTnUbs70-oqtdWdy1TmwijJhHFvKP8O4LMpVY1qPj2khunJeTnQRGyhSnyCvTnx7eAnQXvPkOCuQf2iWSewlSyfDlzszv7kuNf3r2W1mNXNRAQ2WEWYWOnbavVu-Ivlt2zriIkVqFct_GCZJJRg1UHtuAX1SP8jq02NfyIJ4iji4I-Tt-lmKiwxKDwfoLKYjTmIY"}
formSubmissionId = BRTDUKNGE-1759178138055
fullURL = https://www-dev.broadridge.com/who-we-serve/consumer-industries
formSubmissionId = BRTDUKNGE-1759178138055
fullURL = https://www-dev.broadridge.com/who-we-serve/consumer-industries
]]></system-out>
  </testcase>
  <testcase name="FormTester[https://broadridgedigital:broadridge1@www-dev.broadridge.com/financial-services/asset-management/retirement-services/fiduciary-software-and-technology/fiduciary-focus-toolkit, https://www-dev.broadridge.com/financial-services/asset-management/retirement-services/fiduciary-software-and-technology/fiduciary-focus-toolkit](10)" classname="com.broadridge.Tests" time="45.266">
    <system-out><![CDATA[page URL = https://broadridgedigital:broadridge1@www-dev.broadridge.com/financial-services/asset-management/retirement-services/fiduciary-software-and-technology/fiduciary-focus-toolkit
current URL = https://broadridgedigital:broadridge1@www-dev.broadridge.com/financial-services/asset-management/retirement-services/fiduciary-software-and-technology/fiduciary-focus-toolkit
Header ContactUs button not found
v1 ContactUs form not found
v2 ContactUs form not found
v2 download form not found
--------!!! NO FORM IS FOUND ON THE PAGE !!!--------
]]></system-out>
  </testcase>
</testsuite>