<?xml version="1.0" encoding="UTF-8"?>
<testng-results ignored="0" total="10" passed="10" failed="0" skipped="0">
  <reporter-output>
  </reporter-output>
  <suite started-at="2025-09-29T23:29:34 TRT" name="Surefire suite" finished-at="2025-09-29T23:37:22 TRT" duration-ms="468739">
    <groups>
    </groups>
    <test started-at="2025-09-29T23:29:34 TRT" name="Surefire test" finished-at="2025-09-29T23:37:22 TRT" duration-ms="468739">
      <class name="com.broadridge.Tests">
        <test-method is-config="true" signature="setUp()[pri:0, instance:com.broadridge.Tests@1ddf84b8]" started-at="2025-09-29T23:29:34 TRT" name="setUp" finished-at="2025-09-29T23:29:34 TRT" duration-ms="21" status="PASS">
          <reporter-output>
          </reporter-output>
        </test-method> <!-- setUp -->
        <test-method signature="FormTester(java.lang.String,java.lang.String)[pri:1, instance:com.broadridge.Tests@1ddf84b8]" started-at="2025-09-29T23:29:34 TRT" name="FormTester" data-provider="broadridgePages" finished-at="2025-09-29T23:30:20 TRT" duration-ms="46307" status="PASS">
          <params>
            <param index="0">
              <value>
                <![CDATA[https://broadridgedigital:broadridge1@www-dev.broadridge.com/2024-digital-transformation-study]]>
              </value>
            </param>
            <param index="1">
              <value>
                <![CDATA[https://www-dev.broadridge.com/2024-digital-transformation-study]]>
              </value>
            </param>
          </params>
          <reporter-output>
          </reporter-output>
        </test-method> <!-- FormTester -->
        <test-method signature="FormTester(java.lang.String,java.lang.String)[pri:1, instance:com.broadridge.Tests@1ddf84b8]" started-at="2025-09-29T23:30:20 TRT" name="FormTester" data-provider="broadridgePages" finished-at="2025-09-29T23:30:59 TRT" duration-ms="38499" status="PASS">
          <params>
            <param index="0">
              <value>
                <![CDATA[https://broadridgedigital:broadridge1@www-dev.broadridge.com/insight-pages/bpo-case-study]]>
              </value>
            </param>
            <param index="1">
              <value>
                <![CDATA[https://www-dev.broadridge.com/insight-pages/bpo-case-study]]>
              </value>
            </param>
          </params>
          <reporter-output>
          </reporter-output>
        </test-method> <!-- FormTester -->
        <test-method signature="FormTester(java.lang.String,java.lang.String)[pri:1, instance:com.broadridge.Tests@1ddf84b8]" started-at="2025-09-29T23:30:59 TRT" name="FormTester" data-provider="broadridgePages" finished-at="2025-09-29T23:31:34 TRT" duration-ms="35835" status="PASS">
          <params>
            <param index="0">
              <value>
                <![CDATA[https://broadridgedigital:broadridge1@www-dev.broadridge.com/article/asset-management/summary-of-latest-guidance-from-the-fca-on-consumer-duty-implementation]]>
              </value>
            </param>
            <param index="1">
              <value>
                <![CDATA[https://www-dev.broadridge.com/article/asset-management/summary-of-latest-guidance-from-the-fca-on-consumer-duty-implementation]]>
              </value>
            </param>
          </params>
          <reporter-output>
          </reporter-output>
        </test-method> <!-- FormTester -->
        <test-method signature="FormTester(java.lang.String,java.lang.String)[pri:1, instance:com.broadridge.Tests@1ddf84b8]" started-at="2025-09-29T23:31:34 TRT" name="FormTester" data-provider="broadridgePages" finished-at="2025-09-29T23:32:26 TRT" duration-ms="51281" status="PASS">
          <params>
            <param index="0">
              <value>
                <![CDATA[https://broadridgedigital:broadridge1@www-dev.broadridge.com/insight-pages/governance-regulatory-change]]>
              </value>
            </param>
            <param index="1">
              <value>
                <![CDATA[https://www-dev.broadridge.com/insight-pages/governance-regulatory-change]]>
              </value>
            </param>
          </params>
          <reporter-output>
          </reporter-output>
        </test-method> <!-- FormTester -->
        <test-method signature="FormTester(java.lang.String,java.lang.String)[pri:1, instance:com.broadridge.Tests@1ddf84b8]" started-at="2025-09-29T23:32:26 TRT" name="FormTester" data-provider="broadridgePages" finished-at="2025-09-29T23:33:16 TRT" duration-ms="50068" status="PASS">
          <params>
            <param index="0">
              <value>
                <![CDATA[https://broadridgedigital:broadridge1@www-dev.broadridge.com/campaign/all-in-the-family-active-etf]]>
              </value>
            </param>
            <param index="1">
              <value>
                <![CDATA[https://www-dev.broadridge.com/campaign/all-in-the-family-active-etf]]>
              </value>
            </param>
          </params>
          <reporter-output>
          </reporter-output>
        </test-method> <!-- FormTester -->
        <test-method signature="FormTester(java.lang.String,java.lang.String)[pri:1, instance:com.broadridge.Tests@1ddf84b8]" started-at="2025-09-29T23:33:16 TRT" name="FormTester" data-provider="broadridgePages" finished-at="2025-09-29T23:34:04 TRT" duration-ms="47901" status="PASS">
          <params>
            <param index="0">
              <value>
                <![CDATA[https://broadridgedigital:broadridge1@www-dev.broadridge.com/who-we-serve/asset-management]]>
              </value>
            </param>
            <param index="1">
              <value>
                <![CDATA[https://www-dev.broadridge.com/who-we-serve/asset-management]]>
              </value>
            </param>
          </params>
          <reporter-output>
          </reporter-output>
        </test-method> <!-- FormTester -->
        <test-method signature="FormTester(java.lang.String,java.lang.String)[pri:1, instance:com.broadridge.Tests@1ddf84b8]" started-at="2025-09-29T23:34:04 TRT" name="FormTester" data-provider="broadridgePages" finished-at="2025-09-29T23:34:52 TRT" duration-ms="47826" status="PASS">
          <params>
            <param index="0">
              <value>
                <![CDATA[https://broadridgedigital:broadridge1@www-dev.broadridge.com/who-we-serve/wealth-management]]>
              </value>
            </param>
            <param index="1">
              <value>
                <![CDATA[https://www-dev.broadridge.com/who-we-serve/wealth-management]]>
              </value>
            </param>
          </params>
          <reporter-output>
          </reporter-output>
        </test-method> <!-- FormTester -->
        <test-method signature="FormTester(java.lang.String,java.lang.String)[pri:1, instance:com.broadridge.Tests@1ddf84b8]" started-at="2025-09-29T23:34:52 TRT" name="FormTester" data-provider="broadridgePages" finished-at="2025-09-29T23:35:40 TRT" duration-ms="48887" status="PASS">
          <params>
            <param index="0">
              <value>
                <![CDATA[https://broadridgedigital:broadridge1@www-dev.broadridge.com/who-we-serve/consumer-industries]]>
              </value>
            </param>
            <param index="1">
              <value>
                <![CDATA[https://www-dev.broadridge.com/who-we-serve/consumer-industries]]>
              </value>
            </param>
          </params>
          <reporter-output>
          </reporter-output>
        </test-method> <!-- FormTester -->
        <test-method signature="FormTester(java.lang.String,java.lang.String)[pri:1, instance:com.broadridge.Tests@1ddf84b8]" started-at="2025-09-29T23:35:40 TRT" name="FormTester" data-provider="broadridgePages" finished-at="2025-09-29T23:36:36 TRT" duration-ms="55940" status="PASS">
          <params>
            <param index="0">
              <value>
                <![CDATA[https://broadridgedigital:broadridge1@www.broadridge.com/insight-pages/broadridge-insights]]>
              </value>
            </param>
            <param index="1">
              <value>
                <![CDATA[https://www.broadridge.com/insight-pages/broadridge-insights]]>
              </value>
            </param>
          </params>
          <reporter-output>
          </reporter-output>
        </test-method> <!-- FormTester -->
        <test-method signature="FormTester(java.lang.String,java.lang.String)[pri:1, instance:com.broadridge.Tests@1ddf84b8]" started-at="2025-09-29T23:36:36 TRT" name="FormTester" data-provider="broadridgePages" finished-at="2025-09-29T23:37:22 TRT" duration-ms="45270" status="PASS">
          <params>
            <param index="0">
              <value>
                <![CDATA[https://broadridgedigital:broadridge1@www-dev.broadridge.com/financial-services/asset-management/retirement-services/fiduciary-software-and-technology/fiduciary-focus-toolkit]]>
              </value>
            </param>
            <param index="1">
              <value>
                <![CDATA[https://www-dev.broadridge.com/financial-services/asset-management/retirement-services/fiduciary-software-and-technology/fiduciary-focus-toolkit]]>
              </value>
            </param>
          </params>
          <reporter-output>
          </reporter-output>
        </test-method> <!-- FormTester -->
        <test-method is-config="true" signature="tearDown()[pri:0, instance:com.broadridge.Tests@1ddf84b8]" started-at="2025-09-29T23:37:22 TRT" name="tearDown" finished-at="2025-09-29T23:37:22 TRT" duration-ms="844" status="PASS">
          <reporter-output>
          </reporter-output>
        </test-method> <!-- tearDown -->
      </class> <!-- com.broadridge.Tests -->
    </test> <!-- Surefire test -->
  </suite> <!-- Surefire suite -->
</testng-results>
